
🔔京东汽车, 开始!
您的cookie选择的是用&隔开


====================共有2个京东账号Cookie=========

==================脚本执行- 北京时间(UTC+8)：2/4/2021, 9:21:18 AM=====================


******开始【京东账号1】迷糊虫啊*********

兑换结果：{"status":true,"data":{"result":2,"reason":"今日京豆已兑换完毕<br/>明天早点来哟~"}}
签到成功，获得5，已签到6天
去做任务：参加京东汽车赛事
任务领取成功
任务完成成功
当前赛点：725/500，可以兑换京豆，请打开APP兑换

==============📣系统通知📣==============
京东汽车
【京东账号1】迷糊虫啊
签到成功，获得5，已签到6天
当前赛点：725/500，可以兑换京豆，请打开APP兑换


******开始【京东账号2】孤傲的小小瞒*********

兑换结果：{"status":true,"data":{"result":2,"reason":"今日京豆已兑换完毕<br/>明天早点来哟~"}}
签到成功，获得5，已签到2天
去做任务：参加京东汽车赛事
任务领取成功
任务完成成功
当前赛点：695/500，可以兑换京豆，请打开APP兑换

==============📣系统通知📣==============
京东汽车
【京东账号2】孤傲的小小瞒
签到成功，获得5，已签到2天
当前赛点：695/500，可以兑换京豆，请打开APP兑换


🔔京东汽车, 结束! 🕛 8.527 秒

