
🔔京东神仙书院, 开始!
您的cookie选择的是用&隔开


====================共有2个京东账号Cookie=========

==================脚本执行- 北京时间(UTC+8)：2/3/2021, 6:30:02 AM=====================

开始获取京东神仙书院配置文件

共2个京东账号

开始自动获取经纬度 lat lng ……
您提供的地理位置信息为{"lng":"116.397128","lat":"39.916527"}
您提供了2个账号的京东神仙书院助力码


******开始【京东账号1】迷糊虫啊*********

开始
第1个京东账号将要助力的好友["23xIs4YwE5Z7HdgnUcxRT-XlSoXoJLmBE","56xIs4YwE5Z7G8-z3rXfTNliqVYXz9M6JRXG-yH8Vx4dLQzrizP4dLTPyH1_nW4EszjVqzvYCF7YE6CoNmvdjLBMjQ_","43xIs4YwE5Z7DsWOzDSP_d8Rjea5vaaX61gfhVs6SfEGnwcZB9wEJX2m2nHKOaC6Zjyw"]
当前用户金币35
去做签到任务，1/1
任务完成成功，获得20金币
去做浏览品牌店铺任务，1/20
任务请求成功，等待16秒
任务已完成，获得20金币
去做浏览品牌店铺任务，2/20
任务请求成功，等待16秒
"Timeout awaiting 'request' for 10000ms"
京东神仙书院 API请求失败，请检查网路重试
任务已完成，获得20金币
去做浏览品牌店铺任务，3/20
任务请求成功，等待16秒
任务已完成，获得20金币
去做浏览品牌店铺任务，4/20
任务请求成功，等待16秒
任务已完成，获得20金币
去做浏览品牌店铺任务，5/20
任务请求成功，等待16秒
任务已完成，获得20金币
去做浏览品牌店铺任务，6/20
任务请求成功，等待16秒
任务已完成，获得20金币
去做浏览品牌店铺任务，7/20
任务请求成功，等待16秒
任务已完成，获得20金币
去做浏览品牌店铺任务，8/20
任务请求成功，等待16秒
任务已完成，获得20金币
去做浏览品牌店铺任务，9/20
任务请求成功，等待16秒
任务已完成，获得20金币
去做浏览品牌店铺任务，10/20
任务请求成功，等待16秒
任务已完成，获得20金币
去做浏览品牌店铺任务，11/20
任务请求成功，等待16秒
任务已完成，获得20金币
去做浏览品牌店铺任务，12/20
任务请求成功，等待16秒
任务已完成，获得20金币
去做浏览品牌店铺任务，13/20
任务请求成功，等待16秒
任务已完成，获得20金币
去做浏览品牌店铺任务，14/20
任务请求成功，等待16秒
任务已完成，获得20金币
去做浏览品牌店铺任务，15/20
任务请求成功，等待16秒
任务已完成，获得20金币
去做浏览品牌店铺任务，16/20
任务请求成功，等待16秒
任务已完成，获得20金币
去做浏览品牌店铺任务，17/20
任务请求成功，等待16秒
任务已完成，获得20金币
去做浏览品牌店铺任务，18/20
任务请求成功，等待16秒
任务已完成，获得20金币
去做浏览品牌店铺任务，19/20
任务请求成功，等待16秒
任务已完成，获得20金币
去做浏览品牌店铺任务，20/20
任务请求成功，等待16秒
任务已完成，获得20金币
去做逛今日特惠任务，1/10
任务请求成功，等待16秒
任务已完成，获得15金币
去做逛今日特惠任务，2/10
任务请求成功，等待16秒
任务已完成，获得15金币
去做逛今日特惠任务，3/10
任务请求成功，等待16秒
任务已完成，获得15金币
去做逛今日特惠任务，4/10
任务请求成功，等待16秒
任务已完成，获得15金币
去做逛今日特惠任务，5/10
任务请求成功，等待16秒
任务已完成，获得15金币
去做逛今日特惠任务，6/10
任务请求成功，等待16秒
任务已完成，获得15金币
去做逛今日特惠任务，7/10
任务请求成功，等待16秒
任务已完成，获得15金币
去做逛今日特惠任务，8/10
任务请求成功，等待16秒
任务已完成，获得15金币
去做逛今日特惠任务，9/10
任务请求成功，等待16秒
任务已完成，获得15金币
去做逛今日特惠任务，10/10
任务请求成功，等待16秒
任务已完成，获得15金币
去做随机逛年味好货任务，1/5
任务完成成功，获得5金币
去做随机逛年味好货任务，2/5
任务完成成功，获得5金币
去做随机逛年味好货任务，3/5
任务完成成功，获得5金币
去做随机逛年味好货任务，4/5
任务完成成功，获得5金币
去做随机逛年味好货任务，5/5
任务完成成功，获得5金币
去做逛超值好货任务，1/1
任务请求成功，等待16秒
任务已完成，获得10金币
去做逛身边好店任务，1/3
任务完成成功，获得5金币
去做逛身边好店任务，2/3
任务完成成功，获得5金币
去做逛身边好店任务，3/3
任务完成成功，获得5金币
去做搜索“年货”好物任务，1/1
任务完成成功，获得5金币
您的好友助力码为30xIs4YwE5Z7HhZvlyW-rO815-7ZTcZqAKsMRxUVWjTnL
任务已完成
任务已完成
任务已完成
京东账号1迷糊虫啊
本次运行获得625金币，当前660金币

******开始【京东账号2】孤傲的小小瞒*********

开始
第2个京东账号将要助力的好友["34xIs4YwE5Z7HhWvhuV0OSNsWxu4l5KyQo6VAKcMVw0BbhzvPXXg","43xIs4YwE5Z7DsWOzDSPOBTEaue3ty6EyxKwJhHK0IpkCccZB9wBAAi2jzGjO7Zk0NBQ","46xIs4YwE5Z7G9J6kzXVQUmik-F9Rd23gLTdzlTswGj7g5F1Q_VaEE-_9VqfmrrK7GkGwYKFc"]
当前用户金币35
去做签到任务，1/1
任务完成成功，获得20金币
去做浏览品牌店铺任务，1/20
任务请求成功，等待16秒
任务已完成，获得20金币
去做浏览品牌店铺任务，2/20
任务请求成功，等待16秒
"Timeout awaiting 'request' for 10000ms"
京东神仙书院 API请求失败，请检查网路重试
任务已完成，获得20金币
去做浏览品牌店铺任务，3/20
任务请求成功，等待16秒
任务已完成，获得20金币
去做浏览品牌店铺任务，4/20
任务请求成功，等待16秒
任务已完成，获得20金币
去做浏览品牌店铺任务，5/20
任务请求成功，等待16秒
任务已完成，获得20金币
去做浏览品牌店铺任务，6/20
任务请求成功，等待16秒
任务已完成，获得20金币
去做浏览品牌店铺任务，7/20
任务请求成功，等待16秒
任务已完成，获得20金币
去做浏览品牌店铺任务，8/20
任务请求成功，等待16秒
任务已完成，获得20金币
去做浏览品牌店铺任务，9/20
任务请求成功，等待16秒
任务已完成，获得20金币
去做浏览品牌店铺任务，10/20
任务请求成功，等待16秒
任务已完成，获得20金币
去做浏览品牌店铺任务，11/20
任务请求成功，等待16秒
任务已完成，获得20金币
去做浏览品牌店铺任务，12/20
任务请求成功，等待16秒
任务已完成，获得20金币
去做浏览品牌店铺任务，13/20
任务请求成功，等待16秒
任务已完成，获得20金币
去做浏览品牌店铺任务，14/20
任务请求成功，等待16秒
任务已完成，获得20金币
去做浏览品牌店铺任务，15/20
任务请求成功，等待16秒
任务已完成，获得20金币
去做浏览品牌店铺任务，16/20
任务请求成功，等待16秒
任务已完成，获得20金币
去做浏览品牌店铺任务，17/20
任务请求成功，等待16秒
任务已完成，获得20金币
去做浏览品牌店铺任务，18/20
任务请求成功，等待16秒
任务已完成，获得20金币
去做浏览品牌店铺任务，19/20
任务请求成功，等待16秒
任务已完成，获得20金币
去做浏览品牌店铺任务，20/20
任务请求成功，等待16秒
任务已完成，获得20金币
去做逛今日特惠任务，1/10
任务请求成功，等待16秒
任务已完成，获得15金币
去做逛今日特惠任务，2/10
任务请求成功，等待16秒
任务已完成，获得15金币
去做逛今日特惠任务，3/10
任务请求成功，等待16秒
任务已完成，获得15金币
去做逛今日特惠任务，4/10
任务请求成功，等待16秒
任务已完成，获得15金币
去做逛今日特惠任务，5/10
任务请求成功，等待16秒
任务已完成，获得15金币
去做逛今日特惠任务，6/10
任务请求成功，等待16秒
任务已完成，获得15金币
去做逛今日特惠任务，7/10
任务请求成功，等待16秒
任务已完成，获得15金币
去做逛今日特惠任务，8/10
任务请求成功，等待16秒
任务已完成，获得15金币
去做逛今日特惠任务，9/10
任务请求成功，等待16秒
任务已完成，获得15金币
去做逛今日特惠任务，10/10
任务请求成功，等待16秒
任务已完成，获得15金币
去做随机逛年味好货任务，1/5
任务完成成功，获得5金币
去做随机逛年味好货任务，2/5
任务完成成功，获得5金币
去做随机逛年味好货任务，3/5
任务完成成功，获得5金币
去做随机逛年味好货任务，4/5
任务完成成功，获得5金币
去做随机逛年味好货任务，5/5
任务完成成功，获得5金币
去做逛超值好货任务，1/1
任务请求成功，等待16秒
任务已完成，获得10金币
去做逛身边好店任务，1/3
任务完成成功，获得5金币
去做逛身边好店任务，2/3
任务完成成功，获得5金币
去做逛身边好店任务，3/3
任务完成成功，获得5金币
去做搜索“年货”好物任务，1/1
任务完成成功，获得5金币
您的好友助力码为35xIs4YwE5Z7G9G32fWfB1yj48nUorZ7fZhjAw_UGnHvnqWrflyotS
任务已完成
任务已完成
任务已完成
京东账号2孤傲的小小瞒
本次运行获得625金币，当前660金币

🔔京东神仙书院, 结束! 🕛 1179.633 秒

