
🔔京东神仙书院, 开始!
您的cookie选择的是用&隔开


====================共有2个京东账号Cookie=========

==================脚本执行- 北京时间(UTC+8)：2/7/2021, 6:30:02 AM=====================

开始获取京东神仙书院配置文件

共2个京东账号

开始自动获取经纬度 lat lng ……
您提供的地理位置信息为{"lng":"116.397128","lat":"39.916527"}
您提供了2个账号的京东神仙书院助力码


******开始【京东账号1】迷糊虫啊*********

开始
第1个京东账号将要助力的好友["23xIs4YwE5Z7HdgnUcxRT-XlSoXoJLmBE","56xIs4YwE5Z7G8-z3rXfTNliqVYXz9M6JRXG-yH8Vx4dLQzrizP4dLTPyH1_nW4EszjVqzvYCF7YE6CoNmvdjLBMjQ_","43xIs4YwE5Z7DsWOzDSP_d8Rjea5vaaX61gfhVs6SfEGnwcZB9wEJX2m2nHKOaC6Zjyw"]
账号被风控，无法参与活动

******开始【京东账号2】孤傲的小小瞒*********

开始
第2个京东账号将要助力的好友["34xIs4YwE5Z7HhWvhuV0OSNsWxu4l5KyQo6VAKcMVw0BbhzvPXXg","43xIs4YwE5Z7DsWOzDSPOBTEaue3ty6EyxKwJhHK0IpkCccZB9wBAAi2jzGjO7Zk0NBQ","46xIs4YwE5Z7G9J6kzXVQUmik-F9Rd23gLTdzlTswGj7g5F1Q_VaEE-_9VqfmrrK7GkGwYKFc"]
账号被风控，无法参与活动

🔔京东神仙书院, 结束! 🕛 5.229 秒

随机取20个码放到您固定的互助码后面(不影响已有固定互助)
"Timeout awaiting 'request' for 10000ms"
京东神仙书院 API请求失败，请检查网路重试
