
🔔东东农场, 开始!
开始获取配置文件

您的cookie选择的是用&隔开


====================共有2个京东账号Cookie=========

==================脚本执行- 北京时间(UTC+8)：2/6/2021, 6:31:49 PM=====================

您的东东农场互助码选择的是用&隔开

共2个京东账号

您提供了2个账号的农场助力码


开始【京东账号1】迷糊虫啊

随机取个20码放到您固定的互助码后面(不影响已有固定互助)
第1个京东账号将要助力的好友["e6e04602d5e343258873af1651b603ec","52801b06ce2a462f95e1d59d7e856ef4","5bc73a365ff74a559bdee785ea97fcc5","48c17df5a6374546ad86d5355be340f6","7d371dc90ddc4890ba71a2e3dd4d0d3a","c942c39b7c4c48b19573cade984ca5c7","fe7fe155fe48479880b290542479b919","1418eb3ab4ba4feea216bd2e90d133b2","524569eefcfc49cb8aa1308ef03a59e2","1dc055cb29164ce0b8c6684532188dcc","2345ab39017946bdb25dc0530504be22","a69806a2251d4e7d97bdaff8182d7911","6ad5b11d69be4874b361c4c652f0e0d6","80fbf406000f4168b6776eb4683832fb","6f71739381b345b9a37ff07b332a964a","0d02c39ac86e4c9684543c5573e825fa","ab9faaa00dcc485fbae945ff4d809b7c","245671eef34c44598fccc21701331731","52728c6d6ed7479baf64dd042919a745","03ed3997e7fb4c42bd929c5be084e36c","17fc525b110942dea7e52d57960484fe","06f59cddaf064f2ab66434397892140b","8db64cbbed7e4433bcd92752d6a9cc8a"]

【京东账号1（迷糊虫啊）的东东农场好友互助码】94e09971229046b6ba67b903a70b9d80


【已成功兑换水果】2次

开始助力好友
格式化后的助力码::["e6e04602d5e343258873af1651b603ec","52801b06ce2a462f95e1d59d7e856ef4","5bc73a365ff74a559bdee785ea97fcc5","48c17df5a6374546ad86d5355be340f6","7d371dc90ddc4890ba71a2e3dd4d0d3a","c942c39b7c4c48b19573cade984ca5c7","fe7fe155fe48479880b290542479b919","1418eb3ab4ba4feea216bd2e90d133b2","524569eefcfc49cb8aa1308ef03a59e2","1dc055cb29164ce0b8c6684532188dcc","2345ab39017946bdb25dc0530504be22","a69806a2251d4e7d97bdaff8182d7911","6ad5b11d69be4874b361c4c652f0e0d6","80fbf406000f4168b6776eb4683832fb","6f71739381b345b9a37ff07b332a964a","0d02c39ac86e4c9684543c5573e825fa","ab9faaa00dcc485fbae945ff4d809b7c","245671eef34c44598fccc21701331731","52728c6d6ed7479baf64dd042919a745","03ed3997e7fb4c42bd929c5be084e36c","17fc525b110942dea7e52d57960484fe","06f59cddaf064f2ab66434397892140b","8db64cbbed7e4433bcd92752d6a9cc8a"]

开始助力京东账号1 - 迷糊虫啊的好友: e6e04602d5e343258873af1651b603ec
【助力好友结果】: 好友【Evine】已满五人助力
【今日助力次数还剩】3次

开始助力京东账号1 - 迷糊虫啊的好友: 52801b06ce2a462f95e1d59d7e856ef4
【助力好友结果】: 好友【做一颗潇洒的蛋蛋】已满五人助力
【今日助力次数还剩】3次

开始助力京东账号1 - 迷糊虫啊的好友: 5bc73a365ff74a559bdee785ea97fcc5
【助力好友结果】: 好友【米大眼老鼠】已满五人助力
【今日助力次数还剩】3次

开始助力京东账号1 - 迷糊虫啊的好友: 48c17df5a6374546ad86d5355be340f6
【助力好友结果】: 好友【jpppspe】已满五人助力
【今日助力次数还剩】3次

开始助力京东账号1 - 迷糊虫啊的好友: 7d371dc90ddc4890ba71a2e3dd4d0d3a
【助力好友结果】: 好友【jd_vPcCFLDhPhzW】已满五人助力
【今日助力次数还剩】3次

开始助力京东账号1 - 迷糊虫啊的好友: c942c39b7c4c48b19573cade984ca5c7
【助力好友结果】: 好友【jd_7fb1e1eb55665】已满五人助力
【今日助力次数还剩】3次

开始助力京东账号1 - 迷糊虫啊的好友: fe7fe155fe48479880b290542479b919
【助力好友结果】: 好友【阳光明媚】已满五人助力
【今日助力次数还剩】3次

开始助力京东账号1 - 迷糊虫啊的好友: 1418eb3ab4ba4feea216bd2e90d133b2
【助力好友结果】: 好友【黑色毛帽】已满五人助力
【今日助力次数还剩】3次

开始助力京东账号1 - 迷糊虫啊的好友: 524569eefcfc49cb8aa1308ef03a59e2
【助力好友结果】: 好友【乾丶宇】已满五人助力
【今日助力次数还剩】3次

开始助力京东账号1 - 迷糊虫啊的好友: 1dc055cb29164ce0b8c6684532188dcc
【助力好友结果】: 好友【Danielwu726】已满五人助力
【今日助力次数还剩】3次

开始助力京东账号1 - 迷糊虫啊的好友: 2345ab39017946bdb25dc0530504be22
【助力好友结果】: 好友【左手牵右手111】已满五人助力
【今日助力次数还剩】3次

开始助力京东账号1 - 迷糊虫啊的好友: a69806a2251d4e7d97bdaff8182d7911
【助力好友结果】: 好友【小秃兔】已满五人助力
【今日助力次数还剩】3次

开始助力京东账号1 - 迷糊虫啊的好友: 6ad5b11d69be4874b361c4c652f0e0d6
【助力好友结果】: 好友【旌霜】已满五人助力
【今日助力次数还剩】3次

开始助力京东账号1 - 迷糊虫啊的好友: 80fbf406000f4168b6776eb4683832fb
【助力好友结果】: 好友【arecjm】已满五人助力
【今日助力次数还剩】3次

开始助力京东账号1 - 迷糊虫啊的好友: 6f71739381b345b9a37ff07b332a964a
【助力好友结果】: 好友【jd_EtffkGgPBRWT】已满五人助力
【今日助力次数还剩】3次

开始助力京东账号1 - 迷糊虫啊的好友: 0d02c39ac86e4c9684543c5573e825fa
【助力好友结果】: 好友【小戴认输】已满五人助力
【今日助力次数还剩】3次

开始助力京东账号1 - 迷糊虫啊的好友: ab9faaa00dcc485fbae945ff4d809b7c
【助力好友结果】: 好友【jd_KNZJAxXhPSpA】已满五人助力
【今日助力次数还剩】3次

开始助力京东账号1 - 迷糊虫啊的好友: 245671eef34c44598fccc21701331731
【助力好友结果】: 好友【Eddie】已满五人助力
【今日助力次数还剩】3次

开始助力京东账号1 - 迷糊虫啊的好友: 52728c6d6ed7479baf64dd042919a745
【助力好友结果】: 好友【且末长汀】已满五人助力
【今日助力次数还剩】3次

开始助力京东账号1 - 迷糊虫啊的好友: 03ed3997e7fb4c42bd929c5be084e36c
【助力好友结果】: 好友【Itachi】已满五人助力
【今日助力次数还剩】3次

开始助力京东账号1 - 迷糊虫啊的好友: 17fc525b110942dea7e52d57960484fe
【助力好友结果】: 好友【佛系随缘】已满五人助力
【今日助力次数还剩】3次

开始助力京东账号1 - 迷糊虫啊的好友: 06f59cddaf064f2ab66434397892140b
【助力好友结果】: 好友【z1078354986】已满五人助力
【今日助力次数还剩】3次

开始助力京东账号1 - 迷糊虫啊的好友: 8db64cbbed7e4433bcd92752d6a9cc8a
【助力好友结果】: 好友【jd_189286nik】已满五人助力
【今日助力次数还剩】3次

助力好友结束，即将开始领取额外水滴奖励


14包抽纸种植中...


初始化任务列表
开始签到
今天已签到,连续签到2,下次签到可得15g

被水滴砸中： 否
签到结束,开始广告浏览任务
今天已经做过浏览广告任务

【定时领水】获得14g💧

给2个好友浇水任务已完成

查询好友列表数据：{"shareCodeInviteNotFarmAddOn":"-inviteFriendNotFarm","friendInfos":[{"2021-02-05":[{"time":1612521015087,"type":2,"name":"jd_XwDjriHYIWgH","shareCode":"d1e08f9d69034f58b0bac6fed655d6db"},{"time":1612521013902,"type":2,"name":"LLLz?","shareCode":"48ba57edde50491193ebdbc04216f97e"},{"time":1612521012739,"type":2,"name":"jd_OZTkjreZtwQD","shareCode":"b2c1528906b44ad385f6d497373311fb"},{"time":1612521011570,"type":2,"name":"___温文尔雅","shareCode":"f8488e97c30a45ada0b85dfedad1a27b"},{"time":1612521009220,"type":2,"name":"双诗意","shareCode":"f52008a3d5da41419f0f1cf4b9e070d5"},{"time":1612521008053,"type":2,"name":"#00BFFF","shareCode":"44d4e210da0342b3afc75a812073d52e"},{"time":1612521003374,"type":2,"name":"le5454873","shareCode":"2a3a034961314fd3aa190865fbbf2c35"},{"time":1612521001025,"type":2,"name":"jd_62a1617a2d075","shareCode":"0dfc6f2a9aef450481890756439d2e24"},{"time":1612520999848,"type":2,"shareCode":"31400696d534491692bad1f3f13c6980"},{"time":1612520998666,"type":2,"name":"一个憨憨迪","shareCode":"b96674c080824c5d86173c54b97554b3"},{"time":1612520997486,"type":2,"name":"没事别吵吵我烦","shareCode":"de35d546f5274a52b49aea80f255b39b"},{"time":1612520992842,"type":2,"name":"筱洋爱你","shareCode":"729a618babd943c2946fec69e8a74708"},{"time":1612520981294,"type":2,"name":"云雾66","shareCode":"b58a72fb743d4575aa2a3bb1bdbadd6d"},{"time":1612520980098,"type":2,"name":"喂啊喂啊魏","shareCode":"dd0f7dc4a5504b8f9f007576a285bb07"},{"time":1612520978890,"type":2,"name":"FlyLFeuilles","shareCode":"07b3032d551e46199fe5222e0922325b"}]},{"2021-02-04":[{"time":1612434863058,"type":2,"name":"妳并不懂硪","shareCode":"8e6f061e26f54ed78cf63282454315e7"},{"time":1612434861885,"type":2,"name":"LGS哈","shareCode":"9252c69c8f3944f58e2f4186b38b8c41"},{"time":1612434857224,"type":2,"name":"jd_fthbcnApLOnb","shareCode":"96f7249d352642ca95cd9fe748dbb23d"},{"time":1612434852544,"type":2,"name":"秋梅","shareCode":"82e36507e2a64db2b581764c8082055c"},{"time":1612434850207,"type":2,"name":"Amos_Kid","shareCode":"a9312beaec7349188f9335ea1cc25c5b"},{"time":1612434849036,"type":2,"name":"北海_未眠sky","shareCode":"914668712dab4a2296ecffd7b8c87630"},{"time":1612434847863,"type":2,"name":"jd139291epq","shareCode":"fceba0fc479d48e8ba2b3b2466aa1d63"},{"time":1612434846670,"type":2,"name":"comeonfa","shareCode":"f0a0cb5115f84300a4825f616fdb4999"},{"time":1612434845493,"type":2,"name":"jd_139908bmw","shareCode":"b62f5fa19c5f423789e58fb78243ce2f"},{"time":1612434844329,"type":2,"name":"jd_156038utd","shareCode":"e926ecf88b8c401882bba3740b7f52ff"},{"time":1612434843160,"type":2,"name":"jd151082uln","shareCode":"dfaa1c2cedb447c08c495ba6604ee805"},{"time":1612434841992,"type":2,"name":"jd_46c6e3b31964e","shareCode":"3fa79f51e3ff4e5e9c5590603fc44688"},{"time":1612413002511,"type":2,"name":"刘大晕0","shareCode":"1f0ceec22e184e2c84a61862c054f3e8"},{"time":1612413001331,"type":2,"name":"卖西瓜的小伙","shareCode":"430659d68a7545789ba4998f2e17c8e3"},{"time":1612412998934,"type":2,"name":"jd_188516cxh","shareCode":"77742fbef2fc47279ce955c7645dff2f"},{"time":1612412997750,"type":2,"name":"jd_679ba3f81d2f4","shareCode":"e0f21abf07a140139d537c48c0f42902"},{"time":1612412993030,"type":2,"name":"大王带你巡山吧","shareCode":"b4dae62047224ee2a2c2dc52bb092538"},{"time":1612412991856,"type":2,"name":"jd_tYWMptdHjfxf","shareCode":"fa232a17c350417d976a64d852ba881c"},{"time":1612412983741,"type":2,"name":"jackdave3158","shareCode":"a10e0cbc6ca2482e82c9f7c8357d7506"},{"time":1612412970988,"type":2,"name":"Candy丶","shareCode":"7b0328455a8d4af0ab5793ccf017ebcb"},{"time":1612412966243,"type":2,"name":"cccxxx90","shareCode":"03210bbffdfc4ead968458bc83742d52"}]},{"2021-02-03":[{"time":1612348229388,"type":2,"name":"sallyyi0","shareCode":"ef35290bcdad4d2982eb84e5e3f3a47c"},{"time":1612348228199,"type":2,"name":"英汉辞典iii","shareCode":"e6eedaa675884cb48d497b05e693df79"},{"time":1612348227013,"type":2,"name":"天神下凡","shareCode":"8bffe6b120ab4c00b4cd410c959f0c93"},{"time":1612348225832,"type":2,"name":"愤怒的烤地瓜","shareCode":"42444d5f1e0e45d5942c16f6bc08a891"},{"time":1612348223482,"type":2,"name":"jd_157120dhy","shareCode":"742e107d59bd42848ae58eb46597ad37"},{"time":1612348222306,"type":2,"name":"jd_134136lyx","shareCode":"cb109dd67e85473db6357bd4d797de8e"},{"time":1612348221117,"type":2,"name":"jd_132500gtui","shareCode":"0ae484556918465cb5ada3eff6ddcde5"},{"time":1612348216427,"type":2,"name":"豆鼓味杨梅_","shareCode":"763ae8b164da4cb09116af2767db0941"},{"time":1612348215251,"type":2,"name":"w180wqx1ns","shareCode":"4121cfaf3aed4200928291456d3e6462"},{"time":1612348214082,"type":2,"name":"infinityYI","shareCode":"3fa488dffced400ab5778f1fe1a2d9dd"},{"time":1612348212908,"type":2,"name":"杜绵羊","shareCode":"ffe50f705403489b99cbd72fb1c8d841"},{"time":1612348211732,"type":2,"name":"jd_155555msr","shareCode":"3507a16ce1a04da0ada322d8f39da79b"},{"time":1612348210550,"type":2,"name":"156独角兽","shareCode":"8935ae2e65014b04b58217c889792fc5"},{"time":1612348208187,"type":2,"name":"jungleyung","shareCode":"51c532ed43b44f31acd9a086470026eb"},{"time":1612348207011,"type":2,"name":"jd_151774tqa","shareCode":"a7b863f63229490c8902c0e75209e080"}]}],"code":"0","shareCodeCallAddOn":"-callFriend","inviteFriendCountToPropsSendCard":"fastCard","inviteFriendCountToProps":3,"inviteFriendGotAwardCount":0,"inviteFriendCount":0,"inviteFirstFriendAwardWater":50,"awardCallUserWater":60,"shareCodeInviteAddOn":"-inviteFriend","hadGotInviteFriendCountToProps":false,"statisticsTimes":null,"sysTime":1612607540680,"fullFriend":false,"inviteFriendAwardEach":10,"countOfFriend":0,"message":null,"friends":[],"newUserAward":false,"deleteFriendCount":1145,"awardInviteNewUserSendWater":100,"inviteFriendMax":4,"newFriendMsg":false,"loadFriend":false}


今日已邀请好友0个 / 每日邀请上限4个
开始删除0个好友,可拿每天的邀请奖励
接收邀请成为好友结果成功,您已成为jpppspe的好友
接收邀请成为好友结果成功,您已成为jd_vPcCFLDhPhzW的好友
接收邀请成为好友结果成功,您已成为jd_7fb1e1eb55665的好友
接收邀请成为好友结果成功,您已成为阳光明媚的好友
接收邀请成为好友结果成功,您已成为乾丶宇的好友
接收邀请成为好友结果成功,您已成为左手牵右手111的好友
接收邀请成为好友结果成功,您已成为jd_EtffkGgPBRWT的好友
接收邀请成为好友结果成功,您已成为小戴认输的好友
接收邀请成为好友结果成功,您已成为Eddie的好友
接收邀请成为好友结果成功,您已成为z1078354986的好友
接收邀请成为好友结果成功,您已成为jd_189286nik的好友
今日未邀请过好友
开始打卡领水活动（签到，关注，领券）
开始打卡领水活动（签到，关注，领券）结束

助力好友未达到5个
领取额外奖励水滴结束

4小时候免费赠送的抽奖机会已领取
浏览天天抽奖的第1个逛会场任务已完成
开始天天抽奖--好友助力--每人每天只有三次助力机会.
天天抽奖-助力jpppspe成功

天天抽奖-助力jd_vPcCFLDhPhzW成功

天天抽奖-助力jd_7fb1e1eb55665成功

天天抽奖-助力阳光明媚失败,助力次数耗尽

---天天抽奖次数remainLotteryTimes----0次
天天抽奖--抽奖机会为0次

今日已完成10次浇水任务


初始化任务列表
首次浇水奖励已领取

finished 水果任务完成!

初始化任务列表
给好友浇水的25g水滴奖励已领取

小鸭子游戏达到上限
开始检查剩余水滴能否再次浇水再次浇水

剩余水滴123g

背包已有道具:
快速浇水卡:68张
水滴翻倍卡:0张
水滴换京豆卡:14张
加签卡:0张

目前剩余水滴：【123】g，可继续浇水
等待了1秒
本次浇水结果:   {"code":"0","totalEnergy":113,"statisticsTimes":null,"totalWaterTimes":25,"sysTime":1612607586454,"finished":false,"message":null,"waterStatus":0,"sendAmount":10,"treeEnergy":5240}

浇水10g成功,剩余113

等待了1秒
本次浇水结果:   {"code":"0","totalEnergy":103,"statisticsTimes":null,"totalWaterTimes":26,"sysTime":1612607588606,"finished":false,"message":null,"waterStatus":0,"sendAmount":10,"treeEnergy":5250}

浇水10g成功,剩余103

开始预测水果成熟时间


初始化任务列表

==============📣系统通知📣==============
东东农场
【京东账号1】迷糊虫啊
【水果名称】14包抽纸
【已兑换水果】2次
【今日剩余助力👬】3次
【额外奖励】领取失败,原因：给您助力的人未达5个
【今日共浇水】26次
【剩余 水滴】103g💧
【水果🍉进度】87.50%，已浇水525次,还需75次
【预测】3天之后(2021-02-09日)可兑换水果🍉
您未提供server酱的SCKEY，取消微信推送消息通知

您未提供push+推送所需的PUSH_PLUS_TOKEN，取消push+推送消息通知

您未提供Bark的APP推送BARK_PUSH，取消Bark推送消息通知

您未提供telegram机器人推送所需的TG_BOT_TOKEN和TG_USER_ID，取消telegram推送消息通知

您未提供钉钉机器人推送所需的DD_BOT_TOKEN或者DD_BOT_SECRET，取消钉钉推送消息通知

您未提供企业微信机器人推送所需的QYWX_KEY，取消企业微信推送消息通知

您未提供企业微信应用消息推送所需的QYWX_AM，取消企业微信应用消息推送消息通知

您未提供iGot的推送IGOT_PUSH_KEY，取消iGot推送消息通知

您未提供酷推的SKEY，取消QQ推送消息通知


开始【京东账号2】孤傲的小小瞒

随机取个20码放到您固定的互助码后面(不影响已有固定互助)
第2个京东账号将要助力的好友["6d402dcfae1043fba7b519e0d6579a6f","5efc7fdbb8e0436f8694c4c393359576","6dc9461f662d490991a31b798f624128","da5c45359d1e48d3846f195caa3fc7dd","954c30ad4c8b4862ad43769ca5b5c9e4","b6be2a188833474f9dde96e378cc3f29","8b534d4879d84fb48594e27177e82d4d","06b525870b7245fb9071d9a86f09534a","9b78a9e203914f12b212747c02366d2c","c7b8f1f6757c40349c69057560ffc30d","ab89324f80ca4a23adeaed8ef26ad712","ed9aaf81058b420eb5a13ab53c7d3fbc","34d183e906394221a8ad69b98636e89d","b010558716074e819b6ba5c6c2ae82da","d1c8532622894b45b09b5974018225f1","1dcd1595778c4769aa461d6b501e8355","05489a99aab84d7b8bcefda6fbbc8f24","52e81f312f1142db9603867991ab8292","f7f32deabb9645d8937ea46b2d27c1d8","3507a16ce1a04da0ada322d8f39da79b","41b6b6355850422db9b49539bf84c8bf","bef73e85c0784566961fbe95e8ce8c4f","79290465a20a4a00bca7ecb0a2b6d658"]

【京东账号2（孤傲的小小瞒）的东东农场好友互助码】7fc45e59cb424526ae2522e993bd00d0


【已成功兑换水果】2次

开始助力好友
格式化后的助力码::["6d402dcfae1043fba7b519e0d6579a6f","5efc7fdbb8e0436f8694c4c393359576","6dc9461f662d490991a31b798f624128","da5c45359d1e48d3846f195caa3fc7dd","954c30ad4c8b4862ad43769ca5b5c9e4","b6be2a188833474f9dde96e378cc3f29","8b534d4879d84fb48594e27177e82d4d","06b525870b7245fb9071d9a86f09534a","9b78a9e203914f12b212747c02366d2c","c7b8f1f6757c40349c69057560ffc30d","ab89324f80ca4a23adeaed8ef26ad712","ed9aaf81058b420eb5a13ab53c7d3fbc","34d183e906394221a8ad69b98636e89d","b010558716074e819b6ba5c6c2ae82da","d1c8532622894b45b09b5974018225f1","1dcd1595778c4769aa461d6b501e8355","05489a99aab84d7b8bcefda6fbbc8f24","52e81f312f1142db9603867991ab8292","f7f32deabb9645d8937ea46b2d27c1d8","3507a16ce1a04da0ada322d8f39da79b","41b6b6355850422db9b49539bf84c8bf","bef73e85c0784566961fbe95e8ce8c4f","79290465a20a4a00bca7ecb0a2b6d658"]

开始助力京东账号2 - 孤傲的小小瞒的好友: 6d402dcfae1043fba7b519e0d6579a6f
【助力好友结果】: 好友【jd_133682kvn】已满五人助力
【今日助力次数还剩】3次

开始助力京东账号2 - 孤傲的小小瞒的好友: 5efc7fdbb8e0436f8694c4c393359576
【助力好友结果】: 好友【Evine007】已满五人助力
【今日助力次数还剩】3次

开始助力京东账号2 - 孤傲的小小瞒的好友: 6dc9461f662d490991a31b798f624128
【助力好友结果】: 好友【d雯雯】已满五人助力
【今日助力次数还剩】3次

开始助力京东账号2 - 孤傲的小小瞒的好友: da5c45359d1e48d3846f195caa3fc7dd
【助力好友结果】: 好友【jd_655123c1e49a7】已满五人助力
【今日助力次数还剩】3次

开始助力京东账号2 - 孤傲的小小瞒的好友: 954c30ad4c8b4862ad43769ca5b5c9e4
【助力好友结果】: 好友【醉了七夜】已满五人助力
【今日助力次数还剩】3次

开始助力京东账号2 - 孤傲的小小瞒的好友: b6be2a188833474f9dde96e378cc3f29
【助力好友结果】: 好友【jd_71fd733ad7b5a】已满五人助力
【今日助力次数还剩】3次

开始助力京东账号2 - 孤傲的小小瞒的好友: 8b534d4879d84fb48594e27177e82d4d
【助力好友结果】: 好友【ckdreampjt】已满五人助力
【今日助力次数还剩】3次

开始助力京东账号2 - 孤傲的小小瞒的好友: 06b525870b7245fb9071d9a86f09534a
【助力好友结果】: 好友【灰脑】已满五人助力
【今日助力次数还剩】3次

开始助力京东账号2 - 孤傲的小小瞒的好友: 9b78a9e203914f12b212747c02366d2c
【助力好友结果】: 好友【jd_PMJUcPyfWxxT】已满五人助力
【今日助力次数还剩】3次

开始助力京东账号2 - 孤傲的小小瞒的好友: c7b8f1f6757c40349c69057560ffc30d
【助力好友结果】: 好友【jd_VQHKQxwqgrkR】已满五人助力
【今日助力次数还剩】3次

开始助力京东账号2 - 孤傲的小小瞒的好友: ab89324f80ca4a23adeaed8ef26ad712
【助力好友结果】: 好友【陈冠希258】已满五人助力
【今日助力次数还剩】3次

开始助力京东账号2 - 孤傲的小小瞒的好友: ed9aaf81058b420eb5a13ab53c7d3fbc
【助力好友结果】: 好友【FaLKjqpORroq】已满五人助力
【今日助力次数还剩】3次

开始助力京东账号2 - 孤傲的小小瞒的好友: 34d183e906394221a8ad69b98636e89d
【助力好友结果】: 好友【娜】已满五人助力
【今日助力次数还剩】3次

开始助力京东账号2 - 孤傲的小小瞒的好友: b010558716074e819b6ba5c6c2ae82da
【助力好友结果】: 好友【Svip--666666】已满五人助力
【今日助力次数还剩】3次

开始助力京东账号2 - 孤傲的小小瞒的好友: d1c8532622894b45b09b5974018225f1
【助力好友结果】: 好友【jd_VnbHHLYFdakU】已满五人助力
【今日助力次数还剩】3次

开始助力京东账号2 - 孤傲的小小瞒的好友: 1dcd1595778c4769aa461d6b501e8355
【助力好友结果】: 好友【jd_133600dadk】已满五人助力
【今日助力次数还剩】3次

开始助力京东账号2 - 孤傲的小小瞒的好友: 05489a99aab84d7b8bcefda6fbbc8f24
【助力好友结果】: 好友【jd_tLmjiRasikUv】已满五人助力
【今日助力次数还剩】3次

开始助力京东账号2 - 孤傲的小小瞒的好友: 52e81f312f1142db9603867991ab8292
【助力好友结果】: 好友【彬沫洁】已满五人助力
【今日助力次数还剩】3次

开始助力京东账号2 - 孤傲的小小瞒的好友: f7f32deabb9645d8937ea46b2d27c1d8
【助力好友结果】: 好友【jd_120344683】已满五人助力
【今日助力次数还剩】3次

开始助力京东账号2 - 孤傲的小小瞒的好友: 3507a16ce1a04da0ada322d8f39da79b
【助力好友结果】: 好友【jd_155555msr】已满五人助力
【今日助力次数还剩】3次

开始助力京东账号2 - 孤傲的小小瞒的好友: 41b6b6355850422db9b49539bf84c8bf
【助力好友结果】: 好友【孱弱567】已满五人助力
【今日助力次数还剩】3次

开始助力京东账号2 - 孤傲的小小瞒的好友: bef73e85c0784566961fbe95e8ce8c4f
【助力好友结果】: 好友【jd_138624ptc】已满五人助力
【今日助力次数还剩】3次

开始助力京东账号2 - 孤傲的小小瞒的好友: 79290465a20a4a00bca7ecb0a2b6d658
【助力好友结果】: 好友【信仰飘扬】已满五人助力
【今日助力次数还剩】3次

助力好友结束，即将开始领取额外水滴奖励


2斤百香果种植中...


初始化任务列表
开始签到
今天已签到,连续签到1,下次签到可得10g

被水滴砸中： 否
签到结束,开始广告浏览任务
今天已经做过浏览广告任务

【定时领水】获得10g💧

给2个好友浇水任务已完成

查询好友列表数据：{"shareCodeInviteNotFarmAddOn":"-inviteFriendNotFarm","friendInfos":[{"2021-02-05":[{"time":1612521069646,"type":2,"name":"Tang宁1990","shareCode":"c73e064dcdb547f6bd68abd747767d40"},{"time":1612521068474,"type":2,"name":"      ²⁰₂₀","shareCode":"725f32b2ffcf4b73a50e9a24ea658b38"},{"time":1612521067296,"type":2,"name":"digitalife","shareCode":"1f032c427858462eb16c72ee29aae2dc"},{"time":1612521064955,"type":2,"name":"Ctrl*","shareCode":"7b00dfbe6d314c1da472bccb9c26be21"},{"time":1612521063781,"type":2,"name":"勇敢的小泪","shareCode":"cc2dc09626d14b9d8a8e4c5e2f052447"},{"time":1612521062596,"type":2,"name":"不朽风铃","shareCode":"40715591a2df41d4af1a06e562a91c86"},{"time":1612521060256,"type":2,"name":"JRSD_LmOOH1402","shareCode":"ab2f42166b3a4524abf6222297b77594"},{"time":1612521059076,"type":2,"name":"jd_134802hct","shareCode":"081f3ae8741c443a82a858e045530737"},{"time":1612521056726,"type":2,"name":"jd_185662cey","shareCode":"b706ae642daa48b4a575fc0809e6ea0a"},{"time":1612521055557,"type":2,"name":"darsingho","shareCode":"ec06278887fe4f588ab5f4eabcffc05f"},{"time":1612521054381,"type":2,"name":"Mars_神话","shareCode":"a86634df957944b5afc50ebed9f0ccaf"},{"time":1612521052049,"type":2,"name":"小魉lf","shareCode":"ca1ea53c988440ca9d49de30321d6d5f"},{"time":1612521050884,"type":2,"name":"酱油sama520","shareCode":"c9aa24dd0d0b458eabb6a91c535c9927"},{"time":1612521049712,"type":2,"name":"小锋","shareCode":"8513d43f5a614d06bdf52919cc2e5086"},{"time":1612521048541,"type":2,"name":"晨曦","shareCode":"269fdf63129d483dba0a326e9284c108"},{"time":1612521047371,"type":2,"name":"Envis_伊文斯","shareCode":"3de9821f43c14c33b3c482fd61136633"},{"time":1612481637504,"type":2,"name":"zisulongkui","shareCode":"1dfbaf7294674829a168228e81de0a99"},{"time":1612481636326,"type":2,"name":"瞄了瞄了","shareCode":"d9bf0ce4764d4eab83a229036ef85d80"},{"time":1612481635153,"type":2,"name":"纪念大学生活","shareCode":"afe0f7fea73a44b0a984220bec1b03e0"},{"time":1612481632821,"type":2,"name":"jd_6f0cface7f26d","shareCode":"89493ff2afa04b43beb84068f1ab7644"},{"time":1612481631629,"type":2,"name":"jd_7a57be061fb29","shareCode":"0ec31a2dfd6641598542070e389b452f"},{"time":1612481630433,"type":2,"name":"shallwei557","shareCode":"bff6b101a4144cd586cf45d809d09b6c"},{"time":1612481629255,"type":2,"name":"jd_188338grw","shareCode":"55997ff9382d4d68a96226bac50e1543"},{"time":1612481628078,"type":2,"name":"努力加油201510","shareCode":"8379875852bd43608f92765615efa1d9"},{"time":1612481626895,"type":2,"name":"bMxvpdTvSPSa","shareCode":"eed798d26cdf449ea352da07f7be286b"},{"time":1612481625714,"type":2,"name":"都是什么人啊","shareCode":"a6b61a1e2e6545318dcad2a18a92ac0a"},{"time":1612481624539,"type":2,"name":"葛德军","shareCode":"d00dc34bdea54d37a77fa9d740ad55a3"},{"time":1612481623373,"type":2,"name":"快小斗","shareCode":"5ee1791d7bac4d6dab09b9dc0df7d2af"},{"time":1612481622198,"type":2,"name":"提拉五年级","shareCode":"083cff2c83044e43b3533739ef8921a1"},{"time":1612481579601,"type":2,"name":"R.","shareCode":"e606dff1952c474db7f3d16cc36208d7"},{"time":1612481578400,"type":2,"name":"jd_183206voe","shareCode":"7ea24c0e87aa4179b949608cac07a74f"},{"time":1612481576047,"type":2,"name":"Pandamman","shareCode":"1b00c4795f354183ad1a7ac3525377d5"}]},{"2021-02-04":[{"time":1612434935059,"type":2,"name":"jd_oosee","shareCode":"b9a396dc97e14714a727ab4bb5fea68d"},{"time":1612434932720,"type":2,"name":"猪小闹","shareCode":"146235ac967f4351ac6c0cc40f9238ea"},{"time":1612434929218,"type":2,"name":"珍珠奶茶只要吸管","shareCode":"2292cffba56f45ec8da7043bae4faa14"},{"time":1612434926881,"type":2,"name":"少奶奶","shareCode":"3b46838d8694405392d994e7756130d2"},{"time":1612434921037,"type":2,"name":"毒藥","shareCode":"42439676c0da4a07bfec935e8f82dc68"},{"time":1612434918696,"type":2,"name":"大渡河博客","shareCode":"f762cdbda3fc488bbf7fcd3d5c1749a9"},{"time":1612434914059,"type":2,"name":"若离485","shareCode":"e461222d43cc4813959d78c599c87ecb"},{"time":1612434912888,"type":2,"name":"zZPiglet","shareCode":"570eabf7fa764caba22318fbc2766180"}]},{"2021-02-03":[{"time":1612348280104,"type":2,"name":"jdzyuan0swv","shareCode":"429a615a2f46406c943f5a546cd8648c"},{"time":1612348278929,"type":2,"name":"jd_138819zwg","shareCode":"463b57014c844efcaed96eafe1aa629a"},{"time":1612348277765,"type":2,"name":"xu秋琴","shareCode":"59fb20e2f8164e58adcd01ef87e8c320"},{"time":1612348275414,"type":2,"name":"jd_183638qgm","shareCode":"a8b573074cd34bc5ab52989095e45d1c"},{"time":1612348273086,"type":2,"shareCode":"809b963dd51e4a80a93380c2e854711f"},{"time":1612348271911,"type":2,"shareCode":"966450e902ca4a00989b5d6e870f29c9"},{"time":1612348270739,"type":2,"name":"L_oon","shareCode":"59cf29f433054a4ea81902b0ede2e91d"},{"time":1612348269556,"type":2,"name":"Uzi","shareCode":"a381b99be1484becbe0847f383672d28"},{"time":1612348268379,"type":2,"name":"jd_135166slpc","shareCode":"d77aa48afe9e4af9a33237ef80107c6f"},{"time":1612348267204,"type":2,"name":"南山巫妖王","shareCode":"19c85fdb82644b0ab4fbbbcd673d9790"},{"time":1612348266003,"type":2,"name":"jd_UOWGmjgAEBoi","shareCode":"3ca8987fdee547e38405129cd6c02007"}]}],"code":"0","shareCodeCallAddOn":"-callFriend","inviteFriendCountToPropsSendCard":"fastCard","inviteFriendCountToProps":3,"inviteFriendGotAwardCount":0,"inviteFriendCount":0,"inviteFirstFriendAwardWater":50,"awardCallUserWater":60,"shareCodeInviteAddOn":"-inviteFriend","hadGotInviteFriendCountToProps":false,"statisticsTimes":null,"sysTime":1612607620825,"fullFriend":false,"inviteFriendAwardEach":10,"countOfFriend":0,"message":null,"friends":[],"newUserAward":false,"deleteFriendCount":886,"awardInviteNewUserSendWater":100,"inviteFriendMax":4,"newFriendMsg":false,"loadFriend":false}


今日已邀请好友0个 / 每日邀请上限4个
开始删除0个好友,可拿每天的邀请奖励
接收邀请成为好友结果成功,您已成为jd_655123c1e49a7的好友
接收邀请成为好友结果成功,您已成为醉了七夜的好友
接收邀请成为好友结果成功,您已成为ckdreampjt的好友
接收邀请成为好友结果成功,您已成为jd_VQHKQxwqgrkR的好友
接收邀请成为好友结果成功,您已成为FaLKjqpORroq的好友
接收邀请成为好友结果成功,您已成为娜的好友
接收邀请成为好友结果成功,您已成为jd_VnbHHLYFdakU的好友
接收邀请成为好友结果成功,您已成为jd_138624ptc的好友
今日未邀请过好友
开始打卡领水活动（签到，关注，领券）
开始打卡领水活动（签到，关注，领券）结束

助力好友未达到5个
领取额外奖励水滴结束

4小时候免费赠送的抽奖机会已领取
浏览天天抽奖的第1个逛会场任务已完成
开始天天抽奖--好友助力--每人每天只有三次助力机会.
天天抽奖-助力jd_655123c1e49a7成功

天天抽奖-助力醉了七夜成功

天天抽奖-助力jd_71fd733ad7b5a成功

天天抽奖-助力ckdreampjt失败,助力次数耗尽

---天天抽奖次数remainLotteryTimes----0次
天天抽奖--抽奖机会为0次

今日已完成10次浇水任务


初始化任务列表
首次浇水奖励已领取

finished 水果任务完成!

初始化任务列表
给好友浇水的25g水滴奖励已领取

小鸭子游戏达到上限
开始检查剩余水滴能否再次浇水再次浇水

剩余水滴117g

背包已有道具:
快速浇水卡:42张
水滴翻倍卡:0张
水滴换京豆卡:18张
加签卡:0张

目前剩余水滴：【117】g，可继续浇水
等待了1秒
本次浇水结果:   {"code":"0","totalEnergy":107,"statisticsTimes":null,"totalWaterTimes":18,"sysTime":1612607666484,"finished":false,"message":null,"waterStatus":0,"sendAmount":10,"treeEnergy":5130}

浇水10g成功,剩余107

开始预测水果成熟时间


初始化任务列表

==============📣系统通知📣==============
东东农场
【京东账号2】孤傲的小小瞒
【水果名称】2斤百香果
【已兑换水果】2次
【今日剩余助力👬】3次
【额外奖励】领取失败,原因：给您助力的人未达5个
【今日共浇水】18次
【剩余 水滴】107g💧
【水果🍉进度】85.50%，已浇水513次,还需87次
【预测】5天之后(2021-02-11日)可兑换水果🍉
您未提供server酱的SCKEY，取消微信推送消息通知

您未提供push+推送所需的PUSH_PLUS_TOKEN，取消push+推送消息通知

您未提供Bark的APP推送BARK_PUSH，取消Bark推送消息通知

您未提供telegram机器人推送所需的TG_BOT_TOKEN和TG_USER_ID，取消telegram推送消息通知

您未提供钉钉机器人推送所需的DD_BOT_TOKEN或者DD_BOT_SECRET，取消钉钉推送消息通知

您未提供企业微信机器人推送所需的QYWX_KEY，取消企业微信推送消息通知

您未提供企业微信应用消息推送所需的QYWX_AM，取消企业微信应用消息推送消息通知

您未提供iGot的推送IGOT_PUSH_KEY，取消iGot推送消息通知

您未提供酷推的SKEY，取消QQ推送消息通知


🔔东东农场, 结束! 🕛 158.403 秒

