
🔔京东汽车兑换, 开始!
您的cookie选择的是用&隔开


====================共有2个京东账号Cookie=========

==================脚本执行- 北京时间(UTC+8)：2/5/2021, 12:00:04 AM=====================

京东账号1 173315279
京东账号2 浅草幻雪
京东账号1 173315279
京东账号2 浅草幻雪
京东账号1 173315279
京东账号2 浅草幻雪
京东账号1 173315279
京东账号2 浅草幻雪
京东账号1 173315279
京东账号2 浅草幻雪
京东账号1 173315279
京东账号2 浅草幻雪
京东账号1 173315279
京东账号2 浅草幻雪
京东账号1 173315279
京东账号2 浅草幻雪
京东账号1 173315279
京东账号2 浅草幻雪
京东账号1 173315279
京东账号2 浅草幻雪
京东账号1 173315279
京东账号2 浅草幻雪
京东账号1 173315279
京东账号2 浅草幻雪
京东账号1 173315279
京东账号2 浅草幻雪
京东账号1 173315279
京东账号2 浅草幻雪
京东账号1 173315279
京东账号2 浅草幻雪
京东账号1 173315279
京东账号2 浅草幻雪
京东账号1 173315279
京东账号2 浅草幻雪
京东账号1 173315279
京东账号2 浅草幻雪
京东账号1 173315279
京东账号2 浅草幻雪
京东账号1 173315279
京东账号2 浅草幻雪

🔔京东汽车兑换, 结束! 🕛 100.74 秒

