
🔔京东汽车兑换, 开始!
您的cookie选择的是用&隔开


====================共有2个京东账号Cookie=========

==================脚本执行- 北京时间(UTC+8)：2/9/2021, 12:00:03 AM=====================

京东账号1 173315279

❗️京东汽车兑换, 错误!
SyntaxError: Unexpected token < in JSON at position 0
    at JSON.parse (<anonymous>)
    at /home/xinchun/www/jd-new/jd/scripts/jd_car_exchange.js:94:23
    at /home/xinchun/www/jd-new/jd/scripts/jd_car_exchange.js:194:5858
    at processTicksAndRejections (internal/process/task_queues.js:93:5)
京东账号2 浅草幻雪
京东账号1 173315279
京东账号2 浅草幻雪
京东账号1 173315279
京东账号2 浅草幻雪
京东账号1 173315279
京东账号2 浅草幻雪
京东账号1 173315279
京东账号2 浅草幻雪
京东账号1 173315279
京东账号2 浅草幻雪
京东账号1 173315279
京东账号2 浅草幻雪
京东账号1 173315279
京东账号2 浅草幻雪
京东账号1 173315279
京东账号2 浅草幻雪
京东账号1 173315279
京东账号2 浅草幻雪
京东账号1 173315279
京东账号2 浅草幻雪
京东账号1 173315279
京东账号2 浅草幻雪
京东账号1 173315279
京东账号2 浅草幻雪
京东账号1 173315279
兑换结果：{"status":true,"data":{"num":null}}
京东账号2 浅草幻雪
京东账号1 173315279
京东账号2 浅草幻雪
兑换结果：{"status":true,"data":{"num":null}}
京东账号1 173315279
京东账号2 浅草幻雪
京东账号1 173315279
京东账号2 浅草幻雪
京东账号1 173315279
京东账号2 浅草幻雪
京东账号1 173315279
京东账号2 浅草幻雪
京东账号1 173315279
京东账号2 浅草幻雪

🔔京东汽车兑换, 结束! 🕛 103.108 秒

