
🔔直播间红包雨, 开始!
您的cookie选择的是用&隔开


====================共有2个京东账号Cookie=========

==================脚本执行- 北京时间(UTC+8)：2/5/2021, 8:01:01 PM=====================

下一场红包雨id：RRA3DKivW6swxTPQUMiRvCqin7iuySb
下一场红包雨开始时间：Fri Feb 05 2021 20:00:00 GMT+0800 (China Standard Time)
下一场红包雨结束时间：Fri Feb 05 2021 20:02:00 GMT+0800 (China Standard Time)
远程红包雨配置获取成功

******开始【京东账号1】173315279*********


==============📣系统通知📣==============
直播间红包雨
【京东账号1】
好可惜哦，奖品与你擦肩而过

******开始【京东账号2】浅草幻雪*********

今日次数已满

==============📣系统通知📣==============
直播间红包雨
【京东账号2】
领取失败，本场已领过

🔔直播间红包雨, 结束! 🕛 0.558 秒

