
🔔直播间红包雨, 开始!
您的cookie选择的是用&隔开


====================共有2个京东账号Cookie=========

==================脚本执行- 北京时间(UTC+8)：2/4/2021, 7:01:01 PM=====================

下一场红包雨id：RRA2MAxXghV5Ye2cFYDHR1eDHY4s9kQ
下一场红包雨开始时间：Thu Feb 04 2021 19:00:00 GMT+0800 (China Standard Time)
下一场红包雨结束时间：Thu Feb 04 2021 19:02:00 GMT+0800 (China Standard Time)
远程红包雨配置获取成功

******开始【京东账号1】173315279*********

今日次数已满

==============📣系统通知📣==============
直播间红包雨
【京东账号1】
领取失败，本场已领过

******开始【京东账号2】浅草幻雪*********

今日次数已满

==============📣系统通知📣==============
直播间红包雨
【京东账号2】
领取失败，本场已领过

🔔直播间红包雨, 结束! 🕛 0.55 秒

