
🔔宠汪汪偷好友积分与狗粮, 开始!
您的cookie选择的是用&隔开


====================共有2个京东账号Cookie=========

==================脚本执行- 北京时间(UTC+8)：2/4/2021, 12:00:03 AM=====================


开始【京东账号1】迷糊虫啊


京东宠汪汪: API查询请求失败 ‼️‼️

❗️宠汪汪偷好友积分与狗粮, 错误!
Error: Timeout awaiting 'request' for 10000ms
    at /home/xinchun/www/jd-new/jd/scripts/jd_joy_steal.js:296:17
    at /home/xinchun/www/jd-new/jd/scripts/jd_joy_steal.js:602:4955
    at processTicksAndRejections (internal/process/task_queues.js:93:5)

==============📣系统通知📣==============
宠汪汪偷好友积分与狗粮
【京东账号1】迷糊虫啊
undefined
【领取好友积分】获得0个
【偷好友狗粮】获取0g狗粮
【给好友喂食】消耗0g狗粮,获得积分0个


开始【京东账号2】孤傲的小小瞒


==============📣系统通知📣==============
宠汪汪偷好友积分与狗粮
【京东账号2】孤傲的小小瞒
【领取好友积分】获得0个
【偷好友狗粮】获取0g狗粮
【给好友喂食】消耗0g狗粮,获得积分0个


🔔宠汪汪偷好友积分与狗粮, 结束! 🕛 57.431 秒

