
🔔东东超市, 开始!
您的cookie选择的是用&隔开


====================共有2个京东账号Cookie=========

==================脚本执行- 北京时间(UTC+8)：2/3/2021, 11:12:10 AM=====================

共2个京东账号


开始【京东账号1】迷糊虫啊


{"code":0,"data":{"bizCode":231,"bizMsg":"战队PK功能暂被关闭","success":false}}

收取蓝币失败：今日小费已达上限

日常赚钱任务       完成状态
 任务能手         已完成 1/1
 入小游戏         已完成 1/1
 关注商品         已完成 4/4
 开会员卡         未完成 0/1
 分享游戏         已完成 1/1
 逛会场          已完成 6/6
 关注店铺         已完成 3/3
 去购物          未完成 0/1
 卖货能手         已完成 1/1
开始开卡领蓝币任务
开卡领蓝币结果{"code":0,"data":{"bizCode":304,"bizMsg":"未完成CRM开卡操作","success":false}}

注意⚠:东东超市抽奖已改版,花费500蓝币抽奖一次,现在脚本默认已关闭抽奖功能

设置的为不抽奖

[普通货架] 已解锁，当前等级：17级
[冰柜] 未解锁
[水果摊] 未解锁
[酒柜] 未解锁
店铺升级奖励获取:2500蓝币


收取营业额：获得 24273蓝币

【京东账号1】迷糊虫啊
【收取小费】今日小费已达上限
【第3日签到】当日已签到
【店铺等级】31
【总蓝币】1525007个


开始【京东账号2】孤傲的小小瞒


{"code":0,"data":{"bizCode":231,"bizMsg":"战队PK功能暂被关闭","success":false}}

收取蓝币失败：今日小费已达上限

日常赚钱任务       完成状态
 任务能手         已完成 1/1
 入小游戏         已完成 1/1
 关注商品         已完成 4/4
 开会员卡         未完成 0/1
 分享游戏         已完成 1/1
 逛会场          已完成 6/6
 关注店铺         已完成 3/3
 去购物          未完成 0/1
 卖货能手         已完成 1/1
开始开卡领蓝币任务
开卡领蓝币结果{"code":0,"data":{"bizCode":304,"bizMsg":"未完成CRM开卡操作","success":false}}

注意⚠:东东超市抽奖已改版,花费500蓝币抽奖一次,现在脚本默认已关闭抽奖功能

设置的为不抽奖

[普通货架] 已解锁，当前等级：23级
[冰柜] 未解锁
[水果摊] 未解锁
[酒柜] 未解锁

收取营业额：获得 26445蓝币

【京东账号2】孤傲的小小瞒
【收取小费】今日小费已达上限
【第3日签到】当日已签到
【店铺等级】44
【总蓝币】1498338个


🔔东东超市, 结束! 🕛 4.995 秒

