
🔔东东超市, 开始!
您的cookie选择的是用&隔开


====================共有2个京东账号Cookie=========

==================脚本执行- 北京时间(UTC+8)：2/3/2021, 1:10:31 AM=====================

共2个京东账号


开始【京东账号1】迷糊虫啊


{"code":0,"data":{"bizCode":231,"bizMsg":"战队PK功能暂被关闭","success":false}}

收取蓝币失败：今日小费已达上限
每天从指定入口进入游戏,可获得额外奖励:{"code":0,"data":{"bizCode":0,"bizMsg":"success","result":{},"success":true},"msg":"调用成功"}

日常赚钱任务       完成状态
 任务能手         已完成 1/1
 入小游戏         已完成 1/1
 关注商品         未完成 0/4
 开会员卡         未完成 0/1
 分享游戏         未完成 0/1
 逛会场          未完成 0/6
 关注店铺         未完成 0/3
 去购物          未完成 0/1
 卖货能手         未完成 0/1

领取做完任务的奖励{"code":0,"data":{"bizCode":0,"bizMsg":"success","result":{"blueCoin":2000,"taskId":"2kAoB7fjRLPMHmi4PBEY74iq7FT3","totalBlueCoin":1510907,"type":11},"success":true}}

开始关注店铺
关注商品领蓝币结果{"code":0,"data":{"bizCode":0,"bizMsg":"","result":{"finishNum":1,"targetNum":4,"taskId":"MfgquqEZhqAStQbR9niCimVacyH","taskStatus":0},"success":true}}

日常赚钱任务       完成状态
 任务能手         已完成 1/1
 入小游戏         已完成 1/1
 关注商品         未完成 1/4
 开会员卡         未完成 0/1
 分享游戏         未完成 0/1
 逛会场          未完成 0/6
 关注店铺         未完成 0/3
 去购物          未完成 0/1
 卖货能手         未完成 0/1
开始关注店铺
关注商品领蓝币结果{"code":0,"data":{"bizCode":0,"bizMsg":"","result":{"finishNum":2,"targetNum":4,"taskId":"MfgquqEZhqAStQbR9niCimVacyH","taskStatus":0},"success":true}}

日常赚钱任务       完成状态
 任务能手         已完成 1/1
 入小游戏         已完成 1/1
 关注商品         未完成 2/4
 开会员卡         未完成 0/1
 分享游戏         未完成 0/1
 逛会场          未完成 0/6
 关注店铺         未完成 0/3
 去购物          未完成 0/1
 卖货能手         未完成 0/1
开始关注店铺
关注商品领蓝币结果{"code":0,"data":{"bizCode":0,"bizMsg":"","result":{"finishNum":3,"targetNum":4,"taskId":"MfgquqEZhqAStQbR9niCimVacyH","taskStatus":0},"success":true}}

日常赚钱任务       完成状态
 任务能手         已完成 1/1
 入小游戏         已完成 1/1
 关注商品         未完成 3/4
 开会员卡         未完成 0/1
 分享游戏         未完成 0/1
 逛会场          未完成 0/6
 关注店铺         未完成 0/3
 去购物          未完成 0/1
 卖货能手         未完成 0/1
开始关注店铺
关注商品领蓝币结果{"code":0,"data":{"bizCode":0,"bizMsg":"","result":{"finishNum":4,"targetNum":4,"taskId":"MfgquqEZhqAStQbR9niCimVacyH","taskStatus":1},"success":true}}

日常赚钱任务       完成状态
 任务能手         已完成 1/1
 入小游戏         已完成 1/1
 关注商品         已完成 4/4
 开会员卡         未完成 0/1
 分享游戏         未完成 0/1
 逛会场          未完成 0/6
 关注店铺         未完成 0/3
 去购物          未完成 0/1
 卖货能手         未完成 0/1

领取做完任务的奖励{"code":0,"data":{"bizCode":0,"bizMsg":"success","result":{"blueCoin":2000,"taskId":"MfgquqEZhqAStQbR9niCimVacyH","totalBlueCoin":1512907,"type":10},"success":true}}

开始开卡领蓝币任务
开卡领蓝币结果{"code":0,"data":{"bizCode":304,"bizMsg":"未完成CRM开卡操作","success":false}}
邀请好友得蓝币结果{"code":0,"data":{"bizCode":0,"bizMsg":"","result":{"finishNum":1,"targetNum":1,"taskId":"LMWuxD3f32zSfoEHaVeZeCW6Dg9","taskStatus":1},"success":true}}
开始逛会场
浏览会场得蓝币结果{"code":0,"data":{"bizCode":0,"bizMsg":"","result":{"finishNum":1,"targetNum":6,"taskId":"aThs1AwfN1wgCarjU6SxM2WfMyR","taskStatus":0},"success":true}}

日常赚钱任务       完成状态
 任务能手         已完成 1/1
 入小游戏         已完成 1/1
 关注商品         已完成 4/4
 开会员卡         未完成 0/1
 分享游戏         已完成 1/1
 逛会场          未完成 1/6
 关注店铺         未完成 0/3
 去购物          未完成 0/1
 卖货能手         未完成 0/1
开始开卡领蓝币任务
开卡领蓝币结果{"code":0,"data":{"bizCode":304,"bizMsg":"未完成CRM开卡操作","success":false}}

领取做完任务的奖励{"code":0,"data":{"bizCode":0,"bizMsg":"success","result":{"blueCoin":2000,"taskId":"LMWuxD3f32zSfoEHaVeZeCW6Dg9","totalBlueCoin":1514907,"type":1},"success":true}}

开始逛会场
浏览会场得蓝币结果{"code":0,"data":{"bizCode":0,"bizMsg":"","result":{"finishNum":2,"targetNum":6,"taskId":"aThs1AwfN1wgCarjU6SxM2WfMyR","taskStatus":0},"success":true}}

日常赚钱任务       完成状态
 任务能手         已完成 1/1
 入小游戏         已完成 1/1
 关注商品         已完成 4/4
 开会员卡         未完成 0/1
 分享游戏         已完成 1/1
 逛会场          未完成 2/6
 关注店铺         未完成 0/3
 去购物          未完成 0/1
 卖货能手         未完成 0/1
开始开卡领蓝币任务
开卡领蓝币结果{"code":0,"data":{"bizCode":304,"bizMsg":"未完成CRM开卡操作","success":false}}
开始逛会场
浏览会场得蓝币结果{"code":0,"data":{"bizCode":0,"bizMsg":"","result":{"finishNum":3,"targetNum":6,"taskId":"aThs1AwfN1wgCarjU6SxM2WfMyR","taskStatus":0},"success":true}}

日常赚钱任务       完成状态
 任务能手         已完成 1/1
 入小游戏         已完成 1/1
 关注商品         已完成 4/4
 开会员卡         未完成 0/1
 分享游戏         已完成 1/1
 逛会场          未完成 3/6
 关注店铺         未完成 0/3
 去购物          未完成 0/1
 卖货能手         未完成 0/1
开始开卡领蓝币任务
开卡领蓝币结果{"code":0,"data":{"bizCode":304,"bizMsg":"未完成CRM开卡操作","success":false}}
开始逛会场
浏览会场得蓝币结果{"code":0,"data":{"bizCode":0,"bizMsg":"","result":{"finishNum":4,"targetNum":6,"taskId":"aThs1AwfN1wgCarjU6SxM2WfMyR","taskStatus":0},"success":true}}

日常赚钱任务       完成状态
 任务能手         已完成 1/1
 入小游戏         已完成 1/1
 关注商品         已完成 4/4
 开会员卡         未完成 0/1
 分享游戏         已完成 1/1
 逛会场          未完成 4/6
 关注店铺         未完成 0/3
 去购物          未完成 0/1
 卖货能手         未完成 0/1
开始开卡领蓝币任务
开卡领蓝币结果{"code":0,"data":{"bizCode":304,"bizMsg":"未完成CRM开卡操作","success":false}}
开始逛会场
浏览会场得蓝币结果{"code":0,"data":{"bizCode":0,"bizMsg":"","result":{"finishNum":5,"targetNum":6,"taskId":"aThs1AwfN1wgCarjU6SxM2WfMyR","taskStatus":0},"success":true}}

日常赚钱任务       完成状态
 任务能手         已完成 1/1
 入小游戏         已完成 1/1
 关注商品         已完成 4/4
 开会员卡         未完成 0/1
 分享游戏         已完成 1/1
 逛会场          未完成 5/6
 关注店铺         未完成 0/3
 去购物          未完成 0/1
 卖货能手         未完成 0/1
开始开卡领蓝币任务
开卡领蓝币结果{"code":0,"data":{"bizCode":304,"bizMsg":"未完成CRM开卡操作","success":false}}
开始逛会场
浏览会场得蓝币结果{"code":0,"data":{"bizCode":0,"bizMsg":"","result":{"finishNum":6,"targetNum":6,"taskId":"aThs1AwfN1wgCarjU6SxM2WfMyR","taskStatus":1},"success":true}}

日常赚钱任务       完成状态
 任务能手         已完成 1/1
 入小游戏         已完成 1/1
 关注商品         已完成 4/4
 开会员卡         未完成 0/1
 分享游戏         已完成 1/1
 逛会场          已完成 6/6
 关注店铺         未完成 0/3
 去购物          未完成 0/1
 卖货能手         未完成 0/1
开始开卡领蓝币任务
开卡领蓝币结果{"code":0,"data":{"bizCode":304,"bizMsg":"未完成CRM开卡操作","success":false}}

领取做完任务的奖励{"code":0,"data":{"bizCode":0,"bizMsg":"success","result":{"blueCoin":3000,"taskId":"aThs1AwfN1wgCarjU6SxM2WfMyR","totalBlueCoin":1517907,"type":2},"success":true}}

开始关注店铺
关注店铺得蓝币结果{"code":0,"data":{"bizCode":0,"bizMsg":"","result":{"finishNum":1,"targetNum":3,"taskId":"3fcpzz1nDRPATqMUPHagJbuBPiVX","taskStatus":0},"success":true}}

日常赚钱任务       完成状态
 任务能手         已完成 1/1
 入小游戏         已完成 1/1
 关注商品         已完成 4/4
 开会员卡         未完成 0/1
 分享游戏         已完成 1/1
 逛会场          已完成 6/6
 关注店铺         未完成 1/3
 去购物          未完成 0/1
 卖货能手         未完成 0/1
开始开卡领蓝币任务
开卡领蓝币结果{"code":0,"data":{"bizCode":304,"bizMsg":"未完成CRM开卡操作","success":false}}
开始关注店铺
关注店铺得蓝币结果{"code":0,"data":{"bizCode":0,"bizMsg":"","result":{"finishNum":2,"targetNum":3,"taskId":"3fcpzz1nDRPATqMUPHagJbuBPiVX","taskStatus":0},"success":true}}

日常赚钱任务       完成状态
 任务能手         已完成 1/1
 入小游戏         已完成 1/1
 关注商品         已完成 4/4
 开会员卡         未完成 0/1
 分享游戏         已完成 1/1
 逛会场          已完成 6/6
 关注店铺         未完成 2/3
 去购物          未完成 0/1
 卖货能手         未完成 0/1
开始开卡领蓝币任务
开卡领蓝币结果{"code":0,"data":{"bizCode":304,"bizMsg":"未完成CRM开卡操作","success":false}}
开始关注店铺
关注店铺得蓝币结果{"code":0,"data":{"bizCode":0,"bizMsg":"","result":{"finishNum":3,"targetNum":3,"taskId":"3fcpzz1nDRPATqMUPHagJbuBPiVX","taskStatus":1},"success":true}}

日常赚钱任务       完成状态
 任务能手         已完成 1/1
 入小游戏         已完成 1/1
 关注商品         已完成 4/4
 开会员卡         未完成 0/1
 分享游戏         已完成 1/1
 逛会场          已完成 6/6
 关注店铺         已完成 3/3
 去购物          未完成 0/1
 卖货能手         未完成 0/1
开始开卡领蓝币任务
开卡领蓝币结果{"code":0,"data":{"bizCode":304,"bizMsg":"未完成CRM开卡操作","success":false}}

领取做完任务的奖励{"code":0,"data":{"bizCode":0,"bizMsg":"success","result":{"blueCoin":2000,"taskId":"3fcpzz1nDRPATqMUPHagJbuBPiVX","totalBlueCoin":1519907,"type":8},"success":true}}

开始关注店铺
关注店铺得蓝币结果{"code":0,"data":{"bizCode":0,"result":{"finishNum":3,"targetNum":3,"taskId":"3fcpzz1nDRPATqMUPHagJbuBPiVX","taskStatus":1},"success":true}}

日常赚钱任务       完成状态
 任务能手         已完成 1/1
 入小游戏         已完成 1/1
 关注商品         已完成 4/4
 开会员卡         未完成 0/1
 分享游戏         已完成 1/1
 逛会场          已完成 6/6
 关注店铺         已完成 3/3
 去购物          未完成 0/1
 卖货能手         未完成 0/1
开始开卡领蓝币任务
开卡领蓝币结果{"code":0,"data":{"bizCode":304,"bizMsg":"未完成CRM开卡操作","success":false}}
开始关注店铺
关注店铺得蓝币结果{"code":0,"data":{"bizCode":0,"result":{"finishNum":3,"targetNum":3,"taskId":"3fcpzz1nDRPATqMUPHagJbuBPiVX","taskStatus":1},"success":true}}

日常赚钱任务       完成状态
 任务能手         已完成 1/1
 入小游戏         已完成 1/1
 关注商品         已完成 4/4
 开会员卡         未完成 0/1
 分享游戏         已完成 1/1
 逛会场          已完成 6/6
 关注店铺         已完成 3/3
 去购物          未完成 0/1
 卖货能手         未完成 0/1
开始开卡领蓝币任务
开卡领蓝币结果{"code":0,"data":{"bizCode":304,"bizMsg":"未完成CRM开卡操作","success":false}}
开始关注店铺
关注店铺得蓝币结果{"code":0,"data":{"bizCode":0,"result":{"finishNum":3,"targetNum":3,"taskId":"3fcpzz1nDRPATqMUPHagJbuBPiVX","taskStatus":1},"success":true}}

日常赚钱任务       完成状态
 任务能手         已完成 1/1
 入小游戏         已完成 1/1
 关注商品         已完成 4/4
 开会员卡         未完成 0/1
 分享游戏         已完成 1/1
 逛会场          已完成 6/6
 关注店铺         已完成 3/3
 去购物          未完成 0/1
 卖货能手         未完成 0/1
开始开卡领蓝币任务
开卡领蓝币结果{"code":0,"data":{"bizCode":304,"bizMsg":"未完成CRM开卡操作","success":false}}
开始关注店铺
关注店铺得蓝币结果{"code":0,"data":{"bizCode":0,"result":{"finishNum":3,"targetNum":3,"taskId":"3fcpzz1nDRPATqMUPHagJbuBPiVX","taskStatus":1},"success":true}}

日常赚钱任务       完成状态
 任务能手         已完成 1/1
 入小游戏         已完成 1/1
 关注商品         已完成 4/4
 开会员卡         未完成 0/1
 分享游戏         已完成 1/1
 逛会场          已完成 6/6
 关注店铺         已完成 3/3
 去购物          未完成 0/1
 卖货能手         未完成 0/1
开始开卡领蓝币任务
开卡领蓝币结果{"code":0,"data":{"bizCode":304,"bizMsg":"未完成CRM开卡操作","success":false}}
开始关注店铺
关注店铺得蓝币结果{"code":0,"data":{"bizCode":0,"result":{"finishNum":3,"targetNum":3,"taskId":"3fcpzz1nDRPATqMUPHagJbuBPiVX","taskStatus":1},"success":true}}

日常赚钱任务       完成状态
 任务能手         已完成 1/1
 入小游戏         已完成 1/1
 关注商品         已完成 4/4
 开会员卡         未完成 0/1
 分享游戏         已完成 1/1
 逛会场          已完成 6/6
 关注店铺         已完成 3/3
 去购物          未完成 0/1
 卖货能手         未完成 0/1
开始开卡领蓝币任务
开卡领蓝币结果{"code":0,"data":{"bizCode":304,"bizMsg":"未完成CRM开卡操作","success":false}}
开始关注店铺
关注店铺得蓝币结果{"code":0,"data":{"bizCode":0,"result":{"finishNum":3,"targetNum":3,"taskId":"3fcpzz1nDRPATqMUPHagJbuBPiVX","taskStatus":1},"success":true}}

日常赚钱任务       完成状态
 任务能手         已完成 1/1
 入小游戏         已完成 1/1
 关注商品         已完成 4/4
 开会员卡         未完成 0/1
 分享游戏         已完成 1/1
 逛会场          已完成 6/6
 关注店铺         已完成 3/3
 去购物          未完成 0/1
 卖货能手         未完成 0/1
开始开卡领蓝币任务
开卡领蓝币结果{"code":0,"data":{"bizCode":304,"bizMsg":"未完成CRM开卡操作","success":false}}
开始开卡领蓝币任务
开卡领蓝币结果{"code":0,"data":{"bizCode":304,"bizMsg":"未完成CRM开卡操作","success":false}}
邀请好友得蓝币结果{"code":0,"data":{"bizCode":0,"result":{"finishNum":1,"targetNum":1,"taskId":"LMWuxD3f32zSfoEHaVeZeCW6Dg9","taskStatus":1},"success":true}}
开始逛会场
浏览会场得蓝币结果{"code":0,"data":{"bizCode":0,"result":{"finishNum":6,"targetNum":6,"taskId":"aThs1AwfN1wgCarjU6SxM2WfMyR","taskStatus":1},"success":true}}

日常赚钱任务       完成状态
 任务能手         已完成 1/1
 入小游戏         已完成 1/1
 关注商品         已完成 4/4
 开会员卡         未完成 0/1
 分享游戏         已完成 1/1
 逛会场          已完成 6/6
 关注店铺         已完成 3/3
 去购物          未完成 0/1
 卖货能手         未完成 0/1
开始开卡领蓝币任务
开卡领蓝币结果{"code":0,"data":{"bizCode":304,"bizMsg":"未完成CRM开卡操作","success":false}}
开始关注店铺
关注店铺得蓝币结果{"code":0,"data":{"bizCode":0,"result":{"finishNum":3,"targetNum":3,"taskId":"3fcpzz1nDRPATqMUPHagJbuBPiVX","taskStatus":1},"success":true}}

日常赚钱任务       完成状态
 任务能手         已完成 1/1
 入小游戏         已完成 1/1
 关注商品         已完成 4/4
 开会员卡         未完成 0/1
 分享游戏         已完成 1/1
 逛会场          已完成 6/6
 关注店铺         已完成 3/3
 去购物          未完成 0/1
 卖货能手         未完成 0/1
开始开卡领蓝币任务
开卡领蓝币结果{"code":0,"data":{"bizCode":304,"bizMsg":"未完成CRM开卡操作","success":false}}
开始开卡领蓝币任务
开卡领蓝币结果{"code":0,"data":{"bizCode":304,"bizMsg":"未完成CRM开卡操作","success":false}}
邀请好友得蓝币结果{"code":0,"data":{"bizCode":0,"result":{"finishNum":1,"targetNum":1,"taskId":"LMWuxD3f32zSfoEHaVeZeCW6Dg9","taskStatus":1},"success":true}}
开始逛会场
浏览会场得蓝币结果{"code":0,"data":{"bizCode":0,"result":{"finishNum":6,"targetNum":6,"taskId":"aThs1AwfN1wgCarjU6SxM2WfMyR","taskStatus":1},"success":true}}

日常赚钱任务       完成状态
 任务能手         已完成 1/1
 入小游戏         已完成 1/1
 关注商品         已完成 4/4
 开会员卡         未完成 0/1
 分享游戏         已完成 1/1
 逛会场          已完成 6/6
 关注店铺         已完成 3/3
 去购物          未完成 0/1
 卖货能手         未完成 0/1
开始开卡领蓝币任务
开卡领蓝币结果{"code":0,"data":{"bizCode":304,"bizMsg":"未完成CRM开卡操作","success":false}}
开始关注店铺
关注店铺得蓝币结果{"code":0,"data":{"bizCode":0,"result":{"finishNum":3,"targetNum":3,"taskId":"3fcpzz1nDRPATqMUPHagJbuBPiVX","taskStatus":1},"success":true}}

日常赚钱任务       完成状态
 任务能手         已完成 1/1
 入小游戏         已完成 1/1
 关注商品         已完成 4/4
 开会员卡         未完成 0/1
 分享游戏         已完成 1/1
 逛会场          已完成 6/6
 关注店铺         已完成 3/3
 去购物          未完成 0/1
 卖货能手         未完成 0/1
开始开卡领蓝币任务
开卡领蓝币结果{"code":0,"data":{"bizCode":304,"bizMsg":"未完成CRM开卡操作","success":false}}
开始开卡领蓝币任务
开卡领蓝币结果{"code":0,"data":{"bizCode":304,"bizMsg":"未完成CRM开卡操作","success":false}}
邀请好友得蓝币结果{"code":0,"data":{"bizCode":0,"result":{"finishNum":1,"targetNum":1,"taskId":"LMWuxD3f32zSfoEHaVeZeCW6Dg9","taskStatus":1},"success":true}}
开始逛会场
浏览会场得蓝币结果{"code":0,"data":{"bizCode":0,"result":{"finishNum":6,"targetNum":6,"taskId":"aThs1AwfN1wgCarjU6SxM2WfMyR","taskStatus":1},"success":true}}

日常赚钱任务       完成状态
 任务能手         已完成 1/1
 入小游戏         已完成 1/1
 关注商品         已完成 4/4
 开会员卡         未完成 0/1
 分享游戏         已完成 1/1
 逛会场          已完成 6/6
 关注店铺         已完成 3/3
 去购物          未完成 0/1
 卖货能手         未完成 0/1
开始开卡领蓝币任务
开卡领蓝币结果{"code":0,"data":{"bizCode":304,"bizMsg":"未完成CRM开卡操作","success":false}}
开始关注店铺
关注店铺得蓝币结果{"code":0,"data":{"bizCode":0,"result":{"finishNum":3,"targetNum":3,"taskId":"3fcpzz1nDRPATqMUPHagJbuBPiVX","taskStatus":1},"success":true}}

日常赚钱任务       完成状态
 任务能手         已完成 1/1
 入小游戏         已完成 1/1
 关注商品         已完成 4/4
 开会员卡         未完成 0/1
 分享游戏         已完成 1/1
 逛会场          已完成 6/6
 关注店铺         已完成 3/3
 去购物          未完成 0/1
 卖货能手         未完成 0/1
开始开卡领蓝币任务
开卡领蓝币结果{"code":0,"data":{"bizCode":304,"bizMsg":"未完成CRM开卡操作","success":false}}
开始开卡领蓝币任务
开卡领蓝币结果{"code":0,"data":{"bizCode":304,"bizMsg":"未完成CRM开卡操作","success":false}}
邀请好友得蓝币结果{"code":0,"data":{"bizCode":0,"result":{"finishNum":1,"targetNum":1,"taskId":"LMWuxD3f32zSfoEHaVeZeCW6Dg9","taskStatus":1},"success":true}}
开始逛会场
浏览会场得蓝币结果{"code":0,"data":{"bizCode":0,"result":{"finishNum":6,"targetNum":6,"taskId":"aThs1AwfN1wgCarjU6SxM2WfMyR","taskStatus":1},"success":true}}

日常赚钱任务       完成状态
 任务能手         已完成 1/1
 入小游戏         已完成 1/1
 关注商品         已完成 4/4
 开会员卡         未完成 0/1
 分享游戏         已完成 1/1
 逛会场          已完成 6/6
 关注店铺         已完成 3/3
 去购物          未完成 0/1
 卖货能手         未完成 0/1
开始开卡领蓝币任务
开卡领蓝币结果{"code":0,"data":{"bizCode":304,"bizMsg":"未完成CRM开卡操作","success":false}}
开始关注店铺
关注店铺得蓝币结果{"code":0,"data":{"bizCode":0,"result":{"finishNum":3,"targetNum":3,"taskId":"3fcpzz1nDRPATqMUPHagJbuBPiVX","taskStatus":1},"success":true}}

日常赚钱任务       完成状态
 任务能手         已完成 1/1
 入小游戏         已完成 1/1
 关注商品         已完成 4/4
 开会员卡         未完成 0/1
 分享游戏         已完成 1/1
 逛会场          已完成 6/6
 关注店铺         已完成 3/3
 去购物          未完成 0/1
 卖货能手         未完成 0/1
开始开卡领蓝币任务
开卡领蓝币结果{"code":0,"data":{"bizCode":304,"bizMsg":"未完成CRM开卡操作","success":false}}

注意⚠:东东超市抽奖已改版,花费500蓝币抽奖一次,现在脚本默认已关闭抽奖功能

设置的为不抽奖

普通货架可升级

店铺升级结果:{"code":0,"data":{"bizCode":0,"bizMsg":"success","result":{"category":1,"id":"shelf-1","level":17,"name":"普通货架","status":0,"turnoverSpeed":13.4},"success":true},"msg":"调用成功"}

[冰柜] 未解锁
[水果摊] 未解锁
[酒柜] 未解锁
店铺升级奖励获取:2500蓝币


收取营业额：获得 19088蓝币

【京东账号1】迷糊虫啊
【收取小费】今日小费已达上限
【第3日签到】当日已签到
【店铺等级】30
【总蓝币】1522407个


开始【京东账号2】孤傲的小小瞒


{"code":0,"data":{"bizCode":231,"bizMsg":"战队PK功能暂被关闭","success":false}}

收取蓝币失败：今日小费已达上限
每天从指定入口进入游戏,可获得额外奖励:{"code":0,"data":{"bizCode":0,"bizMsg":"success","result":{},"success":true},"msg":"调用成功"}

日常赚钱任务       完成状态
 任务能手         已完成 1/1
 入小游戏         已完成 1/1
 关注商品         未完成 0/4
 开会员卡         未完成 0/1
 分享游戏         未完成 0/1
 逛会场          未完成 0/6
 关注店铺         未完成 0/3
 去购物          未完成 0/1
 卖货能手         未完成 0/1

领取做完任务的奖励{"code":0,"data":{"bizCode":0,"bizMsg":"success","result":{"blueCoin":2000,"taskId":"2kAoB7fjRLPMHmi4PBEY74iq7FT3","totalBlueCoin":1486738,"type":11},"success":true}}

开始关注店铺
关注商品领蓝币结果{"code":0,"data":{"bizCode":0,"bizMsg":"","result":{"finishNum":1,"targetNum":4,"taskId":"MfgquqEZhqAStQbR9niCimVacyH","taskStatus":0},"success":true}}

日常赚钱任务       完成状态
 任务能手         已完成 1/1
 入小游戏         已完成 1/1
 关注商品         未完成 1/4
 开会员卡         未完成 0/1
 分享游戏         未完成 0/1
 逛会场          未完成 0/6
 关注店铺         未完成 0/3
 去购物          未完成 0/1
 卖货能手         未完成 0/1
开始关注店铺
关注商品领蓝币结果{"code":0,"data":{"bizCode":0,"bizMsg":"","result":{"finishNum":2,"targetNum":4,"taskId":"MfgquqEZhqAStQbR9niCimVacyH","taskStatus":0},"success":true}}

日常赚钱任务       完成状态
 任务能手         已完成 1/1
 入小游戏         已完成 1/1
 关注商品         未完成 2/4
 开会员卡         未完成 0/1
 分享游戏         未完成 0/1
 逛会场          未完成 0/6
 关注店铺         未完成 0/3
 去购物          未完成 0/1
 卖货能手         未完成 0/1
开始关注店铺
关注商品领蓝币结果{"code":0,"data":{"bizCode":0,"bizMsg":"","result":{"finishNum":3,"targetNum":4,"taskId":"MfgquqEZhqAStQbR9niCimVacyH","taskStatus":0},"success":true}}

日常赚钱任务       完成状态
 任务能手         已完成 1/1
 入小游戏         已完成 1/1
 关注商品         未完成 3/4
 开会员卡         未完成 0/1
 分享游戏         未完成 0/1
 逛会场          未完成 0/6
 关注店铺         未完成 0/3
 去购物          未完成 0/1
 卖货能手         未完成 0/1
开始关注店铺
关注商品领蓝币结果{"code":0,"data":{"bizCode":0,"bizMsg":"","result":{"finishNum":4,"targetNum":4,"taskId":"MfgquqEZhqAStQbR9niCimVacyH","taskStatus":1},"success":true}}

日常赚钱任务       完成状态
 任务能手         已完成 1/1
 入小游戏         已完成 1/1
 关注商品         已完成 4/4
 开会员卡         未完成 0/1
 分享游戏         未完成 0/1
 逛会场          未完成 0/6
 关注店铺         未完成 0/3
 去购物          未完成 0/1
 卖货能手         未完成 0/1

领取做完任务的奖励{"code":0,"data":{"bizCode":0,"bizMsg":"success","result":{"blueCoin":2000,"taskId":"MfgquqEZhqAStQbR9niCimVacyH","totalBlueCoin":1488738,"type":10},"success":true}}

开始开卡领蓝币任务
开卡领蓝币结果{"code":0,"data":{"bizCode":304,"bizMsg":"未完成CRM开卡操作","success":false}}
邀请好友得蓝币结果{"code":0,"data":{"bizCode":0,"bizMsg":"","result":{"finishNum":1,"targetNum":1,"taskId":"LMWuxD3f32zSfoEHaVeZeCW6Dg9","taskStatus":1},"success":true}}
开始逛会场
浏览会场得蓝币结果{"code":0,"data":{"bizCode":0,"bizMsg":"","result":{"finishNum":1,"targetNum":6,"taskId":"aThs1AwfN1wgCarjU6SxM2WfMyR","taskStatus":0},"success":true}}

日常赚钱任务       完成状态
 任务能手         已完成 1/1
 入小游戏         已完成 1/1
 关注商品         已完成 4/4
 开会员卡         未完成 0/1
 分享游戏         已完成 1/1
 逛会场          未完成 1/6
 关注店铺         未完成 0/3
 去购物          未完成 0/1
 卖货能手         未完成 0/1
开始开卡领蓝币任务
开卡领蓝币结果{"code":0,"data":{"bizCode":304,"bizMsg":"未完成CRM开卡操作","success":false}}

领取做完任务的奖励{"code":0,"data":{"bizCode":0,"bizMsg":"success","result":{"blueCoin":2000,"taskId":"LMWuxD3f32zSfoEHaVeZeCW6Dg9","totalBlueCoin":1490738,"type":1},"success":true}}

开始逛会场
浏览会场得蓝币结果{"code":0,"data":{"bizCode":0,"bizMsg":"","result":{"finishNum":2,"targetNum":6,"taskId":"aThs1AwfN1wgCarjU6SxM2WfMyR","taskStatus":0},"success":true}}

日常赚钱任务       完成状态
 任务能手         已完成 1/1
 入小游戏         已完成 1/1
 关注商品         已完成 4/4
 开会员卡         未完成 0/1
 分享游戏         已完成 1/1
 逛会场          未完成 2/6
 关注店铺         未完成 0/3
 去购物          未完成 0/1
 卖货能手         未完成 0/1
开始开卡领蓝币任务
开卡领蓝币结果{"code":0,"data":{"bizCode":304,"bizMsg":"未完成CRM开卡操作","success":false}}
开始逛会场
浏览会场得蓝币结果{"code":0,"data":{"bizCode":0,"bizMsg":"","result":{"finishNum":3,"targetNum":6,"taskId":"aThs1AwfN1wgCarjU6SxM2WfMyR","taskStatus":0},"success":true}}

日常赚钱任务       完成状态
 任务能手         已完成 1/1
 入小游戏         已完成 1/1
 关注商品         已完成 4/4
 开会员卡         未完成 0/1
 分享游戏         已完成 1/1
 逛会场          未完成 3/6
 关注店铺         未完成 0/3
 去购物          未完成 0/1
 卖货能手         未完成 0/1
开始开卡领蓝币任务
开卡领蓝币结果{"code":0,"data":{"bizCode":304,"bizMsg":"未完成CRM开卡操作","success":false}}
开始逛会场
浏览会场得蓝币结果{"code":0,"data":{"bizCode":0,"bizMsg":"","result":{"finishNum":4,"targetNum":6,"taskId":"aThs1AwfN1wgCarjU6SxM2WfMyR","taskStatus":0},"success":true}}

日常赚钱任务       完成状态
 任务能手         已完成 1/1
 入小游戏         已完成 1/1
 关注商品         已完成 4/4
 开会员卡         未完成 0/1
 分享游戏         已完成 1/1
 逛会场          未完成 4/6
 关注店铺         未完成 0/3
 去购物          未完成 0/1
 卖货能手         未完成 0/1
开始开卡领蓝币任务
开卡领蓝币结果{"code":0,"data":{"bizCode":304,"bizMsg":"未完成CRM开卡操作","success":false}}
开始逛会场
浏览会场得蓝币结果{"code":0,"data":{"bizCode":0,"bizMsg":"","result":{"finishNum":5,"targetNum":6,"taskId":"aThs1AwfN1wgCarjU6SxM2WfMyR","taskStatus":0},"success":true}}

日常赚钱任务       完成状态
 任务能手         已完成 1/1
 入小游戏         已完成 1/1
 关注商品         已完成 4/4
 开会员卡         未完成 0/1
 分享游戏         已完成 1/1
 逛会场          未完成 5/6
 关注店铺         未完成 0/3
 去购物          未完成 0/1
 卖货能手         未完成 0/1
开始开卡领蓝币任务
开卡领蓝币结果{"code":0,"data":{"bizCode":304,"bizMsg":"未完成CRM开卡操作","success":false}}
开始逛会场
浏览会场得蓝币结果{"code":0,"data":{"bizCode":0,"bizMsg":"","result":{"finishNum":6,"targetNum":6,"taskId":"aThs1AwfN1wgCarjU6SxM2WfMyR","taskStatus":1},"success":true}}

日常赚钱任务       完成状态
 任务能手         已完成 1/1
 入小游戏         已完成 1/1
 关注商品         已完成 4/4
 开会员卡         未完成 0/1
 分享游戏         已完成 1/1
 逛会场          已完成 6/6
 关注店铺         未完成 0/3
 去购物          未完成 0/1
 卖货能手         未完成 0/1
开始开卡领蓝币任务
开卡领蓝币结果{"code":0,"data":{"bizCode":304,"bizMsg":"未完成CRM开卡操作","success":false}}

领取做完任务的奖励{"code":0,"data":{"bizCode":0,"bizMsg":"success","result":{"blueCoin":3000,"taskId":"aThs1AwfN1wgCarjU6SxM2WfMyR","totalBlueCoin":1493738,"type":2},"success":true}}

开始关注店铺
关注店铺得蓝币结果{"code":0,"data":{"bizCode":0,"bizMsg":"","result":{"finishNum":1,"targetNum":3,"taskId":"3fcpzz1nDRPATqMUPHagJbuBPiVX","taskStatus":0},"success":true}}

日常赚钱任务       完成状态
 任务能手         已完成 1/1
 入小游戏         已完成 1/1
 关注商品         已完成 4/4
 开会员卡         未完成 0/1
 分享游戏         已完成 1/1
 逛会场          已完成 6/6
 关注店铺         未完成 1/3
 去购物          未完成 0/1
 卖货能手         未完成 0/1
开始开卡领蓝币任务
开卡领蓝币结果{"code":0,"data":{"bizCode":304,"bizMsg":"未完成CRM开卡操作","success":false}}
开始关注店铺
关注店铺得蓝币结果{"code":0,"data":{"bizCode":0,"bizMsg":"","result":{"finishNum":2,"targetNum":3,"taskId":"3fcpzz1nDRPATqMUPHagJbuBPiVX","taskStatus":0},"success":true}}

日常赚钱任务       完成状态
 任务能手         已完成 1/1
 入小游戏         已完成 1/1
 关注商品         已完成 4/4
 开会员卡         未完成 0/1
 分享游戏         已完成 1/1
 逛会场          已完成 6/6
 关注店铺         未完成 2/3
 去购物          未完成 0/1
 卖货能手         未完成 0/1
开始开卡领蓝币任务
开卡领蓝币结果{"code":0,"data":{"bizCode":304,"bizMsg":"未完成CRM开卡操作","success":false}}
开始关注店铺
关注店铺得蓝币结果{"code":0,"data":{"bizCode":106,"bizMsg":"活动太火爆了,请稍后再试","success":false}}

日常赚钱任务       完成状态
 任务能手         已完成 1/1
 入小游戏         已完成 1/1
 关注商品         已完成 4/4
 开会员卡         未完成 0/1
 分享游戏         已完成 1/1
 逛会场          已完成 6/6
 关注店铺         未完成 2/3
 去购物          未完成 0/1
 卖货能手         未完成 0/1
开始开卡领蓝币任务
开卡领蓝币结果{"code":0,"data":{"bizCode":304,"bizMsg":"未完成CRM开卡操作","success":false}}
开始关注店铺
关注店铺得蓝币结果{"code":0,"data":{"bizCode":106,"bizMsg":"活动太火爆了,请稍后再试","success":false}}

日常赚钱任务       完成状态
 任务能手         已完成 1/1
 入小游戏         已完成 1/1
 关注商品         已完成 4/4
 开会员卡         未完成 0/1
 分享游戏         已完成 1/1
 逛会场          已完成 6/6
 关注店铺         未完成 2/3
 去购物          未完成 0/1
 卖货能手         未完成 0/1
开始开卡领蓝币任务
开卡领蓝币结果{"code":0,"data":{"bizCode":304,"bizMsg":"未完成CRM开卡操作","success":false}}
开始关注店铺
关注店铺得蓝币结果{"code":0,"data":{"bizCode":0,"bizMsg":"","result":{"finishNum":3,"targetNum":3,"taskId":"3fcpzz1nDRPATqMUPHagJbuBPiVX","taskStatus":1},"success":true}}

日常赚钱任务       完成状态
 任务能手         已完成 1/1
 入小游戏         已完成 1/1
 关注商品         已完成 4/4
 开会员卡         未完成 0/1
 分享游戏         已完成 1/1
 逛会场          已完成 6/6
 关注店铺         已完成 3/3
 去购物          未完成 0/1
 卖货能手         未完成 0/1
开始开卡领蓝币任务
开卡领蓝币结果{"code":0,"data":{"bizCode":304,"bizMsg":"未完成CRM开卡操作","success":false}}

领取做完任务的奖励{"code":0,"data":{"bizCode":0,"bizMsg":"success","result":{"blueCoin":2000,"taskId":"3fcpzz1nDRPATqMUPHagJbuBPiVX","totalBlueCoin":1495738,"type":8},"success":true}}

开始关注店铺
关注店铺得蓝币结果{"code":0,"data":{"bizCode":0,"result":{"finishNum":3,"targetNum":3,"taskId":"3fcpzz1nDRPATqMUPHagJbuBPiVX","taskStatus":1},"success":true}}

日常赚钱任务       完成状态
 任务能手         已完成 1/1
 入小游戏         已完成 1/1
 关注商品         已完成 4/4
 开会员卡         未完成 0/1
 分享游戏         已完成 1/1
 逛会场          已完成 6/6
 关注店铺         已完成 3/3
 去购物          未完成 0/1
 卖货能手         未完成 0/1
开始开卡领蓝币任务
开卡领蓝币结果{"code":0,"data":{"bizCode":304,"bizMsg":"未完成CRM开卡操作","success":false}}
开始关注店铺
关注店铺得蓝币结果{"code":0,"data":{"bizCode":0,"result":{"finishNum":3,"targetNum":3,"taskId":"3fcpzz1nDRPATqMUPHagJbuBPiVX","taskStatus":1},"success":true}}

日常赚钱任务       完成状态
 任务能手         已完成 1/1
 入小游戏         已完成 1/1
 关注商品         已完成 4/4
 开会员卡         未完成 0/1
 分享游戏         已完成 1/1
 逛会场          已完成 6/6
 关注店铺         已完成 3/3
 去购物          未完成 0/1
 卖货能手         未完成 0/1
开始开卡领蓝币任务
开卡领蓝币结果{"code":0,"data":{"bizCode":304,"bizMsg":"未完成CRM开卡操作","success":false}}
开始关注店铺
关注店铺得蓝币结果{"code":0,"data":{"bizCode":0,"result":{"finishNum":3,"targetNum":3,"taskId":"3fcpzz1nDRPATqMUPHagJbuBPiVX","taskStatus":1},"success":true}}

日常赚钱任务       完成状态
 任务能手         已完成 1/1
 入小游戏         已完成 1/1
 关注商品         已完成 4/4
 开会员卡         未完成 0/1
 分享游戏         已完成 1/1
 逛会场          已完成 6/6
 关注店铺         已完成 3/3
 去购物          未完成 0/1
 卖货能手         未完成 0/1
开始开卡领蓝币任务
开卡领蓝币结果{"code":0,"data":{"bizCode":304,"bizMsg":"未完成CRM开卡操作","success":false}}
开始关注店铺
关注店铺得蓝币结果{"code":0,"data":{"bizCode":0,"result":{"finishNum":3,"targetNum":3,"taskId":"3fcpzz1nDRPATqMUPHagJbuBPiVX","taskStatus":1},"success":true}}

日常赚钱任务       完成状态
 任务能手         已完成 1/1
 入小游戏         已完成 1/1
 关注商品         已完成 4/4
 开会员卡         未完成 0/1
 分享游戏         已完成 1/1
 逛会场          已完成 6/6
 关注店铺         已完成 3/3
 去购物          未完成 0/1
 卖货能手         未完成 0/1
开始开卡领蓝币任务
开卡领蓝币结果{"code":0,"data":{"bizCode":304,"bizMsg":"未完成CRM开卡操作","success":false}}
开始关注店铺
关注店铺得蓝币结果{"code":0,"data":{"bizCode":0,"result":{"finishNum":3,"targetNum":3,"taskId":"3fcpzz1nDRPATqMUPHagJbuBPiVX","taskStatus":1},"success":true}}

日常赚钱任务       完成状态
 任务能手         已完成 1/1
 入小游戏         已完成 1/1
 关注商品         已完成 4/4
 开会员卡         未完成 0/1
 分享游戏         已完成 1/1
 逛会场          已完成 6/6
 关注店铺         已完成 3/3
 去购物          未完成 0/1
 卖货能手         未完成 0/1
开始开卡领蓝币任务
开卡领蓝币结果{"code":0,"data":{"bizCode":304,"bizMsg":"未完成CRM开卡操作","success":false}}
开始关注店铺
关注店铺得蓝币结果{"code":0,"data":{"bizCode":0,"result":{"finishNum":3,"targetNum":3,"taskId":"3fcpzz1nDRPATqMUPHagJbuBPiVX","taskStatus":1},"success":true}}

日常赚钱任务       完成状态
 任务能手         已完成 1/1
 入小游戏         已完成 1/1
 关注商品         已完成 4/4
 开会员卡         未完成 0/1
 分享游戏         已完成 1/1
 逛会场          已完成 6/6
 关注店铺         已完成 3/3
 去购物          未完成 0/1
 卖货能手         未完成 0/1
开始开卡领蓝币任务
开卡领蓝币结果{"code":0,"data":{"bizCode":304,"bizMsg":"未完成CRM开卡操作","success":false}}
开始开卡领蓝币任务
开卡领蓝币结果{"code":0,"data":{"bizCode":304,"bizMsg":"未完成CRM开卡操作","success":false}}
邀请好友得蓝币结果{"code":0,"data":{"bizCode":0,"result":{"finishNum":1,"targetNum":1,"taskId":"LMWuxD3f32zSfoEHaVeZeCW6Dg9","taskStatus":1},"success":true}}
开始逛会场
浏览会场得蓝币结果{"code":0,"data":{"bizCode":0,"result":{"finishNum":6,"targetNum":6,"taskId":"aThs1AwfN1wgCarjU6SxM2WfMyR","taskStatus":1},"success":true}}
开始关注店铺
关注店铺得蓝币结果{"code":0,"data":{"bizCode":0,"result":{"finishNum":3,"targetNum":3,"taskId":"3fcpzz1nDRPATqMUPHagJbuBPiVX","taskStatus":1},"success":true}}
开始开卡领蓝币任务
开卡领蓝币结果{"code":0,"data":{"bizCode":304,"bizMsg":"未完成CRM开卡操作","success":false}}
邀请好友得蓝币结果{"code":0,"data":{"bizCode":0,"result":{"finishNum":1,"targetNum":1,"taskId":"LMWuxD3f32zSfoEHaVeZeCW6Dg9","taskStatus":1},"success":true}}
开始逛会场
浏览会场得蓝币结果{"code":0,"data":{"bizCode":0,"result":{"finishNum":6,"targetNum":6,"taskId":"aThs1AwfN1wgCarjU6SxM2WfMyR","taskStatus":1},"success":true}}

日常赚钱任务       完成状态
 任务能手         已完成 1/1
 入小游戏         已完成 1/1
 关注商品         已完成 4/4
 开会员卡         未完成 0/1
 分享游戏         已完成 1/1
 逛会场          已完成 6/6
 关注店铺         已完成 3/3
 去购物          未完成 0/1
 卖货能手         未完成 0/1
开始开卡领蓝币任务
开卡领蓝币结果{"code":0,"data":{"bizCode":304,"bizMsg":"未完成CRM开卡操作","success":false}}
开始关注店铺
关注店铺得蓝币结果{"code":0,"data":{"bizCode":0,"result":{"finishNum":3,"targetNum":3,"taskId":"3fcpzz1nDRPATqMUPHagJbuBPiVX","taskStatus":1},"success":true}}

日常赚钱任务       完成状态
 任务能手         已完成 1/1
 入小游戏         已完成 1/1
 关注商品         已完成 4/4
 开会员卡         未完成 0/1
 分享游戏         已完成 1/1
 逛会场          已完成 6/6
 关注店铺         已完成 3/3
 去购物          未完成 0/1
 卖货能手         未完成 0/1
开始开卡领蓝币任务
开卡领蓝币结果{"code":0,"data":{"bizCode":304,"bizMsg":"未完成CRM开卡操作","success":false}}
开始开卡领蓝币任务
开卡领蓝币结果{"code":0,"data":{"bizCode":304,"bizMsg":"未完成CRM开卡操作","success":false}}
邀请好友得蓝币结果{"code":0,"data":{"bizCode":0,"result":{"finishNum":1,"targetNum":1,"taskId":"LMWuxD3f32zSfoEHaVeZeCW6Dg9","taskStatus":1},"success":true}}
开始逛会场
浏览会场得蓝币结果{"code":0,"data":{"bizCode":0,"result":{"finishNum":6,"targetNum":6,"taskId":"aThs1AwfN1wgCarjU6SxM2WfMyR","taskStatus":1},"success":true}}

日常赚钱任务       完成状态
 任务能手         已完成 1/1
 入小游戏         已完成 1/1
 关注商品         已完成 4/4
 开会员卡         未完成 0/1
 分享游戏         已完成 1/1
 逛会场          已完成 6/6
 关注店铺         已完成 3/3
 去购物          未完成 0/1
 卖货能手         未完成 0/1
开始开卡领蓝币任务
开卡领蓝币结果{"code":0,"data":{"bizCode":304,"bizMsg":"未完成CRM开卡操作","success":false}}
开始关注店铺
关注店铺得蓝币结果{"code":0,"data":{"bizCode":0,"result":{"finishNum":3,"targetNum":3,"taskId":"3fcpzz1nDRPATqMUPHagJbuBPiVX","taskStatus":1},"success":true}}

日常赚钱任务       完成状态
 任务能手         已完成 1/1
 入小游戏         已完成 1/1
 关注商品         已完成 4/4
 开会员卡         未完成 0/1
 分享游戏         已完成 1/1
 逛会场          已完成 6/6
 关注店铺         已完成 3/3
 去购物          未完成 0/1
 卖货能手         未完成 0/1
开始开卡领蓝币任务
开卡领蓝币结果{"code":0,"data":{"bizCode":304,"bizMsg":"未完成CRM开卡操作","success":false}}
开始开卡领蓝币任务
开卡领蓝币结果{"code":0,"data":{"bizCode":304,"bizMsg":"未完成CRM开卡操作","success":false}}
邀请好友得蓝币结果{"code":0,"data":{"bizCode":0,"result":{"finishNum":1,"targetNum":1,"taskId":"LMWuxD3f32zSfoEHaVeZeCW6Dg9","taskStatus":1},"success":true}}
开始逛会场
浏览会场得蓝币结果{"code":0,"data":{"bizCode":0,"result":{"finishNum":6,"targetNum":6,"taskId":"aThs1AwfN1wgCarjU6SxM2WfMyR","taskStatus":1},"success":true}}

日常赚钱任务       完成状态
 任务能手         已完成 1/1
 入小游戏         已完成 1/1
 关注商品         已完成 4/4
 开会员卡         未完成 0/1
 分享游戏         已完成 1/1
 逛会场          已完成 6/6
 关注店铺         已完成 3/3
 去购物          未完成 0/1
 卖货能手         未完成 0/1
开始开卡领蓝币任务
开卡领蓝币结果{"code":0,"data":{"bizCode":304,"bizMsg":"未完成CRM开卡操作","success":false}}
开始关注店铺
关注店铺得蓝币结果{"code":0,"data":{"bizCode":0,"result":{"finishNum":3,"targetNum":3,"taskId":"3fcpzz1nDRPATqMUPHagJbuBPiVX","taskStatus":1},"success":true}}

日常赚钱任务       完成状态
 任务能手         已完成 1/1
 入小游戏         已完成 1/1
 关注商品         已完成 4/4
 开会员卡         未完成 0/1
 分享游戏         已完成 1/1
 逛会场          已完成 6/6
 关注店铺         已完成 3/3
 去购物          未完成 0/1
 卖货能手         未完成 0/1
开始开卡领蓝币任务
开卡领蓝币结果{"code":0,"data":{"bizCode":304,"bizMsg":"未完成CRM开卡操作","success":false}}

注意⚠:东东超市抽奖已改版,花费500蓝币抽奖一次,现在脚本默认已关闭抽奖功能

设置的为不抽奖

普通货架可升级

店铺升级结果:{"code":0,"data":{"bizCode":0,"bizMsg":"success","result":{"category":1,"id":"shelf-1","level":23,"name":"普通货架","status":0,"turnoverSpeed":14.6},"success":true},"msg":"调用成功"}

[冰柜] 未解锁
[水果摊] 未解锁
[酒柜] 未解锁

收取营业额：获得 20836蓝币

【京东账号2】孤傲的小小瞒
【收取小费】今日小费已达上限
【第3日签到】当日已签到
【店铺等级】43
【总蓝币】1495738个


🔔东东超市, 结束! 🕛 41.52 秒

