
🔔京东种豆得豆, 开始!
开始获取种豆得豆配置文件

您的cookie选择的是用&隔开


====================共有2个京东账号Cookie=========

==================脚本执行- 北京时间(UTC+8)：2/3/2021, 10:39:46 AM=====================

您的种豆互助码选择的是用&隔开

共2个京东账号

您提供了2个账号的种豆得豆助力码


开始【京东账号1】迷糊虫啊

随机取个20码放到您固定的互助码后面(不影响已有固定互助)
第1个京东账号将要助力的好友["mze7pstbax4l7u5ggn5y2olhfy","3nwlq2wyvmz7sn4d5akh4rnrczsih2dehcx7as4ym6fgb3q7y5tq","kjno6k3dvsn4jrzs4yspokax3ud5cqqedkdv6bi","olmijoxgmjutzoaamsfbxewhiix3znzagvxr6ia","t3wos2uhwyezaynx5swaukuon4","4npkonnsy7xi3w7t26v4cdysmu7dnrx2htuhava","dvhhqbpeqvxpg57nnvohdri4ca","e7lhibzb3zek36t2vwx675d5vowhctlnyn3xmyy","mlrdw3aw26j3w2a4wkystsja4m4qqbwwlo6xfqi","4d3r557am2aqkujfuldhho3rri","fumg5vun2axaraos2beswp2be43h7wlwy7o5jii","o7eiltak46s2xyvfiapuorykrc4nvcfkjqyvbza","olmijoxgmjutyhqltstgvkdkusiii6e5brhfxry","4npkonnsy7xi3hjwozn2qzl5z63hkcerdo7qbyq","zcxjrgdpucubgw5oxw3bbtirvq","x3x7xhsua3bmi74nxknkxnzvlruubqsn2qxka2q","t5i6abfl77cxm6mxaaklbvvowbs3j3nmf6zabpy","twrjmqzspsfbjsomxo5rutmuxy","3wmn5ktjfo7ukmrwev3rc5grmq3h7wlwy7o5jii","olmijoxgmjutzeoziajimiu7n4qmjycmi63p57y","e7lhibzb3zek3khtkxtjnmxf6cv4fu7juggpttq","e7lhibzb3zek35ka77l6tz57benlzytqi2ltzri","4npkonnsy7xi2h3kdry3hallzyy7ulx63z6233a","5czw75siivhhxz64cgz2qeg32uvfit3mdgckani"]
获取任务及基本信息

【京东账号1（迷糊虫啊）的京东种豆得豆好友互助码】epes65uva7ouwjqjapg3cjtwg4

开始助力京东账号1 - 迷糊虫啊的好友: mze7pstbax4l7u5ggn5y2olhfy

开始助力好友: mze7pstbax4l7u5ggn5y2olhfy
助力结果的code:0
开始助力京东账号1 - 迷糊虫啊的好友: 3nwlq2wyvmz7sn4d5akh4rnrczsih2dehcx7as4ym6fgb3q7y5tq

开始助力好友: 3nwlq2wyvmz7sn4d5akh4rnrczsih2dehcx7as4ym6fgb3q7y5tq
助力结果的code:0
该好友今日已满9人助力/20瓶营养液,明天再来为Ta助力吧

开始助力京东账号1 - 迷糊虫啊的好友: kjno6k3dvsn4jrzs4yspokax3ud5cqqedkdv6bi

开始助力好友: kjno6k3dvsn4jrzs4yspokax3ud5cqqedkdv6bi
助力结果的code:0
开始助力京东账号1 - 迷糊虫啊的好友: olmijoxgmjutzoaamsfbxewhiix3znzagvxr6ia

开始助力好友: olmijoxgmjutzoaamsfbxewhiix3znzagvxr6ia
助力结果的code:0
开始助力京东账号1 - 迷糊虫啊的好友: t3wos2uhwyezaynx5swaukuon4

开始助力好友: t3wos2uhwyezaynx5swaukuon4
助力结果的code:0
该好友今日已满9人助力/20瓶营养液,明天再来为Ta助力吧

开始助力京东账号1 - 迷糊虫啊的好友: 4npkonnsy7xi3w7t26v4cdysmu7dnrx2htuhava

开始助力好友: 4npkonnsy7xi3w7t26v4cdysmu7dnrx2htuhava
助力结果的code:0
该好友今日已满9人助力/20瓶营养液,明天再来为Ta助力吧

开始助力京东账号1 - 迷糊虫啊的好友: dvhhqbpeqvxpg57nnvohdri4ca

开始助力好友: dvhhqbpeqvxpg57nnvohdri4ca
助力结果的code:0
该好友今日已满9人助力/20瓶营养液,明天再来为Ta助力吧

开始助力京东账号1 - 迷糊虫啊的好友: e7lhibzb3zek36t2vwx675d5vowhctlnyn3xmyy

开始助力好友: e7lhibzb3zek36t2vwx675d5vowhctlnyn3xmyy
助力结果的code:0
该好友今日已满9人助力/20瓶营养液,明天再来为Ta助力吧

开始助力京东账号1 - 迷糊虫啊的好友: mlrdw3aw26j3w2a4wkystsja4m4qqbwwlo6xfqi

开始助力好友: mlrdw3aw26j3w2a4wkystsja4m4qqbwwlo6xfqi
助力结果的code:0
该好友今日已满9人助力/20瓶营养液,明天再来为Ta助力吧

开始助力京东账号1 - 迷糊虫啊的好友: 4d3r557am2aqkujfuldhho3rri

开始助力好友: 4d3r557am2aqkujfuldhho3rri
助力结果的code:0
该好友今日已满9人助力/20瓶营养液,明天再来为Ta助力吧

开始助力京东账号1 - 迷糊虫啊的好友: fumg5vun2axaraos2beswp2be43h7wlwy7o5jii

开始助力好友: fumg5vun2axaraos2beswp2be43h7wlwy7o5jii
助力结果的code:0
该好友今日已满9人助力/20瓶营养液,明天再来为Ta助力吧

开始助力京东账号1 - 迷糊虫啊的好友: o7eiltak46s2xyvfiapuorykrc4nvcfkjqyvbza

开始助力好友: o7eiltak46s2xyvfiapuorykrc4nvcfkjqyvbza
助力结果的code:0
助力好友o7eiltak46s2xyvfiapuorykrc4nvcfkjqyvbza成功
恭喜获得1瓶助力营养液，快去培养属于你的小小豆吧

开始助力京东账号1 - 迷糊虫啊的好友: olmijoxgmjutyhqltstgvkdkusiii6e5brhfxry

开始助力好友: olmijoxgmjutyhqltstgvkdkusiii6e5brhfxry
助力结果的code:0
该好友今日已满9人助力/20瓶营养液,明天再来为Ta助力吧

开始助力京东账号1 - 迷糊虫啊的好友: 4npkonnsy7xi3hjwozn2qzl5z63hkcerdo7qbyq

开始助力好友: 4npkonnsy7xi3hjwozn2qzl5z63hkcerdo7qbyq
助力结果的code:0
该好友今日已满9人助力/20瓶营养液,明天再来为Ta助力吧

开始助力京东账号1 - 迷糊虫啊的好友: zcxjrgdpucubgw5oxw3bbtirvq

开始助力好友: zcxjrgdpucubgw5oxw3bbtirvq
助力结果的code:0
该好友今日已满9人助力/20瓶营养液,明天再来为Ta助力吧

开始助力京东账号1 - 迷糊虫啊的好友: x3x7xhsua3bmi74nxknkxnzvlruubqsn2qxka2q

开始助力好友: x3x7xhsua3bmi74nxknkxnzvlruubqsn2qxka2q
助力结果的code:0
该好友今日已满9人助力/20瓶营养液,明天再来为Ta助力吧

开始助力京东账号1 - 迷糊虫啊的好友: t5i6abfl77cxm6mxaaklbvvowbs3j3nmf6zabpy

开始助力好友: t5i6abfl77cxm6mxaaklbvvowbs3j3nmf6zabpy
助力结果的code:0
该好友今日已满9人助力/20瓶营养液,明天再来为Ta助力吧

开始助力京东账号1 - 迷糊虫啊的好友: twrjmqzspsfbjsomxo5rutmuxy

开始助力好友: twrjmqzspsfbjsomxo5rutmuxy
助力结果的code:0
该好友今日已满9人助力/20瓶营养液,明天再来为Ta助力吧

开始助力京东账号1 - 迷糊虫啊的好友: 3wmn5ktjfo7ukmrwev3rc5grmq3h7wlwy7o5jii

开始助力好友: 3wmn5ktjfo7ukmrwev3rc5grmq3h7wlwy7o5jii
助力结果的code:0
该好友今日已满9人助力/20瓶营养液,明天再来为Ta助力吧

开始助力京东账号1 - 迷糊虫啊的好友: olmijoxgmjutzeoziajimiu7n4qmjycmi63p57y

开始助力好友: olmijoxgmjutzeoziajimiu7n4qmjycmi63p57y
助力结果的code:0
该好友今日已满9人助力/20瓶营养液,明天再来为Ta助力吧

开始助力京东账号1 - 迷糊虫啊的好友: e7lhibzb3zek3khtkxtjnmxf6cv4fu7juggpttq

开始助力好友: e7lhibzb3zek3khtkxtjnmxf6cv4fu7juggpttq
助力结果的code:0
该好友今日已满9人助力/20瓶营养液,明天再来为Ta助力吧

开始助力京东账号1 - 迷糊虫啊的好友: e7lhibzb3zek35ka77l6tz57benlzytqi2ltzri

开始助力好友: e7lhibzb3zek35ka77l6tz57benlzytqi2ltzri
助力结果的code:0
该好友今日已满9人助力/20瓶营养液,明天再来为Ta助力吧

开始助力京东账号1 - 迷糊虫啊的好友: 4npkonnsy7xi2h3kdry3hallzyy7ulx63z6233a

开始助力好友: 4npkonnsy7xi2h3kdry3hallzyy7ulx63z6233a
助力结果的code:0
助力好友4npkonnsy7xi2h3kdry3hallzyy7ulx63z6233a成功
恭喜获得1瓶助力营养液，快去培养属于你的小小豆吧

开始助力京东账号1 - 迷糊虫啊的好友: 5czw75siivhhxz64cgz2qeg32uvfit3mdgckani

开始助力好友: 5czw75siivhhxz64cgz2qeg32uvfit3mdgckani
助力结果的code:0
该好友今日已满9人助力/20瓶营养液,明天再来为Ta助力吧


【评价商品】任务未完成,需自行手动去京东APP完成，评价商品可得6瓶营养液


【好友助力】任务未完成,邀请好友助力最多可得20瓶营养液

买1赠1 任务已完成

逛逛会场 任务已完成

 年货5折 任务已完成

浏览店铺 任务已完成

关注频道 任务已完成

挑选商品 任务已完成

每日签到 任务已完成

金融双签 任务已完成

1元大餐 任务已完成

服饰满减 任务已完成

免费水果 任务已完成

 去分10亿 任务已完成

美要加倍 任务已完成

暂无扭蛋机会
开始收取营养液
收取-助力奖励-的营养液
收取营养液结果:{"code":"0","data":{"growth":"105","nutrients":"0","beanState":"4","beanImg":"https://m.360buyimg.com/babel/jfs/t1/116429/19/11902/498078/5f053c2aE9cc6b0cd/0e4c91c162f40bf6.gif"}}
【上轮京豆】已领取
     任务   进度
[评价商品]  0/6   0
[好友助力]  0/20   0
[买1赠1]  1/1   1
[逛逛会场]  1/1   1
[ 年货5折]  1/1   1
[浏览店铺]  4/4   1
[关注频道]  3/3   1
[挑选商品]  6/6   1
[每日签到]  1/1   1
[金融双签]  1/1   1
[1元大餐]  1/1   1
[服饰满减]  1/1   1
[免费水果]  1/1   1
[ 去分10亿]  1/1   1
[美要加倍]  1/1   1

【上期时间】1月25日-1月31日
【上期成长值】260
【上期兑换京豆】85个
【本期时间】2月1日-2月7日
【本期成长值】102
【助力您的好友】共0人


开始【京东账号2】孤傲的小小瞒

第2个京东账号将要助力的好友["mze7pstbax4l7dmo4vq6wz7vgu","rsuben7ys7sfbu5eub7knbibke","olmijoxgmjutzexyge246xwmaxy43t3jsqc74zy"]
获取任务及基本信息

【京东账号2（孤傲的小小瞒）的京东种豆得豆好友互助码】ipcgjk6j57vpwgogj2jvmljzr45ac3f4ijdgqji

开始助力京东账号2 - 孤傲的小小瞒的好友: mze7pstbax4l7dmo4vq6wz7vgu

开始助力好友: mze7pstbax4l7dmo4vq6wz7vgu
助力结果的code:0
开始助力京东账号2 - 孤傲的小小瞒的好友: rsuben7ys7sfbu5eub7knbibke

开始助力好友: rsuben7ys7sfbu5eub7knbibke
助力结果的code:0
开始助力京东账号2 - 孤傲的小小瞒的好友: olmijoxgmjutzexyge246xwmaxy43t3jsqc74zy

开始助力好友: olmijoxgmjutzexyge246xwmaxy43t3jsqc74zy
随机取个20码放到您固定的互助码后面(不影响已有固定互助)
助力结果的code:0
该好友今日已满9人助力/20瓶营养液,明天再来为Ta助力吧


【评价商品】任务未完成,需自行手动去京东APP完成，评价商品可得6瓶营养液


【好友助力】任务未完成,邀请好友助力最多可得20瓶营养液

买1赠1 任务已完成

逛逛会场 任务已完成

 年货5折 任务已完成

浏览店铺 任务已完成

关注频道 任务已完成

挑选商品 任务已完成

每日签到 任务已完成

金融双签 任务已完成

1元大餐 任务已完成

服饰满减 任务已完成

免费水果 任务已完成

 去分10亿 任务已完成

美要加倍 任务已完成

暂无扭蛋机会
开始收取营养液
【上轮京豆】已领取
     任务   进度
[评价商品]  0/6   0
[好友助力]  0/20   0
[买1赠1]  1/1   1
[逛逛会场]  1/1   1
[ 年货5折]  1/1   1
[浏览店铺]  4/4   1
[关注频道]  3/3   1
[挑选商品]  6/6   1
[每日签到]  1/1   1
[金融双签]  1/1   1
[1元大餐]  1/1   1
[服饰满减]  1/1   1
[免费水果]  1/1   1
[ 去分10亿]  1/1   1
[美要加倍]  1/1   1

【上期时间】1月25日-1月31日
【上期成长值】248
【上期兑换京豆】81个
【本期时间】2月1日-2月7日
【本期成长值】97
【助力您的好友】共0人


🔔京东种豆得豆, 结束! 🕛 108.164 秒

