
🔔京东种豆得豆, 开始!
开始获取种豆得豆配置文件

您的cookie选择的是用&隔开


====================共有2个京东账号Cookie=========

==================脚本执行- 北京时间(UTC+8)：2/5/2021, 6:39:01 PM=====================

您的种豆互助码选择的是用&隔开

共2个京东账号

您提供了2个账号的种豆得豆助力码


开始【京东账号1】迷糊虫啊

第1个京东账号将要助力的好友["mze7pstbax4l7u5ggn5y2olhfy","3nwlq2wyvmz7sn4d5akh4rnrczsih2dehcx7as4ym6fgb3q7y5tq","kjno6k3dvsn4jrzs4yspokax3ud5cqqedkdv6bi","olmijoxgmjutzoaamsfbxewhiix3znzagvxr6ia"]
获取任务及基本信息

【京东账号1（迷糊虫啊）的京东种豆得豆好友互助码】epes65uva7ouwjqjapg3cjtwg4

开始助力京东账号1 - 迷糊虫啊的好友: mze7pstbax4l7u5ggn5y2olhfy

开始助力好友: mze7pstbax4l7u5ggn5y2olhfy
助力结果的code:0
开始助力京东账号1 - 迷糊虫啊的好友: 3nwlq2wyvmz7sn4d5akh4rnrczsih2dehcx7as4ym6fgb3q7y5tq

开始助力好友: 3nwlq2wyvmz7sn4d5akh4rnrczsih2dehcx7as4ym6fgb3q7y5tq
助力结果的code:0
开始助力京东账号1 - 迷糊虫啊的好友: kjno6k3dvsn4jrzs4yspokax3ud5cqqedkdv6bi

开始助力好友: kjno6k3dvsn4jrzs4yspokax3ud5cqqedkdv6bi
助力结果的code:0
开始助力京东账号1 - 迷糊虫啊的好友: olmijoxgmjutzoaamsfbxewhiix3znzagvxr6ia

开始助力好友: olmijoxgmjutzoaamsfbxewhiix3znzagvxr6ia
助力结果的code:0

【评价商品】任务未完成,需自行手动去京东APP完成，评价商品可得6瓶营养液


【好友助力】任务未完成,邀请好友助力最多可得20瓶营养液

逛逛会场 任务已完成

1元年货 任务已完成

 生鲜5折 任务已完成

抢免单 任务已完成

浏览店铺 任务已完成

关注频道 任务已完成

挑选商品 任务已完成

每日签到 任务已完成

金融双签 任务已完成

免费水果 任务已完成

领100元 任务已完成

暂无扭蛋机会
"Timeout awaiting 'request' for 10000ms"
京东种豆得豆 API请求失败，请检查网路重试
开始收取营养液
【上轮京豆】已领取
     任务   进度
[评价商品]  0/6   0
[好友助力]  0/20   0
[逛逛会场]  1/1   1
[1元年货]  1/1   1
[ 生鲜5折]  1/1   1
[抢免单]  1/1   1
[浏览店铺]  4/4   1
[关注频道]  3/3   1
[挑选商品]  6/6   1
[每日签到]  1/1   1
[金融双签]  1/1   1
[免费水果]  1/1   1
[领100元]  1/1   1

【上期时间】1月25日-1月31日
【上期成长值】260
【上期兑换京豆】85个
【本期时间】2月1日-2月7日
【本期成长值】196
【助力您的好友】共0人


开始【京东账号2】孤傲的小小瞒

随机取个20码放到您固定的互助码后面(不影响已有固定互助)
第2个京东账号将要助力的好友["mze7pstbax4l7dmo4vq6wz7vgu","rsuben7ys7sfbu5eub7knbibke","olmijoxgmjutzexyge246xwmaxy43t3jsqc74zy","olmijoxgmjutytws6jky5e6qdoenahuy6rwztna","lzdsuvt2xazlru4tb2ubzzpi7u","hexohqmn2e3mceuvktrabzdjz6ypbf2b6g52xpi","urym2edobel5idsyaho4t4y5ge","mlrdw3aw26j3wt3thezhxl3zlprmuq3qpi7wnha","a2in4e5w42opwrviva75plwiem","4npkonnsy7xi2gwebr5c4d4gqd44xhmxy53ozza","h5tioexuw4cjwv6q7purxuhixi5se2dyidgetwi","olmijoxgmjutyede2jnyarvo4nqpavwi4aeheui","zqgoemkzqn36uzrnzarzmp4y5cxlzljsrjiwsmq","2s4yzfus6fct4imxv5a4j4meqi6wzb3pvxam63q","rtsljotwy2w34ow3o6g4pstchpwgatamxlt646y","x3x7xhsua3bmihzwp3chvgpmg7qlyn76ccq6uya","mh5uulbrvnknlbqcfej5x52jppsiqdevisxac4i","wicowpquaxw3pzaqqlmigcsxqks4wu56lqfrtea","e7lhibzb3zek3ymgz2ccwtfcf6c2fykutzkdety","4npkonnsy7xi2vnwjiezowyx3ulksmjyquroayy","mlrdw3aw26j3w2ixphtsztfy5ulp7f6kjduxodi","4npkonnsy7xi35ctzs45mhohrpmmqbyxlzmnvpy","4npkonnsy7xi2e6ny7u47bqci42itxhixheg3pa"]
获取任务及基本信息

【京东账号2（孤傲的小小瞒）的京东种豆得豆好友互助码】ipcgjk6j57vpwgogj2jvmljzr45ac3f4ijdgqji

开始助力京东账号2 - 孤傲的小小瞒的好友: mze7pstbax4l7dmo4vq6wz7vgu

开始助力好友: mze7pstbax4l7dmo4vq6wz7vgu
助力结果的code:0
开始助力京东账号2 - 孤傲的小小瞒的好友: rsuben7ys7sfbu5eub7knbibke

开始助力好友: rsuben7ys7sfbu5eub7knbibke
助力结果的code:0
开始助力京东账号2 - 孤傲的小小瞒的好友: olmijoxgmjutzexyge246xwmaxy43t3jsqc74zy

开始助力好友: olmijoxgmjutzexyge246xwmaxy43t3jsqc74zy
助力结果的code:0
开始助力京东账号2 - 孤傲的小小瞒的好友: olmijoxgmjutytws6jky5e6qdoenahuy6rwztna

开始助力好友: olmijoxgmjutytws6jky5e6qdoenahuy6rwztna
助力结果的code:0
您今日助力的机会已耗尽，已不能再帮助好友助力了


【评价商品】任务未完成,需自行手动去京东APP完成，评价商品可得6瓶营养液


【好友助力】任务未完成,邀请好友助力最多可得20瓶营养液

逛逛会场 任务已完成

1元年货 任务已完成

 生鲜5折 任务已完成

抢免单 任务已完成

浏览店铺 任务已完成

关注频道 任务已完成

挑选商品 任务已完成

每日签到 任务已完成

金融双签 任务已完成

免费水果 任务已完成

领100元 任务已完成

暂无扭蛋机会
开始收取营养液
【上轮京豆】已领取
     任务   进度
[评价商品]  0/6   0
[好友助力]  0/20   0
[逛逛会场]  1/1   1
[1元年货]  1/1   1
[ 生鲜5折]  1/1   1
[抢免单]  1/1   1
[浏览店铺]  4/4   1
[关注频道]  3/3   1
[挑选商品]  6/6   1
[每日签到]  1/1   1
[金融双签]  1/1   1
[免费水果]  1/1   1
[领100元]  1/1   1

【上期时间】1月25日-1月31日
【上期成长值】248
【上期兑换京豆】81个
【本期时间】2月1日-2月7日
【本期成长值】182
【助力您的好友】共0人


🔔京东种豆得豆, 结束! 🕛 68.548 秒

