
🔔京东种豆得豆, 开始!
开始获取种豆得豆配置文件

您的cookie选择的是用&隔开


====================共有2个京东账号Cookie=========

==================脚本执行- 北京时间(UTC+8)：2/8/2021, 2:35:52 PM=====================

您的种豆互助码选择的是用&隔开

共2个京东账号

您提供了2个账号的种豆得豆助力码


开始【京东账号1】迷糊虫啊

随机取个20码放到您固定的互助码后面(不影响已有固定互助)
第1个京东账号将要助力的好友["mze7pstbax4l7u5ggn5y2olhfy","3nwlq2wyvmz7sn4d5akh4rnrczsih2dehcx7as4ym6fgb3q7y5tq","kjno6k3dvsn4jrzs4yspokax3ud5cqqedkdv6bi","olmijoxgmjutzoaamsfbxewhiix3znzagvxr6ia","wwvyldyl4sbhv25o6h5xiqd3di3h7wlwy7o5jii","66nvo67oyxpyciupg6xqghztglpv4w5f7k5f26i","7pt22jcko7ljqpmukkubfqxa2u3h7wlwy7o5jii","mlrdw3aw26j3wrlmdh6ycidl5llzqdvuzicv7nq","dhsx55vjyuzkxwpchncizrlab6rexm7xnsh4yoa","mlrdw3aw26j3xecykmkqx2jun2wljefzsonuu4y","e7lhibzb3zek3ije3wn5bczy4erjjckasaklz2q","olmijoxgmjutznwrg2ndkscewg6g4grutghdoby","lqzhzf5opjiobk7rm6mfe6rone","olmijoxgmjuty7guk65beliifzkmmb7uhhqidvi","qm7basnqm6wnronkcre7ncnvce","bqkpqv55up6rq4geo7aoungcli","mlrdw3aw26j3xel2cooqn746bf4tz2ha7ztkpci","mlrdw3aw26j3w6lkqfoqlk7dghpxkmdrzfy6fjy","rgorqgqg4gtluaxd7447mv56ea","tppwszb5rohiri3idmpgqsfdaq4ttnslklg7kiy","olmijoxgmjutyyuwuniirwlqyxdsmdkeoctjs7y","e7lhibzb3zek27gfeceqb6wwm45gshcaroxg5ka","bknudbr7e4sqwpnftwu6ximdxkwfcea6tgmak2q","mlrdw3aw26j3wmhy6jvxfe24b2vfmljdlv3rzcy"]
获取任务及基本信息

【京东账号1（迷糊虫啊）的京东种豆得豆好友互助码】epes65uva7ouwjqjapg3cjtwg4

开始助力京东账号1 - 迷糊虫啊的好友: mze7pstbax4l7u5ggn5y2olhfy

开始助力好友: mze7pstbax4l7u5ggn5y2olhfy
助力结果的code:0
您今日助力的机会已耗尽，已不能再帮助好友助力了


【评价商品】任务未完成,需自行手动去京东APP完成，评价商品可得6瓶营养液


【好友助力】任务未完成,邀请好友助力最多可得20瓶营养液

逛逛会场 任务已完成

清洁年货 任务已完成

浏览店铺 任务已完成

关注频道 任务已完成

挑选商品 任务已完成

每日签到 任务已完成

金融双签 任务已完成

免费水果 任务已完成

领100元 任务已完成

暂无扭蛋机会
开始收取营养液
【上轮京豆】已领取
     任务   进度
[评价商品]  0/6   0
[好友助力]  0/20   0
[逛逛会场]  1/1   1
[清洁年货]  1/1   1
[浏览店铺]  4/4   1
[关注频道]  3/3   1
[挑选商品]  6/6   1
[每日签到]  1/1   1
[金融双签]  1/1   1
[免费水果]  1/1   1
[领100元]  1/1   1

【上期时间】2月1日-2月7日
【上期成长值】276
【上期兑换京豆】91个
【本期时间】2月8日-2月14日
【本期成长值】28
【助力您的好友】共0人


开始【京东账号2】孤傲的小小瞒

第2个京东账号将要助力的好友["mze7pstbax4l7dmo4vq6wz7vgu","rsuben7ys7sfbu5eub7knbibke","olmijoxgmjutzexyge246xwmaxy43t3jsqc74zy"]
获取任务及基本信息

【京东账号2（孤傲的小小瞒）的京东种豆得豆好友互助码】ipcgjk6j57vpwgogj2jvmljzr45ac3f4ijdgqji

开始助力京东账号2 - 孤傲的小小瞒的好友: mze7pstbax4l7dmo4vq6wz7vgu

开始助力好友: mze7pstbax4l7dmo4vq6wz7vgu
助力结果的code:0
开始助力京东账号2 - 孤傲的小小瞒的好友: rsuben7ys7sfbu5eub7knbibke

开始助力好友: rsuben7ys7sfbu5eub7knbibke
随机取个20码放到您固定的互助码后面(不影响已有固定互助)
助力结果的code:0
开始助力京东账号2 - 孤傲的小小瞒的好友: olmijoxgmjutzexyge246xwmaxy43t3jsqc74zy

开始助力好友: olmijoxgmjutzexyge246xwmaxy43t3jsqc74zy
助力结果的code:0

【评价商品】任务未完成,需自行手动去京东APP完成，评价商品可得6瓶营养液


【好友助力】任务未完成,邀请好友助力最多可得20瓶营养液

逛逛会场 任务已完成

清洁年货 任务已完成

浏览店铺 任务已完成

关注频道 任务已完成

挑选商品 任务已完成

每日签到 任务已完成

金融双签 任务已完成

免费水果 任务已完成

领100元 任务已完成

暂无扭蛋机会
开始收取营养液
【上轮京豆】已领取
     任务   进度
[评价商品]  0/6   0
[好友助力]  0/20   0
[逛逛会场]  1/1   1
[清洁年货]  1/1   1
[浏览店铺]  4/4   1
[关注频道]  3/3   1
[挑选商品]  6/6   1
[每日签到]  1/1   1
[金融双签]  1/1   1
[免费水果]  1/1   1
[领100元]  1/1   1

【上期时间】2月1日-2月7日
【上期成长值】266
【上期兑换京豆】87个
【本期时间】2月8日-2月14日
【本期成长值】25
【助力您的好友】共0人


🔔京东种豆得豆, 结束! 🕛 56.957 秒

