
🔔京东种豆得豆, 开始!
开始获取种豆得豆配置文件

您的cookie选择的是用&隔开


====================共有2个京东账号Cookie=========

==================脚本执行- 北京时间(UTC+8)：2/9/2021, 11:38:45 AM=====================

您的种豆互助码选择的是用&隔开

共2个京东账号

您提供了2个账号的种豆得豆助力码


开始【京东账号1】迷糊虫啊

随机取个20码放到您固定的互助码后面(不影响已有固定互助)
第1个京东账号将要助力的好友["mze7pstbax4l7u5ggn5y2olhfy","3nwlq2wyvmz7sn4d5akh4rnrczsih2dehcx7as4ym6fgb3q7y5tq","kjno6k3dvsn4jrzs4yspokax3ud5cqqedkdv6bi","olmijoxgmjutzoaamsfbxewhiix3znzagvxr6ia","u72q4vdn3zes2rizx2pxt65hmpbjib7hn5jjtri","qx4ec555s7sl27ydxjxenxfkhq","mlrdw3aw26j3xmlra2yridd2hkfxdc4cw55ujjq","e7lhibzb3zek3nzmxdblbpisp5mbvdkeusijkha","mlrdw3aw26j3xoqrcwqdxtealjtggt3rzmm4p7y","e7lhibzb3zek2teuajah4ztbs3fwqs3jyftn3la","thoylaqkzxheyumblhfgn6v4ci5ac3f4ijdgqji","lxslbmbe3tkxfhumqgiwwtzy4e3h7wlwy7o5jii","ebxm5lgxoknqdfx75eycfx6vy5n2tuflqhuhfia","olmijoxgmjutya7fxduq34h3bdsfl7i7obyil5i","mlrdw3aw26j3x4dmq5uvjx6doeykqvkjctrsqfi","4npkonnsy7xi2ca5zxgi73q2xkkghiqmcen5egq","mlrdw3aw26j3xuaitdz3asdf4hfl5tkajhvpenq","nkvdrkoit5o64n4oxh4xzzs6dneia2sfpni44ti","mlrdw3aw26j3xeod6l5wyb7shhze2kswtotyqsq","4npkonnsy7xi3khuqsbgpx7a7hm6xx2zhnu2tpa","olmijoxgmjutyf2ywgp7c4xd5mbn4j3nc5fegay","gxnq5mpzvkvwz7x2wfk34mnfve","cshk5bfjifz75s57mdsphbh4qtl6cwie5uqjdoi","mlrdw3aw26j3w6zqlgdh5r2l2tsawpp3o6qvgkq"]
获取任务及基本信息

【京东账号1（迷糊虫啊）的京东种豆得豆好友互助码】epes65uva7ouwjqjapg3cjtwg4

开始助力京东账号1 - 迷糊虫啊的好友: mze7pstbax4l7u5ggn5y2olhfy

开始助力好友: mze7pstbax4l7u5ggn5y2olhfy
助力结果的code:0
开始助力京东账号1 - 迷糊虫啊的好友: 3nwlq2wyvmz7sn4d5akh4rnrczsih2dehcx7as4ym6fgb3q7y5tq

开始助力好友: 3nwlq2wyvmz7sn4d5akh4rnrczsih2dehcx7as4ym6fgb3q7y5tq
助力结果的code:0
开始助力京东账号1 - 迷糊虫啊的好友: kjno6k3dvsn4jrzs4yspokax3ud5cqqedkdv6bi

开始助力好友: kjno6k3dvsn4jrzs4yspokax3ud5cqqedkdv6bi
助力结果的code:0
开始助力京东账号1 - 迷糊虫啊的好友: olmijoxgmjutzoaamsfbxewhiix3znzagvxr6ia

开始助力好友: olmijoxgmjutzoaamsfbxewhiix3znzagvxr6ia
助力结果的code:0
开始助力京东账号1 - 迷糊虫啊的好友: u72q4vdn3zes2rizx2pxt65hmpbjib7hn5jjtri

开始助力好友: u72q4vdn3zes2rizx2pxt65hmpbjib7hn5jjtri
助力结果的code:0
该好友今日已满9人助力/20瓶营养液,明天再来为Ta助力吧

开始助力京东账号1 - 迷糊虫啊的好友: qx4ec555s7sl27ydxjxenxfkhq

开始助力好友: qx4ec555s7sl27ydxjxenxfkhq
助力结果的code:0
该好友今日已满9人助力/20瓶营养液,明天再来为Ta助力吧

开始助力京东账号1 - 迷糊虫啊的好友: mlrdw3aw26j3xmlra2yridd2hkfxdc4cw55ujjq

开始助力好友: mlrdw3aw26j3xmlra2yridd2hkfxdc4cw55ujjq
助力结果的code:0
该好友今日已满9人助力/20瓶营养液,明天再来为Ta助力吧

开始助力京东账号1 - 迷糊虫啊的好友: e7lhibzb3zek3nzmxdblbpisp5mbvdkeusijkha

开始助力好友: e7lhibzb3zek3nzmxdblbpisp5mbvdkeusijkha
助力结果的code:0
该好友今日已满9人助力/20瓶营养液,明天再来为Ta助力吧

开始助力京东账号1 - 迷糊虫啊的好友: mlrdw3aw26j3xoqrcwqdxtealjtggt3rzmm4p7y

开始助力好友: mlrdw3aw26j3xoqrcwqdxtealjtggt3rzmm4p7y
助力结果的code:0
该好友今日已满9人助力/20瓶营养液,明天再来为Ta助力吧

开始助力京东账号1 - 迷糊虫啊的好友: e7lhibzb3zek2teuajah4ztbs3fwqs3jyftn3la

开始助力好友: e7lhibzb3zek2teuajah4ztbs3fwqs3jyftn3la
助力结果的code:0
该好友今日已满9人助力/20瓶营养液,明天再来为Ta助力吧

开始助力京东账号1 - 迷糊虫啊的好友: thoylaqkzxheyumblhfgn6v4ci5ac3f4ijdgqji

开始助力好友: thoylaqkzxheyumblhfgn6v4ci5ac3f4ijdgqji
助力结果的code:0
该好友今日已满9人助力/20瓶营养液,明天再来为Ta助力吧

开始助力京东账号1 - 迷糊虫啊的好友: lxslbmbe3tkxfhumqgiwwtzy4e3h7wlwy7o5jii

开始助力好友: lxslbmbe3tkxfhumqgiwwtzy4e3h7wlwy7o5jii
助力结果的code:0
该好友今日已满9人助力/20瓶营养液,明天再来为Ta助力吧

开始助力京东账号1 - 迷糊虫啊的好友: ebxm5lgxoknqdfx75eycfx6vy5n2tuflqhuhfia

开始助力好友: ebxm5lgxoknqdfx75eycfx6vy5n2tuflqhuhfia
助力结果的code:0
该好友今日已满9人助力/20瓶营养液,明天再来为Ta助力吧

开始助力京东账号1 - 迷糊虫啊的好友: olmijoxgmjutya7fxduq34h3bdsfl7i7obyil5i

开始助力好友: olmijoxgmjutya7fxduq34h3bdsfl7i7obyil5i
助力结果的code:0
该好友今日已满9人助力/20瓶营养液,明天再来为Ta助力吧

开始助力京东账号1 - 迷糊虫啊的好友: mlrdw3aw26j3x4dmq5uvjx6doeykqvkjctrsqfi

开始助力好友: mlrdw3aw26j3x4dmq5uvjx6doeykqvkjctrsqfi
助力结果的code:0
该好友今日已满9人助力/20瓶营养液,明天再来为Ta助力吧

开始助力京东账号1 - 迷糊虫啊的好友: 4npkonnsy7xi2ca5zxgi73q2xkkghiqmcen5egq

开始助力好友: 4npkonnsy7xi2ca5zxgi73q2xkkghiqmcen5egq
助力结果的code:0
该好友今日已满9人助力/20瓶营养液,明天再来为Ta助力吧

开始助力京东账号1 - 迷糊虫啊的好友: mlrdw3aw26j3xuaitdz3asdf4hfl5tkajhvpenq

开始助力好友: mlrdw3aw26j3xuaitdz3asdf4hfl5tkajhvpenq
助力结果的code:0
该好友今日已满9人助力/20瓶营养液,明天再来为Ta助力吧

开始助力京东账号1 - 迷糊虫啊的好友: nkvdrkoit5o64n4oxh4xzzs6dneia2sfpni44ti

开始助力好友: nkvdrkoit5o64n4oxh4xzzs6dneia2sfpni44ti
助力结果的code:0
该好友今日已满9人助力/20瓶营养液,明天再来为Ta助力吧

开始助力京东账号1 - 迷糊虫啊的好友: mlrdw3aw26j3xeod6l5wyb7shhze2kswtotyqsq

开始助力好友: mlrdw3aw26j3xeod6l5wyb7shhze2kswtotyqsq
助力结果的code:0
该好友今日已满9人助力/20瓶营养液,明天再来为Ta助力吧

开始助力京东账号1 - 迷糊虫啊的好友: 4npkonnsy7xi3khuqsbgpx7a7hm6xx2zhnu2tpa

开始助力好友: 4npkonnsy7xi3khuqsbgpx7a7hm6xx2zhnu2tpa
助力结果的code:0
该好友今日已满9人助力/20瓶营养液,明天再来为Ta助力吧

开始助力京东账号1 - 迷糊虫啊的好友: olmijoxgmjutyf2ywgp7c4xd5mbn4j3nc5fegay

开始助力好友: olmijoxgmjutyf2ywgp7c4xd5mbn4j3nc5fegay
助力结果的code:0
该好友今日已满9人助力/20瓶营养液,明天再来为Ta助力吧

开始助力京东账号1 - 迷糊虫啊的好友: gxnq5mpzvkvwz7x2wfk34mnfve

开始助力好友: gxnq5mpzvkvwz7x2wfk34mnfve
助力结果的code:0
该好友今日已满9人助力/20瓶营养液,明天再来为Ta助力吧

开始助力京东账号1 - 迷糊虫啊的好友: cshk5bfjifz75s57mdsphbh4qtl6cwie5uqjdoi

开始助力好友: cshk5bfjifz75s57mdsphbh4qtl6cwie5uqjdoi
助力结果的code:0
该好友今日已满9人助力/20瓶营养液,明天再来为Ta助力吧

开始助力京东账号1 - 迷糊虫啊的好友: mlrdw3aw26j3w6zqlgdh5r2l2tsawpp3o6qvgkq

开始助力好友: mlrdw3aw26j3w6zqlgdh5r2l2tsawpp3o6qvgkq
助力结果的code:0
该好友今日已满9人助力/20瓶营养液,明天再来为Ta助力吧


【评价商品】任务未完成,需自行手动去京东APP完成，评价商品可得6瓶营养液


【好友助力】任务未完成,邀请好友助力最多可得20瓶营养液

逛逛会场 任务已完成

浏览店铺 任务已完成

关注频道 任务已完成

挑选商品 任务已完成

每日签到 任务已完成

金融双签 任务已完成

免费水果 任务已完成

领100元 任务已完成

暂无扭蛋机会
开始收取营养液
【上轮京豆】已领取
     任务   进度
[评价商品]  0/6   0
[好友助力]  0/20   0
[逛逛会场]  1/1   1
[浏览店铺]  4/4   1
[关注频道]  3/3   1
[挑选商品]  6/6   1
[每日签到]  1/1   1
[金融双签]  1/1   1
[免费水果]  1/1   1
[领100元]  1/1   1

【上期时间】2月1日-2月7日
【上期成长值】276
【上期兑换京豆】91个
【本期时间】2月8日-2月14日
【本期成长值】58
【助力您的好友】共0人


开始【京东账号2】孤傲的小小瞒

随机取个20码放到您固定的互助码后面(不影响已有固定互助)
第2个京东账号将要助力的好友["mze7pstbax4l7dmo4vq6wz7vgu","rsuben7ys7sfbu5eub7knbibke","olmijoxgmjutzexyge246xwmaxy43t3jsqc74zy","ocrc7ltvdmwqz32bn6q6htgaku","mlrdw3aw26j3wzx3qni7k3c2546rmuuw4dkqhhy","4zvhzd6azak75wtl67nexp5j5m","e7lhibzb3zek2dc5qgujzq46tpnk6sw4bczjjmy","55llddd3trjz2twlfq3k4zilou","3xqoqrj7ern46oqbns6eertieu","uwgpfl3hsfqp2fdmarjlkjerhck7hnitajjzsrq","mlrdw3aw26j3wwed7wcea6yj6woqezmjqs6rqaa","vn4z3juyxwrrvncjaoawdlzvou4jhxs3lbk7l3i","mlrdw3aw26j3xrg5vdow7z6h3oond4o5qmplx3i","e7lhibzb3zek2idokljlxbuwdsnwqfrl5lzyk5q","g276sdyfeof7apusvre5qanpdy","gkk4336xszaeh4qawbaabmmf7acyrl6txfqkutq","3trhgjd2wd76hesn2hdtxj3chq","bnafr2txvt7ooka2xmrv4nmlgq","jypoyzaca5y7gcamkb7lcqun5w432dsbxspplmy","idfaq55jgbxsxgamptx2mgrbe7xllzs2qqnqzei","maruapqto3xnsal6zk3yi25gg4","e7lhibzb3zek25ysxwbohv2la62zmmkgounn47a","fn5sjpg5zdejmdqdrk3te6flzffjkvq6d6tfxmi"]
获取任务及基本信息

【京东账号2（孤傲的小小瞒）的京东种豆得豆好友互助码】ipcgjk6j57vpwgogj2jvmljzr45ac3f4ijdgqji

开始助力京东账号2 - 孤傲的小小瞒的好友: mze7pstbax4l7dmo4vq6wz7vgu

开始助力好友: mze7pstbax4l7dmo4vq6wz7vgu
助力结果的code:0
开始助力京东账号2 - 孤傲的小小瞒的好友: rsuben7ys7sfbu5eub7knbibke

开始助力好友: rsuben7ys7sfbu5eub7knbibke
助力结果的code:0
开始助力京东账号2 - 孤傲的小小瞒的好友: olmijoxgmjutzexyge246xwmaxy43t3jsqc74zy

开始助力好友: olmijoxgmjutzexyge246xwmaxy43t3jsqc74zy
助力结果的code:0
开始助力京东账号2 - 孤傲的小小瞒的好友: ocrc7ltvdmwqz32bn6q6htgaku

开始助力好友: ocrc7ltvdmwqz32bn6q6htgaku
助力结果的code:0
您今日助力的机会已耗尽，已不能再帮助好友助力了


【评价商品】任务未完成,需自行手动去京东APP完成，评价商品可得6瓶营养液


【好友助力】任务未完成,邀请好友助力最多可得20瓶营养液

逛逛会场 任务已完成

浏览店铺 任务已完成

关注频道 任务已完成

挑选商品 任务已完成

每日签到 任务已完成

金融双签 任务已完成

免费水果 任务已完成

领100元 任务已完成

暂无扭蛋机会
开始收取营养液
【上轮京豆】已领取
     任务   进度
[评价商品]  0/6   0
[好友助力]  0/20   0
[逛逛会场]  1/1   1
[浏览店铺]  4/4   1
[关注频道]  3/3   1
[挑选商品]  6/6   1
[每日签到]  1/1   1
[金融双签]  1/1   1
[免费水果]  1/1   1
[领100元]  1/1   1

【上期时间】2月1日-2月7日
【上期成长值】266
【上期兑换京豆】87个
【本期时间】2月8日-2月14日
【本期成长值】63
【助力您的好友】共0人


🔔京东种豆得豆, 结束! 🕛 93.34 秒

