
🔔京东种豆得豆, 开始!
开始获取种豆得豆配置文件

您的cookie选择的是用&隔开


====================共有2个京东账号Cookie=========

==================脚本执行- 北京时间(UTC+8)：2/3/2021, 11:39:01 AM=====================

您的种豆互助码选择的是用&隔开

共2个京东账号

您提供了2个账号的种豆得豆助力码


开始【京东账号1】迷糊虫啊

随机取个20码放到您固定的互助码后面(不影响已有固定互助)
第1个京东账号将要助力的好友["mze7pstbax4l7u5ggn5y2olhfy","3nwlq2wyvmz7sn4d5akh4rnrczsih2dehcx7as4ym6fgb3q7y5tq","kjno6k3dvsn4jrzs4yspokax3ud5cqqedkdv6bi","olmijoxgmjutzoaamsfbxewhiix3znzagvxr6ia","w4ugl6ladiv7vbhdhppf5f7fbu","4fa4es3sxlzvt5wqg2nir6sfsi","yeiucozgqisknsc3leu42ofp33nlfimruj4z7ii","lx6mcra7mm3vhuvcr7lgxic6fe","olmijoxgmjutz7e6n7kc7nt4xyxbe2mpgdt7czq","gcdr655xfdjq64qp2dlltzpmqyzr42to5usbufy","olmijoxgmjutyo7ul5vgd7zwfewbjdurhzph3zi","7aiyz3nuel7vohcv7hrrgkwx245ac3f4ijdgqji","ixhf7gimk2upwbolrlum7tmzq45ac3f4ijdgqji","e7lhibzb3zek32aw6sqsenhx2jyhzouynpckiza","qwmkwedt5pnucv7u6eixe6xbaqgr5mam6gnusty","4npkonnsy7xi2xb4nfl7yn5dtie6dkmzeiblgsq","d6q7dsnvihwhvib6fvckqlo67a","4npkonnsy7xi3sm2ckjoow76e5nwtuygpcyjwdy","mlrdw3aw26j3xsh4uhsdq5ozejyms5cccgddisa","bbfn457sxzbi2gacgjdltydlvdkxjoqwns7cvly","cshk5bfjifz74rszohc4nyhwfjrqoy3rlso4hti","4npkonnsy7xi3pnuxmybyu2k4sag7x6dto5smdy","e7lhibzb3zek33bg4wu52lsdbqf2m3ally3xlfq","hexohqmn2e3mcmdbpmabdqx2dqus5naufdaz5xi"]
获取任务及基本信息

【京东账号1（迷糊虫啊）的京东种豆得豆好友互助码】epes65uva7ouwjqjapg3cjtwg4

开始助力京东账号1 - 迷糊虫啊的好友: mze7pstbax4l7u5ggn5y2olhfy

开始助力好友: mze7pstbax4l7u5ggn5y2olhfy
助力结果的code:0
开始助力京东账号1 - 迷糊虫啊的好友: 3nwlq2wyvmz7sn4d5akh4rnrczsih2dehcx7as4ym6fgb3q7y5tq

开始助力好友: 3nwlq2wyvmz7sn4d5akh4rnrczsih2dehcx7as4ym6fgb3q7y5tq
助力结果的code:0
开始助力京东账号1 - 迷糊虫啊的好友: kjno6k3dvsn4jrzs4yspokax3ud5cqqedkdv6bi

开始助力好友: kjno6k3dvsn4jrzs4yspokax3ud5cqqedkdv6bi
助力结果的code:0
开始助力京东账号1 - 迷糊虫啊的好友: olmijoxgmjutzoaamsfbxewhiix3znzagvxr6ia

开始助力好友: olmijoxgmjutzoaamsfbxewhiix3znzagvxr6ia
助力结果的code:0
开始助力京东账号1 - 迷糊虫啊的好友: w4ugl6ladiv7vbhdhppf5f7fbu

开始助力好友: w4ugl6ladiv7vbhdhppf5f7fbu
助力结果的code:0
该好友今日已满9人助力/20瓶营养液,明天再来为Ta助力吧

开始助力京东账号1 - 迷糊虫啊的好友: 4fa4es3sxlzvt5wqg2nir6sfsi

开始助力好友: 4fa4es3sxlzvt5wqg2nir6sfsi
助力结果的code:0
该好友今日已满9人助力/20瓶营养液,明天再来为Ta助力吧

开始助力京东账号1 - 迷糊虫啊的好友: yeiucozgqisknsc3leu42ofp33nlfimruj4z7ii

开始助力好友: yeiucozgqisknsc3leu42ofp33nlfimruj4z7ii
助力结果的code:0
该好友今日已满9人助力/20瓶营养液,明天再来为Ta助力吧

开始助力京东账号1 - 迷糊虫啊的好友: lx6mcra7mm3vhuvcr7lgxic6fe

开始助力好友: lx6mcra7mm3vhuvcr7lgxic6fe
助力结果的code:0
该好友今日已满9人助力/20瓶营养液,明天再来为Ta助力吧

开始助力京东账号1 - 迷糊虫啊的好友: olmijoxgmjutz7e6n7kc7nt4xyxbe2mpgdt7czq

开始助力好友: olmijoxgmjutz7e6n7kc7nt4xyxbe2mpgdt7czq
助力结果的code:0
该好友今日已满9人助力/20瓶营养液,明天再来为Ta助力吧

开始助力京东账号1 - 迷糊虫啊的好友: gcdr655xfdjq64qp2dlltzpmqyzr42to5usbufy

开始助力好友: gcdr655xfdjq64qp2dlltzpmqyzr42to5usbufy
助力结果的code:0
该好友今日已满9人助力/20瓶营养液,明天再来为Ta助力吧

开始助力京东账号1 - 迷糊虫啊的好友: olmijoxgmjutyo7ul5vgd7zwfewbjdurhzph3zi

开始助力好友: olmijoxgmjutyo7ul5vgd7zwfewbjdurhzph3zi
助力结果的code:0
该好友今日已满9人助力/20瓶营养液,明天再来为Ta助力吧

开始助力京东账号1 - 迷糊虫啊的好友: 7aiyz3nuel7vohcv7hrrgkwx245ac3f4ijdgqji

开始助力好友: 7aiyz3nuel7vohcv7hrrgkwx245ac3f4ijdgqji
助力结果的code:0
该好友今日已满9人助力/20瓶营养液,明天再来为Ta助力吧

开始助力京东账号1 - 迷糊虫啊的好友: ixhf7gimk2upwbolrlum7tmzq45ac3f4ijdgqji

开始助力好友: ixhf7gimk2upwbolrlum7tmzq45ac3f4ijdgqji
助力结果的code:0
该好友今日已满9人助力/20瓶营养液,明天再来为Ta助力吧

开始助力京东账号1 - 迷糊虫啊的好友: e7lhibzb3zek32aw6sqsenhx2jyhzouynpckiza

开始助力好友: e7lhibzb3zek32aw6sqsenhx2jyhzouynpckiza
助力结果的code:0
该好友今日已满9人助力/20瓶营养液,明天再来为Ta助力吧

开始助力京东账号1 - 迷糊虫啊的好友: qwmkwedt5pnucv7u6eixe6xbaqgr5mam6gnusty

开始助力好友: qwmkwedt5pnucv7u6eixe6xbaqgr5mam6gnusty
助力结果的code:0
该好友今日已满9人助力/20瓶营养液,明天再来为Ta助力吧

开始助力京东账号1 - 迷糊虫啊的好友: 4npkonnsy7xi2xb4nfl7yn5dtie6dkmzeiblgsq

开始助力好友: 4npkonnsy7xi2xb4nfl7yn5dtie6dkmzeiblgsq
助力结果的code:0
助力好友4npkonnsy7xi2xb4nfl7yn5dtie6dkmzeiblgsq成功
恭喜获得1瓶助力营养液，快去培养属于你的小小豆吧

开始助力京东账号1 - 迷糊虫啊的好友: d6q7dsnvihwhvib6fvckqlo67a

开始助力好友: d6q7dsnvihwhvib6fvckqlo67a
助力结果的code:0
您今日助力的机会已耗尽，已不能再帮助好友助力了


【评价商品】任务未完成,需自行手动去京东APP完成，评价商品可得6瓶营养液


【好友助力】任务未完成,邀请好友助力最多可得20瓶营养液

买1赠1 任务已完成

逛逛会场 任务已完成

 年货5折 任务已完成

浏览店铺 任务已完成

关注频道 任务已完成

挑选商品 任务已完成

每日签到 任务已完成

金融双签 任务已完成

1元大餐 任务已完成

服饰满减 任务已完成

免费水果 任务已完成

 去分10亿 任务已完成

美要加倍 任务已完成

暂无扭蛋机会
开始收取营养液
收取-助力奖励-的营养液
收取营养液结果:{"code":"0","data":{"growth":"107","nutrients":"0","beanState":"4","beanImg":"https://m.360buyimg.com/babel/jfs/t1/116429/19/11902/498078/5f053c2aE9cc6b0cd/0e4c91c162f40bf6.gif"}}
【上轮京豆】已领取
     任务   进度
[评价商品]  0/6   0
[好友助力]  0/20   0
[买1赠1]  1/1   1
[逛逛会场]  1/1   1
[ 年货5折]  1/1   1
[浏览店铺]  4/4   1
[关注频道]  3/3   1
[挑选商品]  6/6   1
[每日签到]  1/1   1
[金融双签]  1/1   1
[1元大餐]  1/1   1
[服饰满减]  1/1   1
[免费水果]  1/1   1
[ 去分10亿]  1/1   1
[美要加倍]  1/1   1

【上期时间】1月25日-1月31日
【上期成长值】260
【上期兑换京豆】85个
【本期时间】2月1日-2月7日
【本期成长值】105
【助力您的好友】共0人


开始【京东账号2】孤傲的小小瞒

随机取个20码放到您固定的互助码后面(不影响已有固定互助)
第2个京东账号将要助力的好友["mze7pstbax4l7dmo4vq6wz7vgu","rsuben7ys7sfbu5eub7knbibke","olmijoxgmjutzexyge246xwmaxy43t3jsqc74zy","olmijoxgmjutyg2ld7qnkdd2oppiupb7d5dcgoq","unau4gwawqphpdquruogwrumdahzglxd25mxoii","gcdr655xfdjq764agedg7f27knlvxw5krpeddfq","mlrdw3aw26j3wdvuepjxrvyzpcurvtbh6spm3py","e7lhibzb3zek3djrk6huf36ssxh2i2uajdu3uii","rafzamoz3oc7qqy2dbokjvv4iy3h7wlwy7o5jii","e7lhibzb3zek22hbz3cna5vg2bbpeq2cvnnamsi","ltoft2n2vjxwvujnxwy5yttkau5ac3f4ijdgqji","2oubplocuwxddsaymy3434ond4","olmijoxgmjutzs6qbmdzmjcnecuudzx7cbq7g6q","4npkonnsy7xi3gfflje5qnsqiswjq26fsnyv5my","udlmnf5fn5i3m6fohiwedqnrzsimeny5pzy5pti","xaq3fso6ha2kq632d3okcfbigq","mlrdw3aw26j3x7lhqklhgnnr6ak7itrb7ejv7by","e7lhibzb3zek3mqmyxbqvsqdlpykd22rfn2evwi","qwmkwedt5pnudyj4t2akrqidi7wilglxbof2rda","baderf54mnpf4p2ejcgavw643m","oegtutknaiv5vmtu7wmsbtg3l4","gfaq3rrcl4bvni7dgxmv3svn32hid5njcoia7wtdtwliuxhh2raa","swnrgbjee4tljnubg25esxgq6745e5ylqjg5zda"]
获取任务及基本信息

【京东账号2（孤傲的小小瞒）的京东种豆得豆好友互助码】ipcgjk6j57vpwgogj2jvmljzr45ac3f4ijdgqji

开始助力京东账号2 - 孤傲的小小瞒的好友: mze7pstbax4l7dmo4vq6wz7vgu

开始助力好友: mze7pstbax4l7dmo4vq6wz7vgu
助力结果的code:0
开始助力京东账号2 - 孤傲的小小瞒的好友: rsuben7ys7sfbu5eub7knbibke

开始助力好友: rsuben7ys7sfbu5eub7knbibke
助力结果的code:0
开始助力京东账号2 - 孤傲的小小瞒的好友: olmijoxgmjutzexyge246xwmaxy43t3jsqc74zy

开始助力好友: olmijoxgmjutzexyge246xwmaxy43t3jsqc74zy
助力结果的code:0
该好友今日已满9人助力/20瓶营养液,明天再来为Ta助力吧

开始助力京东账号2 - 孤傲的小小瞒的好友: olmijoxgmjutyg2ld7qnkdd2oppiupb7d5dcgoq

开始助力好友: olmijoxgmjutyg2ld7qnkdd2oppiupb7d5dcgoq
助力结果的code:0
该好友今日已满9人助力/20瓶营养液,明天再来为Ta助力吧

开始助力京东账号2 - 孤傲的小小瞒的好友: unau4gwawqphpdquruogwrumdahzglxd25mxoii

开始助力好友: unau4gwawqphpdquruogwrumdahzglxd25mxoii
助力结果的code:0
该好友今日已满9人助力/20瓶营养液,明天再来为Ta助力吧

开始助力京东账号2 - 孤傲的小小瞒的好友: gcdr655xfdjq764agedg7f27knlvxw5krpeddfq

开始助力好友: gcdr655xfdjq764agedg7f27knlvxw5krpeddfq
助力结果的code:0
该好友今日已满9人助力/20瓶营养液,明天再来为Ta助力吧

开始助力京东账号2 - 孤傲的小小瞒的好友: mlrdw3aw26j3wdvuepjxrvyzpcurvtbh6spm3py

开始助力好友: mlrdw3aw26j3wdvuepjxrvyzpcurvtbh6spm3py
助力结果的code:0
该好友今日已满9人助力/20瓶营养液,明天再来为Ta助力吧

开始助力京东账号2 - 孤傲的小小瞒的好友: e7lhibzb3zek3djrk6huf36ssxh2i2uajdu3uii

开始助力好友: e7lhibzb3zek3djrk6huf36ssxh2i2uajdu3uii
助力结果的code:0
该好友今日已满9人助力/20瓶营养液,明天再来为Ta助力吧

开始助力京东账号2 - 孤傲的小小瞒的好友: rafzamoz3oc7qqy2dbokjvv4iy3h7wlwy7o5jii

开始助力好友: rafzamoz3oc7qqy2dbokjvv4iy3h7wlwy7o5jii
助力结果的code:0
该好友今日已满9人助力/20瓶营养液,明天再来为Ta助力吧

开始助力京东账号2 - 孤傲的小小瞒的好友: e7lhibzb3zek22hbz3cna5vg2bbpeq2cvnnamsi

开始助力好友: e7lhibzb3zek22hbz3cna5vg2bbpeq2cvnnamsi
助力结果的code:0
该好友今日已满9人助力/20瓶营养液,明天再来为Ta助力吧

开始助力京东账号2 - 孤傲的小小瞒的好友: ltoft2n2vjxwvujnxwy5yttkau5ac3f4ijdgqji

开始助力好友: ltoft2n2vjxwvujnxwy5yttkau5ac3f4ijdgqji
助力结果的code:0
该好友今日已满9人助力/20瓶营养液,明天再来为Ta助力吧

开始助力京东账号2 - 孤傲的小小瞒的好友: 2oubplocuwxddsaymy3434ond4

开始助力好友: 2oubplocuwxddsaymy3434ond4
助力结果的code:0
该好友今日已满9人助力/20瓶营养液,明天再来为Ta助力吧

开始助力京东账号2 - 孤傲的小小瞒的好友: olmijoxgmjutzs6qbmdzmjcnecuudzx7cbq7g6q

开始助力好友: olmijoxgmjutzs6qbmdzmjcnecuudzx7cbq7g6q
助力结果的code:0
开始助力京东账号2 - 孤傲的小小瞒的好友: 4npkonnsy7xi3gfflje5qnsqiswjq26fsnyv5my

开始助力好友: 4npkonnsy7xi3gfflje5qnsqiswjq26fsnyv5my
助力结果的code:0
该好友今日已满9人助力/20瓶营养液,明天再来为Ta助力吧

开始助力京东账号2 - 孤傲的小小瞒的好友: udlmnf5fn5i3m6fohiwedqnrzsimeny5pzy5pti

开始助力好友: udlmnf5fn5i3m6fohiwedqnrzsimeny5pzy5pti
助力结果的code:0
助力好友udlmnf5fn5i3m6fohiwedqnrzsimeny5pzy5pti成功
恭喜获得1瓶助力营养液，快去培养属于你的小小豆吧

开始助力京东账号2 - 孤傲的小小瞒的好友: xaq3fso6ha2kq632d3okcfbigq

开始助力好友: xaq3fso6ha2kq632d3okcfbigq
助力结果的code:0
该好友今日已满9人助力/20瓶营养液,明天再来为Ta助力吧

开始助力京东账号2 - 孤傲的小小瞒的好友: mlrdw3aw26j3x7lhqklhgnnr6ak7itrb7ejv7by

开始助力好友: mlrdw3aw26j3x7lhqklhgnnr6ak7itrb7ejv7by
助力结果的code:0
该好友今日已满9人助力/20瓶营养液,明天再来为Ta助力吧

开始助力京东账号2 - 孤傲的小小瞒的好友: e7lhibzb3zek3mqmyxbqvsqdlpykd22rfn2evwi

开始助力好友: e7lhibzb3zek3mqmyxbqvsqdlpykd22rfn2evwi
助力结果的code:0
开始助力京东账号2 - 孤傲的小小瞒的好友: qwmkwedt5pnudyj4t2akrqidi7wilglxbof2rda

开始助力好友: qwmkwedt5pnudyj4t2akrqidi7wilglxbof2rda
助力结果的code:0
助力好友qwmkwedt5pnudyj4t2akrqidi7wilglxbof2rda成功
恭喜获得1瓶助力营养液，快去培养属于你的小小豆吧

开始助力京东账号2 - 孤傲的小小瞒的好友: baderf54mnpf4p2ejcgavw643m

开始助力好友: baderf54mnpf4p2ejcgavw643m
助力结果的code:0
您今日助力的机会已耗尽，已不能再帮助好友助力了


【评价商品】任务未完成,需自行手动去京东APP完成，评价商品可得6瓶营养液


【好友助力】任务未完成,邀请好友助力最多可得20瓶营养液

买1赠1 任务已完成

逛逛会场 任务已完成

 年货5折 任务已完成

浏览店铺 任务已完成

关注频道 任务已完成

挑选商品 任务已完成

每日签到 任务已完成

金融双签 任务已完成

1元大餐 任务已完成

服饰满减 任务已完成

免费水果 任务已完成

 去分10亿 任务已完成

美要加倍 任务已完成

暂无扭蛋机会
开始收取营养液
收取-助力奖励-的营养液
收取营养液结果:{"code":"0","data":{"growth":"101","nutrients":"0","beanState":"4","beanImg":"https://m.360buyimg.com/babel/jfs/t1/116429/19/11902/498078/5f053c2aE9cc6b0cd/0e4c91c162f40bf6.gif"}}
【上轮京豆】已领取
     任务   进度
[评价商品]  0/6   0
[好友助力]  0/20   0
[买1赠1]  1/1   1
[逛逛会场]  1/1   1
[ 年货5折]  1/1   1
[浏览店铺]  4/4   1
[关注频道]  3/3   1
[挑选商品]  6/6   1
[每日签到]  1/1   1
[金融双签]  1/1   1
[1元大餐]  1/1   1
[服饰满减]  1/1   1
[免费水果]  1/1   1
[ 去分10亿]  1/1   1
[美要加倍]  1/1   1

【上期时间】1月25日-1月31日
【上期成长值】248
【上期兑换京豆】81个
【本期时间】2月1日-2月7日
【本期成长值】98
【助力您的好友】共0人


🔔京东种豆得豆, 结束! 🕛 128.591 秒

