
🔔京东种豆得豆, 开始!
开始获取种豆得豆配置文件

您的cookie选择的是用&隔开


====================共有2个京东账号Cookie=========

==================脚本执行- 北京时间(UTC+8)：2/3/2021, 9:36:36 AM=====================

您的种豆互助码选择的是用&隔开

共2个京东账号

您提供了2个账号的种豆得豆助力码


开始【京东账号1】迷糊虫啊

第1个京东账号将要助力的好友["mze7pstbax4l7u5ggn5y2olhfy","3nwlq2wyvmz7sn4d5akh4rnrczsih2dehcx7as4ym6fgb3q7y5tq","kjno6k3dvsn4jrzs4yspokax3ud5cqqedkdv6bi","olmijoxgmjutzoaamsfbxewhiix3znzagvxr6ia"]
获取任务及基本信息

【京东账号1（迷糊虫啊）的京东种豆得豆好友互助码】epes65uva7ouwjqjapg3cjtwg4

开始助力京东账号1 - 迷糊虫啊的好友: mze7pstbax4l7u5ggn5y2olhfy

开始助力好友: mze7pstbax4l7u5ggn5y2olhfy
助力结果的code:0
开始助力京东账号1 - 迷糊虫啊的好友: 3nwlq2wyvmz7sn4d5akh4rnrczsih2dehcx7as4ym6fgb3q7y5tq

开始助力好友: 3nwlq2wyvmz7sn4d5akh4rnrczsih2dehcx7as4ym6fgb3q7y5tq
助力结果的code:0
开始助力京东账号1 - 迷糊虫啊的好友: kjno6k3dvsn4jrzs4yspokax3ud5cqqedkdv6bi

开始助力好友: kjno6k3dvsn4jrzs4yspokax3ud5cqqedkdv6bi
助力结果的code:0
开始助力京东账号1 - 迷糊虫啊的好友: olmijoxgmjutzoaamsfbxewhiix3znzagvxr6ia

开始助力好友: olmijoxgmjutzoaamsfbxewhiix3znzagvxr6ia
助力结果的code:0

【评价商品】任务未完成,需自行手动去京东APP完成，评价商品可得6瓶营养液


【好友助力】任务未完成,邀请好友助力最多可得20瓶营养液

买1赠1 任务已完成

逛逛会场 任务已完成

 年货5折 任务已完成

浏览店铺 任务已完成

关注频道 任务已完成

挑选商品 任务已完成

每日签到 任务已完成

金融双签 任务已完成

1元大餐 任务已完成

服饰满减 任务已完成

免费水果 任务已完成

 去分10亿 任务已完成

美要加倍 任务已完成

暂无扭蛋机会
"Timeout awaiting 'request' for 10000ms"
京东种豆得豆 API请求失败，请检查网路重试
开始收取营养液
【上轮京豆】已领取
     任务   进度
[评价商品]  0/6   0
[好友助力]  0/20   0
[买1赠1]  1/1   1
[逛逛会场]  1/1   1
[ 年货5折]  1/1   1
[浏览店铺]  4/4   1
[关注频道]  3/3   1
[挑选商品]  6/6   1
[每日签到]  1/1   1
[金融双签]  1/1   1
[1元大餐]  1/1   1
[服饰满减]  1/1   1
[免费水果]  1/1   1
[ 去分10亿]  1/1   1
[美要加倍]  1/1   1

【上期时间】1月25日-1月31日
【上期成长值】260
【上期兑换京豆】85个
【本期时间】2月1日-2月7日
【本期成长值】101
【助力您的好友】共0人


开始【京东账号2】孤傲的小小瞒

随机取个20码放到您固定的互助码后面(不影响已有固定互助)
第2个京东账号将要助力的好友["mze7pstbax4l7dmo4vq6wz7vgu","rsuben7ys7sfbu5eub7knbibke","olmijoxgmjutzexyge246xwmaxy43t3jsqc74zy","mlrdw3aw26j3xawgso7zkismizuoe7esvmgibji","guwmcpztjr5lovqvqieet7r2ibfwwabdi6n6kci","mlrdw3aw26j3xzwrfas2bu7tszze2gh2yw36eia","mlrdw3aw26j3w3jpn3wdm7gpgtcrfnmbgqbxmfq","gf2njfitdloxldekzam2flrji4","nled2ntrchuugtagqumsbywn5e","suqi4zyf6g2blzcrpfr5xdiyufwosrqbbgobeya","rj7s6mzlk7uog2klcb5dadehmhg6xwr7stwc2yi","5pmuu6qye4rvnnb7gkx4v7utbwe2m5pmoepgshq","4npkonnsy7xi3cwjl3lumzvtmjedsadhstwgv3y","olmijoxgmjuty344py62bt3bbkylethl5r67iyy","4npkonnsy7xi24jfcd6kdvpdxhe6z664dgz3gli","4srjlxwmo6kaodeojxvs653pgn4hgdhp33lh4ya","krkfqnl432ki2urh4wiluu3kteubnrn6nmsl36i","imbvfmuclcyh6mhhgaggwy24nxaiw5voplobvuy","4npkonnsy7xi3pnuxmybyu2k4sag7x6dto5smdy","5sucpykyzuero6enmtpmvw5tva","e7lhibzb3zek2scyvrv3kkcqr4udjm7npxajxuq","gou7sxm3hztwphakhjx55ysbucg3s74e2635iiy","ebxm5lgxoknqdjy5ld6tc4g75phlzo2p726iehy"]
获取任务及基本信息

【京东账号2（孤傲的小小瞒）的京东种豆得豆好友互助码】ipcgjk6j57vpwgogj2jvmljzr45ac3f4ijdgqji

开始助力京东账号2 - 孤傲的小小瞒的好友: mze7pstbax4l7dmo4vq6wz7vgu

开始助力好友: mze7pstbax4l7dmo4vq6wz7vgu
助力结果的code:0
开始助力京东账号2 - 孤傲的小小瞒的好友: rsuben7ys7sfbu5eub7knbibke

开始助力好友: rsuben7ys7sfbu5eub7knbibke
助力结果的code:0
开始助力京东账号2 - 孤傲的小小瞒的好友: olmijoxgmjutzexyge246xwmaxy43t3jsqc74zy

开始助力好友: olmijoxgmjutzexyge246xwmaxy43t3jsqc74zy
助力结果的code:0
开始助力京东账号2 - 孤傲的小小瞒的好友: mlrdw3aw26j3xawgso7zkismizuoe7esvmgibji

开始助力好友: mlrdw3aw26j3xawgso7zkismizuoe7esvmgibji
助力结果的code:0
该好友今日已满9人助力/20瓶营养液,明天再来为Ta助力吧

开始助力京东账号2 - 孤傲的小小瞒的好友: guwmcpztjr5lovqvqieet7r2ibfwwabdi6n6kci

开始助力好友: guwmcpztjr5lovqvqieet7r2ibfwwabdi6n6kci
助力结果的code:0
该好友今日已满9人助力/20瓶营养液,明天再来为Ta助力吧

开始助力京东账号2 - 孤傲的小小瞒的好友: mlrdw3aw26j3xzwrfas2bu7tszze2gh2yw36eia

开始助力好友: mlrdw3aw26j3xzwrfas2bu7tszze2gh2yw36eia
助力结果的code:0
该好友今日已满9人助力/20瓶营养液,明天再来为Ta助力吧

开始助力京东账号2 - 孤傲的小小瞒的好友: mlrdw3aw26j3w3jpn3wdm7gpgtcrfnmbgqbxmfq

开始助力好友: mlrdw3aw26j3w3jpn3wdm7gpgtcrfnmbgqbxmfq
助力结果的code:0
该好友今日已满9人助力/20瓶营养液,明天再来为Ta助力吧

开始助力京东账号2 - 孤傲的小小瞒的好友: gf2njfitdloxldekzam2flrji4

开始助力好友: gf2njfitdloxldekzam2flrji4
助力结果的code:0
该好友今日已满9人助力/20瓶营养液,明天再来为Ta助力吧

开始助力京东账号2 - 孤傲的小小瞒的好友: nled2ntrchuugtagqumsbywn5e

开始助力好友: nled2ntrchuugtagqumsbywn5e
助力结果的code:0
开始助力京东账号2 - 孤傲的小小瞒的好友: suqi4zyf6g2blzcrpfr5xdiyufwosrqbbgobeya

开始助力好友: suqi4zyf6g2blzcrpfr5xdiyufwosrqbbgobeya
助力结果的code:0
该好友今日已满9人助力/20瓶营养液,明天再来为Ta助力吧

开始助力京东账号2 - 孤傲的小小瞒的好友: rj7s6mzlk7uog2klcb5dadehmhg6xwr7stwc2yi

开始助力好友: rj7s6mzlk7uog2klcb5dadehmhg6xwr7stwc2yi
助力结果的code:0
该好友今日已满9人助力/20瓶营养液,明天再来为Ta助力吧

开始助力京东账号2 - 孤傲的小小瞒的好友: 5pmuu6qye4rvnnb7gkx4v7utbwe2m5pmoepgshq

开始助力好友: 5pmuu6qye4rvnnb7gkx4v7utbwe2m5pmoepgshq
助力结果的code:0
该好友今日已满9人助力/20瓶营养液,明天再来为Ta助力吧

开始助力京东账号2 - 孤傲的小小瞒的好友: 4npkonnsy7xi3cwjl3lumzvtmjedsadhstwgv3y

开始助力好友: 4npkonnsy7xi3cwjl3lumzvtmjedsadhstwgv3y
助力结果的code:0
该好友今日已满9人助力/20瓶营养液,明天再来为Ta助力吧

开始助力京东账号2 - 孤傲的小小瞒的好友: olmijoxgmjuty344py62bt3bbkylethl5r67iyy

开始助力好友: olmijoxgmjuty344py62bt3bbkylethl5r67iyy
助力结果的code:0
该好友今日已满9人助力/20瓶营养液,明天再来为Ta助力吧

开始助力京东账号2 - 孤傲的小小瞒的好友: 4npkonnsy7xi24jfcd6kdvpdxhe6z664dgz3gli

开始助力好友: 4npkonnsy7xi24jfcd6kdvpdxhe6z664dgz3gli
助力结果的code:0
该好友今日已满9人助力/20瓶营养液,明天再来为Ta助力吧

开始助力京东账号2 - 孤傲的小小瞒的好友: 4srjlxwmo6kaodeojxvs653pgn4hgdhp33lh4ya

开始助力好友: 4srjlxwmo6kaodeojxvs653pgn4hgdhp33lh4ya
助力结果的code:0
该好友今日已满9人助力/20瓶营养液,明天再来为Ta助力吧

开始助力京东账号2 - 孤傲的小小瞒的好友: krkfqnl432ki2urh4wiluu3kteubnrn6nmsl36i

开始助力好友: krkfqnl432ki2urh4wiluu3kteubnrn6nmsl36i
助力结果的code:0
该好友今日已满9人助力/20瓶营养液,明天再来为Ta助力吧

开始助力京东账号2 - 孤傲的小小瞒的好友: imbvfmuclcyh6mhhgaggwy24nxaiw5voplobvuy

开始助力好友: imbvfmuclcyh6mhhgaggwy24nxaiw5voplobvuy
助力结果的code:0
该好友今日已满9人助力/20瓶营养液,明天再来为Ta助力吧

开始助力京东账号2 - 孤傲的小小瞒的好友: 4npkonnsy7xi3pnuxmybyu2k4sag7x6dto5smdy

开始助力好友: 4npkonnsy7xi3pnuxmybyu2k4sag7x6dto5smdy
助力结果的code:0
该好友今日已满9人助力/20瓶营养液,明天再来为Ta助力吧

开始助力京东账号2 - 孤傲的小小瞒的好友: 5sucpykyzuero6enmtpmvw5tva

开始助力好友: 5sucpykyzuero6enmtpmvw5tva
助力结果的code:0
助力好友5sucpykyzuero6enmtpmvw5tva成功
恭喜获得1瓶助力营养液，快去培养属于你的小小豆吧

开始助力京东账号2 - 孤傲的小小瞒的好友: e7lhibzb3zek2scyvrv3kkcqr4udjm7npxajxuq

开始助力好友: e7lhibzb3zek2scyvrv3kkcqr4udjm7npxajxuq
助力结果的code:0
该好友今日已满9人助力/20瓶营养液,明天再来为Ta助力吧

开始助力京东账号2 - 孤傲的小小瞒的好友: gou7sxm3hztwphakhjx55ysbucg3s74e2635iiy

开始助力好友: gou7sxm3hztwphakhjx55ysbucg3s74e2635iiy
助力结果的code:0
该好友今日已满9人助力/20瓶营养液,明天再来为Ta助力吧

开始助力京东账号2 - 孤傲的小小瞒的好友: ebxm5lgxoknqdjy5ld6tc4g75phlzo2p726iehy

开始助力好友: ebxm5lgxoknqdjy5ld6tc4g75phlzo2p726iehy
助力结果的code:0
该好友今日已满9人助力/20瓶营养液,明天再来为Ta助力吧


【评价商品】任务未完成,需自行手动去京东APP完成，评价商品可得6瓶营养液


【好友助力】任务未完成,邀请好友助力最多可得20瓶营养液

买1赠1 任务已完成

逛逛会场 任务已完成

 年货5折 任务已完成

浏览店铺 任务已完成

关注频道 任务已完成

挑选商品 任务已完成

每日签到 任务已完成

金融双签 任务已完成

1元大餐 任务已完成

服饰满减 任务已完成

免费水果 任务已完成

 去分10亿 任务已完成

美要加倍 任务已完成

暂无扭蛋机会
开始收取营养液
收取-助力奖励-的营养液
收取营养液结果:{"code":"0","data":{"growth":"97","nutrients":"0","beanState":"4","beanImg":"https://m.360buyimg.com/babel/jfs/t1/116429/19/11902/498078/5f053c2aE9cc6b0cd/0e4c91c162f40bf6.gif"}}
【上轮京豆】已领取
     任务   进度
[评价商品]  0/6   0
[好友助力]  0/20   0
[买1赠1]  1/1   1
[逛逛会场]  1/1   1
[ 年货5折]  1/1   1
[浏览店铺]  4/4   1
[关注频道]  3/3   1
[挑选商品]  6/6   1
[每日签到]  1/1   1
[金融双签]  1/1   1
[1元大餐]  1/1   1
[服饰满减]  1/1   1
[免费水果]  1/1   1
[ 去分10亿]  1/1   1
[美要加倍]  1/1   1

【上期时间】1月25日-1月31日
【上期成长值】248
【上期兑换京豆】81个
【本期时间】2月1日-2月7日
【本期成长值】95
【助力您的好友】共0人


🔔京东种豆得豆, 结束! 🕛 108.239 秒

