
🔔京东种豆得豆, 开始!
开始获取种豆得豆配置文件

您的cookie选择的是用&隔开


====================共有2个京东账号Cookie=========

==================脚本执行- 北京时间(UTC+8)：2/7/2021, 1:35:16 PM=====================

您的种豆互助码选择的是用&隔开

共2个京东账号

您提供了2个账号的种豆得豆助力码


开始【京东账号1】迷糊虫啊

随机取个20码放到您固定的互助码后面(不影响已有固定互助)
第1个京东账号将要助力的好友["mze7pstbax4l7u5ggn5y2olhfy","3nwlq2wyvmz7sn4d5akh4rnrczsih2dehcx7as4ym6fgb3q7y5tq","kjno6k3dvsn4jrzs4yspokax3ud5cqqedkdv6bi","olmijoxgmjutzoaamsfbxewhiix3znzagvxr6ia","4npkonnsy7xi3ihdqgcgykdt5l2rsp6223hhsxa","4npkonnsy7xi3fke7xuiaue3qfhrr72mtyhbxby","mlrdw3aw26j3xoz247nkfbb7xsmfjmucl6goraa","h3cggkcy6agkhsckir2tx7yreswlqb7t3ciuala","4npkonnsy7xi2b2533mu5aospzvli4oxnuvfnti","mlrdw3aw26j3wwpl25rbwd27fffjohtp2qozcea","rxggow4kdwppaui5yaqpkev2yuiycgnwt3to6ay","e7lhibzb3zek3iedzqba5dhmiagxla7yquhseoy","4npkonnsy7xi344watg3qcve2bwtn23ohrocuvy","u5lnx42k5ifiunvcat2iyic6ckfrqeutvni2lxi","sfrwc3eymslseten5kstlglwue","f5pavyxxlph5ppq44ieyn2frr2aljqo7zgr52qa","4npkonnsy7xi3tpufu62vrtrkmw5rclsrwwgkgq","mlrdw3aw26j3wipkemgmc2jgrrmzyfeubeyziia","4npkonnsy7xi35vlo2h3ivcwxbc3b44md44fjtq","42qiwsgolev4ilivz4k3xq5jpy","mlrdw3aw26j3xlocbje7ahbmns75w2ksnrecq3q","4npkonnsy7xi2yrkttme4tz6zaucweoc4ogt52q","na6dlpumnwrnedcykji7agii7y5ac3f4ijdgqji","lczkkmx4f7sf64f6g4wahozrf4"]
获取任务及基本信息

【京东账号1（迷糊虫啊）的京东种豆得豆好友互助码】epes65uva7ouwjqjapg3cjtwg4

开始助力京东账号1 - 迷糊虫啊的好友: mze7pstbax4l7u5ggn5y2olhfy

开始助力好友: mze7pstbax4l7u5ggn5y2olhfy
助力结果的code:0
开始助力京东账号1 - 迷糊虫啊的好友: 3nwlq2wyvmz7sn4d5akh4rnrczsih2dehcx7as4ym6fgb3q7y5tq

开始助力好友: 3nwlq2wyvmz7sn4d5akh4rnrczsih2dehcx7as4ym6fgb3q7y5tq
助力结果的code:0
开始助力京东账号1 - 迷糊虫啊的好友: kjno6k3dvsn4jrzs4yspokax3ud5cqqedkdv6bi

开始助力好友: kjno6k3dvsn4jrzs4yspokax3ud5cqqedkdv6bi
助力结果的code:0
开始助力京东账号1 - 迷糊虫啊的好友: olmijoxgmjutzoaamsfbxewhiix3znzagvxr6ia

开始助力好友: olmijoxgmjutzoaamsfbxewhiix3znzagvxr6ia
助力结果的code:0
开始助力京东账号1 - 迷糊虫啊的好友: 4npkonnsy7xi3ihdqgcgykdt5l2rsp6223hhsxa

开始助力好友: 4npkonnsy7xi3ihdqgcgykdt5l2rsp6223hhsxa
助力结果的code:0
您今日助力的机会已耗尽，已不能再帮助好友助力了


【评价商品】任务未完成,需自行手动去京东APP完成，评价商品可得6瓶营养液


【好友助力】任务未完成,邀请好友助力最多可得20瓶营养液

逛逛会场 任务已完成

清洁年货 任务已完成

 生鲜5折 任务已完成

抢免单 任务已完成

浏览店铺 任务已完成

关注频道 任务已完成

挑选商品 任务已完成

每日签到 任务已完成

金融双签 任务已完成

免费水果 任务已完成

领100元 任务已完成

暂无扭蛋机会
开始收取营养液
【上轮京豆】已领取
     任务   进度
[评价商品]  0/6   0
[好友助力]  0/20   0
[逛逛会场]  1/1   1
[清洁年货]  1/1   1
[ 生鲜5折]  1/1   1
[抢免单]  1/1   1
[浏览店铺]  4/4   1
[关注频道]  3/3   1
[挑选商品]  6/6   1
[每日签到]  1/1   1
[金融双签]  1/1   1
[免费水果]  1/1   1
[领100元]  1/1   1

【上期时间】1月25日-1月31日
【上期成长值】260
【上期兑换京豆】85个
【本期时间】2月1日-2月7日
【本期成长值】268
【助力您的好友】共0人


开始【京东账号2】孤傲的小小瞒

随机取个20码放到您固定的互助码后面(不影响已有固定互助)
第2个京东账号将要助力的好友["mze7pstbax4l7dmo4vq6wz7vgu","rsuben7ys7sfbu5eub7knbibke","olmijoxgmjutzexyge246xwmaxy43t3jsqc74zy","2vgtxj43q3jqy6piwlxqizcaf3f53nzmr4bo7mi","icbjfubbvbgl7t5hmwatjnndvu","e7lhibzb3zek3ozytopqkvlpvaq4qq3rfglen3y","23nx2ebbufqcxfjxy5qi7tsitm","olmijoxgmjutz6dpiksskqn57jhp2p3dyzaweyy","f5pavyxxlph5pxwkr7wqn7wkcttf55qpwp6a6ri","4npkonnsy7xi3puyzjd2wmuzkv4ctzozozlbvry","lthggrmvhlwi7mw5bd22gkefoi","nkvdrkoit5o64n4oxh4xzzs6dneia2sfpni44ti","4npkonnsy7xi2pufuprs7hrxsyoo5eddfxslj2a","alkxiqikdm6ykpsrnvtbus3ml43h7wlwy7o5jii","zqyw3qpain6tll6d27vl6bjsvq5ac3f4ijdgqji","auvo2jsnzyfuuwqwa7r65im3tol34molerwicta","6m7b33oomxr4dwy3x6mgvbkzhq","bylp6n3zto6rsx6vne5f74a2ke","wgkx2n7t2cr5p4mge26y75dl5i","nkvdrkoit5o65nvuu3tmllzwzdnxuzsp5cr4qwy","olmijoxgmjutzwwatltkkkn5t5bhb6b6ukgsiwy","jusbpjdxrrq4fslhlcq6zputpu3h7wlwy7o5jii","7y5oh2a2gt7hbfgrio27ygjjzq"]
获取任务及基本信息

【京东账号2（孤傲的小小瞒）的京东种豆得豆好友互助码】ipcgjk6j57vpwgogj2jvmljzr45ac3f4ijdgqji

开始助力京东账号2 - 孤傲的小小瞒的好友: mze7pstbax4l7dmo4vq6wz7vgu

开始助力好友: mze7pstbax4l7dmo4vq6wz7vgu
助力结果的code:0
开始助力京东账号2 - 孤傲的小小瞒的好友: rsuben7ys7sfbu5eub7knbibke

开始助力好友: rsuben7ys7sfbu5eub7knbibke
助力结果的code:0
开始助力京东账号2 - 孤傲的小小瞒的好友: olmijoxgmjutzexyge246xwmaxy43t3jsqc74zy

开始助力好友: olmijoxgmjutzexyge246xwmaxy43t3jsqc74zy
助力结果的code:0
开始助力京东账号2 - 孤傲的小小瞒的好友: 2vgtxj43q3jqy6piwlxqizcaf3f53nzmr4bo7mi

开始助力好友: 2vgtxj43q3jqy6piwlxqizcaf3f53nzmr4bo7mi
助力结果的code:0
您今日助力的机会已耗尽，已不能再帮助好友助力了


【评价商品】任务未完成,需自行手动去京东APP完成，评价商品可得6瓶营养液


【好友助力】任务未完成,邀请好友助力最多可得20瓶营养液

逛逛会场 任务已完成

清洁年货 任务已完成

 生鲜5折 任务已完成

抢免单 任务已完成

浏览店铺 任务已完成

关注频道 任务已完成

挑选商品 任务已完成

每日签到 任务已完成

金融双签 任务已完成

免费水果 任务已完成

领100元 任务已完成

暂无扭蛋机会
开始收取营养液
【上轮京豆】已领取
     任务   进度
[评价商品]  0/6   0
[好友助力]  0/20   0
[逛逛会场]  1/1   1
[清洁年货]  1/1   1
[ 生鲜5折]  1/1   1
[抢免单]  1/1   1
[浏览店铺]  4/4   1
[关注频道]  3/3   1
[挑选商品]  6/6   1
[每日签到]  1/1   1
[金融双签]  1/1   1
[免费水果]  1/1   1
[领100元]  1/1   1

【上期时间】1月25日-1月31日
【上期成长值】248
【上期兑换京豆】81个
【本期时间】2月1日-2月7日
【本期成长值】258
【助力您的好友】共0人


🔔京东种豆得豆, 结束! 🕛 52.206 秒

