
🔔京东种豆得豆, 开始!
开始获取种豆得豆配置文件

您的cookie选择的是用&隔开


====================共有2个京东账号Cookie=========

==================脚本执行- 北京时间(UTC+8)：2/8/2021, 8:35:54 AM=====================

您的种豆互助码选择的是用&隔开

共2个京东账号

您提供了2个账号的种豆得豆助力码


开始【京东账号1】迷糊虫啊

随机取个20码放到您固定的互助码后面(不影响已有固定互助)
第1个京东账号将要助力的好友["mze7pstbax4l7u5ggn5y2olhfy","3nwlq2wyvmz7sn4d5akh4rnrczsih2dehcx7as4ym6fgb3q7y5tq","kjno6k3dvsn4jrzs4yspokax3ud5cqqedkdv6bi","olmijoxgmjutzoaamsfbxewhiix3znzagvxr6ia","ohf2kxnh26eqgsqyewqent3cwe","pzcxvdlmcpxn4ukia24dsbi2atrefmf5jg7obwi","66nvo67oyxpyciupg6xqghztglpv4w5f7k5f26i","olmijoxgmjutzak57jqnajav45kkuqiszuj7ooq","3wkmrffr6kwop6afxazxy7ppi4","olmijoxgmjutzvdlkbosv4mfr4gfcwaa6gjrnby","hzsxvtmuobdm7s2uln7tzfvauegiiwnhfdtdx2q","3u7p3xzuhc5s77m4wo2pejh763rpdwqd23ge3yy","e7lhibzb3zek2ssqtap6sv57c3ybpzvnqjjzrgq","aqkhql7z2zjt2qoi5eyz4t7yxu3h7wlwy7o5jii","4cpfnrcmrdqbmgeswy2edv3eia","wrqpt6mmzjh2zp2rtwxu5vbqy4iot3vtmfplooq","e7lhibzb3zek2kgsj6ugzkljlvplhjp5ztrtd5i","e7lhibzb3zek33fputomhhp6gqc54n7yb7s65cy","mlrdw3aw26j3w6m3ndxgrhylw2qjgvn2eal46oq","mlrdw3aw26j3wyfkeudd2bin3vmm3kyt4w3f4qa","olmijoxgmjutyoh3goxuhuroiaqvclhzp6ui7gy","e7lhibzb3zek3zhk26rnbmp33eks3gfl2hlub6a","mlrdw3aw26j3witdhw4vt2kptfwlhpwkiadkaqy","mlrdw3aw26j3x37tcpur3w37lox7a56ri7r2f6a"]
获取任务及基本信息

【京东账号1（迷糊虫啊）的京东种豆得豆好友互助码】epes65uva7ouwjqjapg3cjtwg4

开始助力京东账号1 - 迷糊虫啊的好友: mze7pstbax4l7u5ggn5y2olhfy

开始助力好友: mze7pstbax4l7u5ggn5y2olhfy
助力结果的code:0
开始助力京东账号1 - 迷糊虫啊的好友: 3nwlq2wyvmz7sn4d5akh4rnrczsih2dehcx7as4ym6fgb3q7y5tq

开始助力好友: 3nwlq2wyvmz7sn4d5akh4rnrczsih2dehcx7as4ym6fgb3q7y5tq
助力结果的code:0
开始助力京东账号1 - 迷糊虫啊的好友: kjno6k3dvsn4jrzs4yspokax3ud5cqqedkdv6bi

开始助力好友: kjno6k3dvsn4jrzs4yspokax3ud5cqqedkdv6bi
助力结果的code:0
开始助力京东账号1 - 迷糊虫啊的好友: olmijoxgmjutzoaamsfbxewhiix3znzagvxr6ia

开始助力好友: olmijoxgmjutzoaamsfbxewhiix3znzagvxr6ia
助力结果的code:0
开始助力京东账号1 - 迷糊虫啊的好友: ohf2kxnh26eqgsqyewqent3cwe

开始助力好友: ohf2kxnh26eqgsqyewqent3cwe
助力结果的code:0
该好友今日已满9人助力/20瓶营养液,明天再来为Ta助力吧

开始助力京东账号1 - 迷糊虫啊的好友: pzcxvdlmcpxn4ukia24dsbi2atrefmf5jg7obwi

开始助力好友: pzcxvdlmcpxn4ukia24dsbi2atrefmf5jg7obwi
助力结果的code:0
该好友今日已满9人助力/20瓶营养液,明天再来为Ta助力吧

开始助力京东账号1 - 迷糊虫啊的好友: 66nvo67oyxpyciupg6xqghztglpv4w5f7k5f26i

开始助力好友: 66nvo67oyxpyciupg6xqghztglpv4w5f7k5f26i
助力结果的code:0
该好友今日已满9人助力/20瓶营养液,明天再来为Ta助力吧

开始助力京东账号1 - 迷糊虫啊的好友: olmijoxgmjutzak57jqnajav45kkuqiszuj7ooq

开始助力好友: olmijoxgmjutzak57jqnajav45kkuqiszuj7ooq
助力结果的code:0
该好友今日已满9人助力/20瓶营养液,明天再来为Ta助力吧

开始助力京东账号1 - 迷糊虫啊的好友: 3wkmrffr6kwop6afxazxy7ppi4

开始助力好友: 3wkmrffr6kwop6afxazxy7ppi4
助力结果的code:0
该好友今日已满9人助力/20瓶营养液,明天再来为Ta助力吧

开始助力京东账号1 - 迷糊虫啊的好友: olmijoxgmjutzvdlkbosv4mfr4gfcwaa6gjrnby

开始助力好友: olmijoxgmjutzvdlkbosv4mfr4gfcwaa6gjrnby
助力结果的code:0
该好友今日已满9人助力/20瓶营养液,明天再来为Ta助力吧

开始助力京东账号1 - 迷糊虫啊的好友: hzsxvtmuobdm7s2uln7tzfvauegiiwnhfdtdx2q

开始助力好友: hzsxvtmuobdm7s2uln7tzfvauegiiwnhfdtdx2q
助力结果的code:0
该好友今日已满9人助力/20瓶营养液,明天再来为Ta助力吧

开始助力京东账号1 - 迷糊虫啊的好友: 3u7p3xzuhc5s77m4wo2pejh763rpdwqd23ge3yy

开始助力好友: 3u7p3xzuhc5s77m4wo2pejh763rpdwqd23ge3yy
助力结果的code:0
该好友今日已满9人助力/20瓶营养液,明天再来为Ta助力吧

开始助力京东账号1 - 迷糊虫啊的好友: e7lhibzb3zek2ssqtap6sv57c3ybpzvnqjjzrgq

开始助力好友: e7lhibzb3zek2ssqtap6sv57c3ybpzvnqjjzrgq
助力结果的code:0
开始助力京东账号1 - 迷糊虫啊的好友: aqkhql7z2zjt2qoi5eyz4t7yxu3h7wlwy7o5jii

开始助力好友: aqkhql7z2zjt2qoi5eyz4t7yxu3h7wlwy7o5jii
助力结果的code:0
助力好友aqkhql7z2zjt2qoi5eyz4t7yxu3h7wlwy7o5jii成功
恭喜获得1瓶助力营养液，快去培养属于你的小小豆吧

开始助力京东账号1 - 迷糊虫啊的好友: 4cpfnrcmrdqbmgeswy2edv3eia

开始助力好友: 4cpfnrcmrdqbmgeswy2edv3eia
助力结果的code:0
助力好友4cpfnrcmrdqbmgeswy2edv3eia成功
恭喜获得1瓶助力营养液，快去培养属于你的小小豆吧

开始助力京东账号1 - 迷糊虫啊的好友: wrqpt6mmzjh2zp2rtwxu5vbqy4iot3vtmfplooq

开始助力好友: wrqpt6mmzjh2zp2rtwxu5vbqy4iot3vtmfplooq
助力结果的code:0
助力好友wrqpt6mmzjh2zp2rtwxu5vbqy4iot3vtmfplooq成功
恭喜获得1瓶助力营养液，快去培养属于你的小小豆吧

开始助力京东账号1 - 迷糊虫啊的好友: e7lhibzb3zek2kgsj6ugzkljlvplhjp5ztrtd5i

开始助力好友: e7lhibzb3zek2kgsj6ugzkljlvplhjp5ztrtd5i
助力结果的code:0
您今日助力的机会已耗尽，已不能再帮助好友助力了


【评价商品】任务未完成,需自行手动去京东APP完成，评价商品可得6瓶营养液


【好友助力】任务未完成,邀请好友助力最多可得20瓶营养液

逛逛会场 任务已完成

清洁年货 任务已完成

浏览店铺 任务已完成

关注频道 任务已完成

挑选商品 任务已完成

每日签到 任务已完成

金融双签 任务已完成

免费水果 任务已完成

领100元 任务已完成

暂无扭蛋机会
开始收取营养液
收取-助力奖励-的营养液
收取营养液结果:{"code":"0","data":{"growth":"24","nutrients":"0","beanState":"2","beanImg":"https://m.360buyimg.com/babel/jfs/t1/110868/14/14650/301523/5f053c28E90ad2e2c/27308f124a7837c7.gif"}}
【上轮京豆】采摘中
     任务   进度
[评价商品]  0/6   0
[好友助力]  0/20   0
[逛逛会场]  1/1   1
[清洁年货]  1/1   1
[浏览店铺]  4/4   1
[关注频道]  3/3   1
[挑选商品]  6/6   1
[每日签到]  1/1   1
[金融双签]  1/1   1
[免费水果]  1/1   1
[领100元]  1/1   1

【上期时间】2月1日-2月7日
【上期成长值】276
【上期状态】采摘中
【本期时间】2月8日-2月14日
【本期成长值】20
【助力您的好友】共0人


开始【京东账号2】孤傲的小小瞒

第2个京东账号将要助力的好友["mze7pstbax4l7dmo4vq6wz7vgu","rsuben7ys7sfbu5eub7knbibke","olmijoxgmjutzexyge246xwmaxy43t3jsqc74zy"]
获取任务及基本信息

【京东账号2（孤傲的小小瞒）的京东种豆得豆好友互助码】ipcgjk6j57vpwgogj2jvmljzr45ac3f4ijdgqji

开始助力京东账号2 - 孤傲的小小瞒的好友: mze7pstbax4l7dmo4vq6wz7vgu

开始助力好友: mze7pstbax4l7dmo4vq6wz7vgu
助力结果的code:0
开始助力京东账号2 - 孤傲的小小瞒的好友: rsuben7ys7sfbu5eub7knbibke

开始助力好友: rsuben7ys7sfbu5eub7knbibke
随机取个20码放到您固定的互助码后面(不影响已有固定互助)
助力结果的code:0
开始助力京东账号2 - 孤傲的小小瞒的好友: olmijoxgmjutzexyge246xwmaxy43t3jsqc74zy

开始助力好友: olmijoxgmjutzexyge246xwmaxy43t3jsqc74zy
助力结果的code:0

【评价商品】任务未完成,需自行手动去京东APP完成，评价商品可得6瓶营养液


【好友助力】任务未完成,邀请好友助力最多可得20瓶营养液

逛逛会场 任务已完成

清洁年货 任务已完成

浏览店铺 任务已完成

关注频道 任务已完成

挑选商品 任务已完成

每日签到 任务已完成

金融双签 任务已完成

免费水果 任务已完成

领100元 任务已完成

暂无扭蛋机会
开始收取营养液
【上轮京豆】采摘中
     任务   进度
[评价商品]  0/6   0
[好友助力]  0/20   0
[逛逛会场]  1/1   1
[清洁年货]  1/1   1
[浏览店铺]  4/4   1
[关注频道]  3/3   1
[挑选商品]  6/6   1
[每日签到]  1/1   1
[金融双签]  1/1   1
[免费水果]  1/1   1
[领100元]  1/1   1

【上期时间】2月1日-2月7日
【上期成长值】266
【上期状态】采摘中
【本期时间】2月8日-2月14日
【本期成长值】20
【助力您的好友】共0人


🔔京东种豆得豆, 结束! 🕛 93.787 秒

