
🔔京东种豆得豆, 开始!
开始获取种豆得豆配置文件

您的cookie选择的是用&隔开


====================共有2个京东账号Cookie=========

==================脚本执行- 北京时间(UTC+8)：2/9/2021, 1:35:29 PM=====================

您的种豆互助码选择的是用&隔开

共2个京东账号

您提供了2个账号的种豆得豆助力码


开始【京东账号1】迷糊虫啊

随机取个20码放到您固定的互助码后面(不影响已有固定互助)
第1个京东账号将要助力的好友["mze7pstbax4l7u5ggn5y2olhfy","3nwlq2wyvmz7sn4d5akh4rnrczsih2dehcx7as4ym6fgb3q7y5tq","kjno6k3dvsn4jrzs4yspokax3ud5cqqedkdv6bi","olmijoxgmjutzoaamsfbxewhiix3znzagvxr6ia","mlrdw3aw26j3xssxewwotjza4tkvu3dmoekcmwq","pcshrg53jwmxf5yj42pldtwl6u5ac3f4ijdgqji","mlrdw3aw26j3xzqjn5medsbi5vt7prwsgcukvea","mlrdw3aw26j3x7ips5aup4gwxskdvkthdw5ewli","mvv25w3q4fwyuncp3atjyrflhsyx5nfovx7p6zy","ttf7iopmqe5rfhufxcy7sz77n4","7imgugr2v6cldoaypr7unv4flnwosrqbbgobeya","7oivz2mjbmnx4mn2elgh7k7bc6uye365utujxsi","wrqpt6mmzjh2yf7ogqtdgrncz5uufjxltfbl6zy","2b3cch35bi54nhr442i7u6ylo6jrts764cphmxi","r24sx4vnrtia36iwz3liijiw2lcldox6gxljhfy","4npkonnsy7xi3vyrg4ppud5mrdqc4g6j5lnpvga","yofrbeaemjraxo6rlfl6bvkhfm5ac3f4ijdgqji","olmijoxgmjutyflbutw3p4kqspzmivpzmsazajy","4npkonnsy7xi3lrccg4l4sbfd5kiqrz6stkkuxi","e7lhibzb3zek23dc5urooe3zaabhqfywnl2g5cq","h3cggkcy6agkh2leotijycto3iatdl2k77j42bi","mlrdw3aw26j3x6movwkzxtlzqxqtk5au3eqmo3y","i7ncq576fegcvljv5hslr6vep4","olmijoxgmjutzxs5cwtmnha7pbwqglxy3c2hdjq"]
获取任务及基本信息

【京东账号1（迷糊虫啊）的京东种豆得豆好友互助码】epes65uva7ouwjqjapg3cjtwg4

开始助力京东账号1 - 迷糊虫啊的好友: mze7pstbax4l7u5ggn5y2olhfy

开始助力好友: mze7pstbax4l7u5ggn5y2olhfy
助力结果的code:0
开始助力京东账号1 - 迷糊虫啊的好友: 3nwlq2wyvmz7sn4d5akh4rnrczsih2dehcx7as4ym6fgb3q7y5tq

开始助力好友: 3nwlq2wyvmz7sn4d5akh4rnrczsih2dehcx7as4ym6fgb3q7y5tq
助力结果的code:0
开始助力京东账号1 - 迷糊虫啊的好友: kjno6k3dvsn4jrzs4yspokax3ud5cqqedkdv6bi

开始助力好友: kjno6k3dvsn4jrzs4yspokax3ud5cqqedkdv6bi
助力结果的code:0
开始助力京东账号1 - 迷糊虫啊的好友: olmijoxgmjutzoaamsfbxewhiix3znzagvxr6ia

开始助力好友: olmijoxgmjutzoaamsfbxewhiix3znzagvxr6ia
助力结果的code:0
开始助力京东账号1 - 迷糊虫啊的好友: mlrdw3aw26j3xssxewwotjza4tkvu3dmoekcmwq

开始助力好友: mlrdw3aw26j3xssxewwotjza4tkvu3dmoekcmwq
助力结果的code:0
该好友今日已满9人助力/20瓶营养液,明天再来为Ta助力吧

开始助力京东账号1 - 迷糊虫啊的好友: pcshrg53jwmxf5yj42pldtwl6u5ac3f4ijdgqji

开始助力好友: pcshrg53jwmxf5yj42pldtwl6u5ac3f4ijdgqji
助力结果的code:0
该好友今日已满9人助力/20瓶营养液,明天再来为Ta助力吧

开始助力京东账号1 - 迷糊虫啊的好友: mlrdw3aw26j3xzqjn5medsbi5vt7prwsgcukvea

开始助力好友: mlrdw3aw26j3xzqjn5medsbi5vt7prwsgcukvea
助力结果的code:0
该好友今日已满9人助力/20瓶营养液,明天再来为Ta助力吧

开始助力京东账号1 - 迷糊虫啊的好友: mlrdw3aw26j3x7ips5aup4gwxskdvkthdw5ewli

开始助力好友: mlrdw3aw26j3x7ips5aup4gwxskdvkthdw5ewli
助力结果的code:0
该好友今日已满9人助力/20瓶营养液,明天再来为Ta助力吧

开始助力京东账号1 - 迷糊虫啊的好友: mvv25w3q4fwyuncp3atjyrflhsyx5nfovx7p6zy

开始助力好友: mvv25w3q4fwyuncp3atjyrflhsyx5nfovx7p6zy
助力结果的code:0
该好友今日已满9人助力/20瓶营养液,明天再来为Ta助力吧

开始助力京东账号1 - 迷糊虫啊的好友: ttf7iopmqe5rfhufxcy7sz77n4

开始助力好友: ttf7iopmqe5rfhufxcy7sz77n4
助力结果的code:0
该好友今日已满9人助力/20瓶营养液,明天再来为Ta助力吧

开始助力京东账号1 - 迷糊虫啊的好友: 7imgugr2v6cldoaypr7unv4flnwosrqbbgobeya

开始助力好友: 7imgugr2v6cldoaypr7unv4flnwosrqbbgobeya
助力结果的code:0
该好友今日已满9人助力/20瓶营养液,明天再来为Ta助力吧

开始助力京东账号1 - 迷糊虫啊的好友: 7oivz2mjbmnx4mn2elgh7k7bc6uye365utujxsi

开始助力好友: 7oivz2mjbmnx4mn2elgh7k7bc6uye365utujxsi
助力结果的code:0
该好友今日已满9人助力/20瓶营养液,明天再来为Ta助力吧

开始助力京东账号1 - 迷糊虫啊的好友: wrqpt6mmzjh2yf7ogqtdgrncz5uufjxltfbl6zy

开始助力好友: wrqpt6mmzjh2yf7ogqtdgrncz5uufjxltfbl6zy
助力结果的code:0
该好友今日已满9人助力/20瓶营养液,明天再来为Ta助力吧

开始助力京东账号1 - 迷糊虫啊的好友: 2b3cch35bi54nhr442i7u6ylo6jrts764cphmxi

开始助力好友: 2b3cch35bi54nhr442i7u6ylo6jrts764cphmxi
助力结果的code:0
该好友今日已满9人助力/20瓶营养液,明天再来为Ta助力吧

开始助力京东账号1 - 迷糊虫啊的好友: r24sx4vnrtia36iwz3liijiw2lcldox6gxljhfy

开始助力好友: r24sx4vnrtia36iwz3liijiw2lcldox6gxljhfy
助力结果的code:0
该好友今日已满9人助力/20瓶营养液,明天再来为Ta助力吧

开始助力京东账号1 - 迷糊虫啊的好友: 4npkonnsy7xi3vyrg4ppud5mrdqc4g6j5lnpvga

开始助力好友: 4npkonnsy7xi3vyrg4ppud5mrdqc4g6j5lnpvga
助力结果的code:0
该好友今日已满9人助力/20瓶营养液,明天再来为Ta助力吧

开始助力京东账号1 - 迷糊虫啊的好友: yofrbeaemjraxo6rlfl6bvkhfm5ac3f4ijdgqji

开始助力好友: yofrbeaemjraxo6rlfl6bvkhfm5ac3f4ijdgqji
助力结果的code:0
该好友今日已满9人助力/20瓶营养液,明天再来为Ta助力吧

开始助力京东账号1 - 迷糊虫啊的好友: olmijoxgmjutyflbutw3p4kqspzmivpzmsazajy

开始助力好友: olmijoxgmjutyflbutw3p4kqspzmivpzmsazajy
助力结果的code:0
该好友今日已满9人助力/20瓶营养液,明天再来为Ta助力吧

开始助力京东账号1 - 迷糊虫啊的好友: 4npkonnsy7xi3lrccg4l4sbfd5kiqrz6stkkuxi

开始助力好友: 4npkonnsy7xi3lrccg4l4sbfd5kiqrz6stkkuxi
助力结果的code:0
该好友今日已满9人助力/20瓶营养液,明天再来为Ta助力吧

开始助力京东账号1 - 迷糊虫啊的好友: e7lhibzb3zek23dc5urooe3zaabhqfywnl2g5cq

开始助力好友: e7lhibzb3zek23dc5urooe3zaabhqfywnl2g5cq
助力结果的code:0
该好友今日已满9人助力/20瓶营养液,明天再来为Ta助力吧

开始助力京东账号1 - 迷糊虫啊的好友: h3cggkcy6agkh2leotijycto3iatdl2k77j42bi

开始助力好友: h3cggkcy6agkh2leotijycto3iatdl2k77j42bi
助力结果的code:0
该好友今日已满9人助力/20瓶营养液,明天再来为Ta助力吧

开始助力京东账号1 - 迷糊虫啊的好友: mlrdw3aw26j3x6movwkzxtlzqxqtk5au3eqmo3y

开始助力好友: mlrdw3aw26j3x6movwkzxtlzqxqtk5au3eqmo3y
助力结果的code:0
该好友今日已满9人助力/20瓶营养液,明天再来为Ta助力吧

开始助力京东账号1 - 迷糊虫啊的好友: i7ncq576fegcvljv5hslr6vep4

开始助力好友: i7ncq576fegcvljv5hslr6vep4
助力结果的code:0
该好友今日已满9人助力/20瓶营养液,明天再来为Ta助力吧

开始助力京东账号1 - 迷糊虫啊的好友: olmijoxgmjutzxs5cwtmnha7pbwqglxy3c2hdjq

开始助力好友: olmijoxgmjutzxs5cwtmnha7pbwqglxy3c2hdjq
助力结果的code:0
该好友今日已满9人助力/20瓶营养液,明天再来为Ta助力吧


【评价商品】任务未完成,需自行手动去京东APP完成，评价商品可得6瓶营养液


【好友助力】任务未完成,邀请好友助力最多可得20瓶营养液

逛逛会场 任务已完成

浏览店铺 任务已完成

关注频道 任务已完成

挑选商品 任务已完成

每日签到 任务已完成

金融双签 任务已完成

免费水果 任务已完成

领100元 任务已完成

暂无扭蛋机会
开始收取营养液
【上轮京豆】已领取
     任务   进度
[评价商品]  0/6   0
[好友助力]  0/20   0
[逛逛会场]  1/1   1
[浏览店铺]  4/4   1
[关注频道]  3/3   1
[挑选商品]  6/6   1
[每日签到]  1/1   1
[金融双签]  1/1   1
[免费水果]  1/1   1
[领100元]  1/1   1

【上期时间】2月1日-2月7日
【上期成长值】276
【上期兑换京豆】91个
【本期时间】2月8日-2月14日
【本期成长值】59
【助力您的好友】共0人


开始【京东账号2】孤傲的小小瞒

第2个京东账号将要助力的好友["mze7pstbax4l7dmo4vq6wz7vgu","rsuben7ys7sfbu5eub7knbibke","olmijoxgmjutzexyge246xwmaxy43t3jsqc74zy"]
获取任务及基本信息

【京东账号2（孤傲的小小瞒）的京东种豆得豆好友互助码】ipcgjk6j57vpwgogj2jvmljzr45ac3f4ijdgqji

开始助力京东账号2 - 孤傲的小小瞒的好友: mze7pstbax4l7dmo4vq6wz7vgu

开始助力好友: mze7pstbax4l7dmo4vq6wz7vgu
助力结果的code:0
开始助力京东账号2 - 孤傲的小小瞒的好友: rsuben7ys7sfbu5eub7knbibke

开始助力好友: rsuben7ys7sfbu5eub7knbibke
助力结果的code:0
开始助力京东账号2 - 孤傲的小小瞒的好友: olmijoxgmjutzexyge246xwmaxy43t3jsqc74zy

开始助力好友: olmijoxgmjutzexyge246xwmaxy43t3jsqc74zy
助力结果的code:0

【评价商品】任务未完成,需自行手动去京东APP完成，评价商品可得6瓶营养液


【好友助力】任务未完成,邀请好友助力最多可得20瓶营养液

逛逛会场 任务已完成

浏览店铺 任务已完成

关注频道 任务已完成

挑选商品 任务已完成

每日签到 任务已完成

金融双签 任务已完成

免费水果 任务已完成

领100元 任务已完成

暂无扭蛋机会
开始收取营养液
【上轮京豆】已领取
"Timeout awaiting 'request' for 10000ms"
京东种豆得豆 API请求失败，请检查网路重试
     任务   进度
[评价商品]  0/6   0
[好友助力]  0/20   0
[逛逛会场]  1/1   1
[浏览店铺]  4/4   1
[关注频道]  3/3   1
[挑选商品]  6/6   1
[每日签到]  1/1   1
[金融双签]  1/1   1
[免费水果]  1/1   1
[领100元]  1/1   1

【上期时间】2月1日-2月7日
【上期成长值】266
【上期兑换京豆】87个
【本期时间】2月8日-2月14日
【本期成长值】64
【助力您的好友】共0人


🔔京东种豆得豆, 结束! 🕛 105.389 秒

