
🔔京东种豆得豆, 开始!
开始获取种豆得豆配置文件

您的cookie选择的是用&隔开


====================共有2个京东账号Cookie=========

==================脚本执行- 北京时间(UTC+8)：2/6/2021, 9:35:03 AM=====================

您的种豆互助码选择的是用&隔开

共2个京东账号

您提供了2个账号的种豆得豆助力码


开始【京东账号1】迷糊虫啊

随机取个20码放到您固定的互助码后面(不影响已有固定互助)
第1个京东账号将要助力的好友["mze7pstbax4l7u5ggn5y2olhfy","3nwlq2wyvmz7sn4d5akh4rnrczsih2dehcx7as4ym6fgb3q7y5tq","kjno6k3dvsn4jrzs4yspokax3ud5cqqedkdv6bi","olmijoxgmjutzoaamsfbxewhiix3znzagvxr6ia","mlrdw3aw26j3wql3sd2omclfxbn35w4hearum4q","4npkonnsy7xi3rrcbgtiyj3kfmmag6caim7i2iy","e7lhibzb3zek2ed5kuspwknfo6uykgyod3px3wi","h3cggkcy6agkhqdtbaocmr3wclsg7gtf5rrwlly","uy2cvhsytd5cg3qt26enlf22vq","4f5q6i2paufeelphzqgygmiuouds3lec6qbpl5y","etbaji2732kduwzcieasvovz7m","ajoeb2owprb23twb675frtbrx4","4npkonnsy7xi2fcxijbkteopo7artxxwlmwfvvi","e7lhibzb3zek3ailwfcqxycfgcc6lplskmsrcwq","mlrdw3aw26j3w3elix5n7e4eh3awtd3wjuupada","4npkonnsy7xi244gg4ttcqmyenyo6bjzolex2vq","wsr6thb5bd25l7awpnyly4dxdhvqclhlv6z7nia","3dnajtigyjueg24w2agusirrzi","igefhjvuw6xvscczs5ojykn7nodbt3wbidrtxyi","olmijoxgmjutz3som5b6meeah6utjqvplvjqbma","itplnhngh2a7fy4bixret5jp5oi3vjzbd47e64q","cshk5bfjifz7463nex4bqqyvuy7vg64aqza55fi","rtsljotwy2w34vqx3mx67asc54pv3pu23is6kqq","e7lhibzb3zek2avtrkjvccfkn6eeia2tqj6tepi"]
获取任务及基本信息

【京东账号1（迷糊虫啊）的京东种豆得豆好友互助码】epes65uva7ouwjqjapg3cjtwg4

开始助力京东账号1 - 迷糊虫啊的好友: mze7pstbax4l7u5ggn5y2olhfy

开始助力好友: mze7pstbax4l7u5ggn5y2olhfy
助力结果的code:0
开始助力京东账号1 - 迷糊虫啊的好友: 3nwlq2wyvmz7sn4d5akh4rnrczsih2dehcx7as4ym6fgb3q7y5tq

开始助力好友: 3nwlq2wyvmz7sn4d5akh4rnrczsih2dehcx7as4ym6fgb3q7y5tq
助力结果的code:0
开始助力京东账号1 - 迷糊虫啊的好友: kjno6k3dvsn4jrzs4yspokax3ud5cqqedkdv6bi

开始助力好友: kjno6k3dvsn4jrzs4yspokax3ud5cqqedkdv6bi
助力结果的code:0
开始助力京东账号1 - 迷糊虫啊的好友: olmijoxgmjutzoaamsfbxewhiix3znzagvxr6ia

开始助力好友: olmijoxgmjutzoaamsfbxewhiix3znzagvxr6ia
助力结果的code:0
开始助力京东账号1 - 迷糊虫啊的好友: mlrdw3aw26j3wql3sd2omclfxbn35w4hearum4q

开始助力好友: mlrdw3aw26j3wql3sd2omclfxbn35w4hearum4q
助力结果的code:0
您今日助力的机会已耗尽，已不能再帮助好友助力了


【评价商品】任务未完成,需自行手动去京东APP完成，评价商品可得6瓶营养液


【好友助力】任务未完成,邀请好友助力最多可得20瓶营养液

逛逛会场 任务已完成

巨折橙子 任务已完成

 生鲜5折 任务已完成

抢免单 任务已完成

浏览店铺 任务已完成

关注频道 任务已完成

挑选商品 任务已完成

每日签到 任务已完成

金融双签 任务已完成

免费水果 任务已完成

领100元 任务已完成

暂无扭蛋机会
开始收取营养液
【上轮京豆】已领取
     任务   进度
[评价商品]  0/6   0
[好友助力]  0/20   0
[逛逛会场]  1/1   1
[巨折橙子]  1/1   1
[ 生鲜5折]  1/1   1
[抢免单]  1/1   1
[浏览店铺]  4/4   1
[关注频道]  3/3   1
[挑选商品]  6/6   1
[每日签到]  1/1   1
[金融双签]  1/1   1
[免费水果]  1/1   1
[领100元]  1/1   1

【上期时间】1月25日-1月31日
【上期成长值】260
【上期兑换京豆】85个
【本期时间】2月1日-2月7日
【本期成长值】226
【助力您的好友】共0人


开始【京东账号2】孤傲的小小瞒

随机取个20码放到您固定的互助码后面(不影响已有固定互助)
第2个京东账号将要助力的好友["mze7pstbax4l7dmo4vq6wz7vgu","rsuben7ys7sfbu5eub7knbibke","olmijoxgmjutzexyge246xwmaxy43t3jsqc74zy","xl5d6lzeff6sbtmmugi7bjqfv45ac3f4ijdgqji","e7olmeybfrxkcqmezstexpojea","ebxm5lgxoknqdjy5ld6tc4g75phlzo2p726iehy","mlrdw3aw26j3wkvyffv33kbfc3w4k3t7antg7ua","iu237u55hwjipxgjmzx4rcytwev5t23ss4lk4vy","kjno6k3dvsn4jrzs4yspokax3ud5cqqedkdv6bi","mlrdw3aw26j3xtwd3qoqwaveme2tgbwxinu4u5i","3lzxilsa4g5kxadyan666vugy45ac3f4ijdgqji","t7edyuulwjccfhceuyhdrnw6hmurmovljkkoqpy","4npkonnsy7xi2hwww6wmtwdde5e3y44md2njw6q","mlrdw3aw26j3xgkkxm6kzze7dj6pkkwe743b5ay","2rdtovtnsjov3iraucm2its4fi","t7obxmpebrxkdp6yg6zhece4mvtbjnaeaf2kf4y","qwmkwedt5pnudyj4t2akrqidi7wilglxbof2rda","yeiucozgqiskmd6knmxkaj2x5a5ac3f4ijdgqji","u72q4vdn3zes2dh2q7ccevd2hlbpdaytjhax6hq","olmijoxgmjutztzexoyxf22tw2cb5uw4ovuv4dq","hexohqmn2e3mceuvktrabzdjz6ypbf2b6g52xpi","7oivz2mjbmnx4xiwgjncsgv6yuxsk5aw3lqwhmi","bt32yvlarseliag7bxmcdh3fxi"]
获取任务及基本信息

【京东账号2（孤傲的小小瞒）的京东种豆得豆好友互助码】ipcgjk6j57vpwgogj2jvmljzr45ac3f4ijdgqji

开始助力京东账号2 - 孤傲的小小瞒的好友: mze7pstbax4l7dmo4vq6wz7vgu

开始助力好友: mze7pstbax4l7dmo4vq6wz7vgu
助力结果的code:0
开始助力京东账号2 - 孤傲的小小瞒的好友: rsuben7ys7sfbu5eub7knbibke

开始助力好友: rsuben7ys7sfbu5eub7knbibke
助力结果的code:0
开始助力京东账号2 - 孤傲的小小瞒的好友: olmijoxgmjutzexyge246xwmaxy43t3jsqc74zy

开始助力好友: olmijoxgmjutzexyge246xwmaxy43t3jsqc74zy
助力结果的code:0
您今日助力的机会已耗尽，已不能再帮助好友助力了


【评价商品】任务未完成,需自行手动去京东APP完成，评价商品可得6瓶营养液


【好友助力】任务未完成,邀请好友助力最多可得20瓶营养液

逛逛会场 任务已完成

巨折橙子 任务已完成

 生鲜5折 任务已完成

抢免单 任务已完成

浏览店铺 任务已完成

关注频道 任务已完成

挑选商品 任务已完成

每日签到 任务已完成

金融双签 任务已完成

免费水果 任务已完成

领100元 任务已完成

暂无扭蛋机会
开始收取营养液
【上轮京豆】已领取
     任务   进度
[评价商品]  0/6   0
[好友助力]  0/20   0
[逛逛会场]  1/1   1
[巨折橙子]  1/1   1
[ 生鲜5折]  1/1   1
[抢免单]  1/1   1
[浏览店铺]  4/4   1
[关注频道]  3/3   1
[挑选商品]  6/6   1
[每日签到]  1/1   1
[金融双签]  1/1   1
[免费水果]  1/1   1
[领100元]  1/1   1

【上期时间】1月25日-1月31日
【上期成长值】248
【上期兑换京豆】81个
【本期时间】2月1日-2月7日
【本期成长值】213
【助力您的好友】共0人


🔔京东种豆得豆, 结束! 🕛 49.951 秒

