
🔔京东种豆得豆, 开始!
开始获取种豆得豆配置文件

您的cookie选择的是用&隔开


====================共有2个京东账号Cookie=========

==================脚本执行- 北京时间(UTC+8)：2/4/2021, 8:37:28 AM=====================

您的种豆互助码选择的是用&隔开

共2个京东账号

您提供了2个账号的种豆得豆助力码


开始【京东账号1】迷糊虫啊

随机取个20码放到您固定的互助码后面(不影响已有固定互助)
第1个京东账号将要助力的好友["mze7pstbax4l7u5ggn5y2olhfy","3nwlq2wyvmz7sn4d5akh4rnrczsih2dehcx7as4ym6fgb3q7y5tq","kjno6k3dvsn4jrzs4yspokax3ud5cqqedkdv6bi","olmijoxgmjutzoaamsfbxewhiix3znzagvxr6ia","eiwapqczgrozd2fm5ifszkgfkq","olmijoxgmjutyllhgwkbvbi77xk57ffdiep6cka","hccpxii4yunwj4jnvowfk7pbcq","4npkonnsy7xi3xlaiq55npmdjo32bxqslj5nwvy","mlrdw3aw26j3w5ur7wfbvzoctyejw4re3iycfda","nkvdrkoit5o645tttambdzx2citjlyoaf42uy2a","5tg7pi2icpkg7pwq6hyuzsr2du","mlrdw3aw26j3wgqza2vmjaergqb7ophlgggnhii","43nn43sttrtwcp4akyspjauuf4","e7lhibzb3zek3gxkwssb5dtwt55522ry3r3kroy","ep4bsdx3ajfgurgprhz6mvimg4","4npkonnsy7xi244gg4ttcqmyenyo6bjzolex2vq","huigpwpmbo57d5qgztugsgiwvq3h7wlwy7o5jii","i76psiqyvtheic5oqkbvrxyv2q5ac3f4ijdgqji","nacaxzok2js3yzbh3qriedybjy","mlrdw3aw26j3wmclpy45uq6dsihjp6g45crf4ba","olmijoxgmjutzyfrnoshk6e2dp4sir55rvauykq","tnmcphpjys5idcbcdmbnsynyygq3dnbdibgytgy","zalmhfy34qahyj57z77qpdaohr2hbnxaubshoyq","2cgczfdjytosu74gpmbzcsadki3h7wlwy7o5jii"]
获取任务及基本信息

【京东账号1（迷糊虫啊）的京东种豆得豆好友互助码】epes65uva7ouwjqjapg3cjtwg4

开始助力京东账号1 - 迷糊虫啊的好友: mze7pstbax4l7u5ggn5y2olhfy

开始助力好友: mze7pstbax4l7u5ggn5y2olhfy
助力结果的code:0
开始助力京东账号1 - 迷糊虫啊的好友: 3nwlq2wyvmz7sn4d5akh4rnrczsih2dehcx7as4ym6fgb3q7y5tq

开始助力好友: 3nwlq2wyvmz7sn4d5akh4rnrczsih2dehcx7as4ym6fgb3q7y5tq
助力结果的code:0
开始助力京东账号1 - 迷糊虫啊的好友: kjno6k3dvsn4jrzs4yspokax3ud5cqqedkdv6bi

开始助力好友: kjno6k3dvsn4jrzs4yspokax3ud5cqqedkdv6bi
助力结果的code:0
开始助力京东账号1 - 迷糊虫啊的好友: olmijoxgmjutzoaamsfbxewhiix3znzagvxr6ia

开始助力好友: olmijoxgmjutzoaamsfbxewhiix3znzagvxr6ia
助力结果的code:0
开始助力京东账号1 - 迷糊虫啊的好友: eiwapqczgrozd2fm5ifszkgfkq

开始助力好友: eiwapqczgrozd2fm5ifszkgfkq
助力结果的code:0
该好友今日已满9人助力/20瓶营养液,明天再来为Ta助力吧

开始助力京东账号1 - 迷糊虫啊的好友: olmijoxgmjutyllhgwkbvbi77xk57ffdiep6cka

开始助力好友: olmijoxgmjutyllhgwkbvbi77xk57ffdiep6cka
助力结果的code:0
助力好友olmijoxgmjutyllhgwkbvbi77xk57ffdiep6cka成功
恭喜获得1瓶助力营养液，快去培养属于你的小小豆吧

开始助力京东账号1 - 迷糊虫啊的好友: hccpxii4yunwj4jnvowfk7pbcq

开始助力好友: hccpxii4yunwj4jnvowfk7pbcq
助力结果的code:0
该好友今日已满9人助力/20瓶营养液,明天再来为Ta助力吧

开始助力京东账号1 - 迷糊虫啊的好友: 4npkonnsy7xi3xlaiq55npmdjo32bxqslj5nwvy

开始助力好友: 4npkonnsy7xi3xlaiq55npmdjo32bxqslj5nwvy
助力结果的code:0
该好友今日已满9人助力/20瓶营养液,明天再来为Ta助力吧

开始助力京东账号1 - 迷糊虫啊的好友: mlrdw3aw26j3w5ur7wfbvzoctyejw4re3iycfda

开始助力好友: mlrdw3aw26j3w5ur7wfbvzoctyejw4re3iycfda
助力结果的code:0
助力好友mlrdw3aw26j3w5ur7wfbvzoctyejw4re3iycfda成功
恭喜获得1瓶助力营养液，快去培养属于你的小小豆吧

开始助力京东账号1 - 迷糊虫啊的好友: nkvdrkoit5o645tttambdzx2citjlyoaf42uy2a

开始助力好友: nkvdrkoit5o645tttambdzx2citjlyoaf42uy2a
助力结果的code:0
该好友今日已满9人助力/20瓶营养液,明天再来为Ta助力吧

开始助力京东账号1 - 迷糊虫啊的好友: 5tg7pi2icpkg7pwq6hyuzsr2du

开始助力好友: 5tg7pi2icpkg7pwq6hyuzsr2du
助力结果的code:0
该好友今日已满9人助力/20瓶营养液,明天再来为Ta助力吧

开始助力京东账号1 - 迷糊虫啊的好友: mlrdw3aw26j3wgqza2vmjaergqb7ophlgggnhii

开始助力好友: mlrdw3aw26j3wgqza2vmjaergqb7ophlgggnhii
助力结果的code:0
助力好友mlrdw3aw26j3wgqza2vmjaergqb7ophlgggnhii成功
恭喜获得1瓶助力营养液，快去培养属于你的小小豆吧

开始助力京东账号1 - 迷糊虫啊的好友: 43nn43sttrtwcp4akyspjauuf4

开始助力好友: 43nn43sttrtwcp4akyspjauuf4
助力结果的code:0
您今日助力的机会已耗尽，已不能再帮助好友助力了


【评价商品】任务未完成,需自行手动去京东APP完成，评价商品可得6瓶营养液


【好友助力】任务未完成,邀请好友助力最多可得20瓶营养液

逛逛会场 任务已完成

买1赠1 任务已完成

1元大餐 任务已完成

 生鲜5折 任务已完成

浏览店铺 任务已完成

关注频道 任务已完成

挑选商品 任务已完成

每日签到 任务已完成

金融双签 任务已完成

免费水果 任务已完成

领100元 任务已完成

暂无扭蛋机会
开始收取营养液
收取-助力奖励-的营养液
收取营养液结果:{"code":"0","data":{"growth":"143","nutrients":"0","beanState":"4","beanImg":"https://m.360buyimg.com/babel/jfs/t1/116429/19/11902/498078/5f053c2aE9cc6b0cd/0e4c91c162f40bf6.gif"}}
【上轮京豆】已领取
     任务   进度
[评价商品]  0/6   0
[好友助力]  0/20   0
[逛逛会场]  1/1   1
[买1赠1]  1/1   1
[1元大餐]  1/1   1
[ 生鲜5折]  1/1   1
[浏览店铺]  4/4   1
[关注频道]  3/3   1
[挑选商品]  6/6   1
[每日签到]  1/1   1
[金融双签]  1/1   1
[免费水果]  1/1   1
[领100元]  1/1   1

【上期时间】1月25日-1月31日
【上期成长值】260
【上期兑换京豆】85个
【本期时间】2月1日-2月7日
【本期成长值】139
【助力您的好友】共0人


开始【京东账号2】孤傲的小小瞒

第2个京东账号将要助力的好友["mze7pstbax4l7dmo4vq6wz7vgu","rsuben7ys7sfbu5eub7knbibke","olmijoxgmjutzexyge246xwmaxy43t3jsqc74zy"]
获取任务及基本信息

【京东账号2（孤傲的小小瞒）的京东种豆得豆好友互助码】ipcgjk6j57vpwgogj2jvmljzr45ac3f4ijdgqji

开始助力京东账号2 - 孤傲的小小瞒的好友: mze7pstbax4l7dmo4vq6wz7vgu

开始助力好友: mze7pstbax4l7dmo4vq6wz7vgu
助力结果的code:0
开始助力京东账号2 - 孤傲的小小瞒的好友: rsuben7ys7sfbu5eub7knbibke

开始助力好友: rsuben7ys7sfbu5eub7knbibke
助力结果的code:0
开始助力京东账号2 - 孤傲的小小瞒的好友: olmijoxgmjutzexyge246xwmaxy43t3jsqc74zy

开始助力好友: olmijoxgmjutzexyge246xwmaxy43t3jsqc74zy
助力结果的code:0
您今日助力的机会已耗尽，已不能再帮助好友助力了


【评价商品】任务未完成,需自行手动去京东APP完成，评价商品可得6瓶营养液


【好友助力】任务未完成,邀请好友助力最多可得20瓶营养液

逛逛会场 任务已完成

买1赠1 任务已完成

1元大餐 任务已完成

 生鲜5折 任务已完成

浏览店铺 任务已完成

关注频道 任务已完成

挑选商品 任务已完成

每日签到 任务已完成

金融双签 任务已完成

免费水果 任务已完成

领100元 任务已完成

暂无扭蛋机会
开始收取营养液
【上轮京豆】已领取
"Timeout awaiting 'request' for 10000ms"
京东种豆得豆 API请求失败，请检查网路重试
     任务   进度
[评价商品]  0/6   0
[好友助力]  0/20   0
[逛逛会场]  1/1   1
[买1赠1]  1/1   1
[1元大餐]  1/1   1
[ 生鲜5折]  1/1   1
[浏览店铺]  4/4   1
[关注频道]  3/3   1
[挑选商品]  6/6   1
[每日签到]  1/1   1
[金融双签]  1/1   1
[免费水果]  1/1   1
[领100元]  1/1   1

【上期时间】1月25日-1月31日
【上期成长值】248
【上期兑换京豆】81个
【本期时间】2月1日-2月7日
【本期成长值】136
【助力您的好友】共0人


🔔京东种豆得豆, 结束! 🕛 94.892 秒

