
🔔京东种豆得豆, 开始!
开始获取种豆得豆配置文件

您的cookie选择的是用&隔开


====================共有2个京东账号Cookie=========

==================脚本执行- 北京时间(UTC+8)：2/5/2021, 8:35:23 PM=====================

您的种豆互助码选择的是用&隔开

共2个京东账号

您提供了2个账号的种豆得豆助力码


开始【京东账号1】迷糊虫啊

随机取个20码放到您固定的互助码后面(不影响已有固定互助)
第1个京东账号将要助力的好友["mze7pstbax4l7u5ggn5y2olhfy","3nwlq2wyvmz7sn4d5akh4rnrczsih2dehcx7as4ym6fgb3q7y5tq","kjno6k3dvsn4jrzs4yspokax3ud5cqqedkdv6bi","olmijoxgmjutzoaamsfbxewhiix3znzagvxr6ia","e7lhibzb3zek3wvznwm6szetubfzjw3xouoz6dy","6wyvsw5kgfp5ert6oqruo7v5bm","up7vzrak57usnkyyt342fi75nsvefocvd4fyvmi","o7eiltak46s2x2q6yewaamlm33afc2v6wq5rwky","7hiqufglxu2aet4mz4xfxux2bu","4npkonnsy7xi3qs2sfgowyxkze6penx3nub5csi","6wsk34xjsiwbwsukiyrer5dkaa5ac3f4ijdgqji","buzollvbuek7irnozdjkgcbqfi","mlrdw3aw26j3wxwxw6oupj2aecf7u2nheaauiuq","4npkonnsy7xi3ius2cz2bp3hzuppafq5z3zyreq","mlrdw3aw26j3whf6gg4c7qehaocoou2chmejq4y","5kb6rrwwbyblmsvgti5hi5x6336iisp7em2vjya","4larfd6ua4ecy4bzerh4bavx22rude2nwktojpa","4npkonnsy7xi2mwhi5iytccxvijz5ffm7azbq2a","aqaglgagloxj7jzagtuv7n6shy3h7wlwy7o5jii","4npkonnsy7xi2etsfgjeb2tn54wg5apll5eihpq","eeexxudqtlamofrzp2rvs22pacgldxyzg527mra","olmijoxgmjutzowf336xdlzlp72f5ozw63etw3y","22l2twkmudyxgoqwc6zi2ax422jmsz6rq5jqtii","4oupleiwuds2b3ml7kam3g3m2uu6im6wwavcjii"]
获取任务及基本信息

【京东账号1（迷糊虫啊）的京东种豆得豆好友互助码】epes65uva7ouwjqjapg3cjtwg4

开始助力京东账号1 - 迷糊虫啊的好友: mze7pstbax4l7u5ggn5y2olhfy

开始助力好友: mze7pstbax4l7u5ggn5y2olhfy
助力结果的code:0
开始助力京东账号1 - 迷糊虫啊的好友: 3nwlq2wyvmz7sn4d5akh4rnrczsih2dehcx7as4ym6fgb3q7y5tq

开始助力好友: 3nwlq2wyvmz7sn4d5akh4rnrczsih2dehcx7as4ym6fgb3q7y5tq
助力结果的code:0
开始助力京东账号1 - 迷糊虫啊的好友: kjno6k3dvsn4jrzs4yspokax3ud5cqqedkdv6bi

开始助力好友: kjno6k3dvsn4jrzs4yspokax3ud5cqqedkdv6bi
助力结果的code:0
开始助力京东账号1 - 迷糊虫啊的好友: olmijoxgmjutzoaamsfbxewhiix3znzagvxr6ia

开始助力好友: olmijoxgmjutzoaamsfbxewhiix3znzagvxr6ia
助力结果的code:0
开始助力京东账号1 - 迷糊虫啊的好友: e7lhibzb3zek3wvznwm6szetubfzjw3xouoz6dy

开始助力好友: e7lhibzb3zek3wvznwm6szetubfzjw3xouoz6dy
助力结果的code:0
您今日助力的机会已耗尽，已不能再帮助好友助力了


【评价商品】任务未完成,需自行手动去京东APP完成，评价商品可得6瓶营养液


【好友助力】任务未完成,邀请好友助力最多可得20瓶营养液

逛逛会场 任务已完成

1元年货 任务已完成

 生鲜5折 任务已完成

抢免单 任务已完成

浏览店铺 任务已完成

关注频道 任务已完成

挑选商品 任务已完成

每日签到 任务已完成

金融双签 任务已完成

免费水果 任务已完成

领100元 任务已完成

暂无扭蛋机会
开始收取营养液
【上轮京豆】已领取
     任务   进度
[评价商品]  0/6   0
[好友助力]  0/20   0
[逛逛会场]  1/1   1
[1元年货]  1/1   1
[ 生鲜5折]  1/1   1
[抢免单]  1/1   1
[浏览店铺]  4/4   1
[关注频道]  3/3   1
[挑选商品]  6/6   1
[每日签到]  1/1   1
[金融双签]  1/1   1
[免费水果]  1/1   1
[领100元]  1/1   1

【上期时间】1月25日-1月31日
【上期成长值】260
【上期兑换京豆】85个
【本期时间】2月1日-2月7日
【本期成长值】197
【助力您的好友】共0人


开始【京东账号2】孤傲的小小瞒

随机取个20码放到您固定的互助码后面(不影响已有固定互助)
第2个京东账号将要助力的好友["mze7pstbax4l7dmo4vq6wz7vgu","rsuben7ys7sfbu5eub7knbibke","olmijoxgmjutzexyge246xwmaxy43t3jsqc74zy","zej4k4t53bachzkllmxxc6mulknvhoy65zypzwa","cshk5bfjifz74rkepqrlfnd7gs6jdarzpglsf7i","srgzmorohk3bqibj733e4nggcu","mlrdw3aw26j3wg2gi7lxmxrj6nqtnkyg27rs44y","4oupleiwuds2avfucdsbv2uwplhtvadjkigrroi","mlrdw3aw26j3w75d3llwn6eyhb7v6h7d7pkaf3i","4npkonnsy7xi33i7t6gkzpvbb4yqk3ijftdo7fa","olmijoxgmjutykuh66ezf4c7og26cpt54m7r67y","hexohqmn2e3mdmhk6nuaswra4axalvjlcy6evta","olmijoxgmjuty2yu3qpqr3dxzaa4p2ss4mhdfdq","qaxkeussv6wppjzfipqcmzlcpy","fio4pbrvpmtabpp42n4ksl2siu","ohf2kxnh26eqgsqyewqent3cwe","rj7s6mzlk7uohikh3bjm6ejgytlapybml6yp6aq","lhwm6j2janpwvd2rafhp7v3t5dkfcngkuvclgua","e7lhibzb3zek26eycxr3jihlypz2v3uvl7ufyoy","4npkonnsy7xi2z4l5p4mvqlbwr2ioj5mbxre45a","olmijoxgmjuty3zys37rqho42dtvqlcn2tu5o5q","tz5ip676tqe53ysuss6k6x4vym3h7wlwy7o5jii","nkvdrkoit5o647qrllfoiinvddxtcwdweetbhgy"]
获取任务及基本信息

【京东账号2（孤傲的小小瞒）的京东种豆得豆好友互助码】ipcgjk6j57vpwgogj2jvmljzr45ac3f4ijdgqji

开始助力京东账号2 - 孤傲的小小瞒的好友: mze7pstbax4l7dmo4vq6wz7vgu

开始助力好友: mze7pstbax4l7dmo4vq6wz7vgu
助力结果的code:0
您今日助力的机会已耗尽，已不能再帮助好友助力了


【评价商品】任务未完成,需自行手动去京东APP完成，评价商品可得6瓶营养液


【好友助力】任务未完成,邀请好友助力最多可得20瓶营养液

逛逛会场 任务已完成

1元年货 任务已完成

 生鲜5折 任务已完成

抢免单 任务已完成

浏览店铺 任务已完成

关注频道 任务已完成

挑选商品 任务已完成

每日签到 任务已完成

金融双签 任务已完成

免费水果 任务已完成

领100元 任务已完成

暂无扭蛋机会
可以偷的好友的信息paradiseUuid::"essn63z3b6eegizrssjiwipnxwvo53kfs6wwz7q"
开始偷好友
偷取好友营养液情况:{"code":"0","data":{"collectResult":"1","friendNutrRewards":"1","collectNutrRewards":"1","collectMsg":"成功帮*plantNickName*收取*friendNutrRewards*瓶营养液，恭喜获得*collectNutrRewards*瓶奖励","timeNutrientsRes":{"state":"3","countDown":"3597","bottleState":"2","nextReceiveTime":"1612532163000","nutrCount":"0","nutrCountLimit":"3","endTimeNutrCount":"1"}}}
偷取好友营养液成功
开始收取营养液
收取-收取好友-的营养液
收取营养液结果:{"code":"0","data":{"growth":"185","nutrients":"0","beanState":"4","beanImg":"https://m.360buyimg.com/babel/jfs/t1/116429/19/11902/498078/5f053c2aE9cc6b0cd/0e4c91c162f40bf6.gif"}}
【上轮京豆】已领取
     任务   进度
[评价商品]  0/6   0
[好友助力]  0/20   0
[逛逛会场]  1/1   1
[1元年货]  1/1   1
[ 生鲜5折]  1/1   1
[抢免单]  1/1   1
[浏览店铺]  4/4   1
[关注频道]  3/3   1
[挑选商品]  6/6   1
[每日签到]  1/1   1
[金融双签]  1/1   1
[免费水果]  1/1   1
[领100元]  1/1   1

【上期时间】1月25日-1月31日
【上期成长值】248
【上期兑换京豆】81个
【本期时间】2月1日-2月7日
【本期成长值】183
【助力您的好友】共0人


🔔京东种豆得豆, 结束! 🕛 51.627 秒

