
🔔京东种豆得豆, 开始!
开始获取种豆得豆配置文件

您的cookie选择的是用&隔开


====================共有2个京东账号Cookie=========

==================脚本执行- 北京时间(UTC+8)：2/8/2021, 9:35:29 PM=====================

您的种豆互助码选择的是用&隔开

共2个京东账号

您提供了2个账号的种豆得豆助力码


开始【京东账号1】迷糊虫啊

随机取个20码放到您固定的互助码后面(不影响已有固定互助)
第1个京东账号将要助力的好友["mze7pstbax4l7u5ggn5y2olhfy","3nwlq2wyvmz7sn4d5akh4rnrczsih2dehcx7as4ym6fgb3q7y5tq","kjno6k3dvsn4jrzs4yspokax3ud5cqqedkdv6bi","olmijoxgmjutzoaamsfbxewhiix3znzagvxr6ia","ebxm5lgxoknqcz7cw3hlko5mvtzrwd5xdw5z2ci","vywi7dicfvded4ymsnyxr5rhpa","d6wg7f6syive5wt647pl6y53qy","dok4fhfhssy4krrhqg7hbbjdqheata2ct2jdhqq","l4ex6vx6yynovzqchaldmcs5eguzi2l4mhfquji","hetddo3vcdqgsmnf5g5bx53wgi3h7wlwy7o5jii","fere6ij75qhx7rymmqol52ajte","cexqiagktsez7iqvzir3joeunbtou5dcpkqiagi","4npkonnsy7xi3tn27ryu5cacozvocx5jqr7hvoi","2gjz3pbktduxowa2tmjkm52wegjaidt5yjx4ota","yeiucozgqisknsc3leu42ofp3y4h324hxo75gqi","e7lhibzb3zek3tli56wkuhmr66q4wstgccl5zda","kw45jfxad5hzu5h46yjwuhvlhsjaidt5yjx4ota","4larfd6ua4ecywd3gpgbeogxpx2lxe5vw4cwizy","e7lhibzb3zek2d7dnfxigfcheszkaxxeovhgjkq","7oivz2mjbmnx4whhc4t6ju6xf3slyxpqzvidtuy","erhdqysgjul6u7g4wkfcu452cm","e7lhibzb3zek2o7rn53ijx3nf2qoyoxfwrkafgy","z4fy6eswungwmslapj7g2kwrwlnwdefazsazssi","2luuukbk434f6irs5sw35co6eq5ac3f4ijdgqji"]
获取任务及基本信息

【京东账号1（迷糊虫啊）的京东种豆得豆好友互助码】epes65uva7ouwjqjapg3cjtwg4

开始助力京东账号1 - 迷糊虫啊的好友: mze7pstbax4l7u5ggn5y2olhfy

开始助力好友: mze7pstbax4l7u5ggn5y2olhfy
助力结果的code:0
开始助力京东账号1 - 迷糊虫啊的好友: 3nwlq2wyvmz7sn4d5akh4rnrczsih2dehcx7as4ym6fgb3q7y5tq

开始助力好友: 3nwlq2wyvmz7sn4d5akh4rnrczsih2dehcx7as4ym6fgb3q7y5tq
助力结果的code:0
开始助力京东账号1 - 迷糊虫啊的好友: kjno6k3dvsn4jrzs4yspokax3ud5cqqedkdv6bi

开始助力好友: kjno6k3dvsn4jrzs4yspokax3ud5cqqedkdv6bi
助力结果的code:0
开始助力京东账号1 - 迷糊虫啊的好友: olmijoxgmjutzoaamsfbxewhiix3znzagvxr6ia

开始助力好友: olmijoxgmjutzoaamsfbxewhiix3znzagvxr6ia
助力结果的code:0
开始助力京东账号1 - 迷糊虫啊的好友: ebxm5lgxoknqcz7cw3hlko5mvtzrwd5xdw5z2ci

开始助力好友: ebxm5lgxoknqcz7cw3hlko5mvtzrwd5xdw5z2ci
助力结果的code:0
您今日助力的机会已耗尽，已不能再帮助好友助力了


【评价商品】任务未完成,需自行手动去京东APP完成，评价商品可得6瓶营养液


【好友助力】任务未完成,邀请好友助力最多可得20瓶营养液

逛逛会场 任务已完成

清洁年货 任务已完成

浏览店铺 任务已完成

关注频道 任务已完成

挑选商品 任务已完成

每日签到 任务已完成

金融双签 任务已完成

免费水果 任务已完成

领100元 任务已完成

暂无扭蛋机会
开始收取营养液
【上轮京豆】已领取
     任务   进度
[评价商品]  0/6   0
[好友助力]  0/20   0
[逛逛会场]  1/1   1
[清洁年货]  1/1   1
[浏览店铺]  4/4   1
[关注频道]  3/3   1
[挑选商品]  6/6   1
[每日签到]  1/1   1
[金融双签]  1/1   1
[免费水果]  1/1   1
[领100元]  1/1   1

【上期时间】2月1日-2月7日
【上期成长值】276
【上期兑换京豆】91个
【本期时间】2月8日-2月14日
【本期成长值】34
【助力您的好友】共0人


开始【京东账号2】孤傲的小小瞒

随机取个20码放到您固定的互助码后面(不影响已有固定互助)
第2个京东账号将要助力的好友["mze7pstbax4l7dmo4vq6wz7vgu","rsuben7ys7sfbu5eub7knbibke","olmijoxgmjutzexyge246xwmaxy43t3jsqc74zy","mlrdw3aw26j3x4u7l3yua4kdmhltstpna6dnlcq","xooz5rk4vgwfm62is4jxvzlbuctphrffmc4bfhq","ebxm5lgxoknqdjy5ld6tc4g75phlzo2p726iehy","rj7s6mzlk7uohajbmdwxtfvdzh4nyeqtebcmc2q","itplnhngh2a7fj4rasyaizyghfixegay4dhfdda","hexohqmn2e3mcckzh5ufeqfjf6azwrztr4tsrdq","4npkonnsy7xi35ue6my5vlbjm2s7e45szchkvya","4npkonnsy7xi2hqha323fkk6hdocrtc6jbsqi7a","6mycebqqhjw5ubjl2zeqkufwt4","qo77jw3hunt3nypzxi2w7wksh56fqw4nchf7p2q","7oivz2mjbmnx5pr62c7ngg3yuk2ykxde35gfohq","tcgogpqpjaz4w7kxfs4osrsvzu3h7wlwy7o5jii","dhsx55vjyuzkwhl7em2il7h62v6tvtcyvh57ioi","u72q4vdn3zes2rizx2pxt65hmpbjib7hn5jjtri","4npkonnsy7xi3nzeyukj5udfncbu6eghnm4peea","mlrdw3aw26j3w6vfa4hkpj6y5eos3biyuabkyxq","3eu5seel26d7iq7rzt746qryim","mlrdw3aw26j3wnqji26wiey4ljk7kloalfh24oq","mlrdw3aw26j3w3eeih7ynnhutb74zvpus5fsgai","mlrdw3aw26j3x4al4p5637nwtvkf2htda5xexny"]
获取任务及基本信息

【京东账号2（孤傲的小小瞒）的京东种豆得豆好友互助码】ipcgjk6j57vpwgogj2jvmljzr45ac3f4ijdgqji

开始助力京东账号2 - 孤傲的小小瞒的好友: mze7pstbax4l7dmo4vq6wz7vgu

开始助力好友: mze7pstbax4l7dmo4vq6wz7vgu
助力结果的code:0
开始助力京东账号2 - 孤傲的小小瞒的好友: rsuben7ys7sfbu5eub7knbibke

开始助力好友: rsuben7ys7sfbu5eub7knbibke
助力结果的code:0
开始助力京东账号2 - 孤傲的小小瞒的好友: olmijoxgmjutzexyge246xwmaxy43t3jsqc74zy

开始助力好友: olmijoxgmjutzexyge246xwmaxy43t3jsqc74zy
助力结果的code:0
开始助力京东账号2 - 孤傲的小小瞒的好友: mlrdw3aw26j3x4u7l3yua4kdmhltstpna6dnlcq

开始助力好友: mlrdw3aw26j3x4u7l3yua4kdmhltstpna6dnlcq
助力结果的code:0
该好友今日已满9人助力/20瓶营养液,明天再来为Ta助力吧

开始助力京东账号2 - 孤傲的小小瞒的好友: xooz5rk4vgwfm62is4jxvzlbuctphrffmc4bfhq

开始助力好友: xooz5rk4vgwfm62is4jxvzlbuctphrffmc4bfhq
助力结果的code:0
该好友今日已满9人助力/20瓶营养液,明天再来为Ta助力吧

开始助力京东账号2 - 孤傲的小小瞒的好友: ebxm5lgxoknqdjy5ld6tc4g75phlzo2p726iehy

开始助力好友: ebxm5lgxoknqdjy5ld6tc4g75phlzo2p726iehy
助力结果的code:0
该好友今日已满9人助力/20瓶营养液,明天再来为Ta助力吧

开始助力京东账号2 - 孤傲的小小瞒的好友: rj7s6mzlk7uohajbmdwxtfvdzh4nyeqtebcmc2q

开始助力好友: rj7s6mzlk7uohajbmdwxtfvdzh4nyeqtebcmc2q
助力结果的code:0
开始助力京东账号2 - 孤傲的小小瞒的好友: itplnhngh2a7fj4rasyaizyghfixegay4dhfdda

开始助力好友: itplnhngh2a7fj4rasyaizyghfixegay4dhfdda
助力结果的code:0
该好友今日已满9人助力/20瓶营养液,明天再来为Ta助力吧

开始助力京东账号2 - 孤傲的小小瞒的好友: hexohqmn2e3mcckzh5ufeqfjf6azwrztr4tsrdq

开始助力好友: hexohqmn2e3mcckzh5ufeqfjf6azwrztr4tsrdq
助力结果的code:0
该好友今日已满9人助力/20瓶营养液,明天再来为Ta助力吧

开始助力京东账号2 - 孤傲的小小瞒的好友: 4npkonnsy7xi35ue6my5vlbjm2s7e45szchkvya

开始助力好友: 4npkonnsy7xi35ue6my5vlbjm2s7e45szchkvya
助力结果的code:0
该好友今日已满9人助力/20瓶营养液,明天再来为Ta助力吧

开始助力京东账号2 - 孤傲的小小瞒的好友: 4npkonnsy7xi2hqha323fkk6hdocrtc6jbsqi7a

开始助力好友: 4npkonnsy7xi2hqha323fkk6hdocrtc6jbsqi7a
助力结果的code:0
该好友今日已满9人助力/20瓶营养液,明天再来为Ta助力吧

开始助力京东账号2 - 孤傲的小小瞒的好友: 6mycebqqhjw5ubjl2zeqkufwt4

开始助力好友: 6mycebqqhjw5ubjl2zeqkufwt4
助力结果的code:0
该好友今日已满9人助力/20瓶营养液,明天再来为Ta助力吧

开始助力京东账号2 - 孤傲的小小瞒的好友: qo77jw3hunt3nypzxi2w7wksh56fqw4nchf7p2q

开始助力好友: qo77jw3hunt3nypzxi2w7wksh56fqw4nchf7p2q
助力结果的code:0
该好友今日已满9人助力/20瓶营养液,明天再来为Ta助力吧

开始助力京东账号2 - 孤傲的小小瞒的好友: 7oivz2mjbmnx5pr62c7ngg3yuk2ykxde35gfohq

开始助力好友: 7oivz2mjbmnx5pr62c7ngg3yuk2ykxde35gfohq
助力结果的code:0
该好友今日已满9人助力/20瓶营养液,明天再来为Ta助力吧

开始助力京东账号2 - 孤傲的小小瞒的好友: tcgogpqpjaz4w7kxfs4osrsvzu3h7wlwy7o5jii

开始助力好友: tcgogpqpjaz4w7kxfs4osrsvzu3h7wlwy7o5jii
助力结果的code:0
该好友今日已满9人助力/20瓶营养液,明天再来为Ta助力吧

开始助力京东账号2 - 孤傲的小小瞒的好友: dhsx55vjyuzkwhl7em2il7h62v6tvtcyvh57ioi

开始助力好友: dhsx55vjyuzkwhl7em2il7h62v6tvtcyvh57ioi
助力结果的code:0
该好友今日已满9人助力/20瓶营养液,明天再来为Ta助力吧

开始助力京东账号2 - 孤傲的小小瞒的好友: u72q4vdn3zes2rizx2pxt65hmpbjib7hn5jjtri

开始助力好友: u72q4vdn3zes2rizx2pxt65hmpbjib7hn5jjtri
助力结果的code:0
该好友今日已满9人助力/20瓶营养液,明天再来为Ta助力吧

开始助力京东账号2 - 孤傲的小小瞒的好友: 4npkonnsy7xi3nzeyukj5udfncbu6eghnm4peea

开始助力好友: 4npkonnsy7xi3nzeyukj5udfncbu6eghnm4peea
助力结果的code:0
该好友今日已满9人助力/20瓶营养液,明天再来为Ta助力吧

开始助力京东账号2 - 孤傲的小小瞒的好友: mlrdw3aw26j3w6vfa4hkpj6y5eos3biyuabkyxq

开始助力好友: mlrdw3aw26j3w6vfa4hkpj6y5eos3biyuabkyxq
助力结果的code:0
该好友今日已满9人助力/20瓶营养液,明天再来为Ta助力吧

开始助力京东账号2 - 孤傲的小小瞒的好友: 3eu5seel26d7iq7rzt746qryim

开始助力好友: 3eu5seel26d7iq7rzt746qryim
助力结果的code:0
该好友今日已满9人助力/20瓶营养液,明天再来为Ta助力吧

开始助力京东账号2 - 孤傲的小小瞒的好友: mlrdw3aw26j3wnqji26wiey4ljk7kloalfh24oq

开始助力好友: mlrdw3aw26j3wnqji26wiey4ljk7kloalfh24oq
助力结果的code:0
该好友今日已满9人助力/20瓶营养液,明天再来为Ta助力吧

开始助力京东账号2 - 孤傲的小小瞒的好友: mlrdw3aw26j3w3eeih7ynnhutb74zvpus5fsgai

开始助力好友: mlrdw3aw26j3w3eeih7ynnhutb74zvpus5fsgai
助力结果的code:0
该好友今日已满9人助力/20瓶营养液,明天再来为Ta助力吧

开始助力京东账号2 - 孤傲的小小瞒的好友: mlrdw3aw26j3x4al4p5637nwtvkf2htda5xexny

开始助力好友: mlrdw3aw26j3x4al4p5637nwtvkf2htda5xexny
助力结果的code:0
该好友今日已满9人助力/20瓶营养液,明天再来为Ta助力吧


【好友助力】任务未完成,邀请好友助力最多可得20瓶营养液

逛逛会场 任务已完成

清洁年货 任务已完成

浏览店铺 任务已完成

关注频道 任务已完成

挑选商品 任务已完成

每日签到 任务已完成

金融双签 任务已完成

评价商品 任务已完成

免费水果 任务已完成

领100元 任务已完成

暂无扭蛋机会
开始收取营养液
【上轮京豆】已领取
     任务   进度
[好友助力]  0/20   0
[逛逛会场]  1/1   1
[清洁年货]  1/1   1
[浏览店铺]  4/4   1
[关注频道]  3/3   1
[挑选商品]  6/6   1
[每日签到]  1/1   1
[金融双签]  1/1   1
[评价商品]  6/6   1
[免费水果]  1/1   1
[领100元]  1/1   1

【上期时间】2月1日-2月7日
【上期成长值】266
【上期兑换京豆】87个
【本期时间】2月8日-2月14日
【本期成长值】37
【助力您的好友】共0人


🔔京东种豆得豆, 结束! 🕛 95.663 秒

