
🔔京东种豆得豆, 开始!
开始获取种豆得豆配置文件

您的cookie选择的是用&隔开


====================共有2个京东账号Cookie=========

==================脚本执行- 北京时间(UTC+8)：2/7/2021, 9:35:07 AM=====================

您的种豆互助码选择的是用&隔开

共2个京东账号

您提供了2个账号的种豆得豆助力码


开始【京东账号1】迷糊虫啊

随机取个20码放到您固定的互助码后面(不影响已有固定互助)
第1个京东账号将要助力的好友["mze7pstbax4l7u5ggn5y2olhfy","3nwlq2wyvmz7sn4d5akh4rnrczsih2dehcx7as4ym6fgb3q7y5tq","kjno6k3dvsn4jrzs4yspokax3ud5cqqedkdv6bi","olmijoxgmjutzoaamsfbxewhiix3znzagvxr6ia","e7lhibzb3zek22bmheak6ujrpodqz42yvskfq3i","olmijoxgmjutzy5xi5uvw7wd3ummvf5jc2hygqi","fatxywrx5mfs3yipixbiioe7f4hna5r6nd2nyki","lauj3a3gpli5fisrj3k46pkq6a","mlrdw3aw26j3xoqrcwqdxtealjtggt3rzmm4p7y","sqpzxeohajsazy7szlytuumrq7z32oxkj5ellay","5kuvbyio45zwfkhubpgtnhnblhdfc7siax6u64y","mlrdw3aw26j3wn5ch6bttk5dbz5thrf2fljppxq","mlrdw3aw26j3walhhntqwqw3ga4jukfu73f777q","gf2njfitdloxldekzam2flrji4","uhympidu6bmobbffkph7xer23vpz4b7c2amh7rq","qmnmamd3ukiwrg2nozkpindstrbyeiuoryl34da","udk5ezshqyv5fpauciblpe6kb4","olmijoxgmjutzz4xm5rqyyocxme5zphvx455tfq","u3jlutblnxfi52vto7vmwnoyba","olmijoxgmjutzhsmfdd222atfkezc7cel4jszei","mlrdw3aw26j3wdap7dd2e3hs4jl7oxwdbjidwgq","iu2wsxfh275mgde2f3xhxbntzi","7fmcdvhxrqw7o2x42d37lhvy5voo65rd3l7lybi","4npkonnsy7xi2fpbol5uusot2pwqvipy7tt3tjy"]
获取任务及基本信息

【京东账号1（迷糊虫啊）的京东种豆得豆好友互助码】epes65uva7ouwjqjapg3cjtwg4

开始助力京东账号1 - 迷糊虫啊的好友: mze7pstbax4l7u5ggn5y2olhfy

开始助力好友: mze7pstbax4l7u5ggn5y2olhfy
助力结果的code:0
开始助力京东账号1 - 迷糊虫啊的好友: 3nwlq2wyvmz7sn4d5akh4rnrczsih2dehcx7as4ym6fgb3q7y5tq

开始助力好友: 3nwlq2wyvmz7sn4d5akh4rnrczsih2dehcx7as4ym6fgb3q7y5tq
助力结果的code:0
开始助力京东账号1 - 迷糊虫啊的好友: kjno6k3dvsn4jrzs4yspokax3ud5cqqedkdv6bi

开始助力好友: kjno6k3dvsn4jrzs4yspokax3ud5cqqedkdv6bi
助力结果的code:0
该好友今日已满9人助力/20瓶营养液,明天再来为Ta助力吧

开始助力京东账号1 - 迷糊虫啊的好友: olmijoxgmjutzoaamsfbxewhiix3znzagvxr6ia

开始助力好友: olmijoxgmjutzoaamsfbxewhiix3znzagvxr6ia
助力结果的code:0
该好友今日已满9人助力/20瓶营养液,明天再来为Ta助力吧

开始助力京东账号1 - 迷糊虫啊的好友: e7lhibzb3zek22bmheak6ujrpodqz42yvskfq3i

开始助力好友: e7lhibzb3zek22bmheak6ujrpodqz42yvskfq3i
助力结果的code:0
助力好友e7lhibzb3zek22bmheak6ujrpodqz42yvskfq3i成功
恭喜获得1瓶助力营养液，快去培养属于你的小小豆吧

开始助力京东账号1 - 迷糊虫啊的好友: olmijoxgmjutzy5xi5uvw7wd3ummvf5jc2hygqi

开始助力好友: olmijoxgmjutzy5xi5uvw7wd3ummvf5jc2hygqi
助力结果的code:0
助力好友olmijoxgmjutzy5xi5uvw7wd3ummvf5jc2hygqi成功
恭喜获得1瓶助力营养液，快去培养属于你的小小豆吧

开始助力京东账号1 - 迷糊虫啊的好友: fatxywrx5mfs3yipixbiioe7f4hna5r6nd2nyki

开始助力好友: fatxywrx5mfs3yipixbiioe7f4hna5r6nd2nyki
助力结果的code:0
该好友今日已满9人助力/20瓶营养液,明天再来为Ta助力吧

开始助力京东账号1 - 迷糊虫啊的好友: lauj3a3gpli5fisrj3k46pkq6a

开始助力好友: lauj3a3gpli5fisrj3k46pkq6a
助力结果的code:0
该好友今日已满9人助力/20瓶营养液,明天再来为Ta助力吧

开始助力京东账号1 - 迷糊虫啊的好友: mlrdw3aw26j3xoqrcwqdxtealjtggt3rzmm4p7y

开始助力好友: mlrdw3aw26j3xoqrcwqdxtealjtggt3rzmm4p7y
助力结果的code:0
助力好友mlrdw3aw26j3xoqrcwqdxtealjtggt3rzmm4p7y成功
恭喜获得1瓶助力营养液，快去培养属于你的小小豆吧

开始助力京东账号1 - 迷糊虫啊的好友: sqpzxeohajsazy7szlytuumrq7z32oxkj5ellay

开始助力好友: sqpzxeohajsazy7szlytuumrq7z32oxkj5ellay
助力结果的code:0
您今日助力的机会已耗尽，已不能再帮助好友助力了


【评价商品】任务未完成,需自行手动去京东APP完成，评价商品可得6瓶营养液


【好友助力】任务未完成,邀请好友助力最多可得20瓶营养液

逛逛会场 任务已完成

清洁年货 任务已完成

 生鲜5折 任务已完成

抢免单 任务已完成

浏览店铺 任务已完成

关注频道 任务已完成

挑选商品 任务已完成

每日签到 任务已完成

金融双签 任务已完成

免费水果 任务已完成

领100元 任务已完成

暂无扭蛋机会
开始收取营养液
收取-助力奖励-的营养液
收取营养液结果:{"code":"0","data":{"growth":"265","nutrients":"0","beanState":"4","beanImg":"https://m.360buyimg.com/babel/jfs/t1/116429/19/11902/498078/5f053c2aE9cc6b0cd/0e4c91c162f40bf6.gif"}}
【上轮京豆】已领取
     任务   进度
[评价商品]  0/6   0
[好友助力]  0/20   0
[逛逛会场]  1/1   1
[清洁年货]  1/1   1
[ 生鲜5折]  1/1   1
[抢免单]  1/1   1
[浏览店铺]  4/4   1
[关注频道]  3/3   1
[挑选商品]  6/6   1
[每日签到]  1/1   1
[金融双签]  1/1   1
[免费水果]  1/1   1
[领100元]  1/1   1

【上期时间】1月25日-1月31日
【上期成长值】260
【上期兑换京豆】85个
【本期时间】2月1日-2月7日
【本期成长值】261
【助力您的好友】共0人


开始【京东账号2】孤傲的小小瞒

随机取个20码放到您固定的互助码后面(不影响已有固定互助)
第2个京东账号将要助力的好友["mze7pstbax4l7dmo4vq6wz7vgu","rsuben7ys7sfbu5eub7knbibke","olmijoxgmjutzexyge246xwmaxy43t3jsqc74zy","unau4gwawqphpdquruogwrumdahzglxd25mxoii","4npkonnsy7xi3bceqbjzotakhjkcywkmn5qvnkq","gsleaotjafgrmqew4udgxojgcilfvqpkjk4pbha","4npkonnsy7xi3fkyxh5avr2cbtlqoojgmcn2zri","cuhzmxrbi75ormbcqsubo5fjiq","mlrdw3aw26j3xcjlhseb74yu4dog3guvxtndkyy","ycjrwicyvu6cv2wfsj2gh5v4npy3pnczavuilia","4larfd6ua4ecycr2d2vq3yyg4jflmrumdswqjca","4npkonnsy7xi2dtdac6dfs5fvkmoa6wldgknsma","mlrdw3aw26j3xdjvq6xqrskol7bihrbwfveubfi","t6r7od7a2l3a4yibtyss6f27bi3h7wlwy7o5jii","p23t6dgxdhpx6abxzknmf3r7lm","u72q4vdn3zes2akn73ogslt3mzxswlqgqe7kkqa","yeiucozgqisknsc3leu42ofp3y4h324hxo75gqi","wd3gb53yqnvnqvgkedjdwhu7sm3h7wlwy7o5jii","olmijoxgmjutyc4yg3epetjfgjonyr6uh3w3kyq","4npkonnsy7xi2dpvuomszeakaufgaevzh6pooey","kwkjlf2naghbucuryustvbawlu","rk6cqym62agbm7ful5gvbhc7745ac3f4ijdgqji","4npkonnsy7xi24yldeawv45tbapwdxdk22g6ncy"]
获取任务及基本信息

【京东账号2（孤傲的小小瞒）的京东种豆得豆好友互助码】ipcgjk6j57vpwgogj2jvmljzr45ac3f4ijdgqji

开始助力京东账号2 - 孤傲的小小瞒的好友: mze7pstbax4l7dmo4vq6wz7vgu

开始助力好友: mze7pstbax4l7dmo4vq6wz7vgu
助力结果的code:0
开始助力京东账号2 - 孤傲的小小瞒的好友: rsuben7ys7sfbu5eub7knbibke

开始助力好友: rsuben7ys7sfbu5eub7knbibke
助力结果的code:0
开始助力京东账号2 - 孤傲的小小瞒的好友: olmijoxgmjutzexyge246xwmaxy43t3jsqc74zy

开始助力好友: olmijoxgmjutzexyge246xwmaxy43t3jsqc74zy
助力结果的code:0
开始助力京东账号2 - 孤傲的小小瞒的好友: unau4gwawqphpdquruogwrumdahzglxd25mxoii

开始助力好友: unau4gwawqphpdquruogwrumdahzglxd25mxoii
助力结果的code:0
您今日助力的机会已耗尽，已不能再帮助好友助力了


【评价商品】任务未完成,需自行手动去京东APP完成，评价商品可得6瓶营养液


【好友助力】任务未完成,邀请好友助力最多可得20瓶营养液

逛逛会场 任务已完成

清洁年货 任务已完成

 生鲜5折 任务已完成

抢免单 任务已完成

浏览店铺 任务已完成

关注频道 任务已完成

挑选商品 任务已完成

每日签到 任务已完成

金融双签 任务已完成

免费水果 任务已完成

领100元 任务已完成

暂无扭蛋机会
开始收取营养液
【上轮京豆】已领取
     任务   进度
[评价商品]  0/6   0
[好友助力]  0/20   0
[逛逛会场]  1/1   1
[清洁年货]  1/1   1
[ 生鲜5折]  1/1   1
[抢免单]  1/1   1
[浏览店铺]  4/4   1
[关注频道]  3/3   1
[挑选商品]  6/6   1
[每日签到]  1/1   1
[金融双签]  1/1   1
[免费水果]  1/1   1
[领100元]  1/1   1

【上期时间】1月25日-1月31日
【上期成长值】248
【上期兑换京豆】81个
【本期时间】2月1日-2月7日
【本期成长值】254
【助力您的好友】共0人


🔔京东种豆得豆, 结束! 🕛 66.407 秒

