
🔔获取互助码, 开始!
您的cookie选择的是用&隔开


====================共有2个京东账号Cookie=========

==================脚本执行- 北京时间(UTC+8)：2/4/2021, 6:44:21 AM=====================


注：临时活动的互助码不添加到此处，如有需要请手动运行对应临时活动脚本

======账号1开始======
【账号1（迷糊虫啊）东东工厂】T012v_pwQx8c91PeCjVWnYaS5kRrbA
【账号1（迷糊虫啊）京喜工厂】oY9gHgdBtYMXDVcUWMNL4w==
【账号1（迷糊虫啊）京喜农场】未选择种子，请先去京喜农场选择种子
【账号1（迷糊虫啊）京东萌宠】MTE1NDUwMTI0MDAwMDAwMDQwMTQwMjEz
【账号1（迷糊虫啊）种豆得豆】epes65uva7ouwjqjapg3cjtwg4
【账号1（迷糊虫啊）京东农场】94e09971229046b6ba67b903a70b9d80
【账号1（迷糊虫啊）京东赚赚】已满5人助力或助力功能已下线,故暂时无好友助力码
【账号1（迷糊虫啊）闪购盲盒】T012v_pwQx8c91PeCjVWmIaW5kRrbA
======账号1结束======

======账号2开始======
【账号2（孤傲的小小瞒）东东工厂】T016aHjGmKOgIN1c-bFuCjVWnYaS5kRrbA
【账号2（孤傲的小小瞒）京喜工厂】jzrCtGVS7-j8YCUeB8oW6Q==
【账号2（孤傲的小小瞒）京喜农场】未选择种子，请先去京喜农场选择种子
【账号2（孤傲的小小瞒）京东萌宠】MTAxODc2NTEzMjAwMDAwMDAyODMwNDAyMQ==
【账号2（孤傲的小小瞒）种豆得豆】ipcgjk6j57vpwgogj2jvmljzr45ac3f4ijdgqji
【账号2（孤傲的小小瞒）京东农场】7fc45e59cb424526ae2522e993bd00d0
【账号2（孤傲的小小瞒）京东赚赚】已满5人助力或助力功能已下线,故暂时无好友助力码
【账号2（孤傲的小小瞒）crazyJoy】sJoJ_6TVg4_RBqB-rhhSvw==
【账号2（孤傲的小小瞒）闪购盲盒】T016aHjGmKOgIN1c-bFuCjVWmIaW5kRrbA
======账号2结束======


🔔获取互助码, 结束! 🕛 3.679 秒

