
🔔京喜签到, 开始!
您的cookie选择的是用&隔开


====================共有2个京东账号Cookie=========

==================脚本执行- 北京时间(UTC+8)：2/4/2021, 9:45:35 AM=====================


******开始【京东账号1】迷糊虫啊*********

签到成功，获得10金币，已签到14天
去做浏览商品任务任务
任务领取成功
任务完成成功，获得金币1
去做浏览商品任务任务
任务领取成功
任务完成成功，获得金币1
去做浏览商品任务任务
任务领取成功
任务完成成功，获得金币1
去做浏览商品任务任务
任务领取成功
任务完成成功，获得金币1
去做浏览商品任务任务
任务领取成功
任务完成成功，获得金币1
去做浏览商品任务任务
任务领取成功
任务完成成功，获得金币1
去做浏览商品任务任务
任务领取成功
任务完成成功，获得金币1
双签成功，获得金币0.09元
京东账号1迷糊虫啊
本次运行获得金币17,现金0.09

******开始【京东账号2】孤傲的小小瞒*********

签到成功，获得10金币，已签到14天
去做浏览商品任务任务
任务领取成功
任务完成成功，获得金币1
去做浏览商品任务任务
任务领取成功
任务完成成功，获得金币1
去做浏览商品任务任务
任务领取成功
任务完成成功，获得金币1
去做浏览商品任务任务
任务领取成功
任务完成成功，获得金币1
去做浏览商品任务任务
任务领取成功
任务完成成功，获得金币1
去做浏览商品任务任务
任务领取成功
任务完成成功，获得金币1
去做浏览商品任务任务
任务领取成功
任务完成成功，获得金币1
双签成功，获得金币0.09元
京东账号2孤傲的小小瞒
本次运行获得金币17,现金0.09

🔔京喜签到, 结束! 🕛 34.576 秒

