
🔔闪购盲盒, 开始!
您的cookie选择的是用&隔开


====================共有2个京东账号Cookie=========

==================脚本执行- 北京时间(UTC+8)：2/7/2021, 8:30:30 AM=====================

开始获取闪购盲盒配置文件

共2个京东账号

您提供了2个账号的闪购盲盒助力码

开始
第1个京东账号将要助力的好友["T007y7sqHksCjVWmIaW5kRrbA","T032a0zZlJapLMZw9pdDQnOoo2clfysC8H5aCjVWmIaW5kRrbA","T0225KkcRhgdoAeEI0jznP4OcQCjVWmIaW5kRrbA"]

******开始【京东账号1】迷糊虫啊*********


14-邀人助力任务-已完成1-未完成10
您的好友助力码为:T012v_pwQx8c91PeCjVWmIaW5kRrbA
助力已满员！谢谢你哦~
助力已满员！谢谢你哦~
助力已满员！谢谢你哦~

2-美国直邮 彼彼得罗夫（PETERTHOMASROTH）爱尔海藻矿物兰黑泥面膜 沁润补水保湿面膜 150ml-全部已完成

1-A21京东自营旗舰店-全部已完成

3-浏览今日必拼活动-全部已完成

3-逛品牌闪购频道-全部已完成

开始抽奖
京豆:2

==============📣系统通知📣==============
闪购盲盒
【京东账号1】迷糊虫啊
任务已完成，本次运行获得京豆2
开始
第2个京东账号将要助力的好友["T015vPp0RRoR_VHRT0cCjVWmIaW5kRrbA","T0225KkcRkpK8QLWdU7ykvMIdwCjVWmIaW5kRrbA","T024aG_llbW3LM1L9qFNQWOgo2QwCjVWmIaW5kRrbA"]

******开始【京东账号2】孤傲的小小瞒*********


14-邀人助力任务-已完成0-未完成10
您的好友助力码为:T016aHjGmKOgIN1c-bFuCjVWmIaW5kRrbA
助力已满员！谢谢你哦~
助力已满员！谢谢你哦~
助力已满员！谢谢你哦~

2-美国直邮 彼彼得罗夫（PETERTHOMASROTH）爱尔海藻矿物兰黑泥面膜 沁润补水保湿面膜 150ml-全部已完成

1-A21京东自营旗舰店-全部已完成

3-浏览今日必拼活动-全部已完成

3-逛品牌闪购频道-全部已完成

开始抽奖

==============📣系统通知📣==============
闪购盲盒
【京东账号2】孤傲的小小瞒
任务已完成，本次运行获得京豆0

🔔闪购盲盒, 结束! 🕛 18.091 秒

"Timeout awaiting 'request' for 10000ms"
闪购盲盒 API请求失败，请检查网路重试
"Timeout awaiting 'request' for 10000ms"
闪购盲盒 API请求失败，请检查网路重试
