
🔔闪购盲盒, 开始!
您的cookie选择的是用&隔开


====================共有2个京东账号Cookie=========

==================脚本执行- 北京时间(UTC+8)：2/5/2021, 8:30:44 AM=====================

开始获取闪购盲盒配置文件

共2个京东账号

您提供了2个账号的闪购盲盒助力码

开始
第1个京东账号将要助力的好友["T007y7sqHksCjVWmIaW5kRrbA","T032a0zZlJapLMZw9pdDQnOoo2clfysC8H5aCjVWmIaW5kRrbA","T0225KkcRhgdoAeEI0jznP4OcQCjVWmIaW5kRrbA"]

******开始【京东账号1】迷糊虫啊*********


14-邀人助力任务-已完成0-未完成10
您的好友助力码为:T012v_pwQx8c91PeCjVWmIaW5kRrbA
助力已满员！谢谢你哦~
助力已满员！谢谢你哦~
助力已满员！谢谢你哦~

2-恒源祥羊毛加厚大披肩女士秋冬季长款保暖围巾女冬款韩版纯色大红围脖年会送礼 50M15333 玫红色-全部已完成

1-A21京东自营旗舰店-全部已完成

3-浏览今日必拼活动-全部已完成

3-逛品牌闪购频道-全部已完成

开始抽奖

==============📣系统通知📣==============
闪购盲盒
【京东账号1】迷糊虫啊
任务已完成，本次运行获得京豆0
开始
随机取20个码放到您固定的互助码后面(不影响已有固定互助)
第2个京东账号将要助力的好友["T015vPp0RRoR_VHRT0cCjVWmIaW5kRrbA","T0225KkcRkpK8QLWdU7ykvMIdwCjVWmIaW5kRrbA","T024aG_llbW3LM1L9qFNQWOgo2QwCjVWmIaW5kRrbA","T0225KkcRRcc9V3XcR_8k6VYfACjVWmIaW5kRrbA","T0149KgtF11BqhGVZQCjVWmIaW5kRrbA","T0205KkcHm1MtwGzfX2X4YRZCjVWmIaW5kRrbA","T0205KkcBkFBpgKWZ2CFz4prCjVWmIaW5kRrbA","T022v_l7Rh4R8FTePR_xlPEOfACjVWmIaW5kRrbA","T0225KkcRRkR_VDVdBj1lPJcdgCjVWmIaW5kRrbA","T0225KkcREhM_FKDch7zkfECcQCjVWmIaW5kRrbA","T0205KkcGExHpiC0W36J1rJLCjVWmIaW5kRrbA","T0102ZIiHEdHogCjVWmIaW5kRrbA","T0205KkcKV9akCWpZnKq3alNCjVWmIaW5kRrbA","T020aXzwlYqOIvhb-KpFTXuaCjVWmIaW5kRrbA","T0225KkcRkhMpFWEIxj2wPcDdQCjVWmIaW5kRrbA","T0205KkcM2hllhCuSkOx3bVMCjVWmIaW5kRrbA","T012a33Slre_8lPQCjVWmIaW5kRrbA","T0225KkcR08a91HTIhjylfMLIACjVWmIaW5kRrbA","T0225KkcRkxNoQHVJx78l6ICdACjVWmIaW5kRrbA","T0205KkcJHtNkC2QV0aB54F4CjVWmIaW5kRrbA","T015w6ImBG1BpAqDf0QCjVWmIaW5kRrbA","T0124roxH1ob9VTUCjVWmIaW5kRrbA","T0225KkcRhkb_FLSKUn0lvALIgCjVWmIaW5kRrbA"]

******开始【京东账号2】孤傲的小小瞒*********


14-邀人助力任务-已完成0-未完成10
您的好友助力码为:T016aHjGmKOgIN1c-bFuCjVWmIaW5kRrbA
助力已满员！谢谢你哦~
随机取20个码放到您固定的互助码后面(不影响已有固定互助)
助力已满员！谢谢你哦~
助力已满员！谢谢你哦~
success
success
success
助力已满员！谢谢你哦~
success
success
已达到助力上限
助力已满员！谢谢你哦~
已达到助力上限
已达到助力上限
助力已满员！谢谢你哦~
已达到助力上限
已达到助力上限
已达到助力上限
已达到助力上限
已达到助力上限
已达到助力上限
已达到助力上限
已达到助力上限
已达到助力上限

2-恒源祥羊毛加厚大披肩女士秋冬季长款保暖围巾女冬款韩版纯色大红围脖年会送礼 50M15333 玫红色-已完成0-未完成2

恒源祥羊毛加厚大披肩女士秋冬季长款保暖围巾女冬款韩版纯色大红围脖年会送礼 50M15333 玫红色
success

韩国进口 自然共和国 清新绿茶化妆水 180ml（新包装）控油平衡 补水保湿 男女适用
success

开始抽奖
京豆:1

开始抽奖

1-大宇电器家电京东自营旗舰店-已完成0-未完成2

大宇电器家电京东自营旗舰店
success

浪凡（LANVIN）香氛京东自营专区
success

开始抽奖

开始抽奖

3-浏览今日必拼活动-已完成0-未完成2

浏览今日必拼活动
success

浏览锦鲤红包
success

开始抽奖
京豆:2

开始抽奖
京豆:2

3-逛京东秒杀频道-已完成0-未完成2

逛京东秒杀频道
success

浏览特价频道
success

开始抽奖
京豆:2

开始抽奖

开始抽奖

==============📣系统通知📣==============
闪购盲盒
【京东账号2】孤傲的小小瞒
任务已完成，本次运行获得京豆7

🔔闪购盲盒, 结束! 🕛 62.633 秒

