
🔔宠汪汪积分兑换奖品, 开始!
您的cookie选择的是用&隔开


====================共有2个京东账号Cookie=========

==================脚本执行- 北京时间(UTC+8)：2/4/2021, 12:00:05 AM=====================


开始【京东账号1】迷糊虫啊

本地时间与京东服务器时间差(毫秒)：-172
当前积分 15645

宠物等级 13

京东昵称 迷糊虫啊

当前京豆库存:15408
saleInfoId:13
当前账户积分:15645
当前京豆库存:15408
满足兑换条件,开始为您兑换京豆

兑换结果:{"errorCode":"buy_success","errorMessage":null,"currentTime":1612368039234,"data":null,"success":true}
兑换20成功,【宠物等级】13
【消耗积分】340个
【剩余积分】15305个


==============📣系统通知📣==============
宠汪汪积分兑换奖品
【京东账号1】迷糊虫啊
【20京豆】兑换成功
【宠物等级】13
【积分详情】消耗积分 340, 剩余积分 15305
您未提供server酱的SCKEY，取消微信推送消息通知

您未提供push+推送所需的PUSH_PLUS_TOKEN，取消push+推送消息通知

您未提供Bark的APP推送BARK_PUSH，取消Bark推送消息通知

您未提供telegram机器人推送所需的TG_BOT_TOKEN和TG_USER_ID，取消telegram推送消息通知

您未提供钉钉机器人推送所需的DD_BOT_TOKEN或者DD_BOT_SECRET，取消钉钉推送消息通知

您未提供企业微信机器人推送所需的QYWX_KEY，取消企业微信推送消息通知

您未提供企业微信应用消息推送所需的QYWX_AM，取消企业微信应用消息推送消息通知

您未提供iGot的推送IGOT_PUSH_KEY，取消iGot推送消息通知

您未提供酷推的SKEY，取消QQ推送消息通知


开始【京东账号2】孤傲的小小瞒

本地时间与京东服务器时间差(毫秒)：-127
当前积分 13075

宠物等级 13

京东昵称 孤傲的小小瞒

当前京豆库存:12425
saleInfoId:13
当前账户积分:13075
当前京豆库存:12425
满足兑换条件,开始为您兑换京豆

兑换结果:{"errorCode":"buy_success","errorMessage":null,"currentTime":1612368056119,"data":null,"success":true}
兑换20成功,【宠物等级】13
【消耗积分】340个
【剩余积分】12735个


==============📣系统通知📣==============
宠汪汪积分兑换奖品
【京东账号2】孤傲的小小瞒
【20京豆】兑换成功
【宠物等级】13
【积分详情】消耗积分 340, 剩余积分 12735
您未提供server酱的SCKEY，取消微信推送消息通知

您未提供push+推送所需的PUSH_PLUS_TOKEN，取消push+推送消息通知

您未提供Bark的APP推送BARK_PUSH，取消Bark推送消息通知

您未提供telegram机器人推送所需的TG_BOT_TOKEN和TG_USER_ID，取消telegram推送消息通知

您未提供钉钉机器人推送所需的DD_BOT_TOKEN或者DD_BOT_SECRET，取消钉钉推送消息通知

您未提供企业微信机器人推送所需的QYWX_KEY，取消企业微信推送消息通知

您未提供企业微信应用消息推送所需的QYWX_AM，取消企业微信应用消息推送消息通知

您未提供iGot的推送IGOT_PUSH_KEY，取消iGot推送消息通知

您未提供酷推的SKEY，取消QQ推送消息通知


🔔宠汪汪积分兑换奖品, 结束! 🕛 50.915 秒

