
🔔宠汪汪积分兑换奖品, 开始!
您的cookie选择的是用&隔开


====================共有2个京东账号Cookie=========

==================脚本执行- 北京时间(UTC+8)：2/4/2021, 8:00:02 AM=====================


开始【京东账号1】迷糊虫啊

本地时间与京东服务器时间差(毫秒)：-271
当前积分 15345

宠物等级 13

京东昵称 迷糊虫啊

当前京豆库存:16934
saleInfoId:13
当前账户积分:15345
当前京豆库存:16934
满足兑换条件,开始为您兑换京豆

兑换结果:{"errorCode":"buy_limit","errorMessage":null,"currentTime":1612396834495,"data":null,"success":true}
兑换20京豆失败，原因：兑换京豆已达上限，请把机会留给更多的小伙伴~


开始【京东账号2】孤傲的小小瞒

本地时间与京东服务器时间差(毫秒)：-129
当前积分 12775

宠物等级 13

京东昵称 孤傲的小小瞒

当前京豆库存:16711
saleInfoId:13
当前账户积分:12775
当前京豆库存:16711
满足兑换条件,开始为您兑换京豆

兑换结果:{"errorCode":"buy_limit","errorMessage":null,"currentTime":1612396847293,"data":null,"success":true}
兑换20京豆失败，原因：兑换京豆已达上限，请把机会留给更多的小伙伴~


🔔宠汪汪积分兑换奖品, 结束! 🕛 44.947 秒

