
🔔京东年货节, 开始!
您的cookie选择的是用&隔开


====================共有2个京东账号Cookie=========

==================脚本执行- 北京时间(UTC+8)：2/9/2021, 8:12:45 AM=====================


******开始【京东账号1】迷糊虫啊*********

Response code 404 (Not Found)
京东年货节 API请求失败，请检查网路重试
用户【迷糊虫啊】信息获取成功
您的好友助力码为013396ef71064d93872282256553aecc
当前金币1100
去做签到任务
任务完成成功，获得100金币
去做浏览会场任务
Response code 493 (undefined)
京东年货节 API请求失败，请检查网路重试
Response code 493 (undefined)
京东年货节 API请求失败，请检查网路重试
任务完成成功，获得100金币
任务完成成功，获得100金币
去做浏览商品任务
任务完成成功，获得0金币
任务完成成功，获得0金币
任务完成成功，获得100金币
任务完成成功，获得0金币
任务完成成功，获得0金币
Response code 493 (undefined)
京东年货节 API请求失败，请检查网路重试
任务完成成功，获得100金币
Response code 493 (undefined)
京东年货节 API请求失败，请检查网路重试
任务完成成功，获得0金币
任务完成成功，获得0金币
任务完成成功，获得100金币
任务完成成功，获得0金币
任务完成成功，获得0金币
Response code 493 (undefined)
京东年货节 API请求失败，请检查网路重试
任务完成成功，获得100金币
任务完成成功，获得0金币
Response code 493 (undefined)
京东年货节 API请求失败，请检查网路重试
任务完成成功，获得0金币
去做一键开卡任务
任务完成成功，获得0金币

==============📣系统通知📣==============
京东年货节
京东账号1迷糊虫啊
本次运行获得金币700枚

******开始【京东账号2】孤傲的小小瞒*********

Response code 404 (Not Found)
京东年货节 API请求失败，请检查网路重试
用户【孤傲的小小瞒】信息获取成功
您的好友助力码为24acfa77ce7c4473a1b65c31c9e9e21d
当前金币0
去做签到任务
任务完成成功，获得100金币
去做浏览会场任务
任务完成成功，获得100金币
任务完成成功，获得100金币
任务完成成功，获得100金币
任务完成成功，获得100金币
去做浏览商品任务
任务完成成功，获得0金币
任务完成成功，获得0金币
任务完成成功，获得100金币
任务完成成功，获得0金币
任务完成成功，获得0金币
任务完成成功，获得100金币
任务完成成功，获得0金币
任务完成成功，获得0金币
任务完成成功，获得100金币
任务完成成功，获得0金币
任务完成成功，获得0金币
任务完成成功，获得100金币
任务完成成功，获得0金币
任务完成成功，获得0金币
任务完成成功，获得100金币
任务完成成功，获得0金币
任务完成成功，获得0金币
任务完成成功，获得100金币
去做一键开卡任务
任务完成成功，获得0金币

==============📣系统通知📣==============
京东年货节
京东账号2孤傲的小小瞒
本次运行获得金币1100枚

🔔京东年货节, 结束! 🕛 86.11 秒

