
🔔京东年货节, 开始!
您的cookie选择的是用&隔开


====================共有2个京东账号Cookie=========

==================脚本执行- 北京时间(UTC+8)：2/8/2021, 8:11:43 AM=====================


******开始【京东账号1】迷糊虫啊*********

用户【迷糊虫啊】信息获取成功
Response code 493 (undefined)
京东年货节 API请求失败，请检查网路重试

==============📣系统通知📣==============
京东年货节
京东账号1迷糊虫啊
本次运行获得金币0枚

******开始【京东账号2】孤傲的小小瞒*********

用户【孤傲的小小瞒】信息获取成功
您的好友助力码为24acfa77ce7c4473a1b65c31c9e9e21d
当前金币4000
去做签到任务
任务完成成功，获得100金币
去做浏览会场任务
任务完成成功，获得100金币
任务完成成功，获得100金币
任务完成成功，获得100金币
任务完成成功，获得100金币
去做浏览商品任务
任务完成成功，获得0金币
任务完成成功，获得0金币
任务完成成功，获得100金币
任务完成成功，获得0金币
任务完成成功，获得0金币
任务完成成功，获得100金币
任务完成成功，获得0金币
任务完成成功，获得0金币
任务完成成功，获得100金币
任务完成成功，获得0金币
任务完成成功，获得0金币
任务完成成功，获得100金币
任务完成成功，获得0金币
任务完成成功，获得0金币
任务完成成功，获得100金币
任务完成成功，获得0金币
任务完成成功，获得0金币
Response code 493 (undefined)
京东年货节 API请求失败，请检查网路重试
去做一键开卡任务
任务完成成功，获得0金币
大于5000金币，去抽奖
任务完成失败，错误信息：加载失败！抽奖次数为0,不允许再次抽奖！

==============📣系统通知📣==============
京东年货节
京东账号2孤傲的小小瞒
本次运行获得金币1000枚

🔔京东年货节, 结束! 🕛 25.067 秒

