
本脚本从最后一个正常的日志中寻找互助码，某些账号缺失则代表在最后一个正常的日志中没有找到。

东东农场：
【京东账号1（迷糊虫啊）】94e09971229046b6ba67b903a70b9d80
【京东账号2（孤傲的小小瞒）】7fc45e59cb424526ae2522e993bd00d0

东东萌宠：
【京东账号1（迷糊虫啊）】MTE1NDUwMTI0MDAwMDAwMDQwMTQwMjEz
【京东账号2（孤傲的小小瞒）】MTAxODc2NTEzMjAwMDAwMDAyODMwNDAyMQ==

种豆得豆：
【京东账号1（迷糊虫啊）】epes65uva7ouwjqjapg3cjtwg4
【京东账号2（孤傲的小小瞒）】ipcgjk6j57vpwgogj2jvmljzr45ac3f4ijdgqji

京喜工厂：
【京东账号1（迷糊虫啊）】oY9gHgdBtYMXDVcUWMNL4w==
【京东账号2（孤傲的小小瞒）】jzrCtGVS7-j8YCUeB8oW6Q==

东东工厂：
【京东账号1（迷糊虫啊）】T012v_pwQx8c91PeCjVWnYaS5kRrbA
【京东账号2（孤傲的小小瞒）】T016aHjGmKOgIN1c-bFuCjVWnYaS5kRrbA

疯狂的JOY：
【京东账号1（迷糊虫啊）】UkjViuaHf1Eoa1vpb_czWA==
【京东账号2（孤傲的小小瞒）】sJoJ_6TVg4_RBqB-rhhSvw==

京东赚赚：
从日志中未找到任何互助码...

京喜农场：
从日志中未找到任何互助码...

口袋书店：
从日志中未找到任何互助码...

签到领现金：
【京东账号1】迷糊虫啊：Ihw0b-23ZPsv
【京东账号2】孤傲的小小瞒：9Z6CtFELs3WtKMVP

手机年终奖：
【京东账号1】迷糊虫啊：918848de-bde4-4b17-bb9d-51b3bd9cc9d2
【京东账号2】孤傲的小小瞒：510f2c6c-2349-4565-87d3-641673811dbd

神仙书院：
【京东账号1】迷糊虫啊：30xIs4YwE5Z7HhZvlyW-rO815-7ZTcZqAKsMRxUVWjTnL
【京东账号2】孤傲的小小瞒：35xIs4YwE5Z7G9G32fWfB1yj48nUorZ7fZhjAw_UGnHvnqWrflyotS

年货节：
【京东账号1】迷糊虫啊：013396ef71064d93872282256553aecc
【京东账号2】孤傲的小小瞒：24acfa77ce7c4473a1b65c31c9e9e21d

闪购盲盒：
【京东账号1】迷糊虫啊：T012v_pwQx8c91PeCjVWmIaW5kRrbA
【京东账号2】孤傲的小小瞒：T016aHjGmKOgIN1c-bFuCjVWmIaW5kRrbA

工业品爱消除：
从日志中未找到任何互助码...

东东爱消除：
从日志中未找到任何互助码...

个护爱消除：
从日志中未找到任何互助码...

炸年兽：
【京东账号1】迷糊虫啊：cgxZLmaBJ7vf6AnAREnKqewykQE31h--aQJY
【京东账号2】孤傲的小小瞒：cgxZ-eQ3_AdjP4dC0a4zo6HWuopb8wXr-QP5slfTmXDdcA

炸年兽组队PK：
从日志中未找到任何互助码...
