
🔔京东炸年兽🧨, 开始!
您的cookie选择的是用&隔开


====================共有2个京东账号Cookie=========

==================脚本执行- 北京时间(UTC+8)：2/3/2021, 10:00:02 PM=====================

开始获取京东炸年兽🧨配置文件

共2个京东账号

共2个京东账号

您提供了0个账号的京东炸年兽🧨PK助力码


******开始【京东账号1】迷糊虫啊*********

开始
第1个京东账号将要助力的好友["cgxZWifbeu-Wpm2AD0bol5Cu","cgxZ-tAo8DJqM5xu3ogeOY7OXkOQ2Lw_ympGPITqNcceAad8Y1ph2UOXS-LOq3PUCqmgYjpt-td3CYw18qw","cgxZdTXtIrzev12aC1eu5yr9cCz6N7HkgPrFkYPPzBDaaWjtjA3fokuFPMA","cgxZLWaFIb7S4gvPZ1jlo3Ru3_zhiy3nnTsS4mQaaZc"]
由于您第1个京东账号未提供shareCode,将采纳本脚本自带的助力码

开始
第1个京东账号将要助力的PK好友["IgNWdiLGaPadvlqJQnnKp27-YpAvKvSYNTSkTGvZylf_0wcvqD9EMkohEd0","IgNWdiLGaPaZskfACQyhgLSpZWps-WtQEW3McifX","IgNWdiLGaPaAvmHPAQf769XqjJjMyRirPzN9-AS-WHY9Y_G7t9Cwe5gdiI2qEvHb","IgNWdiLGaPYCeJUfsq18UNi5ln9xEZSPRdOue8Wl3hJTS2SQzU0vulL0fHeULJaIfgqHFd7f_Kk","IgNWdiLGaPYCeJUfsq18UNi5ln9xEZSPRdOue8Wl3hLRjZBAJLHzBpcl18AeskNYctp-8A"]
当前爆竹403592🧨，下一关需要480000🧨
可收取的爆竹大于0，去收取爆竹
收取成功，获得1820爆竹🧨
当前已开启的地图：新年烟火 
去做OLAY店铺任务
去做宝洁店铺任务
去做蒙牛店铺任务
"Timeout awaiting 'request' for 10000ms"
京东炸年兽🧨 API请求失败，请检查网路重试
去做欧莱雅店铺任务
去做伊利店铺任务
去做玩具乐器店铺任务
去做巴黎欧莱雅店铺任务
"Timeout awaiting 'request' for 10000ms"
京东炸年兽🧨 API请求失败，请检查网路重试
您的好友助力码为cgxZLmaBJ7vf6AnAREnKqewykQE31h--aQJY
连签得爆竹已做完
准备做此任务：去开通耐克自营会员
哎呀，加入品牌会员才能获得奖励哦
哎呀，加入品牌会员才能获得奖励哦
哎呀，加入品牌会员才能获得奖励哦
哎呀，加入品牌会员才能获得奖励哦
哎呀，加入品牌会员才能获得奖励哦
逛逛京东年货节主会场已做完
去玩趣味互动已做完
浏览精彩会场已做完
好友助力已经满啦！| 快去炸年兽分10亿红包吧~
好友已满级|不需要助力了哦
好友助力已经满啦！| 快去炸年兽分10亿红包吧~
好友助力已经满啦！| 快去炸年兽分10亿红包吧~
当前爆竹405412🧨，下一关需要480000🧨
任务已做完！
如有未完成的任务，请多执行几次。注：目前入会任务不会做
如出现taskVos错误的，请更新USER_AGENTS.js或使用自定义UA功能
京东账号1迷糊虫啊
当前爆竹405412🧨


******开始【京东账号2】孤傲的小小瞒*********

开始
随机取20个码放到您固定的互助码后面(不影响已有固定互助)
第2个京东账号将要助力的好友["cgxZWifbeu_a6gmFRGbg6Lh1SmQdF0DUmQ","cgxZdTXtIu6J7ljIXVGv6VoOs61gdyYXgT0ctAtCCykLsWw5accav11_0dI","cgxZ-fMU8RF0M5dV3r4QOsLKNQRnjyuoh9haQkLPPMH6fJjgVIkoZy5ww_K-I2JJ","cgxZ-OAB8S5NPaJF0LUYNl1oYE9tdRYPs2e2kWz3RrqEMgqutLWhZlw","cgxZKWOEIbjS7AjBREnKqjLTRG5kGL01aSMh","cgxZfjDTJ73T4wnBREnK6H1bVA_Lx54wfbEp","cgxZdTXtI7PT6VqdWlGvvf1Smfb_Y_D51kN0G4Q45Yfgg0ApKhhp3lWFKCY","cgxZdTXtILPb6FqfXlP_uxl2kq-Kjw8AHpoj-wWdcAZ5VMFN3dkOT_cRuuM","cgxZaDPAJbPe7w7MCATlo9uYxQT6D9UOPsw6_VeNrFo","IgNWdiLGaPbS4w3PDAOr6S2fY_LW3vjZH_3i53JGCgrjLwNCFoc&","cgxZdTXtIbja6l2cDQas6ZxxsKDCYlq5oEMGK85g40WBlE9_chbFRIPNFH8","cgxZ-PoI8hd8MrRr0asSoxDKXLVyyIRuF4sAo1bSW4RwRQ","cgxZdTXtI7qL6VzLCFeg73_IcudlnUvtXjGYNM6Eukzqs0K8DA-OozfONG0","cgxZdTXtI7rZ6guYAAX_5hjZQ2K993YBa26uBnEj-g-hjNWqcSvryG9FySo","cgxZJ2aBJbPd6xPKDg2u7_pGtcd8_5MDyYJsQsimib8IWsOdZB15KfpJYGs","cgxZdTXtQMWwjlu-c2TdquVLDbIZQSooQzTslgG_-HFI-UD0LwOUY1o","cgxZayvYJrra6Q7NCQLloyu_b9JPFIPzZI2CREUrKzQ","cgxZdTXtUfmIslaoVF7sltdewM0Avo48voZJ5G6Pkg28BoGYRBE70g8","cgxZdTXtIbnY4wadDgCs5xFObfdL2YHpF9-hXXqT9egf2ZByyzk9-iAb828","cgxZczjTevODtEeMXWr0owLdFGlC9nRh2agib3Ws-0pZEQ","cgxZ-uE9_QhbM7xI0bcoOcRJNcxh580I1Tk-7-DlILRkNslmxa24nEA","cgxZdTXtIb6J6l_JD1D45rdXdp4DFTnSgPCDyqYUMNTzDOOXL7yaHTZ5wtM&cgxZfjnafLvb60KFawKvikT-9gcXRrA","cgxZdTXtfs-TmVm0XWP2rKh473LKzHlntS5vkFRmEGJcUDpoTGajqgw","cgxZdTXtI77T6QmbDVCr6x-dpzPJDo5bXNHAkKG-Bs5hRWfiN0hawD4si0w&cgxZdTXtI77YuQnKAQb9vYxg6fSqutwJll1i9w9xvAASxDAsJVDWjyenqFY&cgxZLWOELb7d4gbJCWr0o7wsR9P9UKpxcsraao-ztSYAoA&cgxZLmiAIbnc7wzMZ1jlo40ee4HzzPF_C05DvtUw3tE&cgxZLmaGJL3d4wrUCQap7sRVeMDgdQWCQazkPhHwzp_SmQlcHepJp3Y"]
由于您第2个京东账号未提供shareCode,将采纳本脚本自带的助力码

开始
第2个京东账号将要助力的PK好友["IgNWdiLGaPadvlqJQnnKp27-YpAvKvSYNTSkTGvZylf_0wcvqD9EMkohEd0","IgNWdiLGaPaZskfACQyhgLSpZWps-WtQEW3McifX","IgNWdiLGaPaAvmHPAQf769XqjJjMyRirPzN9-AS-WHY9Y_G7t9Cwe5gdiI2qEvHb","IgNWdiLGaPYCeJUfsq18UNi5ln9xEZSPRdOue8Wl3hJTS2SQzU0vulL0fHeULJaIfgqHFd7f_Kk","IgNWdiLGaPYCeJUfsq18UNi5ln9xEZSPRdOue8Wl3hLRjZBAJLHzBpcl18AeskNYctp-8A","IgNWdiLGaPYCeJUfsq18UNi5ln9xEZSPRdOue8Wl3hLRjZBCduDyApZxg5BPuhRfnJvQvA"]
当前爆竹429115🧨，下一关需要480000🧨
可收取的爆竹大于0，去收取爆竹
当前已开启的地图：新年烟火 
去做OLAY店铺任务
去做宝洁店铺任务
去做蒙牛店铺任务
随机取20个PK助力码放到您固定的互助码后面(不影响已有固定互助)
去做欧莱雅店铺任务
去做伊利店铺任务
去做玩具乐器店铺任务
去做巴黎欧莱雅店铺任务
您的好友助力码为cgxZ-eQ3_AdjP4dC0a4zo6HWuopb8wXr-QP5slfTmXDdcA
连签得爆竹已做完
准备做此任务：开通英特尔品牌VIP会员
活动太火爆了
活动太火爆了
活动太火爆了
活动太火爆了
逛逛京东年货节主会场已做完
去玩趣味互动已做完
浏览精彩会场已做完
活动太火爆了
活动太火爆了
活动太火爆了
活动太火爆了
活动太火爆了
活动太火爆了
活动太火爆了
活动太火爆了
活动太火爆了

❗️京东炸年兽🧨, 错误!
TypeError: Cannot read property 'itemId' of undefined
    at /home/xinchun/www/jd-new/jd/scripts/jd_nian.js:614:64
    at got.post.then.message (/home/xinchun/www/jd-new/jd/scripts/jd_nian.js:1276:5772)
    at processTicksAndRejections (internal/process/task_queues.js:93:5)
活动太火爆了
活动太火爆了
活动太火爆了
活动太火爆了
活动太火爆了
活动太火爆了
活动太火爆了
活动太火爆了
活动太火爆了
活动太火爆了
活动太火爆了
活动太火爆了
当前爆竹429115🧨，下一关需要480000🧨
任务已做完！
如有未完成的任务，请多执行几次。注：目前入会任务不会做
如出现taskVos错误的，请更新USER_AGENTS.js或使用自定义UA功能
京东账号2孤傲的小小瞒
当前爆竹429115🧨


🔔京东炸年兽🧨, 结束! 🕛 188.096 秒

