
🔔京东炸年兽🧨, 开始!
您的cookie选择的是用&隔开


====================共有2个京东账号Cookie=========

==================脚本执行- 北京时间(UTC+8)：2/5/2021, 3:00:02 PM=====================

开始获取京东炸年兽🧨配置文件

共2个京东账号

共2个京东账号

您提供了0个账号的京东炸年兽🧨PK助力码


******开始【京东账号1】迷糊虫啊*********

开始
第1个京东账号将要助力的好友["cgxZWifbeu-Wpm2AD0bol5Cu","cgxZ-tAo8DJqM5xu3ogeOY7OXkOQ2Lw_ympGPITqNcceAad8Y1ph2UOXS-LOq3PUCqmgYjpt-td3CYw18qw","cgxZdTXtIrzev12aC1eu5yr9cCz6N7HkgPrFkYPPzBDaaWjtjA3fokuFPMA","cgxZLWaFIb7S4gvPZ1jlo3Ru3_zhiy3nnTsS4mQaaZc"]
由于您第1个京东账号未提供shareCode,将采纳本脚本自带的助力码

第1个京东账号将要助力的PK好友["IgNWdiLGaPadvlqJQnnKp27-YpAvKvSYNTSkTGvZylf_0wcvqD9EMkohEd0","IgNWdiLGaPaZskfACQyhgLSpZWps-WtQEW3McifX","IgNWdiLGaPaAvmHPAQf769XqjJjMyRirPzN9-AS-WHY9Y_G7t9Cwe5gdiI2qEvHb","IgNWdiLGaPYCeJUfsq18UNi5ln9xEZSPRdOue8Wl3hJTS2SQzU0vulL0fHeULJaIfgqHFd7f_Kk","IgNWdiLGaPYCeJUfsq18UNi5ln9xEZSPRdOue8Wl3hLRjZBAJLHzBpcl18AeskNYctp-8A"]
当前爆竹111554🧨，下一关需要600000🧨
可收取的爆竹大于0，去收取爆竹
收取成功，获得1812爆竹🧨
组队尚未开启，请先去开启组队或是加入队伍！
去助力PK好友IgNWdiLGaPadvlqJQnnKp27-YpAvKvSYNTSkTGvZylf_0wcvqD9EMkohEd0
挑战已结束，马上就要瓜分红包了|快去看看吧！
去助力PK好友IgNWdiLGaPaZskfACQyhgLSpZWps-WtQEW3McifX
挑战已结束，马上就要瓜分红包了|快去看看吧！
去助力PK好友IgNWdiLGaPaAvmHPAQf769XqjJjMyRirPzN9-AS-WHY9Y_G7t9Cwe5gdiI2qEvHb
挑战已结束，马上就要瓜分红包了|快去看看吧！
去助力PK好友IgNWdiLGaPYCeJUfsq18UNi5ln9xEZSPRdOue8Wl3hJTS2SQzU0vulL0fHeULJaIfgqHFd7f_Kk
挑战已结束，马上就要瓜分红包了|快去看看吧！
去助力PK好友IgNWdiLGaPYCeJUfsq18UNi5ln9xEZSPRdOue8Wl3hLRjZBAJLHzBpcl18AeskNYctp-8A
挑战已结束，马上就要瓜分红包了|快去看看吧！
当前已开启的地图：新年烟火 
去做OLAY店铺任务
去做宝洁店铺任务
去做蒙牛店铺任务
去做欧莱雅店铺任务
去做伊利店铺任务
"Timeout awaiting 'request' for 10000ms"
京东炸年兽🧨 API请求失败，请检查网路重试
去做玩具乐器店铺任务
去做巴黎欧莱雅店铺任务
您的好友助力码为cgxZLmaBJ7vf6AnAREnKqewykQE31h--aQJY
连签得爆竹已做完
准备做此任务：去开通耐克自营会员
哎呀，加入品牌会员才能获得奖励哦
哎呀，加入品牌会员才能获得奖励哦
哎呀，加入品牌会员才能获得奖励哦
哎呀，加入品牌会员才能获得奖励哦
哎呀，加入品牌会员才能获得奖励哦
逛逛京东年货节主会场已做完
去玩趣味互动已做完
准备做此任务：去种豆得豆瓜分京豆
任务完成，获得3000爆竹🧨
任务完成，获得3000爆竹🧨
任务完成，获得3000爆竹🧨
任务完成，获得3000爆竹🧨
任务完成，获得3000爆竹🧨
任务完成，获得3000爆竹🧨
准备做此任务：去抢运动潮流尖货
任务完成，获得3000爆竹🧨
好友助力已经满啦！| 快去炸年兽分10亿红包吧~
好友已满级|不需要助力了哦
好友已满级|不需要助力了哦
好友助力已经满啦！| 快去炸年兽分10亿红包吧~
当前爆竹134366🧨，下一关需要600000🧨
任务已做完！
如有未完成的任务，请多执行几次。注：目前入会任务不会做
如出现taskVos错误的，请更新USER_AGENTS.js或使用自定义UA功能
京东账号1迷糊虫啊
当前爆竹134366🧨


******开始【京东账号2】孤傲的小小瞒*********

开始
随机取20个码放到您固定的互助码后面(不影响已有固定互助)
第2个京东账号将要助力的好友["cgxZWifbeu_a6gmFRGbg6Lh1SmQdF0DUmQ","cgxZdTXtIu6J7ljIXVGv6VoOs61gdyYXgT0ctAtCCykLsWw5accav11_0dI","cgxZ-fMU8RF0M5dV3r4QOsLKNQRnjyuoh9haQkLPPMH6fJjgVIkoZy5ww_K-I2JJ","cgxZ-OAB8S5NPaJF0LUYNl1oYE9tdRYPs2e2kWz3RrqEMgqutLWhZlw","cgxZdTXtQPKYnlWITULBiFkQkSnauULf5TD3joGjdCSZE47gP0jeSHw","cgxZdTXtIbPf6gfJWQCh6KKan3XbZ1mz3DGgRYfnVzXyRVyppetXK2qXxiI","cgxZ-ugB_RdzPaR93qIvOqM8X3NP0BTUgpZ1PuWvWqt7dXGh2xqUawU","cgxZdTXtIO_TuFrLCgH87ZnJTXsQrGI-eBxSeYJsG2Fk3gnKVMc2F8iMAec","cgxZdTXtI-uMuQvAXFGvvEEHjQ8FtV6ue1WUroTfZZKNpm4pXkSpWgbFBRw","cgxZdTXtI72PuAzPDlf95xfAJAdXoGc_JZolD9mEZd4pie87Jix5GcCpMBY","cgxZZTnHc_-D6g7IREnK5ji_T2iHLa0xMlOb","cgxZdTXtYMSfmEm3e2_Pmp1cEU_jYVDWaMl_5CFCRIy2jBK1rg5_coQ","cgxZdTXtIOuOuA7JXFah653Xf3ZNO2AcurVyLCdK3aqKmTQfEw-khL4kBKU","cgxZdTXtI-7Y4gzBD1Ggvl8UBtrxndvSrmtex_fx9-xGvh8PM2ZThxQBZoA","cgxZdTXtI-uI61qfC1ao6fHZ20jLQGILQGXhluAcNo3W8sy6RIzM4xUuEPs","cgxZdTXtIOyIvAucXlatuTgq2NwJrZAUV0mMlb9XmSEJSVVlkcJVr9s5wWo","cgxZdTXtIr7YuQaYCwX_uad51qGd-yq3P_Z-xFcSjtIrjeQP_Er-AIwaSBE","cgxZdTXtIu7e7A6dCQKqvnkykssXvAyveUvIK-feHLohzSRqSj3d1N2P6Mg","cgxZdTXtIbjS7QjNWwOvvCC45Uvb36ytBT0slyvmQXSDsto861PuwXbdEiI","cgxZdTXtIO7bvwqfCA2u67gswJejHNHJIAIm9UUiGCGWwb5_XjYlRrzrHjo","cgxZdTXtXMOJgHCgenDPl_Kg1DCVYBnhetZnWl--6LLn5Dd4d_YDOVw","cgxZdTXtIeuOuF3ICg2u7EPYBfd2gW0imvpzzc6F8PhASRj-UUGy_-Qiuck","4e4f3a09e0d14abb888b62d2b09fbea7","cgxZLmKKIbrS6AjOCAXGr1dJbNqX9o_O15wWcxjxo1fkOkMrYQ"]
由于您第2个京东账号未提供shareCode,将采纳本脚本自带的助力码

第2个京东账号将要助力的PK好友["IgNWdiLGaPadvlqJQnnKp27-YpAvKvSYNTSkTGvZylf_0wcvqD9EMkohEd0","IgNWdiLGaPaZskfACQyhgLSpZWps-WtQEW3McifX","IgNWdiLGaPaAvmHPAQf769XqjJjMyRirPzN9-AS-WHY9Y_G7t9Cwe5gdiI2qEvHb","IgNWdiLGaPYCeJUfsq18UNi5ln9xEZSPRdOue8Wl3hJTS2SQzU0vulL0fHeULJaIfgqHFd7f_Kk","IgNWdiLGaPYCeJUfsq18UNi5ln9xEZSPRdOue8Wl3hLRjZBAJLHzBpcl18AeskNYctp-8A","IgNWdiLGaPYCeJUfsq18UNi5ln9xEZSPRdOue8Wl3hLRjZBCduDyApZxg5BPuhRfnJvQvA"]
当前爆竹441907🧨，下一关需要480000🧨
组队尚未开启，请先去开启组队或是加入队伍！
去助力PK好友IgNWdiLGaPadvlqJQnnKp27-YpAvKvSYNTSkTGvZylf_0wcvqD9EMkohEd0
挑战已结束，马上就要瓜分红包了|快去看看吧！
去助力PK好友IgNWdiLGaPaZskfACQyhgLSpZWps-WtQEW3McifX
挑战已结束，马上就要瓜分红包了|快去看看吧！
去助力PK好友IgNWdiLGaPaAvmHPAQf769XqjJjMyRirPzN9-AS-WHY9Y_G7t9Cwe5gdiI2qEvHb
挑战已结束，马上就要瓜分红包了|快去看看吧！
去助力PK好友IgNWdiLGaPYCeJUfsq18UNi5ln9xEZSPRdOue8Wl3hJTS2SQzU0vulL0fHeULJaIfgqHFd7f_Kk
挑战已结束，马上就要瓜分红包了|快去看看吧！
去助力PK好友IgNWdiLGaPYCeJUfsq18UNi5ln9xEZSPRdOue8Wl3hLRjZBAJLHzBpcl18AeskNYctp-8A
挑战已结束，马上就要瓜分红包了|快去看看吧！
去助力PK好友IgNWdiLGaPYCeJUfsq18UNi5ln9xEZSPRdOue8Wl3hLRjZBCduDyApZxg5BPuhRfnJvQvA
挑战已结束，马上就要瓜分红包了|快去看看吧！
去领取袋鼠医生医用外科口罩一盒优惠券
活动太火爆了
去领取东海带鱼礼盒6斤/13-16整条优惠券
活动太火爆了
当前已开启的地图：新年烟火 
去做OLAY店铺任务
去做每日签到任务
活动太火爆了
准备做此任务：去逛OLAY自营旗舰店
活动太火爆了
准备做此任务：去逛OLAY狂欢礼遇会场
活动太火爆了
准备做此任务：浏览OLAY年货节会场
活动太火爆了
准备做此任务：逛OLAY直播抢正装
活动太火爆了
去做宝洁店铺任务
去做每日签到任务
活动太火爆了
准备做此任务：去逛宝洁旗舰店
活动太火爆了
准备做此任务：浏览宝洁会员福利会场
活动太火爆了
准备做此任务：浏览宝洁洗护会场
活动太火爆了
准备做此任务：浏览宝洁低价尝鲜会场
活动太火爆了
去做蒙牛店铺任务
去做每日签到任务
活动太火爆了
准备做此任务：去逛蒙牛自营店铺
活动太火爆了
准备做此任务：浏览蒙牛会员福利页
活动太火爆了
准备做此任务：浏览特仑苏会场
活动太火爆了
准备做此任务：浏览蒙牛新品会场
活动太火爆了
去做欧莱雅店铺任务
去做每日签到任务
活动太火爆了
准备做此任务：去逛巴黎欧莱雅京东自营旗舰店
活动太火爆了
准备做此任务：浏览欧莱雅会员福利会场
活动太火爆了
准备做此任务：浏览巴黎欧莱雅女士护肤会场
活动太火爆了
准备做此任务：加入欧莱雅粉丝福利群
活动太火爆了
去做伊利店铺任务
去做每日签到任务
活动太火爆了
准备做此任务：去逛伊利牛奶京东自营旗舰店
活动太火爆了
准备做此任务：浏览伊利会员福利会场
活动太火爆了
准备做此任务：浏览伊利牛奶会场
活动太火爆了
准备做此任务：加入伊利牛奶粉丝福利群
活动太火爆了
去做玩具乐器店铺任务
去做每日签到任务
活动太火爆了
准备做此任务：去逛乐高店铺
活动太火爆了
准备做此任务：浏览乐高®会员页
活动太火爆了
准备做此任务：浏览乐高®玩具会场
活动太火爆了
准备做此任务：浏览乐高®新品
活动太火爆了
去做巴黎欧莱雅店铺任务
去做每日签到任务
活动太火爆了
准备做此任务：去逛巴黎欧莱雅京东自营旗舰店
活动太火爆了
准备做此任务：浏览欧莱雅会员福利会场
活动太火爆了
准备做此任务：浏览巴黎欧莱雅女士护肤会场
活动太火爆了
准备做此任务：加入欧莱雅粉丝福利群
活动太火爆了
连签得爆竹已做完
准备做此任务：去开通耐克自营会员
活动太火爆了
活动太火爆了
活动太火爆了
活动太火爆了
活动太火爆了
逛逛京东年货节主会场已做完
去玩趣味互动已做完
准备做此任务：去种豆得豆瓜分京豆
活动太火爆了
活动太火爆了
活动太火爆了
活动太火爆了
活动太火爆了
活动太火爆了
准备做此任务：去抢运动潮流尖货
活动太火爆了
活动太火爆了
活动太火爆了
活动太火爆了
活动太火爆了
活动太火爆了
活动太火爆了
活动太火爆了
活动太火爆了
活动太火爆了
活动太火爆了
活动太火爆了
活动太火爆了
活动太火爆了
活动太火爆了
活动太火爆了
活动太火爆了
活动太火爆了
活动太火爆了
活动太火爆了
活动太火爆了
活动太火爆了
活动太火爆了
活动太火爆了
当前爆竹441907🧨，下一关需要480000🧨
任务已做完！
如有未完成的任务，请多执行几次。注：目前入会任务不会做
如出现taskVos错误的，请更新USER_AGENTS.js或使用自定义UA功能
京东账号2孤傲的小小瞒
当前爆竹441907🧨


🔔京东炸年兽🧨, 结束! 🕛 303.341 秒

