
🔔京东炸年兽🧨, 开始!
您的cookie选择的是用&隔开


====================共有2个京东账号Cookie=========

==================脚本执行- 北京时间(UTC+8)：2/3/2021, 12:00:04 AM=====================

开始获取京东炸年兽🧨配置文件

共2个京东账号

共2个京东账号

您提供了0个账号的京东炸年兽🧨PK助力码


******开始【京东账号1】迷糊虫啊*********

开始
第1个京东账号将要助力的好友["cgxZWifbeu-Wpm2AD0bol5Cu","cgxZ-tAo8DJqM5xu3ogeOY7OXkOQ2Lw_ympGPITqNcceAad8Y1ph2UOXS-LOq3PUCqmgYjpt-td3CYw18qw","cgxZdTXtIrzev12aC1eu5yr9cCz6N7HkgPrFkYPPzBDaaWjtjA3fokuFPMA","cgxZLWaFIb7S4gvPZ1jlo3Ru3_zhiy3nnTsS4mQaaZc"]
由于您第1个京东账号未提供shareCode,将采纳本脚本自带的助力码

开始
第1个京东账号将要助力的PK好友["IgNWdiLGaPadvlqJQnnKp27-YpAvKvSYNTSkTGvZylf_0wcvqD9EMkohEd0","IgNWdiLGaPaZskfACQyhgLSpZWps-WtQEW3McifX","IgNWdiLGaPaAvmHPAQf769XqjJjMyRirPzN9-AS-WHY9Y_G7t9Cwe5gdiI2qEvHb","IgNWdiLGaPYCeJUfsq18UNi5ln9xEZSPRdOue8Wl3hJTS2SQzU0vulL0fHeULJaIfgqHFd7f_Kk","IgNWdiLGaPYCeJUfsq18UNi5ln9xEZSPRdOue8Wl3hLRjZBAJLHzBpcl18AeskNYctp-8A"]
当前爆竹386316🧨，下一关需要400000🧨
可收取的爆竹大于0，去收取爆竹
收取成功，获得1822爆竹🧨
去领取袋鼠医生医用外科口罩一盒优惠券
领取成功，获得1000爆竹🧨
去领取维德医疗外科口罩25只优惠券
领取成功，获得1000爆竹🧨
去领取吉列剃须刀1刀架+9刀头优惠券
领取成功，获得1000爆竹🧨
当前已开启的地图：新年烟火 
"Timeout awaiting 'request' for 10000ms"
京东炸年兽🧨 API请求失败，请检查网路重试
去做OLAY店铺任务
去做每日签到任务
任务完成，获得100爆竹🧨
准备做此任务：去逛OLAY自营旗舰店
任务完成，获得100爆竹🧨
准备做此任务：去逛OLAY狂欢礼遇会场
任务完成，获得100爆竹🧨
准备做此任务：浏览OLAY年货节会场
"Timeout awaiting 'request' for 10000ms"
京东炸年兽🧨 API请求失败，请检查网路重试
任务完成，获得100爆竹🧨
准备做此任务：逛OLAY直播抢正装
任务完成，获得100爆竹🧨
去做宝洁店铺任务
去做每日签到任务
任务完成，获得100爆竹🧨
准备做此任务：去逛宝洁旗舰店
任务完成，获得100爆竹🧨
准备做此任务：浏览宝洁会员福利会场
任务完成，获得100爆竹🧨
准备做此任务：浏览宝洁洗护会场
任务完成，获得100爆竹🧨
准备做此任务：浏览宝洁低价尝鲜会场
任务完成，获得100爆竹🧨
去做蒙牛店铺任务
去做每日签到任务
任务完成，获得100爆竹🧨
准备做此任务：去逛蒙牛自营店铺
任务完成，获得100爆竹🧨
准备做此任务：浏览蒙牛会员福利页
任务完成，获得100爆竹🧨
准备做此任务：浏览特仑苏会场
任务完成，获得100爆竹🧨
准备做此任务：浏览蒙牛新品会场
任务完成，获得100爆竹🧨
去做欧莱雅店铺任务
去做每日签到任务
任务完成，获得100爆竹🧨
准备做此任务：去逛巴黎欧莱雅京东自营旗舰店
任务完成，获得100爆竹🧨
准备做此任务：浏览欧莱雅会员福利会场
任务完成，获得100爆竹🧨
准备做此任务：浏览巴黎欧莱雅女士护肤会场
任务完成，获得100爆竹🧨
准备做此任务：加入欧莱雅粉丝福利群
任务完成，获得100爆竹🧨
去做伊利店铺任务
去做每日签到任务
任务完成，获得100爆竹🧨
准备做此任务：去逛伊利牛奶京东自营旗舰店
任务完成，获得100爆竹🧨
准备做此任务：浏览伊利会员福利会场
任务完成，获得100爆竹🧨
准备做此任务：浏览伊利牛奶会场
任务完成，获得100爆竹🧨
准备做此任务：加入伊利牛奶粉丝福利群
任务完成，获得100爆竹🧨
去做玩具乐器店铺任务
去做每日签到任务
任务完成，获得100爆竹🧨
准备做此任务：去逛乐高店铺
任务完成，获得100爆竹🧨
准备做此任务：浏览乐高®会员页
任务完成，获得100爆竹🧨
准备做此任务：浏览乐高®玩具会场
任务完成，获得100爆竹🧨
准备做此任务：浏览乐高®新品
任务完成，获得100爆竹🧨
去做巴黎欧莱雅店铺任务
去抽奖：1/5
抽奖成功，获得100爆竹🧨
去抽奖：2/5
抽奖成功，获得{"awardType":5,"cardInfoVO":{"brandCard":true,"cardBaseInfo":"https://m.360buyimg.com/babel/jfs/t1/156659/32/7123/144701/600ae62bE8b568928/b8c1504e0d63e40d.png","cardNo":"1-0203-c44a07f2278842f882b7a6daf924c6f0","cardType":1,"shopId":1000002662},"lotteryNum":3,"status":1}
去抽奖：3/5
抽奖成功，获得100爆竹🧨
去抽奖：4/5
抽奖成功，获得{"awardType":5,"cardInfoVO":{"brandCard":true,"cardBaseInfo":"https://m.360buyimg.com/babel/jfs/t1/156202/11/7166/170294/600ae649E68d26d0b/d5d93d83956b1087.png","cardNo":"3-0203-438c35c02f4e46138beca035ae5f26a5","cardType":3,"shopId":1000002662},"lotteryNum":1,"status":1}
去抽奖：5/5
抽奖成功，获得100爆竹🧨
您的好友助力码为cgxZLmaBJ7vf6AnAREnKqewykQE31h--aQJY
准备做此任务：连签得爆竹
任务完成，获得12000爆竹🧨
准备做此任务：去逛小哥年货市集
任务上报成功
任务已完成，获得8000爆竹🧨
任务上报成功
任务已完成，获得8000爆竹🧨
任务上报成功
任务已完成，获得8000爆竹🧨
任务上报成功
任务已完成，获得8000爆竹🧨
任务上报成功
任务已完成，获得8000爆竹🧨
任务上报成功
任务已完成，获得8000爆竹🧨
准备做此任务：去逛大牌洗护会场
任务上报成功
任务已完成，获得8000爆竹🧨
任务上报成功
任务已完成，获得8000爆竹🧨
任务上报成功
任务已完成，获得8000爆竹🧨
任务上报成功
任务已完成，获得8000爆竹🧨
任务上报成功
任务已完成，获得8000爆竹🧨
任务上报成功
任务已完成，获得8000爆竹🧨
任务上报成功
任务已完成，获得8000爆竹🧨
任务上报成功
任务已完成，获得8000爆竹🧨
任务上报成功
任务已完成，获得8000爆竹🧨
任务上报成功
任务已完成，获得8000爆竹🧨
准备做此任务：去逛“甄选优品”
任务完成，获得0爆竹🧨
任务完成，获得0爆竹🧨
任务完成，获得0爆竹🧨
任务完成，获得0爆竹🧨
任务完成，获得10000爆竹🧨
任务完成，获得0爆竹🧨
任务完成，获得0爆竹🧨
任务完成，获得0爆竹🧨
任务完成，获得0爆竹🧨
任务完成，获得10000爆竹🧨
任务完成，获得0爆竹🧨
任务完成，获得0爆竹🧨
任务完成，获得0爆竹🧨
任务完成，获得0爆竹🧨
任务完成，获得10000爆竹🧨
任务完成，获得0爆竹🧨
任务完成，获得0爆竹🧨
任务完成，获得0爆竹🧨
任务完成，获得0爆竹🧨
任务完成，获得10000爆竹🧨
准备做此任务：去领100元压岁钱
任务完成，获得3000爆竹🧨
任务完成，获得3000爆竹🧨
准备做此任务：加入OLAY品牌会员
任务完成，获得3000爆竹🧨
任务完成，获得3000爆竹🧨
任务完成，获得3000爆竹🧨
哎呀，加入品牌会员才能获得奖励哦
任务完成，获得3000爆竹🧨
哎呀，加入品牌会员才能获得奖励哦
哎呀，加入品牌会员才能获得奖励哦
任务完成，获得3000爆竹🧨
哎呀，加入品牌会员才能获得奖励哦
哎呀，加入品牌会员才能获得奖励哦
好友助力已经满啦！| 快去炸年兽分10亿红包吧~
好友助力已经满啦！| 快去炸年兽分10亿红包吧~
好友助力已经满啦！| 快去炸年兽分10亿红包吧~
好友助力已经满啦！| 快去炸年兽分10亿红包吧~
当前爆竹595438🧨，下一关需要400000🧨
任务已做完！
如有未完成的任务，请多执行几次。注：目前入会任务不会做
如出现taskVos错误的，请更新USER_AGENTS.js或使用自定义UA功能
京东账号1迷糊虫啊
当前爆竹595438🧨


******开始【京东账号2】孤傲的小小瞒*********

开始
随机取20个码放到您固定的互助码后面(不影响已有固定互助)
第2个京东账号将要助力的好友["cgxZWifbeu_a6gmFRGbg6Lh1SmQdF0DUmQ","cgxZdTXtIu6J7ljIXVGv6VoOs61gdyYXgT0ctAtCCykLsWw5accav11_0dI","cgxZ-fMU8RF0M5dV3r4QOsLKNQRnjyuoh9haQkLPPMH6fJjgVIkoZy5ww_K-I2JJ","cgxZ-OAB8S5NPaJF0LUYNl1oYE9tdRYPs2e2kWz3RrqEMgqutLWhZlw","cgxZaiPCaPa59wnBQg","cgxZbTDffbvbpkKqZ37uqjzwrmc","cgxZczSHIL_e4gnKREnK6wvJYLabqWd2CMNC","IgNWdiLGaPaAvmG6SVHfnoWfcdvz6Y2Yw5c_KhULyCUT8i_CZsexG69LAeo6","IgNWdiLGaPaAvmHPDVGr7Or4LwwzW9H1CGbDwkn1Rh0Y3Dq3iKcCgQIjh9FYWmAO","cgxZdTXtILzduAvOAAOr54fPxqUOgd9DBhidqqnG8gb1N6wBL_MqZ2xE-LA","cgxZcyDReOONskqFRGatrQbO8g-ZintErA","cgxZdTXtILiM6gqcDgWh7B7rp3iZPXn4DSy8MqBx_bOL_8afU-QCMmUCiDI","cgxZLmKGJ7rZ6w_KDAfGrxBiixxxnGew-2FL20dTOKTTEgGLzQ\ncgxZdTXtIb3YvwbJCgf9uXUTLnCewrHwhXakZo26WE_kWhcZrjtv1p0YtEk\ncgxZbGCHIr3a6wvMAACh6GxACfioV7XTChCgxw_0ssZst_AW7-5mh360nxL_Ww\ncgxZdTXtI-jduAabXQOg7qgNZFgg5GOEDSacoYGJSYzCxf_WNwdCIKOiuQM\ncgxZLGCHIL3a6Q_IZ1jlo3uK9VuTAqIjfmSNUudRAj4","cgxZdiLteeOEvUSQREnK6s2p7tgoqJYRmZj8","cgxZdTXtIu_a7F_KXVeruRsFYdY2Z4S3yo0c0k0D94I--OkiVu-Z44e4S5Y","cgxZdTXtZNmbm3WRVW_ynDgTSwBXkYZgN0oyMGLnHVgn_GhKSshYnSM","cgxZdTXtZvC6lF2aQnHhq7Khll9uoLzZ8lrzogUct_a14I0J5SOBhyk","cgxZdTXtIb6L7QjAWQ2r7x-NvTQJehRmTVVCXR2uES9w7zl2NuiHgfZ-wKE","cgxZdTXtIbvb7V-YWwf8uqf6FX-q8I-pz5fbAL9A1vgyqoDttdfy60cD7QA","cgxZdTXtIb-O6AzOWlH6uqrbkJi4i3d-cCDYmIXYXVRQxQmZ8uNf0_hio3k","cgxZdTXtIu7f6wrPWlH96aMtKhLRlFXShuy6fX4I-yY3oh67aNUHP97AW5U","cgxZdTXtIO_d6Q_BXFOtu3LnadAays9KXIk6ATq6flNA-Y5Q5icN8GxP2WQ","cgxZdTXtf9iwv124T1DWp_xGkUOl1pC6BHwHCgVM4_CcB5aHUlT65MI","cgxZdTXtfeOloHyefGfXvTsxK2gJ5xMn0nTCYZlocwYVypAiOgdykm8"]
由于您第2个京东账号未提供shareCode,将采纳本脚本自带的助力码

开始
随机取20个PK助力码放到您固定的互助码后面(不影响已有固定互助)
第2个京东账号将要助力的PK好友["IgNWdiLGaPadvlqJQnnKp27-YpAvKvSYNTSkTGvZylf_0wcvqD9EMkohEd0","IgNWdiLGaPaZskfACQyhgLSpZWps-WtQEW3McifX","IgNWdiLGaPaAvmHPAQf769XqjJjMyRirPzN9-AS-WHY9Y_G7t9Cwe5gdiI2qEvHb","IgNWdiLGaPYCeJUfsq18UNi5ln9xEZSPRdOue8Wl3hJTS2SQzU0vulL0fHeULJaIfgqHFd7f_Kk","IgNWdiLGaPYCeJUfsq18UNi5ln9xEZSPRdOue8Wl3hLRjZBAJLHzBpcl18AeskNYctp-8A","IgNWdiLGaPYCeJUfsq18UNi5ln9xEZSPRdOue8Wl3hLRjZBCduDyApZxg5BPuhRfnJvQvA"]
当前爆竹29449🧨，下一关需要480000🧨
可收取的爆竹大于0，去收取爆竹
收取成功，获得2208爆竹🧨
去领取袋鼠医生医用外科口罩一盒优惠券
领取成功，获得1000爆竹🧨
去领取吉列剃须刀1刀架+9刀头优惠券
领取成功，获得1000爆竹🧨
去领取维德医疗医用口罩50只优惠券
领取成功，获得1000爆竹🧨
当前已开启的地图：新年烟火 
去做OLAY店铺任务
去做每日签到任务
任务完成，获得100爆竹🧨
准备做此任务：去逛OLAY自营旗舰店
任务完成，获得100爆竹🧨
准备做此任务：去逛OLAY狂欢礼遇会场
任务完成，获得100爆竹🧨
准备做此任务：浏览OLAY年货节会场
任务完成，获得100爆竹🧨
准备做此任务：逛OLAY直播抢正装
任务完成，获得100爆竹🧨
去做宝洁店铺任务
去做每日签到任务
任务完成，获得100爆竹🧨
准备做此任务：去逛宝洁旗舰店
任务完成，获得100爆竹🧨
准备做此任务：浏览宝洁会员福利会场
任务完成，获得100爆竹🧨
准备做此任务：浏览宝洁洗护会场
任务完成，获得100爆竹🧨
准备做此任务：浏览宝洁低价尝鲜会场
任务完成，获得100爆竹🧨
去做蒙牛店铺任务
去做每日签到任务
任务完成，获得100爆竹🧨
准备做此任务：去逛蒙牛自营店铺
任务完成，获得100爆竹🧨
准备做此任务：浏览蒙牛会员福利页
任务完成，获得100爆竹🧨
准备做此任务：浏览特仑苏会场
任务完成，获得100爆竹🧨
准备做此任务：浏览蒙牛新品会场
任务完成，获得100爆竹🧨
去做欧莱雅店铺任务
去做每日签到任务
任务完成，获得100爆竹🧨
准备做此任务：去逛巴黎欧莱雅京东自营旗舰店
任务完成，获得100爆竹🧨
准备做此任务：浏览欧莱雅会员福利会场
任务完成，获得100爆竹🧨
准备做此任务：浏览巴黎欧莱雅女士护肤会场
任务完成，获得100爆竹🧨
准备做此任务：加入欧莱雅粉丝福利群
任务完成，获得100爆竹🧨
去做伊利店铺任务
去做每日签到任务
任务完成，获得100爆竹🧨
准备做此任务：去逛伊利牛奶京东自营旗舰店
任务完成，获得100爆竹🧨
准备做此任务：浏览伊利会员福利会场
任务完成，获得100爆竹🧨
准备做此任务：浏览伊利牛奶会场
任务完成，获得100爆竹🧨
准备做此任务：加入伊利牛奶粉丝福利群
任务完成，获得100爆竹🧨
去做玩具乐器店铺任务
去做每日签到任务
任务完成，获得100爆竹🧨
准备做此任务：去逛乐高店铺
任务完成，获得100爆竹🧨
准备做此任务：浏览乐高®会员页
任务完成，获得100爆竹🧨
准备做此任务：浏览乐高®玩具会场
任务完成，获得100爆竹🧨
准备做此任务：浏览乐高®新品
任务完成，获得100爆竹🧨
去做巴黎欧莱雅店铺任务
去抽奖：1/5
抽奖成功，获得100爆竹🧨
去抽奖：2/5
抽奖成功，获得优惠卷
去抽奖：3/5
抽奖成功，获得优惠卷
去抽奖：4/5
抽奖成功，获得优惠卷
去抽奖：5/5
抽奖成功，获得{"awardType":5,"cardInfoVO":{"brandCard":true,"cardBaseInfo":"https://m.360buyimg.com/babel/jfs/t1/156202/11/7166/170294/600ae649E68d26d0b/d5d93d83956b1087.png","cardNo":"3-0203-db1d11f26e934c7ba494b239ce912bb5","cardType":3,"shopId":1000002662},"lotteryNum":0,"status":1}
您的好友助力码为cgxZ-eQ3_AdjP4dC0a4zo6HWuopb8wXr-QP5slfTmXDdcA
准备做此任务：连签得爆竹
任务完成，获得12000爆竹🧨
准备做此任务：去逛小哥年货市集
任务上报成功
任务已完成，获得8000爆竹🧨
任务上报成功
任务已完成，获得8000爆竹🧨
任务上报成功
任务已完成，获得8000爆竹🧨
任务上报成功
任务已完成，获得8000爆竹🧨
任务上报成功
任务已完成，获得8000爆竹🧨
任务上报成功
任务已完成，获得8000爆竹🧨
准备做此任务：去逛欧莱雅男士自营店
任务上报成功
任务已完成，获得8000爆竹🧨
任务上报成功
任务已完成，获得8000爆竹🧨
任务上报成功
任务已完成，获得8000爆竹🧨
任务上报成功
任务已完成，获得8000爆竹🧨
任务上报成功
任务已完成，获得8000爆竹🧨
任务上报成功
任务已完成，获得8000爆竹🧨
任务上报成功
任务已完成，获得8000爆竹🧨
任务上报成功
任务已完成，获得8000爆竹🧨
任务上报成功
任务已完成，获得8000爆竹🧨
任务上报成功
任务已完成，获得8000爆竹🧨
准备做此任务：去逛“甄选优品”
任务完成，获得0爆竹🧨
任务完成，获得0爆竹🧨
任务完成，获得0爆竹🧨
任务完成，获得0爆竹🧨
任务完成，获得10000爆竹🧨
任务完成，获得0爆竹🧨
任务完成，获得0爆竹🧨
任务完成，获得0爆竹🧨
任务完成，获得0爆竹🧨
任务完成，获得10000爆竹🧨
任务完成，获得0爆竹🧨
任务完成，获得0爆竹🧨
任务完成，获得0爆竹🧨
任务完成，获得0爆竹🧨
任务完成，获得10000爆竹🧨
任务完成，获得0爆竹🧨
任务完成，获得0爆竹🧨
任务完成，获得0爆竹🧨
任务完成，获得0爆竹🧨
任务完成，获得10000爆竹🧨
准备做此任务：去领100元压岁钱
任务完成，获得3000爆竹🧨
任务完成，获得3000爆竹🧨
准备做此任务：加入OLAY品牌会员
任务完成，获得3000爆竹🧨
任务完成，获得3000爆竹🧨
哎呀，加入品牌会员才能获得奖励哦
任务完成，获得3000爆竹🧨
哎呀，加入品牌会员才能获得奖励哦
哎呀，加入品牌会员才能获得奖励哦
任务完成，获得3000爆竹🧨
哎呀，加入品牌会员才能获得奖励哦
任务完成，获得3000爆竹🧨
任务完成，获得3000爆竹🧨
好友助力已经满啦！| 快去炸年兽分10亿红包吧~
好友助力已经满啦！| 快去炸年兽分10亿红包吧~
好友助力已经满啦！| 快去炸年兽分10亿红包吧~
好友助力已经满啦！| 快去炸年兽分10亿红包吧~
助力好友成功
助力好友成功
助力好友成功

❗️京东炸年兽🧨, 错误!
TypeError: Cannot read property 'itemId' of undefined
    at /home/xinchun/www/jd-new/jd/scripts/jd_nian.js:614:64
    at got.post.then.message (/home/xinchun/www/jd-new/jd/scripts/jd_nian.js:1276:5772)
    at runMicrotasks (<anonymous>)
    at processTicksAndRejections (internal/process/task_queues.js:93:5)

❗️京东炸年兽🧨, 错误!
TypeError: Cannot read property 'itemId' of undefined
    at /home/xinchun/www/jd-new/jd/scripts/jd_nian.js:614:64
    at got.post.then.message (/home/xinchun/www/jd-new/jd/scripts/jd_nian.js:1276:5772)
    at runMicrotasks (<anonymous>)
    at processTicksAndRejections (internal/process/task_queues.js:93:5)
助力好友成功
助力好友成功
活动太火爆，请稍后再试哦~
好友已满级|不需要助力了哦
今日助力次数已用完 | 快去炸年兽分10亿红包吧~
今日助力次数已用完 | 快去炸年兽分10亿红包吧~
今日助力次数已用完 | 快去炸年兽分10亿红包吧~
今日助力次数已用完 | 快去炸年兽分10亿红包吧~
今日助力次数已用完 | 快去炸年兽分10亿红包吧~
今日助力次数已用完 | 快去炸年兽分10亿红包吧~
今日助力次数已用完 | 快去炸年兽分10亿红包吧~
好友已满级|不需要助力了哦
今日助力次数已用完 | 快去炸年兽分10亿红包吧~
活动太火爆，请稍后再试哦~
当前爆竹241757🧨，下一关需要480000🧨
任务已做完！
如有未完成的任务，请多执行几次。注：目前入会任务不会做
如出现taskVos错误的，请更新USER_AGENTS.js或使用自定义UA功能
京东账号2孤傲的小小瞒
当前爆竹241757🧨


🔔京东炸年兽🧨, 结束! 🕛 813.195 秒

