
🔔京东炸年兽🧨, 开始!
您的cookie选择的是用&隔开


====================共有2个京东账号Cookie=========

==================脚本执行- 北京时间(UTC+8)：2/4/2021, 8:00:03 PM=====================

开始获取京东炸年兽🧨配置文件

共2个京东账号

共2个京东账号

您提供了2个账号的京东炸年兽🧨PK助力码


******开始【京东账号1】迷糊虫啊*********

开始
第1个京东账号将要助力的好友["cgxZWifbeu-Wpm2AD0bol5Cu","cgxZ-tAo8DJqM5xu3ogeOY7OXkOQ2Lw_ympGPITqNcceAad8Y1ph2UOXS-LOq3PUCqmgYjpt-td3CYw18qw","cgxZdTXtIrzev12aC1eu5yr9cCz6N7HkgPrFkYPPzBDaaWjtjA3fokuFPMA","cgxZLWaFIb7S4gvPZ1jlo3Ru3_zhiy3nnTsS4mQaaZc"]
开始
第1个京东账号将要助力的PK好友["IgNWdiLGaPavrFeXXWqpo92CVx1rlFXa1hw","IgNWdiLGaPYPW6QdgLVwfWRfHi2sIXbO_6hkp5Nr2iQcqjh14hEp3rCPZEl-yN5DMhuIkmTMvwsMySwsQBXxWw","IgNWdiLGaPaAvmHPDgH8vAJv1gVmRQDCnfIVBGR1YL3lZ0Mg7ZEiozjTjCdf89ov","IgNWdiLGaPbY7QnMDA2h6oo8Zl9cHaLDgH6QPmTn0q2RXfS87n0","IgNWdiLGaPavrFeXXQWp6ManqCzbdRZ7medtakVd_L0","IgNWdiLGaPaAvmHPXlT87UNYCPQXNpYWPdp-07g7zX8y2QkXwRtY2WnqEQ20Kpyh"]
当前爆竹332962🧨，下一关需要520000🧨
组队尚未开启，请先去开启组队或是加入队伍！
去助力PK好友IgNWdiLGaPavrFeXXWqpo92CVx1rlFXa1hw
挑战已结束，马上就要瓜分红包了|快去看看吧！
去助力PK好友IgNWdiLGaPYPW6QdgLVwfWRfHi2sIXbO_6hkp5Nr2iQcqjh14hEp3rCPZEl-yN5DMhuIkmTMvwsMySwsQBXxWw
挑战已结束，马上就要瓜分红包了|快去看看吧！
去助力PK好友IgNWdiLGaPaAvmHPDgH8vAJv1gVmRQDCnfIVBGR1YL3lZ0Mg7ZEiozjTjCdf89ov
挑战已结束，马上就要瓜分红包了|快去看看吧！
去助力PK好友IgNWdiLGaPbY7QnMDA2h6oo8Zl9cHaLDgH6QPmTn0q2RXfS87n0
挑战已结束，马上就要瓜分红包了|快去看看吧！
去助力PK好友IgNWdiLGaPavrFeXXQWp6ManqCzbdRZ7medtakVd_L0
挑战已结束，马上就要瓜分红包了|快去看看吧！
去助力PK好友IgNWdiLGaPaAvmHPXlT87UNYCPQXNpYWPdp-07g7zX8y2QkXwRtY2WnqEQ20Kpyh
挑战已结束，马上就要瓜分红包了|快去看看吧！
"Timeout awaiting 'request' for 10000ms"
京东炸年兽🧨 API请求失败，请检查网路重试
当前已开启的地图：新年烟火 
去做OLAY店铺任务
去做宝洁店铺任务
去做蒙牛店铺任务
去做欧莱雅店铺任务
"Timeout awaiting 'request' for 10000ms"
京东炸年兽🧨 API请求失败，请检查网路重试
去做伊利店铺任务
去做玩具乐器店铺任务
去做巴黎欧莱雅店铺任务

❗️京东炸年兽🧨, 错误!
TypeError: $.taskVos is not iterable
    at doTask (/home/xinchun/www/jd-new/jd/scripts/jd_nian.js:178:22)
    at jdNian (/home/xinchun/www/jd-new/jd/scripts/jd_nian.js:120:11)
    at async /home/xinchun/www/jd-new/jd/scripts/jd_nian.js:82:7

******开始【京东账号2】孤傲的小小瞒*********

开始
第2个京东账号将要助力的好友["cgxZWifbeu_a6gmFRGbg6Lh1SmQdF0DUmQ","cgxZdTXtIu6J7ljIXVGv6VoOs61gdyYXgT0ctAtCCykLsWw5accav11_0dI","cgxZ-fMU8RF0M5dV3r4QOsLKNQRnjyuoh9haQkLPPMH6fJjgVIkoZy5ww_K-I2JJ","cgxZ-OAB8S5NPaJF0LUYNl1oYE9tdRYPs2e2kWz3RrqEMgqutLWhZlw"]
开始
第2个京东账号将要助力的PK好友["IgNWdiLGaPaAvmHPXFatuVqLKY15hpHmyg4fhXsFsRff2aOCWUu0_7H0YKL4vTvw","IgNWdiLGaPYMeJgco6twdnEMl2rrhxlHqH_OGEhGAmaFSuLs3fmrFj0xyOcRB27Ueur0pQ","IgNWdiLGaPYNa40cnJJ-Q3yU2CnzdMURKoahzOZQqq0TG7hyAFOUIXwKLVE0fw","IgNWdiLGaPaAvmHOWlerveOAjRDDS82JlJNWJL9xrIGrdFL_OGjK2z6Io6AIAbXG","IgNWdiLGaPaAvmHPDAGr7dyADPlqIEeTrfW5IA1FeA8sbmZ48J_ipjzhagoDxvop","IgNWdiLGaPaAvmHMDASh59_hel_M5qSDfbknFBwDTlaynaDxiGO6-aTtWJPQkFxA"]
当前爆竹435511🧨，下一关需要480000🧨
组队尚未开启，请先去开启组队或是加入队伍！
去助力PK好友IgNWdiLGaPaAvmHPXFatuVqLKY15hpHmyg4fhXsFsRff2aOCWUu0_7H0YKL4vTvw
挑战已结束，马上就要瓜分红包了|快去看看吧！
去助力PK好友IgNWdiLGaPYMeJgco6twdnEMl2rrhxlHqH_OGEhGAmaFSuLs3fmrFj0xyOcRB27Ueur0pQ
挑战已结束，马上就要瓜分红包了|快去看看吧！
去助力PK好友IgNWdiLGaPYNa40cnJJ-Q3yU2CnzdMURKoahzOZQqq0TG7hyAFOUIXwKLVE0fw
挑战已结束，马上就要瓜分红包了|快去看看吧！
去助力PK好友IgNWdiLGaPaAvmHOWlerveOAjRDDS82JlJNWJL9xrIGrdFL_OGjK2z6Io6AIAbXG
挑战已结束，马上就要瓜分红包了|快去看看吧！
去助力PK好友IgNWdiLGaPaAvmHPDAGr7dyADPlqIEeTrfW5IA1FeA8sbmZ48J_ipjzhagoDxvop
挑战已结束，马上就要瓜分红包了|快去看看吧！
去助力PK好友IgNWdiLGaPaAvmHMDASh59_hel_M5qSDfbknFBwDTlaynaDxiGO6-aTtWJPQkFxA
挑战已结束，马上就要瓜分红包了|快去看看吧！
"read ECONNRESET"
京东炸年兽🧨 API请求失败，请检查网路重试
去领取植选高蛋白原味植物奶优惠券
活动太火爆了
去领取立丰广式腊肠1斤装优惠券
活动太火爆了
去领取OLAY淡斑小白瓶40ml优惠券
活动太火爆了
当前已开启的地图：新年烟火 
去做OLAY店铺任务
去做每日签到任务
"Timeout awaiting 'request' for 10000ms"
京东炸年兽🧨 API请求失败，请检查网路重试
活动太火爆了
准备做此任务：去逛OLAY自营旗舰店
活动太火爆了
准备做此任务：去逛OLAY狂欢礼遇会场
活动太火爆了
准备做此任务：浏览OLAY年货节会场
活动太火爆了
准备做此任务：逛OLAY直播抢正装
活动太火爆了
去做宝洁店铺任务
去做每日签到任务
活动太火爆了
准备做此任务：去逛宝洁旗舰店
活动太火爆了
准备做此任务：浏览宝洁会员福利会场
活动太火爆了
准备做此任务：浏览宝洁洗护会场
活动太火爆了
准备做此任务：浏览宝洁低价尝鲜会场
活动太火爆了
去做蒙牛店铺任务
去做每日签到任务
活动太火爆了
准备做此任务：去逛蒙牛自营店铺
活动太火爆了
准备做此任务：浏览蒙牛会员福利页
活动太火爆了
准备做此任务：浏览特仑苏会场
活动太火爆了
准备做此任务：浏览蒙牛新品会场
活动太火爆了
去做欧莱雅店铺任务
去做每日签到任务
活动太火爆了
准备做此任务：去逛巴黎欧莱雅京东自营旗舰店
活动太火爆了
准备做此任务：浏览欧莱雅会员福利会场
活动太火爆了
准备做此任务：浏览巴黎欧莱雅女士护肤会场
活动太火爆了
准备做此任务：加入欧莱雅粉丝福利群
活动太火爆了
去做伊利店铺任务
去做每日签到任务
活动太火爆了
准备做此任务：去逛伊利牛奶京东自营旗舰店
活动太火爆了
准备做此任务：浏览伊利会员福利会场
活动太火爆了
准备做此任务：浏览伊利牛奶会场
活动太火爆了
准备做此任务：加入伊利牛奶粉丝福利群
活动太火爆了
去做玩具乐器店铺任务
去做每日签到任务
活动太火爆了
准备做此任务：去逛乐高店铺
活动太火爆了
准备做此任务：浏览乐高®会员页
活动太火爆了
准备做此任务：浏览乐高®玩具会场
活动太火爆了
准备做此任务：浏览乐高®新品
活动太火爆了
去做巴黎欧莱雅店铺任务
去做每日签到任务
活动太火爆了
准备做此任务：去逛巴黎欧莱雅京东自营旗舰店
活动太火爆了
准备做此任务：浏览欧莱雅会员福利会场
活动太火爆了
准备做此任务：浏览巴黎欧莱雅女士护肤会场
活动太火爆了
准备做此任务：加入欧莱雅粉丝福利群
活动太火爆了

❗️京东炸年兽🧨, 错误!
TypeError: $.taskVos is not iterable
    at doTask (/home/xinchun/www/jd-new/jd/scripts/jd_nian.js:178:22)
    at jdNian (/home/xinchun/www/jd-new/jd/scripts/jd_nian.js:120:11)
    at async /home/xinchun/www/jd-new/jd/scripts/jd_nian.js:82:7

🔔京东炸年兽🧨, 结束! 🕛 186.459 秒

