
🔔京东炸年兽🧨, 开始!
您的cookie选择的是用&隔开


====================共有2个京东账号Cookie=========

==================脚本执行- 北京时间(UTC+8)：2/5/2021, 6:00:02 AM=====================

开始获取京东炸年兽🧨配置文件

共2个京东账号

共2个京东账号

您提供了0个账号的京东炸年兽🧨PK助力码


******开始【京东账号1】迷糊虫啊*********

开始
第1个京东账号将要助力的好友["cgxZWifbeu-Wpm2AD0bol5Cu","cgxZ-tAo8DJqM5xu3ogeOY7OXkOQ2Lw_ympGPITqNcceAad8Y1ph2UOXS-LOq3PUCqmgYjpt-td3CYw18qw","cgxZdTXtIrzev12aC1eu5yr9cCz6N7HkgPrFkYPPzBDaaWjtjA3fokuFPMA","cgxZLWaFIb7S4gvPZ1jlo3Ru3_zhiy3nnTsS4mQaaZc"]
由于您第1个京东账号未提供shareCode,将采纳本脚本自带的助力码

开始
第1个京东账号将要助力的PK好友["IgNWdiLGaPadvlqJQnnKp27-YpAvKvSYNTSkTGvZylf_0wcvqD9EMkohEd0","IgNWdiLGaPaZskfACQyhgLSpZWps-WtQEW3McifX","IgNWdiLGaPaAvmHPAQf769XqjJjMyRirPzN9-AS-WHY9Y_G7t9Cwe5gdiI2qEvHb","IgNWdiLGaPYCeJUfsq18UNi5ln9xEZSPRdOue8Wl3hJTS2SQzU0vulL0fHeULJaIfgqHFd7f_Kk","IgNWdiLGaPYCeJUfsq18UNi5ln9xEZSPRdOue8Wl3hLRjZBAJLHzBpcl18AeskNYctp-8A"]
当前爆竹350258🧨，下一关需要520000🧨
当前已开启的地图：新年烟火 
去做OLAY店铺任务
去做宝洁店铺任务
去做蒙牛店铺任务
"Timeout awaiting 'request' for 10000ms"
京东炸年兽🧨 API请求失败，请检查网路重试
去做欧莱雅店铺任务
去做伊利店铺任务
去做玩具乐器店铺任务
去做巴黎欧莱雅店铺任务
"Timeout awaiting 'request' for 10000ms"
京东炸年兽🧨 API请求失败，请检查网路重试

❗️京东炸年兽🧨, 错误!
TypeError: $.taskVos is not iterable
    at doTask (/home/xinchun/www/jd-new/jd/scripts/jd_nian.js:178:22)
    at jdNian (/home/xinchun/www/jd-new/jd/scripts/jd_nian.js:120:11)
    at async /home/xinchun/www/jd-new/jd/scripts/jd_nian.js:82:7

******开始【京东账号2】孤傲的小小瞒*********

开始
随机取20个码放到您固定的互助码后面(不影响已有固定互助)
第2个京东账号将要助力的好友["cgxZWifbeu_a6gmFRGbg6Lh1SmQdF0DUmQ","cgxZdTXtIu6J7ljIXVGv6VoOs61gdyYXgT0ctAtCCykLsWw5accav11_0dI","cgxZ-fMU8RF0M5dV3r4QOsLKNQRnjyuoh9haQkLPPMH6fJjgVIkoZy5ww_K-I2JJ","cgxZ-OAB8S5NPaJF0LUYNl1oYE9tdRYPs2e2kWz3RrqEMgqutLWhZlw","cgxZdTXtV8iFnWSOXEXbsMs\nlMicp_bQAKxhWvTsajXIeLRM5Tf7ah4c","cgxZLmSAJrva4gvOCA3Gr0HhJqCzjEEAP6DlQQN0XkYj6cxeig","cgxZdTXtX8iGtky8SHDpm2gaGy7OXzVTI1CCNeUtXCdHT5oFeCFnkNY","cgxZdTndeuaDrFuFRGaslKfVofEDXdVBmQ","cgxZWzDQdeW1qVCWT0nljLXx3BVOOdz-y-70-Usm","cgxZaDX8V8msgFqXVX7QkETDjyvmRgoQ_vHRIkAUFYsKAaJyVcnh-24","cgxZdTXtIbrY7AiYDAapupKfSTmDDSh9xEbsiuv3negrUYZi9RKfEZv5Yo4","cgxZdTXtV9mnn3GYd3HzhWAQgH1sp2-djBeZlhwQ96AsCP1JnSgcyI8","cgxZLmaFJbjS4w_JCgHGrw27yTyQphedSQn9xp-bRI-20BI8tA","cgxZdTXtXv2LiliOaEbMnqHqcoAY3mAImoGB4nJTGi4BXl7w2CD3Eao","cgxZLmSHI7Pe7QnJCgDGr_6-MWPA1Jb854XqUD5d5fb0riKJGQ","cgxZLmKGJ7rZ6w_KDAfGrxBiixxxnGew-2FL20dTOKTTEgGLzQ\ncgxZdTXtIb3YvwbJCgf9uXUTLnCewrHwhXakZo26WE_kWhcZrjtv1p0YtEk\ncgxZbGCHIr3a6wvMAACh6GxACfioV7XTChCgxw_0ssZst_AW7-5mh360nxL_Ww\ncgxZdTXtI-jduAabXQOg7qgNZFgg5GOEDSacoYGJSYzCxf_WNwdCIKOiuQM\ncgxZLGCHIL3a6Q_IZ1jlo3uK9VuTAqIjfmSNUudRAj4","IgNWdiLGaPaniNhKmtA4QdEbMNvGXpkc9aovbZdJ9zAEF-rsFh4fCubLzbI","cgxZcyfLe-SNo1fPCALlo3g0Dg4K3rkJ0VSLu9pyAOk","cgxZbzDdZOuF6QjJSUD4scI2KkBRkn9IgXugyhC-2evJjcefbw","cgxZdTXtZPiEkny3SkfMu_WjOA26GltNbPnERsj2QbRZBhUaI9am5L4","cgxZbz7Ce_2PtArJDUnljEZHiW3fLiWfvMV-o1fk","cgxZLmSDLb_T6gvJCwPGrx2r2BPXfrrlvKo8-_tg_HNb1Uhg3Q","cgxZdTXtI77T6QmbDVCr6x-dpzPJDo5bXNHAkKG-Bs5hRWfiN0hawD4si0w&cgxZdTXtI77YuQnKAQb9vYxg6fSqutwJll1i9w9xvAASxDAsJVDWjyenqFY&cgxZLWOELb7d4gbJCWr0o7wsR9P9UKpxcsraao-ztSYAoA&cgxZLmiAIbnc7wzMZ1jlo40ee4HzzPF_C05DvtUw3tE&cgxZLmaGJL3d4wrUCQap7sRVeMDgdQWCQazkPhHwzp_SmQlcHepJp3Y","IgNWdiLGaPaAvmHMWgWs6YFKmGdzSd1OxXD4nyxkd-1T8dLkP6WZhkK5iw"]
由于您第2个京东账号未提供shareCode,将采纳本脚本自带的助力码

开始
第2个京东账号将要助力的PK好友["IgNWdiLGaPadvlqJQnnKp27-YpAvKvSYNTSkTGvZylf_0wcvqD9EMkohEd0","IgNWdiLGaPaZskfACQyhgLSpZWps-WtQEW3McifX","IgNWdiLGaPaAvmHPAQf769XqjJjMyRirPzN9-AS-WHY9Y_G7t9Cwe5gdiI2qEvHb","IgNWdiLGaPYCeJUfsq18UNi5ln9xEZSPRdOue8Wl3hJTS2SQzU0vulL0fHeULJaIfgqHFd7f_Kk","IgNWdiLGaPYCeJUfsq18UNi5ln9xEZSPRdOue8Wl3hLRjZBAJLHzBpcl18AeskNYctp-8A","IgNWdiLGaPYCeJUfsq18UNi5ln9xEZSPRdOue8Wl3hLRjZBCduDyApZxg5BPuhRfnJvQvA"]
当前爆竹441907🧨，下一关需要480000🧨
去领取袋鼠医生医用外科口罩一盒优惠券
活动太火爆了
去领取东海带鱼礼盒6斤/13-16整条优惠券
活动太火爆了
去领取蒙牛乳酸菌气泡水原味15瓶优惠券
活动太火爆了
当前已开启的地图：新年烟火 
去做OLAY店铺任务
去做每日签到任务
活动太火爆了
准备做此任务：去逛OLAY自营旗舰店
活动太火爆了
准备做此任务：去逛OLAY狂欢礼遇会场
活动太火爆了
准备做此任务：浏览OLAY年货节会场
"Timeout awaiting 'request' for 10000ms"
京东炸年兽🧨 API请求失败，请检查网路重试
活动太火爆了
准备做此任务：逛OLAY直播抢正装
活动太火爆了
去做宝洁店铺任务
去做每日签到任务
活动太火爆了
准备做此任务：去逛宝洁旗舰店
活动太火爆了
准备做此任务：浏览宝洁会员福利会场
活动太火爆了
准备做此任务：浏览宝洁洗护会场
活动太火爆了
准备做此任务：浏览宝洁低价尝鲜会场
活动太火爆了
去做蒙牛店铺任务
去做每日签到任务
活动太火爆了
准备做此任务：去逛蒙牛自营店铺
活动太火爆了
准备做此任务：浏览蒙牛会员福利页
活动太火爆了
准备做此任务：浏览特仑苏会场
活动太火爆了
准备做此任务：浏览蒙牛新品会场
活动太火爆了
去做欧莱雅店铺任务
去做每日签到任务
活动太火爆了
准备做此任务：去逛巴黎欧莱雅京东自营旗舰店
活动太火爆了
准备做此任务：浏览欧莱雅会员福利会场
活动太火爆了
准备做此任务：浏览巴黎欧莱雅女士护肤会场
活动太火爆了
准备做此任务：加入欧莱雅粉丝福利群
活动太火爆了
去做伊利店铺任务
去做每日签到任务
活动太火爆了
准备做此任务：去逛伊利牛奶京东自营旗舰店
活动太火爆了
准备做此任务：浏览伊利会员福利会场
活动太火爆了
准备做此任务：浏览伊利牛奶会场
活动太火爆了
准备做此任务：加入伊利牛奶粉丝福利群
活动太火爆了
去做玩具乐器店铺任务
去做每日签到任务
活动太火爆了
准备做此任务：去逛乐高店铺
活动太火爆了
准备做此任务：浏览乐高®会员页
活动太火爆了
准备做此任务：浏览乐高®玩具会场
活动太火爆了
准备做此任务：浏览乐高®新品
活动太火爆了
去做巴黎欧莱雅店铺任务
去做每日签到任务
活动太火爆了
准备做此任务：去逛巴黎欧莱雅京东自营旗舰店
活动太火爆了
准备做此任务：浏览欧莱雅会员福利会场
活动太火爆了
准备做此任务：浏览巴黎欧莱雅女士护肤会场
活动太火爆了
准备做此任务：加入欧莱雅粉丝福利群
活动太火爆了

❗️京东炸年兽🧨, 错误!
TypeError: $.taskVos is not iterable
    at doTask (/home/xinchun/www/jd-new/jd/scripts/jd_nian.js:178:22)
    at jdNian (/home/xinchun/www/jd-new/jd/scripts/jd_nian.js:120:11)
    at async /home/xinchun/www/jd-new/jd/scripts/jd_nian.js:82:7

🔔京东炸年兽🧨, 结束! 🕛 169.621 秒

