
🔔京东炸年兽🧨, 开始!
您的cookie选择的是用&隔开


====================共有2个京东账号Cookie=========

==================脚本执行- 北京时间(UTC+8)：2/3/2021, 9:00:03 PM=====================

开始获取京东炸年兽🧨配置文件

共2个京东账号

共2个京东账号

您提供了2个账号的京东炸年兽🧨PK助力码


******开始【京东账号1】迷糊虫啊*********

开始
第1个京东账号将要助力的好友["cgxZWifbeu-Wpm2AD0bol5Cu","cgxZ-tAo8DJqM5xu3ogeOY7OXkOQ2Lw_ympGPITqNcceAad8Y1ph2UOXS-LOq3PUCqmgYjpt-td3CYw18qw","cgxZdTXtIrzev12aC1eu5yr9cCz6N7HkgPrFkYPPzBDaaWjtjA3fokuFPMA","cgxZLWaFIb7S4gvPZ1jlo3Ru3_zhiy3nnTsS4mQaaZc"]
开始
第1个京东账号将要助力的PK好友["IgNWdiLGaPavrFeXXWqpo92CVx1rlFXa1hw","IgNWdiLGaPYPW6QdgLVwfWRfHi2sIXbO_6hkp5Nr2iQcqjh14hEp3rCPZEl-yN5DMhuIkmTMvwsMySwsQBXxWw","IgNWdiLGaPaAvmHPDgH8vAJv1gVmRQDCnfIVBGR1YL3lZ0Mg7ZEiozjTjCdf89ov","IgNWdiLGaPbY7QnMDA2h6oo8Zl9cHaLDgH6QPmTn0q2RXfS87n0","IgNWdiLGaPavrFeXXQWp6ManqCzbdRZ7medtakVd_L0","IgNWdiLGaPaAvmHPXlT87UNYCPQXNpYWPdp-07g7zX8y2QkXwRtY2WnqEQ20Kpyh"]
当前爆竹399992🧨，下一关需要480000🧨
可收取的爆竹大于0，去收取爆竹
收取成功，获得1822爆竹🧨
组队尚未开启，请先去开启组队或是加入队伍！
去助力PK好友IgNWdiLGaPavrFeXXWqpo92CVx1rlFXa1hw
挑战已结束，马上就要瓜分红包了|快去看看吧！
去助力PK好友IgNWdiLGaPYPW6QdgLVwfWRfHi2sIXbO_6hkp5Nr2iQcqjh14hEp3rCPZEl-yN5DMhuIkmTMvwsMySwsQBXxWw
挑战已结束，马上就要瓜分红包了|快去看看吧！
去助力PK好友IgNWdiLGaPaAvmHPDgH8vAJv1gVmRQDCnfIVBGR1YL3lZ0Mg7ZEiozjTjCdf89ov
挑战已结束，马上就要瓜分红包了|快去看看吧！
去助力PK好友IgNWdiLGaPbY7QnMDA2h6oo8Zl9cHaLDgH6QPmTn0q2RXfS87n0
挑战已结束，马上就要瓜分红包了|快去看看吧！
去助力PK好友IgNWdiLGaPavrFeXXQWp6ManqCzbdRZ7medtakVd_L0
挑战已结束，马上就要瓜分红包了|快去看看吧！
去助力PK好友IgNWdiLGaPaAvmHPXlT87UNYCPQXNpYWPdp-07g7zX8y2QkXwRtY2WnqEQ20Kpyh
挑战已结束，马上就要瓜分红包了|快去看看吧！
"Timeout awaiting 'request' for 10000ms"
京东炸年兽🧨 API请求失败，请检查网路重试
当前已开启的地图：新年烟火 
去做OLAY店铺任务
去做宝洁店铺任务
去做蒙牛店铺任务
去做欧莱雅店铺任务
"Timeout awaiting 'request' for 10000ms"
京东炸年兽🧨 API请求失败，请检查网路重试
去做伊利店铺任务
去做玩具乐器店铺任务
去做巴黎欧莱雅店铺任务
您的好友助力码为cgxZLmaBJ7vf6AnAREnKqewykQE31h--aQJY
连签得爆竹已做完
准备做此任务：去开通耐克自营会员
哎呀，加入品牌会员才能获得奖励哦
哎呀，加入品牌会员才能获得奖励哦
哎呀，加入品牌会员才能获得奖励哦
哎呀，加入品牌会员才能获得奖励哦
哎呀，加入品牌会员才能获得奖励哦
逛逛京东年货节主会场已做完
去玩趣味互动已做完
浏览精彩会场已做完
好友助力已经满啦！| 快去炸年兽分10亿红包吧~
好友已满级|不需要助力了哦
好友助力已经满啦！| 快去炸年兽分10亿红包吧~
好友助力已经满啦！| 快去炸年兽分10亿红包吧~
当前爆竹401814🧨，下一关需要480000🧨
任务已做完！
如有未完成的任务，请多执行几次。注：目前入会任务不会做
如出现taskVos错误的，请更新USER_AGENTS.js或使用自定义UA功能
京东账号1迷糊虫啊
当前爆竹401814🧨


******开始【京东账号2】孤傲的小小瞒*********

开始
随机取20个码放到您固定的互助码后面(不影响已有固定互助)
第2个京东账号将要助力的好友["cgxZWifbeu_a6gmFRGbg6Lh1SmQdF0DUmQ","cgxZdTXtIu6J7ljIXVGv6VoOs61gdyYXgT0ctAtCCykLsWw5accav11_0dI","cgxZ-fMU8RF0M5dV3r4QOsLKNQRnjyuoh9haQkLPPMH6fJjgVIkoZy5ww_K-I2JJ","cgxZ-OAB8S5NPaJF0LUYNl1oYE9tdRYPs2e2kWz3RrqEMgqutLWhZlw","IgNWdiLGaPaPu0uKU0zG73zLCMqmbqTTI4ZN2Q","cgxZLGaFJ7_b7AbAFQOu7g3ur2G0zK7PAtxOqkQkKQEbkkuknQbE9QFGxqq5n85w","cgxZdTXtIb7dvAzPCQSh7D_-i9rsNvqwD21_-5PxoVaFg9-dkL56YaWXxyY","cgxZdTXtIe7T6AifDg2v7i7xPLM7g2i3QUusmzPqPTVIr3vwlzBCyISjlG0","cgxZaz7fefO1slvIREnK8mstgeNX5mhjCHWe","cgxZ--wn8TJSPIhfREnKvuA-nVwsTwUQRg0B","IgNWdiLGaPYMRo8Qo7V8cdrG1lX_-y6zQuZE_O2Co_kKynGG0dae0gRhuzSzJvA","cgxZdTXtIbPc6wzPClSh5rpWA2cQmJ_HHBuEdtCrelnaAZ2fARZ7ddHH17M","cgxZdTXtIL6OvAvPC1P_7vvxoWfl4RIRzVIllkvJQZCkpbUVHtiNc1MlRMQ","cgxZdTXtIeuM4wrKXFGs7g-BCdPCZ9jiXFUAsm553J3TiR9TKF2s_Pifx2E","cgxZbD7cfemAr1uTTVDlo08fFVGxhVs-zamUsrFH0pQ\nnewidea2017","cgxZdTXtRuyyjVS1VFjuvdZBrG7W4SAlQCwgzva-jJzpbKT2zqa3D5I","cgxZKWOCJrPZ6QzMZw2o7viE2r-nQUvP5AhGunM338gJyp3XzeptACnCWp2z1S9mv0c1","cgxZ994u8DJcMrFlREnKhb907351Xb2MWOgS","cgxZVXzUdeSN6Q_OREnKpyYiAEzuU-NWxfz1","cgxZdTXtQsmcs2qSbl31hcD5sYU29pHpTwtq7lTdlp9xTo7o4iV5suM","cgxZdTXtILOPvl-cCgyv62mz3u2JaUlkLPPtLmbCHUP8WmGhYaaeaIyOigU","cgxZczjcfP-ZvkKFawHojtyHeyfkHmU","cgxZdTXtIe7Y6QnIWwGp6bYqi-cFy4LNFqqvDAn5fAH_gE2XqBY4QJunEBw","cgxZdTXtI-7e6lzPAVao74rA7MaUjJZ4EjqvLwwE6I55K-E1GQIZZEwF2hs"]
开始
第2个京东账号将要助力的PK好友["IgNWdiLGaPaAvmHPXFatuVqLKY15hpHmyg4fhXsFsRff2aOCWUu0_7H0YKL4vTvw","IgNWdiLGaPYMeJgco6twdnEMl2rrhxlHqH_OGEhGAmaFSuLs3fmrFj0xyOcRB27Ueur0pQ","IgNWdiLGaPYNa40cnJJ-Q3yU2CnzdMURKoahzOZQqq0TG7hyAFOUIXwKLVE0fw","IgNWdiLGaPaAvmHOWlerveOAjRDDS82JlJNWJL9xrIGrdFL_OGjK2z6Io6AIAbXG","IgNWdiLGaPaAvmHPDAGr7dyADPlqIEeTrfW5IA1FeA8sbmZ48J_ipjzhagoDxvop","IgNWdiLGaPaAvmHMDASh59_hel_M5qSDfbknFBwDTlaynaDxiGO6-aTtWJPQkFxA"]
当前爆竹429115🧨，下一关需要480000🧨
可收取的爆竹大于0，去收取爆竹
组队尚未开启，请先去开启组队或是加入队伍！
去助力PK好友IgNWdiLGaPaAvmHPXFatuVqLKY15hpHmyg4fhXsFsRff2aOCWUu0_7H0YKL4vTvw
挑战已结束，马上就要瓜分红包了|快去看看吧！
去助力PK好友IgNWdiLGaPYMeJgco6twdnEMl2rrhxlHqH_OGEhGAmaFSuLs3fmrFj0xyOcRB27Ueur0pQ
挑战已结束，马上就要瓜分红包了|快去看看吧！
去助力PK好友IgNWdiLGaPYNa40cnJJ-Q3yU2CnzdMURKoahzOZQqq0TG7hyAFOUIXwKLVE0fw
挑战已结束，马上就要瓜分红包了|快去看看吧！
去助力PK好友IgNWdiLGaPaAvmHOWlerveOAjRDDS82JlJNWJL9xrIGrdFL_OGjK2z6Io6AIAbXG
挑战已结束，马上就要瓜分红包了|快去看看吧！
去助力PK好友IgNWdiLGaPaAvmHPDAGr7dyADPlqIEeTrfW5IA1FeA8sbmZ48J_ipjzhagoDxvop
挑战已结束，马上就要瓜分红包了|快去看看吧！
去助力PK好友IgNWdiLGaPaAvmHMDASh59_hel_M5qSDfbknFBwDTlaynaDxiGO6-aTtWJPQkFxA
挑战已结束，马上就要瓜分红包了|快去看看吧！
当前已开启的地图：新年烟火 
去做OLAY店铺任务
去做宝洁店铺任务
去做蒙牛店铺任务
去做欧莱雅店铺任务
"Timeout awaiting 'request' for 10000ms"
京东炸年兽🧨 API请求失败，请检查网路重试
去做伊利店铺任务
去做玩具乐器店铺任务
去做巴黎欧莱雅店铺任务
您的好友助力码为cgxZ-eQ3_AdjP4dC0a4zo6HWuopb8wXr-QP5slfTmXDdcA
连签得爆竹已做完
准备做此任务：开通英特尔品牌VIP会员
活动太火爆了
活动太火爆了
活动太火爆了
活动太火爆了
逛逛京东年货节主会场已做完
去玩趣味互动已做完
浏览精彩会场已做完
活动太火爆了
活动太火爆了
活动太火爆了
活动太火爆了

❗️京东炸年兽🧨, 错误!
TypeError: Cannot read property 'itemId' of undefined
    at /home/xinchun/www/jd-new/jd/scripts/jd_nian.js:614:64
    at got.post.then.message (/home/xinchun/www/jd-new/jd/scripts/jd_nian.js:1276:5772)
    at processTicksAndRejections (internal/process/task_queues.js:93:5)
活动太火爆了
活动太火爆了
活动太火爆了
活动太火爆了
活动太火爆了

❗️京东炸年兽🧨, 错误!
TypeError: Cannot read property 'itemId' of undefined
    at /home/xinchun/www/jd-new/jd/scripts/jd_nian.js:614:64
    at got.post.then.message (/home/xinchun/www/jd-new/jd/scripts/jd_nian.js:1276:5772)
    at processTicksAndRejections (internal/process/task_queues.js:93:5)
活动太火爆了
活动太火爆了
活动太火爆了
活动太火爆了
活动太火爆了
活动太火爆了
活动太火爆了
活动太火爆了
活动太火爆了
活动太火爆了
活动太火爆了
活动太火爆了
当前爆竹429115🧨，下一关需要480000🧨
任务已做完！
如有未完成的任务，请多执行几次。注：目前入会任务不会做
如出现taskVos错误的，请更新USER_AGENTS.js或使用自定义UA功能
京东账号2孤傲的小小瞒
当前爆竹429115🧨


🔔京东炸年兽🧨, 结束! 🕛 200.866 秒

