
🔔京东炸年兽🧨, 开始!
您的cookie选择的是用&隔开


====================共有2个京东账号Cookie=========

==================脚本执行- 北京时间(UTC+8)：2/3/2021, 4:00:02 AM=====================

开始获取京东炸年兽🧨配置文件

共2个京东账号

共2个京东账号

您提供了0个账号的京东炸年兽🧨PK助力码


******开始【京东账号1】迷糊虫啊*********

开始
第1个京东账号将要助力的好友["cgxZWifbeu-Wpm2AD0bol5Cu","cgxZ-tAo8DJqM5xu3ogeOY7OXkOQ2Lw_ympGPITqNcceAad8Y1ph2UOXS-LOq3PUCqmgYjpt-td3CYw18qw","cgxZdTXtIrzev12aC1eu5yr9cCz6N7HkgPrFkYPPzBDaaWjtjA3fokuFPMA","cgxZLWaFIb7S4gvPZ1jlo3Ru3_zhiy3nnTsS4mQaaZc"]
由于您第1个京东账号未提供shareCode,将采纳本脚本自带的助力码

开始
第1个京东账号将要助力的PK好友["IgNWdiLGaPadvlqJQnnKp27-YpAvKvSYNTSkTGvZylf_0wcvqD9EMkohEd0","IgNWdiLGaPaZskfACQyhgLSpZWps-WtQEW3McifX","IgNWdiLGaPaAvmHPAQf769XqjJjMyRirPzN9-AS-WHY9Y_G7t9Cwe5gdiI2qEvHb","IgNWdiLGaPYCeJUfsq18UNi5ln9xEZSPRdOue8Wl3hJTS2SQzU0vulL0fHeULJaIfgqHFd7f_Kk","IgNWdiLGaPYCeJUfsq18UNi5ln9xEZSPRdOue8Wl3hLRjZBAJLHzBpcl18AeskNYctp-8A"]
当前爆竹324806🧨，下一关需要480000🧨
可收取的爆竹大于0，去收取爆竹
收取成功，获得1820爆竹🧨
当前已开启的地图：新年烟火 
去做OLAY店铺任务
去做宝洁店铺任务
去做蒙牛店铺任务
"Timeout awaiting 'request' for 10000ms"
京东炸年兽🧨 API请求失败，请检查网路重试
"Timeout awaiting 'request' for 10000ms"
京东炸年兽🧨 API请求失败，请检查网路重试
去做欧莱雅店铺任务
去做伊利店铺任务
去做玩具乐器店铺任务
去做巴黎欧莱雅店铺任务
您的好友助力码为cgxZLmaBJ7vf6AnAREnKqewykQE31h--aQJY
连签得爆竹已做完
准备做此任务：去开通耐克自营会员
哎呀，加入品牌会员才能获得奖励哦
哎呀，加入品牌会员才能获得奖励哦
哎呀，加入品牌会员才能获得奖励哦
哎呀，加入品牌会员才能获得奖励哦
哎呀，加入品牌会员才能获得奖励哦
逛逛京东年货节主会场已做完
去玩趣味互动已做完
准备做此任务：去抢运动潮流尖货
任务完成，获得3000爆竹🧨
任务完成，获得3000爆竹🧨
好友助力已经满啦！| 快去炸年兽分10亿红包吧~
好友助力已经满啦！| 快去炸年兽分10亿红包吧~
好友助力已经满啦！| 快去炸年兽分10亿红包吧~
好友助力已经满啦！| 快去炸年兽分10亿红包吧~
当前爆竹332626🧨，下一关需要480000🧨
任务已做完！
如有未完成的任务，请多执行几次。注：目前入会任务不会做
如出现taskVos错误的，请更新USER_AGENTS.js或使用自定义UA功能
京东账号1迷糊虫啊
当前爆竹332626🧨


******开始【京东账号2】孤傲的小小瞒*********

开始
随机取20个码放到您固定的互助码后面(不影响已有固定互助)
第2个京东账号将要助力的好友["cgxZWifbeu_a6gmFRGbg6Lh1SmQdF0DUmQ","cgxZdTXtIu6J7ljIXVGv6VoOs61gdyYXgT0ctAtCCykLsWw5accav11_0dI","cgxZ-fMU8RF0M5dV3r4QOsLKNQRnjyuoh9haQkLPPMH6fJjgVIkoZy5ww_K-I2JJ","cgxZ-OAB8S5NPaJF0LUYNl1oYE9tdRYPs2e2kWz3RrqEMgqutLWhZlw","cgxZLGWGILzH6wrIDAGh6bHhX4pL1UPjsY4ihs_OQR-ANpumxqye","cgxZdTXtI-uL6ArOWlehu1YCqlbJZJji87-Lz1PgbKx0wOz4lQ4d-m4yviA","cgxZdTXtRsC_gHaIS1rVsyowysY6DFpM581QgEE3ksps-KbERhV7FrU","cgxZbDnTeu2Yv1CBUUnljBJK-TsnnNGmEC7wnd7U","cgxZdTXtIrnSuQ_LClP46SvOz-q2BwRBG4E6y1hKcNILidaFgg7cNIAVcKg","cgxZLmSKILLT7gvNChit7dT2fuWTEOxFQDkwAOz_c3qChNmYDP7Ef64cX6__Fg","cgxZdTXtIuyPuQbJCwWt6tdx5oxBA_HxU1HG4QYC9T5wPr7u_5d_E-2blSc&","cgxZLmKEJrPS6AfUDASg5z4Vms5GsyFVApAJPXVqJxxa-qsD19BYXtg","cgxZVzjRd_-a4w6FRGbhrkgKevhcgJXJRQ","cgxZLWmDJ7rc7ArOFQGu5rs-OR4RdTsp8riBAWPre0bKAbpgPynKG9qB3Zw","cgxZaDXiYfOju1Ohanz7tAw6jE7u5_KKlXVMdGF-L3_wGTFZrlh2","cgxZfj3eceSbqw_LCAzloy1WwJ8aubMoDCw1Xl0_gkM","cgxZJmWBIrPd7AvKZ1jlo-UKj0Fg4DjrrpbakPSKGN4","cgxZdTXtIbvb6ViYDw386AgibUuH_2cSx26z53jrUJNANhkQro1u4CpWYp4","cgxZdTXtRc-gnE-OYGHwpvFXPDKe2pflfQdfIfM6ywMVD96BABc6cNg","cgxZ-dUt8gtDPaR93Yoa6lplZU9idBkYNxX5-B6a5hnn7pYLS3D34KQdORM","cgxZdTXtXPCctWmbV37cpu6QVDFCmMqERP667FeSjwFJMaQIEDsDoaM","cgxZdTXtQN-Oj3eOf1ncnJqF0QPMNGG2haJTs0Hk2Ihw-","MzMssJgu95e5ZJU9835fx6t9zd5YaBeE8ZV3KFuA4nsNvoYQ0_XLcQ==","cgxZdTXtIOvdvguYAAahuxBsvTu4GZPHBI1b0vj9iwd27cqcElMc3FSJfm0"]
由于您第2个京东账号未提供shareCode,将采纳本脚本自带的助力码

开始
随机取20个PK助力码放到您固定的互助码后面(不影响已有固定互助)
第2个京东账号将要助力的PK好友["IgNWdiLGaPadvlqJQnnKp27-YpAvKvSYNTSkTGvZylf_0wcvqD9EMkohEd0","IgNWdiLGaPaZskfACQyhgLSpZWps-WtQEW3McifX","IgNWdiLGaPaAvmHPAQf769XqjJjMyRirPzN9-AS-WHY9Y_G7t9Cwe5gdiI2qEvHb","IgNWdiLGaPYCeJUfsq18UNi5ln9xEZSPRdOue8Wl3hJTS2SQzU0vulL0fHeULJaIfgqHFd7f_Kk","IgNWdiLGaPYCeJUfsq18UNi5ln9xEZSPRdOue8Wl3hLRjZBAJLHzBpcl18AeskNYctp-8A","IgNWdiLGaPYCeJUfsq18UNi5ln9xEZSPRdOue8Wl3hLRjZBCduDyApZxg5BPuhRfnJvQvA","IgNWdiLGaPaAvmHMXFGpvvUT1azL9-ddtozVVZCb4dJZUJ3x2j2XqRwZSMx2AdXl","IgNWdiLGaPaAvmHMDQWr6W_910SQjrt6fFYrh7w1B2Q8HYwDnJN7RYo7YHEriQsS","IgNWdiLGaPbb6QfJCQCq6VjOA-kGMmGgoA63IteZRUCwmePLj1a6v50d","IgNWdiLGaPaAvmHNXFb76nNoslinyMawhkCQbP-Xmrz6f1zPFrG4Ka73elduYYex","IgNWdiLGaPbT6ArPDgCv7RKIpQvrBUVh6UpSYxnvU9lQeYpOML8","IgNWdiLGaPaAvmHODQX96VWlRvRr6d3fijkKCqB1JMrI4BbNOmNeQdeEt3eR_S1a","IgNWdiLGaPaom2y-eXzX56eEnkTIztde9xp6k-PRlnSe3sll6RY5zw","IgNWdiLGaPaAvmHMXAf951ber76kp_RhlORBe927pmVVMTQ06BS2FEUf7P2YhW-n","IgNWdiLGaPaIu1CdUUH1thOFd7hqMxSNXg5L4Scjs64T5eVCe-o","IgNWdiLGaPYPSpIepbVwQMX1-EtA1hXOLrjcLzd2pvaH0KYi8UqGTH53uSzQ17xlpKvmWsNIed4DPA","IgNWdiLGaPbZ7A7ACQaq62Vxm0jYBlnbuVbPaPXvqh89ZLPpcZXKztIwVxVtSN2K","IgNWdiLGaPaAvmG-U0_hs1--kI99swExWBQ3KETIzROju6ECYdK1buCpT24","IgNWdiLGaPaAvmHNClCr7wD1WUlvXUWRvGSv4CX-5BenIOnThx9cZsniLX8xDdvA","IgNWdiLGaPbb6QjNCgeg7fk3Bz2jX2qSN7qf4N2IZuJH2yTpzZkM3XMg","IgNWdiLGaPaL6g7IAAeqgMbnrx8X5-hLUJDIgeYa","IgNWdiLGaPbe4wzPCAKu6UGmp1PhjjDOjtec7UBVLlv5Rr9HNa4","IgNWdiLGaPYPSJcfrqyo7IeKWBRvPUpxjU-zrkMsD54","IgNWdiLGaPaAvmGwV0HtvSPJjJyzKqW46nZaIZCB4Rx8_uitEgHh4M_e-G_tIQ","IgNWdiLGaPaAvmHOWlerveOAjRDDS82JlJNWJL9xrIGrdFL_OGjK2z6Io6AIAbTF","IgNWdiLGaPbT6ArPDgCv7RKIpQvrBUUyvyFSMB_pV4To4kOhmFYCsyqtzQ"]
当前爆竹370639🧨，下一关需要480000🧨
可收取的爆竹大于0，去收取爆竹
收取成功，获得1892爆竹🧨
当前已开启的地图：新年烟火 
去做OLAY店铺任务
去做宝洁店铺任务
去做蒙牛店铺任务
去做欧莱雅店铺任务
去做伊利店铺任务
去做玩具乐器店铺任务
去做巴黎欧莱雅店铺任务
您的好友助力码为cgxZ-eQ3_AdjP4dC0a4zo6HWuopb8wXr-QP5slfTmXDdcA
连签得爆竹已做完
准备做此任务：开通英特尔品牌VIP会员
哎呀，加入品牌会员才能获得奖励哦
哎呀，加入品牌会员才能获得奖励哦
哎呀，加入品牌会员才能获得奖励哦
哎呀，加入品牌会员才能获得奖励哦
逛逛京东年货节主会场已做完
去玩趣味互动已做完
准备做此任务：去逛金融年货节主会场
任务完成，获得3000爆竹🧨
任务完成，获得3000爆竹🧨
任务完成，获得3000爆竹🧨
好友助力已经满啦！| 快去炸年兽分10亿红包吧~
好友助力已经满啦！| 快去炸年兽分10亿红包吧~
好友助力已经满啦！| 快去炸年兽分10亿红包吧~
好友助力已经满啦！| 快去炸年兽分10亿红包吧~
好友已满级|不需要助力了哦
好友助力已经满啦！| 快去炸年兽分10亿红包吧~
好友助力已经满啦！| 快去炸年兽分10亿红包吧~
好友助力已经满啦！| 快去炸年兽分10亿红包吧~
好友助力已经满啦！| 快去炸年兽分10亿红包吧~
好友已满级|不需要助力了哦
好友助力已经满啦！| 快去炸年兽分10亿红包吧~
好友助力已经满啦！| 快去炸年兽分10亿红包吧~
今日助力次数已用完 | 快去炸年兽分10亿红包吧~
今日助力次数已用完 | 快去炸年兽分10亿红包吧~
今日助力次数已用完 | 快去炸年兽分10亿红包吧~
好友助力已经满啦！| 快去炸年兽分10亿红包吧~
今日助力次数已用完 | 快去炸年兽分10亿红包吧~
好友已满级|不需要助力了哦
今日助力次数已用完 | 快去炸年兽分10亿红包吧~
今日助力次数已用完 | 快去炸年兽分10亿红包吧~
今日助力次数已用完 | 快去炸年兽分10亿红包吧~
今日助力次数已用完 | 快去炸年兽分10亿红包吧~
好友已满级|不需要助力了哦
当前爆竹381531🧨，下一关需要480000🧨
任务已做完！
如有未完成的任务，请多执行几次。注：目前入会任务不会做
如出现taskVos错误的，请更新USER_AGENTS.js或使用自定义UA功能
京东账号2孤傲的小小瞒
当前爆竹381531🧨


🔔京东炸年兽🧨, 结束! 🕛 193.366 秒

