
🔔京东炸年兽🧨, 开始!
您的cookie选择的是用&隔开


====================共有2个京东账号Cookie=========

==================脚本执行- 北京时间(UTC+8)：2/3/2021, 5:00:01 AM=====================

开始获取京东炸年兽🧨配置文件

共2个京东账号

共2个京东账号

您提供了0个账号的京东炸年兽🧨PK助力码


******开始【京东账号1】迷糊虫啊*********

开始
第1个京东账号将要助力的好友["cgxZWifbeu-Wpm2AD0bol5Cu","cgxZ-tAo8DJqM5xu3ogeOY7OXkOQ2Lw_ympGPITqNcceAad8Y1ph2UOXS-LOq3PUCqmgYjpt-td3CYw18qw","cgxZdTXtIrzev12aC1eu5yr9cCz6N7HkgPrFkYPPzBDaaWjtjA3fokuFPMA","cgxZLWaFIb7S4gvPZ1jlo3Ru3_zhiy3nnTsS4mQaaZc"]
由于您第1个京东账号未提供shareCode,将采纳本脚本自带的助力码

开始
第1个京东账号将要助力的PK好友["IgNWdiLGaPadvlqJQnnKp27-YpAvKvSYNTSkTGvZylf_0wcvqD9EMkohEd0","IgNWdiLGaPaZskfACQyhgLSpZWps-WtQEW3McifX","IgNWdiLGaPaAvmHPAQf769XqjJjMyRirPzN9-AS-WHY9Y_G7t9Cwe5gdiI2qEvHb","IgNWdiLGaPYCeJUfsq18UNi5ln9xEZSPRdOue8Wl3hJTS2SQzU0vulL0fHeULJaIfgqHFd7f_Kk","IgNWdiLGaPYCeJUfsq18UNi5ln9xEZSPRdOue8Wl3hLRjZBAJLHzBpcl18AeskNYctp-8A"]
当前爆竹334404🧨，下一关需要480000🧨
可收取的爆竹大于0，去收取爆竹
收取成功，获得1820爆竹🧨
当前已开启的地图：新年烟火 
去做OLAY店铺任务
去做宝洁店铺任务
去做蒙牛店铺任务
"Timeout awaiting 'request' for 10000ms"
京东炸年兽🧨 API请求失败，请检查网路重试
去做欧莱雅店铺任务
去做伊利店铺任务
去做玩具乐器店铺任务
去做巴黎欧莱雅店铺任务
"Timeout awaiting 'request' for 10000ms"
京东炸年兽🧨 API请求失败，请检查网路重试
您的好友助力码为cgxZLmaBJ7vf6AnAREnKqewykQE31h--aQJY
连签得爆竹已做完
准备做此任务：去开通耐克自营会员
哎呀，加入品牌会员才能获得奖励哦
哎呀，加入品牌会员才能获得奖励哦
哎呀，加入品牌会员才能获得奖励哦
哎呀，加入品牌会员才能获得奖励哦
哎呀，加入品牌会员才能获得奖励哦
逛逛京东年货节主会场已做完
去玩趣味互动已做完
浏览精彩会场已做完
好友助力已经满啦！| 快去炸年兽分10亿红包吧~
好友助力已经满啦！| 快去炸年兽分10亿红包吧~
好友助力已经满啦！| 快去炸年兽分10亿红包吧~
好友助力已经满啦！| 快去炸年兽分10亿红包吧~
当前爆竹336224🧨，下一关需要480000🧨
任务已做完！
如有未完成的任务，请多执行几次。注：目前入会任务不会做
如出现taskVos错误的，请更新USER_AGENTS.js或使用自定义UA功能
京东账号1迷糊虫啊
当前爆竹336224🧨


******开始【京东账号2】孤傲的小小瞒*********

开始
随机取20个码放到您固定的互助码后面(不影响已有固定互助)
第2个京东账号将要助力的好友["cgxZWifbeu_a6gmFRGbg6Lh1SmQdF0DUmQ","cgxZdTXtIu6J7ljIXVGv6VoOs61gdyYXgT0ctAtCCykLsWw5accav11_0dI","cgxZ-fMU8RF0M5dV3r4QOsLKNQRnjyuoh9haQkLPPMH6fJjgVIkoZy5ww_K-I2JJ","cgxZ-OAB8S5NPaJF0LUYNl1oYE9tdRYPs2e2kWz3RrqEMgqutLWhZlw","cgxZfj3bd--Ms0icREnK6K_ABr-BvBivS6Ko","cgxZdTXtIuvZ7AedDFOo6nqU-4u-GLY-rwZf_DO836-r0r_ja1msf9hMBJM","cgxZdTXtI7yO7A_IWlSgvpxDl12DwzgSGHzoZ728_xnY45FJvwAuazcB3KU","cgxZdTXtIrmI7w7LCwyou5kNd4D6_i_FrTpG3aya98CSCiX0lf7XFi98jBA","cgxZLmKDJLjS6QbPFQCt6dbFsnoPoXPBEOEt6hYW-BKg-y76ssKc4KMsz4Q","cgxZLmCFJ7jS6wvBZ1jlo4ui0j66f-GvFo3hX9tJPqU","cgxZdTXtIbiO7g6fDVStvF5EqyaVm40Z3zBwlKgyE6XFNQY-X6hbrEvx6zU","cgxZeiPedeTa7AzBREnK6S22nF3H8qJpJ-i0","cgxZdTXtILuLuAecAFT9vRPUP-e2w3UZa8oyxGy4IfJZkRhzIPIbDzaHtlo","cgxZdTXtILmLv1rAC1ev6eA4_QIuxQXY6JKISMvEMDlhpG7MilOuPUFhxWA","cgxZ-MgP8hdL7w_ADwzlo4vZM69MjTibkrKWP1WOKII","IgNWdiLGaPaAvmHNDlGg6lbjFaA7tWgX1TKNZaQxlX38QK478pbQKgykHmKoQzUC","cgxZaCTefeuFrUuDUFyu6E6o3u2WeNbSsmtwMVbTkhTlk73PwzFe","cgxZ-eYT8DJqPbxA3poNN74ZX0szHsRbU12Xc703y1-ktSUJKcnhIHfHMGSUBQXX","cgxZaDXIcuOBjUe8QlDQqqxm_1vCCnQDcV_rNdc2EAAVn_8Vwy2L","IgNWdiLGaPaAvmHNCFGrvI5iWaSY885VCpw56pwkhjmv7LxK4ZM5DgGWbd5moVX5","- cgxZLmGFIbjc9wnPCACh5ruiwlpNOEIKPLj6aAs_z30xoHYiJkcOJIY","cgxZdTXtILiJ7V3ICAaqvK9SuU5jFGrMBmpc9XsM9J0Unh6vd9cHHkXwUxQ","cgxZdTXtXsiCtVqKblPJu0JQMgOSHvE1npHb9IZ8r1QZTj9SpBbc6iI","cgxZ-vQP8S5NPoZ53akjNqJUlyL0V1tsPxMI7jVDbxXK78jjVMfJqZFie5tMblmYJ1NErsI"]
由于您第2个京东账号未提供shareCode,将采纳本脚本自带的助力码

开始
随机取20个PK助力码放到您固定的互助码后面(不影响已有固定互助)
第2个京东账号将要助力的PK好友["IgNWdiLGaPadvlqJQnnKp27-YpAvKvSYNTSkTGvZylf_0wcvqD9EMkohEd0","IgNWdiLGaPaZskfACQyhgLSpZWps-WtQEW3McifX","IgNWdiLGaPaAvmHPAQf769XqjJjMyRirPzN9-AS-WHY9Y_G7t9Cwe5gdiI2qEvHb","IgNWdiLGaPYCeJUfsq18UNi5ln9xEZSPRdOue8Wl3hJTS2SQzU0vulL0fHeULJaIfgqHFd7f_Kk","IgNWdiLGaPYCeJUfsq18UNi5ln9xEZSPRdOue8Wl3hLRjZBAJLHzBpcl18AeskNYctp-8A","IgNWdiLGaPYCeJUfsq18UNi5ln9xEZSPRdOue8Wl3hLRjZBCduDyApZxg5BPuhRfnJvQvA","IgNWdiLGaPaom2y-eXzX56eEnkTIztde9xp6k-PRlnSe3sll6RY5zw","IgNWdiLGaPaTo1mNCQSs53Q7f0HkIMasUcHMHuXdS-8","IgNWdiLGaPaZ6A7LCwag5wjU1ekqoWZ3G-AwowaEmNVeFz7M8q0lBHAkm6hqQQ","IgNWdiLGaPaFqk2NTGqpo-A71hXoUPxnGHk","IgNWdiLGaPaAvmHPD1Co7fwnbIsolUuBZlBnziNaxUMsCirsfUyZqGYXimJLm5kG","IgNWdiLGaPafhQnMDAKh7SpIF7bChb4rXD9-sAiKsab3ZXxgMlDfSHfebIn6tw","IgNWdiLGaPaAvmHNClCr7wD1WUlvXUWRvGSv4CX-5BenIOnThx9cZsniLX8xDdvA","IgNWdiLGaPaehUrBAA2h53wkuD3UPuyzw7OQMrY47Qg-UJoQ0EFp0w","IgNWdiLGaPYMR5YcnJx_fiXk4UmU9-iQapO0aCnb1enEaIdIxvMVWmn0","IgNWdiLGaPadvlKjX17zjVgqvtWQ5vYtfNxht56SFgkAc1tPFyc_Qk_YyF8","IgNWdiLGaPans0SMS2qpo5bFypAKR6nGrc8","IgNWdiLGaPadqGHJREnurYlVBz8","IgNWdiLGaPbb6wjNCgeq6y9wwFX1gC8Ljv7RRYX4zXBfoA","IgNWdiLGaPaAvmHMWQyp7NkWzgBmmx1bOZjmm9lzr6JTqnIsA8KdhxU5GA","IgNWdiLGaPaAvmHNAQKp6rgvcoMWe9zCZ-f0cU_w5E-9-PaiNC63QwNSMU4sf_Y","IgNWdiLGaPbb6QfICQWp7sY-Ug2D-kHElmPBdbRVLv1nFA","IgNWdiLGaPaAvmHMXAf951ber76kp_RhlORBe927pmVVMTQ06BS2FEUf7P2YhW-n","IgNWdiLGaPaAvmGadW_jsGvQfC1OLCX529cdDnSvBYGlzt2OVwKbIQUFnwpCsw","IgNWdiLGaPaZo1-bUVzG7-Mr5tFcPZoW9T9MCw","IgNWdiLGaPbT6ArPDgCv7RKIpQvrBUUyvyFSMB_pV4To4kOhmFYCsyqtzQ"]
当前爆竹383239🧨，下一关需要480000🧨
可收取的爆竹大于0，去收取爆竹
收取成功，获得1886爆竹🧨
当前已开启的地图：新年烟火 
去做OLAY店铺任务
去做宝洁店铺任务
去做蒙牛店铺任务
去做欧莱雅店铺任务
去做伊利店铺任务
去做玩具乐器店铺任务
去做巴黎欧莱雅店铺任务
您的好友助力码为cgxZ-eQ3_AdjP4dC0a4zo6HWuopb8wXr-QP5slfTmXDdcA
连签得爆竹已做完
准备做此任务：开通英特尔品牌VIP会员
哎呀，加入品牌会员才能获得奖励哦
哎呀，加入品牌会员才能获得奖励哦
哎呀，加入品牌会员才能获得奖励哦
哎呀，加入品牌会员才能获得奖励哦
逛逛京东年货节主会场已做完
去玩趣味互动已做完
浏览精彩会场已做完
好友助力已经满啦！| 快去炸年兽分10亿红包吧~
好友助力已经满啦！| 快去炸年兽分10亿红包吧~
好友助力已经满啦！| 快去炸年兽分10亿红包吧~
好友助力已经满啦！| 快去炸年兽分10亿红包吧~
好友助力已经满啦！| 快去炸年兽分10亿红包吧~
活动太火爆，请稍后再试哦~
好友助力已经满啦！| 快去炸年兽分10亿红包吧~
好友助力已经满啦！| 快去炸年兽分10亿红包吧~
好友助力已经满啦！| 快去炸年兽分10亿红包吧~
好友助力已经满啦！| 快去炸年兽分10亿红包吧~
活动太火爆，请稍后再试哦~
好友助力已经满啦！| 快去炸年兽分10亿红包吧~
好友助力已经满啦！| 快去炸年兽分10亿红包吧~
好友助力已经满啦！| 快去炸年兽分10亿红包吧~
好友已满级|不需要助力了哦

❗️京东炸年兽🧨, 错误!
TypeError: Cannot read property 'itemId' of undefined
    at /home/xinchun/www/jd-new/jd/scripts/jd_nian.js:614:64
    at got.post.then.message (/home/xinchun/www/jd-new/jd/scripts/jd_nian.js:1276:5772)
    at runMicrotasks (<anonymous>)
    at processTicksAndRejections (internal/process/task_queues.js:93:5)
好友助力已经满啦！| 快去炸年兽分10亿红包吧~
好友助力已经满啦！| 快去炸年兽分10亿红包吧~
今日助力次数已用完 | 快去炸年兽分10亿红包吧~

❗️京东炸年兽🧨, 错误!
TypeError: Cannot read property 'itemId' of undefined
    at /home/xinchun/www/jd-new/jd/scripts/jd_nian.js:614:64
    at got.post.then.message (/home/xinchun/www/jd-new/jd/scripts/jd_nian.js:1276:5772)
    at runMicrotasks (<anonymous>)
    at processTicksAndRejections (internal/process/task_queues.js:93:5)
好友助力已经满啦！| 快去炸年兽分10亿红包吧~
今日助力次数已用完 | 快去炸年兽分10亿红包吧~
好友助力已经满啦！| 快去炸年兽分10亿红包吧~
当前爆竹385125🧨，下一关需要480000🧨
任务已做完！
如有未完成的任务，请多执行几次。注：目前入会任务不会做
如出现taskVos错误的，请更新USER_AGENTS.js或使用自定义UA功能
京东账号2孤傲的小小瞒
当前爆竹385125🧨


🔔京东炸年兽🧨, 结束! 🕛 177.372 秒

