
🔔京东炸年兽🧨, 开始!
您的cookie选择的是用&隔开


====================共有2个京东账号Cookie=========

==================脚本执行- 北京时间(UTC+8)：2/3/2021, 1:00:02 AM=====================

开始获取京东炸年兽🧨配置文件

共2个京东账号

共2个京东账号

您提供了0个账号的京东炸年兽🧨PK助力码


******开始【京东账号1】迷糊虫啊*********

开始
第1个京东账号将要助力的好友["cgxZWifbeu-Wpm2AD0bol5Cu","cgxZ-tAo8DJqM5xu3ogeOY7OXkOQ2Lw_ympGPITqNcceAad8Y1ph2UOXS-LOq3PUCqmgYjpt-td3CYw18qw","cgxZdTXtIrzev12aC1eu5yr9cCz6N7HkgPrFkYPPzBDaaWjtjA3fokuFPMA","cgxZLWaFIb7S4gvPZ1jlo3Ru3_zhiy3nnTsS4mQaaZc"]
由于您第1个京东账号未提供shareCode,将采纳本脚本自带的助力码

开始
第1个京东账号将要助力的PK好友["IgNWdiLGaPadvlqJQnnKp27-YpAvKvSYNTSkTGvZylf_0wcvqD9EMkohEd0","IgNWdiLGaPaZskfACQyhgLSpZWps-WtQEW3McifX","IgNWdiLGaPaAvmHPAQf769XqjJjMyRirPzN9-AS-WHY9Y_G7t9Cwe5gdiI2qEvHb","IgNWdiLGaPYCeJUfsq18UNi5ln9xEZSPRdOue8Wl3hJTS2SQzU0vulL0fHeULJaIfgqHFd7f_Kk","IgNWdiLGaPYCeJUfsq18UNi5ln9xEZSPRdOue8Wl3hLRjZBAJLHzBpcl18AeskNYctp-8A"]
当前爆竹635610🧨，下一关需要400000🧨
可收取的爆竹大于0，去收取爆竹
收取成功，获得1820爆竹🧨
当前爆竹🧨大于升级所需爆竹🧨，去升级
升级成功
当前已开启的地图：新年烟火 
去做OLAY店铺任务
去抽奖：1/5
"Timeout awaiting 'request' for 10000ms"
京东炸年兽🧨 API请求失败，请检查网路重试
抽奖成功，获得优惠卷
去抽奖：2/5
抽奖成功，获得优惠卷
去抽奖：3/5
抽奖成功，获得优惠卷
去抽奖：4/5
抽奖成功，获得优惠卷
去抽奖：5/5
抽奖成功，获得优惠卷
"Timeout awaiting 'request' for 10000ms"
京东炸年兽🧨 API请求失败，请检查网路重试
去做宝洁店铺任务
去抽奖：1/5
抽奖成功，获得{"awardType":5,"cardInfoVO":{"brandCard":true,"cardBaseInfo":"https://m.360buyimg.com/babel/jfs/t1/153273/14/15697/136278/600ae4a0E45dff28d/a9c144bdd0cb0c78.png","cardNo":"4-0203-619cb60022a2495ea785cb0d6b93ae8a","cardType":4,"shopId":1000004064},"lotteryNum":4,"status":1}
去抽奖：2/5
抽奖成功，获得{"awardType":5,"cardInfoVO":{"brandCard":true,"cardBaseInfo":"https://m.360buyimg.com/babel/jfs/t1/170104/27/3842/140260/600ae41cEb04df036/609ae0a42723fbcc.png","cardNo":"1-0203-2cf5b78da60c4bed98a864ed2eff8e33","cardType":1,"shopId":1000004064},"lotteryNum":3,"status":1}
去抽奖：3/5
抽奖成功，获得100爆竹🧨
去抽奖：4/5
抽奖成功，获得{"awardType":5,"cardInfoVO":{"brandCard":true,"cardBaseInfo":"https://m.360buyimg.com/babel/jfs/t1/153273/14/15697/136278/600ae4a0E45dff28d/a9c144bdd0cb0c78.png","cardNo":"4-0203-1d9aff0f0744498f96a9f5314c7cc55b","cardType":4,"shopId":1000004064},"lotteryNum":1,"status":1}
去抽奖：5/5
抽奖成功，获得100爆竹🧨
去做蒙牛店铺任务
去抽奖：1/5
抽奖成功，获得100爆竹🧨
去抽奖：2/5
抽奖成功，获得100爆竹🧨
去抽奖：3/5
抽奖成功，获得100爆竹🧨
去抽奖：4/5
抽奖成功，获得{"awardType":5,"cardInfoVO":{"brandCard":true,"cardBaseInfo":"https://m.360buyimg.com/babel/jfs/t1/150528/2/16528/172088/600ae59fEa88c2e43/77ea0eee1f86cee2.png","cardNo":"3-0203-ad8b82144a30438a8c92277e6265a7a6","cardType":3,"shopId":1000014803},"lotteryNum":1,"status":1}
去抽奖：5/5
抽奖成功，获得{"awardType":5,"cardInfoVO":{"brandCard":true,"cardBaseInfo":"https://m.360buyimg.com/babel/jfs/t1/158889/13/4354/187902/600905f8Ec104e92f/b843abd9665e6283.png","cardNo":"4-0203-f4b513d294f54638838b964f5874fb6a","cardType":4,"shopId":1000014803},"lotteryNum":0,"status":1}
去做欧莱雅店铺任务
去做伊利店铺任务
去抽奖：1/5
抽奖成功，获得100爆竹🧨
去抽奖：2/5
抽奖成功，获得100爆竹🧨
去抽奖：3/5
抽奖成功，获得100爆竹🧨
去抽奖：4/5
抽奖成功，获得{"awardType":5,"cardInfoVO":{"brandCard":true,"cardBaseInfo":"https://m.360buyimg.com/babel/jfs/t1/171590/40/3956/139455/600ae6d8Ea7fa23ac/51433f71476a02c8.png","cardNo":"1-0203-d541bc3bf0404e8daef5e1bf0321b51a","cardType":1,"shopId":1000013402},"lotteryNum":1,"status":1}
去抽奖：5/5
抽奖成功，获得100爆竹🧨
去做玩具乐器店铺任务
去抽奖：1/5
抽奖成功，获得100爆竹🧨
去抽奖：2/5
抽奖成功，获得100爆竹🧨
去抽奖：3/5
抽奖成功，获得100爆竹🧨
去抽奖：4/5
抽奖成功，获得100爆竹🧨
去抽奖：5/5
抽奖成功，获得100爆竹🧨
去做巴黎欧莱雅店铺任务
您的好友助力码为cgxZLmaBJ7vf6AnAREnKqewykQE31h--aQJY
连签得爆竹已做完
准备做此任务：去开通耐克自营会员
哎呀，加入品牌会员才能获得奖励哦
哎呀，加入品牌会员才能获得奖励哦
哎呀，加入品牌会员才能获得奖励哦
哎呀，加入品牌会员才能获得奖励哦
哎呀，加入品牌会员才能获得奖励哦
准备做此任务：去逛“美妆馆”
任务完成，获得3000爆竹🧨
任务完成，获得3000爆竹🧨
任务完成，获得3000爆竹🧨
这个任务做完啦~！
准备做此任务：去逛年货节主会场
任务上报成功
任务已完成，获得6000爆竹🧨
准备做此任务：去签到领现金
任务上报成功
任务已完成，获得6000爆竹🧨
任务上报成功
任务已完成，获得6000爆竹🧨
任务上报成功
任务已完成，获得6000爆竹🧨
任务上报成功
任务已完成，获得6000爆竹🧨
好友助力已经满啦！| 快去炸年兽分10亿红包吧~
好友助力已经满啦！| 快去炸年兽分10亿红包吧~
好友助力已经满啦！| 快去炸年兽分10亿红包吧~
好友助力已经满啦！| 快去炸年兽分10亿红包吧~
当前爆竹277830🧨，下一关需要480000🧨
任务已做完！
如有未完成的任务，请多执行几次。注：目前入会任务不会做
如出现taskVos错误的，请更新USER_AGENTS.js或使用自定义UA功能
京东账号1迷糊虫啊
当前爆竹277830🧨


******开始【京东账号2】孤傲的小小瞒*********

开始
随机取20个码放到您固定的互助码后面(不影响已有固定互助)
第2个京东账号将要助力的好友["cgxZWifbeu_a6gmFRGbg6Lh1SmQdF0DUmQ","cgxZdTXtIu6J7ljIXVGv6VoOs61gdyYXgT0ctAtCCykLsWw5accav11_0dI","cgxZ-fMU8RF0M5dV3r4QOsLKNQRnjyuoh9haQkLPPMH6fJjgVIkoZy5ww_K-I2JJ","cgxZ-OAB8S5NPaJF0LUYNl1oYE9tdRYPs2e2kWz3RrqEMgqutLWhZlw","cgxZdTXtbMeCmUmrbGDKpp3VO9194deojgGoivJug6TiiA_4OXlxdIQ","cgxZdTXtI7PZvA7IWQWo7fjPs2YU4WplJbzJQOWBhbQefflCYNXRMJ_NbZM","cgxZdTXtIrPf7g7ACVT46bOGL3KCUkpfADArFs_jhOtEaPZW4ny-QAjOFR8","cgxZdTXtWsazqFO3SUHDvSXyohIzpi84u_hXdVFiYEAULplAFTiPNHs","cgxZdTXtIu7bvw_LXgP863NYfzmosUHxgcbaUTEJiFTwCqeQLB-Oc6BrXtM","cgxZdTXtfP2lsFqsd1PtpkslAyLZBhz6D0q1Y23J4ZKPoWb_6K44K40","cgxZdTXtI7uMvgnKC1T96Nf5VXOeuMkkmeF74TT7fFptZw01RQmi7mshAeQ","cgxZdTXtIbvcuVzAAAP4vekgnOeLSNg1-ybHYLuhu5-bbBg52CM3w2XKlKk","cgxZdDjcc_mFtGGaV0Llo0iGBvilmcXkeox8unxR-eY","cgxZdTXtIr7TvA2bWwSt7c1i51OvkVlr7M9CADOyYGIaIBRQnBCvaYIiMow","cgxZ-cwa8S5DPJ96AALlo6AHLF2wQbrIUtVgIiJP9ks","cgxZdTXtIrKO6AvLDQas7HU_rjtVsyL3wQf_ZXW9lzfLkAW_eMKnohCV8N0","cgxZKmOKJ7vY7Q_JFQGr7e2kFWq3QAW6qd7B2hy76THq4f5LeSBRyE6gp3g","cgxZ-dUW8gp4PaR937Y9OvnWjDgn0eoqTyy6dK68QEQrJVON2usv5IdfimnXRPYS","cgxZLGaEI7_T4w3JFQCg7ZDPAtyIdGMkIN4DUyj-coEK9U5bQwf3ibP1PSg","cgxZdTXtcfKygEqtdGbyrndOejip_-RMrdoapNwW1bx8aIIRvdZiEb8","cgxZdTXtIruPv1ifXQer61pb7p2m44meOJGOZMBuLKQoovcIYxhR9EtHi5Y","cgxZdTXtIOuL6lzMWlT67eCn6BQgxIRdoUp3UEqfzwc96w9neN-Jgi6B0p4","cgxZaD7Yff-ZslfPDgOv6XLqj9rZf6y8aAfkKtmRJy_u_zwSmBVM","cgxZdTXtTcOTrVyIcE_qji0QZ9dzt9yfz1Eqke5GUv2Gee6TR6BjzN0"]
由于您第2个京东账号未提供shareCode,将采纳本脚本自带的助力码

开始
随机取20个PK助力码放到您固定的互助码后面(不影响已有固定互助)
第2个京东账号将要助力的PK好友["IgNWdiLGaPadvlqJQnnKp27-YpAvKvSYNTSkTGvZylf_0wcvqD9EMkohEd0","IgNWdiLGaPaZskfACQyhgLSpZWps-WtQEW3McifX","IgNWdiLGaPaAvmHPAQf769XqjJjMyRirPzN9-AS-WHY9Y_G7t9Cwe5gdiI2qEvHb","IgNWdiLGaPYCeJUfsq18UNi5ln9xEZSPRdOue8Wl3hJTS2SQzU0vulL0fHeULJaIfgqHFd7f_Kk","IgNWdiLGaPYCeJUfsq18UNi5ln9xEZSPRdOue8Wl3hLRjZBAJLHzBpcl18AeskNYctp-8A","IgNWdiLGaPYCeJUfsq18UNi5ln9xEZSPRdOue8Wl3hLRjZBCduDyApZxg5BPuhRfnJvQvA","IgNWdiLGaPaAvmHMWQyp7NkWzgBmmx1bOZjmm9lzr6JTqnIsA8KdhxU5GA","IgNWdiLGaPaAvmHNClCr7wD1WUlvXUWRvGSv4CX-5BenIOnThx9cZsniLX8xDdvA","IgNWdiLGaPadvlKjX17zjVgqvtWQ5vYtfNxht56SFgkAc1tPFyc_Qk_YyF8","IgNWdiLGaPbd6AfACAWt6AvLQ1VqCW2oVnA-4e44w_8IUO4AJxHge1cXc-vvew","IgNWdiLGaPbb7gfMCgSg7cMbnl3yW_o8ENatzUHYVxwbNw","IgNWdiLGaPbb6QfJCQCq6VjOA-kGMmGgoA63IteZRUCwmePLj1a6v50d","IgNWdiLGaPYPZq8enavBgNZIppM5YV6dCte_iAFt","IgNWdiLGaPbb7w_MCgeo7d8ZcJfakLCzNxBb4YARODNn5OvV4l5tdu3h","IgNWdiLGaPaAvmHNCwCvvlmU76waM8Hf4966urXSLNo1N5aNkHntHlWqMYkxH9Xv","IgNWdiLGaPaBtUeKTV78gHWjb-Weru46mQmgX4Ss","IgNWdiLGaPaAvmHMDQWr6W_910SQjrt6fFYrh7w1B2Q8HYwDnJN7RYo7YHEriQsS","IgNWdiLGaPaAvmHNXFb76nNoslinyMawhkCQbP-Xmrz6f1zPFrG4Ka73elduYYex","IgNWdiLGaPadqGHJREnurYlVBz8","IgNWdiLGaPbZ7A7ACQaq62Vxm0jYBlnbuVbPaPXvqh89ZLPpcZXKztIwVxVtSN2K","IgNWdiLGaPaL6g7IAAeqgMbnrx8X5-hLUJDIgeYa","IgNWdiLGaPaIu1CdUUH1thOFd7hqMxSNXg5L4Scjs64T5eVCe-o","IgNWdiLGaPacuV2dXQTG7yucfX0SJpxOty4y3g","IgNWdiLGaPaAvmHOXVepu4hrs9gX2m3izphCFdIOVAmTNMALHukd1XevADkstn5t","IgNWdiLGaPaAvmHOAVeu7ZLkmuFhMEvLkV7ias-VJs46XKisFVvz5fsg6OkJpi-o","IgNWdiLGaPaAvmHNAQKp6rgvcoMWe9zCZ-f0cc42BMeRAwsadaNufTk"]
当前爆竹281543🧨，下一关需要480000🧨
可收取的爆竹大于0，去收取爆竹
收取成功，获得2022爆竹🧨
当前已开启的地图：新年烟火 
去做OLAY店铺任务
去抽奖：1/5
抽奖成功，获得优惠卷
去抽奖：2/5
抽奖成功，获得优惠卷
去抽奖：3/5
抽奖成功，获得优惠卷
去抽奖：4/5
抽奖成功，获得优惠卷
去抽奖：5/5
抽奖成功，获得优惠卷
去做宝洁店铺任务
去抽奖：1/5
抽奖成功，获得{"awardType":5,"cardInfoVO":{"brandCard":true,"cardBaseInfo":"https://m.360buyimg.com/babel/jfs/t1/156881/1/7235/128644/600ae4adEf08cbefc/d324e39aa88521fd.png","cardNo":"5-0203-babb8c3bbb4f4710a9c1b5e8a948adb6","cardType":5,"shopId":1000004064},"lotteryNum":4,"status":1}
去抽奖：2/5
抽奖成功，获得100爆竹🧨
去抽奖：3/5
抽奖成功，获得100爆竹🧨
去抽奖：4/5
抽奖成功，获得100爆竹🧨
去抽奖：5/5
抽奖成功，获得100爆竹🧨
去做蒙牛店铺任务
去抽奖：1/5
抽奖成功，获得{"awardType":5,"cardInfoVO":{"brandCard":true,"cardBaseInfo":"https://m.360buyimg.com/babel/jfs/t1/150528/2/16528/172088/600ae59fEa88c2e43/77ea0eee1f86cee2.png","cardNo":"3-0203-81ccbfb25fb24968a35870f8fe902a5e","cardType":3,"shopId":1000014803},"lotteryNum":4,"status":1}
去抽奖：2/5
抽奖成功，获得{"awardType":5,"cardInfoVO":{"brandCard":true,"cardBaseInfo":"https://m.360buyimg.com/babel/jfs/t1/170797/18/3657/177088/600905eaE144b6188/beae386324c41cf7.png","cardNo":"2-0203-0d00f91498ab4d4ead090dda89168fbf","cardType":2,"shopId":1000014803},"lotteryNum":3,"status":1}
去抽奖：3/5
抽奖成功，获得{"awardType":5,"cardInfoVO":{"brandCard":true,"cardBaseInfo":"https://m.360buyimg.com/babel/jfs/t1/170797/18/3657/177088/600905eaE144b6188/beae386324c41cf7.png","cardNo":"2-0203-26abe5cda7624a938a4c0745d6277e96","cardType":2,"shopId":1000014803},"lotteryNum":2,"status":1}
去抽奖：4/5
抽奖成功，获得100爆竹🧨
去抽奖：5/5
抽奖成功，获得100爆竹🧨
去做欧莱雅店铺任务
去做伊利店铺任务
去抽奖：1/5
抽奖成功，获得{"awardType":5,"cardInfoVO":{"brandCard":true,"cardBaseInfo":"https://m.360buyimg.com/babel/jfs/t1/171381/40/3941/159027/600ae73bE5edc1a2d/33d53e84b720bc2c.png","cardNo":"6-0203-b891e46140954122bf89a366de7e4eff","cardType":6,"shopId":1000013402},"lotteryNum":4,"status":1}
去抽奖：2/5
抽奖成功，获得100爆竹🧨
去抽奖：3/5
抽奖成功，获得{"awardType":5,"cardInfoVO":{"brandCard":true,"cardBaseInfo":"https://m.360buyimg.com/babel/jfs/t1/159703/35/4586/141020/600ae726E0e0a9e16/b1d9d6689b6dc71a.png","cardNo":"5-0203-a453531a67284200976719bc11bae570","cardType":5,"shopId":1000013402},"lotteryNum":2,"status":1}
去抽奖：4/5
抽奖成功，获得{"awardType":5,"cardInfoVO":{"brandCard":true,"cardBaseInfo":"https://m.360buyimg.com/babel/jfs/t1/165567/3/3912/137639/600ae6e7Ee9382064/02ab2e3840cf2b6c.png","cardNo":"2-0203-86f958bbbbdc42d3946b464f74b44f3e","cardType":2,"shopId":1000013402},"lotteryNum":1,"status":1}
去抽奖：5/5
抽奖成功，获得100爆竹🧨
去做玩具乐器店铺任务
去抽奖：1/5
抽奖成功，获得100爆竹🧨
去抽奖：2/5
抽奖成功，获得100爆竹🧨
去抽奖：3/5
抽奖成功，获得100爆竹🧨
去抽奖：4/5
抽奖成功，获得100爆竹🧨
去抽奖：5/5
抽奖成功，获得100爆竹🧨
去做巴黎欧莱雅店铺任务
您的好友助力码为cgxZ-eQ3_AdjP4dC0a4zo6HWuopb8wXr-QP5slfTmXDdcA
连签得爆竹已做完
准备做此任务：开通英特尔品牌VIP会员
哎呀，加入品牌会员才能获得奖励哦
哎呀，加入品牌会员才能获得奖励哦
哎呀，加入品牌会员才能获得奖励哦
哎呀，加入品牌会员才能获得奖励哦
准备做此任务：去逛“美妆馆”
任务完成，获得3000爆竹🧨
任务完成，获得3000爆竹🧨
任务完成，获得3000爆竹🧨
这个任务做完啦~！
准备做此任务：去逛年货节主会场
任务上报成功
任务已完成，获得6000爆竹🧨
准备做此任务：去签到领现金
任务上报成功
任务已完成，获得6000爆竹🧨
任务上报成功
任务已完成，获得6000爆竹🧨
任务上报成功
任务已完成，获得6000爆竹🧨
任务上报成功
任务已完成，获得6000爆竹🧨
好友助力已经满啦！| 快去炸年兽分10亿红包吧~
好友助力已经满啦！| 快去炸年兽分10亿红包吧~
好友助力已经满啦！| 快去炸年兽分10亿红包吧~
好友助力已经满啦！| 快去炸年兽分10亿红包吧~
好友助力已经满啦！| 快去炸年兽分10亿红包吧~
好友助力已经满啦！| 快去炸年兽分10亿红包吧~
活动太火爆，请稍后再试哦~
好友助力已经满啦！| 快去炸年兽分10亿红包吧~
好友助力已经满啦！| 快去炸年兽分10亿红包吧~
好友助力已经满啦！| 快去炸年兽分10亿红包吧~
今日助力次数已用完 | 快去炸年兽分10亿红包吧~
好友助力已经满啦！| 快去炸年兽分10亿红包吧~
好友助力已经满啦！| 快去炸年兽分10亿红包吧~
今日助力次数已用完 | 快去炸年兽分10亿红包吧~
今日助力次数已用完 | 快去炸年兽分10亿红包吧~
好友助力已经满啦！| 快去炸年兽分10亿红包吧~
好友已满级|不需要助力了哦
今日助力次数已用完 | 快去炸年兽分10亿红包吧~
今日助力次数已用完 | 快去炸年兽分10亿红包吧~
好友助力已经满啦！| 快去炸年兽分10亿红包吧~
好友助力已经满啦！| 快去炸年兽分10亿红包吧~
今日助力次数已用完 | 快去炸年兽分10亿红包吧~
今日助力次数已用完 | 快去炸年兽分10亿红包吧~
今日助力次数已用完 | 快去炸年兽分10亿红包吧~
当前爆竹323865🧨，下一关需要480000🧨
任务已做完！
如有未完成的任务，请多执行几次。注：目前入会任务不会做
如出现taskVos错误的，请更新USER_AGENTS.js或使用自定义UA功能
京东账号2孤傲的小小瞒
当前爆竹323865🧨


🔔京东炸年兽🧨, 结束! 🕛 447.541 秒

