
🔔京东炸年兽🧨, 开始!
您的cookie选择的是用&隔开


====================共有2个京东账号Cookie=========

==================脚本执行- 北京时间(UTC+8)：2/5/2021, 8:00:02 PM=====================

开始获取京东炸年兽🧨配置文件

共2个京东账号

共2个京东账号

您提供了2个账号的京东炸年兽🧨PK助力码


******开始【京东账号1】迷糊虫啊*********

开始
第1个京东账号将要助力的好友["cgxZWifbeu-Wpm2AD0bol5Cu","cgxZ-tAo8DJqM5xu3ogeOY7OXkOQ2Lw_ympGPITqNcceAad8Y1ph2UOXS-LOq3PUCqmgYjpt-td3CYw18qw","cgxZdTXtIrzev12aC1eu5yr9cCz6N7HkgPrFkYPPzBDaaWjtjA3fokuFPMA","cgxZLWaFIb7S4gvPZ1jlo3Ru3_zhiy3nnTsS4mQaaZc"]
开始
第1个京东账号将要助力的PK好友["IgNWdiLGaPavrFeXXWqpo92CVx1rlFXa1hw","IgNWdiLGaPYPW6QdgLVwfWRfHi2sIXbO_6hkp5Nr2iQcqjh14hEp3rCPZEl-yN5DMhuIkmTMvwsMySwsQBXxWw","IgNWdiLGaPaAvmHPDgH8vAJv1gVmRQDCnfIVBGR1YL3lZ0Mg7ZEiozjTjCdf89ov","IgNWdiLGaPbY7QnMDA2h6oo8Zl9cHaLDgH6QPmTn0q2RXfS87n0","IgNWdiLGaPavrFeXXQWp6ManqCzbdRZ7medtakVd_L0","IgNWdiLGaPaAvmHPXlT87UNYCPQXNpYWPdp-07g7zX8y2QkXwRtY2WnqEQ20Kpyh"]
当前爆竹144564🧨，下一关需要600000🧨
可收取的爆竹大于0，去收取爆竹
组队尚未开启，请先去开启组队或是加入队伍！
去助力PK好友IgNWdiLGaPavrFeXXWqpo92CVx1rlFXa1hw
挑战已结束，马上就要瓜分红包了|快去看看吧！
去助力PK好友IgNWdiLGaPYPW6QdgLVwfWRfHi2sIXbO_6hkp5Nr2iQcqjh14hEp3rCPZEl-yN5DMhuIkmTMvwsMySwsQBXxWw
挑战已结束，马上就要瓜分红包了|快去看看吧！
去助力PK好友IgNWdiLGaPaAvmHPDgH8vAJv1gVmRQDCnfIVBGR1YL3lZ0Mg7ZEiozjTjCdf89ov
挑战已结束，马上就要瓜分红包了|快去看看吧！
去助力PK好友IgNWdiLGaPbY7QnMDA2h6oo8Zl9cHaLDgH6QPmTn0q2RXfS87n0
挑战已结束，马上就要瓜分红包了|快去看看吧！
去助力PK好友IgNWdiLGaPavrFeXXQWp6ManqCzbdRZ7medtakVd_L0
挑战已结束，马上就要瓜分红包了|快去看看吧！
去助力PK好友IgNWdiLGaPaAvmHPXlT87UNYCPQXNpYWPdp-07g7zX8y2QkXwRtY2WnqEQ20Kpyh
挑战已结束，马上就要瓜分红包了|快去看看吧！
"Timeout awaiting 'request' for 10000ms"
京东炸年兽🧨 API请求失败，请检查网路重试
当前已开启的地图：新年烟火 
去做OLAY店铺任务
去做宝洁店铺任务
去做蒙牛店铺任务
去做欧莱雅店铺任务
"Timeout awaiting 'request' for 10000ms"
京东炸年兽🧨 API请求失败，请检查网路重试
去做伊利店铺任务
去做玩具乐器店铺任务
去做巴黎欧莱雅店铺任务
您的好友助力码为cgxZLmaBJ7vf6AnAREnKqewykQE31h--aQJY
连签得爆竹已做完
准备做此任务：去开通耐克自营会员
活动太火爆了
活动太火爆了
活动太火爆了
活动太火爆了
逛逛京东年货节主会场已做完
去玩趣味互动已做完
浏览精彩会场已做完
逛逛精彩会场已做完
活动太火爆了
活动太火爆了
活动太火爆了
活动太火爆了
当前爆竹144564🧨，下一关需要600000🧨
任务已做完！
如有未完成的任务，请多执行几次。注：目前入会任务不会做
如出现taskVos错误的，请更新USER_AGENTS.js或使用自定义UA功能
京东账号1迷糊虫啊
当前爆竹144564🧨


******开始【京东账号2】孤傲的小小瞒*********

开始
随机取20个码放到您固定的互助码后面(不影响已有固定互助)
第2个京东账号将要助力的好友["cgxZWifbeu_a6gmFRGbg6Lh1SmQdF0DUmQ","cgxZdTXtIu6J7ljIXVGv6VoOs61gdyYXgT0ctAtCCykLsWw5accav11_0dI","cgxZ-fMU8RF0M5dV3r4QOsLKNQRnjyuoh9haQkLPPMH6fJjgVIkoZy5ww_K-I2JJ","cgxZ-OAB8S5NPaJF0LUYNl1oYE9tdRYPs2e2kWz3RrqEMgqutLWhZlw","cgxZdTXtR-e6ok6MXFrehijJ1GDuPsm0Xb8B44uzL1_day7oy74RF-c","cgxZLmKAJr_b7wbMCALGr62Le2j0h18oUx40ERpLrOQ3vtoTtQ","cgxZdTXtI7LZ7VzOW1b77bJvt_GlSbovWHhIqmOXtUgjbLIFro9La674G-w","cgxZZyTKYeaPvFaBREnK5sXe7Uvem5N6clu-\n/jdcrazyjoy U2Es46NGTeHyuVtF_RhiPg==\n/jdcash a15_KbDnMKRu\n/jdnh dd4742464e4242a092c165495dfe4e40","cgxZLmKLJLze6w7KDWr0o46ZqXJsoBL8dO9GOZz3SeQSQg","cgxZ-dkj8hJFrUeRREnKvhtj8ikpBTjf52pj","cgxZdTXtI-_T7QefCwWp66qQo1TsM_sAdXyk6QRVVjRsmb6kK1gwdC_fM9k","cgxZdTXtIbLSvA_KDAX673Oem0rYGwh6oM2IRETIXui_X5FNE-wwKrHqjls","cgxZ-v838S1GP4NF3qMgo5YhSGxWbhYLtYXIQ8eBSS-chg","cgxZdTXtU_ywmUaaUnD8pSu4_40awt2qW9RPiPfoplWYpnZdbRyFq3A","cgxZLGWBIb_S6AzMFQyv6zDA3C7aQ10MnFErvfU9MDpxCFM_rAG_x5svTq0&cgxZdyvFbPKNpkKqDUf67545fLQ&cgxZdTXtILnbvw_NCgX4u7w6OFvZAHxvsj_q1yFVqGkimNh_FC7YgG6pPv8&cgxZdTXtTP2usEyQcGzQiDgcNfNYuYbz1O9awQKqFdHvXAJ7_dFMoDo&cgxZdTXtYOuzqlqyb1LAkRVJttg0hJVCIzf1mqUqyvfnv5uz1eLTT9E","cgxZLmmKLLnZ6wbPCAzGr_iZB_Hlu4RD3EPEVbcsiZl2GAEP2A","T0225KkcRBwfo1HfJRv0x6ZYcgFjRWn6y7zx55awQ","cgxZ9_4K_BtxPoRX368dOnJaivErYw9hfwFmx5TNje_LpLq9YDtK3IU","IgNWdiLGaPaAvmHMCgP66rSgttTtwTyTFC3P82XPjQyfwCs1vOmxtMzwNn86aZcn","cgxZLmSHLb_Y7AzNFQau7o_4gXJ6EZyWaUQhuHQqs14s1CqdknHZxsG55YY","cgxZdTXtQsOcn1e2bGLvt6nYjPnwDeEDuL_2MavcIflwHPb7cPKr_pY","cgxZdTXtIeja6VvNCgGo7zkHkL_goANIWPKxIv8Ael9KNXToS4L_xUrAWhg","cgxZdTXtI7La7wnOW1T6ujzl4vVQ6tjC5gIqOWubWnpjNpXEsnvKsw0oT1I","cgxZLmmKJbrc6QjUDAyu6ElTtmTGEhq5nEF6tfC_ce5S0zWBEVxUB7BXwuK6vw"]
开始
随机取20个PK助力码放到您固定的互助码后面(不影响已有固定互助)
第2个京东账号将要助力的PK好友["IgNWdiLGaPaAvmHPXFatuVqLKY15hpHmyg4fhXsFsRff2aOCWUu0_7H0YKL4vTvw","IgNWdiLGaPYMeJgco6twdnEMl2rrhxlHqH_OGEhGAmaFSuLs3fmrFj0xyOcRB27Ueur0pQ","IgNWdiLGaPYNa40cnJJ-Q3yU2CnzdMURKoahzOZQqq0TG7hyAFOUIXwKLVE0fw","IgNWdiLGaPaAvmHOWlerveOAjRDDS82JlJNWJL9xrIGrdFL_OGjK2z6Io6AIAbXG","IgNWdiLGaPaAvmHPDAGr7dyADPlqIEeTrfW5IA1FeA8sbmZ48J_ipjzhagoDxvop","IgNWdiLGaPaAvmHMDASh59_hel_M5qSDfbknFBwDTlaynaDxiGO6-aTtWJPQkFxA"]
当前爆竹441907🧨，下一关需要480000🧨
组队尚未开启，请先去开启组队或是加入队伍！
去助力PK好友IgNWdiLGaPaAvmHPXFatuVqLKY15hpHmyg4fhXsFsRff2aOCWUu0_7H0YKL4vTvw
挑战已结束，马上就要瓜分红包了|快去看看吧！
去助力PK好友IgNWdiLGaPYMeJgco6twdnEMl2rrhxlHqH_OGEhGAmaFSuLs3fmrFj0xyOcRB27Ueur0pQ
挑战已结束，马上就要瓜分红包了|快去看看吧！
去助力PK好友IgNWdiLGaPYNa40cnJJ-Q3yU2CnzdMURKoahzOZQqq0TG7hyAFOUIXwKLVE0fw
挑战已结束，马上就要瓜分红包了|快去看看吧！
去助力PK好友IgNWdiLGaPaAvmHOWlerveOAjRDDS82JlJNWJL9xrIGrdFL_OGjK2z6Io6AIAbXG
挑战已结束，马上就要瓜分红包了|快去看看吧！
去助力PK好友IgNWdiLGaPaAvmHPDAGr7dyADPlqIEeTrfW5IA1FeA8sbmZ48J_ipjzhagoDxvop
挑战已结束，马上就要瓜分红包了|快去看看吧！
去助力PK好友IgNWdiLGaPaAvmHMDASh59_hel_M5qSDfbknFBwDTlaynaDxiGO6-aTtWJPQkFxA
挑战已结束，马上就要瓜分红包了|快去看看吧！
去领取袋鼠医生医用外科口罩一盒优惠券
活动太火爆了
去领取东海带鱼礼盒6斤/13-16整条优惠券
活动太火爆了
当前已开启的地图：新年烟火 
去做OLAY店铺任务
去做每日签到任务
活动太火爆了
准备做此任务：去逛OLAY自营旗舰店
活动太火爆了
准备做此任务：去逛OLAY狂欢礼遇会场
活动太火爆了
准备做此任务：浏览OLAY年货节会场
活动太火爆了
准备做此任务：逛OLAY直播抢正装
活动太火爆了
去做宝洁店铺任务
去做每日签到任务
活动太火爆了
准备做此任务：去逛宝洁旗舰店
活动太火爆了
准备做此任务：浏览宝洁会员福利会场
活动太火爆了
准备做此任务：浏览宝洁洗护会场
活动太火爆了
准备做此任务：浏览宝洁低价尝鲜会场
活动太火爆了
去做蒙牛店铺任务
去做每日签到任务
活动太火爆了
准备做此任务：去逛蒙牛自营店铺
活动太火爆了
准备做此任务：浏览蒙牛会员福利页
活动太火爆了
准备做此任务：浏览特仑苏会场
活动太火爆了
准备做此任务：浏览蒙牛新品会场
活动太火爆了
去做欧莱雅店铺任务
去做每日签到任务
活动太火爆了
准备做此任务：去逛巴黎欧莱雅京东自营旗舰店
活动太火爆了
准备做此任务：浏览欧莱雅会员福利会场
活动太火爆了
准备做此任务：浏览巴黎欧莱雅女士护肤会场
活动太火爆了
准备做此任务：加入欧莱雅粉丝福利群
活动太火爆了
去做伊利店铺任务
去做每日签到任务
活动太火爆了
准备做此任务：去逛伊利牛奶京东自营旗舰店
活动太火爆了
准备做此任务：浏览伊利会员福利会场
活动太火爆了
准备做此任务：浏览伊利牛奶会场
活动太火爆了
准备做此任务：加入伊利牛奶粉丝福利群
活动太火爆了
去做玩具乐器店铺任务
去做每日签到任务
活动太火爆了
准备做此任务：去逛乐高店铺
活动太火爆了
准备做此任务：浏览乐高®会员页
活动太火爆了
准备做此任务：浏览乐高®玩具会场
活动太火爆了
准备做此任务：浏览乐高®新品
活动太火爆了
去做巴黎欧莱雅店铺任务
去做每日签到任务
活动太火爆了
准备做此任务：去逛巴黎欧莱雅京东自营旗舰店
活动太火爆了
准备做此任务：浏览欧莱雅会员福利会场
活动太火爆了
准备做此任务：浏览巴黎欧莱雅女士护肤会场
活动太火爆了
准备做此任务：加入欧莱雅粉丝福利群
活动太火爆了
连签得爆竹已做完
准备做此任务：去开通耐克自营会员
活动太火爆了
活动太火爆了
活动太火爆了
活动太火爆了
逛逛京东年货节主会场已做完
去玩趣味互动已做完
浏览精彩会场已做完
逛逛精彩会场已做完
活动太火爆了
活动太火爆了
活动太火爆了
活动太火爆了
活动太火爆了
活动太火爆了
活动太火爆了
活动太火爆了
活动太火爆了
活动太火爆了
活动太火爆了
活动太火爆了
活动太火爆了
活动太火爆了
活动太火爆了

❗️京东炸年兽🧨, 错误!
TypeError: Cannot read property 'itemId' of undefined
    at /home/xinchun/www/jd-new/jd/scripts/jd_nian.js:614:64
    at got.post.then.message (/home/xinchun/www/jd-new/jd/scripts/jd_nian.js:1276:5772)
    at runMicrotasks (<anonymous>)
    at processTicksAndRejections (internal/process/task_queues.js:93:5)
活动太火爆了
活动太火爆了
活动太火爆了
活动太火爆了
活动太火爆了
当前爆竹441907🧨，下一关需要480000🧨
任务已做完！
如有未完成的任务，请多执行几次。注：目前入会任务不会做
如出现taskVos错误的，请更新USER_AGENTS.js或使用自定义UA功能
京东账号2孤傲的小小瞒
当前爆竹441907🧨


🔔京东炸年兽🧨, 结束! 🕛 271.852 秒

