
🔔京东炸年兽🧨, 开始!
您的cookie选择的是用&隔开


====================共有2个京东账号Cookie=========

==================脚本执行- 北京时间(UTC+8)：2/7/2021, 11:00:02 AM=====================

开始获取京东炸年兽🧨配置文件

共2个京东账号

共2个京东账号

您提供了0个账号的京东炸年兽🧨PK助力码


******开始【京东账号1】迷糊虫啊*********

开始
第1个京东账号将要助力的好友["cgxZWifbeu-Wpm2AD0bol5Cu","cgxZ-tAo8DJqM5xu3ogeOY7OXkOQ2Lw_ympGPITqNcceAad8Y1ph2UOXS-LOq3PUCqmgYjpt-td3CYw18qw","cgxZdTXtIrzev12aC1eu5yr9cCz6N7HkgPrFkYPPzBDaaWjtjA3fokuFPMA","cgxZLWaFIb7S4gvPZ1jlo3Ru3_zhiy3nnTsS4mQaaZc"]
由于您第1个京东账号未提供shareCode,将采纳本脚本自带的助力码

第1个京东账号将要助力的PK好友["IgNWdiLGaPadvlqJQnnKp27-YpAvKvSYNTSkTGvZylf_0wcvqD9EMkohEd0","IgNWdiLGaPaZskfACQyhgLSpZWps-WtQEW3McifX","IgNWdiLGaPaAvmHPAQf769XqjJjMyRirPzN9-AS-WHY9Y_G7t9Cwe5gdiI2qEvHb","IgNWdiLGaPYCeJUfsq18UNi5ln9xEZSPRdOue8Wl3hJTS2SQzU0vulL0fHeULJaIfgqHFd7f_Kk","IgNWdiLGaPYCeJUfsq18UNi5ln9xEZSPRdOue8Wl3hLRjZBAJLHzBpcl18AeskNYctp-8A"]
当前爆竹157356🧨，下一关需要600000🧨
可收取的爆竹大于0，去收取爆竹
组队尚未开启，请先去开启组队或是加入队伍！
去助力PK好友IgNWdiLGaPadvlqJQnnKp27-YpAvKvSYNTSkTGvZylf_0wcvqD9EMkohEd0
挑战已结束，马上就要瓜分红包了|快去看看吧！
去助力PK好友IgNWdiLGaPaZskfACQyhgLSpZWps-WtQEW3McifX
挑战已结束，马上就要瓜分红包了|快去看看吧！
去助力PK好友IgNWdiLGaPaAvmHPAQf769XqjJjMyRirPzN9-AS-WHY9Y_G7t9Cwe5gdiI2qEvHb
挑战已结束，马上就要瓜分红包了|快去看看吧！
去助力PK好友IgNWdiLGaPYCeJUfsq18UNi5ln9xEZSPRdOue8Wl3hJTS2SQzU0vulL0fHeULJaIfgqHFd7f_Kk
挑战已结束，马上就要瓜分红包了|快去看看吧！
去助力PK好友IgNWdiLGaPYCeJUfsq18UNi5ln9xEZSPRdOue8Wl3hLRjZBAJLHzBpcl18AeskNYctp-8A
挑战已结束，马上就要瓜分红包了|快去看看吧！
去领取安慕希原味酸奶16盒优惠券
活动太火爆了
去领取秋林食品公司哈尔滨红肠1000g优惠券
活动太火爆了
去领取欧乐B小炭管牙膏套装优惠券
活动太火爆了
随机取20个码放到您固定的互助码后面(不影响已有固定互助)
当前已开启的地图：新年烟火 
去做OLAY店铺任务
去做每日签到任务
活动太火爆了
准备做此任务：去逛OLAY自营旗舰店
活动太火爆了
准备做此任务：去逛OLAY狂欢礼遇会场
活动太火爆了
准备做此任务：浏览OLAY年货节会场
活动太火爆了
准备做此任务：逛OLAY直播抢正装
活动太火爆了
去做宝洁店铺任务
去做每日签到任务
活动太火爆了
准备做此任务：去逛宝洁旗舰店
活动太火爆了
准备做此任务：浏览宝洁会员福利会场
活动太火爆了
准备做此任务：浏览宝洁洗护会场
活动太火爆了
准备做此任务：浏览宝洁低价尝鲜会场
活动太火爆了
去做蒙牛店铺任务
去做每日签到任务
活动太火爆了
准备做此任务：去逛蒙牛自营店铺
活动太火爆了
准备做此任务：浏览蒙牛会员福利页
活动太火爆了
准备做此任务：浏览特仑苏会场
活动太火爆了
准备做此任务：浏览蒙牛新品会场
活动太火爆了
去做欧莱雅店铺任务
去做每日签到任务
活动太火爆了
准备做此任务：去逛巴黎欧莱雅京东自营旗舰店
活动太火爆了
准备做此任务：浏览欧莱雅会员福利会场
活动太火爆了
准备做此任务：浏览巴黎欧莱雅女士护肤会场
活动太火爆了
准备做此任务：加入欧莱雅粉丝福利群
活动太火爆了
去做伊利店铺任务
去做每日签到任务
活动太火爆了
准备做此任务：去逛伊利牛奶京东自营旗舰店
活动太火爆了
准备做此任务：浏览伊利会员福利会场
活动太火爆了
准备做此任务：浏览伊利牛奶会场
活动太火爆了
准备做此任务：加入伊利牛奶粉丝福利群
活动太火爆了
去做玩具乐器店铺任务
去做每日签到任务
活动太火爆了
准备做此任务：去逛乐高店铺
活动太火爆了
准备做此任务：浏览乐高®会员页
活动太火爆了
准备做此任务：浏览乐高®玩具会场
活动太火爆了
准备做此任务：浏览乐高®新品
活动太火爆了
去做巴黎欧莱雅店铺任务
去做每日签到任务
活动太火爆了
准备做此任务：去逛巴黎欧莱雅京东自营旗舰店
活动太火爆了
准备做此任务：浏览欧莱雅会员福利会场
活动太火爆了
准备做此任务：浏览巴黎欧莱雅女士护肤会场
活动太火爆了
准备做此任务：加入欧莱雅粉丝福利群
活动太火爆了
您的好友助力码为cgxZLmaBJ7vf6AnAREnKqewykQE31h--aQJY
准备做此任务：连签得爆竹
活动太火爆了
准备做此任务：海鲜礼盒买一赠一
活动太火爆了
活动太火爆了
活动太火爆了
活动太火爆了
活动太火爆了
活动太火爆了
准备做此任务：去逛资生堂
活动太火爆了
活动太火爆了
活动太火爆了
活动太火爆了
活动太火爆了
活动太火爆了
活动太火爆了
活动太火爆了
活动太火爆了
活动太火爆了
准备做此任务：去逛“甄选优品”
活动太火爆了
活动太火爆了
活动太火爆了
活动太火爆了
活动太火爆了
活动太火爆了
活动太火爆了
活动太火爆了
活动太火爆了
活动太火爆了
活动太火爆了
活动太火爆了
活动太火爆了
活动太火爆了
活动太火爆了
活动太火爆了
活动太火爆了
活动太火爆了
活动太火爆了
活动太火爆了
准备做此任务：去领100元压岁钱
活动太火爆了
活动太火爆了
准备做此任务：去逛OLAY红运迎新会场
活动太火爆了
活动太火爆了
活动太火爆了
活动太火爆了
活动太火爆了
活动太火爆了
活动太火爆了
当前爆竹157356🧨，下一关需要600000🧨
任务已做完！
如有未完成的任务，请多执行几次。注：目前入会任务不会做
如出现taskVos错误的，请更新USER_AGENTS.js或使用自定义UA功能
京东账号1迷糊虫啊
当前爆竹157356🧨


******开始【京东账号2】孤傲的小小瞒*********

开始
随机取20个码放到您固定的互助码后面(不影响已有固定互助)
第2个京东账号将要助力的好友["cgxZWifbeu_a6gmFRGbg6Lh1SmQdF0DUmQ","cgxZdTXtIu6J7ljIXVGv6VoOs61gdyYXgT0ctAtCCykLsWw5accav11_0dI","cgxZ-fMU8RF0M5dV3r4QOsLKNQRnjyuoh9haQkLPPMH6fJjgVIkoZy5ww_K-I2JJ","cgxZ-OAB8S5NPaJF0LUYNl1oYE9tdRYPs2e2kWz3RrqEMgqutLWhZlw","cgxZ-c0a8Sd6tlucDgGqo6nw-yv-W139g_4hGxoTFxFAQA","cgxZdTXtIumOvwycWVegvAGHTqGDLUHFwjI9Te9rCXTAI2eqrFyIgSzwF-4","cgxZdTXtIbKLuAbOXVP85niuhwEBv-ehmDUBWWUF6ZyIzQ40x-cGOJXmzzQ","cgxZdTndeuaDrFuFRGaslKfVofEDXdVBmQ","IgNWdiLGaPaAvmHPCwCo6c6DbTXksXfBB76mVuwk5nmdu_bI9Et8wDBPgSXML-dd","cgxZdTXtI-zfuAfKXQb86y0YuAg8Ia-aX-BOy0wsWlP7IJDnylWW6dxM20w","cgxZdTXtIenS7VqbXAD6udMbhaXalTYG55pEhcWXuwxYgZDcWxW1Bf8D_EU","cgxZfj_cfe-Grw_AAQflo0la2Bw9-m2Tph1EAW3GR3Y","cgxZdTXtIrLb4wudAQX65snuuvkhjCkrOPLPm2UhxCVlokxb9aGltdgu--Q","cgxZczjceOOE7AjLCknljO-fVJPlbY57J944gH_z","pk cgxZdTXtIunavFycD1Oh7WApLvU7DqBHwtivQORsdeqmgs2-pN4HAeNSxJI","cgxZdTXtbuC7n1SxVn_xkPB0IvEZZelCdTvaEX_xiC4_yuzw3B4wWiw","cgxZK2SHLL_Z7AfMZ1jlo5_zWzLOdAPmApW_Hqk-3Hw","cgxZdTXtI-7T7FufDgKq6oSTzgbbA29Fr9Nz707BMQQvNBo41D-8Nb5wctE","cgxZdTXtIr2P71qfWQWu6wnWQqtU2mI4Faz-rXy4QdCJhyNsQXr8Z2pCcIY","cgxZdTXtIeja6VvNCgGo7zkHkL_goANIWPKxIv8Ael9KNXToS4L_xUrAWhg","cgxZLmGFJ7vT7wfAD2r0oyOCSp7IPGlh3gYY-jdty3zf_g&cgxZLmSLJb_S6wnADwTGr5I10ocl3kSQV9PLcDWFg9ugCYxR5w&cgxZdTXtIu6J6webWgT7vDyaNqZVKg6xO_M0igAOL9OP2-h00wjBUbeEQd4","cgxZdTXtIbrY7ljMCgKrvo40u-KphLBdDFqAj6N4kSKzMWMKQuUHq1A4SRk","cgxZUxbh8RlipkKqT1r2jne4zHQ","cgxZdTXtI7iO7gnIXg2rvktkhXIlxHAsNGR3YCbkASyQI5bC6h86JPh-yTw"]
由于您第2个京东账号未提供shareCode,将采纳本脚本自带的助力码

第2个京东账号将要助力的PK好友["IgNWdiLGaPadvlqJQnnKp27-YpAvKvSYNTSkTGvZylf_0wcvqD9EMkohEd0","IgNWdiLGaPaZskfACQyhgLSpZWps-WtQEW3McifX","IgNWdiLGaPaAvmHPAQf769XqjJjMyRirPzN9-AS-WHY9Y_G7t9Cwe5gdiI2qEvHb","IgNWdiLGaPYCeJUfsq18UNi5ln9xEZSPRdOue8Wl3hJTS2SQzU0vulL0fHeULJaIfgqHFd7f_Kk","IgNWdiLGaPYCeJUfsq18UNi5ln9xEZSPRdOue8Wl3hLRjZBAJLHzBpcl18AeskNYctp-8A","IgNWdiLGaPYCeJUfsq18UNi5ln9xEZSPRdOue8Wl3hLRjZBCduDyApZxg5BPuhRfnJvQvA"]
当前爆竹454699🧨，下一关需要480000🧨
可收取的爆竹大于0，去收取爆竹
组队尚未开启，请先去开启组队或是加入队伍！
去助力PK好友IgNWdiLGaPadvlqJQnnKp27-YpAvKvSYNTSkTGvZylf_0wcvqD9EMkohEd0
挑战已结束，马上就要瓜分红包了|快去看看吧！
去助力PK好友IgNWdiLGaPaZskfACQyhgLSpZWps-WtQEW3McifX
挑战已结束，马上就要瓜分红包了|快去看看吧！
去助力PK好友IgNWdiLGaPaAvmHPAQf769XqjJjMyRirPzN9-AS-WHY9Y_G7t9Cwe5gdiI2qEvHb
挑战已结束，马上就要瓜分红包了|快去看看吧！
去助力PK好友IgNWdiLGaPYCeJUfsq18UNi5ln9xEZSPRdOue8Wl3hJTS2SQzU0vulL0fHeULJaIfgqHFd7f_Kk
挑战已结束，马上就要瓜分红包了|快去看看吧！
去助力PK好友IgNWdiLGaPYCeJUfsq18UNi5ln9xEZSPRdOue8Wl3hLRjZBAJLHzBpcl18AeskNYctp-8A
挑战已结束，马上就要瓜分红包了|快去看看吧！
去助力PK好友IgNWdiLGaPYCeJUfsq18UNi5ln9xEZSPRdOue8Wl3hLRjZBCduDyApZxg5BPuhRfnJvQvA
挑战已结束，马上就要瓜分红包了|快去看看吧！
去领取安慕希原味酸奶16盒优惠券
活动太火爆了
去领取秋林食品公司哈尔滨红肠1000g优惠券
活动太火爆了
去领取欧乐B小炭管牙膏套装优惠券
活动太火爆了
当前已开启的地图：新年烟火 
去做OLAY店铺任务
去做每日签到任务
活动太火爆了
准备做此任务：去逛OLAY自营旗舰店
活动太火爆了
准备做此任务：去逛OLAY狂欢礼遇会场
活动太火爆了
准备做此任务：浏览OLAY年货节会场
活动太火爆了
准备做此任务：逛OLAY直播抢正装
活动太火爆了
去做宝洁店铺任务
去做每日签到任务
活动太火爆了
准备做此任务：去逛宝洁旗舰店
活动太火爆了
准备做此任务：浏览宝洁会员福利会场
活动太火爆了
准备做此任务：浏览宝洁洗护会场
活动太火爆了
准备做此任务：浏览宝洁低价尝鲜会场
活动太火爆了
去做蒙牛店铺任务
去做每日签到任务
活动太火爆了
准备做此任务：去逛蒙牛自营店铺
活动太火爆了
准备做此任务：浏览蒙牛会员福利页
活动太火爆了
准备做此任务：浏览特仑苏会场
活动太火爆了
准备做此任务：浏览蒙牛新品会场
活动太火爆了
去做欧莱雅店铺任务
去做每日签到任务
活动太火爆了
准备做此任务：去逛巴黎欧莱雅京东自营旗舰店
活动太火爆了
准备做此任务：浏览欧莱雅会员福利会场
活动太火爆了
准备做此任务：浏览巴黎欧莱雅女士护肤会场
活动太火爆了
准备做此任务：加入欧莱雅粉丝福利群
活动太火爆了
去做伊利店铺任务
去做每日签到任务
活动太火爆了
准备做此任务：去逛伊利牛奶京东自营旗舰店
活动太火爆了
准备做此任务：浏览伊利会员福利会场
活动太火爆了
准备做此任务：浏览伊利牛奶会场
活动太火爆了
准备做此任务：加入伊利牛奶粉丝福利群
活动太火爆了
去做玩具乐器店铺任务
去做每日签到任务
活动太火爆了
准备做此任务：去逛乐高店铺
活动太火爆了
准备做此任务：浏览乐高®会员页
活动太火爆了
准备做此任务：浏览乐高®玩具会场
活动太火爆了
准备做此任务：浏览乐高®新品
活动太火爆了
去做巴黎欧莱雅店铺任务
去做每日签到任务
活动太火爆了
准备做此任务：去逛巴黎欧莱雅京东自营旗舰店
活动太火爆了
准备做此任务：浏览欧莱雅会员福利会场
活动太火爆了
准备做此任务：浏览巴黎欧莱雅女士护肤会场
活动太火爆了
准备做此任务：加入欧莱雅粉丝福利群
活动太火爆了
您的好友助力码为cgxZ-eQ3_AdjP4dC0a4zo6HWuopb8wXr-QP5slfTmXDdcA
准备做此任务：连签得爆竹
活动太火爆了
准备做此任务：美妆年货好礼
活动太火爆了
活动太火爆了
活动太火爆了
活动太火爆了
活动太火爆了
活动太火爆了
准备做此任务：去逛帮宝适自营店
活动太火爆了
活动太火爆了
活动太火爆了
活动太火爆了
活动太火爆了
活动太火爆了
活动太火爆了
活动太火爆了
活动太火爆了
活动太火爆了
准备做此任务：去逛“甄选优品”
活动太火爆了
活动太火爆了
活动太火爆了
活动太火爆了
活动太火爆了
活动太火爆了
活动太火爆了
活动太火爆了
活动太火爆了
活动太火爆了
活动太火爆了
活动太火爆了
活动太火爆了
活动太火爆了
活动太火爆了
活动太火爆了
活动太火爆了
活动太火爆了
活动太火爆了
活动太火爆了
准备做此任务：去领100元压岁钱
活动太火爆了
活动太火爆了
准备做此任务：去逛英特尔官方旗舰店
活动太火爆了
活动太火爆了
活动太火爆了
活动太火爆了
活动太火爆了
活动太火爆了
活动太火爆了
活动太火爆了
活动太火爆了
活动太火爆了
活动太火爆了

❗️京东炸年兽🧨, 错误!
TypeError: Cannot read property 'itemId' of undefined
    at /home/xinchun/www/jd-new/jd/scripts/jd_nian.js:614:64
    at got.post.then.message (/home/xinchun/www/jd-new/jd/scripts/jd_nian.js:1276:5772)
    at runMicrotasks (<anonymous>)
    at processTicksAndRejections (internal/process/task_queues.js:93:5)
活动太火爆了
活动太火爆了
活动太火爆了
活动太火爆了
活动太火爆了
活动太火爆了
活动太火爆了
活动太火爆了
活动太火爆了
活动太火爆了
活动太火爆了
活动太火爆了
活动太火爆了
当前爆竹454699🧨，下一关需要480000🧨
任务已做完！
如有未完成的任务，请多执行几次。注：目前入会任务不会做
如出现taskVos错误的，请更新USER_AGENTS.js或使用自定义UA功能
京东账号2孤傲的小小瞒
当前爆竹454699🧨


🔔京东炸年兽🧨, 结束! 🕛 438.499 秒

