
🔔京东炸年兽🧨, 开始!
您的cookie选择的是用&隔开


====================共有2个京东账号Cookie=========

==================脚本执行- 北京时间(UTC+8)：2/3/2021, 11:00:02 AM=====================

开始获取京东炸年兽🧨配置文件

共2个京东账号

共2个京东账号

您提供了0个账号的京东炸年兽🧨PK助力码


******开始【京东账号1】迷糊虫啊*********

开始
第1个京东账号将要助力的好友["cgxZWifbeu-Wpm2AD0bol5Cu","cgxZ-tAo8DJqM5xu3ogeOY7OXkOQ2Lw_ympGPITqNcceAad8Y1ph2UOXS-LOq3PUCqmgYjpt-td3CYw18qw","cgxZdTXtIrzev12aC1eu5yr9cCz6N7HkgPrFkYPPzBDaaWjtjA3fokuFPMA","cgxZLWaFIb7S4gvPZ1jlo3Ru3_zhiy3nnTsS4mQaaZc"]
由于您第1个京东账号未提供shareCode,将采纳本脚本自带的助力码

第1个京东账号将要助力的PK好友["IgNWdiLGaPadvlqJQnnKp27-YpAvKvSYNTSkTGvZylf_0wcvqD9EMkohEd0","IgNWdiLGaPaZskfACQyhgLSpZWps-WtQEW3McifX","IgNWdiLGaPaAvmHPAQf769XqjJjMyRirPzN9-AS-WHY9Y_G7t9Cwe5gdiI2qEvHb","IgNWdiLGaPYCeJUfsq18UNi5ln9xEZSPRdOue8Wl3hJTS2SQzU0vulL0fHeULJaIfgqHFd7f_Kk","IgNWdiLGaPYCeJUfsq18UNi5ln9xEZSPRdOue8Wl3hLRjZBAJLHzBpcl18AeskNYctp-8A"]
当前爆竹363998🧨，下一关需要480000🧨
可收取的爆竹大于0，去收取爆竹
收取成功，获得1812爆竹🧨
组队尚未开启，请先去开启组队或是加入队伍！
去助力PK好友IgNWdiLGaPadvlqJQnnKp27-YpAvKvSYNTSkTGvZylf_0wcvqD9EMkohEd0
挑战已结束，马上就要瓜分红包了|快去看看吧！
去助力PK好友IgNWdiLGaPaZskfACQyhgLSpZWps-WtQEW3McifX
挑战已结束，马上就要瓜分红包了|快去看看吧！
去助力PK好友IgNWdiLGaPaAvmHPAQf769XqjJjMyRirPzN9-AS-WHY9Y_G7t9Cwe5gdiI2qEvHb
挑战已结束，马上就要瓜分红包了|快去看看吧！
去助力PK好友IgNWdiLGaPYCeJUfsq18UNi5ln9xEZSPRdOue8Wl3hJTS2SQzU0vulL0fHeULJaIfgqHFd7f_Kk
挑战已结束，马上就要瓜分红包了|快去看看吧！
去助力PK好友IgNWdiLGaPYCeJUfsq18UNi5ln9xEZSPRdOue8Wl3hLRjZBAJLHzBpcl18AeskNYctp-8A
挑战已结束，马上就要瓜分红包了|快去看看吧！
当前已开启的地图：新年烟火 
去做OLAY店铺任务
去做宝洁店铺任务
去做蒙牛店铺任务
去做欧莱雅店铺任务
去做伊利店铺任务
"Timeout awaiting 'request' for 10000ms"
京东炸年兽🧨 API请求失败，请检查网路重试
去做玩具乐器店铺任务
去做巴黎欧莱雅店铺任务
您的好友助力码为cgxZLmaBJ7vf6AnAREnKqewykQE31h--aQJY
连签得爆竹已做完
准备做此任务：去开通耐克自营会员
哎呀，加入品牌会员才能获得奖励哦
哎呀，加入品牌会员才能获得奖励哦
哎呀，加入品牌会员才能获得奖励哦
哎呀，加入品牌会员才能获得奖励哦
哎呀，加入品牌会员才能获得奖励哦
逛逛京东年货节主会场已做完
去玩趣味互动已做完
浏览精彩会场已做完
好友助力已经满啦！| 快去炸年兽分10亿红包吧~
好友已满级|不需要助力了哦
好友助力已经满啦！| 快去炸年兽分10亿红包吧~
好友助力已经满啦！| 快去炸年兽分10亿红包吧~
当前爆竹365810🧨，下一关需要480000🧨
任务已做完！
如有未完成的任务，请多执行几次。注：目前入会任务不会做
如出现taskVos错误的，请更新USER_AGENTS.js或使用自定义UA功能
京东账号1迷糊虫啊
当前爆竹365810🧨


******开始【京东账号2】孤傲的小小瞒*********

开始
随机取20个码放到您固定的互助码后面(不影响已有固定互助)
第2个京东账号将要助力的好友["cgxZWifbeu_a6gmFRGbg6Lh1SmQdF0DUmQ","cgxZdTXtIu6J7ljIXVGv6VoOs61gdyYXgT0ctAtCCykLsWw5accav11_0dI","cgxZ-fMU8RF0M5dV3r4QOsLKNQRnjyuoh9haQkLPPMH6fJjgVIkoZy5ww_K-I2JJ","cgxZ-OAB8S5NPaJF0LUYNl1oYE9tdRYPs2e2kWz3RrqEMgqutLWhZlw","cgxZLmmKJbrc4wvACgXGr4EncXf9x_-DTCW0bwba23PaiQiL_w","cgxZdTXtI-iI7VvPWlGgulJed2c8Kd1URGYBrcLnu9nIu0IwMoJQ2MwdvTM","cgxZdTXtILrSuAvOXAWsvFKpjtRNToshBd_eIQAPNRimoE86Vwq1qUOL_tI","IgNWdiLGaPYOYYUcqK5wfEMWUadVVBNhviohULQC4wCn-o4AzJHNrg","cgxZdTXtIbqP6QuYWlatvAA-a0eriVwFM15ORT-fkED3PbHconsjzcrhnPA","cgxZdTXtefOCj12gckHDsP6glpeDPv7WwxA4AehsF3y4-F6-nq8c_G8","cgxZdTXtRc6htFSaSGffvaCQm0cK-utlBssNFbnQTBqSlHLM3FxjqFs","IgNWdiLGaPaAvmHPDVGr7Or4LwwzW9H1CGbDwkn1Rh0Y3Dq3iKcCgQIjh9FYWmAP","cgxZdTXtIr_e4lvOXgX770Y1b_GNqh8uxtZLhfGW5shZ6x9CXekH9nAoMhM","cgxZLmiALb_Y7gbLFQGp655ZjOEsLEn4kjLBXus5v1GQNE4FIikw3SKdn8k","cgxZdTXtV9KJo22oVUDMrz2VFZlzyujZsCuZSqw2I91bK6aFbQ3uLHw","cgxZdTXtf_-jtUeoV0DxnAv4LVL4YC5fHR75o4bqWArGz5mPOgzuX6M","cgxZdTXtIr_b6gzLDwD7uoJWTC8MiWFPKZiXgMYJBhAYC7Esj2goSlCCS_Y","cgxZdTXtI73Yv1ibW1Gu6sFMtIDsDKh_AbeaylG82aDxMbskUyfN8Deyel0","cgxZdTXtW-O-qE6Re0zxhQujGOuAVAPxjrA4aPldB-dY7IlA2k2O7xw","cgxZdTXtIeiL61_JAAX7uxL8SwqiTm3RoM_TpkOIM6JKLE-FwmSfuswyz54","cgxZdTXtQ_CCv02hU1_Jh9T4USZp5FkYKl8JDA7thevYkvWJogVfXl0","cgxZdTXtIOza7Q3KDFD67wuy-hLLZE12qqIsvR3L0MIQp_vZV6qlqSje3sE","cgxZaGeFIrLd7ArNREnK8l7Q5w1NPp87fuHc","cgxZdTXtIOyP7AzJXgKruVfRPiGiGy1opDgADGYywTptFeoZ8PwoPx9_yn8"]
由于您第2个京东账号未提供shareCode,将采纳本脚本自带的助力码

第2个京东账号将要助力的PK好友["IgNWdiLGaPadvlqJQnnKp27-YpAvKvSYNTSkTGvZylf_0wcvqD9EMkohEd0","IgNWdiLGaPaZskfACQyhgLSpZWps-WtQEW3McifX","IgNWdiLGaPaAvmHPAQf769XqjJjMyRirPzN9-AS-WHY9Y_G7t9Cwe5gdiI2qEvHb","IgNWdiLGaPYCeJUfsq18UNi5ln9xEZSPRdOue8Wl3hJTS2SQzU0vulL0fHeULJaIfgqHFd7f_Kk","IgNWdiLGaPYCeJUfsq18UNi5ln9xEZSPRdOue8Wl3hLRjZBAJLHzBpcl18AeskNYctp-8A","IgNWdiLGaPYCeJUfsq18UNi5ln9xEZSPRdOue8Wl3hLRjZBCduDyApZxg5BPuhRfnJvQvA"]
当前爆竹412833🧨，下一关需要480000🧨
可收取的爆竹大于0，去收取爆竹
收取成功，获得1882爆竹🧨
组队尚未开启，请先去开启组队或是加入队伍！
去助力PK好友IgNWdiLGaPadvlqJQnnKp27-YpAvKvSYNTSkTGvZylf_0wcvqD9EMkohEd0
挑战已结束，马上就要瓜分红包了|快去看看吧！
去助力PK好友IgNWdiLGaPaZskfACQyhgLSpZWps-WtQEW3McifX
挑战已结束，马上就要瓜分红包了|快去看看吧！
去助力PK好友IgNWdiLGaPaAvmHPAQf769XqjJjMyRirPzN9-AS-WHY9Y_G7t9Cwe5gdiI2qEvHb
挑战已结束，马上就要瓜分红包了|快去看看吧！
去助力PK好友IgNWdiLGaPYCeJUfsq18UNi5ln9xEZSPRdOue8Wl3hJTS2SQzU0vulL0fHeULJaIfgqHFd7f_Kk
挑战已结束，马上就要瓜分红包了|快去看看吧！
去助力PK好友IgNWdiLGaPYCeJUfsq18UNi5ln9xEZSPRdOue8Wl3hLRjZBAJLHzBpcl18AeskNYctp-8A
挑战已结束，马上就要瓜分红包了|快去看看吧！
去助力PK好友IgNWdiLGaPYCeJUfsq18UNi5ln9xEZSPRdOue8Wl3hLRjZBCduDyApZxg5BPuhRfnJvQvA
挑战已结束，马上就要瓜分红包了|快去看看吧！
当前已开启的地图：新年烟火 
去做OLAY店铺任务
去做宝洁店铺任务
去做蒙牛店铺任务
去做欧莱雅店铺任务
去做伊利店铺任务
去做玩具乐器店铺任务
去做巴黎欧莱雅店铺任务
您的好友助力码为cgxZ-eQ3_AdjP4dC0a4zo6HWuopb8wXr-QP5slfTmXDdcA
连签得爆竹已做完
准备做此任务：开通英特尔品牌VIP会员
哎呀，加入品牌会员才能获得奖励哦
哎呀，加入品牌会员才能获得奖励哦
哎呀，加入品牌会员才能获得奖励哦
哎呀，加入品牌会员才能获得奖励哦
逛逛京东年货节主会场已做完
去玩趣味互动已做完
浏览精彩会场已做完
好友助力已经满啦！| 快去炸年兽分10亿红包吧~
好友助力已经满啦！| 快去炸年兽分10亿红包吧~
好友已满级|不需要助力了哦
好友助力已经满啦！| 快去炸年兽分10亿红包吧~
好友助力已经满啦！| 快去炸年兽分10亿红包吧~
好友助力已经满啦！| 快去炸年兽分10亿红包吧~
好友助力已经满啦！| 快去炸年兽分10亿红包吧~

❗️京东炸年兽🧨, 错误!
TypeError: Cannot read property 'itemId' of undefined
    at /home/xinchun/www/jd-new/jd/scripts/jd_nian.js:614:64
    at got.post.then.message (/home/xinchun/www/jd-new/jd/scripts/jd_nian.js:1276:5772)
    at processTicksAndRejections (internal/process/task_queues.js:93:5)
好友助力已经满啦！| 快去炸年兽分10亿红包吧~
好友已满级|不需要助力了哦
好友助力已经满啦！| 快去炸年兽分10亿红包吧~

❗️京东炸年兽🧨, 错误!
TypeError: Cannot read property 'itemId' of undefined
    at /home/xinchun/www/jd-new/jd/scripts/jd_nian.js:614:64
    at got.post.then.message (/home/xinchun/www/jd-new/jd/scripts/jd_nian.js:1276:5772)
    at processTicksAndRejections (internal/process/task_queues.js:93:5)
好友已满级|不需要助力了哦
好友助力已经满啦！| 快去炸年兽分10亿红包吧~
好友助力已经满啦！| 快去炸年兽分10亿红包吧~
好友助力已经满啦！| 快去炸年兽分10亿红包吧~
好友已满级|不需要助力了哦
好友助力已经满啦！| 快去炸年兽分10亿红包吧~
好友助力已经满啦！| 快去炸年兽分10亿红包吧~
好友助力已经满啦！| 快去炸年兽分10亿红包吧~
活动太火爆，请稍后再试哦~
好友助力已经满啦！| 快去炸年兽分10亿红包吧~
好友已满级|不需要助力了哦
好友助力已经满啦！| 快去炸年兽分10亿红包吧~
当前爆竹414715🧨，下一关需要480000🧨
任务已做完！
如有未完成的任务，请多执行几次。注：目前入会任务不会做
如出现taskVos错误的，请更新USER_AGENTS.js或使用自定义UA功能
京东账号2孤傲的小小瞒
当前爆竹414715🧨


🔔京东炸年兽🧨, 结束! 🕛 180.169 秒

