
🔔京东炸年兽🧨, 开始!
您的cookie选择的是用&隔开


====================共有2个京东账号Cookie=========

==================脚本执行- 北京时间(UTC+8)：2/3/2021, 11:00:02 PM=====================

开始获取京东炸年兽🧨配置文件

共2个京东账号

共2个京东账号

您提供了0个账号的京东炸年兽🧨PK助力码


******开始【京东账号1】迷糊虫啊*********

开始
第1个京东账号将要助力的好友["cgxZWifbeu-Wpm2AD0bol5Cu","cgxZ-tAo8DJqM5xu3ogeOY7OXkOQ2Lw_ympGPITqNcceAad8Y1ph2UOXS-LOq3PUCqmgYjpt-td3CYw18qw","cgxZdTXtIrzev12aC1eu5yr9cCz6N7HkgPrFkYPPzBDaaWjtjA3fokuFPMA","cgxZLWaFIb7S4gvPZ1jlo3Ru3_zhiy3nnTsS4mQaaZc"]
由于您第1个京东账号未提供shareCode,将采纳本脚本自带的助力码

开始
第1个京东账号将要助力的PK好友["IgNWdiLGaPadvlqJQnnKp27-YpAvKvSYNTSkTGvZylf_0wcvqD9EMkohEd0","IgNWdiLGaPaZskfACQyhgLSpZWps-WtQEW3McifX","IgNWdiLGaPaAvmHPAQf769XqjJjMyRirPzN9-AS-WHY9Y_G7t9Cwe5gdiI2qEvHb","IgNWdiLGaPYCeJUfsq18UNi5ln9xEZSPRdOue8Wl3hJTS2SQzU0vulL0fHeULJaIfgqHFd7f_Kk","IgNWdiLGaPYCeJUfsq18UNi5ln9xEZSPRdOue8Wl3hLRjZBAJLHzBpcl18AeskNYctp-8A"]
当前爆竹407192🧨，下一关需要480000🧨
可收取的爆竹大于0，去收取爆竹
收取成功，获得1820爆竹🧨
当前已开启的地图：新年烟火 
去做OLAY店铺任务
去做宝洁店铺任务
去做蒙牛店铺任务
"Timeout awaiting 'request' for 10000ms"
京东炸年兽🧨 API请求失败，请检查网路重试
去做欧莱雅店铺任务
去做伊利店铺任务
去做玩具乐器店铺任务
去做巴黎欧莱雅店铺任务
"Timeout awaiting 'request' for 10000ms"
京东炸年兽🧨 API请求失败，请检查网路重试
您的好友助力码为cgxZLmaBJ7vf6AnAREnKqewykQE31h--aQJY
连签得爆竹已做完
准备做此任务：去开通耐克自营会员
哎呀，加入品牌会员才能获得奖励哦
哎呀，加入品牌会员才能获得奖励哦
哎呀，加入品牌会员才能获得奖励哦
哎呀，加入品牌会员才能获得奖励哦
哎呀，加入品牌会员才能获得奖励哦
逛逛京东年货节主会场已做完
去玩趣味互动已做完
浏览精彩会场已做完
逛逛精彩会场已做完
好友助力已经满啦！| 快去炸年兽分10亿红包吧~
好友已满级|不需要助力了哦
好友助力已经满啦！| 快去炸年兽分10亿红包吧~
好友助力已经满啦！| 快去炸年兽分10亿红包吧~
当前爆竹409012🧨，下一关需要480000🧨
任务已做完！
如有未完成的任务，请多执行几次。注：目前入会任务不会做
如出现taskVos错误的，请更新USER_AGENTS.js或使用自定义UA功能
京东账号1迷糊虫啊
当前爆竹409012🧨


==============📣系统通知📣==============
京东炸年兽🧨
京东账号1迷糊虫啊
当前爆竹409012🧨


******开始【京东账号2】孤傲的小小瞒*********

开始
随机取20个码放到您固定的互助码后面(不影响已有固定互助)
第2个京东账号将要助力的好友["cgxZWifbeu_a6gmFRGbg6Lh1SmQdF0DUmQ","cgxZdTXtIu6J7ljIXVGv6VoOs61gdyYXgT0ctAtCCykLsWw5accav11_0dI","cgxZ-fMU8RF0M5dV3r4QOsLKNQRnjyuoh9haQkLPPMH6fJjgVIkoZy5ww_K-I2JJ","cgxZ-OAB8S5NPaJF0LUYNl1oYE9tdRYPs2e2kWz3RrqEMgqutLWhZlw","cgxZKmOKLLPS4hPOCASg7r42dDrJmFr3FufbjaRWweOIuzh5CHH3Wlfpk_k","cgxZbDnXYuWE4guFRGbGvsUmTGR5JN-IbQ","cgxZdTXtIu-Lv1_LWg3_7d_Wc9RHYNUQsUM1_bOfPdaqL84_xB32wVoRy7Y","cgxZLmaKJrzS4w3NCATGr5QdEvCA50xZUXAxSI9mB8OVPiiaXw","cgxZdTXtIOiL7QjMDwL46JMIEKptbnaC3H3HEPZfxHO6FSLT_UOJ40u7Do0","cgxZLmmLJr7f7A3NCwzGry4QNPvD0r7WEv70Cq7GUxpr7Kre1g","cgxZciPFYfOPu1aFRGat6LRZYXzVsErkXw","cgxZLmSCJb7b6g7NAQHGr3B13JBVWy7TEIGZgLC8oqW6AbNOAg","cgxZfDnTeu2Qsg_JDQDlo40sGOr9g5ZfzIRkp-AzDlM","cgxZdTXtIb6Mu1jKCgyv73mNYgPSXyFus0_P7g-mmVAThYzzaDY7LZ27Vho","cgxZdTXtIeiPuFjMWQ2t7EO7zIzriaWnpbYZDvLH1NTMFRhOAvjy7lE3v2I","cgxZdTXtIb-J6V3OWgGt76Lt2PUq3G3KAi36drPOYw35aSOIP5bd7Pz2vCU","cgxZ-MIE8Sd6PIRTREnKvlfJlW2kIS3VnUGV|SaV71lYO5I95N","cgxZdTXtIuzTuFjPWwf6uxrLpyqYnfVITCKB3pWx1bX7Odoo0ctMTdWH2G8","cgxZ-MYp8x1xPaliREnKvjaN8yUwHJ2o49Zc","cgxZLmmKI7PZ6w7MDALGr4Mo_7ZV68KKVlQPBvlQQlpCWpm0Gg","cgxZczjHc_-DtlGXXwWh7PuFCowq9iLM4-m0FlZEXYwE2DQvledE","cgxZdTXtIO6M61uYWQGu51wQj5g3bDtc-fbMNOwSt3CNBKW_AynKADfIc6U","cgxZ-vUb_TRzP7tSCdwad8hxn4mjSHpX9FE7m1yzFZ_VODv4XQ","cgxZdTXtI7rb6QjIC1Ot50VWaQCIDU1aN7vkA7v-1Ql4s02Z1POIAxN3dng"]
由于您第2个京东账号未提供shareCode,将采纳本脚本自带的助力码

开始
第2个京东账号将要助力的PK好友["IgNWdiLGaPadvlqJQnnKp27-YpAvKvSYNTSkTGvZylf_0wcvqD9EMkohEd0","IgNWdiLGaPaZskfACQyhgLSpZWps-WtQEW3McifX","IgNWdiLGaPaAvmHPAQf769XqjJjMyRirPzN9-AS-WHY9Y_G7t9Cwe5gdiI2qEvHb","IgNWdiLGaPYCeJUfsq18UNi5ln9xEZSPRdOue8Wl3hJTS2SQzU0vulL0fHeULJaIfgqHFd7f_Kk","IgNWdiLGaPYCeJUfsq18UNi5ln9xEZSPRdOue8Wl3hLRjZBAJLHzBpcl18AeskNYctp-8A","IgNWdiLGaPYCeJUfsq18UNi5ln9xEZSPRdOue8Wl3hLRjZBCduDyApZxg5BPuhRfnJvQvA"]
当前爆竹429115🧨，下一关需要480000🧨
可收取的爆竹大于0，去收取爆竹
当前已开启的地图：新年烟火 
去做OLAY店铺任务
去做宝洁店铺任务
去做蒙牛店铺任务
去做欧莱雅店铺任务
去做伊利店铺任务
去做玩具乐器店铺任务
去做巴黎欧莱雅店铺任务
"Timeout awaiting 'request' for 10000ms"
京东炸年兽🧨 API请求失败，请检查网路重试
您的好友助力码为cgxZ-eQ3_AdjP4dC0a4zo6HWuopb8wXr-QP5slfTmXDdcA
连签得爆竹已做完
准备做此任务：开通英特尔品牌VIP会员
活动太火爆了
活动太火爆了
活动太火爆了
活动太火爆了
逛逛京东年货节主会场已做完
去玩趣味互动已做完
浏览精彩会场已做完
逛逛精彩会场已做完
活动太火爆了
活动太火爆了
活动太火爆了
活动太火爆了
活动太火爆了
活动太火爆了
活动太火爆了
活动太火爆了
活动太火爆了
活动太火爆了
活动太火爆了
活动太火爆了
活动太火爆了
活动太火爆了
活动太火爆了
活动太火爆了
活动太火爆了
活动太火爆了
活动太火爆了
活动太火爆了
活动太火爆了
活动太火爆了
活动太火爆了
当前爆竹429115🧨，下一关需要480000🧨
任务已做完！
如有未完成的任务，请多执行几次。注：目前入会任务不会做
如出现taskVos错误的，请更新USER_AGENTS.js或使用自定义UA功能
京东账号2孤傲的小小瞒
当前爆竹429115🧨


==============📣系统通知📣==============
京东炸年兽🧨
京东账号2孤傲的小小瞒
当前爆竹429115🧨


🔔京东炸年兽🧨, 结束! 🕛 187.003 秒

