
🔔京东炸年兽🧨, 开始!
您的cookie选择的是用&隔开


====================共有2个京东账号Cookie=========

==================脚本执行- 北京时间(UTC+8)：2/3/2021, 6:00:02 PM=====================

开始获取京东炸年兽🧨配置文件

共2个京东账号

共2个京东账号

您提供了0个账号的京东炸年兽🧨PK助力码


******开始【京东账号1】迷糊虫啊*********

开始
第1个京东账号将要助力的好友["cgxZWifbeu-Wpm2AD0bol5Cu","cgxZ-tAo8DJqM5xu3ogeOY7OXkOQ2Lw_ympGPITqNcceAad8Y1ph2UOXS-LOq3PUCqmgYjpt-td3CYw18qw","cgxZdTXtIrzev12aC1eu5yr9cCz6N7HkgPrFkYPPzBDaaWjtjA3fokuFPMA","cgxZLWaFIb7S4gvPZ1jlo3Ru3_zhiy3nnTsS4mQaaZc"]
由于您第1个京东账号未提供shareCode,将采纳本脚本自带的助力码

第1个京东账号将要助力的PK好友["IgNWdiLGaPadvlqJQnnKp27-YpAvKvSYNTSkTGvZylf_0wcvqD9EMkohEd0","IgNWdiLGaPaZskfACQyhgLSpZWps-WtQEW3McifX","IgNWdiLGaPaAvmHPAQf769XqjJjMyRirPzN9-AS-WHY9Y_G7t9Cwe5gdiI2qEvHb","IgNWdiLGaPYCeJUfsq18UNi5ln9xEZSPRdOue8Wl3hJTS2SQzU0vulL0fHeULJaIfgqHFd7f_Kk","IgNWdiLGaPYCeJUfsq18UNi5ln9xEZSPRdOue8Wl3hLRjZBAJLHzBpcl18AeskNYctp-8A"]
当前爆竹389194🧨，下一关需要480000🧨
可收取的爆竹大于0，去收取爆竹
收取成功，获得1810爆竹🧨
组队尚未开启，请先去开启组队或是加入队伍！
去助力PK好友IgNWdiLGaPadvlqJQnnKp27-YpAvKvSYNTSkTGvZylf_0wcvqD9EMkohEd0
挑战已结束，马上就要瓜分红包了|快去看看吧！
去助力PK好友IgNWdiLGaPaZskfACQyhgLSpZWps-WtQEW3McifX
挑战已结束，马上就要瓜分红包了|快去看看吧！
去助力PK好友IgNWdiLGaPaAvmHPAQf769XqjJjMyRirPzN9-AS-WHY9Y_G7t9Cwe5gdiI2qEvHb
挑战已结束，马上就要瓜分红包了|快去看看吧！
去助力PK好友IgNWdiLGaPYCeJUfsq18UNi5ln9xEZSPRdOue8Wl3hJTS2SQzU0vulL0fHeULJaIfgqHFd7f_Kk
挑战已结束，马上就要瓜分红包了|快去看看吧！
去助力PK好友IgNWdiLGaPYCeJUfsq18UNi5ln9xEZSPRdOue8Wl3hLRjZBAJLHzBpcl18AeskNYctp-8A
挑战已结束，马上就要瓜分红包了|快去看看吧！
当前已开启的地图：新年烟火 
去做OLAY店铺任务
去做宝洁店铺任务
去做蒙牛店铺任务
去做欧莱雅店铺任务
"Timeout awaiting 'request' for 10000ms"
京东炸年兽🧨 API请求失败，请检查网路重试
去做伊利店铺任务
去做玩具乐器店铺任务
去做巴黎欧莱雅店铺任务
您的好友助力码为cgxZLmaBJ7vf6AnAREnKqewykQE31h--aQJY
连签得爆竹已做完
准备做此任务：去开通耐克自营会员
哎呀，加入品牌会员才能获得奖励哦
哎呀，加入品牌会员才能获得奖励哦
哎呀，加入品牌会员才能获得奖励哦
哎呀，加入品牌会员才能获得奖励哦
哎呀，加入品牌会员才能获得奖励哦
逛逛京东年货节主会场已做完
去玩趣味互动已做完
浏览精彩会场已做完
好友助力已经满啦！| 快去炸年兽分10亿红包吧~
好友已满级|不需要助力了哦
好友助力已经满啦！| 快去炸年兽分10亿红包吧~
好友助力已经满啦！| 快去炸年兽分10亿红包吧~
当前爆竹391004🧨，下一关需要480000🧨
任务已做完！
如有未完成的任务，请多执行几次。注：目前入会任务不会做
如出现taskVos错误的，请更新USER_AGENTS.js或使用自定义UA功能
京东账号1迷糊虫啊
当前爆竹391004🧨


******开始【京东账号2】孤傲的小小瞒*********

开始
随机取20个码放到您固定的互助码后面(不影响已有固定互助)
第2个京东账号将要助力的好友["cgxZWifbeu_a6gmFRGbg6Lh1SmQdF0DUmQ","cgxZdTXtIu6J7ljIXVGv6VoOs61gdyYXgT0ctAtCCykLsWw5accav11_0dI","cgxZ-fMU8RF0M5dV3r4QOsLKNQRnjyuoh9haQkLPPMH6fJjgVIkoZy5ww_K-I2JJ","cgxZ-OAB8S5NPaJF0LUYNl1oYE9tdRYPs2e2kWz3RrqEMgqutLWhZlw","cgxZdTXtesyFsXmcaHzOnBAwdzXQ3FHbcPEgUZUDs4Wz_oxtY3LOTK0","cgxZdTXtI-mOuA_BXFaq6O0t_QnVOUpDAxWrJ1mvngZvf7DbQpsCmX81Usw","cgxZdTXtIuzavgfOAACg7AnuogrDSaoopgSosM2q8wd7USBkAKuepzt1_Q0","cgxZdTXtIu_d6grNCAP8uQi1yRIYDVah7C0kjdPR7ywll_Gsdw5SNpYPU0o","cgxZazTAeeOEu1LJDgLlo1vlQCErFduqdEei_YWkuxM","cgxZdTzTeuOLpkKqDX7YtmmgbBA","cgxZbTTcLbLY60KFa2rSuDERuTB3h0A&cgxZLmKKI7rT6AnACALGr3poO6LvCCYi18G2JmxAxNPqxch3ig&cgxZdTXtI7PZvA7IWQWo7fjPs2YU4WplJbzJQOWBhbQefflCYNXRMJ_NbZM&cgxZdTXtIrPf7g7ACVT46bOGL3KCUkpfADArFs_jhOtEaPZW4ny-QAjOFR8","cgxZfmGCJbLY6UKFawLG7jAahHRxd80","cgxZdTXtI-yLvFyaAAGs7Kw1w6pUpRAbGZNmK2FqtX7iVH6_aIwHIVqujfo","bXVaovm81DHwzg_N99hBin5S23VCvjILCoMbECGe6vK8","IgNWdiLGaPaAvmHPDwaq7V-Rp90PJlinssoYdCh225Mf-SAmALFONOrmYquTau3Q","cgxZaCbFOumAvA7NCmr0o4VWkvprywlepeVQvmekIV-CeA","cgxZLmSAJLjb7QrMCQfGrwc5kfhwsIYI4K7E3K2bUvynMlzT5g","T022vfp1Qxce9l3ePRnzkfYNdQFjRWn6y7zx55awQ","cgxZLmKLJ7Pc6QfICQTGr2hMvf6U9QCsDDbJn36GlhlchnFEyA","cgxZdTXtIuzfuArAWleu6stTjYr8snXQzZoaRZ9p9XgCf-lIt8AoRl5rCLQ","cgxZcWGKJ7ja6w_LZ1jlo43l2rkcmrSrRSLr3gW5-Sw","cgxZdTXtIbuJ4gfLXQSuvMuiAkXEvtdV2uDmSHoeyh-TJcYJqRWyib7ULtc","cgxZdTXtI73b6lzKXQT_50MLBLCAR93by8KFwyuiLLpaVsnes6n-gaNt0UE","cgxZZjzWJbjZpkKqAQPYsbhREPw"]
由于您第2个京东账号未提供shareCode,将采纳本脚本自带的助力码

第2个京东账号将要助力的PK好友["IgNWdiLGaPadvlqJQnnKp27-YpAvKvSYNTSkTGvZylf_0wcvqD9EMkohEd0","IgNWdiLGaPaZskfACQyhgLSpZWps-WtQEW3McifX","IgNWdiLGaPaAvmHPAQf769XqjJjMyRirPzN9-AS-WHY9Y_G7t9Cwe5gdiI2qEvHb","IgNWdiLGaPYCeJUfsq18UNi5ln9xEZSPRdOue8Wl3hJTS2SQzU0vulL0fHeULJaIfgqHFd7f_Kk","IgNWdiLGaPYCeJUfsq18UNi5ln9xEZSPRdOue8Wl3hLRjZBAJLHzBpcl18AeskNYctp-8A","IgNWdiLGaPYCeJUfsq18UNi5ln9xEZSPRdOue8Wl3hLRjZBCduDyApZxg5BPuhRfnJvQvA"]
当前爆竹429115🧨，下一关需要480000🧨
可收取的爆竹大于0，去收取爆竹
组队尚未开启，请先去开启组队或是加入队伍！
去助力PK好友IgNWdiLGaPadvlqJQnnKp27-YpAvKvSYNTSkTGvZylf_0wcvqD9EMkohEd0
挑战已结束，马上就要瓜分红包了|快去看看吧！
去助力PK好友IgNWdiLGaPaZskfACQyhgLSpZWps-WtQEW3McifX
挑战已结束，马上就要瓜分红包了|快去看看吧！
去助力PK好友IgNWdiLGaPaAvmHPAQf769XqjJjMyRirPzN9-AS-WHY9Y_G7t9Cwe5gdiI2qEvHb
挑战已结束，马上就要瓜分红包了|快去看看吧！
去助力PK好友IgNWdiLGaPYCeJUfsq18UNi5ln9xEZSPRdOue8Wl3hJTS2SQzU0vulL0fHeULJaIfgqHFd7f_Kk
挑战已结束，马上就要瓜分红包了|快去看看吧！
去助力PK好友IgNWdiLGaPYCeJUfsq18UNi5ln9xEZSPRdOue8Wl3hLRjZBAJLHzBpcl18AeskNYctp-8A
挑战已结束，马上就要瓜分红包了|快去看看吧！
去助力PK好友IgNWdiLGaPYCeJUfsq18UNi5ln9xEZSPRdOue8Wl3hLRjZBCduDyApZxg5BPuhRfnJvQvA
挑战已结束，马上就要瓜分红包了|快去看看吧！
当前已开启的地图：新年烟火 
去做OLAY店铺任务
去做宝洁店铺任务
去做蒙牛店铺任务
去做欧莱雅店铺任务
去做伊利店铺任务
去做玩具乐器店铺任务
去做巴黎欧莱雅店铺任务
您的好友助力码为cgxZ-eQ3_AdjP4dC0a4zo6HWuopb8wXr-QP5slfTmXDdcA
连签得爆竹已做完
准备做此任务：开通英特尔品牌VIP会员
活动太火爆了
活动太火爆了
活动太火爆了
活动太火爆了
逛逛京东年货节主会场已做完
去玩趣味互动已做完
浏览精彩会场已做完
活动太火爆了
活动太火爆了
活动太火爆了
活动太火爆了
活动太火爆了
活动太火爆了
活动太火爆了
活动太火爆了
活动太火爆了
活动太火爆了
活动太火爆了
活动太火爆了

❗️京东炸年兽🧨, 错误!
TypeError: Cannot read property 'itemId' of undefined
    at /home/xinchun/www/jd-new/jd/scripts/jd_nian.js:614:64
    at got.post.then.message (/home/xinchun/www/jd-new/jd/scripts/jd_nian.js:1276:5772)
    at processTicksAndRejections (internal/process/task_queues.js:93:5)
活动太火爆了
活动太火爆了
活动太火爆了
活动太火爆了
活动太火爆了
活动太火爆了
活动太火爆了
活动太火爆了
当前爆竹429115🧨，下一关需要480000🧨
任务已做完！
如有未完成的任务，请多执行几次。注：目前入会任务不会做
如出现taskVos错误的，请更新USER_AGENTS.js或使用自定义UA功能
京东账号2孤傲的小小瞒
当前爆竹429115🧨


🔔京东炸年兽🧨, 结束! 🕛 179.105 秒

