
🔔京东炸年兽🧨, 开始!
您的cookie选择的是用&隔开


====================共有2个京东账号Cookie=========

==================脚本执行- 北京时间(UTC+8)：2/3/2021, 8:00:02 AM=====================

开始获取京东炸年兽🧨配置文件

共2个京东账号

共2个京东账号

您提供了0个账号的京东炸年兽🧨PK助力码


******开始【京东账号1】迷糊虫啊*********

开始
第1个京东账号将要助力的好友["cgxZWifbeu-Wpm2AD0bol5Cu","cgxZ-tAo8DJqM5xu3ogeOY7OXkOQ2Lw_ympGPITqNcceAad8Y1ph2UOXS-LOq3PUCqmgYjpt-td3CYw18qw","cgxZdTXtIrzev12aC1eu5yr9cCz6N7HkgPrFkYPPzBDaaWjtjA3fokuFPMA","cgxZLWaFIb7S4gvPZ1jlo3Ru3_zhiy3nnTsS4mQaaZc"]
由于您第1个京东账号未提供shareCode,将采纳本脚本自带的助力码

第1个京东账号将要助力的PK好友["IgNWdiLGaPadvlqJQnnKp27-YpAvKvSYNTSkTGvZylf_0wcvqD9EMkohEd0","IgNWdiLGaPaZskfACQyhgLSpZWps-WtQEW3McifX","IgNWdiLGaPaAvmHPAQf769XqjJjMyRirPzN9-AS-WHY9Y_G7t9Cwe5gdiI2qEvHb","IgNWdiLGaPYCeJUfsq18UNi5ln9xEZSPRdOue8Wl3hJTS2SQzU0vulL0fHeULJaIfgqHFd7f_Kk","IgNWdiLGaPYCeJUfsq18UNi5ln9xEZSPRdOue8Wl3hLRjZBAJLHzBpcl18AeskNYctp-8A"]
当前爆竹345200🧨，下一关需要480000🧨
可收取的爆竹大于0，去收取爆竹
收取成功，获得1812爆竹🧨
当前已开启的地图：新年烟火 
去做OLAY店铺任务
去做宝洁店铺任务
去做蒙牛店铺任务
去做欧莱雅店铺任务
去做伊利店铺任务
去做玩具乐器店铺任务
去做巴黎欧莱雅店铺任务
"Timeout awaiting 'request' for 10000ms"
京东炸年兽🧨 API请求失败，请检查网路重试
您的好友助力码为cgxZLmaBJ7vf6AnAREnKqewykQE31h--aQJY
连签得爆竹已做完
准备做此任务：去开通耐克自营会员
哎呀，加入品牌会员才能获得奖励哦
哎呀，加入品牌会员才能获得奖励哦
哎呀，加入品牌会员才能获得奖励哦
哎呀，加入品牌会员才能获得奖励哦
哎呀，加入品牌会员才能获得奖励哦
逛逛京东年货节主会场已做完
去玩趣味互动已做完
浏览精彩会场已做完
好友助力已经满啦！| 快去炸年兽分10亿红包吧~
好友助力已经满啦！| 快去炸年兽分10亿红包吧~
好友助力已经满啦！| 快去炸年兽分10亿红包吧~
好友助力已经满啦！| 快去炸年兽分10亿红包吧~
当前爆竹347012🧨，下一关需要480000🧨
任务已做完！
如有未完成的任务，请多执行几次。注：目前入会任务不会做
如出现taskVos错误的，请更新USER_AGENTS.js或使用自定义UA功能
京东账号1迷糊虫啊
当前爆竹347012🧨


******开始【京东账号2】孤傲的小小瞒*********

开始
随机取20个码放到您固定的互助码后面(不影响已有固定互助)
第2个京东账号将要助力的好友["cgxZWifbeu_a6gmFRGbg6Lh1SmQdF0DUmQ","cgxZdTXtIu6J7ljIXVGv6VoOs61gdyYXgT0ctAtCCykLsWw5accav11_0dI","cgxZ-fMU8RF0M5dV3r4QOsLKNQRnjyuoh9haQkLPPMH6fJjgVIkoZy5ww_K-I2JJ","cgxZ-OAB8S5NPaJF0LUYNl1oYE9tdRYPs2e2kWz3RrqEMgqutLWhZlw","cgxZdTXtIuuO4w-YXFGvvR10F9-G7_VyjUigz9AabOjzXsMWfz5QoUDVFFE","cgxZdTXtf8mbrF22cXD2m_lmlg5zDC4LcJALyFQB0GEQ_R_aOi3ylQI","cgxZfj_Lcunb6A_OREnK6HGYj2iXY8PKBc2H","cgxZdTXtIb_f71-dClf7vDpZ0KqUNNGDJJ6ELo5B3gmbIhbLXJtIlsa7uuQ","cgxZdTXtILKLuAnNCgKq7XeULNrTwv44nFZGn4zA2tu8IonWfqe6jcRdj3s","cgxZLmKLJLnZ6Q7JAQbGr-HuGnZkRwWYwww9FPZ5IxCKGBSJUQ","cgxZdTXtILLe4g3IWgGhvMj2mOMZTDQCSOtc9bIYfS6sDapLHpfx8Rxeso0","cgxZdTXtIu6O4gnIDwasuapCIg81JBb4PPhc_ZH4ROSR8eRANAbGCYi3RFU","cgxZcTDcdWJ4aNt8lN0SbmnvmxSKLnCj13MdRNR4oacAwh0Kdg","cgxZdTXtIu-OuAbJDlGr7rU_7KrWRfkx71EhNmq6b94NAs4kb2Lk6XvVbPQ","IgNWdiLGaPaAvmHNDQSpu0PMRIZTEnuUEV10wdHMaWY9Y-SLhsZQv1ZwNnJdfHTp","cgxZczjTeu2AsA_JCgHlo1f6xtmt0IFZ_6blxHxVma8","cgxZdTXtI7vevgjPXVP_vH2iy3qffFmykuiiSftQxCF_Y7D7pu3NeISGEzM","cgxZdTXtIe_f6w3BXlCs7CLIEjJQRzV0nO1XQMGzF8fCrL57p26327Jdqwc","cgxZdTXtevmwnkeAVmLrt-GsDoz7f67n-2VUL7m9OZqIiF6O6A8MC0o","cgxZLmCDLb3e6xPBCAeh56VsnQ8voWi-rWTCtZiy4xXaYw-AJkatAp2DQPI","cgxZdTXtIemP6QeaDASt6JBpNbKpwU0brDVg_p5O3TUe1wO8m4XUzUGEpDc","cgxZfiXReO-cv0yFRGau6NCUTZ3g_0H06A","cgxZayvKIbvc60KFaxjrvJvSiKCIruY","cgxZZjPBLbrT6AiFRGag6b4NyEkEhNHyEg"]
由于您第2个京东账号未提供shareCode,将采纳本脚本自带的助力码

第2个京东账号将要助力的PK好友["IgNWdiLGaPadvlqJQnnKp27-YpAvKvSYNTSkTGvZylf_0wcvqD9EMkohEd0","IgNWdiLGaPaZskfACQyhgLSpZWps-WtQEW3McifX","IgNWdiLGaPaAvmHPAQf769XqjJjMyRirPzN9-AS-WHY9Y_G7t9Cwe5gdiI2qEvHb","IgNWdiLGaPYCeJUfsq18UNi5ln9xEZSPRdOue8Wl3hJTS2SQzU0vulL0fHeULJaIfgqHFd7f_Kk","IgNWdiLGaPYCeJUfsq18UNi5ln9xEZSPRdOue8Wl3hLRjZBAJLHzBpcl18AeskNYctp-8A","IgNWdiLGaPYCeJUfsq18UNi5ln9xEZSPRdOue8Wl3hLRjZBCduDyApZxg5BPuhRfnJvQvA"]
当前爆竹394035🧨，下一关需要480000🧨
可收取的爆竹大于0，去收取爆竹
收取成功，获得1876爆竹🧨
当前已开启的地图：新年烟火 
去做OLAY店铺任务
去做宝洁店铺任务
去做蒙牛店铺任务
去做欧莱雅店铺任务
去做伊利店铺任务
去做玩具乐器店铺任务
去做巴黎欧莱雅店铺任务
您的好友助力码为cgxZ-eQ3_AdjP4dC0a4zo6HWuopb8wXr-QP5slfTmXDdcA
连签得爆竹已做完
准备做此任务：开通英特尔品牌VIP会员
哎呀，加入品牌会员才能获得奖励哦
哎呀，加入品牌会员才能获得奖励哦
哎呀，加入品牌会员才能获得奖励哦
哎呀，加入品牌会员才能获得奖励哦
逛逛京东年货节主会场已做完
去玩趣味互动已做完
浏览精彩会场已做完
好友助力已经满啦！| 快去炸年兽分10亿红包吧~
好友助力已经满啦！| 快去炸年兽分10亿红包吧~
好友助力已经满啦！| 快去炸年兽分10亿红包吧~
好友助力已经满啦！| 快去炸年兽分10亿红包吧~
好友助力已经满啦！| 快去炸年兽分10亿红包吧~
好友助力已经满啦！| 快去炸年兽分10亿红包吧~
好友助力已经满啦！| 快去炸年兽分10亿红包吧~
活动太火爆，请稍后再试哦~
活动太火爆，请稍后再试哦~
好友助力已经满啦！| 快去炸年兽分10亿红包吧~
好友助力已经满啦！| 快去炸年兽分10亿红包吧~
好友助力已经满啦！| 快去炸年兽分10亿红包吧~
好友助力已经满啦！| 快去炸年兽分10亿红包吧~
好友助力已经满啦！| 快去炸年兽分10亿红包吧~

❗️京东炸年兽🧨, 错误!
TypeError: Cannot read property 'itemId' of undefined
    at /home/xinchun/www/jd-new/jd/scripts/jd_nian.js:614:64
    at got.post.then.message (/home/xinchun/www/jd-new/jd/scripts/jd_nian.js:1276:5772)
    at processTicksAndRejections (internal/process/task_queues.js:93:5)
好友助力已经满啦！| 快去炸年兽分10亿红包吧~
好友助力已经满啦！| 快去炸年兽分10亿红包吧~
好友助力已经满啦！| 快去炸年兽分10亿红包吧~
活动太火爆，请稍后再试哦~
好友助力已经满啦！| 快去炸年兽分10亿红包吧~
好友助力已经满啦！| 快去炸年兽分10亿红包吧~
好友已满级|不需要助力了哦
今日助力次数已用完 | 快去炸年兽分10亿红包吧~
好友助力已经满啦！| 快去炸年兽分10亿红包吧~
当前爆竹395911🧨，下一关需要480000🧨
任务已做完！
如有未完成的任务，请多执行几次。注：目前入会任务不会做
如出现taskVos错误的，请更新USER_AGENTS.js或使用自定义UA功能
京东账号2孤傲的小小瞒
当前爆竹395911🧨


🔔京东炸年兽🧨, 结束! 🕛 166.986 秒

