
🔔京东炸年兽🧨, 开始!
您的cookie选择的是用&隔开


====================共有2个京东账号Cookie=========

==================脚本执行- 北京时间(UTC+8)：2/3/2021, 9:00:02 AM=====================

开始获取京东炸年兽🧨配置文件

共2个京东账号

共2个京东账号

您提供了0个账号的京东炸年兽🧨PK助力码


******开始【京东账号1】迷糊虫啊*********

开始
第1个京东账号将要助力的好友["cgxZWifbeu-Wpm2AD0bol5Cu","cgxZ-tAo8DJqM5xu3ogeOY7OXkOQ2Lw_ympGPITqNcceAad8Y1ph2UOXS-LOq3PUCqmgYjpt-td3CYw18qw","cgxZdTXtIrzev12aC1eu5yr9cCz6N7HkgPrFkYPPzBDaaWjtjA3fokuFPMA","cgxZLWaFIb7S4gvPZ1jlo3Ru3_zhiy3nnTsS4mQaaZc"]
由于您第1个京东账号未提供shareCode,将采纳本脚本自带的助力码

第1个京东账号将要助力的PK好友["IgNWdiLGaPadvlqJQnnKp27-YpAvKvSYNTSkTGvZylf_0wcvqD9EMkohEd0","IgNWdiLGaPaZskfACQyhgLSpZWps-WtQEW3McifX","IgNWdiLGaPaAvmHPAQf769XqjJjMyRirPzN9-AS-WHY9Y_G7t9Cwe5gdiI2qEvHb","IgNWdiLGaPYCeJUfsq18UNi5ln9xEZSPRdOue8Wl3hJTS2SQzU0vulL0fHeULJaIfgqHFd7f_Kk","IgNWdiLGaPYCeJUfsq18UNi5ln9xEZSPRdOue8Wl3hLRjZBAJLHzBpcl18AeskNYctp-8A"]
当前爆竹348800🧨，下一关需要480000🧨
可收取的爆竹大于0，去收取爆竹
收取成功，获得1812爆竹🧨
组队尚未开启，请先去开启组队或是加入队伍！
去助力PK好友IgNWdiLGaPadvlqJQnnKp27-YpAvKvSYNTSkTGvZylf_0wcvqD9EMkohEd0
挑战已结束，马上就要瓜分红包了|快去看看吧！
去助力PK好友IgNWdiLGaPaZskfACQyhgLSpZWps-WtQEW3McifX
挑战已结束，马上就要瓜分红包了|快去看看吧！
去助力PK好友IgNWdiLGaPaAvmHPAQf769XqjJjMyRirPzN9-AS-WHY9Y_G7t9Cwe5gdiI2qEvHb
挑战已结束，马上就要瓜分红包了|快去看看吧！
去助力PK好友IgNWdiLGaPYCeJUfsq18UNi5ln9xEZSPRdOue8Wl3hJTS2SQzU0vulL0fHeULJaIfgqHFd7f_Kk
挑战已结束，马上就要瓜分红包了|快去看看吧！
去助力PK好友IgNWdiLGaPYCeJUfsq18UNi5ln9xEZSPRdOue8Wl3hLRjZBAJLHzBpcl18AeskNYctp-8A
挑战已结束，马上就要瓜分红包了|快去看看吧！
当前已开启的地图：新年烟火 
去做OLAY店铺任务
去做宝洁店铺任务
去做蒙牛店铺任务
去做欧莱雅店铺任务
去做伊利店铺任务
"Timeout awaiting 'request' for 10000ms"
京东炸年兽🧨 API请求失败，请检查网路重试
去做玩具乐器店铺任务
去做巴黎欧莱雅店铺任务
您的好友助力码为cgxZLmaBJ7vf6AnAREnKqewykQE31h--aQJY
连签得爆竹已做完
准备做此任务：去逛英特尔官方旗舰店
任务完成，获得8000爆竹🧨
这个任务做完啦~！
这个任务做完啦~！
准备做此任务：去开通耐克自营会员
哎呀，加入品牌会员才能获得奖励哦
哎呀，加入品牌会员才能获得奖励哦
哎呀，加入品牌会员才能获得奖励哦
哎呀，加入品牌会员才能获得奖励哦
哎呀，加入品牌会员才能获得奖励哦
逛逛京东年货节主会场已做完
去玩趣味互动已做完
好友助力已经满啦！| 快去炸年兽分10亿红包吧~
好友助力已经满啦！| 快去炸年兽分10亿红包吧~
好友助力已经满啦！| 快去炸年兽分10亿红包吧~
好友助力已经满啦！| 快去炸年兽分10亿红包吧~
当前爆竹358612🧨，下一关需要480000🧨
任务已做完！
如有未完成的任务，请多执行几次。注：目前入会任务不会做
如出现taskVos错误的，请更新USER_AGENTS.js或使用自定义UA功能
京东账号1迷糊虫啊
当前爆竹358612🧨


******开始【京东账号2】孤傲的小小瞒*********

开始
随机取20个码放到您固定的互助码后面(不影响已有固定互助)
第2个京东账号将要助力的好友["cgxZWifbeu_a6gmFRGbg6Lh1SmQdF0DUmQ","cgxZdTXtIu6J7ljIXVGv6VoOs61gdyYXgT0ctAtCCykLsWw5accav11_0dI","cgxZ-fMU8RF0M5dV3r4QOsLKNQRnjyuoh9haQkLPPMH6fJjgVIkoZy5ww_K-I2JJ","cgxZ-OAB8S5NPaJF0LUYNl1oYE9tdRYPs2e2kWz3RrqEMgqutLWhZlw","cgxZdTXtIOvSvFrJXAyp5_MXtMhGAWvBn_ySr5YFoScejEE6xwskMB0lJhU","cgxZLmKHJ77a6QrBAAPGr416V3HJr3Jtc2G3gMNmOKsGGy8WRw","cgxZdTXtIb7TuVydW1Gvve0FaeFyomBkYQDXwm8fsBbs-IK7ysJVc43bWo4","IgNWdiLGaPbe4wfNDwKp7wA5j8PTR3X8860txV9lIBdHTONdKpnjxsbz2Q","cgxZdTXtUsOevVOMVWHdlCEirrtxlSBJiT4P-YEx9XDFP7UIA1zMK-8","IgNWdiLGaPbS4w3PDAOr6S2fY_LW3vjZH_3i53JGCgrjLwNCFoc","cgxZdTXtILLbuFqaWQ2g5jQ-o9NnO7TaLHBdP1WlGDpM8X9Fb148oBTv-4I","cgxZdTXtILjS7QmaXQKp5nRva1I1yT2YPUHZxwAiNTyyjWLXYB6f2hrvcuc","cgxZdTXtef6rglyzenfSvavGGfApzir8PHFMu2JEEXXGEXGRcdmbJpg","cgxZdTXtIbra7AudXgL950uH-6efoOHEWbYphpA6qffiSsELIIR9smEBhuI","IgNWdiLGaPaYo1-XW134sQ25OTFra3s9ROmpuibPCeSqXG180I4aOQ","cgxZdyTWfe-PqFSQZ1jlo_sX4XOhbN5fNO2SdSXq-UA","cgxZdTXtIO7T6wfJWQCp712SZy7xLYWdqHkJo1rjXKKvXvOcFAb2W2hjvms","207bd422a8cb4fb099765245920fd495","cgxZdTXtTO2oqku2TFzQlL4d8b0HUCZlSizw5rio5Cr21fWtrGXwtKQ","cgxZdTXtYPq6jmqIWlvaicIMBvZapyHpscfsydXATwmXZfzfRlrPutI","cgxZ9soE8TBM99t8lknljO0pDVzWgpxEqTa3-bx1","cgxZdTXtI-6O6F3KWwf4vC4IHjVXWBtE8EDAfKHUK-s9U_lBibjkaNBmN5M","cgxZczjFcbjc4g6FRGatrocO8SKviu1ATg","cgxZdTXtI-vZ6AvNCgev7ivbkB4PaxR9djT0OObz5kjDV5YEqM4cjjOe44c"]
由于您第2个京东账号未提供shareCode,将采纳本脚本自带的助力码

第2个京东账号将要助力的PK好友["IgNWdiLGaPadvlqJQnnKp27-YpAvKvSYNTSkTGvZylf_0wcvqD9EMkohEd0","IgNWdiLGaPaZskfACQyhgLSpZWps-WtQEW3McifX","IgNWdiLGaPaAvmHPAQf769XqjJjMyRirPzN9-AS-WHY9Y_G7t9Cwe5gdiI2qEvHb","IgNWdiLGaPYCeJUfsq18UNi5ln9xEZSPRdOue8Wl3hJTS2SQzU0vulL0fHeULJaIfgqHFd7f_Kk","IgNWdiLGaPYCeJUfsq18UNi5ln9xEZSPRdOue8Wl3hLRjZBAJLHzBpcl18AeskNYctp-8A","IgNWdiLGaPYCeJUfsq18UNi5ln9xEZSPRdOue8Wl3hLRjZBCduDyApZxg5BPuhRfnJvQvA"]
当前爆竹397633🧨，下一关需要480000🧨
可收取的爆竹大于0，去收取爆竹
收取成功，获得1892爆竹🧨
组队尚未开启，请先去开启组队或是加入队伍！
去助力PK好友IgNWdiLGaPadvlqJQnnKp27-YpAvKvSYNTSkTGvZylf_0wcvqD9EMkohEd0
挑战已结束，马上就要瓜分红包了|快去看看吧！
去助力PK好友IgNWdiLGaPaZskfACQyhgLSpZWps-WtQEW3McifX
挑战已结束，马上就要瓜分红包了|快去看看吧！
去助力PK好友IgNWdiLGaPaAvmHPAQf769XqjJjMyRirPzN9-AS-WHY9Y_G7t9Cwe5gdiI2qEvHb
挑战已结束，马上就要瓜分红包了|快去看看吧！
去助力PK好友IgNWdiLGaPYCeJUfsq18UNi5ln9xEZSPRdOue8Wl3hJTS2SQzU0vulL0fHeULJaIfgqHFd7f_Kk
挑战已结束，马上就要瓜分红包了|快去看看吧！
去助力PK好友IgNWdiLGaPYCeJUfsq18UNi5ln9xEZSPRdOue8Wl3hLRjZBAJLHzBpcl18AeskNYctp-8A
挑战已结束，马上就要瓜分红包了|快去看看吧！
去助力PK好友IgNWdiLGaPYCeJUfsq18UNi5ln9xEZSPRdOue8Wl3hLRjZBCduDyApZxg5BPuhRfnJvQvA
挑战已结束，马上就要瓜分红包了|快去看看吧！
当前已开启的地图：新年烟火 
去做OLAY店铺任务
去做宝洁店铺任务
去做蒙牛店铺任务
去做欧莱雅店铺任务
去做伊利店铺任务
去做玩具乐器店铺任务
去做巴黎欧莱雅店铺任务
您的好友助力码为cgxZ-eQ3_AdjP4dC0a4zo6HWuopb8wXr-QP5slfTmXDdcA
连签得爆竹已做完
准备做此任务：去逛英特尔官方旗舰店
任务完成，获得8000爆竹🧨
这个任务做完啦~！
这个任务做完啦~！
准备做此任务：开通英特尔品牌VIP会员
哎呀，加入品牌会员才能获得奖励哦
哎呀，加入品牌会员才能获得奖励哦
哎呀，加入品牌会员才能获得奖励哦
哎呀，加入品牌会员才能获得奖励哦
逛逛京东年货节主会场已做完
去玩趣味互动已做完
好友助力已经满啦！| 快去炸年兽分10亿红包吧~
好友助力已经满啦！| 快去炸年兽分10亿红包吧~
好友助力已经满啦！| 快去炸年兽分10亿红包吧~
好友助力已经满啦！| 快去炸年兽分10亿红包吧~
好友助力已经满啦！| 快去炸年兽分10亿红包吧~
好友助力已经满啦！| 快去炸年兽分10亿红包吧~
好友助力已经满啦！| 快去炸年兽分10亿红包吧~

❗️京东炸年兽🧨, 错误!
TypeError: Cannot read property 'itemId' of undefined
    at /home/xinchun/www/jd-new/jd/scripts/jd_nian.js:614:64
    at got.post.then.message (/home/xinchun/www/jd-new/jd/scripts/jd_nian.js:1276:5772)
    at processTicksAndRejections (internal/process/task_queues.js:93:5)
好友已满级|不需要助力了哦

❗️京东炸年兽🧨, 错误!
TypeError: Cannot read property 'itemId' of undefined
    at /home/xinchun/www/jd-new/jd/scripts/jd_nian.js:614:64
    at got.post.then.message (/home/xinchun/www/jd-new/jd/scripts/jd_nian.js:1276:5772)
    at processTicksAndRejections (internal/process/task_queues.js:93:5)
好友助力已经满啦！| 快去炸年兽分10亿红包吧~
好友助力已经满啦！| 快去炸年兽分10亿红包吧~
好友已满级|不需要助力了哦
好友助力已经满啦！| 快去炸年兽分10亿红包吧~

❗️京东炸年兽🧨, 错误!
TypeError: Cannot read property 'itemId' of undefined
    at /home/xinchun/www/jd-new/jd/scripts/jd_nian.js:614:64
    at got.post.then.message (/home/xinchun/www/jd-new/jd/scripts/jd_nian.js:1276:5772)
    at processTicksAndRejections (internal/process/task_queues.js:93:5)
好友助力已经满啦！| 快去炸年兽分10亿红包吧~
好友助力已经满啦！| 快去炸年兽分10亿红包吧~
好友助力已经满啦！| 快去炸年兽分10亿红包吧~
好友助力已经满啦！| 快去炸年兽分10亿红包吧~
好友助力已经满啦！| 快去炸年兽分10亿红包吧~
好友已满级|不需要助力了哦
好友助力已经满啦！| 快去炸年兽分10亿红包吧~
好友助力已经满啦！| 快去炸年兽分10亿红包吧~
当前爆竹407525🧨，下一关需要480000🧨
任务已做完！
如有未完成的任务，请多执行几次。注：目前入会任务不会做
如出现taskVos错误的，请更新USER_AGENTS.js或使用自定义UA功能
京东账号2孤傲的小小瞒
当前爆竹407525🧨


🔔京东炸年兽🧨, 结束! 🕛 198.863 秒

