
🔔京东炸年兽🧨, 开始!
您的cookie选择的是用&隔开


====================共有2个京东账号Cookie=========

==================脚本执行- 北京时间(UTC+8)：2/3/2021, 2:00:02 AM=====================

开始获取京东炸年兽🧨配置文件

共2个京东账号

共2个京东账号

您提供了0个账号的京东炸年兽🧨PK助力码


******开始【京东账号1】迷糊虫啊*********

开始
第1个京东账号将要助力的好友["cgxZWifbeu-Wpm2AD0bol5Cu","cgxZ-tAo8DJqM5xu3ogeOY7OXkOQ2Lw_ympGPITqNcceAad8Y1ph2UOXS-LOq3PUCqmgYjpt-td3CYw18qw","cgxZdTXtIrzev12aC1eu5yr9cCz6N7HkgPrFkYPPzBDaaWjtjA3fokuFPMA","cgxZLWaFIb7S4gvPZ1jlo3Ru3_zhiy3nnTsS4mQaaZc"]
由于您第1个京东账号未提供shareCode,将采纳本脚本自带的助力码

开始
第1个京东账号将要助力的PK好友["IgNWdiLGaPadvlqJQnnKp27-YpAvKvSYNTSkTGvZylf_0wcvqD9EMkohEd0","IgNWdiLGaPaZskfACQyhgLSpZWps-WtQEW3McifX","IgNWdiLGaPaAvmHPAQf769XqjJjMyRirPzN9-AS-WHY9Y_G7t9Cwe5gdiI2qEvHb","IgNWdiLGaPYCeJUfsq18UNi5ln9xEZSPRdOue8Wl3hJTS2SQzU0vulL0fHeULJaIfgqHFd7f_Kk","IgNWdiLGaPYCeJUfsq18UNi5ln9xEZSPRdOue8Wl3hLRjZBAJLHzBpcl18AeskNYctp-8A"]
当前爆竹279608🧨，下一关需要480000🧨
可收取的爆竹大于0，去收取爆竹
收取成功，获得1820爆竹🧨
当前已开启的地图：新年烟火 
去做OLAY店铺任务
去做宝洁店铺任务
去做蒙牛店铺任务
"Timeout awaiting 'request' for 10000ms"
京东炸年兽🧨 API请求失败，请检查网路重试
去做欧莱雅店铺任务
去做伊利店铺任务
去做玩具乐器店铺任务
去做巴黎欧莱雅店铺任务
"Timeout awaiting 'request' for 10000ms"
京东炸年兽🧨 API请求失败，请检查网路重试
您的好友助力码为cgxZLmaBJ7vf6AnAREnKqewykQE31h--aQJY
连签得爆竹已做完
准备做此任务：去开通耐克自营会员
哎呀，加入品牌会员才能获得奖励哦
哎呀，加入品牌会员才能获得奖励哦
哎呀，加入品牌会员才能获得奖励哦
哎呀，加入品牌会员才能获得奖励哦
哎呀，加入品牌会员才能获得奖励哦
逛逛京东年货节主会场已做完
去玩趣味互动已做完
准备做此任务：去年货新品赏赢京豆
任务上报成功
任务已完成，获得5000爆竹🧨
任务上报成功
任务已完成，获得5000爆竹🧨
任务上报成功
任务已完成，获得5000爆竹🧨
任务上报成功
任务已完成，获得5000爆竹🧨
好友助力已经满啦！| 快去炸年兽分10亿红包吧~
好友助力已经满啦！| 快去炸年兽分10亿红包吧~
好友助力已经满啦！| 快去炸年兽分10亿红包吧~
好友助力已经满啦！| 快去炸年兽分10亿红包吧~
当前爆竹301428🧨，下一关需要480000🧨
任务已做完！
如有未完成的任务，请多执行几次。注：目前入会任务不会做
如出现taskVos错误的，请更新USER_AGENTS.js或使用自定义UA功能
京东账号1迷糊虫啊
当前爆竹301428🧨


******开始【京东账号2】孤傲的小小瞒*********

开始
随机取20个码放到您固定的互助码后面(不影响已有固定互助)
第2个京东账号将要助力的好友["cgxZWifbeu_a6gmFRGbg6Lh1SmQdF0DUmQ","cgxZdTXtIu6J7ljIXVGv6VoOs61gdyYXgT0ctAtCCykLsWw5accav11_0dI","cgxZ-fMU8RF0M5dV3r4QOsLKNQRnjyuoh9haQkLPPMH6fJjgVIkoZy5ww_K-I2JJ","cgxZ-OAB8S5NPaJF0LUYNl1oYE9tdRYPs2e2kWz3RrqEMgqutLWhZlw","cgxZdTXtZfqOtFKeXWz6reW6XJbY-5Auo9g1OS13GT7WsqEMiPG3yJQ","cgxZbDnHffmCs0iQSFjvr-JYo009xFrwIVXkIDRuSY8qh9csZQ","cgxZbDDeYPO1hUKFa2r4qBRj54uxVeI","cgxZZTjcc7_b4mGUREnK5hwbd0BlKMKN898d","cgxZ-vQE_AZcPbVu3I0Fo5E9x2t2tnCAjudhXGQkx96lPQ","cgxZ-t4E8xNXhUKFa1Spk8UJtxoLcsY","cgxZLmSCIbLc6w7PAQPGr_d5sR_nEGGdPbRhMVG_-rVFMNdBEQ","cgxZdTXtI7mLvgefW1D_6jQ1igtBBoD-zsoO2POZb0nY_6wXjcnS_eUzNfE","cgxZdTXtUNOPmFuVXGDYlIU3N8doqITVsM6kxKb57nlBggqn-WojkzA","cgxZ-tw88T5XP4523ZgJo-5EUHxJpf1GqcKHpySqLUYb_A","cgxZdTXtR_-ilm2IdGf_rIljCsa3vlYdDrZ1iG4MPgKVXMn6ljuXxVo","cgxZdTXtIu7buV3OCwWg5hweE_ynVuqgMJ0pyNzRgj1W6C5eCQ4adbKsyaY","cgxZdTXtIemOuQuYAAKp7kHt-fMJ6zONIhRGEfj7TeUri1AbEnzm9y3oT0o","cgxZdTXtIbyJ6F3JAFSv6IbLlF2gUpnoX_PXbDRxcLN-0c3cFj-UoEKF2Jc","cgxZdTXtZ9KHmWy4dH_wtxtjMQGkYe-922xlPVQhA98gy2I72Jz6XPg","cgxZdTXtILja6QzICQOg6qyCugFEMWWpTrboXYO3Pz4lo2cVsp89rgQyFTI","cgxZdTXtIOnb7lvMCVetvHDDOuYDd3pIyq5kpKwqA-cEpG8k0Uxp1tUBAE0","cgxZdTXtTN-5sFO9blvJlQoASsZooWvUpiCbtBTzF2WUZWtMAB87G6Y","cgxZcjneeeKApkKqDAPMqVACfGY","cgxZdTXtIbPbuwzPAAyu6uwgWAWl4Y8szPIvFit2nJyo7Oa1Rn-G7XlZ_IM"]
由于您第2个京东账号未提供shareCode,将采纳本脚本自带的助力码

开始
随机取20个PK助力码放到您固定的互助码后面(不影响已有固定互助)
第2个京东账号将要助力的PK好友["IgNWdiLGaPadvlqJQnnKp27-YpAvKvSYNTSkTGvZylf_0wcvqD9EMkohEd0","IgNWdiLGaPaZskfACQyhgLSpZWps-WtQEW3McifX","IgNWdiLGaPaAvmHPAQf769XqjJjMyRirPzN9-AS-WHY9Y_G7t9Cwe5gdiI2qEvHb","IgNWdiLGaPYCeJUfsq18UNi5ln9xEZSPRdOue8Wl3hJTS2SQzU0vulL0fHeULJaIfgqHFd7f_Kk","IgNWdiLGaPYCeJUfsq18UNi5ln9xEZSPRdOue8Wl3hLRjZBAJLHzBpcl18AeskNYctp-8A","IgNWdiLGaPYCeJUfsq18UNi5ln9xEZSPRdOue8Wl3hLRjZBCduDyApZxg5BPuhRfnJvQvA","IgNWdiLGaPaAvmHMXFGpvvUT1azL9-ddtozVVZCb4dJZUJ3x2j2XqRwZSMx2AdXl","IgNWdiLGaPbb7gfMCgSg7cMbnl3yW_o8ENatzUHYVxwbNw","IgNWdiLGaPYPfqIcgaB9Z5JN87JhPSONoyw1nqH02hjhExfflRyH6caOL56lbxMS3YoO2A","IgNWdiLGaPbf6wrLDwyp5yl666cFX_e71suXpDG47Po3PxCOomQ","IgNWdiLGaPaAvmHODQX96VWlRvRr6d3fijkKCqB1JMrI4BbNOmNeQdeEt3eR_S1a","IgNWdiLGaPans0SMS2qpo5bFypAKR6nGrc8","IgNWdiLGaPaTo1mNCQSs53Q7f0HkIMasUcHMHuXdS-8","IgNWdiLGaPbb6wzMCAyp63wisZFSFtsYCX-DtZnL4MZaD5IEHOR4c2CaIzE","IgNWdiLGaPYPSpIepbVwQMX1-EtA1hXOLrjcLzd2pvaH0KYi8UqGTH53uSzQ17xlpKvmWsNIed4DPA","IgNWdiLGaPaZ6A7LCwag5wjU1ekqoWZ3G-AwowaEmNVeFz7M8q0lBHAkm6hqQQ","IgNWdiLGaPbe4wzPCAKu6UGmp1PhjjDOjtec7UBVLlv5Rr9HNa4","IgNWdiLGaPaFqk2NTGqpo-A71hXoUPxnGHk","IgNWdiLGaPaAvmHOAVeu7ZLkmuFhMEvLkV7ias-VJs46XKisFVvz5fsg6OkJpi-o","IgNWdiLGaPaAvmHNAQKp6rgvcoMWe9zCZ-f0cU_w5E-9-PaiNC63QwNSMU4sf_Y","IgNWdiLGaPaAvmHNCgKo6FZwsErB6TkN-yCwg-Zy8LiDDJAzzADTiPE27R4e5dNH","IgNWdiLGaPYPTIsciLp9Y_ylailacpoNwb2gMUSYxA0HPQ4nn5sfhLM","IgNWdiLGaPYOZ54foJp_V7bU_VPZZJ-4fA2tIuBKXbr-RaJ4Cm0-qFqydOp11NM","IgNWdiLGaPaAvmGwV0HtvSPJjJyzKqW46nZaIZCB4Rx8_uitEgHh4M_e-G_tIQ","IgNWdiLGaPacuV2dXQTG7yucfX0SJpxOty4y3g","IgNWdiLGaPaAvmHMXAf951ber76kp_RhlORBe927pmVVMTQ06BS2FEUf7P2YhW-n"]
当前爆竹325441🧨，下一关需要480000🧨
可收取的爆竹大于0，去收取爆竹
收取成功，获得1940爆竹🧨
当前已开启的地图：新年烟火 
去做OLAY店铺任务
去做宝洁店铺任务
去做蒙牛店铺任务
去做欧莱雅店铺任务
去做伊利店铺任务
去做玩具乐器店铺任务
去做巴黎欧莱雅店铺任务
您的好友助力码为cgxZ-eQ3_AdjP4dC0a4zo6HWuopb8wXr-QP5slfTmXDdcA
连签得爆竹已做完
准备做此任务：开通英特尔品牌VIP会员
哎呀，加入品牌会员才能获得奖励哦
哎呀，加入品牌会员才能获得奖励哦
哎呀，加入品牌会员才能获得奖励哦
哎呀，加入品牌会员才能获得奖励哦
逛逛京东年货节主会场已做完
去玩趣味互动已做完
准备做此任务：去年货新品赏赢京豆
任务上报成功
任务已完成，获得5000爆竹🧨
任务上报成功
任务已完成，获得5000爆竹🧨
任务上报成功
任务已完成，获得5000爆竹🧨
任务上报成功
任务已完成，获得5000爆竹🧨
好友助力已经满啦！| 快去炸年兽分10亿红包吧~
好友助力已经满啦！| 快去炸年兽分10亿红包吧~
好友助力已经满啦！| 快去炸年兽分10亿红包吧~
好友助力已经满啦！| 快去炸年兽分10亿红包吧~
好友助力已经满啦！| 快去炸年兽分10亿红包吧~
好友助力已经满啦！| 快去炸年兽分10亿红包吧~
好友助力已经满啦！| 快去炸年兽分10亿红包吧~
好友已满级|不需要助力了哦
好友助力已经满啦！| 快去炸年兽分10亿红包吧~
好友助力已经满啦！| 快去炸年兽分10亿红包吧~
好友助力已经满啦！| 快去炸年兽分10亿红包吧~
好友助力已经满啦！| 快去炸年兽分10亿红包吧~
好友助力已经满啦！| 快去炸年兽分10亿红包吧~
好友助力已经满啦！| 快去炸年兽分10亿红包吧~
好友助力已经满啦！| 快去炸年兽分10亿红包吧~
好友助力已经满啦！| 快去炸年兽分10亿红包吧~
好友助力已经满啦！| 快去炸年兽分10亿红包吧~
今日助力次数已用完 | 快去炸年兽分10亿红包吧~
好友助力已经满啦！| 快去炸年兽分10亿红包吧~
好友助力已经满啦！| 快去炸年兽分10亿红包吧~
今日助力次数已用完 | 快去炸年兽分10亿红包吧~
好友助力已经满啦！| 快去炸年兽分10亿红包吧~
好友助力已经满啦！| 快去炸年兽分10亿红包吧~
好友助力已经满啦！| 快去炸年兽分10亿红包吧~
当前爆竹347381🧨，下一关需要480000🧨
任务已做完！
如有未完成的任务，请多执行几次。注：目前入会任务不会做
如出现taskVos错误的，请更新USER_AGENTS.js或使用自定义UA功能
京东账号2孤傲的小小瞒
当前爆竹347381🧨


🔔京东炸年兽🧨, 结束! 🕛 287.101 秒

