
🔔京东炸年兽🧨, 开始!
您的cookie选择的是用&隔开


====================共有2个京东账号Cookie=========

==================脚本执行- 北京时间(UTC+8)：2/4/2021, 12:00:03 AM=====================

开始获取京东炸年兽🧨配置文件

共2个京东账号

共2个京东账号

您提供了0个账号的京东炸年兽🧨PK助力码


******开始【京东账号1】迷糊虫啊*********

开始
第1个京东账号将要助力的好友["cgxZWifbeu-Wpm2AD0bol5Cu","cgxZ-tAo8DJqM5xu3ogeOY7OXkOQ2Lw_ympGPITqNcceAad8Y1ph2UOXS-LOq3PUCqmgYjpt-td3CYw18qw","cgxZdTXtIrzev12aC1eu5yr9cCz6N7HkgPrFkYPPzBDaaWjtjA3fokuFPMA","cgxZLWaFIb7S4gvPZ1jlo3Ru3_zhiy3nnTsS4mQaaZc"]
由于您第1个京东账号未提供shareCode,将采纳本脚本自带的助力码

开始
第1个京东账号将要助力的PK好友["IgNWdiLGaPadvlqJQnnKp27-YpAvKvSYNTSkTGvZylf_0wcvqD9EMkohEd0","IgNWdiLGaPaZskfACQyhgLSpZWps-WtQEW3McifX","IgNWdiLGaPaAvmHPAQf769XqjJjMyRirPzN9-AS-WHY9Y_G7t9Cwe5gdiI2qEvHb","IgNWdiLGaPYCeJUfsq18UNi5ln9xEZSPRdOue8Wl3hJTS2SQzU0vulL0fHeULJaIfgqHFd7f_Kk","IgNWdiLGaPYCeJUfsq18UNi5ln9xEZSPRdOue8Wl3hLRjZBAJLHzBpcl18AeskNYctp-8A"]
当前爆竹410792🧨，下一关需要480000🧨
可收取的爆竹大于0，去收取爆竹
收取成功，获得1822爆竹🧨
去领取植选高蛋白原味植物奶优惠券
劵被抢光啦~
去领取立丰广式腊肠1斤装优惠券
领取成功，获得3000爆竹🧨
去领取OLAY淡斑小白瓶40ml优惠券
领取成功，获得3000爆竹🧨
当前已开启的地图：新年烟火 
"Timeout awaiting 'request' for 10000ms"
京东炸年兽🧨 API请求失败，请检查网路重试
去做OLAY店铺任务
去做每日签到任务
任务完成，获得100爆竹🧨
准备做此任务：去逛OLAY自营旗舰店
任务完成，获得100爆竹🧨
准备做此任务：去逛OLAY狂欢礼遇会场
任务完成，获得100爆竹🧨
准备做此任务：浏览OLAY年货节会场
"Timeout awaiting 'request' for 10000ms"
京东炸年兽🧨 API请求失败，请检查网路重试
任务完成，获得100爆竹🧨
准备做此任务：逛OLAY直播抢正装
任务完成，获得100爆竹🧨
去做宝洁店铺任务
去做每日签到任务
任务完成，获得100爆竹🧨
准备做此任务：去逛宝洁旗舰店
任务完成，获得100爆竹🧨
准备做此任务：浏览宝洁会员福利会场
任务完成，获得100爆竹🧨
准备做此任务：浏览宝洁洗护会场
任务完成，获得100爆竹🧨
准备做此任务：浏览宝洁低价尝鲜会场
任务完成，获得100爆竹🧨
去做蒙牛店铺任务
去做每日签到任务
任务完成，获得100爆竹🧨
准备做此任务：去逛蒙牛自营店铺
任务完成，获得100爆竹🧨
准备做此任务：浏览蒙牛会员福利页
任务完成，获得100爆竹🧨
准备做此任务：浏览特仑苏会场
任务完成，获得100爆竹🧨
准备做此任务：浏览蒙牛新品会场
任务完成，获得100爆竹🧨
去做欧莱雅店铺任务
去做每日签到任务
任务完成，获得100爆竹🧨
准备做此任务：去逛巴黎欧莱雅京东自营旗舰店
任务完成，获得100爆竹🧨
准备做此任务：浏览欧莱雅会员福利会场
任务完成，获得100爆竹🧨
准备做此任务：浏览巴黎欧莱雅女士护肤会场
任务完成，获得100爆竹🧨
准备做此任务：加入欧莱雅粉丝福利群
任务完成，获得100爆竹🧨
去做伊利店铺任务
去做每日签到任务
任务完成，获得100爆竹🧨
准备做此任务：去逛伊利牛奶京东自营旗舰店
任务完成，获得100爆竹🧨
准备做此任务：浏览伊利会员福利会场
任务完成，获得100爆竹🧨
准备做此任务：浏览伊利牛奶会场
任务完成，获得100爆竹🧨
准备做此任务：加入伊利牛奶粉丝福利群
任务完成，获得100爆竹🧨
去做玩具乐器店铺任务
去做每日签到任务
任务完成，获得100爆竹🧨
准备做此任务：去逛乐高店铺
任务完成，获得100爆竹🧨
准备做此任务：浏览乐高®会员页
任务完成，获得100爆竹🧨
准备做此任务：浏览乐高®玩具会场
任务完成，获得100爆竹🧨
准备做此任务：浏览乐高®新品
任务完成，获得100爆竹🧨
去做巴黎欧莱雅店铺任务
去抽奖：1/5
抽奖成功，获得优惠卷
去抽奖：2/5
抽奖成功，获得优惠卷
去抽奖：3/5
抽奖成功，获得优惠卷
去抽奖：4/5
抽奖成功，获得{"awardType":5,"cardInfoVO":{"brandCard":true,"cardBaseInfo":"https://m.360buyimg.com/babel/jfs/t1/156659/32/7123/144701/600ae62bE8b568928/b8c1504e0d63e40d.png","cardNo":"1-0204-1ee862cf0b5247fe84848398ce04110b","cardType":1,"shopId":1000002662},"lotteryNum":1,"status":1}
去抽奖：5/5
抽奖成功，获得优惠卷
您的好友助力码为cgxZLmaBJ7vf6AnAREnKqewykQE31h--aQJY
准备做此任务：连签得爆竹
任务完成，获得2000爆竹🧨
准备做此任务：美妆年货好礼
任务上报成功
任务已完成，获得8000爆竹🧨
任务上报成功
任务已完成，获得8000爆竹🧨
任务上报成功
任务已完成，获得8000爆竹🧨
任务上报成功
任务已完成，获得8000爆竹🧨
任务上报成功
任务已完成，获得8000爆竹🧨
任务上报成功
任务已完成，获得8000爆竹🧨
准备做此任务：逛戴尔自营官方旗舰店
任务上报成功
任务已完成，获得8000爆竹🧨
任务上报成功
任务已完成，获得8000爆竹🧨
任务上报成功
任务已完成，获得8000爆竹🧨
任务上报成功
任务已完成，获得8000爆竹🧨
任务上报成功
任务已完成，获得8000爆竹🧨
任务上报成功
任务已完成，获得8000爆竹🧨
任务上报成功
任务已完成，获得8000爆竹🧨
任务上报成功
任务已完成，获得8000爆竹🧨
任务上报成功
任务已完成，获得8000爆竹🧨
任务上报成功
任务已完成，获得8000爆竹🧨
准备做此任务：去逛“甄选优品”
任务完成，获得0爆竹🧨
任务完成，获得0爆竹🧨
任务完成，获得0爆竹🧨
任务完成，获得0爆竹🧨
任务完成，获得10000爆竹🧨
任务完成，获得0爆竹🧨
任务完成，获得0爆竹🧨
任务完成，获得0爆竹🧨
任务完成，获得0爆竹🧨
任务完成，获得10000爆竹🧨
任务完成，获得0爆竹🧨
任务完成，获得0爆竹🧨
任务完成，获得0爆竹🧨
任务完成，获得0爆竹🧨
任务完成，获得10000爆竹🧨
任务完成，获得0爆竹🧨
任务完成，获得0爆竹🧨
任务完成，获得0爆竹🧨
任务完成，获得0爆竹🧨
任务完成，获得10000爆竹🧨
准备做此任务：去领100元压岁钱
任务完成，获得3000爆竹🧨
任务完成，获得3000爆竹🧨
准备做此任务：加入OLAY品牌会员
任务完成，获得3000爆竹🧨
任务完成，获得3000爆竹🧨
任务完成，获得3000爆竹🧨
哎呀，加入品牌会员才能获得奖励哦
任务完成，获得3000爆竹🧨
哎呀，加入品牌会员才能获得奖励哦
哎呀，加入品牌会员才能获得奖励哦
任务完成，获得3000爆竹🧨
哎呀，加入品牌会员才能获得奖励哦
哎呀，加入品牌会员才能获得奖励哦
好友助力已经满啦！| 快去炸年兽分10亿红包吧~
好友已满级|不需要助力了哦
好友助力已经满啦！| 快去炸年兽分10亿红包吧~
好友助力已经满啦！| 快去炸年兽分10亿红包吧~
当前爆竹612614🧨，下一关需要480000🧨
任务已做完！
如有未完成的任务，请多执行几次。注：目前入会任务不会做
如出现taskVos错误的，请更新USER_AGENTS.js或使用自定义UA功能
京东账号1迷糊虫啊
当前爆竹612614🧨


******开始【京东账号2】孤傲的小小瞒*********

开始
随机取20个码放到您固定的互助码后面(不影响已有固定互助)
第2个京东账号将要助力的好友["cgxZWifbeu_a6gmFRGbg6Lh1SmQdF0DUmQ","cgxZdTXtIu6J7ljIXVGv6VoOs61gdyYXgT0ctAtCCykLsWw5accav11_0dI","cgxZ-fMU8RF0M5dV3r4QOsLKNQRnjyuoh9haQkLPPMH6fJjgVIkoZy5ww_K-I2JJ","cgxZ-OAB8S5NPaJF0LUYNl1oYE9tdRYPs2e2kWz3RrqEMgqutLWhZlw","cgxZdTXtIbqP6QuYWlatvAA-a0eriVwFM15ORT-fkED3PbHconsjzcrhnPA","cgxZdzDAZuOZtVCmX0D2gNFy3-QSDdTn231buWxWoaVpW7grEGJuFeGjN4M","cgxZdTXtIriIuQqcXAT_7XXWrFzYFBeIrYh1Kai7wUkd6Om29qTLQa70avw","cgxZKmWLILPa6g3UDAKp6Lfb5HrhmAyNGS7XfsNHqgu9wcJ_bSYuAb8","cgxZdTXtIr3auVrOCQGsu1WZ9tZ8bB7Y8rV8DIMpho0ZgKEgN9cO2gabOVo","cgxZdTXtRumtolO3cUHylMobat8SXJdYmbredJ8PCSxDQUUnXXmxzNs","cgxZaDjXbuKPtA_KDQWt5im9tPm-eReT4CqMClz2uEdcL1mJlYxLfY5az1gXsBDE","cgxZZjbTfLzY60KFawyvsFHdueTV9aI","cgxZdTXtVv2TlG6RaVTXtcpld0DrJ4cOUKT2djPBeZ7wq6u437Lzi0w","cgxZbDTXeO-LtFmcVGr0o7YhWwYSRALgBu-P3Nfeoc5qKw","cgxZdTXtIbLS6wvJWgH6vjFHOto9m2VCMS9DhtfXqiNaFtJVG5-gl22fpXw","IgNWdiLGaPbb6QfIAAyu6DhSdP2l_rxQcqp7_oR9AvXmfA","cgxZKWeBIb_a7AfUDgWr6Hjt7gKI1Mkeg-yxCyJSgJ0d9tUcu07AHJA","cgxZdTXtY8mcsFypdVjerbYYpWKk4b5Z7mR9xd8gEltI0jL7DChg1PE","cgxZLmKLLLzd7hPICwGu6nXtLQv4oCoEtTgcgBCapJIs8Zp3E96M","cgxZdTXtIbPevg-cXVT7vtmXxMyMn5d7HVLPUltM6sMPYXF7QAL7yl0vEU0","cgxZ-doP8gFXM69S3I0vo1k-8p0Wy_pVbYtgm83DWgWmRg","cgxZdTXtI-iP6ArMAFD6vep258MX2rLFAH2ebTod2YFzWoxgnwrK7g8KoS4","cgxZLWKGI7je6Q3IFQSt62dIej-u2IkyvV42Rj8HIWNC3WEQ_tIg9iCh1vs","cgxZfDnRJ7zapkKqD1TMuI6nlc0"]
由于您第2个京东账号未提供shareCode,将采纳本脚本自带的助力码

开始
第2个京东账号将要助力的PK好友["IgNWdiLGaPadvlqJQnnKp27-YpAvKvSYNTSkTGvZylf_0wcvqD9EMkohEd0","IgNWdiLGaPaZskfACQyhgLSpZWps-WtQEW3McifX","IgNWdiLGaPaAvmHPAQf769XqjJjMyRirPzN9-AS-WHY9Y_G7t9Cwe5gdiI2qEvHb","IgNWdiLGaPYCeJUfsq18UNi5ln9xEZSPRdOue8Wl3hJTS2SQzU0vulL0fHeULJaIfgqHFd7f_Kk","IgNWdiLGaPYCeJUfsq18UNi5ln9xEZSPRdOue8Wl3hLRjZBAJLHzBpcl18AeskNYctp-8A","IgNWdiLGaPYCeJUfsq18UNi5ln9xEZSPRdOue8Wl3hLRjZBCduDyApZxg5BPuhRfnJvQvA"]
当前爆竹429115🧨，下一关需要480000🧨
可收取的爆竹大于0，去收取爆竹
去领取植选高蛋白原味植物奶优惠券
随机取20个PK助力码放到您固定的互助码后面(不影响已有固定互助)
活动太火爆了
去领取立丰广式腊肠1斤装优惠券
活动太火爆了
去领取OLAY淡斑小白瓶40ml优惠券
活动太火爆了
当前已开启的地图：新年烟火 
去做OLAY店铺任务
去做每日签到任务
活动太火爆了
准备做此任务：去逛OLAY自营旗舰店
活动太火爆了
准备做此任务：去逛OLAY狂欢礼遇会场
活动太火爆了
准备做此任务：浏览OLAY年货节会场
活动太火爆了
准备做此任务：逛OLAY直播抢正装
活动太火爆了
去做宝洁店铺任务
去做每日签到任务
活动太火爆了
准备做此任务：去逛宝洁旗舰店
活动太火爆了
准备做此任务：浏览宝洁会员福利会场
活动太火爆了
准备做此任务：浏览宝洁洗护会场
活动太火爆了
准备做此任务：浏览宝洁低价尝鲜会场
活动太火爆了
去做蒙牛店铺任务
去做每日签到任务
活动太火爆了
准备做此任务：去逛蒙牛自营店铺
活动太火爆了
准备做此任务：浏览蒙牛会员福利页
活动太火爆了
准备做此任务：浏览特仑苏会场
活动太火爆了
准备做此任务：浏览蒙牛新品会场
活动太火爆了
去做欧莱雅店铺任务
去做每日签到任务
活动太火爆了
准备做此任务：去逛巴黎欧莱雅京东自营旗舰店
活动太火爆了
准备做此任务：浏览欧莱雅会员福利会场
活动太火爆了
准备做此任务：浏览巴黎欧莱雅女士护肤会场
活动太火爆了
准备做此任务：加入欧莱雅粉丝福利群
活动太火爆了
去做伊利店铺任务
去做每日签到任务
活动太火爆了
准备做此任务：去逛伊利牛奶京东自营旗舰店
活动太火爆了
准备做此任务：浏览伊利会员福利会场
活动太火爆了
准备做此任务：浏览伊利牛奶会场
活动太火爆了
准备做此任务：加入伊利牛奶粉丝福利群
活动太火爆了
去做玩具乐器店铺任务
去做每日签到任务
活动太火爆了
准备做此任务：去逛乐高店铺
活动太火爆了
准备做此任务：浏览乐高®会员页
活动太火爆了
准备做此任务：浏览乐高®玩具会场
活动太火爆了
准备做此任务：浏览乐高®新品
活动太火爆了
去做巴黎欧莱雅店铺任务
去做每日签到任务
活动太火爆了
准备做此任务：去逛巴黎欧莱雅京东自营旗舰店
活动太火爆了
准备做此任务：浏览欧莱雅会员福利会场
活动太火爆了
准备做此任务：浏览巴黎欧莱雅女士护肤会场
活动太火爆了
准备做此任务：加入欧莱雅粉丝福利群
活动太火爆了
您的好友助力码为cgxZ-eQ3_AdjP4dC0a4zo6HWuopb8wXr-QP5slfTmXDdcA
准备做此任务：连签得爆竹
活动太火爆了
准备做此任务：美妆年货好礼
活动太火爆了
活动太火爆了
活动太火爆了
活动太火爆了
活动太火爆了
活动太火爆了
准备做此任务：逛英特尔京东官方旗舰店
活动太火爆了
活动太火爆了
活动太火爆了
活动太火爆了
活动太火爆了
活动太火爆了
活动太火爆了
活动太火爆了
活动太火爆了
活动太火爆了
准备做此任务：去逛“甄选优品”
活动太火爆了
活动太火爆了
活动太火爆了
活动太火爆了
活动太火爆了
活动太火爆了
活动太火爆了
活动太火爆了
活动太火爆了
活动太火爆了
活动太火爆了
活动太火爆了
活动太火爆了
活动太火爆了
活动太火爆了
活动太火爆了
活动太火爆了
活动太火爆了
活动太火爆了
活动太火爆了
准备做此任务：去领100元压岁钱
活动太火爆了
活动太火爆了
准备做此任务：加入OLAY品牌会员
活动太火爆了
活动太火爆了
活动太火爆了
活动太火爆了
活动太火爆了
活动太火爆了
活动太火爆了
活动太火爆了
活动太火爆了
活动太火爆了
活动太火爆了
活动太火爆了
活动太火爆了
活动太火爆了
活动太火爆了
活动太火爆了
活动太火爆了
活动太火爆了
活动太火爆了
活动太火爆了
活动太火爆了
活动太火爆了
活动太火爆了
活动太火爆了
活动太火爆了

❗️京东炸年兽🧨, 错误!
TypeError: Cannot read property 'itemId' of undefined
    at /home/xinchun/www/jd-new/jd/scripts/jd_nian.js:614:64
    at got.post.then.message (/home/xinchun/www/jd-new/jd/scripts/jd_nian.js:1276:5772)
    at runMicrotasks (<anonymous>)
    at processTicksAndRejections (internal/process/task_queues.js:93:5)
活动太火爆了
活动太火爆了
活动太火爆了
活动太火爆了
活动太火爆了
活动太火爆了
活动太火爆了
活动太火爆了
当前爆竹429115🧨，下一关需要480000🧨
任务已做完！
如有未完成的任务，请多执行几次。注：目前入会任务不会做
如出现taskVos错误的，请更新USER_AGENTS.js或使用自定义UA功能
京东账号2孤傲的小小瞒
当前爆竹429115🧨


🔔京东炸年兽🧨, 结束! 🕛 654.445 秒

