
🔔京东炸年兽🧨, 开始!
您的cookie选择的是用&隔开


====================共有2个京东账号Cookie=========

==================脚本执行- 北京时间(UTC+8)：2/6/2021, 4:00:02 AM=====================

开始获取京东炸年兽🧨配置文件

共2个京东账号

共2个京东账号

您提供了0个账号的京东炸年兽🧨PK助力码


******开始【京东账号1】迷糊虫啊*********

开始
第1个京东账号将要助力的好友["cgxZWifbeu-Wpm2AD0bol5Cu","cgxZ-tAo8DJqM5xu3ogeOY7OXkOQ2Lw_ympGPITqNcceAad8Y1ph2UOXS-LOq3PUCqmgYjpt-td3CYw18qw","cgxZdTXtIrzev12aC1eu5yr9cCz6N7HkgPrFkYPPzBDaaWjtjA3fokuFPMA","cgxZLWaFIb7S4gvPZ1jlo3Ru3_zhiy3nnTsS4mQaaZc"]
由于您第1个京东账号未提供shareCode,将采纳本脚本自带的助力码

开始
第1个京东账号将要助力的PK好友["IgNWdiLGaPadvlqJQnnKp27-YpAvKvSYNTSkTGvZylf_0wcvqD9EMkohEd0","IgNWdiLGaPaZskfACQyhgLSpZWps-WtQEW3McifX","IgNWdiLGaPaAvmHPAQf769XqjJjMyRirPzN9-AS-WHY9Y_G7t9Cwe5gdiI2qEvHb","IgNWdiLGaPYCeJUfsq18UNi5ln9xEZSPRdOue8Wl3hJTS2SQzU0vulL0fHeULJaIfgqHFd7f_Kk","IgNWdiLGaPYCeJUfsq18UNi5ln9xEZSPRdOue8Wl3hLRjZBAJLHzBpcl18AeskNYctp-8A"]
当前爆竹150960🧨，下一关需要600000🧨
可收取的爆竹大于0，去收取爆竹
去领取牛肉大礼包500g优惠券
活动太火爆了
去领取资生堂沐浴露套装2L优惠券
活动太火爆了
去领取吉列突破性热感剃须刀优惠券
活动太火爆了
随机取20个码放到您固定的互助码后面(不影响已有固定互助)
当前已开启的地图：新年烟火 
去做OLAY店铺任务
去做每日签到任务
活动太火爆了
准备做此任务：去逛OLAY自营旗舰店
活动太火爆了
准备做此任务：去逛OLAY狂欢礼遇会场
活动太火爆了
准备做此任务：浏览OLAY年货节会场
"Timeout awaiting 'request' for 10000ms"
京东炸年兽🧨 API请求失败，请检查网路重试
活动太火爆了
准备做此任务：逛OLAY直播抢正装
活动太火爆了
去做宝洁店铺任务
去做每日签到任务
活动太火爆了
准备做此任务：去逛宝洁旗舰店
活动太火爆了
准备做此任务：浏览宝洁会员福利会场
活动太火爆了
准备做此任务：浏览宝洁洗护会场
活动太火爆了
准备做此任务：浏览宝洁低价尝鲜会场
活动太火爆了
去做蒙牛店铺任务
去做每日签到任务
活动太火爆了
准备做此任务：去逛蒙牛自营店铺
活动太火爆了
准备做此任务：浏览蒙牛会员福利页
活动太火爆了
准备做此任务：浏览特仑苏会场
活动太火爆了
准备做此任务：浏览蒙牛新品会场
活动太火爆了
去做欧莱雅店铺任务
去做每日签到任务
活动太火爆了
准备做此任务：去逛巴黎欧莱雅京东自营旗舰店
活动太火爆了
准备做此任务：浏览欧莱雅会员福利会场
活动太火爆了
准备做此任务：浏览巴黎欧莱雅女士护肤会场
活动太火爆了
准备做此任务：加入欧莱雅粉丝福利群
活动太火爆了
去做伊利店铺任务
去做每日签到任务
活动太火爆了
准备做此任务：去逛伊利牛奶京东自营旗舰店
活动太火爆了
准备做此任务：浏览伊利会员福利会场
活动太火爆了
准备做此任务：浏览伊利牛奶会场
活动太火爆了
准备做此任务：加入伊利牛奶粉丝福利群
活动太火爆了
去做玩具乐器店铺任务
去做每日签到任务
活动太火爆了
准备做此任务：去逛乐高店铺
活动太火爆了
准备做此任务：浏览乐高®会员页
活动太火爆了
准备做此任务：浏览乐高®玩具会场
活动太火爆了
准备做此任务：浏览乐高®新品
活动太火爆了
去做巴黎欧莱雅店铺任务
去做每日签到任务
活动太火爆了
准备做此任务：去逛巴黎欧莱雅京东自营旗舰店
活动太火爆了
准备做此任务：浏览欧莱雅会员福利会场
活动太火爆了
准备做此任务：浏览巴黎欧莱雅女士护肤会场
活动太火爆了
准备做此任务：加入欧莱雅粉丝福利群
活动太火爆了
您的好友助力码为cgxZLmaBJ7vf6AnAREnKqewykQE31h--aQJY
准备做此任务：连签得爆竹
活动太火爆了
准备做此任务：美妆年货好礼
活动太火爆了
活动太火爆了
活动太火爆了
活动太火爆了
活动太火爆了
活动太火爆了
准备做此任务：逛耐克自营
活动太火爆了
活动太火爆了
活动太火爆了
活动太火爆了
活动太火爆了
活动太火爆了
活动太火爆了
活动太火爆了
活动太火爆了
活动太火爆了
准备做此任务：去逛“甄选优品”
活动太火爆了
活动太火爆了
活动太火爆了
活动太火爆了
活动太火爆了
活动太火爆了
活动太火爆了
活动太火爆了
活动太火爆了
活动太火爆了
活动太火爆了
活动太火爆了
活动太火爆了
活动太火爆了
活动太火爆了
活动太火爆了
活动太火爆了
活动太火爆了
活动太火爆了
活动太火爆了
准备做此任务：去领100元压岁钱
活动太火爆了
活动太火爆了
准备做此任务：加入OLAY品牌会员
活动太火爆了
活动太火爆了
活动太火爆了
活动太火爆了
活动太火爆了
活动太火爆了
活动太火爆了
活动太火爆了
活动太火爆了
活动太火爆了
活动太火爆了
活动太火爆了
活动太火爆了
活动太火爆了
当前爆竹150960🧨，下一关需要600000🧨
任务已做完！
如有未完成的任务，请多执行几次。注：目前入会任务不会做
如出现taskVos错误的，请更新USER_AGENTS.js或使用自定义UA功能
京东账号1迷糊虫啊
当前爆竹150960🧨


******开始【京东账号2】孤傲的小小瞒*********

开始
随机取20个码放到您固定的互助码后面(不影响已有固定互助)
第2个京东账号将要助力的好友["cgxZWifbeu_a6gmFRGbg6Lh1SmQdF0DUmQ","cgxZdTXtIu6J7ljIXVGv6VoOs61gdyYXgT0ctAtCCykLsWw5accav11_0dI","cgxZ-fMU8RF0M5dV3r4QOsLKNQRnjyuoh9haQkLPPMH6fJjgVIkoZy5ww_K-I2JJ","cgxZ-OAB8S5NPaJF0LUYNl1oYE9tdRYPs2e2kWz3RrqEMgqutLWhZlw","cgxZdTXtIu_dvFjLDAz_7EVGyOyB0vwjmsr9WiPwzWrgMX7RQKHKMtSVvTI","cgxZdTXtcMOArFGKTl_TkuTLbvEmaY-k-mHXkl1SidhIveuguyI9B_s","cgxZdTXtIbuO6gnBDgygu1Z-tu-UOMKXL7m4LfQP7Sra8HuLeCRnoNE7nNA","cgxZ-u0S8Q9iPapmVwXlox1dds35cAi9z12xP4NJOT0","cgxZdTXtQtuikW-BT0T-rbui4GhCZdLKTHGZx5LUvmKzH_1hQBIjrsk","cgxZdTXtIuja7AefAQX9u1JIFUp4Y9Hh5pMzq0Cnlar4RLJ4Zd3SGMEOQrE","cgxZLmKDILPa4gbAAQLGr0K-FQeCrHxuQZ4iUx5z1jbKSDdq4Q","cgxZdTXtIe7TuA3LCFSv7479q36SnZV3eIOuRUQA29Mev7t-knSXX9ZjWX0","IgNWdiLGaPbY4gzLCAOu5vH8aV9WMQtP1ImmkLDV23Nes0tkOFq9hg","cgxZdTXtIrmLuFyYD1D47-hmKR3g1APbJEVEJ0bbXsZDINTQKChyLFq9qm8","cgxZdTXtI-mO6AqfCAChuQdHDV4Mpp9BXeoOStX1Uvt-L_CaRy9mJY7hW-c","cgxZazTBYOeLtA_PAEnljH9m3VklCWBLUTs0aTnw","cgxZdTXtIb7S71rKCwD67d1MOS_zid6vdefamU6Gnqc2nB2WXpfIsoKd8xM","cgxZdTXtIbPf6gfJWQCh6KKan3XbZ1mz3DGgRYfnVzXyRVyppetXK2qXxiI","cgxZdTXtIu-Lv1_LWg3_7d_Wc9RHYNUQsUM1_bOfPdaqL84_xB32wVoRy7Y","cgxZdTXtIbPT6QrJCgH46otwheERphFjAuUMYLIDau0AJtfZ2A9lta2U7kg","cgxZdTXtIu-J6gebDAKuvKNhUMqEM-U7GVFwZD-wGydcdq7z4kA_-r5NYkk","cgxZLmCFJ7jS6wvBZ1jlo4ui0j66f-GvFo3hX9tJPqU","cgxZLmGGI7ja6A3BFQCt7828r0gZCbpVJSIHvw1Oz-z_6bs-i1VChg4Jq6o","cgxZLGiGILvb7g_UDgeg78tzkbVg43e0vYRz8RBvG22BfiJ-tFW-FOJnhiyxRQ&"]
由于您第2个京东账号未提供shareCode,将采纳本脚本自带的助力码

开始
随机取20个PK助力码放到您固定的互助码后面(不影响已有固定互助)
第2个京东账号将要助力的PK好友["IgNWdiLGaPadvlqJQnnKp27-YpAvKvSYNTSkTGvZylf_0wcvqD9EMkohEd0","IgNWdiLGaPaZskfACQyhgLSpZWps-WtQEW3McifX","IgNWdiLGaPaAvmHPAQf769XqjJjMyRirPzN9-AS-WHY9Y_G7t9Cwe5gdiI2qEvHb","IgNWdiLGaPYCeJUfsq18UNi5ln9xEZSPRdOue8Wl3hJTS2SQzU0vulL0fHeULJaIfgqHFd7f_Kk","IgNWdiLGaPYCeJUfsq18UNi5ln9xEZSPRdOue8Wl3hLRjZBAJLHzBpcl18AeskNYctp-8A","IgNWdiLGaPYCeJUfsq18UNi5ln9xEZSPRdOue8Wl3hLRjZBCduDyApZxg5BPuhRfnJvQvA"]
当前爆竹448303🧨，下一关需要480000🧨
去领取牛肉大礼包500g优惠券
活动太火爆了
去领取资生堂沐浴露套装2L优惠券
活动太火爆了
去领取吉列突破性热感剃须刀优惠券
活动太火爆了
当前已开启的地图：新年烟火 
去做OLAY店铺任务
去做每日签到任务
活动太火爆了
准备做此任务：去逛OLAY自营旗舰店
活动太火爆了
准备做此任务：去逛OLAY狂欢礼遇会场
活动太火爆了
准备做此任务：浏览OLAY年货节会场
活动太火爆了
准备做此任务：逛OLAY直播抢正装
活动太火爆了
去做宝洁店铺任务
去做每日签到任务
活动太火爆了
准备做此任务：去逛宝洁旗舰店
活动太火爆了
准备做此任务：浏览宝洁会员福利会场
活动太火爆了
准备做此任务：浏览宝洁洗护会场
活动太火爆了
准备做此任务：浏览宝洁低价尝鲜会场
活动太火爆了
去做蒙牛店铺任务
去做每日签到任务
活动太火爆了
准备做此任务：去逛蒙牛自营店铺
活动太火爆了
准备做此任务：浏览蒙牛会员福利页
活动太火爆了
准备做此任务：浏览特仑苏会场
活动太火爆了
准备做此任务：浏览蒙牛新品会场
活动太火爆了
去做欧莱雅店铺任务
去做每日签到任务
活动太火爆了
准备做此任务：去逛巴黎欧莱雅京东自营旗舰店
活动太火爆了
准备做此任务：浏览欧莱雅会员福利会场
活动太火爆了
准备做此任务：浏览巴黎欧莱雅女士护肤会场
活动太火爆了
准备做此任务：加入欧莱雅粉丝福利群
活动太火爆了
去做伊利店铺任务
去做每日签到任务
活动太火爆了
准备做此任务：去逛伊利牛奶京东自营旗舰店
活动太火爆了
准备做此任务：浏览伊利会员福利会场
活动太火爆了
准备做此任务：浏览伊利牛奶会场
活动太火爆了
准备做此任务：加入伊利牛奶粉丝福利群
活动太火爆了
去做玩具乐器店铺任务
去做每日签到任务
活动太火爆了
准备做此任务：去逛乐高店铺
活动太火爆了
准备做此任务：浏览乐高®会员页
活动太火爆了
准备做此任务：浏览乐高®玩具会场
活动太火爆了
准备做此任务：浏览乐高®新品
活动太火爆了
去做巴黎欧莱雅店铺任务
去做每日签到任务
活动太火爆了
准备做此任务：去逛巴黎欧莱雅京东自营旗舰店
活动太火爆了
准备做此任务：浏览欧莱雅会员福利会场
活动太火爆了
准备做此任务：浏览巴黎欧莱雅女士护肤会场
活动太火爆了
准备做此任务：加入欧莱雅粉丝福利群
活动太火爆了
准备做此任务：连签得爆竹
活动太火爆了
准备做此任务：美妆年货好礼
活动太火爆了
活动太火爆了
活动太火爆了
活动太火爆了
活动太火爆了
活动太火爆了
准备做此任务：逛耐克自营
活动太火爆了
活动太火爆了
活动太火爆了
活动太火爆了
活动太火爆了
活动太火爆了
活动太火爆了
活动太火爆了
活动太火爆了
活动太火爆了
准备做此任务：去逛“甄选优品”
准备做此任务：去领100元压岁钱
活动太火爆了
活动太火爆了
准备做此任务：加入OLAY品牌会员
活动太火爆了
活动太火爆了
活动太火爆了
活动太火爆了
活动太火爆了
活动太火爆了
活动太火爆了
活动太火爆了
活动太火爆了
活动太火爆了
活动太火爆了
活动太火爆了
活动太火爆了
活动太火爆了
活动太火爆了
活动太火爆了
活动太火爆了
活动太火爆了
活动太火爆了
活动太火爆了
活动太火爆了
活动太火爆了

❗️京东炸年兽🧨, 错误!
TypeError: Cannot read property 'itemId' of undefined
    at /home/xinchun/www/jd-new/jd/scripts/jd_nian.js:614:64
    at got.post.then.message (/home/xinchun/www/jd-new/jd/scripts/jd_nian.js:1276:5772)
    at runMicrotasks (<anonymous>)
    at processTicksAndRejections (internal/process/task_queues.js:93:5)
活动太火爆了
活动太火爆了
活动太火爆了
活动太火爆了
活动太火爆了
活动太火爆了
活动太火爆了
活动太火爆了
活动太火爆了
活动太火爆了
活动太火爆了
当前爆竹448303🧨，下一关需要480000🧨
任务已做完！
如有未完成的任务，请多执行几次。注：目前入会任务不会做
如出现taskVos错误的，请更新USER_AGENTS.js或使用自定义UA功能
京东账号2孤傲的小小瞒
当前爆竹448303🧨


🔔京东炸年兽🧨, 结束! 🕛 437.032 秒

