
🔔京东炸年兽🧨, 开始!
您的cookie选择的是用&隔开


====================共有2个京东账号Cookie=========

==================脚本执行- 北京时间(UTC+8)：2/3/2021, 7:00:02 AM=====================

开始获取京东炸年兽🧨配置文件

共2个京东账号

共2个京东账号

您提供了0个账号的京东炸年兽🧨PK助力码


******开始【京东账号1】迷糊虫啊*********

开始
第1个京东账号将要助力的好友["cgxZWifbeu-Wpm2AD0bol5Cu","cgxZ-tAo8DJqM5xu3ogeOY7OXkOQ2Lw_ympGPITqNcceAad8Y1ph2UOXS-LOq3PUCqmgYjpt-td3CYw18qw","cgxZdTXtIrzev12aC1eu5yr9cCz6N7HkgPrFkYPPzBDaaWjtjA3fokuFPMA","cgxZLWaFIb7S4gvPZ1jlo3Ru3_zhiy3nnTsS4mQaaZc"]
由于您第1个京东账号未提供shareCode,将采纳本脚本自带的助力码

开始
第1个京东账号将要助力的PK好友["IgNWdiLGaPadvlqJQnnKp27-YpAvKvSYNTSkTGvZylf_0wcvqD9EMkohEd0","IgNWdiLGaPaZskfACQyhgLSpZWps-WtQEW3McifX","IgNWdiLGaPaAvmHPAQf769XqjJjMyRirPzN9-AS-WHY9Y_G7t9Cwe5gdiI2qEvHb","IgNWdiLGaPYCeJUfsq18UNi5ln9xEZSPRdOue8Wl3hJTS2SQzU0vulL0fHeULJaIfgqHFd7f_Kk","IgNWdiLGaPYCeJUfsq18UNi5ln9xEZSPRdOue8Wl3hLRjZBAJLHzBpcl18AeskNYctp-8A"]
当前爆竹341602🧨，下一关需要480000🧨
可收取的爆竹大于0，去收取爆竹
收取成功，获得1820爆竹🧨
当前已开启的地图：新年烟火 
去做OLAY店铺任务
去做宝洁店铺任务
去做蒙牛店铺任务
"Timeout awaiting 'request' for 10000ms"
京东炸年兽🧨 API请求失败，请检查网路重试
去做欧莱雅店铺任务
去做伊利店铺任务
去做玩具乐器店铺任务
去做巴黎欧莱雅店铺任务
"Timeout awaiting 'request' for 10000ms"
京东炸年兽🧨 API请求失败，请检查网路重试
您的好友助力码为cgxZLmaBJ7vf6AnAREnKqewykQE31h--aQJY
连签得爆竹已做完
准备做此任务：去开通耐克自营会员
哎呀，加入品牌会员才能获得奖励哦
哎呀，加入品牌会员才能获得奖励哦
哎呀，加入品牌会员才能获得奖励哦
哎呀，加入品牌会员才能获得奖励哦
哎呀，加入品牌会员才能获得奖励哦
逛逛京东年货节主会场已做完
去玩趣味互动已做完
浏览精彩会场已做完
好友助力已经满啦！| 快去炸年兽分10亿红包吧~
好友助力已经满啦！| 快去炸年兽分10亿红包吧~
好友助力已经满啦！| 快去炸年兽分10亿红包吧~
好友助力已经满啦！| 快去炸年兽分10亿红包吧~
当前爆竹343422🧨，下一关需要480000🧨
任务已做完！
如有未完成的任务，请多执行几次。注：目前入会任务不会做
如出现taskVos错误的，请更新USER_AGENTS.js或使用自定义UA功能
京东账号1迷糊虫啊
当前爆竹343422🧨


******开始【京东账号2】孤傲的小小瞒*********

开始
随机取20个码放到您固定的互助码后面(不影响已有固定互助)
第2个京东账号将要助力的好友["cgxZWifbeu_a6gmFRGbg6Lh1SmQdF0DUmQ","cgxZdTXtIu6J7ljIXVGv6VoOs61gdyYXgT0ctAtCCykLsWw5accav11_0dI","cgxZ-fMU8RF0M5dV3r4QOsLKNQRnjyuoh9haQkLPPMH6fJjgVIkoZy5ww_K-I2JJ","cgxZ-OAB8S5NPaJF0LUYNl1oYE9tdRYPs2e2kWz3RrqEMgqutLWhZlw","cgxZdTXtWPiLi22cdVvft4mQuvSjGsuXx7mK_mDYA1o4f6J7BKBdPy8","cgxZdTXtIezduQmYCwL97YUvvNevXG-MmgkubNR6U-zXslm74w7kCUyVtH4","cgxZKmCEI7Lf7AvNFQOs6yVYPZFtOYy7jTtU0_wsSanQJ8UM8KQh7nJtd5k","cgxZ-fUC8Sd6PZB53bgMo0g69rSJbjnP2AlUbTCvE3BBZA","cgxZdTXtZ92Lu2yDS1rRqFe1NBm5mtorHtCu7HKfuJ6aUYUJ9T-viPk","cgxZdTXtIe6JvljAXQChucokUe-SxUOC_UfwH-k2YKndDibq_ixG8VbIk0k","cgxZdTXtI76J41ucCQz86WPMyiVeqYovCOYEgVBaPr8R49WPpUef_YiW9eI","cgxZbCTAdeOEow7LCAHlo7fAzxiybsM0OL-3incs2is","cgxZdTXtIbjZ4gfIAVGt59JMgy2J01ZqWOCHN6TU-sbRNDcXzZjp4d0hOiw","cgxZcCHBYP6Wpm3NWgXunTyj&cgxZdTXtI-jb7VrIDAP96PBdtGMxVb-PD7oIr6gElTD4e0wYGHAtW5lNJEI&cgxZdTXtIb_Zvl_JXFH47v7tFsYygoc24jFfep5Wwsis3f0KE7kG5Z7XF0s&cgxZdTXtI7iL6AjLXQb967tMWKs_ceHUtJHXJKi_YSHQAO6JlOybB9s1by4","cgxZdTXtI-uP6wjLDFes5jd5oEcqyLDNbhB6JGHzvxy--9mzFQYzdYsfm-s","cgxZLmmKLLnZ6wbPCAzGr_iZB_Hlu4RD3EPEVbcsiZl2GAEP2A","cgxZdTXtIuzd61vNCw36uSHGfpQc0XWvAXK1ZJrZ1- lVKJotMizD2RwMUuk","cgxZdTXtIejcvAnKXAShvMi7RERFN3uPu7nIpYTOT0qVUlDUdgarh3q583k","cgxZaDXbTOeokW-Lc3fehe_UpdnETxZcB2Jg279n201_toA1JnXK","cgxZdTXtIeyMvFvPWwav7w2IVkJziRxfWBfXv3_gw-","cgxZfSPTYuXT6wamW1vlo7UtKE5TGx_s9R0a-0lQhY8","cgxZbz7Ce_2PtArJDUnljEZHiW3fLiWfvMV-o1fk","cgxZbCTfd-KLsUKFa2r7uJ2YgOVIOwA","cgxZdTXtQviziW-SeXv3tsElB-EFtOvc6yQlDYdk-g-1PSibHhiPGqo"]
由于您第2个京东账号未提供shareCode,将采纳本脚本自带的助力码

开始
第2个京东账号将要助力的PK好友["IgNWdiLGaPadvlqJQnnKp27-YpAvKvSYNTSkTGvZylf_0wcvqD9EMkohEd0","IgNWdiLGaPaZskfACQyhgLSpZWps-WtQEW3McifX","IgNWdiLGaPaAvmHPAQf769XqjJjMyRirPzN9-AS-WHY9Y_G7t9Cwe5gdiI2qEvHb","IgNWdiLGaPYCeJUfsq18UNi5ln9xEZSPRdOue8Wl3hJTS2SQzU0vulL0fHeULJaIfgqHFd7f_Kk","IgNWdiLGaPYCeJUfsq18UNi5ln9xEZSPRdOue8Wl3hLRjZBAJLHzBpcl18AeskNYctp-8A","IgNWdiLGaPYCeJUfsq18UNi5ln9xEZSPRdOue8Wl3hLRjZBCduDyApZxg5BPuhRfnJvQvA"]
当前爆竹390437🧨，下一关需要480000🧨
可收取的爆竹大于0，去收取爆竹
收取成功，获得1894爆竹🧨
当前已开启的地图：新年烟火 
去做OLAY店铺任务
去做宝洁店铺任务
去做蒙牛店铺任务
"Timeout awaiting 'request' for 10000ms"
京东炸年兽🧨 API请求失败，请检查网路重试
去做欧莱雅店铺任务
去做伊利店铺任务
去做玩具乐器店铺任务
去做巴黎欧莱雅店铺任务
您的好友助力码为cgxZ-eQ3_AdjP4dC0a4zo6HWuopb8wXr-QP5slfTmXDdcA
连签得爆竹已做完
准备做此任务：开通英特尔品牌VIP会员
哎呀，加入品牌会员才能获得奖励哦
哎呀，加入品牌会员才能获得奖励哦
哎呀，加入品牌会员才能获得奖励哦
哎呀，加入品牌会员才能获得奖励哦
逛逛京东年货节主会场已做完
去玩趣味互动已做完
浏览精彩会场已做完
好友助力已经满啦！| 快去炸年兽分10亿红包吧~
好友助力已经满啦！| 快去炸年兽分10亿红包吧~
好友助力已经满啦！| 快去炸年兽分10亿红包吧~
好友助力已经满啦！| 快去炸年兽分10亿红包吧~
好友已满级|不需要助力了哦
好友助力已经满啦！| 快去炸年兽分10亿红包吧~
好友助力已经满啦！| 快去炸年兽分10亿红包吧~
好友助力已经满啦！| 快去炸年兽分10亿红包吧~
好友助力已经满啦！| 快去炸年兽分10亿红包吧~
好友助力已经满啦！| 快去炸年兽分10亿红包吧~
好友助力已经满啦！| 快去炸年兽分10亿红包吧~
好友助力已经满啦！| 快去炸年兽分10亿红包吧~
好友助力已经满啦！| 快去炸年兽分10亿红包吧~
好友助力已经满啦！| 快去炸年兽分10亿红包吧~
活动太火爆，请稍后再试哦~
好友助力已经满啦！| 快去炸年兽分10亿红包吧~
好友助力已经满啦！| 快去炸年兽分10亿红包吧~
好友助力已经满啦！| 快去炸年兽分10亿红包吧~
好友已满级|不需要助力了哦
今日助力次数已用完 | 快去炸年兽分10亿红包吧~
好友助力已经满啦！| 快去炸年兽分10亿红包吧~
好友助力已经满啦！| 快去炸年兽分10亿红包吧~
好友助力已经满啦！| 快去炸年兽分10亿红包吧~
当前爆竹392331🧨，下一关需要480000🧨
任务已做完！
如有未完成的任务，请多执行几次。注：目前入会任务不会做
如出现taskVos错误的，请更新USER_AGENTS.js或使用自定义UA功能
京东账号2孤傲的小小瞒
当前爆竹392331🧨


🔔京东炸年兽🧨, 结束! 🕛 187 秒

