
🔔京豆签到, 开始!
您的cookie选择的是用&隔开


====================共有2个京东账号Cookie=========

==================脚本执行- 北京时间(UTC+8)：2/3/2021, 12:08:55 AM=====================

"connect ECONNREFUSED 151.101.108.133:443"
检测到您不能访问外网,将使用CDN下载JD_DailyBonus.js文件
文件下载完毕
*****************开始京东账号1 迷糊虫啊京豆签到*******************

⚠️⚠️⚠️⚠️目前Bark APP推送通知消息对推送内容长度有限制，如推送通知中包含此推送方式脚本会默认转换成简洁内容推送 ⚠️⚠️⚠️⚠️

开始替换变量
替换变量完毕

开始执行脚本签到，请稍等
👇👇👇👇👇👇👇👇👇👇👇LOG记录👇👇👇👇👇👇👇👇👇👇👇

京东魔方-尝试查询活动(2) 

京东商城-闪购签到失败 

京东商城-超市签到成功 

京东汽车-检查签到状态 

京东秒杀-红包查询成功 

京东商城-现金签到成功 

京东现金-红包签到成功 

京东商城-转盘查询成功 

京东金融-金贴查询成功 

京东商城-直播签到成功 

京东商城-摇一摇签到成功 

京东金融-签壹查询成功 

京东商城-京豆签到成功 

京东金融-签肆查询成功 

京东金融-签贰查询成功 

京东金融-签叁查询成功 

京东金融-签伍查询成功 

京东魔方-尝试查询活动(1) 

京东金融-钢镚签到成功 

京东秒杀-红包签到成功 

京东商城-汽车签到成功 

京东商城-金贴签到成功 

京东金融-抽奖签到成功 

京东金融-金贴签到成功 

京东金融-签壹签到成功 

京东商城-魔方签到失败 

京东金融-签肆签到成功 

京东金融-签贰签到成功 

京东商城-摇一摇签到成功 

京东金融-签叁签到成功 

京东金融-签伍签到成功 

京东商城-摇一摇签到成功 

京东商城-摇一摇签到成功 

京东日历-翻牌关注店铺

金融现金-双签查询成功 

京东金贴-双签查询成功 

京东商城-童装关注店铺

京东商城-酒饮关注店铺

京东商城-图书签到成功(1)

京东商城-鞋靴签到成功(1)

京东商城-女装签到成功(1)

京东商城-母婴关注店铺

京东商城-数码关注店铺

京东日历-翻牌签到成功(2)

京东商城-童装签到成功(2)

京东商城-酒饮签到成功(2)

京东商城-母婴签到成功(2)

京东商城-数码签到成功(2)

京东商城-美妆关注店铺

京东商城-健康关注店铺

京东商城-个护二次查询

京东商城-清洁二次查询

京东商城-箱包签到成功(1)

京东商城-内衣二次查询

京东商城-菜场签到成功(1)

京东商城-珠宝签到成功(1)

京东商城-校园签到成功(1)

京东商城-服饰签到成功(1)

京东商城-美妆签到成功(2)

京东商城-健康签到成功(2)

京东拍拍-二手签到成功(1)

京东商城-清洁签到成功(1)

天天加速-查询上次任务 

天天加速-目前结束时间: 
2021-02-03 04:54:27 [80%]

天天加速-查询到3个有效事件 

天天加速-尝试领取第1个事件 

天天加速-尝试领取第2个事件 

天天加速-尝试领取第3个事件 

天天加速-已成功领取3个事件

天天加速-暂无有效道具 

天天加速-查询成功3个道具ID 

天天加速-尝试使用第1个道具 (1s)

天天加速-尝试使用第2个道具 (1s)

天天加速-尝试使用第3个道具 (1s)

天天加速-已成功使用3个道具

天天加速-再次检查任务 

天天加速-领取本次奖励成功

天天加速-开始下轮任务 

天天加速-目前结束时间: 
2021-02-04 00:09:10 [0%]

天天加速-查询无道具ID 

金融京豆-双签查询成功 

京东-总红包查询成功 

京东-总现金查询成功 

京东-总金贴查询成功 

京东-总京豆查询成功 

京东-总钢镚查询成功 


【签到概览】:  成功43个, 失败4个
【签到奖励】:  59京豆, 0.01钢镚
【其他奖励】:  0.13红包, 0.05金贴, 0.02现金
【账号总计】:  2001京豆, 0.51钢镚
【其他总计】:  0.56金贴, 3.82现金, 0.98红包

京东商城-京豆: 成功, 明细: 20京豆 🐶
京东商城-超市: 成功, 明细: 无京豆 🐶
京东商城-直播: 成功, 明细: 2京豆 🐶
京东金融-金贴: 成功, 明细: 0.01金贴 💰
京东金融-钢镚: 成功, 明细: 0.01钢镚 💰
京东商城-转盘: 成功, 状态: 未中奖 🐶
京东商城-转盘: 多次, 状态: 未中奖 🐶
京东商城-闪购: 失败, 数据失联了，刷新看看吧~ ⚠️
京东现金-红包: 成功, 明细: 0.05红包 🧧
京东商城-魔方: 失败, 原因: 无机会 ⚠️
京东商城-金贴: 成功, 明细: 0.01金贴 💰
京东商城-现金: 成功, 明细: 0.01现金 💰
京东商城-摇摇: 获得满18减10优惠券→ 限购[宅一起旗舰店]店铺部分商品
京东商城-摇摇: 多次, 获得满18减10优惠券→ 限购[宅一起旗舰店]店铺部分商品
京东商城-摇摇: 多次, 明细: 2京豆 🐶
京东商城-摇摇: 多次, 获得满18减10优惠券→ 限购[宅一起旗舰店]店铺部分商品
京东秒杀-红包: 成功, 明细: 0.08红包 🧧
京东金融-抽奖: 成功, 明细: 1京豆 🐶
京东商城-汽车: 成功, 明细: 1京豆 🐶
京东金融-签壹: 成功, 明细: 3京豆 🐶
京东金融-签贰: 成功, 明细: 3京豆 🐶
京东金融-签叁: 成功, 明细: 1京豆 🐶
京东金融-签肆: 成功, 明细: 3京豆 🐶
京东金融-签伍: 成功, 明细: 3京豆 🐶
京东商城-鞋靴: 成功, 明细: 1京豆 🐶
京东日历-翻牌: 成功, 明细: 2京豆 🐶
京东商城-童装: 成功, 明细: 3京豆 🐶
京东商城-母婴: 成功, 明细: 1京豆 🐶
京东商城-数码: 成功, 明细: 2京豆 🐶
京东商城-女装: 成功, 明细: 无京豆 🐶
京东商城-酒饮: 成功, 明细: 1京豆 🐶
京东商城-图书: 成功, 明细: 无京豆 🐶
京东金贴-双签: 成功, 明细: 0.03金贴 💰
金融现金-双签: 成功, 明细: 0.01现金 💰
京东商城-服饰: 成功, 明细: 2京豆 🐶
京东商城-内衣: 失败, 不含活动数据 ⚠️
京东商城-箱包: 成功, 明细: 1京豆 🐶
京东商城-校园: 成功, 明细: 无京豆 🐶
京东商城-健康: 成功, 明细: 1京豆 🐶
京东拍拍-二手: 成功, 明细: 无京豆 🐶
京东商城-清洁: 成功, 明细: 无京豆 🐶
京东商城-个护: 失败, 不含活动数据 ⚠️
京东商城-珠宝: 成功, 明细: 1京豆 🐶
京东商城-美妆: 成功, 明细: 2京豆 🐶
京东商城-菜场: 成功, 明细: 无京豆 🐶
京东天天-加速: 成功, 明细: 2京豆 🐶
金融京豆-双签: 成功, 明细: 1京豆 🐶

签到用时: 11.09 秒

👆👆👆👆👆👆👆👆👆LOG记录👆👆👆👆👆👆👆👆👆👆👆
脚本执行完毕时间：2021-02-03
您未提供server酱的SCKEY，取消微信推送消息通知

您未提供push+推送所需的PUSH_PLUS_TOKEN，取消push+推送消息通知

您未提供Bark的APP推送BARK_PUSH，取消Bark推送消息通知

您未提供telegram机器人推送所需的TG_BOT_TOKEN和TG_USER_ID，取消telegram推送消息通知

您未提供钉钉机器人推送所需的DD_BOT_TOKEN或者DD_BOT_SECRET，取消钉钉推送消息通知

您未提供企业微信机器人推送所需的QYWX_KEY，取消企业微信推送消息通知

您未提供企业微信应用消息推送所需的QYWX_AM，取消企业微信应用消息推送消息通知

您未提供iGot的推送IGOT_PUSH_KEY，取消iGot推送消息通知

您未提供酷推的SKEY，取消QQ推送消息通知

运行完成后，删除下载的文件

*****************京东账号1 迷糊虫啊京豆签到完成*******************

*****************开始京东账号2 孤傲的小小瞒京豆签到*******************

⚠️⚠️⚠️⚠️目前Bark APP推送通知消息对推送内容长度有限制，如推送通知中包含此推送方式脚本会默认转换成简洁内容推送 ⚠️⚠️⚠️⚠️

开始替换变量
替换变量完毕

开始执行脚本签到，请稍等
👇👇👇👇👇👇👇👇👇👇👇LOG记录👇👇👇👇👇👇👇👇👇👇👇

京东魔方-尝试查询活动(2) 

京东汽车-检查签到状态 

京东商城-闪购签到成功 

京东现金-红包签到成功 

京东商城-超市签到成功 

京东商城-现金签到成功 

京东商城-转盘查询成功 

京东秒杀-红包查询成功 

京东金融-金贴查询成功 

京东商城-直播签到成功 

京东金融-签贰查询成功 

京东金融-签肆查询成功 

京东金融-钢镚签到成功 

京东金融-签叁查询成功 

京东金融-签伍查询成功 

京东金融-签壹查询成功 

京东商城-京豆签到成功 

京东商城-摇一摇签到成功 

京东魔方-尝试查询活动(1) 

京东秒杀-红包签到成功 

京东商城-汽车签到成功 

京东商城-金贴签到成功 

京东金融-抽奖签到成功 

京东金融-签贰签到成功 

京东金融-签伍签到成功 

京东金融-签叁签到成功 

京东金融-签肆签到成功 

京东金融-签壹签到成功 

京东商城-魔方签到失败 

京东金融-金贴签到成功 

京东商城-摇一摇签到成功 

京东商城-摇一摇签到成功 

京东商城-摇一摇签到成功 

京东商城-摇一摇签到成功 

京东商城-摇一摇签到成功 

京东日历-翻牌关注店铺

金融现金-双签查询成功 

京东金贴-双签查询成功 

京东商城-童装关注店铺

京东商城-鞋靴签到成功(1)

京东商城-酒饮关注店铺

京东商城-图书签到成功(1)

京东商城-女装签到成功(1)

京东商城-数码关注店铺

京东商城-母婴关注店铺

京东日历-翻牌签到成功(2)

京东商城-童装签到成功(2)

京东商城-酒饮签到成功(2)

京东商城-数码签到成功(2)

京东商城-母婴签到成功(2)

京东商城-美妆关注店铺

京东商城-个护二次查询

京东商城-校园签到成功(1)

京东商城-健康关注店铺

京东商城-菜场签到成功(1)

京东商城-箱包签到成功(1)

京东商城-清洁二次查询

京东商城-内衣二次查询

京东商城-珠宝签到成功(1)

京东商城-服饰签到成功(1)

京东商城-美妆签到成功(2)

京东商城-健康签到成功(2)

京东拍拍-二手签到成功(1)

京东商城-清洁签到成功(1)

天天加速-查询上次任务 

天天加速-目前结束时间: 
2021-02-03 12:38:49 [48%]

天天加速-查询到3个有效事件 

天天加速-尝试领取第1个事件 

天天加速-尝试领取第2个事件 

天天加速-尝试领取第3个事件 

天天加速-已成功领取3个事件

天天加速-暂无有效道具 

天天加速-查询成功3个道具ID 

天天加速-尝试使用第1个道具 (1s)

天天加速-尝试使用第2个道具 (1s)

天天加速-尝试使用第3个道具 (1s)

天天加速-已成功使用3个道具

天天加速-再次检查任务 

天天加速-目前结束时间: 
2021-02-03 05:42:10 [77%]

天天加速-查询无道具ID 

金融京豆-双签查询成功 

京东-总现金查询成功 

京东-总红包查询成功 

京东-总京豆查询成功 

京东-总钢镚查询成功 

京东-总金贴查询成功 


【签到概览】:  成功45个, 失败4个
【签到奖励】:  44京豆, 0.01钢镚
【其他奖励】:  0.20红包, 0.05金贴, 0.07现金
【账号总计】:  985京豆, 0.54钢镚
【其他总计】:  0.10金贴, 5.17现金, 0.56红包

京东商城-京豆: 成功, 明细: 2京豆 🐶
京东商城-超市: 成功, 明细: 无京豆 🐶
京东商城-直播: 成功, 明细: 2京豆 🐶
京东金融-金贴: 成功, 明细: 0.01金贴 💰
京东金融-钢镚: 成功, 明细: 0.01钢镚 💰
京东商城-转盘: 成功, 状态: 未中奖 🐶
京东商城-转盘: 多次, 状态: 未中奖 🐶
京东商城-闪购: 成功, 明细: 2京豆 🐶
京东现金-红包: 成功, 明细: 0.10红包 🧧
京东商城-魔方: 失败, 原因: 无机会 ⚠️
京东商城-金贴: 成功, 明细: 0.01金贴 💰
京东商城-现金: 成功, 明细: 0.04现金 💰
京东商城-摇摇: 获得满18减10优惠券→ 限购[宅一起旗舰店]店铺部分商品
京东商城-摇摇: 多次, 获得满199减40优惠券→ 仅可购买京东超市部分商品
京东商城-摇摇: 多次, 获得满300减20优惠券→ 仅可购买童装部分商品
京东商城-摇摇: 多次, 获得满499减100优惠券→ 仅可购买内衣品类部分商品
京东商城-摇摇: 多次, 获得满499减0.88优惠券→ 仅可购买京东超市部分商品
京东商城-摇摇: 多次, 获得满300减120优惠券→ 仅可购买汽车用品部分活动商品
京东秒杀-红包: 成功, 明细: 0.10红包 🧧
京东金融-抽奖: 成功, 明细: 1京豆 🐶
京东商城-汽车: 成功, 明细: 1京豆 🐶
京东金融-签壹: 成功, 明细: 3京豆 🐶
京东金融-签贰: 成功, 明细: 3京豆 🐶
京东金融-签叁: 成功, 明细: 1京豆 🐶
京东金融-签肆: 成功, 明细: 3京豆 🐶
京东金融-签伍: 成功, 明细: 3京豆 🐶
京东商城-鞋靴: 成功, 明细: 3京豆 🐶
京东日历-翻牌: 成功, 明细: 2京豆 🐶
京东商城-童装: 成功, 明细: 2京豆 🐶
京东商城-母婴: 成功, 明细: 2京豆 🐶
京东商城-数码: 成功, 明细: 1京豆 🐶
京东商城-女装: 成功, 明细: 无京豆 🐶
京东商城-酒饮: 成功, 明细: 1京豆 🐶
京东商城-图书: 成功, 明细: 5京豆 🐶
京东金贴-双签: 成功, 明细: 0.03金贴 💰
金融现金-双签: 成功, 明细: 0.03现金 💰
京东商城-服饰: 成功, 明细: 无京豆 🐶
京东商城-内衣: 失败, 不含活动数据 ⚠️
京东商城-箱包: 成功, 明细: 3京豆 🐶
京东商城-校园: 成功, 明细: 无京豆 🐶
京东商城-健康: 成功, 明细: 2京豆 🐶
京东拍拍-二手: 成功, 明细: 无京豆 🐶
京东商城-清洁: 成功, 明细: 无京豆 🐶
京东商城-个护: 失败, 不含活动数据 ⚠️
京东商城-珠宝: 成功, 明细: 无京豆 🐶
京东商城-美妆: 成功, 明细: 1京豆 🐶
京东商城-菜场: 成功, 明细: 无京豆 🐶
京东天天-加速: 失败, 加速中[77%] ⚠️
金融京豆-双签: 成功, 明细: 1京豆 🐶

签到用时: 10.39 秒

👆👆👆👆👆👆👆👆👆LOG记录👆👆👆👆👆👆👆👆👆👆👆
脚本执行完毕时间：2021-02-03
您未提供server酱的SCKEY，取消微信推送消息通知

您未提供push+推送所需的PUSH_PLUS_TOKEN，取消push+推送消息通知

您未提供Bark的APP推送BARK_PUSH，取消Bark推送消息通知

您未提供telegram机器人推送所需的TG_BOT_TOKEN和TG_USER_ID，取消telegram推送消息通知

您未提供钉钉机器人推送所需的DD_BOT_TOKEN或者DD_BOT_SECRET，取消钉钉推送消息通知

您未提供企业微信机器人推送所需的QYWX_KEY，取消企业微信推送消息通知

您未提供企业微信应用消息推送所需的QYWX_AM，取消企业微信应用消息推送消息通知

您未提供iGot的推送IGOT_PUSH_KEY，取消iGot推送消息通知

您未提供酷推的SKEY，取消QQ推送消息通知

运行完成后，删除下载的文件

*****************京东账号2 孤傲的小小瞒京豆签到完成*******************


🔔京豆签到, 结束! 🕛 26.079 秒

