
🔔京豆签到, 开始!
您的cookie选择的是用&隔开


====================共有2个京东账号Cookie=========

==================脚本执行- 北京时间(UTC+8)：2/7/2021, 9:07:59 AM=====================

"connect ECONNREFUSED 151.101.108.133:443"
检测到您不能访问外网,将使用CDN下载JD_DailyBonus.js文件
文件下载完毕
*****************开始京东账号1 迷糊虫啊京豆签到*******************

⚠️⚠️⚠️⚠️目前Bark APP推送通知消息对推送内容长度有限制，如推送通知中包含此推送方式脚本会默认转换成简洁内容推送 ⚠️⚠️⚠️⚠️

开始替换变量
替换变量完毕

开始执行脚本签到，请稍等
👇👇👇👇👇👇👇👇👇👇👇LOG记录👇👇👇👇👇👇👇👇👇👇👇

京东商城-京豆签到失败 

京东魔方-尝试查询活动(2) 

京东商城-超市签到失败 

京东现金-红包签到失败 

京东商城-现金签到失败 

京东商城-闪购签到失败 

京东汽车-检查签到状态 

京东商城-直播签到失败 

京东秒杀-红包查询成功 

京东商城-摇一摇签到失败 

京东金融-金贴查询失败 

京东商城-转盘查询成功 

京东金融-钢镚签到失败 

京东金融-抽奖签到失败 

京东金融-签肆查询成功 

京东金融-签伍查询成功 

京东金融-签叁查询成功 

京东金融-签贰查询成功 

京东金融-签壹查询成功 

京东商城-金贴签到失败 

京东魔方-尝试查询活动(1) 

京东秒杀-红包签到失败 

京东商城-魔方签到失败 

京东日历-翻牌关注店铺

京东金贴-双签查询成功 

金融现金-双签查询成功 

京东商城-童装关注店铺

京东商城-酒饮关注店铺

京东商城-图书重复签到

京东商城-鞋靴签到失败(1)

京东日历-翻牌签到失败(2)

京东商城-母婴关注店铺

京东商城-数码关注店铺

京东商城-女装签到失败(1)

京东商城-童装签到失败(2)

京东商城-酒饮签到成功(2)

京东商城-母婴签到失败(2)

京东商城-数码签到失败(2)

京东商城-美妆关注店铺

京东商城-个护二次查询

京东商城-健康关注店铺

京东商城-箱包签到失败(1)

京东商城-服饰重复签到

京东商城-菜场签到失败(1)

京东商城-清洁二次查询

京东商城-美妆签到失败(2)

京东商城-校园重复签到

京东商城-内衣二次查询

京东商城-珠宝签到失败(1)

京东拍拍-二手重复签到

京东商城-健康签到失败(2)

京东商城-清洁重复签到

天天加速-查询上次任务 

天天加速-目前结束时间: 
2021-02-08 06:35:07 [11%]

天天加速-太空事件为空 

天天加速-查询无道具 

天天加速-查询无道具ID 

金融京豆-双签查询成功 

京东-总现金查询成功 

京东-总金贴查询成功 

京东-总红包查询成功 

京东-总京豆查询成功 

京东-总钢镚查询成功 


【签到概览】:  成功2个, 失败41个
【签到奖励】:  1京豆
【账号总计】:  2586京豆, 0.57钢镚
【其他总计】:  0.14金贴, 4.79现金, 23.38红包

京东商城-京豆: 失败, 原因: 已签过 ⚠️
京东商城-超市: 失败, 原因: 已签过 ⚠️
京东商城-直播: 失败, 原因: 无机会 ⚠️
京东金融-金贴: 失败, 原因: 未知 ⚠️
京东金融-钢镚: 失败, 原因: 已签过 ⚠️
京东商城-转盘: 成功, 状态: 未中奖 🐶
京东商城-闪购: 失败, 数据失联了，刷新看看吧~ ⚠️
京东现金-红包: 失败, 原因: 已签过 ⚠️
京东商城-魔方: 失败, 原因: 无机会 ⚠️
京东商城-金贴: 失败, 原因: 已签过 ⚠️
京东商城-现金: 失败, 原因: 已签过 ⚠️
京东商城-摇摇: 失败, 原因: 已摇过 ⚠️
京东秒杀-红包: 失败, 原因: 已领取 ⚠️
京东金融-抽奖: 失败, 原因: 已签过 ⚠️
京东商城-汽车: 失败, 原因: 已签过 ⚠️
京东金融-签壹: 失败, 原因: 已签过 ⚠️
京东金融-签贰: 失败, 原因: 已签过 ⚠️
京东金融-签叁: 失败, 原因: 已签过 ⚠️
京东金融-签肆: 失败, 原因: 已签过 ⚠️
京东金融-签伍: 失败, 原因: 已签过 ⚠️
京东商城-鞋靴: 失败, 原因: 已签过 ⚠️
京东日历-翻牌: 失败, 原因: 已签过 ⚠️
京东商城-童装: 失败, 原因: 已签过 ⚠️
京东商城-母婴: 失败, 原因: 已签过 ⚠️
京东商城-数码: 失败, 原因: 已签过 ⚠️
京东商城-女装: 失败, 原因: 已签过 ⚠️
京东商城-酒饮: 成功, 明细: 1京豆 🐶
京东商城-图书: 失败, 原因: 已签过 ⚠️
京东金贴-双签: 失败, 原因: 已签过 ⚠️
金融现金-双签: 失败, 原因: 已签过 ⚠️
京东商城-服饰: 失败, 原因: 已签过 ⚠️
京东商城-内衣: 失败, 不含活动数据 ⚠️
京东商城-箱包: 失败, 原因: 已签过 ⚠️
京东商城-校园: 失败, 原因: 已签过 ⚠️
京东商城-健康: 失败, 原因: 已签过 ⚠️
京东拍拍-二手: 失败, 原因: 已签过 ⚠️
京东商城-清洁: 失败, 原因: 已签过 ⚠️
京东商城-个护: 失败, 不含活动数据 ⚠️
京东商城-珠宝: 失败, 原因: 已签过 ⚠️
京东商城-美妆: 失败, 原因: 已签过 ⚠️
京东商城-菜场: 失败, 原因: 已签过 ⚠️
京东天天-加速: 失败, 加速中[11%] ⚠️
金融京豆-双签: 失败, 原因: 已签过 ⚠️

签到用时: 8.60 秒

👆👆👆👆👆👆👆👆👆LOG记录👆👆👆👆👆👆👆👆👆👆👆
脚本执行完毕时间：2021-02-07
您未提供server酱的SCKEY，取消微信推送消息通知

您未提供push+推送所需的PUSH_PLUS_TOKEN，取消push+推送消息通知

您未提供Bark的APP推送BARK_PUSH，取消Bark推送消息通知

您未提供telegram机器人推送所需的TG_BOT_TOKEN和TG_USER_ID，取消telegram推送消息通知

您未提供钉钉机器人推送所需的DD_BOT_TOKEN或者DD_BOT_SECRET，取消钉钉推送消息通知

您未提供企业微信机器人推送所需的QYWX_KEY，取消企业微信推送消息通知

您未提供企业微信应用消息推送所需的QYWX_AM，取消企业微信应用消息推送消息通知

您未提供iGot的推送IGOT_PUSH_KEY，取消iGot推送消息通知

您未提供酷推的SKEY，取消QQ推送消息通知

运行完成后，删除下载的文件

*****************京东账号1 迷糊虫啊京豆签到完成*******************

*****************开始京东账号2 孤傲的小小瞒京豆签到*******************

⚠️⚠️⚠️⚠️目前Bark APP推送通知消息对推送内容长度有限制，如推送通知中包含此推送方式脚本会默认转换成简洁内容推送 ⚠️⚠️⚠️⚠️

开始替换变量
替换变量完毕

开始执行脚本签到，请稍等
👇👇👇👇👇👇👇👇👇👇👇LOG记录👇👇👇👇👇👇👇👇👇👇👇

京东魔方-尝试查询活动(2) 

京东商城-超市签到失败 

京东商城-京豆签到失败 

京东现金-红包签到失败 

京东商城-现金签到失败 

京东商城-闪购签到失败 

京东商城-摇一摇签到失败 

京东汽车-检查签到状态 

京东金融-金贴查询失败 

京东秒杀-红包查询成功 

京东商城-直播签到失败 

京东商城-转盘查询成功 

京东商城-金贴签到失败 

京东金融-签肆查询成功 

京东金融-钢镚签到失败 

京东金融-签伍查询成功 

京东金融-抽奖签到失败 

京东金融-签叁查询成功 

京东金融-签壹查询成功 

京东金融-签贰查询成功 

京东魔方-尝试查询活动(1) 

京东秒杀-红包签到失败 

京东商城-转盘签到失败 

京东商城-魔方签到失败 

京东日历-翻牌关注店铺

金融现金-双签查询成功 

京东金贴-双签查询成功 

京东商城-童装关注店铺

京东商城-酒饮关注店铺

京东商城-图书重复签到

京东商城-鞋靴签到失败(1)

京东商城-女装签到失败(1)

京东日历-翻牌签到失败(2)

京东商城-母婴关注店铺

京东商城-数码关注店铺

京东商城-童装签到失败(2)

京东商城-酒饮签到成功(2)

京东商城-母婴签到失败(2)

京东商城-数码签到失败(2)

京东商城-校园重复签到

京东商城-美妆关注店铺

京东商城-健康关注店铺

京东商城-个护二次查询

京东商城-箱包签到失败(1)

京东商城-菜场签到失败(1)

京东商城-清洁二次查询

京东商城-服饰重复签到

京东商城-珠宝签到失败(1)

京东商城-内衣二次查询

京东商城-美妆签到失败(2)

京东商城-健康签到失败(2)

京东拍拍-二手重复签到

京东商城-清洁重复签到

天天加速-查询上次任务 

天天加速-判断状态失败

金融京豆-双签查询成功 

京东-总现金查询成功 

京东-总红包查询成功 

京东-总金贴查询成功 

京东-总京豆查询成功 

京东-总钢镚查询成功 


【签到概览】:  成功1个, 失败42个
【签到奖励】:  2京豆
【账号总计】:  574京豆, 0.6钢镚
【其他总计】:  0.08金贴, 6.11现金, 0.17红包

京东商城-京豆: 失败, 原因: 已签过 ⚠️
京东商城-超市: 失败, 原因: 已签过 ⚠️
京东商城-直播: 失败, 原因: 无机会 ⚠️
京东金融-金贴: 失败, 原因: 未知 ⚠️
京东金融-钢镚: 失败, 原因: 已签过 ⚠️
京东商城-转盘: 失败, 原因: 已转过 ⚠️
京东商城-闪购: 失败, 原因: 已签过 ⚠️
京东现金-红包: 失败, 原因: 已签过 ⚠️
京东商城-魔方: 失败, 原因: 无机会 ⚠️
京东商城-金贴: 失败, 原因: 已签过 ⚠️
京东商城-现金: 失败, 原因: 已签过 ⚠️
京东商城-摇摇: 失败, 原因: 已摇过 ⚠️
京东秒杀-红包: 失败, 原因: 已领取 ⚠️
京东金融-抽奖: 失败, 原因: 已签过 ⚠️
京东商城-汽车: 失败, 原因: 已签过 ⚠️
京东金融-签壹: 失败, 原因: 已签过 ⚠️
京东金融-签贰: 失败, 原因: 已签过 ⚠️
京东金融-签叁: 失败, 原因: 已签过 ⚠️
京东金融-签肆: 失败, 原因: 已签过 ⚠️
京东金融-签伍: 失败, 原因: 已签过 ⚠️
京东商城-鞋靴: 失败, 原因: 已签过 ⚠️
京东日历-翻牌: 失败, 原因: 已签过 ⚠️
京东商城-童装: 失败, 原因: 已签过 ⚠️
京东商城-母婴: 失败, 原因: 已签过 ⚠️
京东商城-数码: 失败, 原因: 已签过 ⚠️
京东商城-女装: 失败, 原因: 已签过 ⚠️
京东商城-酒饮: 成功, 明细: 2京豆 🐶
京东商城-图书: 失败, 原因: 已签过 ⚠️
京东金贴-双签: 失败, 原因: 已签过 ⚠️
金融现金-双签: 失败, 原因: 已签过 ⚠️
京东商城-服饰: 失败, 原因: 已签过 ⚠️
京东商城-内衣: 失败, 不含活动数据 ⚠️
京东商城-箱包: 失败, 原因: 已签过 ⚠️
京东商城-校园: 失败, 原因: 已签过 ⚠️
京东商城-健康: 失败, 原因: 已签过 ⚠️
京东拍拍-二手: 失败, 原因: 已签过 ⚠️
京东商城-清洁: 失败, 原因: 已签过 ⚠️
京东商城-个护: 失败, 不含活动数据 ⚠️
京东商城-珠宝: 失败, 原因: 已签过 ⚠️
京东商城-美妆: 失败, 原因: 已签过 ⚠️
京东商城-菜场: 失败, 原因: 已签过 ⚠️
京东天天-加速: 失败, 原因: 无任务 ⚠️
金融京豆-双签: 失败, 原因: 已签过 ⚠️

签到用时: 6.48 秒

👆👆👆👆👆👆👆👆👆LOG记录👆👆👆👆👆👆👆👆👆👆👆
脚本执行完毕时间：2021-02-07
您未提供server酱的SCKEY，取消微信推送消息通知

您未提供push+推送所需的PUSH_PLUS_TOKEN，取消push+推送消息通知

您未提供Bark的APP推送BARK_PUSH，取消Bark推送消息通知

您未提供telegram机器人推送所需的TG_BOT_TOKEN和TG_USER_ID，取消telegram推送消息通知

您未提供钉钉机器人推送所需的DD_BOT_TOKEN或者DD_BOT_SECRET，取消钉钉推送消息通知

您未提供企业微信机器人推送所需的QYWX_KEY，取消企业微信推送消息通知

您未提供企业微信应用消息推送所需的QYWX_AM，取消企业微信应用消息推送消息通知

您未提供iGot的推送IGOT_PUSH_KEY，取消iGot推送消息通知

您未提供酷推的SKEY，取消QQ推送消息通知

运行完成后，删除下载的文件

*****************京东账号2 孤傲的小小瞒京豆签到完成*******************


🔔京豆签到, 结束! 🕛 19.718 秒

