
🔔京东赚赚, 开始!
您的cookie选择的是用&隔开


====================共有2个京东账号Cookie=========

==================脚本执行- 北京时间(UTC+8)：2/7/2021, 11:17:46 AM=====================

开始获取京东赚赚配置文件

共2个京东账号

您提供了0个账号的京东赚赚助力码

作者助力码获取成功

******开始【京东账号1】迷糊虫啊*********

由于您第1个京东账号未提供shareCode,将采纳本脚本自带的助力码

开始
随机取20个码放到您固定的互助码后面(不影响已有固定互助)
第1个京东账号将要助力的好友["ATGEC3-fsrn13aiaEqiM","AUWE5maSSnzFeDmH4iH0elA","AUWE5m6WUmDdZC2mr1XhJlQ","AUWE5m_jEzjJZDTKr3nwfkg","A06fNSRc4GIqY38pMBeLKQE2InZA","AUWE5mf7ExDZdDmH7j3wfkA","AUWE5m6jBy2cNAWX7j31Pxw","AUWE5mK2UnDddDTX61S1Mkw","AUWE5mavGyGZdWzP5iCoZwQ","7qujMUi1mE6aFtvjAwaXnat9zd5YaBeE","Sv_9xQhke9UneIRv8k_YOfQ","S5KkcBXxuhyuPeH6r4KNr","Sv_h7QBga9lTWJhmb1A","oizDrS9oZiBN_38z7DCckqt9zd5YaBeE","S5KkcPHZHgyy_f2Cz_Kxt","S-akWG2lHvQ-TVWOo9Iw","cgxZdTXtY8WLv2i7e3H0r4LxvNiihvfJDz-hWzs38ptND-Uowu9QfU0","ASHAIy_zOnGxCUCX51HRD","S5KkcRhtIp1TVcRKnwfYLcA","S9KciGUJTvA","S5KkcOElmsiWSVlqM3JZx","AUWE5m6SRxWcMW2P5jHRLkg","SaFf3mJSoIv5j9b5UQH-zrLns","SxawqCUNAtg","S5KkcIElCgyWiYmin9rJx","Ab2wIzrDYlGA","AUWE5x-_at3RKYDuQiTYI","ATGEw2tnmi0t_WQWvqxo"]
好友任务已完成，下次再给他助力吧~
好友任务已完成，下次再给他助力吧~
好友任务已完成，下次再给他助力吧~
好友任务已完成，下次再给他助力吧~
好友任务已完成，下次再给他助力吧~
好友任务已完成，下次再给他助力吧~
好友任务已完成，下次再给他助力吧~
好友任务已完成，下次再给他助力吧~
好友任务已完成，下次再给他助力吧~
好友任务已完成，下次再给他助力吧~
好友任务已完成，下次再给他助力吧~
好友任务已完成，下次再给他助力吧~
好友任务已完成，下次再给他助力吧~
好友任务已完成，下次再给他助力吧~
好友任务已完成，下次再给他助力吧~
好友任务已完成，下次再给他助力吧~
好友任务已完成，下次再给他助力吧~
好友任务已完成，下次再给他助力吧~
好友任务已完成，下次再给他助力吧~
好友任务已完成，下次再给他助力吧~
好友任务已完成，下次再给他助力吧~
好友任务已完成，下次再给他助力吧~
好友任务已完成，下次再给他助力吧~
好友任务已完成，下次再给他助力吧~
好友任务已完成，下次再给他助力吧~
好友任务已完成，下次再给他助力吧~
好友任务已完成，下次再给他助力吧~
好友任务已完成，下次再给他助力吧~


已满5人助力或助力功能已下线,故暂时无京东赚赚好友助力码


去做任务：领京东到家会员
任务完成，获得 200 金币，0 京豆
去做任务：浏览小鸽有礼抢京豆
任务完成，获得 200 金币，0 京豆
去做任务：大牌洗护 满199减100
任务完成，获得 200 金币，0 京豆
去做任务：浏览首页爆款商品
任务完成，获得 200 金币，0 京豆
去做任务：签到有礼
任务完成，获得 800;500;800;500;800;500;800 金币，1 京豆
去做任务：去京东APP逛爆品
任务完成，获得 500 金币，2 京豆
去做任务：签到领员工内购券
任务完成，获得 200 金币，0 京豆
去做任务：去伊利会场抽奖分十亿
任务完成，获得 200 金币，0 京豆

==============📣系统通知📣==============
京东赚赚
京东账号1 迷糊虫啊
本次获得3京豆，2500金币
累计获得114京豆，71800金币


******开始【京东账号2】孤傲的小小瞒*********

由于您第2个京东账号未提供shareCode,将采纳本脚本自带的助力码

开始
随机取20个码放到您固定的互助码后面(不影响已有固定互助)
第2个京东账号将要助力的好友["ATGEC3-fsrn13aiaEqiM","AUWE5maSSnzFeDmH4iH0elA","AUWE5m6WUmDdZC2mr1XhJlQ","AUWE5m_jEzjJZDTKr3nwfkg","A06fNSRc4GIqY38pMBeLKQE2InZA","AUWE5m6_BmTUPAGH42SpOkg","AUWE53NTIs3V8YBqthQMI","AUWE5m6yVxTJcWjWr3nRIlw","S5KkcREpL_FHUJR31nPRZIg","S5KkcMUBGnz6rfWar_aVL","SvP92RR4f9FHWPRz3lPMIcg","SaVnfl5CnIv5j95BiQWmgcaQ4","ATGEi4_nDsmtsdwGvmgA","S5KkcRUpIpwCDc0_ynP5bJw","S5KkcRkga8FbeKUz0l6IKcQ","cgxZdTXtTOmptneTQEf3vUhwTv2cgCg2ZvP_TX0LMMcoVv7wPriWhj8","AUWE5m6SZzTxZDmL7iX9Oww","S5KkcRk0b91zSJxj0nfcJcA","S5KkcCUpzowaLf322w61Z","St_h2SB8b8VHKJhjznf4L","S5KkcPVZekQaefE2M5q58","S5KkcRUgc8VDXIhn1nPFfJw","S5KkcIWpiqw6EYHiCxoxD","S4qQ2B0tH9VzVKA","AUWE56MXusU5SWSKxiD0T","S5KkcRkgQp12GJh3ynaZcJg","Sa33Mlra9mg","S5KkcRx1L9AbRcRrykvFZcA"]
好友任务已完成，下次再给他助力吧~
好友任务已完成，下次再给他助力吧~
好友任务已完成，下次再给他助力吧~
好友任务已完成，下次再给他助力吧~
好友任务已完成，下次再给他助力吧~
好友任务已完成，下次再给他助力吧~
好友任务已完成，下次再给他助力吧~
好友任务已完成，下次再给他助力吧~
好友任务已完成，下次再给他助力吧~
好友任务已完成，下次再给他助力吧~
好友任务已完成，下次再给他助力吧~
好友任务已完成，下次再给他助力吧~
好友任务已完成，下次再给他助力吧~
好友任务已完成，下次再给他助力吧~
好友任务已完成，下次再给他助力吧~
好友任务已完成，下次再给他助力吧~
好友任务已完成，下次再给他助力吧~
好友任务已完成，下次再给他助力吧~
好友任务已完成，下次再给他助力吧~
好友任务已完成，下次再给他助力吧~
好友任务已完成，下次再给他助力吧~
好友任务已完成，下次再给他助力吧~
好友任务已完成，下次再给他助力吧~
好友任务已完成，下次再给他助力吧~
好友任务已完成，下次再给他助力吧~
好友任务已完成，下次再给他助力吧~
好友任务已完成，下次再给他助力吧~
好友任务已完成，下次再给他助力吧~


已满5人助力或助力功能已下线,故暂时无京东赚赚好友助力码


去做任务：领京东到家会员
任务完成，获得 200 金币，0 京豆
去做任务：浏览小鸽有礼抢京豆
任务完成，获得 200 金币，0 京豆
去做任务：大牌洗护 满199减100
任务完成，获得 200 金币，0 京豆
去做任务：浏览首页爆款商品
任务完成，获得 200 金币，0 京豆
去做任务：签到有礼
任务完成，获得 800;500;800;500;800;500;800 金币，1 京豆
去做任务：去京东APP逛爆品
任务完成，获得 500 金币，2 京豆
去做任务：签到领员工内购券
任务完成，获得 200 金币，0 京豆
去做任务：去伊利会场抽奖分十亿
任务完成，获得 200 金币，0 京豆

==============📣系统通知📣==============
京东赚赚
京东账号2 孤傲的小小瞒
本次获得3京豆，2200金币
累计获得135京豆，88500金币

团已满
团已满
团已满
团已满
团已满
团已满
团已满
团已满
团已满
团已满
团已满
团已满
团已满
团已满
团已满
团已满
团已满
团已满
团已满
团已满
团已满
团已满

🔔京东赚赚, 结束! 🕛 59.774 秒

