
🔔京东赚赚, 开始!
您的cookie选择的是用&隔开


====================共有2个京东账号Cookie=========

==================脚本执行- 北京时间(UTC+8)：2/8/2021, 11:17:59 AM=====================

开始获取京东赚赚配置文件

共2个京东账号

您提供了0个账号的京东赚赚助力码

作者助力码获取成功

******开始【京东账号1】迷糊虫啊*********

由于您第1个京东账号未提供shareCode,将采纳本脚本自带的助力码

开始
随机取20个码放到您固定的互助码后面(不影响已有固定互助)
第1个京东账号将要助力的好友["ATGEC3-fsrn13aiaEqiM","AUWE5maSSnzFeDmH4iH0elA","AUWE5m6WUmDdZC2mr1XhJlQ","AUWE5m_jEzjJZDTKr3nwfkg","A06fNSRc4GIqY38pMBeLKQE2InZA","AUWE5mf7ExDZdDmH7j3wfkA","AUWE5m6jBy2cNAWX7j31Pxw","AUWE5mK2UnDddDTX61S1Mkw","AUWE5mavGyGZdWzP5iCoZwQ","AUWE5mPiQnmAKXWb-i3hCnQ","eU9Ya7_jYfhzpWfXyXdGgA","AUWE5mqqXmDZdXDGr1HxIlA","AXGkJ3eSRxD0O","S5roiHBwZ9FQ","AUWE5mPmTnzwMWmOsjCoelw","S9qQuH1dcoA","S5KkcRx4R9VODJBmgkvVZcg","S5aQ3BFcY8lDVIhs","SZ1DambOwIv5j9pNSQH2Adns","S5KkcRkpPpFfVIB2ilPQLIA","S5KkcRR1PplzUJBiixvIMdA","S5KkcGkVotQa_UWKF96tq","S5KkcRUscpF2BdR6gl_IDJg","S5KkcFkdQriiLRnOL_JZS","S5KkcR00Y9wWEJxjyxqRYcw$S5KkcRxpMoVLVIBv1laMNcA","AUWE5mf-WnGBaDTPxiH9Plg","S7aIvHEFY9FLR","Sv_93Rhcd8FXSPRnxlvUJcg","A0qboRgYlFKe6CWnx3X1K"]
好友任务已完成，下次再给他助力吧~
好友任务已完成，下次再给他助力吧~
好友任务已完成，下次再给他助力吧~
好友任务已完成，下次再给他助力吧~
好友任务已完成，下次再给他助力吧~
好友任务已完成，下次再给他助力吧~
好友任务已完成，下次再给他助力吧~
好友任务已完成，下次再给他助力吧~
好友任务已完成，下次再给他助力吧~
好友任务已完成，下次再给他助力吧~
好友任务已完成，下次再给他助力吧~
好友任务已完成，下次再给他助力吧~
好友任务已完成，下次再给他助力吧~
好友任务已完成，下次再给他助力吧~
好友任务已完成，下次再给他助力吧~
好友任务已完成，下次再给他助力吧~
好友任务已完成，下次再给他助力吧~
好友任务已完成，下次再给他助力吧~
好友任务已完成，下次再给他助力吧~
好友任务已完成，下次再给他助力吧~
好友任务已完成，下次再给他助力吧~
好友任务已完成，下次再给他助力吧~
好友任务已完成，下次再给他助力吧~
好友任务已完成，下次再给他助力吧~
好友任务已完成，下次再给他助力吧~
好友任务已完成，下次再给他助力吧~
好友任务已完成，下次再给他助力吧~
好友任务已完成，下次再给他助力吧~
好友任务已完成，下次再给他助力吧~


已满5人助力或助力功能已下线,故暂时无京东赚赚好友助力码


去做任务：关注蓝月亮享好礼
任务完成，获得 200 金币，0 京豆
去做任务：领京东到家会员
任务完成，获得 200 金币，0 京豆
去做任务：浏览小鸽有礼抢京豆
任务完成，获得 200 金币，0 京豆
去做任务：领666京豆
任务完成，获得 200 金币，0 京豆
去做任务：去蒙牛会场抽奖拿好礼
任务完成，获得 200 金币，0 京豆
去做任务：浏览首页爆款商品
任务完成，获得 200 金币，0 京豆
去做任务：签到有礼
任务完成，获得 800;500;800;500;800;500;800 金币，1 京豆
去做任务：去京东APP逛爆品
任务完成，获得 500 金币，2 京豆
去做任务：签到领员工内购券
任务完成，获得 200 金币，0 京豆
去做任务：去伊利会场抽奖分十亿
任务完成，获得 200 金币，0 京豆

==============📣系统通知📣==============
京东赚赚
京东账号1 迷糊虫啊
本次获得3京豆，2600金币
累计获得117京豆，74400金币


******开始【京东账号2】孤傲的小小瞒*********

由于您第2个京东账号未提供shareCode,将采纳本脚本自带的助力码

开始
随机取20个码放到您固定的互助码后面(不影响已有固定互助)
第2个京东账号将要助力的好友["ATGEC3-fsrn13aiaEqiM","AUWE5maSSnzFeDmH4iH0elA","AUWE5m6WUmDdZC2mr1XhJlQ","AUWE5m_jEzjJZDTKr3nwfkg","A06fNSRc4GIqY38pMBeLKQE2InZA","AUWE5m6_BmTUPAGH42SpOkg","AUWE53NTIs3V8YBqthQMI","AUWE5m6yVxTJcWjWr3nRIlw","S5KkcAmxYijyuWnuv041x","S5KkcR08fowffKEn0lKFfcg","Sa33Mlra9mg","S5KkcRU9IpADSIB_9xvMMJQ","Sv_h2RRsd8VzUIROb1A","AV28Ona-TzjwBDg","Sv_h6QB4Q91TUJRyb1A","S9KciGUJTvA","S5KkcRh9N_AfedUj0xvYNcw","Sv_hzQh8Y8VDfIxKb1A","S4aYzEV1a","S7_hyRhsR8FLWIA","S5KkcRxsRplDQIximlvdbdg","S5KkcRhobpwXXJB73lfUNfA","S5KkcN21qli-LX16iw6ZI","S5KkcRBwdpFWEJ0n8xaMCfQ","S5KkcR00Y9wWEJxjyxqRYcw$S5KkcRxpMoVLVIBv1laMNcA","ATGwI1-2RxD0BCGE","S5KkcNk1vhjSlfmmG6JNJ","S_aUqHnFNvAqGY169"]
好友任务已完成，下次再给他助力吧~
好友任务已完成，下次再给他助力吧~
好友任务已完成，下次再给他助力吧~
好友任务已完成，下次再给他助力吧~
好友任务已完成，下次再给他助力吧~
好友任务已完成，下次再给他助力吧~
好友任务已完成，下次再给他助力吧~
好友任务已完成，下次再给他助力吧~
好友任务已完成，下次再给他助力吧~
好友任务已完成，下次再给他助力吧~
好友任务已完成，下次再给他助力吧~
好友任务已完成，下次再给他助力吧~
好友任务已完成，下次再给他助力吧~
好友任务已完成，下次再给他助力吧~
好友任务已完成，下次再给他助力吧~
好友任务已完成，下次再给他助力吧~
好友任务已完成，下次再给他助力吧~
好友任务已完成，下次再给他助力吧~
好友任务已完成，下次再给他助力吧~
好友任务已完成，下次再给他助力吧~
好友任务已完成，下次再给他助力吧~
好友任务已完成，下次再给他助力吧~
好友任务已完成，下次再给他助力吧~
好友任务已完成，下次再给他助力吧~
好友任务已完成，下次再给他助力吧~
好友任务已完成，下次再给他助力吧~
好友任务已完成，下次再给他助力吧~
好友任务已完成，下次再给他助力吧~


已满5人助力或助力功能已下线,故暂时无京东赚赚好友助力码


去做任务：关注蓝月亮享好礼
任务完成，获得 200 金币，0 京豆
去做任务：领京东到家会员
任务完成，获得 200 金币，0 京豆
去做任务：浏览小鸽有礼抢京豆
任务完成，获得 200 金币，0 京豆
去做任务：领666京豆
任务完成，获得 200 金币，0 京豆
去做任务：去蒙牛会场抽奖拿好礼
任务完成，获得 200 金币，0 京豆
去做任务：浏览首页爆款商品
任务完成，获得 200 金币，0 京豆
去做任务：签到有礼
任务完成，获得 800;500;800;500;800;500;800 金币，1 京豆
去做任务：去京东APP逛爆品
任务完成，获得 500 金币，2 京豆
去做任务：签到领员工内购券
任务完成，获得 200 金币，0 京豆
去做任务：去伊利会场抽奖分十亿
任务完成，获得 200 金币，0 京豆

==============📣系统通知📣==============
京东赚赚
京东账号2 孤傲的小小瞒
本次获得3京豆，2900金币
累计获得138京豆，91400金币

团已满
团已满
团已满
团已满
团已满
团已满
团已满
团已满
团已满
团已满
团已满
团已满
团已满
团已满
团已满
团已满
团已满
团已满

🔔京东赚赚, 结束! 🕛 72.544 秒

