
🔔京东赚赚, 开始!
您的cookie选择的是用&隔开


====================共有2个京东账号Cookie=========

==================脚本执行- 北京时间(UTC+8)：2/3/2021, 11:17:35 AM=====================

开始获取京东赚赚配置文件

共2个京东账号

您提供了0个账号的京东赚赚助力码

作者助力码获取成功

******开始【京东账号1】迷糊虫啊*********

由于您第1个京东账号未提供shareCode,将采纳本脚本自带的助力码

开始
随机取20个码放到您固定的互助码后面(不影响已有固定互助)
第1个京东账号将要助力的好友["ATGEC3-fsrn13aiaEqiM","AUWE5maSSnzFeDmH4iH0elA","AUWE5m6WUmDdZC2mr1XhJlQ","AUWE5m_jEzjJZDTKr3nwfkg","A06fNSRc4GIqY38pMBeLKQE2InZA","AUWE5mf7ExDZdDmH7j3wfkA","AUWE5m6jBy2cNAWX7j31Pxw","AUWE5mK2UnDddDTX61S1Mkw","AUWE5mavGyGZdWzP5iCoZwQ","S5KkcMVdhhwyLfUOe7rJM","S5KkcR08YpF3fJh3xlqIOfA","S5KkcRhkb_V3SdRL3nKRbdA","S5KkcRU9L_QfXKE_9xvcCcw","MTE1NDQ5OTIwMDAwMDAwMzYxMzA4ODc=","Sv_V0RRYa81XTJR-b1A","S-akNI2BhizaGe2KP44lo","S_awvHUFHtg-Ofg","Sv_5wRR0Z_VzXJxOb1A","S5KkcJFp6qi6taU2H_rRC","S5KkcRhYZoALSchL1wPRZIA","AV2oQyu_Bk2FLUyk","S_rmmwKHMeMg","S5KkcHWFisQesdmWF77d_","SxawqCUNAtg","Sv_h7SRcf81bKJhLwlfIDfbI","S5KkcCEpGrj6VeGGS16BP","S5KkcIGptqSyGXFKq3bRv","S5KkcREsZ8AbRKE-nlfEIJw","S5KkcNUdEtQ-wV3KF5qt3"]
好友任务已完成，下次再给他助力吧~
好友任务已完成，下次再给他助力吧~
好友任务已完成，下次再给他助力吧~
好友任务已完成，下次再给他助力吧~
好友任务已完成，下次再给他助力吧~
好友任务已完成，下次再给他助力吧~
好友任务已完成，下次再给他助力吧~
好友任务已完成，下次再给他助力吧~
好友任务已完成，下次再给他助力吧~
好友任务已完成，下次再给他助力吧~
好友任务已完成，下次再给他助力吧~
好友任务已完成，下次再给他助力吧~
好友任务已完成，下次再给他助力吧~
好友任务已完成，下次再给他助力吧~
好友任务已完成，下次再给他助力吧~
好友任务已完成，下次再给他助力吧~
好友任务已完成，下次再给他助力吧~
好友任务已完成，下次再给他助力吧~
好友任务已完成，下次再给他助力吧~
好友任务已完成，下次再给他助力吧~
好友任务已完成，下次再给他助力吧~
好友任务已完成，下次再给他助力吧~
好友任务已完成，下次再给他助力吧~
好友任务已完成，下次再给他助力吧~
好友任务已完成，下次再给他助力吧~
好友任务已完成，下次再给他助力吧~
好友任务已完成，下次再给他助力吧~
好友任务已完成，下次再给他助力吧~
好友任务已完成，下次再给他助力吧~


已满5人助力或助力功能已下线,故暂时无京东赚赚好友助力码


去做任务：领京东到家会员
任务完成，获得 200 金币，0 京豆
去做任务：浏览小鸽有礼抢京豆
任务完成，获得 200 金币，0 京豆
去做任务：预约直播抽洗护好礼
任务完成，获得 200 金币，0 京豆
去做任务：浏览首页爆款商品
任务完成，获得 200 金币，0 京豆
去做任务：签到有礼
任务完成，获得 800;500;800;500;800;500;800 金币，1 京豆
去做任务：去京东APP逛爆品
任务完成，获得 500 金币，2 京豆
去做任务：签到领员工内购券
任务完成，获得 200 金币，0 京豆

==============📣系统通知📣==============
京东赚赚
京东账号1 迷糊虫啊
本次获得3京豆，2000金币
累计获得102京豆，62500金币


******开始【京东账号2】孤傲的小小瞒*********

由于您第2个京东账号未提供shareCode,将采纳本脚本自带的助力码

开始
随机取20个码放到您固定的互助码后面(不影响已有固定互助)
第2个京东账号将要助力的好友["ATGEC3-fsrn13aiaEqiM","AUWE5maSSnzFeDmH4iH0elA","AUWE5m6WUmDdZC2mr1XhJlQ","AUWE5m_jEzjJZDTKr3nwfkg","A06fNSRc4GIqY38pMBeLKQE2InZA","AUWE5m6_BmTUPAGH42SpOkg","AUWE53NTIs3V8YBqthQMI","AUWE5m6yVxTJcWjWr3nRIlw","ACj1enqmRzTcPDmiXnQ","Sv_h6SRka9lTSIBib1A","S5KkcInhniROzam-N3qpI","S5KkcRxoapgWGJx6hxfcDfQ","S5KkcRBwb9FHVJhnxl_MDIQ","S5KkcRB9K9VPQIBmlkvAIcA","S96QpGUBOqQGC","AUWE5mKuTzGcJCmb-2HkYkw","S5KkcR0wd_VOBdBn3kfRbdg","S5agtFVdTrQWIT0c","S5KkcRB1I_VbWcRz2kPINdQ","S5KkcRhoa8lfecxjywPRcdQ","AAzFUmqSYxTAVDGfx1XtC","S5KkcRBdP_VTRJB3yk_cMcQ","S5KkcRRkd8wDecUz8xfIPcw","SvP92RR4f9FHWPRz3lPMIcg","AUWE5m_iZyjEODDTw3y1NlA","AUWE5mPzFz2YKDmn5jigcwA","Sv_h7SRcf81bKJhLwlfIDfbI","AUWE5mKSZyWYMXjat3X9CkA"]
好友任务已完成，下次再给他助力吧~
好友任务已完成，下次再给他助力吧~
好友任务已完成，下次再给他助力吧~
好友任务已完成，下次再给他助力吧~
好友任务已完成，下次再给他助力吧~
好友任务已完成，下次再给他助力吧~
好友任务已完成，下次再给他助力吧~
好友任务已完成，下次再给他助力吧~
好友任务已完成，下次再给他助力吧~
好友任务已完成，下次再给他助力吧~
好友任务已完成，下次再给他助力吧~
好友任务已完成，下次再给他助力吧~
好友任务已完成，下次再给他助力吧~
好友任务已完成，下次再给他助力吧~
好友任务已完成，下次再给他助力吧~
好友任务已完成，下次再给他助力吧~
好友任务已完成，下次再给他助力吧~
好友任务已完成，下次再给他助力吧~
好友任务已完成，下次再给他助力吧~
好友任务已完成，下次再给他助力吧~
好友任务已完成，下次再给他助力吧~
好友任务已完成，下次再给他助力吧~
好友任务已完成，下次再给他助力吧~
好友任务已完成，下次再给他助力吧~
好友任务已完成，下次再给他助力吧~
好友任务已完成，下次再给他助力吧~
好友任务已完成，下次再给他助力吧~
好友任务已完成，下次再给他助力吧~


已满5人助力或助力功能已下线,故暂时无京东赚赚好友助力码


去做任务：领京东到家会员
任务完成，获得 200 金币，0 京豆
去做任务：浏览小鸽有礼抢京豆
任务完成，获得 200 金币，0 京豆
去做任务：预约直播抽洗护好礼
任务完成，获得 200 金币，0 京豆
去做任务：浏览首页爆款商品
任务完成，获得 200 金币，0 京豆
去做任务：签到有礼
任务完成，获得 800;500;800;500;800;500;800 金币，1 京豆
去做任务：去京东APP逛爆品
任务完成，获得 500 金币，2 京豆
去做任务：签到领员工内购券
任务完成，获得 200 金币，0 京豆

==============📣系统通知📣==============
京东赚赚
京东账号2 孤傲的小小瞒
本次获得3京豆，2300金币
累计获得123京豆，79500金币

团已满
团已满
团已满
团已满
团已满
团已满
团已满
团已满
团已满
团已满
团已满
团已满
团已满
团已满
团已满
团已满
团已满
团已满

🔔京东赚赚, 结束! 🕛 53.015 秒

