
🔔京东赚赚, 开始!
您的cookie选择的是用&隔开


====================共有2个京东账号Cookie=========

==================脚本执行- 北京时间(UTC+8)：2/5/2021, 11:18:34 AM=====================

开始获取京东赚赚配置文件

共2个京东账号

您提供了0个账号的京东赚赚助力码

作者助力码获取成功

******开始【京东账号1】迷糊虫啊*********

由于您第1个京东账号未提供shareCode,将采纳本脚本自带的助力码

开始
随机取20个码放到您固定的互助码后面(不影响已有固定互助)
第1个京东账号将要助力的好友["ATGEC3-fsrn13aiaEqiM","AUWE5maSSnzFeDmH4iH0elA","AUWE5m6WUmDdZC2mr1XhJlQ","AUWE5m_jEzjJZDTKr3nwfkg","A06fNSRc4GIqY38pMBeLKQE2InZA","AUWE5mf7ExDZdDmH7j3wfkA","AUWE5m6jBy2cNAWX7j31Pxw","AUWE5mK2UnDddDTX61S1Mkw","AUWE5mavGyGZdWzP5iCoZwQ","S5KkcRBkb9VfTJBvwk_UNIQ","S5KkcR08f81bSIkvznPdbcw","Sv_9xQhke9UneIRv8k_YOfQ","S5KgxAldC@S5awtF0VIqwO4c1K9@S4qggGEtb9FXX@S5q8yGkJTrQ","SaG_rA0ZAtw","Sv_V6Qhoc81fTIxOb1A","AUWE5m62UnDUBXGeq3S0eww","AUWE5-vH4vnRLfx-_iDQ1","S5KkcO19qlyuVZX-1yKt-","AUWE5mf_CzzdaAWfx2H4exg","SuPpzRB8c9lzKIhzzl_EK","AUWE5m6yTmTENC2mr2X5Mlg","S5KkcR0pK_FLecxj8lf4PfQ","AUWE5mPnEnjZcCDL9jHpJlw","AAzFUmqSYxTAVDGfx1XtC","S5KkcRxpLpFDUJ0n2lPQCdg","S4bg3lZ6mLP9P96h9","S_aI2FE9HoA","S46w6GltHoBOe","S5KkcBnZajS6Oe0-UxpB3"]
好友任务已完成，下次再给他助力吧~
好友任务已完成，下次再给他助力吧~
好友任务已完成，下次再给他助力吧~
好友任务已完成，下次再给他助力吧~
好友任务已完成，下次再给他助力吧~
好友任务已完成，下次再给他助力吧~
好友任务已完成，下次再给他助力吧~
好友任务已完成，下次再给他助力吧~
好友任务已完成，下次再给他助力吧~
好友任务已完成，下次再给他助力吧~
好友任务已完成，下次再给他助力吧~
好友任务已完成，下次再给他助力吧~
好友任务已完成，下次再给他助力吧~
好友任务已完成，下次再给他助力吧~
好友任务已完成，下次再给他助力吧~
好友任务已完成，下次再给他助力吧~
好友任务已完成，下次再给他助力吧~
好友任务已完成，下次再给他助力吧~
好友任务已完成，下次再给他助力吧~
好友任务已完成，下次再给他助力吧~
好友任务已完成，下次再给他助力吧~
好友任务已完成，下次再给他助力吧~
好友任务已完成，下次再给他助力吧~
好友任务已完成，下次再给他助力吧~
好友任务已完成，下次再给他助力吧~
好友任务已完成，下次再给他助力吧~
好友任务已完成，下次再给他助力吧~
好友任务已完成，下次再给他助力吧~
好友任务已完成，下次再给他助力吧~


已满5人助力或助力功能已下线,故暂时无京东赚赚好友助力码


去做任务：浏览田园主义爆款商品
任务完成，获得 200 金币，0 京豆
去做任务：领京东到家会员
任务完成，获得 200 金币，0 京豆
去做任务：浏览小鸽有礼抢京豆
任务完成，获得 200 金币，0 京豆
去做任务：逛伊利×百变大咖秀会场
任务完成，获得 200 金币，0 京豆
去做任务：浏览首页爆款商品
任务完成，获得 200 金币，0 京豆
去做任务：签到有礼
任务完成，获得 800;500;800;500;800;500;800 金币，1 京豆
去做任务：去京东APP逛爆品
任务完成，获得 500 金币，2 京豆
去做任务：签到领员工内购券
任务完成，获得 200 金币，0 京豆

==============📣系统通知📣==============
京东赚赚
京东账号1 迷糊虫啊
本次获得3京豆，2500金币
累计获得108京豆，67300金币


******开始【京东账号2】孤傲的小小瞒*********

由于您第2个京东账号未提供shareCode,将采纳本脚本自带的助力码

开始
随机取20个码放到您固定的互助码后面(不影响已有固定互助)
第2个京东账号将要助力的好友["ATGEC3-fsrn13aiaEqiM","AUWE5maSSnzFeDmH4iH0elA","AUWE5m6WUmDdZC2mr1XhJlQ","AUWE5m_jEzjJZDTKr3nwfkg","A06fNSRc4GIqY38pMBeLKQE2InZA","AUWE5m6_BmTUPAGH42SpOkg","AUWE53NTIs3V8YBqthQMI","AUWE5m6yVxTJcWjWr3nRIlw","S5KQiHkpIqwCCd3Wp","S5KkcKFt6rC6XZkOU0pBc","S5KkcR0sa9FfTIhqmwvVfcQ","S5KkcRR0dpFSEdR73kPdZIg","S5KkcHlllrSi-QVK09Ktc","AUWE55sXzmmJMdxufqAQN","FjhkmUrof864-aXpzDolGKt9zd5YaBeE","S-rU3L21B","Sv_57QRce9F3WKR6b1A","ZE9JDpjqPZZRqTyskwA","S5KkcO19qlyuVZX-1yKt-","AUWE5m6SRxWcMW2P5jHRLkg","dwqPGCwkEfi5MvIZ1nlKQA==","Sv_52QBcc8VPWJh6b1A","Stvt2QRcc9FPfTxz3nf4IcIZdjg","A3o7hSQgCGp-83eBHC__Q","S5KkcRk1N9QbSJBP2kKMDdw","AUWE5mKSZyWYMXjat3X9CkA","S76EqE0tPrBKC","S5KkcRU0f8VKDch6ixaFbdg"]
好友任务已完成，下次再给他助力吧~
好友任务已完成，下次再给他助力吧~
好友任务已完成，下次再给他助力吧~
好友任务已完成，下次再给他助力吧~
好友任务已完成，下次再给他助力吧~
好友任务已完成，下次再给他助力吧~
好友任务已完成，下次再给他助力吧~
好友任务已完成，下次再给他助力吧~
好友任务已完成，下次再给他助力吧~
好友任务已完成，下次再给他助力吧~
好友任务已完成，下次再给他助力吧~
好友任务已完成，下次再给他助力吧~
好友任务已完成，下次再给他助力吧~
好友任务已完成，下次再给他助力吧~
好友任务已完成，下次再给他助力吧~
好友任务已完成，下次再给他助力吧~
好友任务已完成，下次再给他助力吧~
好友任务已完成，下次再给他助力吧~
好友任务已完成，下次再给他助力吧~
好友任务已完成，下次再给他助力吧~
好友任务已完成，下次再给他助力吧~
好友任务已完成，下次再给他助力吧~
好友任务已完成，下次再给他助力吧~
好友任务已完成，下次再给他助力吧~
好友任务已完成，下次再给他助力吧~
好友任务已完成，下次再给他助力吧~
好友任务已完成，下次再给他助力吧~
好友任务已完成，下次再给他助力吧~


已满5人助力或助力功能已下线,故暂时无京东赚赚好友助力码


去做任务：浏览田园主义爆款商品
任务完成，获得 200 金币，0 京豆
去做任务：领京东到家会员
任务完成，获得 200 金币，0 京豆
去做任务：浏览小鸽有礼抢京豆
任务完成，获得 200 金币，0 京豆
去做任务：逛伊利×百变大咖秀会场
任务完成，获得 200 金币，0 京豆
去做任务：浏览首页爆款商品
任务完成，获得 200 金币，0 京豆
去做任务：签到有礼
任务完成，获得 800;500;800;500;800;500;800 金币，1 京豆
去做任务：去京东APP逛爆品
任务完成，获得 500 金币，2 京豆
去做任务：签到领员工内购券
任务完成，获得 200 金币，0 京豆

==============📣系统通知📣==============
京东赚赚
京东账号2 孤傲的小小瞒
本次获得3京豆，2500金币
累计获得129京豆，84000金币

团已满
团已满
团已满
团已满
团已满
团已满
团已满
团已满
团已满
团已满
团已满
团已满
团已满
团已满
团已满
团已满
团已满
团已满
团已满
团已满
团已满
团已满

🔔京东赚赚, 结束! 🕛 59.959 秒

