
🔔京东赚赚, 开始!
您的cookie选择的是用&隔开


====================共有2个京东账号Cookie=========

==================脚本执行- 北京时间(UTC+8)：2/9/2021, 11:15:29 AM=====================

开始获取京东赚赚配置文件

共2个京东账号

您提供了0个账号的京东赚赚助力码

作者助力码获取成功

******开始【京东账号1】迷糊虫啊*********

由于您第1个京东账号未提供shareCode,将采纳本脚本自带的助力码

开始
随机取20个码放到您固定的互助码后面(不影响已有固定互助)
第1个京东账号将要助力的好友["ATGEC3-fsrn13aiaEqiM","AUWE5maSSnzFeDmH4iH0elA","AUWE5m6WUmDdZC2mr1XhJlQ","AUWE5m_jEzjJZDTKr3nwfkg","A06fNSRc4GIqY38pMBeLKQE2InZA","AUWE5mf7ExDZdDmH7j3wfkA","AUWE5m6jBy2cNAWX7j31Pxw","AUWE5mK2UnDddDTX61S1Mkw","AUWE5mavGyGZdWzP5iCoZwQ","A04nQSCwTGp-80NJBBc7z","S-qIlBUJApAqA","AUWE5zM74s3xuXBefuAkz","AUWE5_Mv3hXRIegihpgsc","S5KkcRxce81GBKRj1l6Zedg","S5KkcCX1FrwCMaEaWzpZ1","S5KkcR0pL912Cchvxx_ZcJw","AUWE5marDnDwOADWtji0ZnQ","S5KcvGUBPoA2CYg","S4qU7HFdQ","17e29f3030864144bfe8faf71e32d145","S5KkcRx4c9gLTIk6llP8Icg","AUWE5m6qZxDMLAWD9j34ZkQ","SZ0_gmZaU","S5KkcRBkb9VfTJBvwk_UNIQ","AUWE55c_1inR6VxWflxUV","S5KkcRhkbpgbWJxz3naQMJQ","S5KkcRRZI9VGGcx_9lfUDcw","S37giBFpbqhSIYl6h45M","S5KkcO2xFqRaiYG-04LB1"]
好友任务已完成，下次再给他助力吧~
好友任务已完成，下次再给他助力吧~
好友任务已完成，下次再给他助力吧~
好友任务已完成，下次再给他助力吧~
好友任务已完成，下次再给他助力吧~
好友任务已完成，下次再给他助力吧~
好友任务已完成，下次再给他助力吧~
好友任务已完成，下次再给他助力吧~
好友任务已完成，下次再给他助力吧~
好友任务已完成，下次再给他助力吧~
好友任务已完成，下次再给他助力吧~
好友任务已完成，下次再给他助力吧~
好友任务已完成，下次再给他助力吧~
好友任务已完成，下次再给他助力吧~
好友任务已完成，下次再给他助力吧~
好友任务已完成，下次再给他助力吧~
好友任务已完成，下次再给他助力吧~
好友任务已完成，下次再给他助力吧~
好友任务已完成，下次再给他助力吧~
好友任务已完成，下次再给他助力吧~
好友任务已完成，下次再给他助力吧~
好友任务已完成，下次再给他助力吧~
好友任务已完成，下次再给他助力吧~
好友任务已完成，下次再给他助力吧~
好友任务已完成，下次再给他助力吧~
好友任务已完成，下次再给他助力吧~
好友任务已完成，下次再给他助力吧~
好友任务已完成，下次再给他助力吧~
好友任务已完成，下次再给他助力吧~


已满5人助力或助力功能已下线,故暂时无京东赚赚好友助力码


去做任务：关注蓝月亮享好礼
任务完成，获得 200 金币，0 京豆
去做任务：领京东到家会员
任务完成，获得 200 金币，0 京豆
去做任务：浏览小鸽有礼抢京豆
任务完成，获得 200 金币，0 京豆
去做任务：去蒙牛会场抽奖拿好礼
任务完成，获得 200 金币，0 京豆
去做任务：浏览首页爆款商品
任务完成，获得 200 金币，0 京豆
去做任务：签到有礼
任务完成，获得 800;500;800;500;800;500;800 金币，1 京豆
去做任务：去京东APP逛爆品
任务完成，获得 500 金币，2 京豆
去做任务：签到领员工内购券
任务完成，获得 200 金币，0 京豆
去做任务：去伊利会场抽奖分十亿
任务完成，获得 200 金币，0 京豆

==============📣系统通知📣==============
京东赚赚
京东账号1 迷糊虫啊
本次获得3京豆，2700金币
累计获得120京豆，77100金币


******开始【京东账号2】孤傲的小小瞒*********

由于您第2个京东账号未提供shareCode,将采纳本脚本自带的助力码

开始
随机取20个码放到您固定的互助码后面(不影响已有固定互助)
第2个京东账号将要助力的好友["ATGEC3-fsrn13aiaEqiM","AUWE5maSSnzFeDmH4iH0elA","AUWE5m6WUmDdZC2mr1XhJlQ","AUWE5m_jEzjJZDTKr3nwfkg","A06fNSRc4GIqY38pMBeLKQE2InZA","AUWE5m6_BmTUPAGH42SpOkg","AUWE53NTIs3V8YBqthQMI","AUWE5m6yVxTJcWjWr3nRIlw","S5KkcA0Jcix63XH-Uy6ND","S5KkcRRod91aBch78wPYKcQ","SaEXSlJakI_xI9qJLTUC2oA3qVKhv","S5KkcRR5K9AHRck_9nKIDdA","A3p3vSgUpi2xZVg","S5KkcRxdM_VWBJ0iinfdYcQ","S_6w5HU1F9FbUIA","S5KwgG1d2qAU","S5KkcR0xM8wCEdE-nwfcIdg","S5KkcRUoRoFGDJRL8k_decw","13e5a385597d4905aa91991a5cf5f44f","S5KkcO0lqnB2_QHym3I5t","S_aUmBkFH_VE","S5KkcRBtPp1zXJBjylvAKJQ","S5KkcRkge9AHQJEmmlKVfIQ","SaFXcloyP8lTR","S5KkcNUdEtQ-wV3KF5qt3","S5qwnFV1FrAo","S5KkcRh0a8lbVIB-hkPYOdw","S5KkcRhkQp1aGKBjyxvUMJw"]
好友任务已完成，下次再给他助力吧~
好友任务已完成，下次再给他助力吧~
好友任务已完成，下次再给他助力吧~
好友任务已完成，下次再给他助力吧~
好友任务已完成，下次再给他助力吧~
好友任务已完成，下次再给他助力吧~
好友任务已完成，下次再给他助力吧~
好友任务已完成，下次再给他助力吧~
好友任务已完成，下次再给他助力吧~
好友任务已完成，下次再给他助力吧~
好友任务已完成，下次再给他助力吧~
好友任务已完成，下次再给他助力吧~
好友任务已完成，下次再给他助力吧~
好友任务已完成，下次再给他助力吧~
好友任务已完成，下次再给他助力吧~
好友任务已完成，下次再给他助力吧~
好友任务已完成，下次再给他助力吧~
好友任务已完成，下次再给他助力吧~
好友任务已完成，下次再给他助力吧~
好友任务已完成，下次再给他助力吧~
好友任务已完成，下次再给他助力吧~
好友任务已完成，下次再给他助力吧~
好友任务已完成，下次再给他助力吧~
好友任务已完成，下次再给他助力吧~
好友任务已完成，下次再给他助力吧~
好友任务已完成，下次再给他助力吧~
好友任务已完成，下次再给他助力吧~
好友任务已完成，下次再给他助力吧~


已满5人助力或助力功能已下线,故暂时无京东赚赚好友助力码


去做任务：关注蓝月亮享好礼
任务完成，获得 200 金币，0 京豆
去做任务：领京东到家会员
任务完成，获得 200 金币，0 京豆
去做任务：浏览小鸽有礼抢京豆
任务完成，获得 200 金币，0 京豆
去做任务：去蒙牛会场抽奖拿好礼
任务完成，获得 200 金币，0 京豆
去做任务：浏览首页爆款商品
任务完成，获得 200 金币，0 京豆
去做任务：签到有礼
任务完成，获得 800;500;800;500;800;500;800 金币，1 京豆
去做任务：去京东APP逛爆品
任务完成，获得 500 金币，2 京豆
去做任务：签到领员工内购券
任务完成，获得 200 金币，0 京豆
去做任务：去伊利会场抽奖分十亿
任务完成，获得 200 金币，0 京豆

==============📣系统通知📣==============
京东赚赚
京东账号2 孤傲的小小瞒
本次获得3京豆，2400金币
累计获得141京豆，93800金币

团已满
团已满
团已满
团已满
团已满
团已满
团已满
团已满
团已满
团已满
团已满
团已满
团已满
团已满
团已满
团已满
团已满
团已满

🔔京东赚赚, 结束! 🕛 65.283 秒

