
🔔宠汪汪, 开始!
您的cookie选择的是用&隔开


====================共有2个京东账号Cookie=========

==================脚本执行- 北京时间(UTC+8)：2/4/2021, 10:07:56 PM=====================


开始【京东账号1】迷糊虫啊

您设置的喂食数量:10g

实际的喂食数量:10g

喂食失败：您的汪汪正在食用中,请稍后再喂食
领取每日喂狗粮 结果：5
每日签到未完成,需要自己手动去微信小程序【来客有礼】签到，可获得京豆奖励
每日帮好友喂一次狗粮未完成
未完成,需要自己手动去邀请好友给你助力,可以获得狗粮
关注店铺 任务已完成
每日三餐 任务已完成
每日参与一次兑换 任务已完成
逛会场 任务已完成
浏览频道 任务已完成
每日参与一次宠物赛跑 任务已完成
看激励视频 任务已完成

限时商品货架已下架
现有狗粮: 2518


===以下是京东账号1 迷糊虫啊 2人赛跑信息===

赛跑状态：unreceive

今日参赛的比赛已经结束，现在领取奖励
领取赛跑奖励结果：{"errorCode":null,"errorMessage":null,"currentTime":1612447678291,"success":true}

==============📣系统通知📣==============
宠汪汪
【京东账号1】迷糊虫啊
太棒了，宠汪汪赛跑取得获胜
恭喜您已获得300积分奖励
您未提供server酱的SCKEY，取消微信推送消息通知

您未提供push+推送所需的PUSH_PLUS_TOKEN，取消push+推送消息通知

您未提供Bark的APP推送BARK_PUSH，取消Bark推送消息通知

您未提供telegram机器人推送所需的TG_BOT_TOKEN和TG_USER_ID，取消telegram推送消息通知

您未提供钉钉机器人推送所需的DD_BOT_TOKEN或者DD_BOT_SECRET，取消钉钉推送消息通知

您未提供企业微信机器人推送所需的QYWX_KEY，取消企业微信推送消息通知

您未提供企业微信应用消息推送所需的QYWX_AM，取消企业微信应用消息推送消息通知

您未提供iGot的推送IGOT_PUSH_KEY，取消iGot推送消息通知

您未提供酷推的SKEY，取消QQ推送消息通知


现有积分: 15465
现有狗粮: 2518
喂养次数: 35
宠物等级: 13



开始【京东账号2】孤傲的小小瞒

您设置的喂食数量:10g

实际的喂食数量:10g

喂食失败：您的汪汪正在食用中,请稍后再喂食
每日签到未完成,需要自己手动去微信小程序【来客有礼】签到，可获得京豆奖励
每日帮好友喂一次狗粮未完成

每日喂狗粮任务进行中

未完成,需要自己手动去邀请好友给你助力,可以获得狗粮
关注店铺 任务已完成
每日三餐 任务已完成
每日参与一次兑换 任务已完成
逛会场 任务已完成
浏览频道 任务已完成
每日参与一次宠物赛跑 任务已完成
看激励视频 任务已完成

限时商品货架已下架
现有狗粮: 2296


===以下是京东账号2 孤傲的小小瞒 2人赛跑信息===

赛跑状态：unreceive

今日参赛的比赛已经结束，现在领取奖励
领取赛跑奖励结果：{"errorCode":null,"errorMessage":null,"currentTime":1612447680071,"success":true}

==============📣系统通知📣==============
宠汪汪
【京东账号2】孤傲的小小瞒
太棒了，宠汪汪赛跑取得获胜
恭喜您已获得300积分奖励
您未提供server酱的SCKEY，取消微信推送消息通知

您未提供push+推送所需的PUSH_PLUS_TOKEN，取消push+推送消息通知

您未提供Bark的APP推送BARK_PUSH，取消Bark推送消息通知

您未提供telegram机器人推送所需的TG_BOT_TOKEN和TG_USER_ID，取消telegram推送消息通知

您未提供钉钉机器人推送所需的DD_BOT_TOKEN或者DD_BOT_SECRET，取消钉钉推送消息通知

您未提供企业微信机器人推送所需的QYWX_KEY，取消企业微信推送消息通知

您未提供企业微信应用消息推送所需的QYWX_AM，取消企业微信应用消息推送消息通知

您未提供iGot的推送IGOT_PUSH_KEY，取消iGot推送消息通知

您未提供酷推的SKEY，取消QQ推送消息通知


现有积分: 12885
现有狗粮: 2296
喂养次数: 39
宠物等级: 13



🔔宠汪汪, 结束! 🕛 3.783 秒

