
🔔宠汪汪, 开始!
您的cookie选择的是用&隔开


====================共有2个京东账号Cookie=========

==================脚本执行- 北京时间(UTC+8)：2/8/2021, 6:08:38 PM=====================


开始【京东账号1】迷糊虫啊

您设置的喂食数量:10g

实际的喂食数量:10g

喂食失败：您的汪汪正在食用中,请稍后再喂食
每日签到未完成,需要自己手动去微信小程序【来客有礼】签到，可获得京豆奖励
每日兑换未完成
每日帮好友喂一次狗粮未完成

每日喂狗粮任务进行中

未完成,需要自己手动去邀请好友给你助力,可以获得狗粮
关注店铺 任务已完成
每日三餐 任务已完成
逛会场 任务已完成
浏览频道 任务已完成
关注商品 任务已完成
每日参与一次宠物赛跑 任务已完成
看激励视频 任务已完成

限时商品货架已下架
现有狗粮: 3198


===以下是京东账号1 迷糊虫啊 2人赛跑信息===

赛跑状态：participate

您当前里程：89.16KM
当前排名:第1名
将获得积分:300

对手 ꧁恨离别殇꧂ 当前里程：51.36KM

今日已参赛，下面显示应援团信息
迷糊虫啊的应援团信息如下
团员：0个
团员助力的里程数：0

暂无好友为您助力赛跑，如需助力，请手动去邀请好友助力


现有积分: 16615
现有狗粮: 3198
喂养次数: 63
宠物等级: 13



开始【京东账号2】孤傲的小小瞒

您设置的喂食数量:10g

实际的喂食数量:10g

喂食失败：您的汪汪正在食用中,请稍后再喂食
每日签到未完成,需要自己手动去微信小程序【来客有礼】签到，可获得京豆奖励
每日兑换未完成
每日帮好友喂一次狗粮未完成

每日喂狗粮任务进行中

未完成,需要自己手动去邀请好友给你助力,可以获得狗粮
关注店铺 任务已完成
每日三餐 任务已完成
逛会场 任务已完成
浏览频道 任务已完成
关注商品 任务已完成
每日参与一次宠物赛跑 任务已完成
看激励视频 任务已完成

限时商品货架已下架
现有狗粮: 2966


===以下是京东账号2 孤傲的小小瞒 2人赛跑信息===

赛跑状态：participate

您当前里程：71.33KM
当前排名:第1名
将获得积分:300

对手 小四029 当前里程：64.2KM

今日已参赛，下面显示应援团信息
孤傲的小小瞒的应援团信息如下
团员：0个
团员助力的里程数：0

暂无好友为您助力赛跑，如需助力，请手动去邀请好友助力


现有积分: 13745
现有狗粮: 2966
喂养次数: 68
宠物等级: 13



🔔宠汪汪, 结束! 🕛 4.463 秒

