
🔔宠汪汪, 开始!
您的cookie选择的是用&隔开


====================共有2个京东账号Cookie=========

==================脚本执行- 北京时间(UTC+8)：2/7/2021, 9:06:13 AM=====================


开始【京东账号1】迷糊虫啊

您设置的喂食数量:10g

实际的喂食数量:10g

喂食失败：您的汪汪正在食用中,请稍后再喂食
每日签到未完成,需要自己手动去微信小程序【来客有礼】签到，可获得京豆奖励
每日兑换未完成
每日帮好友喂一次狗粮未完成
每日赛跑未完成

每日喂狗粮任务进行中

未完成,需要自己手动去邀请好友给你助力,可以获得狗粮
-----每日三餐-----
关注店铺 任务已完成
逛会场 任务已完成
浏览频道 任务已完成
关注商品 任务已完成
看激励视频 任务已完成

限时商品货架已下架
现有狗粮: 3038


===以下是京东账号1 迷糊虫啊 2人赛跑信息===

赛跑状态：not_participate

暂未参赛，现在为您参加2人赛跑
正在参赛中，请稍等5秒，以防多个账号匹配到统一赛场

2人赛跑参加成功

双人赛跑助力请自己手动去邀请好友，脚本不带赛跑助力功能


现有积分: 16415
现有狗粮: 3038
喂养次数: 53
宠物等级: 13
2人赛跑：成功参加



开始【京东账号2】孤傲的小小瞒

您设置的喂食数量:10g

实际的喂食数量:10g

喂食失败：您的汪汪正在食用中,请稍后再喂食
每日签到未完成,需要自己手动去微信小程序【来客有礼】签到，可获得京豆奖励
每日兑换未完成
每日帮好友喂一次狗粮未完成
每日赛跑未完成

每日喂狗粮任务进行中

未完成,需要自己手动去邀请好友给你助力,可以获得狗粮
-----每日三餐-----
关注店铺 任务已完成
逛会场 任务已完成
浏览频道 任务已完成
关注商品 任务已完成
看激励视频 任务已完成

限时商品货架已下架
现有狗粮: 2816


===以下是京东账号2 孤傲的小小瞒 2人赛跑信息===

赛跑状态：not_participate

暂未参赛，现在为您参加2人赛跑
正在参赛中，请稍等5秒，以防多个账号匹配到统一赛场

2人赛跑参加成功

双人赛跑助力请自己手动去邀请好友，脚本不带赛跑助力功能


现有积分: 13535
现有狗粮: 2816
喂养次数: 57
宠物等级: 13
2人赛跑：成功参加



🔔宠汪汪, 结束! 🕛 14.457 秒

