
🔔宠汪汪, 开始!
您的cookie选择的是用&隔开


====================共有2个京东账号Cookie=========

==================脚本执行- 北京时间(UTC+8)：2/3/2021, 8:08:07 AM=====================


开始【京东账号1】迷糊虫啊

您设置的喂食数量:10g

实际的喂食数量:10g

喂食失败：您的汪汪正在食用中,请稍后再喂食
每日签到未完成,需要自己手动去微信小程序【来客有礼】签到，可获得京豆奖励
每日帮好友喂一次狗粮未完成
每日赛跑未完成

每日喂狗粮任务进行中

未完成,需要自己手动去邀请好友给你助力,可以获得狗粮
-----每日三餐-----
关注店铺 任务已完成
每日参与一次兑换 任务已完成
逛会场 任务已完成
浏览频道 任务已完成
关注商品 任务已完成
看激励视频 任务已完成

限时商品货架已下架
现有狗粮: 2393


===以下是京东账号1 迷糊虫啊 2人赛跑信息===

赛跑状态：unbegin

比赛还未开始，请九点再来

现有积分: 15535
现有狗粮: 2393
喂养次数: 23
宠物等级: 13



开始【京东账号2】孤傲的小小瞒

您设置的喂食数量:10g

实际的喂食数量:10g

喂食失败：您的汪汪正在食用中,请稍后再喂食
每日签到未完成,需要自己手动去微信小程序【来客有礼】签到，可获得京豆奖励
每日帮好友喂一次狗粮未完成
每日赛跑未完成

每日喂狗粮任务进行中

未完成,需要自己手动去邀请好友给你助力,可以获得狗粮
-----每日三餐-----
关注店铺 任务已完成
每日参与一次兑换 任务已完成
逛会场 任务已完成
浏览频道 任务已完成
关注商品 任务已完成
看激励视频 任务已完成

限时商品货架已下架
现有狗粮: 2176


===以下是京东账号2 孤傲的小小瞒 2人赛跑信息===

赛跑状态：unbegin

比赛还未开始，请九点再来

现有积分: 12655
现有狗粮: 2176
喂养次数: 27
宠物等级: 13



🔔宠汪汪, 结束! 🕛 3.192 秒

