
🔔东东工厂, 开始!
您的cookie选择的是用&隔开


====================共有2个京东账号Cookie=========

==================脚本执行- 北京时间(UTC+8)：2/7/2021, 12:37:22 AM=====================

开始获取东东工厂配置文件

您的互助码选择的是用&隔开

共2个京东账号

您提供了0个账号的东东工厂助力码


******开始【京东账号1】迷糊虫啊*********

由于您第1个京东账号未提供shareCode,将采纳本脚本自带的助力码

开始
第1个京东账号将要助力的好友["P04z54XCjVWnYaS5u2ak7ZCdan1Bdd2GGiWvC6_uERj"]
此京东账号1迷糊虫啊暂未选购商品
现在也能为您做任务和收集免费电力
{"code":0,"data":{"bizCode":-9,"bizMsg":"助力失败丨助力已满员！谢谢你哦~","success":false},"msg":"调用成功"}
成功收集359电量，当前蓄电池总电量：1476210


【京东账号1（迷糊虫啊）的东东工厂好友互助码】T012v_pwQx8c91PeCjVWnYaS5kRrbA

准备做此任务：每日开工打卡
领取做完任务的奖励：{"score":"1200","userScore":"1477410"}
准备做此任务：好友助力
准备做此任务：去京东首页点击“数码电器”
领取做完任务的奖励：{"score":"5000","userScore":"1482410"}
准备做此任务：逛一逛蔡司品牌店铺会场~
领取做完任务的奖励：{"score":"500","userScore":"1482910"}
领取做完任务的奖励：{"score":"500","userScore":"1483410"}
领取做完任务的奖励：{"score":"500","userScore":"1483910"}
领取做完任务的奖励：{"score":"500","userScore":"1484410"}
领取做完任务的奖励：{"score":"500","userScore":"1484910"}
领取做完任务的奖励：{"score":"500","userScore":"1485410"}
领取做完任务的奖励：{"score":"500","userScore":"1485910"}
领取做完任务的奖励：{"score":"500","userScore":"1486410"}
领取做完任务的奖励：{"score":"500","userScore":"1486910"}
领取做完任务的奖励：{"score":"500","userScore":"1487410"}
领取做完任务的奖励：{"score":"500","userScore":"1487910"}
领取做完任务的奖励：{"score":"500","userScore":"1488410"}
领取做完任务的奖励：{"score":"500","userScore":"1488910"}
领取做完任务的奖励：{"score":"500","userScore":"1489410"}
领取做完任务的奖励：{"score":"500","userScore":"1489910"}
领取做完任务的奖励：{"score":"500","userScore":"1490410"}
准备做此任务：看看商品
"Timeout awaiting 'request' for 10000ms"
东东工厂 API请求失败，请检查网路重试
领取做完任务的奖励：{"score":"1000","userScore":"1491410"}
领取做完任务的奖励：{"score":"1000","userScore":"1492410"}
领取做完任务的奖励：{"score":"1000","userScore":"1493410"}
领取做完任务的奖励：{"score":"1000","userScore":"1494410"}
领取做完任务的奖励：{"score":"1000","userScore":"1495410"}
领取做完任务的奖励：{"score":"1000","userScore":"1496410"}
准备做此任务：去关注最炫（ZUIXUA）京东自营旗舰店
领取做完任务的奖励：{"score":"1500","userScore":"1497910"}
领取做完任务的奖励：{"score":"1500","userScore":"1499410"}
领取做完任务的奖励：{"score":"1500","userScore":"1500910"}
此任务：开通微星品牌会员，跳过
每日10-13点巡厂 任务已错过时间

此账号1迷糊虫啊暂未选择商品

BoxJs或环境变量暂未提供心仪商品
如需兑换心仪商品，请提供心仪商品名称

商品名称       可选状态    剩余量
30片装         可 选      420
家庭影院         可 选      12
0家教机         可 选      12
K 15         可 选      12
am5s         可 选      2
应剃须刀         已抢光      0
7105         已抢光      0
7325         已抢光      0
女联名款         已抢光      0
平板键盘         已抢光      0
丘联名款         已抢光      0
机械键盘         已抢光      0
浦净力刷         已抢光      0
色发光版         已抢光      0

目前电量1476210,不满足兑换 蔡司屏幕清洁湿巾30片装所需的 1280000电量

京东账号1迷糊虫啊
京东账号1 迷糊虫啊
已选商品：暂无
心仪商品：暂无
当前剩余最多商品：蔡司屏幕清洁湿巾30片装
兑换所需电量：1280000
您当前总电量：1476210


******开始【京东账号2】孤傲的小小瞒*********

由于您第2个京东账号未提供shareCode,将采纳本脚本自带的助力码

开始
第2个京东账号将要助力的好友["P04z54XCjVWnYaS5m9cZ2ariXVJwHf0bgkG7Uo"]
此京东账号2孤傲的小小瞒暂未选购商品
现在也能为您做任务和收集免费电力
{"code":0,"data":{"bizCode":-9,"bizMsg":"助力失败丨助力已满员！谢谢你哦~","success":false},"msg":"调用成功"}
成功收集362电量，当前蓄电池总电量：1441511


【京东账号2（孤傲的小小瞒）的东东工厂好友互助码】T016aHjGmKOgIN1c-bFuCjVWnYaS5kRrbA

准备做此任务：每日开工打卡
领取做完任务的奖励：{"score":"1200","userScore":"1442711"}
准备做此任务：好友助力
准备做此任务：去京东首页点击“数码电器”
领取做完任务的奖励：{"score":"5000","userScore":"1447711"}
准备做此任务：逛一逛蔡司品牌店铺会场~
领取做完任务的奖励：{"score":"500","userScore":"1448211"}
领取做完任务的奖励：{"score":"500","userScore":"1448711"}
领取做完任务的奖励：{"score":"500","userScore":"1449211"}
领取做完任务的奖励：{"score":"500","userScore":"1449711"}
领取做完任务的奖励：{"score":"500","userScore":"1450211"}
领取做完任务的奖励：{"score":"500","userScore":"1450711"}
领取做完任务的奖励：{"score":"500","userScore":"1451211"}
领取做完任务的奖励：{"score":"500","userScore":"1451711"}
随机取20个码放到您固定的互助码后面(不影响已有固定互助)
领取做完任务的奖励：{"score":"500","userScore":"1452211"}
领取做完任务的奖励：{"score":"500","userScore":"1452711"}
领取做完任务的奖励：{"score":"500","userScore":"1453211"}
领取做完任务的奖励：{"score":"500","userScore":"1453711"}
领取做完任务的奖励：{"score":"500","userScore":"1454211"}
领取做完任务的奖励：{"score":"500","userScore":"1454711"}
领取做完任务的奖励：{"score":"500","userScore":"1455211"}
领取做完任务的奖励：{"score":"500","userScore":"1455711"}
准备做此任务：看看商品
领取做完任务的奖励：{"score":"1000","userScore":"1456711"}
领取做完任务的奖励：{"score":"1000","userScore":"1457711"}
领取做完任务的奖励：{"score":"1000","userScore":"1458711"}
领取做完任务的奖励：{"score":"1000","userScore":"1459711"}
领取做完任务的奖励：{"score":"1000","userScore":"1460711"}
领取做完任务的奖励：{"score":"1000","userScore":"1461711"}
准备做此任务：去关注最炫（ZUIXUA）京东自营旗舰店
领取做完任务的奖励：{"score":"1500","userScore":"1463211"}
领取做完任务的奖励：{"score":"1500","userScore":"1464711"}
领取做完任务的奖励：{"score":"1500","userScore":"1466211"}
此任务：开通微星品牌会员，跳过
每日10-13点巡厂 任务已错过时间

此账号2孤傲的小小瞒暂未选择商品

BoxJs或环境变量暂未提供心仪商品
如需兑换心仪商品，请提供心仪商品名称

商品名称       可选状态    剩余量
30片装         可 选      420
家庭影院         可 选      12
0家教机         可 选      12
K 15         可 选      12
am5s         可 选      2
应剃须刀         已抢光      0
7105         已抢光      0
7325         已抢光      0
女联名款         已抢光      0
平板键盘         已抢光      0
丘联名款         已抢光      0
机械键盘         已抢光      0
浦净力刷         已抢光      0
色发光版         已抢光      0

目前电量1441511,不满足兑换 蔡司屏幕清洁湿巾30片装所需的 1280000电量

京东账号2孤傲的小小瞒
京东账号2 孤傲的小小瞒
已选商品：暂无
心仪商品：暂无
当前剩余最多商品：蔡司屏幕清洁湿巾30片装
兑换所需电量：1280000
您当前总电量：1441511


🔔东东工厂, 结束! 🕛 86.667 秒

