
🔔东东工厂, 开始!
您的cookie选择的是用&隔开


====================共有2个京东账号Cookie=========

==================脚本执行- 北京时间(UTC+8)：2/5/2021, 12:37:12 AM=====================

开始获取东东工厂配置文件

您的互助码选择的是用&隔开

共2个京东账号

您提供了0个账号的东东工厂助力码


******开始【京东账号1】迷糊虫啊*********

由于您第1个京东账号未提供shareCode,将采纳本脚本自带的助力码

开始
随机取20个码放到您固定的互助码后面(不影响已有固定互助)
第1个京东账号将要助力的好友["P04z54XCjVWnYaS5u2ak7ZCdan1Bdd2GGiWvC6_uERj","T0225KkcRhlK9QXVKBLxlqYIIACjVWnYaS5kRrbA","T0205KkcInhniROzam-N3qpICjVWnYaS5kRrbA","T015ufp2SRoa9lbUT0cCjVWnYaS5kRrbA","T00635tzFACjVWnYaS5kRrbA","T0205KkcCVdhtTOtdUKS7aZACjVWnYaS5kRrbA","T0225KkcRhpP8QfVcxP1nKUDdACjVWnYaS5kRrbA","T0205KkcA3t-swWfVkOn8YFTCjVWnYaS5kRrbA","T0225KkcRB5I8V2GJxP2l_9bJgCjVWnYaS5kRrbA","T0225KkcR0hK_VPfKEzxlqULIQCjVWnYaS5kRrbA","T01937giBFpbqhSIYl6h45MCjVWnYaS5kRrbA","T0225KkcRU9L8lWBdkyil_IIdACjVWnYaS5kRrbA","T0225KkcRBtIpAbUIUuikvMDfACjVWnYaS5kRrbA","T0164aAhAksb9VTfJBv1CjVWnYaS5kRrbA","T0205KkcPH9ZnSKtSl-u1qpQCjVWnYaS5kRrbA","P04z54XCjVWnYaS5m9cZ2f41XxNwVEZRiSEebU","T0205KkcOmlmlyePSXOl64pSCjVWnYaS5kRrbA","T018v_h7SR8Z_VbSKRub1ACjVWnYaS5kRrbA","T0225KkcRRhL8gXTdRr9lqICcQCjVWnYaS5kRrbA","T0225KkcRRkcp1ffcxLxkPQNcQCjVWnYaS5kRrbA","T0225KkcRxlL9QWCdRulxfcMJQCjVWnYaS5kRrbA"]
此京东账号1迷糊虫啊暂未选购商品
现在也能为您做任务和收集免费电力
{"code":0,"data":{"bizCode":-9,"bizMsg":"助力失败丨助力已满员！谢谢你哦~","success":false},"msg":"调用成功"}
领取做完任务的奖励：{"maxAssistTimes":3,"score":"2800","userScore":"6864163"}
领取做完任务的奖励：{"maxAssistTimes":3,"score":"2800","userScore":"199403"}
领取做完任务的奖励：{"maxAssistTimes":3,"score":"2800","userScore":"3069278"}
{"code":0,"data":{"bizCode":-7,"bizMsg":"助力失败丨啊哦您今日的爱心值已爆棚，明天继续吧","success":false},"msg":"调用成功"}
助力机会已耗尽，跳出
成功收集345电量，当前蓄电池总电量：1404552


【京东账号1（迷糊虫啊）的东东工厂好友互助码】T012v_pwQx8c91PeCjVWnYaS5kRrbA

准备做此任务：每日开工打卡
领取做完任务的奖励：{"score":"1200","userScore":"1405752"}
准备做此任务：好友助力
准备做此任务：去京东首页点击“数码电器”
领取做完任务的奖励：{"score":"5000","userScore":"1410752"}
准备做此任务：逛一逛微星品牌店铺会场~
领取做完任务的奖励：{"score":"500","userScore":"1411252"}
领取做完任务的奖励：{"score":"500","userScore":"1411752"}
领取做完任务的奖励：{"score":"500","userScore":"1412252"}
领取做完任务的奖励：{"score":"500","userScore":"1412752"}
领取做完任务的奖励：{"score":"500","userScore":"1413252"}
领取做完任务的奖励：{"score":"500","userScore":"1413752"}
领取做完任务的奖励：{"score":"500","userScore":"1414252"}
领取做完任务的奖励：{"score":"500","userScore":"1414752"}
领取做完任务的奖励：{"score":"500","userScore":"1415252"}
领取做完任务的奖励：{"score":"500","userScore":"1415752"}
领取做完任务的奖励：{"score":"500","userScore":"1416252"}
领取做完任务的奖励：{"score":"500","userScore":"1416752"}
领取做完任务的奖励：{"score":"500","userScore":"1417252"}
领取做完任务的奖励：{"score":"500","userScore":"1417752"}
领取做完任务的奖励：{"score":"500","userScore":"1418252"}
领取做完任务的奖励：{"score":"500","userScore":"1418752"}
准备做此任务：看看商品
领取做完任务的奖励：{"score":"1000","userScore":"1419752"}
领取做完任务的奖励：{"score":"1000","userScore":"1420752"}
领取做完任务的奖励：{"score":"1000","userScore":"1421752"}
领取做完任务的奖励：{"score":"1000","userScore":"1422752"}
领取做完任务的奖励：{"score":"1000","userScore":"1423752"}
领取做完任务的奖励：{"score":"1000","userScore":"1424752"}
准备做此任务：去关注最炫（ZUIXUA）京东自营旗舰店
领取做完任务的奖励：{"score":"1500","userScore":"1426252"}
领取做完任务的奖励：{"score":"1500","userScore":"1427752"}
领取做完任务的奖励：{"score":"1500","userScore":"1429252"}
此任务：开通微星品牌会员，跳过
每日10-13点巡厂 任务已错过时间

此账号1迷糊虫啊暂未选择商品

BoxJs或环境变量暂未提供心仪商品
如需兑换心仪商品，请提供心仪商品名称

商品名称       可选状态    剩余量
机械键盘         可 选      107
平板键盘         可 选      102
色发光版         可 选      33
0家教机         可 选      17
K 15         可 选      12
am5s         可 选      2
巾6片装         已抢光      0
应剃须刀         已抢光      0
7325         已抢光      0
女联名款         已抢光      0
丘联名款         已抢光      0
浦净力刷         已抢光      0

目前电量1404552,不满足兑换 灵蛇有线游戏机械键盘所需的 3680000电量

京东账号1迷糊虫啊
京东账号1 迷糊虫啊
已选商品：暂无
心仪商品：暂无
当前剩余最多商品：灵蛇有线游戏机械键盘
兑换所需电量：3680000
您当前总电量：1404552


******开始【京东账号2】孤傲的小小瞒*********

由于您第2个京东账号未提供shareCode,将采纳本脚本自带的助力码

开始
第2个京东账号将要助力的好友["P04z54XCjVWnYaS5m9cZ2ariXVJwHf0bgkG7Uo"]
此京东账号2孤傲的小小瞒暂未选购商品
现在也能为您做任务和收集免费电力
{"code":0,"data":{"bizCode":-9,"bizMsg":"助力失败丨助力已满员！谢谢你哦~","success":false},"msg":"调用成功"}
成功收集348电量，当前蓄电池总电量：1369852


【京东账号2（孤傲的小小瞒）的东东工厂好友互助码】T016aHjGmKOgIN1c-bFuCjVWnYaS5kRrbA

准备做此任务：每日开工打卡
领取做完任务的奖励：{"score":"1200","userScore":"1371052"}
准备做此任务：好友助力
准备做此任务：去京东首页点击“数码电器”
领取做完任务的奖励：{"score":"5000","userScore":"1376052"}
准备做此任务：逛一逛微星品牌店铺会场~
领取做完任务的奖励：{"score":"500","userScore":"1376552"}
领取做完任务的奖励：{"score":"500","userScore":"1377052"}
领取做完任务的奖励：{"score":"500","userScore":"1377552"}
领取做完任务的奖励：{"score":"500","userScore":"1378052"}
领取做完任务的奖励：{"score":"500","userScore":"1378552"}
领取做完任务的奖励：{"score":"500","userScore":"1379052"}
领取做完任务的奖励：{"score":"500","userScore":"1379552"}
领取做完任务的奖励：{"score":"500","userScore":"1380052"}
领取做完任务的奖励：{"score":"500","userScore":"1380552"}
领取做完任务的奖励：{"score":"500","userScore":"1381052"}
领取做完任务的奖励：{"score":"500","userScore":"1381552"}
领取做完任务的奖励：{"score":"500","userScore":"1382052"}
领取做完任务的奖励：{"score":"500","userScore":"1382552"}
领取做完任务的奖励：{"score":"500","userScore":"1383052"}
领取做完任务的奖励：{"score":"500","userScore":"1383552"}
领取做完任务的奖励：{"score":"500","userScore":"1384052"}
准备做此任务：看看商品
"Timeout awaiting 'request' for 10000ms"
东东工厂 API请求失败，请检查网路重试
领取做完任务的奖励：{"score":"1000","userScore":"1385052"}
领取做完任务的奖励：{"score":"1000","userScore":"1386052"}
领取做完任务的奖励：{"score":"1000","userScore":"1387052"}
领取做完任务的奖励：{"score":"1000","userScore":"1388052"}
领取做完任务的奖励：{"score":"1000","userScore":"1389052"}
领取做完任务的奖励：{"score":"1000","userScore":"1390052"}
准备做此任务：去关注最炫（ZUIXUA）京东自营旗舰店
领取做完任务的奖励：{"score":"1500","userScore":"1391552"}
领取做完任务的奖励：{"score":"1500","userScore":"1393052"}
领取做完任务的奖励：{"score":"1500","userScore":"1394552"}
此任务：开通微星品牌会员，跳过
每日10-13点巡厂 任务已错过时间

此账号2孤傲的小小瞒暂未选择商品

BoxJs或环境变量暂未提供心仪商品
如需兑换心仪商品，请提供心仪商品名称

商品名称       可选状态    剩余量
机械键盘         可 选      107
平板键盘         可 选      101
色发光版         可 选      33
0家教机         可 选      17
K 15         可 选      12
am5s         可 选      2
巾6片装         已抢光      0
应剃须刀         已抢光      0
7325         已抢光      0
女联名款         已抢光      0
丘联名款         已抢光      0
浦净力刷         已抢光      0

目前电量1369852,不满足兑换 灵蛇有线游戏机械键盘所需的 3680000电量

京东账号2孤傲的小小瞒
京东账号2 孤傲的小小瞒
已选商品：暂无
心仪商品：暂无
当前剩余最多商品：灵蛇有线游戏机械键盘
兑换所需电量：3680000
您当前总电量：1369852


🔔东东工厂, 结束! 🕛 82.04 秒

