
🔔东东工厂, 开始!
您的cookie选择的是用&隔开


====================共有2个京东账号Cookie=========

==================脚本执行- 北京时间(UTC+8)：2/8/2021, 12:37:03 AM=====================

开始获取东东工厂配置文件

您的互助码选择的是用&隔开

共2个京东账号

您提供了0个账号的东东工厂助力码


******开始【京东账号1】迷糊虫啊*********

由于您第1个京东账号未提供shareCode,将采纳本脚本自带的助力码

开始
第1个京东账号将要助力的好友["P04z54XCjVWnYaS5u2ak7ZCdan1Bdd2GGiWvC6_uERj"]
此京东账号1迷糊虫啊暂未选购商品
现在也能为您做任务和收集免费电力
{"code":0,"data":{"bizCode":-9,"bizMsg":"助力失败丨助力已满员！谢谢你哦~","success":false},"msg":"调用成功"}
成功收集351电量，当前蓄电池总电量：1512036


【京东账号1（迷糊虫啊）的东东工厂好友互助码】T012v_pwQx8c91PeCjVWnYaS5kRrbA

准备做此任务：每日开工打卡
领取做完任务的奖励：{"score":"1200","userScore":"1513236"}
准备做此任务：好友助力
准备做此任务：去京东首页点击“数码电器”
领取做完任务的奖励：{"score":"5000","userScore":"1518236"}
准备做此任务：逛一逛蔡司品牌店铺会场~
领取做完任务的奖励：{"score":"500","userScore":"1518736"}
领取做完任务的奖励：{"score":"500","userScore":"1519236"}
领取做完任务的奖励：{"score":"500","userScore":"1519736"}
领取做完任务的奖励：{"score":"500","userScore":"1520236"}
领取做完任务的奖励：{"score":"500","userScore":"1520736"}
领取做完任务的奖励：{"score":"500","userScore":"1521236"}
领取做完任务的奖励：{"score":"500","userScore":"1521736"}
领取做完任务的奖励：{"score":"500","userScore":"1522236"}
"Response code 500 (Internal Server Error)"
东东工厂 API请求失败，请检查网路重试
领取做完任务的奖励：{"score":"500","userScore":"1522736"}
领取做完任务的奖励：{"score":"500","userScore":"1523236"}
领取做完任务的奖励：{"score":"500","userScore":"1523736"}
领取做完任务的奖励：{"score":"500","userScore":"1524236"}
领取做完任务的奖励：{"score":"500","userScore":"1524736"}
领取做完任务的奖励：{"score":"500","userScore":"1525236"}
领取做完任务的奖励：{"score":"500","userScore":"1525736"}
领取做完任务的奖励：{"score":"500","userScore":"1526236"}
准备做此任务：看看商品
领取做完任务的奖励：{"score":"1000","userScore":"1527236"}
领取做完任务的奖励：{"score":"1000","userScore":"1528236"}
领取做完任务的奖励：{"score":"1000","userScore":"1529236"}
领取做完任务的奖励：{"score":"1000","userScore":"1530236"}
领取做完任务的奖励：{"score":"1000","userScore":"1531236"}
领取做完任务的奖励：{"score":"1000","userScore":"1532236"}
准备做此任务：去关注蔡司京东自营旗舰店
领取做完任务的奖励：{"score":"1500","userScore":"1533736"}
领取做完任务的奖励：{"score":"1500","userScore":"1535236"}
领取做完任务的奖励：{"score":"1500","userScore":"1536736"}
此任务：开通蔡司品牌会员，跳过
每日10-13点巡厂 任务已错过时间

此账号1迷糊虫啊暂未选择商品

BoxJs或环境变量暂未提供心仪商品
如需兑换心仪商品，请提供心仪商品名称

商品名称       可选状态    剩余量
30片装         可 选      326
家庭影院         可 选      12
K 15         可 选      12
0家教机         可 选      9
am5s         可 选      2
应剃须刀         已抢光      0
7105         已抢光      0
7325         已抢光      0
女联名款         已抢光      0
平板键盘         已抢光      0
丘联名款         已抢光      0
机械键盘         已抢光      0
浦净力刷         已抢光      0
色发光版         已抢光      0

目前电量1512036,不满足兑换 蔡司屏幕清洁湿巾30片装所需的 1280000电量

京东账号1迷糊虫啊
京东账号1 迷糊虫啊
已选商品：暂无
心仪商品：暂无
当前剩余最多商品：蔡司屏幕清洁湿巾30片装
兑换所需电量：1280000
您当前总电量：1512036


******开始【京东账号2】孤傲的小小瞒*********

由于您第2个京东账号未提供shareCode,将采纳本脚本自带的助力码

开始
随机取20个码放到您固定的互助码后面(不影响已有固定互助)
第2个京东账号将要助力的好友["P04z54XCjVWnYaS5m9cZ2ariXVJwHf0bgkG7Uo","T0225KkcRBcY9wCBdkyiwPNbcACjVWnYaS5kRrbA","T0154qI1FV1IrAiOfk0CjVWnYaS5kRrbA","T0225KkcRhYY8gXfJR_1x6YNdQCjVWnYaS5kRrbA","P04z54XCjVWnYaS5m9cZ2X93igblfnX04ZXO8o","T012u_xwQRwdpgCeCjVWnYaS5kRrbA","T0225KkcREhM8QHQKE_0naVccACjVWnYaS5kRrbA","T0225KkcRkge91TedUn1nf5edQCjVWnYaS5kRrbA","T0225KkcRxgQoVCCdh3xwfAPIQCjVWnYaS5kRrbA","T0225KkcRBwR9gaFIxvxlKEOJQCjVWnYaS5kRrbA","P04z54XCjVWnYaS5uOgp7ZqS3tKkw","T0079KcuQR0CjVWnYaS5kRrbA","T0225KkcR0wb9AKEIU7wwqFbfQCjVWnYaS5kRrbA","T0225KkcRRsQoV2BcR_0xqUIIACjVWnYaS5kRrbA","T0205KkcP39sty2oaViV_JBbCjVWnYaS5kRrbA","T016aXDSl5W1IPl29oVQCjVWnYaS5kRrbA","T0225KkcRRcYpFbRKBPzkfVZdwCjVWnYaS5kRrbA","T0225KkcRxcZ_QCGch38lfAIdQCjVWnYaS5kRrbA","T0205KkcA0Jcix63XH-Uy6NDCjVWnYaS5kRrbA","T0225KkcRkoe91LSdUnxxvIOJQCjVWnYaS5kRrbA","T0205KkcE1lYrAaLfkW0wYhjCjVWnYaS5kRrbA"]
此京东账号2孤傲的小小瞒暂未选购商品
现在也能为您做任务和收集免费电力
{"code":0,"data":{"bizCode":-9,"bizMsg":"助力失败丨助力已满员！谢谢你哦~","success":false},"msg":"调用成功"}
{"code":0,"data":{"bizCode":-9,"bizMsg":"助力失败丨助力已满员！谢谢你哦~","success":false},"msg":"调用成功"}
{"code":0,"data":{"bizCode":-9,"bizMsg":"助力失败丨助力已满员！谢谢你哦~","success":false},"msg":"调用成功"}
{"code":0,"data":{"bizCode":-9,"bizMsg":"助力失败丨助力已满员！谢谢你哦~","success":false},"msg":"调用成功"}
{"code":0,"data":{"bizCode":-9,"bizMsg":"助力失败丨助力已满员！谢谢你哦~","success":false},"msg":"调用成功"}
{"code":0,"data":{"bizCode":-9,"bizMsg":"助力失败丨助力已满员！谢谢你哦~","success":false},"msg":"调用成功"}
{"code":0,"data":{"bizCode":-9,"bizMsg":"助力失败丨助力已满员！谢谢你哦~","success":false},"msg":"调用成功"}
{"code":0,"data":{"bizCode":-9,"bizMsg":"助力失败丨助力已满员！谢谢你哦~","success":false},"msg":"调用成功"}
{"code":0,"data":{"bizCode":-9,"bizMsg":"助力失败丨助力已满员！谢谢你哦~","success":false},"msg":"调用成功"}
{"code":0,"data":{"bizCode":-9,"bizMsg":"助力失败丨助力已满员！谢谢你哦~","success":false},"msg":"调用成功"}
{"code":0,"data":{"bizCode":-9,"bizMsg":"助力失败丨助力已满员！谢谢你哦~","success":false},"msg":"调用成功"}
{"code":0,"data":{"bizCode":-9,"bizMsg":"助力失败丨助力已满员！谢谢你哦~","success":false},"msg":"调用成功"}
{"code":0,"data":{"bizCode":-9,"bizMsg":"助力失败丨助力已满员！谢谢你哦~","success":false},"msg":"调用成功"}
{"code":0,"data":{"bizCode":-9,"bizMsg":"助力失败丨助力已满员！谢谢你哦~","success":false},"msg":"调用成功"}
{"code":0,"data":{"bizCode":-9,"bizMsg":"助力失败丨助力已满员！谢谢你哦~","success":false},"msg":"调用成功"}
{"code":0,"data":{"bizCode":-9,"bizMsg":"助力失败丨助力已满员！谢谢你哦~","success":false},"msg":"调用成功"}
{"code":0,"data":{"bizCode":-9,"bizMsg":"助力失败丨助力已满员！谢谢你哦~","success":false},"msg":"调用成功"}
{"code":0,"data":{"bizCode":-9,"bizMsg":"助力失败丨助力已满员！谢谢你哦~","success":false},"msg":"调用成功"}
{"code":0,"data":{"bizCode":-9,"bizMsg":"助力失败丨助力已满员！谢谢你哦~","success":false},"msg":"调用成功"}
{"code":0,"data":{"bizCode":-9,"bizMsg":"助力失败丨助力已满员！谢谢你哦~","success":false},"msg":"调用成功"}
{"code":0,"data":{"bizCode":-9,"bizMsg":"助力失败丨助力已满员！谢谢你哦~","success":false},"msg":"调用成功"}
成功收集356电量，当前蓄电池总电量：1477340


【京东账号2（孤傲的小小瞒）的东东工厂好友互助码】T016aHjGmKOgIN1c-bFuCjVWnYaS5kRrbA

准备做此任务：每日开工打卡
领取做完任务的奖励：{"score":"1200","userScore":"1478540"}
准备做此任务：好友助力
准备做此任务：去京东首页点击“数码电器”
领取做完任务的奖励：{"score":"5000","userScore":"1483540"}
准备做此任务：逛一逛蔡司品牌店铺会场~
领取做完任务的奖励：{"score":"500","userScore":"1484040"}
领取做完任务的奖励：{"score":"500","userScore":"1484540"}
领取做完任务的奖励：{"score":"500","userScore":"1485040"}
领取做完任务的奖励：{"score":"500","userScore":"1485540"}
领取做完任务的奖励：{"score":"500","userScore":"1486040"}
领取做完任务的奖励：{"score":"500","userScore":"1486540"}
领取做完任务的奖励：{"score":"500","userScore":"1487040"}
领取做完任务的奖励：{"score":"500","userScore":"1487540"}
领取做完任务的奖励：{"score":"500","userScore":"1488040"}
领取做完任务的奖励：{"score":"500","userScore":"1488540"}
领取做完任务的奖励：{"score":"500","userScore":"1489040"}
领取做完任务的奖励：{"score":"500","userScore":"1489540"}
领取做完任务的奖励：{"score":"500","userScore":"1490040"}
领取做完任务的奖励：{"score":"500","userScore":"1490540"}
领取做完任务的奖励：{"score":"500","userScore":"1491040"}
领取做完任务的奖励：{"score":"500","userScore":"1491540"}
准备做此任务：看看商品
领取做完任务的奖励：{"score":"1000","userScore":"1492540"}
领取做完任务的奖励：{"score":"1000","userScore":"1493540"}
领取做完任务的奖励：{"score":"1000","userScore":"1494540"}
领取做完任务的奖励：{"score":"1000","userScore":"1495540"}
领取做完任务的奖励：{"score":"1000","userScore":"1496540"}
领取做完任务的奖励：{"score":"1000","userScore":"1497540"}
准备做此任务：去关注蔡司京东自营旗舰店
领取做完任务的奖励：{"score":"1500","userScore":"1499040"}
领取做完任务的奖励：{"score":"1500","userScore":"1500540"}
领取做完任务的奖励：{"score":"1500","userScore":"1502040"}
此任务：开通蔡司品牌会员，跳过
每日10-13点巡厂 任务已错过时间

此账号2孤傲的小小瞒暂未选择商品

BoxJs或环境变量暂未提供心仪商品
如需兑换心仪商品，请提供心仪商品名称

商品名称       可选状态    剩余量
30片装         可 选      326
家庭影院         可 选      12
K 15         可 选      12
0家教机         可 选      9
am5s         可 选      2
应剃须刀         已抢光      0
7105         已抢光      0
7325         已抢光      0
女联名款         已抢光      0
平板键盘         已抢光      0
丘联名款         已抢光      0
机械键盘         已抢光      0
浦净力刷         已抢光      0
色发光版         已抢光      0

目前电量1477340,不满足兑换 蔡司屏幕清洁湿巾30片装所需的 1280000电量

京东账号2孤傲的小小瞒
京东账号2 孤傲的小小瞒
已选商品：暂无
心仪商品：暂无
当前剩余最多商品：蔡司屏幕清洁湿巾30片装
兑换所需电量：1280000
您当前总电量：1477340


🔔东东工厂, 结束! 🕛 100.022 秒

