
🔔东东工厂, 开始!
您的cookie选择的是用&隔开


====================共有2个京东账号Cookie=========

==================脚本执行- 北京时间(UTC+8)：2/7/2021, 10:36:09 AM=====================

开始获取东东工厂配置文件

您的互助码选择的是用&隔开

共2个京东账号

您提供了0个账号的东东工厂助力码


******开始【京东账号1】迷糊虫啊*********

由于您第1个京东账号未提供shareCode,将采纳本脚本自带的助力码

开始
随机取20个码放到您固定的互助码后面(不影响已有固定互助)
第1个京东账号将要助力的好友["P04z54XCjVWnYaS5u2ak7ZCdan1Bdd2GGiWvC6_uERj","T019-akyCWVbiiGVZEeD5asCjVWnYaS5kRrbA","T018v_h1QBwb9lXXIBOb1ACjVWnYaS5kRrbA","T0225KkcRE1KoADeJ0z1nfIKdwCjVWnYaS5kRrbA","T0225KkcREsepwKDJ0uhnaQNIACjVWnYaS5kRrbA","T019-ak5KUFrox6-R3yj3ogCjVWnYaS5kRrbA","T0225KkcRBscpgfeJE7zk_IPcwCjVWnYaS5kRrbA","P04z54XCjVWnYaS5jQAD2f43X5IkxlpQ3s","T0225KkcRUoZ91fRdU6ll_AMIACjVWnYaS5kRrbA","T0205KkcOUxriCKDY3KByKF2CjVWnYaS5kRrbA","T0225KkcRB0Zp1aCchmgl_ENcACjVWnYaS5kRrbA","T019-akuOllhnSmoYnqz6bECjVWnYaS5kRrbA","T016a1nTlrK0It98955vCjVWnYaS5kRrbA","T0225KkcRh1I_VTSKE7ykaIJcQCjVWnYaS5kRrbA","T0225KkcR08YowGFKE6lxqJYdQCjVWnYaS5kRrbA","T0205KkcHUZNojaxU2KhzIFyCjVWnYaS5kRrbA","T018v_57QRce9F3WKR6b1ACjVWnYaS5kRrbA","P04z54XCjVWnYaS5m9cZ2b4iX0fwHJIePpJ-as","T0225KkcREtK9wDSIE7xnP8JfQCjVWnYaS5kRrbA","T018v_VxQxcb9lHQKRmb1ACjVWnYaS5kRrbA","T0225KkcRR1N8FfUdhugnKIDJwCjVWnYaS5kRrbA"]
此京东账号1迷糊虫啊暂未选购商品
现在也能为您做任务和收集免费电力
{"code":0,"data":{"bizCode":-9,"bizMsg":"助力失败丨助力已满员！谢谢你哦~","success":false},"msg":"调用成功"}
{"code":0,"data":{"bizCode":-9,"bizMsg":"助力失败丨助力已满员！谢谢你哦~","success":false},"msg":"调用成功"}
{"code":0,"data":{"bizCode":-9,"bizMsg":"助力失败丨助力已满员！谢谢你哦~","success":false},"msg":"调用成功"}
{"code":0,"data":{"bizCode":-9,"bizMsg":"助力失败丨助力已满员！谢谢你哦~","success":false},"msg":"调用成功"}
{"code":0,"data":{"bizCode":-9,"bizMsg":"助力失败丨助力已满员！谢谢你哦~","success":false},"msg":"调用成功"}
{"code":0,"data":{"bizCode":-7001,"bizMsg":"蓄电池已满，使用后才可获得更多电量哦！","success":false},"msg":"调用成功"}
{"code":0,"data":{"bizCode":-9,"bizMsg":"助力失败丨助力已满员！谢谢你哦~","success":false},"msg":"调用成功"}
{"code":0,"data":{"bizCode":-9,"bizMsg":"助力失败丨助力已满员！谢谢你哦~","success":false},"msg":"调用成功"}
{"code":0,"data":{"bizCode":-9,"bizMsg":"助力失败丨助力已满员！谢谢你哦~","success":false},"msg":"调用成功"}
{"code":0,"data":{"bizCode":-9,"bizMsg":"助力失败丨助力已满员！谢谢你哦~","success":false},"msg":"调用成功"}
{"code":0,"data":{"bizCode":-9,"bizMsg":"助力失败丨助力已满员！谢谢你哦~","success":false},"msg":"调用成功"}
{"code":0,"data":{"bizCode":-9,"bizMsg":"助力失败丨助力已满员！谢谢你哦~","success":false},"msg":"调用成功"}
{"code":0,"data":{"bizCode":-9,"bizMsg":"助力失败丨助力已满员！谢谢你哦~","success":false},"msg":"调用成功"}
{"code":0,"data":{"bizCode":-9,"bizMsg":"助力失败丨助力已满员！谢谢你哦~","success":false},"msg":"调用成功"}
{"code":0,"data":{"bizCode":-9,"bizMsg":"助力失败丨助力已满员！谢谢你哦~","success":false},"msg":"调用成功"}
{"code":0,"data":{"bizCode":-9,"bizMsg":"助力失败丨助力已满员！谢谢你哦~","success":false},"msg":"调用成功"}
{"code":0,"data":{"bizCode":-7001,"bizMsg":"蓄电池已满，使用后才可获得更多电量哦！","success":false},"msg":"调用成功"}
{"code":0,"data":{"bizCode":-9,"bizMsg":"助力失败丨助力已满员！谢谢你哦~","success":false},"msg":"调用成功"}
{"code":0,"data":{"bizCode":-9,"bizMsg":"助力失败丨助力已满员！谢谢你哦~","success":false},"msg":"调用成功"}
{"code":0,"data":{"bizCode":-9,"bizMsg":"助力失败丨助力已满员！谢谢你哦~","success":false},"msg":"调用成功"}
{"code":0,"data":{"bizCode":-9,"bizMsg":"助力失败丨助力已满员！谢谢你哦~","success":false},"msg":"调用成功"}
成功收集353电量，当前蓄电池总电量：1504499


【京东账号1（迷糊虫啊）的东东工厂好友互助码】T012v_pwQx8c91PeCjVWnYaS5kRrbA

每日开工打卡已完成
准备做此任务：好友助力
去京东首页点击“数码电器”已完成
逛会场/互动游戏已做完
看看商品已做完
关注店铺已做完
此任务：开通微星品牌会员，跳过
准备做此任务：每日10-13点巡厂
领取做完任务的奖励：{"score":"2500","userScore":"1506999"}

此账号1迷糊虫啊暂未选择商品

BoxJs或环境变量暂未提供心仪商品
如需兑换心仪商品，请提供心仪商品名称

商品名称       可选状态    剩余量
30片装         可 选      387
家庭影院         可 选      12
0家教机         可 选      12
K 15         可 选      12
am5s         可 选      2
应剃须刀         已抢光      0
7105         已抢光      0
7325         已抢光      0
女联名款         已抢光      0
平板键盘         已抢光      0
丘联名款         已抢光      0
机械键盘         已抢光      0
浦净力刷         已抢光      0
色发光版         已抢光      0

目前电量1504499,不满足兑换 蔡司屏幕清洁湿巾30片装所需的 1280000电量

京东账号1迷糊虫啊
京东账号1 迷糊虫啊
已选商品：暂无
心仪商品：暂无
当前剩余最多商品：蔡司屏幕清洁湿巾30片装
兑换所需电量：1280000
您当前总电量：1504499


******开始【京东账号2】孤傲的小小瞒*********

由于您第2个京东账号未提供shareCode,将采纳本脚本自带的助力码

开始
第2个京东账号将要助力的好友["P04z54XCjVWnYaS5m9cZ2ariXVJwHf0bgkG7Uo"]
此京东账号2孤傲的小小瞒暂未选购商品
现在也能为您做任务和收集免费电力
{"code":0,"data":{"bizCode":-9,"bizMsg":"助力失败丨助力已满员！谢谢你哦~","success":false},"msg":"调用成功"}
成功收集353电量，当前蓄电池总电量：1469797


【京东账号2（孤傲的小小瞒）的东东工厂好友互助码】T016aHjGmKOgIN1c-bFuCjVWnYaS5kRrbA

每日开工打卡已完成
准备做此任务：好友助力
去京东首页点击“数码电器”已完成
逛会场/互动游戏已做完
看看商品已做完
关注店铺已做完
此任务：开通微星品牌会员，跳过
准备做此任务：每日10-13点巡厂
领取做完任务的奖励：{"score":"2500","userScore":"1472297"}

此账号2孤傲的小小瞒暂未选择商品

BoxJs或环境变量暂未提供心仪商品
如需兑换心仪商品，请提供心仪商品名称

商品名称       可选状态    剩余量
30片装         可 选      387
家庭影院         可 选      12
0家教机         可 选      12
K 15         可 选      12
am5s         可 选      2
应剃须刀         已抢光      0
7105         已抢光      0
7325         已抢光      0
女联名款         已抢光      0
平板键盘         已抢光      0
丘联名款         已抢光      0
机械键盘         已抢光      0
浦净力刷         已抢光      0
色发光版         已抢光      0

目前电量1469797,不满足兑换 蔡司屏幕清洁湿巾30片装所需的 1280000电量

京东账号2孤傲的小小瞒
京东账号2 孤傲的小小瞒
已选商品：暂无
心仪商品：暂无
当前剩余最多商品：蔡司屏幕清洁湿巾30片装
兑换所需电量：1280000
您当前总电量：1469797


🔔东东工厂, 结束! 🕛 40.42 秒

"Timeout awaiting 'request' for 10000ms"
东东工厂 API请求失败，请检查网路重试
