
🔔东东工厂, 开始!
您的cookie选择的是用&隔开


====================共有2个京东账号Cookie=========

==================脚本执行- 北京时间(UTC+8)：2/3/2021, 5:39:32 PM=====================

开始获取东东工厂配置文件

您的互助码选择的是用&隔开

共2个京东账号

您提供了0个账号的东东工厂助力码


******开始【京东账号1】迷糊虫啊*********

由于您第1个京东账号未提供shareCode,将采纳本脚本自带的助力码

开始
随机取20个码放到您固定的互助码后面(不影响已有固定互助)
第1个京东账号将要助力的好友["P04z54XCjVWnYaS5u2ak7ZCdan1Bdd2GGiWvC6_uERj","T0225KkcREge9FyEIh39kaUJcgCjVWnYaS5kRrbA","T018v_h0RhoQ8FfRKByb1ACjVWnYaS5kRrbA","T015v_h1Qhcb91LTIUsCjVWnYaS5kRrbA","T024uv1zQBYQ_FbTPRz8kPAOcwYrCjVWnYaS5kRrbA","T0225KkcRhgc9weFJUuhkaJbcwCjVWnYaS5kRrbA","T015v_hxRhkb9FTUKBgCjVWnYaS5kRrbA","P04z54XCjVWnYaS5nJbUD351HRNlKP-2Q","T019-akhHn5NsiGPfHKl06wCjVWnYaS5kRrbA","T019-akOOGtrqCKtWVqJwoECjVWnYaS5kRrbA","T014-qc2A1pMtQyCfgCjVWnYaS5kRrbA","T0205KkcEVxiog22dmOJ5491CjVWnYaS5kRrbA","T0205KkcIkB-vReiVnuM3J9jCjVWnYaS5kRrbA","T010xawqCUNAtgCjVWnYaS5kRrbA","T0225KkcRBcY8F3TKUjzxqFbdQCjVWnYaS5kRrbA","T0159qF3RRsZ_VXUJh0CjVWnYaS5kRrbA","T019-aknAFRllhyoQlyI46gCjVWnYaS5kRrbA","T011_qwtFFxIqggCjVWnYaS5kRrbA","T0205KkcMWRBggWBfUOq6L9ACjVWnYaS5kRrbA","P04z54XCjVWnYaS5m9cZ2b83HgbkkMSQmaiuA8","T020a13SlrmMLfVS97VhTUapCjVWnYaS5kRrbA"]
此京东账号1迷糊虫啊暂未选购商品
现在也能为您做任务和收集免费电力
{"code":0,"data":{"bizCode":-9,"bizMsg":"助力失败丨助力已满员！谢谢你哦~","success":false},"msg":"调用成功"}
{"code":0,"data":{"bizCode":-9,"bizMsg":"助力失败丨助力已满员！谢谢你哦~","success":false},"msg":"调用成功"}
{"code":0,"data":{"bizCode":-9,"bizMsg":"助力失败丨助力已满员！谢谢你哦~","success":false},"msg":"调用成功"}
{"code":0,"data":{"bizCode":-9,"bizMsg":"助力失败丨助力已满员！谢谢你哦~","success":false},"msg":"调用成功"}
{"code":0,"data":{"bizCode":-9,"bizMsg":"助力失败丨助力已满员！谢谢你哦~","success":false},"msg":"调用成功"}
{"code":0,"data":{"bizCode":-9,"bizMsg":"助力失败丨助力已满员！谢谢你哦~","success":false},"msg":"调用成功"}
{"code":0,"data":{"bizCode":-9,"bizMsg":"助力失败丨助力已满员！谢谢你哦~","success":false},"msg":"调用成功"}
{"code":0,"data":{"bizCode":-9,"bizMsg":"助力失败丨助力已满员！谢谢你哦~","success":false},"msg":"调用成功"}
{"code":0,"data":{"bizCode":-9,"bizMsg":"助力失败丨助力已满员！谢谢你哦~","success":false},"msg":"调用成功"}
{"code":0,"data":{"bizCode":-9,"bizMsg":"助力失败丨助力已满员！谢谢你哦~","success":false},"msg":"调用成功"}
{"code":0,"data":{"bizCode":-9,"bizMsg":"助力失败丨助力已满员！谢谢你哦~","success":false},"msg":"调用成功"}
{"code":0,"data":{"bizCode":-9,"bizMsg":"助力失败丨助力已满员！谢谢你哦~","success":false},"msg":"调用成功"}
{"code":0,"data":{"bizCode":-9,"bizMsg":"助力失败丨助力已满员！谢谢你哦~","success":false},"msg":"调用成功"}
{"code":0,"data":{"bizCode":-9,"bizMsg":"助力失败丨助力已满员！谢谢你哦~","success":false},"msg":"调用成功"}
{"code":0,"data":{"bizCode":-9,"bizMsg":"助力失败丨助力已满员！谢谢你哦~","success":false},"msg":"调用成功"}
{"code":0,"data":{"bizCode":-9,"bizMsg":"助力失败丨助力已满员！谢谢你哦~","success":false},"msg":"调用成功"}
{"code":0,"data":{"bizCode":-9,"bizMsg":"助力失败丨助力已满员！谢谢你哦~","success":false},"msg":"调用成功"}
{"code":0,"data":{"bizCode":-9,"bizMsg":"助力失败丨助力已满员！谢谢你哦~","success":false},"msg":"调用成功"}
{"code":0,"data":{"bizCode":-9,"bizMsg":"助力失败丨助力已满员！谢谢你哦~","success":false},"msg":"调用成功"}
{"code":0,"data":{"bizCode":-9,"bizMsg":"助力失败丨助力已满员！谢谢你哦~","success":false},"msg":"调用成功"}
{"code":0,"data":{"bizCode":-9,"bizMsg":"助力失败丨助力已满员！谢谢你哦~","success":false},"msg":"调用成功"}
成功收集353电量，当前蓄电池总电量：1366224


【京东账号1（迷糊虫啊）的东东工厂好友互助码】T012v_pwQx8c91PeCjVWnYaS5kRrbA

每日开工打卡已完成
准备做此任务：好友助力
去京东首页点击“数码电器”已完成
逛会场/互动游戏已做完
看看商品已做完
关注店铺已做完
此任务：开通微星品牌会员，跳过
每日10-13点巡厂已完成

此账号1迷糊虫啊暂未选择商品

BoxJs或环境变量暂未提供心仪商品
如需兑换心仪商品，请提供心仪商品名称

商品名称       可选状态    剩余量
巾6片装         可 选      441
平板键盘         可 选      333
机械键盘         可 选      174
色发光版         可 选      107
0家教机         可 选      17
K 15         可 选      12
am5s         可 选      2
应剃须刀         已抢光      0
7325         已抢光      0
女联名款         已抢光      0
丘联名款         已抢光      0
浦净力刷         已抢光      0

目前电量1366224,不满足兑换 蔡司镜头清洁眼镜纸巾6片装所需的 680000电量

京东账号1迷糊虫啊
京东账号1 迷糊虫啊
已选商品：暂无
心仪商品：暂无
当前剩余最多商品：蔡司镜头清洁眼镜纸巾6片装
兑换所需电量：680000
您当前总电量：1366224


******开始【京东账号2】孤傲的小小瞒*********

由于您第2个京东账号未提供shareCode,将采纳本脚本自带的助力码

开始
随机取20个码放到您固定的互助码后面(不影响已有固定互助)
第2个京东账号将要助力的好友["P04z54XCjVWnYaS5m9cZ2ariXVJwHf0bgkG7Uo","T010-rc0SBYQ8wCjVWnYaS5kRrbA","T016a0DJlJaDLf9s9Yl3CjVWnYaS5kRrbA","T0225KkcRktK8AGDIBnwkKJcfACjVWnYaS5kRrbA","P04z54XCjVWnYaS5jEMDmT93HhPlv1r","T023_f9zQh0a_FzXJR_xnPcMduYCjVWnYaS5kRrbA","T0225KkcRxkboFKGIhmilqEJdACjVWnYaS5kRrbA","T0225KkcRhdN9FGFKBzwlaJcdQCjVWnYaS5kRrbA","T0225KkcRhcbpwWBIxqgnP4OdACjVWnYaS5kRrbA","T0225KkcRx4fplbSckvyx_UMcgCjVWnYaS5kRrbA","T020ufh2QRoY_VXKJRj8kPULCjVWnYaS5kRrbA","T018v_5xQR8d_FHeJxKb1ACjVWnYaS5kRrbA","T022v_h0SRof91fUPRvxl_MOcQCjVWnYaS5kRrbA","T0225KkcRxkY9QbUdRuinPIMfQCjVWnYaS5kRrbA","T0205KkcFUhitS6DdlyV6rZYCjVWnYaS5kRrbA","T016aGD4mYKVI9RT9ZBvCjVWnYaS5kRrbA","T0225KkcRxYZpFbXI0uhkfNecACjVWnYaS5kRrbA","T0225KkcRBwa_AbXcRzyxaRcIgCjVWnYaS5kRrbA","T011ybgsF0Z2rwACjVWnYaS5kRrbA","T0205KkcIn5klAyXVkazx5dMCjVWnYaS5kRrbA","T0225KkcRUwZ9gHTIh71lPIKcwCjVWnYaS5kRrbA"]
此京东账号2孤傲的小小瞒暂未选购商品
现在也能为您做任务和收集免费电力
{"code":0,"data":{"bizCode":-9,"bizMsg":"助力失败丨助力已满员！谢谢你哦~","success":false},"msg":"调用成功"}
{"code":0,"data":{"bizCode":-9,"bizMsg":"助力失败丨助力已满员！谢谢你哦~","success":false},"msg":"调用成功"}
{"code":0,"data":{"bizCode":-9,"bizMsg":"助力失败丨助力已满员！谢谢你哦~","success":false},"msg":"调用成功"}
{"code":0,"data":{"bizCode":-9,"bizMsg":"助力失败丨助力已满员！谢谢你哦~","success":false},"msg":"调用成功"}
{"code":0,"data":{"bizCode":-9,"bizMsg":"助力失败丨助力已满员！谢谢你哦~","success":false},"msg":"调用成功"}
{"code":0,"data":{"bizCode":-9,"bizMsg":"助力失败丨助力已满员！谢谢你哦~","success":false},"msg":"调用成功"}
{"code":0,"data":{"bizCode":-9,"bizMsg":"助力失败丨助力已满员！谢谢你哦~","success":false},"msg":"调用成功"}
{"code":0,"data":{"bizCode":-9,"bizMsg":"助力失败丨助力已满员！谢谢你哦~","success":false},"msg":"调用成功"}
{"code":0,"data":{"bizCode":-9,"bizMsg":"助力失败丨助力已满员！谢谢你哦~","success":false},"msg":"调用成功"}
{"code":0,"data":{"bizCode":-9,"bizMsg":"助力失败丨助力已满员！谢谢你哦~","success":false},"msg":"调用成功"}
{"code":0,"data":{"bizCode":-9,"bizMsg":"助力失败丨助力已满员！谢谢你哦~","success":false},"msg":"调用成功"}
{"code":0,"data":{"bizCode":-9,"bizMsg":"助力失败丨助力已满员！谢谢你哦~","success":false},"msg":"调用成功"}
{"code":0,"data":{"bizCode":-9,"bizMsg":"助力失败丨助力已满员！谢谢你哦~","success":false},"msg":"调用成功"}
{"code":0,"data":{"bizCode":-9,"bizMsg":"助力失败丨助力已满员！谢谢你哦~","success":false},"msg":"调用成功"}
{"code":0,"data":{"bizCode":-9,"bizMsg":"助力失败丨助力已满员！谢谢你哦~","success":false},"msg":"调用成功"}
{"code":0,"data":{"bizCode":-9,"bizMsg":"助力失败丨助力已满员！谢谢你哦~","success":false},"msg":"调用成功"}
{"code":0,"data":{"bizCode":-9,"bizMsg":"助力失败丨助力已满员！谢谢你哦~","success":false},"msg":"调用成功"}
{"code":0,"data":{"bizCode":-9,"bizMsg":"助力失败丨助力已满员！谢谢你哦~","success":false},"msg":"调用成功"}
{"code":0,"data":{"bizCode":-9,"bizMsg":"助力失败丨助力已满员！谢谢你哦~","success":false},"msg":"调用成功"}
{"code":0,"data":{"bizCode":-9,"bizMsg":"助力失败丨助力已满员！谢谢你哦~","success":false},"msg":"调用成功"}
{"code":0,"data":{"bizCode":-9,"bizMsg":"助力失败丨助力已满员！谢谢你哦~","success":false},"msg":"调用成功"}
成功收集355电量，当前蓄电池总电量：1330322


【京东账号2（孤傲的小小瞒）的东东工厂好友互助码】T016aHjGmKOgIN1c-bFuCjVWnYaS5kRrbA

每日开工打卡已完成
准备做此任务：好友助力
去京东首页点击“数码电器”已完成
逛会场/互动游戏已做完
看看商品已做完
关注店铺已做完
此任务：开通微星品牌会员，跳过
每日10-13点巡厂已完成

此账号2孤傲的小小瞒暂未选择商品

BoxJs或环境变量暂未提供心仪商品
如需兑换心仪商品，请提供心仪商品名称

商品名称       可选状态    剩余量
巾6片装         可 选      441
平板键盘         可 选      333
机械键盘         可 选      174
色发光版         可 选      107
0家教机         可 选      17
K 15         可 选      12
am5s         可 选      2
应剃须刀         已抢光      0
7325         已抢光      0
女联名款         已抢光      0
丘联名款         已抢光      0
浦净力刷         已抢光      0

目前电量1330322,不满足兑换 蔡司镜头清洁眼镜纸巾6片装所需的 680000电量

京东账号2孤傲的小小瞒
京东账号2 孤傲的小小瞒
已选商品：暂无
心仪商品：暂无
当前剩余最多商品：蔡司镜头清洁眼镜纸巾6片装
兑换所需电量：680000
您当前总电量：1330322


🔔东东工厂, 结束! 🕛 51.573 秒

