
🔔东东工厂, 开始!
您的cookie选择的是用&隔开


====================共有2个京东账号Cookie=========

==================脚本执行- 北京时间(UTC+8)：2/4/2021, 12:40:11 AM=====================

开始获取东东工厂配置文件

您的互助码选择的是用&隔开

共2个京东账号

您提供了0个账号的东东工厂助力码


******开始【京东账号1】迷糊虫啊*********

由于您第1个京东账号未提供shareCode,将采纳本脚本自带的助力码

开始
第1个京东账号将要助力的好友["P04z54XCjVWnYaS5u2ak7ZCdan1Bdd2GGiWvC6_uERj"]
此京东账号1迷糊虫啊暂未选购商品
现在也能为您做任务和收集免费电力
{"code":0,"data":{"bizCode":-9,"bizMsg":"助力失败丨助力已满员！谢谢你哦~","success":false},"msg":"调用成功"}
成功收集369电量，当前蓄电池总电量：1368743


【京东账号1（迷糊虫啊）的东东工厂好友互助码】T012v_pwQx8c91PeCjVWnYaS5kRrbA

准备做此任务：每日开工打卡
领取做完任务的奖励：{"score":"1200","userScore":"1369943"}
准备做此任务：好友助力
准备做此任务：去京东首页点击“数码电器”
领取做完任务的奖励：{"score":"5000","userScore":"1374943"}
准备做此任务：逛一逛微星品牌店铺会场~
领取做完任务的奖励：{"score":"500","userScore":"1375443"}
领取做完任务的奖励：{"score":"500","userScore":"1375943"}
领取做完任务的奖励：{"score":"500","userScore":"1376443"}
领取做完任务的奖励：{"score":"500","userScore":"1376943"}
领取做完任务的奖励：{"score":"500","userScore":"1377443"}
领取做完任务的奖励：{"score":"500","userScore":"1377943"}
领取做完任务的奖励：{"score":"500","userScore":"1378443"}
领取做完任务的奖励：{"score":"500","userScore":"1378943"}
领取做完任务的奖励：{"score":"500","userScore":"1379443"}
随机取20个码放到您固定的互助码后面(不影响已有固定互助)
领取做完任务的奖励：{"score":"500","userScore":"1379943"}
领取做完任务的奖励：{"score":"500","userScore":"1380443"}
领取做完任务的奖励：{"score":"500","userScore":"1380943"}
领取做完任务的奖励：{"score":"500","userScore":"1381443"}
领取做完任务的奖励：{"score":"500","userScore":"1381943"}
领取做完任务的奖励：{"score":"500","userScore":"1382443"}
领取做完任务的奖励：{"score":"500","userScore":"1382943"}
准备做此任务：看看商品
领取做完任务的奖励：{"score":"1000","userScore":"1383943"}
领取做完任务的奖励：{"score":"1000","userScore":"1384943"}
领取做完任务的奖励：{"score":"1000","userScore":"1385943"}
领取做完任务的奖励：{"score":"1000","userScore":"1386943"}
领取做完任务的奖励：{"score":"1000","userScore":"1387943"}
领取做完任务的奖励：{"score":"1000","userScore":"1388943"}
准备做此任务：去关注最炫（ZUIXUA）京东自营旗舰店
领取做完任务的奖励：{"score":"1500","userScore":"1390443"}
领取做完任务的奖励：{"score":"1500","userScore":"1391943"}
领取做完任务的奖励：{"score":"1500","userScore":"1393443"}
此任务：开通微星品牌会员，跳过
每日10-13点巡厂 任务已错过时间

此账号1迷糊虫啊暂未选择商品

BoxJs或环境变量暂未提供心仪商品
如需兑换心仪商品，请提供心仪商品名称

商品名称       可选状态    剩余量
巾6片装         可 选      363
平板键盘         可 选      304
机械键盘         可 选      165
色发光版         可 选      94
0家教机         可 选      17
K 15         可 选      12
am5s         可 选      2
应剃须刀         已抢光      0
7325         已抢光      0
女联名款         已抢光      0
丘联名款         已抢光      0
浦净力刷         已抢光      0

目前电量1368743,不满足兑换 蔡司镜头清洁眼镜纸巾6片装所需的 680000电量

京东账号1迷糊虫啊
京东账号1 迷糊虫啊
已选商品：暂无
心仪商品：暂无
当前剩余最多商品：蔡司镜头清洁眼镜纸巾6片装
兑换所需电量：680000
您当前总电量：1368743


******开始【京东账号2】孤傲的小小瞒*********

由于您第2个京东账号未提供shareCode,将采纳本脚本自带的助力码

开始
第2个京东账号将要助力的好友["P04z54XCjVWnYaS5m9cZ2ariXVJwHf0bgkG7Uo"]
此京东账号2孤傲的小小瞒暂未选购商品
现在也能为您做任务和收集免费电力
{"code":0,"data":{"bizCode":-9,"bizMsg":"助力失败丨助力已满员！谢谢你哦~","success":false},"msg":"调用成功"}
成功收集372电量，当前蓄电池总电量：1332842

随机取20个码放到您固定的互助码后面(不影响已有固定互助)

【京东账号2（孤傲的小小瞒）的东东工厂好友互助码】T016aHjGmKOgIN1c-bFuCjVWnYaS5kRrbA

准备做此任务：每日开工打卡
领取做完任务的奖励：{"score":"2400","userScore":"1335242"}
准备做此任务：好友助力
准备做此任务：去京东首页点击“数码电器”
领取做完任务的奖励：{"score":"5000","userScore":"1340242"}
准备做此任务：逛一逛微星品牌店铺会场~
领取做完任务的奖励：{"score":"500","userScore":"1340742"}
领取做完任务的奖励：{"score":"500","userScore":"1341242"}
领取做完任务的奖励：{"score":"500","userScore":"1341742"}
领取做完任务的奖励：{"score":"500","userScore":"1342242"}
领取做完任务的奖励：{"score":"500","userScore":"1342742"}
领取做完任务的奖励：{"score":"500","userScore":"1343242"}
领取做完任务的奖励：{"score":"500","userScore":"1343742"}
领取做完任务的奖励：{"score":"500","userScore":"1344242"}
领取做完任务的奖励：{"score":"500","userScore":"1344742"}
领取做完任务的奖励：{"score":"500","userScore":"1345242"}
领取做完任务的奖励：{"score":"500","userScore":"1345742"}
领取做完任务的奖励：{"score":"500","userScore":"1346242"}
领取做完任务的奖励：{"score":"500","userScore":"1346742"}
领取做完任务的奖励：{"score":"500","userScore":"1347242"}
领取做完任务的奖励：{"score":"500","userScore":"1347742"}
领取做完任务的奖励：{"score":"500","userScore":"1348242"}
准备做此任务：看看商品
领取做完任务的奖励：{"score":"1000","userScore":"1349242"}
领取做完任务的奖励：{"score":"1000","userScore":"1350242"}
领取做完任务的奖励：{"score":"1000","userScore":"1351242"}
领取做完任务的奖励：{"score":"1000","userScore":"1352242"}
领取做完任务的奖励：{"score":"1000","userScore":"1353242"}
领取做完任务的奖励：{"score":"1000","userScore":"1354242"}
准备做此任务：去关注最炫（ZUIXUA）京东自营旗舰店
领取做完任务的奖励：{"score":"1500","userScore":"1355742"}
领取做完任务的奖励：{"score":"1500","userScore":"1357242"}
领取做完任务的奖励：{"score":"1500","userScore":"1358742"}
此任务：开通微星品牌会员，跳过
每日10-13点巡厂 任务已错过时间

此账号2孤傲的小小瞒暂未选择商品

BoxJs或环境变量暂未提供心仪商品
如需兑换心仪商品，请提供心仪商品名称

商品名称       可选状态    剩余量
巾6片装         可 选      363
平板键盘         可 选      304
机械键盘         可 选      165
色发光版         可 选      94
0家教机         可 选      17
K 15         可 选      12
am5s         可 选      2
应剃须刀         已抢光      0
7325         已抢光      0
女联名款         已抢光      0
丘联名款         已抢光      0
浦净力刷         已抢光      0

目前电量1332842,不满足兑换 蔡司镜头清洁眼镜纸巾6片装所需的 680000电量

京东账号2孤傲的小小瞒
京东账号2 孤傲的小小瞒
已选商品：暂无
心仪商品：暂无
当前剩余最多商品：蔡司镜头清洁眼镜纸巾6片装
兑换所需电量：680000
您当前总电量：1332842


🔔东东工厂, 结束! 🕛 86.772 秒

