
🔔东东工厂, 开始!
您的cookie选择的是用&隔开


====================共有2个京东账号Cookie=========

==================脚本执行- 北京时间(UTC+8)：2/5/2021, 10:39:56 AM=====================

开始获取东东工厂配置文件

您的互助码选择的是用&隔开

共2个京东账号

您提供了0个账号的东东工厂助力码


******开始【京东账号1】迷糊虫啊*********

由于您第1个京东账号未提供shareCode,将采纳本脚本自带的助力码

开始
第1个京东账号将要助力的好友["P04z54XCjVWnYaS5u2ak7ZCdan1Bdd2GGiWvC6_uERj"]
此京东账号1迷糊虫啊暂未选购商品
现在也能为您做任务和收集免费电力
{"code":0,"data":{"bizCode":-9,"bizMsg":"助力失败丨助力已满员！谢谢你哦~","success":false},"msg":"调用成功"}
成功收集357电量，当前蓄电池总电量：1432865


【京东账号1（迷糊虫啊）的东东工厂好友互助码】T012v_pwQx8c91PeCjVWnYaS5kRrbA

每日开工打卡已完成
准备做此任务：好友助力
去京东首页点击“数码电器”已完成
逛会场/互动游戏已做完
看看商品已做完
关注店铺已做完
此任务：开通微星品牌会员，跳过
准备做此任务：每日10-13点巡厂
领取做完任务的奖励：{"score":"2500","userScore":"1435365"}

此账号1迷糊虫啊暂未选择商品

BoxJs或环境变量暂未提供心仪商品
如需兑换心仪商品，请提供心仪商品名称

商品名称       可选状态    剩余量
机械键盘         可 选      94
平板键盘         可 选      68
色发光版         可 选      27
0家教机         可 选      17
K 15         可 选      12
am5s         可 选      2
巾6片装         已抢光      0
应剃须刀         已抢光      0
7325         已抢光      0
女联名款         已抢光      0
丘联名款         已抢光      0
浦净力刷         已抢光      0

目前电量1432865,不满足兑换 灵蛇有线游戏机械键盘所需的 3680000电量

京东账号1迷糊虫啊
京东账号1 迷糊虫啊
已选商品：暂无
心仪商品：暂无
当前剩余最多商品：灵蛇有线游戏机械键盘
兑换所需电量：3680000
您当前总电量：1432865


******开始【京东账号2】孤傲的小小瞒*********

由于您第2个京东账号未提供shareCode,将采纳本脚本自带的助力码

开始
第2个京东账号将要助力的好友["P04z54XCjVWnYaS5m9cZ2ariXVJwHf0bgkG7Uo"]
此京东账号2孤傲的小小瞒暂未选购商品
现在也能为您做任务和收集免费电力
{"code":0,"data":{"bizCode":-9,"bizMsg":"助力失败丨助力已满员！谢谢你哦~","success":false},"msg":"调用成功"}
成功收集357电量，当前蓄电池总电量：1398162


【京东账号2（孤傲的小小瞒）的东东工厂好友互助码】T016aHjGmKOgIN1c-bFuCjVWnYaS5kRrbA

每日开工打卡已完成
准备做此任务：好友助力
去京东首页点击“数码电器”已完成
逛会场/互动游戏已做完
看看商品已做完
关注店铺已做完
此任务：开通微星品牌会员，跳过
准备做此任务：每日10-13点巡厂
领取做完任务的奖励：{"score":"2500","userScore":"1400662"}

此账号2孤傲的小小瞒暂未选择商品

BoxJs或环境变量暂未提供心仪商品
如需兑换心仪商品，请提供心仪商品名称

商品名称       可选状态    剩余量
机械键盘         可 选      94
平板键盘         可 选      68
色发光版         可 选      27
0家教机         可 选      17
K 15         可 选      12
am5s         可 选      2
巾6片装         已抢光      0
应剃须刀         已抢光      0
7325         已抢光      0
女联名款         已抢光      0
丘联名款         已抢光      0
浦净力刷         已抢光      0

目前电量1398162,不满足兑换 灵蛇有线游戏机械键盘所需的 3680000电量

京东账号2孤傲的小小瞒
京东账号2 孤傲的小小瞒
已选商品：暂无
心仪商品：暂无
当前剩余最多商品：灵蛇有线游戏机械键盘
兑换所需电量：3680000
您当前总电量：1398162


🔔东东工厂, 结束! 🕛 26.728 秒

"Timeout awaiting 'request' for 10000ms"
东东工厂 API请求失败，请检查网路重试
"Timeout awaiting 'request' for 10000ms"
东东工厂 API请求失败，请检查网路重试
