
🔔东东工厂, 开始!
您的cookie选择的是用&隔开


====================共有2个京东账号Cookie=========

==================脚本执行- 北京时间(UTC+8)：2/4/2021, 4:37:41 AM=====================

开始获取东东工厂配置文件

您的互助码选择的是用&隔开

共2个京东账号

您提供了0个账号的东东工厂助力码


******开始【京东账号1】迷糊虫啊*********

由于您第1个京东账号未提供shareCode,将采纳本脚本自带的助力码

开始
随机取20个码放到您固定的互助码后面(不影响已有固定互助)
第1个京东账号将要助力的好友["P04z54XCjVWnYaS5u2ak7ZCdan1Bdd2GGiWvC6_uERj","P04z54XCjVWnYaS5jYP3sFMC_z1QN1k9Qn3kSU","P04z54XCjVWnYaS5m9cZ2bw33QblqqMlFVJgBk\"MyJdFactory1=","T0225KkcRx0R9lyEJkz1naZZcwCjVWnYaS5kRrbA","T0225KkcRRpNpgfeIxuilf8DJgCjVWnYaS5kRrbA","T0225KkcRR5I8QeDIkunkvQDcwCjVWnYaS5kRrbA","T0205KkcE2JQgxKFQVOJ3pNqCjVWnYaS5kRrbA","T019-akVBWpvsyqgcX-j4pECjVWnYaS5kRrbA","T0205KkcJUdkpjGpXnKs8bRKCjVWnYaS5kRrbA","T0157KEiFEtepAiMdVgCjVWnYaS5kRrbA","T0205KkcImRksBGuUUiuyI9tCjVWnYaS5kRrbA","T0225KkcRRkR81LXJk_wlaZfJQCjVWnYaS5kRrbA","T0225KkcRx9Pp1LUckzzk6IMfQCjVWnYaS5kRrbA","P04z54XCjVWnYaS5m9cZ2X5jCpPxv32tmNSF1c","T0225KkcRBpN9lTWcR2hwfMDdQCjVWnYaS5kRrbA","T0225KkcRRwb8lbfcxrxk_UPJQCjVWnYaS5kRrbA","T0225KkcRx9PoVPUI0ugk6UPJQCjVWnYaS5kRrbA","T0225KkcRh0b9QfSIROmx_MDcgCjVWnYaS5kRrbA","T0225KkcREsZ9wfeJEzwnPcKJwCjVWnYaS5kRrbA","T0225KkcR01I8V2CcR38lv4NcwCjVWnYaS5kRrbA","T0225KkcR09N9AaEIxv0wvBeJQCjVWnYaS5kRrbA"]
此京东账号1迷糊虫啊暂未选购商品
现在也能为您做任务和收集免费电力
{"code":0,"data":{"bizCode":-9,"bizMsg":"助力失败丨助力已满员！谢谢你哦~","success":false},"msg":"调用成功"}
{"code":0,"data":{"bizCode":-9,"bizMsg":"助力失败丨助力已满员！谢谢你哦~","success":false},"msg":"调用成功"}
{"code":0,"data":{"bizCode":-9,"bizMsg":"助力失败丨助力已满员！谢谢你哦~","success":false},"msg":"调用成功"}
{"code":0,"data":{"bizCode":-9,"bizMsg":"助力失败丨助力已满员！谢谢你哦~","success":false},"msg":"调用成功"}
{"code":0,"data":{"bizCode":-9,"bizMsg":"助力失败丨助力已满员！谢谢你哦~","success":false},"msg":"调用成功"}
{"code":0,"data":{"bizCode":-9,"bizMsg":"助力失败丨助力已满员！谢谢你哦~","success":false},"msg":"调用成功"}
{"code":0,"data":{"bizCode":-9,"bizMsg":"助力失败丨助力已满员！谢谢你哦~","success":false},"msg":"调用成功"}
{"code":0,"data":{"bizCode":-9,"bizMsg":"助力失败丨助力已满员！谢谢你哦~","success":false},"msg":"调用成功"}
{"code":0,"data":{"bizCode":-9,"bizMsg":"助力失败丨助力已满员！谢谢你哦~","success":false},"msg":"调用成功"}
{"code":0,"data":{"bizCode":-9,"bizMsg":"助力失败丨助力已满员！谢谢你哦~","success":false},"msg":"调用成功"}
{"code":0,"data":{"bizCode":-9,"bizMsg":"助力失败丨助力已满员！谢谢你哦~","success":false},"msg":"调用成功"}
{"code":0,"data":{"bizCode":-9,"bizMsg":"助力失败丨助力已满员！谢谢你哦~","success":false},"msg":"调用成功"}
{"code":0,"data":{"bizCode":-9,"bizMsg":"助力失败丨助力已满员！谢谢你哦~","success":false},"msg":"调用成功"}
{"code":0,"data":{"bizCode":-9,"bizMsg":"助力失败丨助力已满员！谢谢你哦~","success":false},"msg":"调用成功"}
{"code":0,"data":{"bizCode":-9,"bizMsg":"助力失败丨助力已满员！谢谢你哦~","success":false},"msg":"调用成功"}
{"code":0,"data":{"bizCode":-9,"bizMsg":"助力失败丨助力已满员！谢谢你哦~","success":false},"msg":"调用成功"}
{"code":0,"data":{"bizCode":-9,"bizMsg":"助力失败丨助力已满员！谢谢你哦~","success":false},"msg":"调用成功"}
{"code":0,"data":{"bizCode":-9,"bizMsg":"助力失败丨助力已满员！谢谢你哦~","success":false},"msg":"调用成功"}
{"code":0,"data":{"bizCode":-9,"bizMsg":"助力失败丨助力已满员！谢谢你哦~","success":false},"msg":"调用成功"}
{"code":0,"data":{"bizCode":-9,"bizMsg":"助力失败丨助力已满员！谢谢你哦~","success":false},"msg":"调用成功"}
{"code":0,"data":{"bizCode":-9,"bizMsg":"助力失败丨助力已满员！谢谢你哦~","success":false},"msg":"调用成功"}
成功收集362电量，当前蓄电池总电量：1394867


【京东账号1（迷糊虫啊）的东东工厂好友互助码】T012v_pwQx8c91PeCjVWnYaS5kRrbA

每日开工打卡已完成
准备做此任务：好友助力
去京东首页点击“数码电器”已完成
逛会场/互动游戏已做完
看看商品已做完
关注店铺已做完
此任务：开通微星品牌会员，跳过
每日10-13点巡厂 任务已错过时间

此账号1迷糊虫啊暂未选择商品

BoxJs或环境变量暂未提供心仪商品
如需兑换心仪商品，请提供心仪商品名称

商品名称       可选状态    剩余量
巾6片装         可 选      340
平板键盘         可 选      298
机械键盘         可 选      165
色发光版         可 选      93
0家教机         可 选      17
K 15         可 选      12
am5s         可 选      2
应剃须刀         已抢光      0
7325         已抢光      0
女联名款         已抢光      0
丘联名款         已抢光      0
浦净力刷         已抢光      0

目前电量1394867,不满足兑换 蔡司镜头清洁眼镜纸巾6片装所需的 680000电量

京东账号1迷糊虫啊
京东账号1 迷糊虫啊
已选商品：暂无
心仪商品：暂无
当前剩余最多商品：蔡司镜头清洁眼镜纸巾6片装
兑换所需电量：680000
您当前总电量：1394867


******开始【京东账号2】孤傲的小小瞒*********

由于您第2个京东账号未提供shareCode,将采纳本脚本自带的助力码

开始
第2个京东账号将要助力的好友["P04z54XCjVWnYaS5m9cZ2ariXVJwHf0bgkG7Uo"]
此京东账号2孤傲的小小瞒暂未选购商品
现在也能为您做任务和收集免费电力
{"code":0,"data":{"bizCode":-9,"bizMsg":"助力失败丨助力已满员！谢谢你哦~","success":false},"msg":"调用成功"}
成功收集362电量，当前蓄电池总电量：1360163


【京东账号2（孤傲的小小瞒）的东东工厂好友互助码】T016aHjGmKOgIN1c-bFuCjVWnYaS5kRrbA

每日开工打卡已完成
准备做此任务：好友助力
去京东首页点击“数码电器”已完成
逛会场/互动游戏已做完
看看商品已做完
关注店铺已做完
此任务：开通微星品牌会员，跳过
每日10-13点巡厂 任务已错过时间

此账号2孤傲的小小瞒暂未选择商品

BoxJs或环境变量暂未提供心仪商品
如需兑换心仪商品，请提供心仪商品名称

商品名称       可选状态    剩余量
巾6片装         可 选      340
平板键盘         可 选      298
机械键盘         可 选      165
色发光版         可 选      93
0家教机         可 选      17
K 15         可 选      12
am5s         可 选      2
应剃须刀         已抢光      0
7325         已抢光      0
女联名款         已抢光      0
丘联名款         已抢光      0
浦净力刷         已抢光      0

目前电量1360163,不满足兑换 蔡司镜头清洁眼镜纸巾6片装所需的 680000电量

京东账号2孤傲的小小瞒
京东账号2 孤傲的小小瞒
已选商品：暂无
心仪商品：暂无
当前剩余最多商品：蔡司镜头清洁眼镜纸巾6片装
兑换所需电量：680000
您当前总电量：1360163


🔔东东工厂, 结束! 🕛 37.948 秒

"Response code 502 (Bad Gateway)"
东东工厂 API请求失败，请检查网路重试
