
🔔东东工厂, 开始!
您的cookie选择的是用&隔开


====================共有2个京东账号Cookie=========

==================脚本执行- 北京时间(UTC+8)：2/3/2021, 12:38:36 AM=====================

开始获取东东工厂配置文件

您的互助码选择的是用&隔开

共2个京东账号

您提供了0个账号的东东工厂助力码


******开始【京东账号1】迷糊虫啊*********

由于您第1个京东账号未提供shareCode,将采纳本脚本自带的助力码

开始
随机取20个码放到您固定的互助码后面(不影响已有固定互助)
第1个京东账号将要助力的好友["P04z54XCjVWnYaS5u2ak7ZCdan1Bdd2GGiWvC6_uERj","T020a3PLlZedLdlc9ZpLQWCqCjVWnYaS5kRrbA","T0205KkcKVhwtTSdQHiT845tCjVWnYaS5kRrbA","T0085rgtG14bCjVWnYaS5kRrbA","T0225KkcRkwdpwLWIh2hnaFYcQCjVWnYaS5kRrbA","T0087aUgQxgZCjVWnYaS5kRrbA","T0205KkcAGZzjiyoVGOP4YZWCjVWnYaS5kRrbA","T0205KkcG3lLoh6rV3205qFgCjVWnYaS5kRrbA","T010_7gmFUBBqgCjVWnYaS5kRrbA","T0225KkcRRpMpFPUcRr1lfRfJgCjVWnYaS5kRrbA","T0205KkcGkponQaLQkiR44ldCjVWnYaS5kRrbA","T0105qMwCU1RqACjVWnYaS5kRrbA","T0205KkcHlllrSi-QVK09KtcCjVWnYaS5kRrbA","T0225KkcRx9PoVPUI0ugk6UPJQCjVWnYaS5kRrbA","T020-akNG0porCKeaUawwL5fCjVWnYaS5kRrbA","T0125b8qA1pQnBGJCjVWnYaS5kRrbA","T0225KkcR0pPpFzechyikfcMcgCjVWnYaS5kRrbA","P04z54XCjVWnYaS5jQAC2Xw3XVCnDyMoA","T015uvx6QhwR8VTUT0cCjVWnYaS5kRrbA","T0205KkcJ2NiiBeCRmWg9LJACjVWnYaS5kRrbA","T0225KkcRhcZp1CGdh_8naMMIQCjVWnYaS5kRrbA"]
此京东账号1迷糊虫啊暂未选购商品
现在也能为您做任务和收集免费电力
{"code":0,"data":{"bizCode":-9,"bizMsg":"助力失败丨助力已满员！谢谢你哦~","success":false},"msg":"调用成功"}
领取做完任务的奖励：{"maxAssistTimes":3,"score":"2800","userScore":"207711"}
领取做完任务的奖励：{"maxAssistTimes":3,"score":"2800","userScore":"235000"}
{"code":0,"data":{"bizCode":-9,"bizMsg":"助力失败丨助力已满员！谢谢你哦~","success":false},"msg":"调用成功"}
领取做完任务的奖励：{"maxAssistTimes":3,"score":"7800","userScore":"2727799"}
{"code":0,"data":{"bizCode":-7,"bizMsg":"助力失败丨啊哦您今日的爱心值已爆棚，明天继续吧","success":false},"msg":"调用成功"}
助力机会已耗尽，跳出
成功收集364电量，当前蓄电池总电量：1331707


【京东账号1（迷糊虫啊）的东东工厂好友互助码】T012v_pwQx8c91PeCjVWnYaS5kRrbA

准备做此任务：每日开工打卡
领取做完任务的奖励：{"score":"2400","userScore":"1334107"}
准备做此任务：好友助力
准备做此任务：去京东首页点击“数码电器”
领取做完任务的奖励：{"score":"5000","userScore":"1339107"}
准备做此任务：逛一逛微星品牌店铺会场~
领取做完任务的奖励：{"score":"500","userScore":"1339607"}
领取做完任务的奖励：{"score":"500","userScore":"1340107"}
领取做完任务的奖励：{"score":"500","userScore":"1340607"}
领取做完任务的奖励：{"score":"500","userScore":"1341107"}
领取做完任务的奖励：{"score":"500","userScore":"1341607"}
领取做完任务的奖励：{"score":"500","userScore":"1342107"}
领取做完任务的奖励：{"score":"500","userScore":"1342607"}
领取做完任务的奖励：{"score":"500","userScore":"1343107"}
领取做完任务的奖励：{"score":"500","userScore":"1343607"}
领取做完任务的奖励：{"score":"500","userScore":"1344107"}
领取做完任务的奖励：{"score":"500","userScore":"1344607"}
领取做完任务的奖励：{"score":"500","userScore":"1345107"}
领取做完任务的奖励：{"score":"500","userScore":"1345607"}
领取做完任务的奖励：{"score":"500","userScore":"1346107"}
领取做完任务的奖励：{"score":"500","userScore":"1346607"}
领取做完任务的奖励：{"score":"500","userScore":"1347107"}
准备做此任务：看看商品
领取做完任务的奖励：{"score":"1000","userScore":"1348107"}
领取做完任务的奖励：{"score":"1000","userScore":"1349107"}
领取做完任务的奖励：{"score":"1000","userScore":"1350107"}
领取做完任务的奖励：{"score":"1000","userScore":"1351107"}
领取做完任务的奖励：{"score":"1000","userScore":"1352107"}
领取做完任务的奖励：{"score":"1000","userScore":"1353107"}
准备做此任务：去关注最炫（ZUIXUA）京东自营旗舰店
领取做完任务的奖励：{"score":"1500","userScore":"1354607"}
领取做完任务的奖励：{"score":"1500","userScore":"1356107"}
领取做完任务的奖励：{"score":"1500","userScore":"1357607"}
此任务：开通微星品牌会员，跳过
每日10-13点巡厂 任务已错过时间

此账号1迷糊虫啊暂未选择商品

BoxJs或环境变量暂未提供心仪商品
如需兑换心仪商品，请提供心仪商品名称

商品名称       可选状态    剩余量
巾6片装         可 选      619
平板键盘         可 选      386
机械键盘         可 选      187
色发光版         可 选      131
0家教机         可 选      17
K 15         可 选      12
am5s         可 选      2
应剃须刀         已抢光      0
女联名款         已抢光      0
丘联名款         已抢光      0
浦净力刷         已抢光      0

目前电量1331707,不满足兑换 蔡司镜头清洁眼镜纸巾6片装所需的 680000电量

京东账号1迷糊虫啊
京东账号1 迷糊虫啊
已选商品：暂无
心仪商品：暂无
当前剩余最多商品：蔡司镜头清洁眼镜纸巾6片装
兑换所需电量：680000
您当前总电量：1331707


******开始【京东账号2】孤傲的小小瞒*********

由于您第2个京东账号未提供shareCode,将采纳本脚本自带的助力码

开始
随机取20个码放到您固定的互助码后面(不影响已有固定互助)
第2个京东账号将要助力的好友["P04z54XCjVWnYaS5m9cZ2ariXVJwHf0bgkG7Uo","T0225KkcRE9L8QbRJEmiwPQOIQCjVWnYaS5kRrbA","T0225KkcRhsf_VSCKBn8nfQKcQCjVWnYaS5kRrbA","T019-aknIU1njAyzWWWJ1L4CjVWnYaS5kRrbA","T0225KkcRRYa8wDQIhz1wPcPdACjVWnYaS5kRrbA","T0124qt3QB4d9FDSCjVWnYaS5kRrbA","T012a2Dalp2ULf1pCjVWnYaS5kRrbA","T0205KkcCmlCiAa3QEuJ3pZyCjVWnYaS5kRrbA","P04z54XCjVWnYaS5n9VQmH63HU","T0205KkcHH5hkSuEZGGP7Z9uCjVWnYaS5kRrbA","T019-akEKXRZkzeAWkiMxpICjVWnYaS5kRrbA","T0205KkcImpThBW2RmiI1oFxCjVWnYaS5kRrbA","T019-bgvGU9GoQuJd0yhyqACjVWnYaS5kRrbA","T00856QqGV9dCjVWnYaS5kRrbA","T020u_l7QB0Z91DKJR_9kfYICjVWnYaS5kRrbA","T0225KkcRBsb8lOGKRj3wvEDdwCjVWnYaS5kRrbA","T0225KkcRkweplCDdkjwk6MPcACjVWnYaS5kRrbA","T0105qQhH0BAsACjVWnYaS5kRrbA","T0225KkcRRoep1TSch32lqQPcwCjVWnYaS5kRrbA","T0225KkcRUsc9Fffdk_xl6RYcwCjVWnYaS5kRrbA","T0225KkcRR0c9VHVJRmnlfJbdgCjVWnYaS5kRrbA"]
此京东账号2孤傲的小小瞒暂未选购商品
现在也能为您做任务和收集免费电力
{"code":0,"data":{"bizCode":-9,"bizMsg":"助力失败丨助力已满员！谢谢你哦~","success":false},"msg":"调用成功"}
{"code":0,"data":{"bizCode":-9,"bizMsg":"助力失败丨助力已满员！谢谢你哦~","success":false},"msg":"调用成功"}
领取做完任务的奖励：{"maxAssistTimes":3,"score":"2800","userScore":"243586"}
{"code":0,"data":{"bizCode":-9,"bizMsg":"助力失败丨助力已满员！谢谢你哦~","success":false},"msg":"调用成功"}
领取做完任务的奖励：{"maxAssistTimes":3,"score":"2800","userScore":"2927595"}
{"code":0,"data":{"bizCode":-9,"bizMsg":"助力失败丨助力已满员！谢谢你哦~","success":false},"msg":"调用成功"}
领取做完任务的奖励：{"maxAssistTimes":3,"score":"2800","userScore":"2225369"}
{"code":0,"data":{"bizCode":-7,"bizMsg":"助力失败丨啊哦您今日的爱心值已爆棚，明天继续吧","success":false},"msg":"调用成功"}
助力机会已耗尽，跳出
成功收集367电量，当前蓄电池总电量：1297006


【京东账号2（孤傲的小小瞒）的东东工厂好友互助码】T016aHjGmKOgIN1c-bFuCjVWnYaS5kRrbA

准备做此任务：每日开工打卡
领取做完任务的奖励：{"score":"1200","userScore":"1298206"}
准备做此任务：好友助力
准备做此任务：去京东首页点击“数码电器”
领取做完任务的奖励：{"score":"5000","userScore":"1303206"}
准备做此任务：逛一逛微星品牌店铺会场~
领取做完任务的奖励：{"score":"500","userScore":"1303706"}
领取做完任务的奖励：{"score":"500","userScore":"1304206"}
领取做完任务的奖励：{"score":"500","userScore":"1304706"}
领取做完任务的奖励：{"score":"500","userScore":"1305206"}
领取做完任务的奖励：{"score":"500","userScore":"1305706"}
领取做完任务的奖励：{"score":"500","userScore":"1306206"}
领取做完任务的奖励：{"score":"500","userScore":"1306706"}
领取做完任务的奖励：{"score":"500","userScore":"1307206"}
领取做完任务的奖励：{"score":"500","userScore":"1307706"}
领取做完任务的奖励：{"score":"500","userScore":"1308206"}
领取做完任务的奖励：{"score":"500","userScore":"1308706"}
领取做完任务的奖励：{"score":"500","userScore":"1309206"}
领取做完任务的奖励：{"score":"500","userScore":"1309706"}
领取做完任务的奖励：{"score":"500","userScore":"1310206"}
领取做完任务的奖励：{"score":"500","userScore":"1310706"}
领取做完任务的奖励：{"score":"500","userScore":"1311206"}
准备做此任务：看看商品
领取做完任务的奖励：{"score":"1000","userScore":"1312206"}
领取做完任务的奖励：{"score":"1000","userScore":"1313206"}
领取做完任务的奖励：{"score":"1000","userScore":"1314206"}
领取做完任务的奖励：{"score":"1000","userScore":"1315206"}
领取做完任务的奖励：{"score":"1000","userScore":"1316206"}
领取做完任务的奖励：{"score":"1000","userScore":"1317206"}
准备做此任务：去关注最炫（ZUIXUA）京东自营旗舰店
领取做完任务的奖励：{"score":"1500","userScore":"1318706"}
领取做完任务的奖励：{"score":"1500","userScore":"1320206"}
领取做完任务的奖励：{"score":"1500","userScore":"1321706"}
此任务：开通微星品牌会员，跳过
每日10-13点巡厂 任务已错过时间

此账号2孤傲的小小瞒暂未选择商品

BoxJs或环境变量暂未提供心仪商品
如需兑换心仪商品，请提供心仪商品名称

商品名称       可选状态    剩余量
巾6片装         可 选      619
平板键盘         可 选      386
机械键盘         可 选      187
色发光版         可 选      131
0家教机         可 选      17
K 15         可 选      12
am5s         可 选      2
应剃须刀         已抢光      0
女联名款         已抢光      0
丘联名款         已抢光      0
浦净力刷         已抢光      0

目前电量1297006,不满足兑换 蔡司镜头清洁眼镜纸巾6片装所需的 680000电量

京东账号2孤傲的小小瞒
京东账号2 孤傲的小小瞒
已选商品：暂无
心仪商品：暂无
当前剩余最多商品：蔡司镜头清洁眼镜纸巾6片装
兑换所需电量：680000
您当前总电量：1297006


🔔东东工厂, 结束! 🕛 81.584 秒

