
🔔东东工厂, 开始!
您的cookie选择的是用&隔开


====================共有2个京东账号Cookie=========

==================脚本执行- 北京时间(UTC+8)：2/7/2021, 7:40:34 AM=====================

开始获取东东工厂配置文件

您的互助码选择的是用&隔开

共2个京东账号

您提供了0个账号的东东工厂助力码


******开始【京东账号1】迷糊虫啊*********

由于您第1个京东账号未提供shareCode,将采纳本脚本自带的助力码

开始
随机取20个码放到您固定的互助码后面(不影响已有固定互助)
第1个京东账号将要助力的好友["P04z54XCjVWnYaS5u2ak7ZCdan1Bdd2GGiWvC6_uERj","P04z54XCjVWnYaS5nRPXSL53H5KkEHcwHWi","T018v_57Rx4Q91PeIB2b1ACjVWnYaS5kRrbA","P04z54XCjVWnYaS5m9cZ2fx23wYw84TBlbd5SA","T0205KkcJ2BgtQ6xX0yi1axjCjVWnYaS5kRrbA","T0225KkcRRcY_V3fIEnxkfAKIQCjVWnYaS5kRrbA","T0225KkcRxpK91yCIBLwxfIKIACjVWnYaS5kRrbA","T0225KkcRU8d9gfQdhqmkfBeIACjVWnYaS5kRrbA","T0146awuFUB2sguJdwCjVWnYaS5kRrbA","T0225KkcREtL81TTcR-hk6IPIACjVWnYaS5kRrbA","T022vPt0Rx4b_UnTJB_9kPYOfQCjVWnYaS5kRrbA","T010-KQ3HxgY9wCjVWnYaS5kRrbA","T0225KkcRUtNpFDUcU_zkPcNfQCjVWnYaS5kRrbA","P04z54XCjVWnYaS5n1SWzSq1HVCnQ","T012Z1_clZ6QIN9RCjVWnYaS5kRrbA","T018v_VwQxgb8VbeIBOb1ACjVWnYaS5kRrbA","T018Z1TLl6yaIvB4Ixv2kACjVWnYaS5kRrbA","T022vPp7QBgb9FzXPRjylP4NdACjVWnYaS5kRrbA","T026Z0zUlZGxI_NR9b51TWGsoqqagwCjVWnYaS5kRrbA","T014_qQtF11BsFTXIQCjVWnYaS5kRrbA","T0205KkcIWNukCGtf0m1zLF0CjVWnYaS5kRrbA"]
此京东账号1迷糊虫啊暂未选购商品
现在也能为您做任务和收集免费电力
{"code":0,"data":{"bizCode":-9,"bizMsg":"助力失败丨助力已满员！谢谢你哦~","success":false},"msg":"调用成功"}
{"code":0,"data":{"bizCode":-9,"bizMsg":"助力失败丨助力已满员！谢谢你哦~","success":false},"msg":"调用成功"}
{"code":0,"data":{"bizCode":-9,"bizMsg":"助力失败丨助力已满员！谢谢你哦~","success":false},"msg":"调用成功"}
{"code":0,"data":{"bizCode":-9,"bizMsg":"助力失败丨助力已满员！谢谢你哦~","success":false},"msg":"调用成功"}
{"code":0,"data":{"bizCode":-9,"bizMsg":"助力失败丨助力已满员！谢谢你哦~","success":false},"msg":"调用成功"}
{"code":0,"data":{"bizCode":-9,"bizMsg":"助力失败丨助力已满员！谢谢你哦~","success":false},"msg":"调用成功"}
{"code":0,"data":{"bizCode":-9,"bizMsg":"助力失败丨助力已满员！谢谢你哦~","success":false},"msg":"调用成功"}
{"code":0,"data":{"bizCode":-9,"bizMsg":"助力失败丨助力已满员！谢谢你哦~","success":false},"msg":"调用成功"}
{"code":0,"data":{"bizCode":-9,"bizMsg":"助力失败丨助力已满员！谢谢你哦~","success":false},"msg":"调用成功"}
{"code":0,"data":{"bizCode":-9,"bizMsg":"助力失败丨助力已满员！谢谢你哦~","success":false},"msg":"调用成功"}
{"code":0,"data":{"bizCode":-9,"bizMsg":"助力失败丨助力已满员！谢谢你哦~","success":false},"msg":"调用成功"}
{"code":0,"data":{"bizCode":-9,"bizMsg":"助力失败丨助力已满员！谢谢你哦~","success":false},"msg":"调用成功"}
{"code":0,"data":{"bizCode":-7001,"bizMsg":"蓄电池已满，使用后才可获得更多电量哦！","success":false},"msg":"调用成功"}
{"code":0,"data":{"bizCode":-9,"bizMsg":"助力失败丨助力已满员！谢谢你哦~","success":false},"msg":"调用成功"}
{"code":0,"data":{"bizCode":-9,"bizMsg":"助力失败丨助力已满员！谢谢你哦~","success":false},"msg":"调用成功"}
{"code":0,"data":{"bizCode":-9,"bizMsg":"助力失败丨助力已满员！谢谢你哦~","success":false},"msg":"调用成功"}
{"code":0,"data":{"bizCode":-9,"bizMsg":"助力失败丨助力已满员！谢谢你哦~","success":false},"msg":"调用成功"}
{"code":0,"data":{"bizCode":-9,"bizMsg":"助力失败丨助力已满员！谢谢你哦~","success":false},"msg":"调用成功"}
{"code":0,"data":{"bizCode":-9,"bizMsg":"助力失败丨助力已满员！谢谢你哦~","success":false},"msg":"调用成功"}
{"code":0,"data":{"bizCode":-9,"bizMsg":"助力失败丨助力已满员！谢谢你哦~","success":false},"msg":"调用成功"}
{"code":0,"data":{"bizCode":-9,"bizMsg":"助力失败丨助力已满员！谢谢你哦~","success":false},"msg":"调用成功"}
成功收集367电量，当前蓄电池总电量：1503447


【京东账号1（迷糊虫啊）的东东工厂好友互助码】T012v_pwQx8c91PeCjVWnYaS5kRrbA

每日开工打卡已完成
准备做此任务：好友助力
去京东首页点击“数码电器”已完成
逛会场/互动游戏已做完
看看商品已做完
关注店铺已做完
此任务：开通微星品牌会员，跳过
每日10-13点巡厂 任务已错过时间

此账号1迷糊虫啊暂未选择商品

BoxJs或环境变量暂未提供心仪商品
如需兑换心仪商品，请提供心仪商品名称

商品名称       可选状态    剩余量
30片装         可 选      412
家庭影院         可 选      12
0家教机         可 选      12
K 15         可 选      12
am5s         可 选      2
应剃须刀         已抢光      0
7105         已抢光      0
7325         已抢光      0
女联名款         已抢光      0
平板键盘         已抢光      0
丘联名款         已抢光      0
机械键盘         已抢光      0
浦净力刷         已抢光      0
色发光版         已抢光      0

目前电量1503447,不满足兑换 蔡司屏幕清洁湿巾30片装所需的 1280000电量

京东账号1迷糊虫啊
京东账号1 迷糊虫啊
已选商品：暂无
心仪商品：暂无
当前剩余最多商品：蔡司屏幕清洁湿巾30片装
兑换所需电量：1280000
您当前总电量：1503447


******开始【京东账号2】孤傲的小小瞒*********

由于您第2个京东账号未提供shareCode,将采纳本脚本自带的助力码

开始
第2个京东账号将要助力的好友["P04z54XCjVWnYaS5m9cZ2ariXVJwHf0bgkG7Uo"]
此京东账号2孤傲的小小瞒暂未选购商品
现在也能为您做任务和收集免费电力
{"code":0,"data":{"bizCode":-9,"bizMsg":"助力失败丨助力已满员！谢谢你哦~","success":false},"msg":"调用成功"}
成功收集367电量，当前蓄电池总电量：1468745

随机取20个码放到您固定的互助码后面(不影响已有固定互助)

【京东账号2（孤傲的小小瞒）的东东工厂好友互助码】T016aHjGmKOgIN1c-bFuCjVWnYaS5kRrbA

每日开工打卡已完成
准备做此任务：好友助力
去京东首页点击“数码电器”已完成
逛会场/互动游戏已做完
看看商品已做完
关注店铺已做完
此任务：开通微星品牌会员，跳过
每日10-13点巡厂 任务已错过时间

此账号2孤傲的小小瞒暂未选择商品

BoxJs或环境变量暂未提供心仪商品
如需兑换心仪商品，请提供心仪商品名称

商品名称       可选状态    剩余量
30片装         可 选      412
家庭影院         可 选      12
0家教机         可 选      12
K 15         可 选      12
am5s         可 选      2
应剃须刀         已抢光      0
7105         已抢光      0
7325         已抢光      0
女联名款         已抢光      0
平板键盘         已抢光      0
丘联名款         已抢光      0
机械键盘         已抢光      0
浦净力刷         已抢光      0
色发光版         已抢光      0

目前电量1468745,不满足兑换 蔡司屏幕清洁湿巾30片装所需的 1280000电量

京东账号2孤傲的小小瞒
京东账号2 孤傲的小小瞒
已选商品：暂无
心仪商品：暂无
当前剩余最多商品：蔡司屏幕清洁湿巾30片装
兑换所需电量：1280000
您当前总电量：1468745


🔔东东工厂, 结束! 🕛 38.616 秒

