
🔔东东工厂, 开始!
您的cookie选择的是用&隔开


====================共有2个京东账号Cookie=========

==================脚本执行- 北京时间(UTC+8)：2/7/2021, 3:38:07 PM=====================

开始获取东东工厂配置文件

您的互助码选择的是用&隔开

共2个京东账号

您提供了0个账号的东东工厂助力码


******开始【京东账号1】迷糊虫啊*********

由于您第1个京东账号未提供shareCode,将采纳本脚本自带的助力码

开始
随机取20个码放到您固定的互助码后面(不影响已有固定互助)
第1个京东账号将要助力的好友["P04z54XCjVWnYaS5u2ak7ZCdan1Bdd2GGiWvC6_uERj","T0155rgiCkcE6FbXIRgCjVWnYaS5kRrbA","T0225KkcRRtK9gbRKBqmk_QLdwCjVWnYaS5kRrbA","T0225KkcR0wb9lPXcxumnP4NdgCjVWnYaS5kRrbA","T0225KkcRBkc9QKDJBymx_ILfACjVWnYaS5kRrbA","T020a2jEmJiKIOtV-LhGQWORCjVWnYaS5kRrbA","T0225KkcRRZNo13Qdhn2wPFedQCjVWnYaS5kRrbA","T0225KkcR08a91HTIhjylfMLIACjVWnYaS5kRrbA","T0225KkcRxgc9FzXKU70naZfdACjVWnYaS5kRrbA","T0225KkcRhlKplSCdBmgnPYNdACjVWnYaS5kRrbA","T018v_h0Qx0Y8FbSIhqb1ACjVWnYaS5kRrbA","T0225KkcR0wf8FyBJE6gwP8KIACjVWnYaS5kRrbA","T0117aIsHFRGtwsCjVWnYaS5kRrbA","T0225KkcR09L8FLUJkilnKIIcACjVWnYaS5kRrbA","T016v_12SBkR8VXWJXWpCjVWnYaS5kRrbA","T0225KkcRBxK8gfWIBn3x_YCcACjVWnYaS5kRrbA","T0125Kw6QRwY9FLeCjVWnYaS5kRrbA","T0225KkcR0sc9ACBdUilwKRedACjVWnYaS5kRrbA","P04z54XCjVWnYaS5u20jrd5XqvgIblGbCbvmg","T0225KkcR08Y8weEIR-nx_9bIQCjVWnYaS5kRrbA","T0145aMqE0VOqgC4fQCjVWnYaS5kRrbA"]
此京东账号1迷糊虫啊暂未选购商品
现在也能为您做任务和收集免费电力
{"code":0,"data":{"bizCode":-9,"bizMsg":"助力失败丨助力已满员！谢谢你哦~","success":false},"msg":"调用成功"}
{"code":0,"data":{"bizCode":-9,"bizMsg":"助力失败丨助力已满员！谢谢你哦~","success":false},"msg":"调用成功"}
{"code":0,"data":{"bizCode":-9,"bizMsg":"助力失败丨助力已满员！谢谢你哦~","success":false},"msg":"调用成功"}
{"code":0,"data":{"bizCode":-9,"bizMsg":"助力失败丨助力已满员！谢谢你哦~","success":false},"msg":"调用成功"}
{"code":0,"data":{"bizCode":-7001,"bizMsg":"蓄电池已满，使用后才可获得更多电量哦！","success":false},"msg":"调用成功"}
{"code":0,"data":{"bizCode":-9,"bizMsg":"助力失败丨助力已满员！谢谢你哦~","success":false},"msg":"调用成功"}
{"code":0,"data":{"bizCode":-9,"bizMsg":"助力失败丨助力已满员！谢谢你哦~","success":false},"msg":"调用成功"}
{"code":0,"data":{"bizCode":-9,"bizMsg":"助力失败丨助力已满员！谢谢你哦~","success":false},"msg":"调用成功"}
{"code":0,"data":{"bizCode":-9,"bizMsg":"助力失败丨助力已满员！谢谢你哦~","success":false},"msg":"调用成功"}
{"code":0,"data":{"bizCode":-9,"bizMsg":"助力失败丨助力已满员！谢谢你哦~","success":false},"msg":"调用成功"}
{"code":0,"data":{"bizCode":-9,"bizMsg":"助力失败丨助力已满员！谢谢你哦~","success":false},"msg":"调用成功"}
{"code":0,"data":{"bizCode":-9,"bizMsg":"助力失败丨助力已满员！谢谢你哦~","success":false},"msg":"调用成功"}
{"code":0,"data":{"bizCode":-9,"bizMsg":"助力失败丨助力已满员！谢谢你哦~","success":false},"msg":"调用成功"}
{"code":0,"data":{"bizCode":-9,"bizMsg":"助力失败丨助力已满员！谢谢你哦~","success":false},"msg":"调用成功"}
{"code":0,"data":{"bizCode":-9,"bizMsg":"助力失败丨助力已满员！谢谢你哦~","success":false},"msg":"调用成功"}
{"code":0,"data":{"bizCode":-9,"bizMsg":"助力失败丨助力已满员！谢谢你哦~","success":false},"msg":"调用成功"}
{"code":0,"data":{"bizCode":-9,"bizMsg":"助力失败丨助力已满员！谢谢你哦~","success":false},"msg":"调用成功"}
{"code":0,"data":{"bizCode":-9,"bizMsg":"助力失败丨助力已满员！谢谢你哦~","success":false},"msg":"调用成功"}
{"code":0,"data":{"bizCode":-9,"bizMsg":"助力失败丨助力已满员！谢谢你哦~","success":false},"msg":"调用成功"}
{"code":0,"data":{"bizCode":-7001,"bizMsg":"蓄电池已满，使用后才可获得更多电量哦！","success":false},"msg":"调用成功"}
{"code":0,"data":{"bizCode":-9,"bizMsg":"助力失败丨助力已满员！谢谢你哦~","success":false},"msg":"调用成功"}
成功收集349电量，当前蓄电池总电量：1508807


【京东账号1（迷糊虫啊）的东东工厂好友互助码】T012v_pwQx8c91PeCjVWnYaS5kRrbA

每日开工打卡已完成
准备做此任务：好友助力
去京东首页点击“数码电器”已完成
逛会场/互动游戏已做完
看看商品已做完
去关注蔡司京东自营旗舰店已做完
此任务：开通蔡司品牌会员，跳过
每日10-13点巡厂已完成

此账号1迷糊虫啊暂未选择商品

BoxJs或环境变量暂未提供心仪商品
如需兑换心仪商品，请提供心仪商品名称

商品名称       可选状态    剩余量
30片装         可 选      353
家庭影院         可 选      12
K 15         可 选      12
0家教机         可 选      11
am5s         可 选      2
应剃须刀         已抢光      0
7105         已抢光      0
7325         已抢光      0
女联名款         已抢光      0
平板键盘         已抢光      0
丘联名款         已抢光      0
机械键盘         已抢光      0
浦净力刷         已抢光      0
色发光版         已抢光      0

目前电量1508807,不满足兑换 蔡司屏幕清洁湿巾30片装所需的 1280000电量

京东账号1迷糊虫啊
京东账号1 迷糊虫啊
已选商品：暂无
心仪商品：暂无
当前剩余最多商品：蔡司屏幕清洁湿巾30片装
兑换所需电量：1280000
您当前总电量：1508807


******开始【京东账号2】孤傲的小小瞒*********

由于您第2个京东账号未提供shareCode,将采纳本脚本自带的助力码

开始
第2个京东账号将要助力的好友["P04z54XCjVWnYaS5m9cZ2ariXVJwHf0bgkG7Uo"]
此京东账号2孤傲的小小瞒暂未选购商品
现在也能为您做任务和收集免费电力
{"code":0,"data":{"bizCode":-9,"bizMsg":"助力失败丨助力已满员！谢谢你哦~","success":false},"msg":"调用成功"}
成功收集349电量，当前蓄电池总电量：1474106


【京东账号2（孤傲的小小瞒）的东东工厂好友互助码】T016aHjGmKOgIN1c-bFuCjVWnYaS5kRrbA

每日开工打卡已完成
准备做此任务：好友助力
去京东首页点击“数码电器”已完成
逛会场/互动游戏已做完
看看商品已做完
去关注蔡司京东自营旗舰店已做完
此任务：开通蔡司品牌会员，跳过
每日10-13点巡厂已完成

此账号2孤傲的小小瞒暂未选择商品

BoxJs或环境变量暂未提供心仪商品
如需兑换心仪商品，请提供心仪商品名称

商品名称       可选状态    剩余量
30片装         可 选      353
家庭影院         可 选      12
K 15         可 选      12
0家教机         可 选      11
am5s         可 选      2
应剃须刀         已抢光      0
7105         已抢光      0
7325         已抢光      0
女联名款         已抢光      0
平板键盘         已抢光      0
丘联名款         已抢光      0
机械键盘         已抢光      0
浦净力刷         已抢光      0
色发光版         已抢光      0

目前电量1474106,不满足兑换 蔡司屏幕清洁湿巾30片装所需的 1280000电量

京东账号2孤傲的小小瞒
京东账号2 孤傲的小小瞒
已选商品：暂无
心仪商品：暂无
当前剩余最多商品：蔡司屏幕清洁湿巾30片装
兑换所需电量：1280000
您当前总电量：1474106


🔔东东工厂, 结束! 🕛 37.931 秒

"Timeout awaiting 'request' for 10000ms"
东东工厂 API请求失败，请检查网路重试
