
🔔京东全民开红包, 开始!
您的cookie选择的是用&隔开


====================共有2个京东账号Cookie=========

==================脚本执行- 北京时间(UTC+8)：2/6/2021, 1:01:01 AM=====================


开始【京东账号1】迷糊虫啊

    任务     状态  红包是否领取
领3张优惠券   0/3      否
9个精选活动   0/9      否
7个精选频道   0/7      否
[去领券中心领3张优惠券] 任务未开发
开始做浏览任务

开始做浏览任务

京东全民开红包获得红包：0.04元

开始【京东账号2】孤傲的小小瞒

    任务     状态  红包是否领取
券”逛10s   0/10      否
领3张优惠券   0/3      否
9个精选活动   0/9      否
7个精选频道   0/7      否
[京东首页点击“领券”逛10s] 任务未开发
[去领券中心领3张优惠券] 任务未开发
开始做浏览任务

开始做浏览任务

京东全民开红包获得红包：0.04元

🔔京东全民开红包, 结束! 🕛 39.623 秒

