
🔔京东炸年兽AR, 开始!
您的cookie选择的是用&隔开


====================共有2个京东账号Cookie=========

==================脚本执行- 北京时间(UTC+8)：2/8/2021, 1:52:14 AM=====================

开始获取京东炸年兽AR配置文件

共2个京东账号

您提供了2个账号的京东炸年兽AR助力码


******开始【京东账号1】迷糊虫啊*********

开始
随机取20个码放到您固定的互助码后面(不影响已有固定互助)
第1个京东账号将要助力的好友["cgxZWifbeu-Wpm2AD0bol5Cu","cgxZ-tAo8DJqM5xu3ogeOY7OXkOQ2Lw_ympGPITqNcceAad8Y1ph2UOXS-LOq3PUCqmgYjpt-td3CYw18qw","cgxZdTXtIrzev12aC1eu5yr9cCz6N7HkgPrFkYPPzBDaaWjtjA3fokuFPMA","cgxZLWaFIb7S4gvPZ1jlo3Ru3_zhiy3nnTsS4mQaaZc","cgxZ--ky8gBTPIxw3Zobo1T6AGkRq86Qow04uPztyUwWQA&","cgxZdTXtUcOFr3GSaWPjh7M8sovTiPy-Hf0kih7Z7tBetOGV5Y7DzZw","cgxZdTXtI7PT7l3NXlP876Ssli7HoGI61jxINLvzJFQGrDbyQvqBxAbCiSQ","cgxZdTXtU96YsF-tV2beuPQMt4Orl98TSLPv1v13W9jlFyrEeEC2ggE","cgxZdTXtXOWusHaWcXPSuTwdc-WLwIGoft89XX0LsZlK1dxbAf8JJHQ","cgxZdTXtIOmJuFqaAFSt7yxfxzLGfr6fZMG3nwH4mf0PIomXYnoUnJ4t4Q8&","cgxZZTvfJbmWpm3Ac1bsjpwA","cgxZdTXtIe_c6AbIXAehvgtJqtYoR8IhRWbgoih9grOnXApSEsXfYgyfNIs","cgxZdTXtI-7d6V3ICFf_umrC9K6MQydJDA_dcZzJij6eG6GUhjHMNLFMwz8","cgxZaDDQdrzcpkKqFVTutyr-g2Y","cgxZLmmFJrra7wnLCQHGr_xa5DGfhtE9_QjxRMm1FePih2KLnA","cgxZ9tE98h5FPoZP3bgTOnPiqwWJp_EsyDpPSRUGc33nYzb3QdXX_tcMgjw1Me02","cgxZLmSAJrva4gvOCA3Gr0HhJqCzjEEAP6DlQQN0XkYj6cxeig","cgxZaDXcRuS7r0SvfHHUqdpweFullbeHd1JAIDYiznRF4QL2TJZ9","cgxZdTXtIujS7VrAXQD673PSHND9I7yDz9CHt1aV88bYhVU2KTdKM3qxwxc","cgxZdiWELLLSpkKqDQL17v2smhA","cgxZdTXtIrnS6QfIAVGr77gTZR9fQYhXyBqd45h-4AqhpGYDeW6nM9kRWfU","cgxZdTXtIuuIu1ycDAb77d36pKt0qy3imX7iSmBkEkVj2iKBRZ5zpM8QMQk","cgxZdTXtRMWMlnCjcW_-t6YSt96U9ou92I9JUPoC3x1ynXhfwfIRSRI","cgxZdz7cc7na4wiFRGasrsOzfE601FvubA"]
当前爆竹163752🧨，下一关需要6082000🧨
当前第27/27关
当前爆竹163752🧨，下一关需要6082000🧨
京东账号1迷糊虫啊
当前爆竹163752🧨


******开始【京东账号2】孤傲的小小瞒*********

开始
随机取20个码放到您固定的互助码后面(不影响已有固定互助)
第2个京东账号将要助力的好友["cgxZWifbeu_a6gmFRGbg6Lh1SmQdF0DUmQ","cgxZdTXtIu6J7ljIXVGv6VoOs61gdyYXgT0ctAtCCykLsWw5accav11_0dI","cgxZ-fMU8RF0M5dV3r4QOsLKNQRnjyuoh9haQkLPPMH6fJjgVIkoZy5ww_K-I2JJ","cgxZ-OAB8S5NPaJF0LUYNl1oYE9tdRYPs2e2kWz3RrqEMgqutLWhZlw","cgxZdTXtI7-I7AfLDFepucSiJRxQSu5NzYziA8XJbcLO22xzxqsUj70OTeg","cgxZdTXtZMySt2eJdkfojRZjK-IUEBFNw_AdGyGzF5ZO7LgZhIkDXBo","cgxZdTXtI7rc7g-YAAD8vVxoUGfAiMvbey0WMRS5se73zBvnlegBdVNrnpg","cgxZdTXtWv-_vGeBUm3xhqxL7_IiXzCN4FnDyAgg-S-G3HFYGR5mgrk","cgxZLmSDI73Z6w3PDgzGr7o3vEP1u9kIqRupepeQyUbuFEZn6Q","cgxZUjjAZuWYkHSzREnKqM0ynnRoF4_YiiI-","cgxZ9_QN8ztZP6Z30Iouo_eXjc-LSN4GRddPHSLlyDAsRw","cgxZej3BdbnZ6Q3KCwaq7KYBhD624Wgr3R0UXjk98a6eR6z_51yc7u7IE317MvYvySfD57A","cgxZazjfefOGr0KFaxjojrGw6Z0JU-E","cgxZaDXrZdOft2araF_Rul0Sm4nL3RiWHHv9RlFO3ZIGQh-j7CfI","cgxZdTXtIL3fuQfJAAz7uWnjgX6Aw73_G3Kb23SIPVPmffskSVG_4pPRSq0","cgxZdTXtIenf6l_BAVT_6k01-35xRyUQV6uxnXeXLiOzhLQklDpJ2YdxObI","cgxZVRXtLLnZ6kKFa03QtOfAK7LKB58","cgxZdTXtIbPb61-fCQ2r5v0F1-3kvSqSnBl01tKTX5lJNnBhu8v0j6aTTD0","cgxZLWaGILLY6w3OREnKqbfXe1dBynTCA4_x","cgxZdTXtIryPuV_NCASu59pKM-","cgxZfiXReO-cv0yFRGau6NCUTZ3g_0H06A","cgxZdTXtZPiEkny3SkfMu_WjOA26GltNbPnERsj2QbRZBhUaI9am5L4","cgxZdTXtIL3Yvw3LCVD75gqwD8JRMSOuUrkbCHajGK7nfGX9MZHFhVIbRbw","cgxZaDDFdeCDtFmaUFSuoxSFHyt8I2ittdUiDxGLVbScEA"]
当前爆竹461095🧨，下一关需要4962000🧨
当前第27/27关
当前爆竹461095🧨，下一关需要4962000🧨
京东账号2孤傲的小小瞒
当前爆竹461095🧨


🔔京东炸年兽AR, 结束! 🕛 1.936 秒

