
🔔京东炸年兽AR, 开始!
您的cookie选择的是用&隔开


====================共有2个京东账号Cookie=========

==================脚本执行- 北京时间(UTC+8)：2/5/2021, 8:50:18 AM=====================

开始获取京东炸年兽AR配置文件

共2个京东账号

您提供了2个账号的京东炸年兽AR助力码


******开始【京东账号1】迷糊虫啊*********

开始
随机取20个码放到您固定的互助码后面(不影响已有固定互助)
第1个京东账号将要助力的好友["cgxZWifbeu-Wpm2AD0bol5Cu","cgxZ-tAo8DJqM5xu3ogeOY7OXkOQ2Lw_ympGPITqNcceAad8Y1ph2UOXS-LOq3PUCqmgYjpt-td3CYw18qw","cgxZdTXtIrzev12aC1eu5yr9cCz6N7HkgPrFkYPPzBDaaWjtjA3fokuFPMA","cgxZLWaFIb7S4gvPZ1jlo3Ru3_zhiy3nnTsS4mQaaZc","cgxZdTXtIe_c6QfNDVeg6zNw7xylBwwxsQ6WaUsnMxfL42NsNWyb5KpmkBw","- cgxZdTXtIbmJ6g_PXFeh5l6UdJmns-JHTmY2kWmB6Yfxg-PFe3aVnMS9me4","cgxZdTTLc--Nv0KFawDSuBpRzaA_M84","cgxZaDXKbPuZrXO4f3L2vbxQBtvRtu7p02JA-ciMoCjvR_5El92M","cgxZdTXtIO6M7VvKDVH_vbXJT3fPNfEEcB_xosmK4K2vOZM-0ss5Kco4JzM","cgxZdzvecOuYv0KFawDovMcSsZK8ln0&","cgxZdTXtX96TkFOVYWTeihMp8h6syJgx6DXnDuC4p941xsss_2dhyjE","cgxZbzDccOuZs0uKUUDlo0Yr_PSlPBkLwBdjTqE6AWs","cgxZdTXtIL7buA2dDwer6oktoLspwiGE_iWR-amG7Q3yNRPquJvtcWf8aRg","O4t_Sl06A_IREnKvl3rf0bmThgWFQOU","cgxZdTXtIeiJ4lqbDw2g59f-gzV2R-W5G-BzseNzawkA-9YoIZLnS4l-azM","cgxZdTXtIe7cvlicWQeh7M8hxX6IT_CRoqau-uHJb93klCQpx8SU9U_73QA","cgxZdTXtIenTvF_KXg38uuA4gkmSAYg5nDUuO9GEoclHjEt7Aad63A1RLNg","09fa6452a373413e88c51f7db92508f6","cgxZdTXtXMOJgHCgenDPl_Kg1DCVYBnhetZnWl--6LLn5Dd4d_YDOVw","cgxZdTXtILna7A7NDQWu6q2W-kEgZNY_UCblEuAgAajm1ZvnH0aJbujR-HM","cgxZaGeFIrLd7ArNREnK8l7Q5w1NPp87fuHc","cgxZdTXtIe7a6Q7MCAGuvTpPhtr75V8KngyRwxobMrsK9ErImlMgCAbTXic","IgNWdiLGaPbb7w_MDwSr7h4ydQ-kAD-p806uZyrFmgePRB6G_p38ZH-7","cgxZLmSKILLT7gvNChit7dT2fuWTEOxFQDkwAOz_c3qChNmYDP7Ef64cX6__Fg"]
当前爆竹350258🧨，下一关需要5482000🧨
当前第27/27关
当前爆竹350258🧨，下一关需要5482000🧨
京东账号1迷糊虫啊
当前爆竹350258🧨


******开始【京东账号2】孤傲的小小瞒*********

开始
随机取20个码放到您固定的互助码后面(不影响已有固定互助)
第2个京东账号将要助力的好友["cgxZWifbeu_a6gmFRGbg6Lh1SmQdF0DUmQ","cgxZdTXtIu6J7ljIXVGv6VoOs61gdyYXgT0ctAtCCykLsWw5accav11_0dI","cgxZ-fMU8RF0M5dV3r4QOsLKNQRnjyuoh9haQkLPPMH6fJjgVIkoZy5ww_K-I2JJ","cgxZ-OAB8S5NPaJF0LUYNl1oYE9tdRYPs2e2kWz3RrqEMgqutLWhZlw","cgxZdTXtbuyvvlCAVHPQnvylDBs1IYxVmB9l6cUwOk2Be2xTpByfwPY","cgxZdTXtVv28gliQbGXcrGm5QtXL8sDmnyCkYW4LVtkCOKSUZb4jQ6s","cgxZfTLQLbLc7AzIAUnljBUV4bFQ_rdSm11WPwxb","cgxZdTXtIb7dvAzPCQSh7D_-i9rsNvqwD21_-5PxoVaFg9-dkL56YaWXxyY","cgxZdTXtbsCEsXSwYGT2qZ3VS6Ymt6C5ltOIbfgqdXdt-GJXyCtXzs4","cgxZdTXtIL2M4gjAClH67Gb9M7pfhfkhlAASujmHmSPf1BlHwRQrlsvEioM","cgxZdTXtIuiJ6A2YCgCouzx8T8njjSJCuJiXAubk4bpS4mSa0vwiI8N0zrw","cgxZdTXtIOiJ4gybWlGpuveUNmWO8cLpCxc0FpACWDb6uuPlyDmzRBH1EPw","cgxZdTXtIO6J7VjBClP7vWmNgOR-tS1J-qRrVROC6BKFRq_lNVDNZ0p-dvM","cgxZdTXtI-uI61ufDQOsuteHPUbGlCNpNi4QUbVRbsEXU3IzPW_quYExDjI","cgxZdTXtIu7d6wuYDwL4vF4GNNNaHEPqXsMOo3RpWoaL3LsZ-87DPXt12OM","cgxZdTXtIrqM6V3PAAOp6eRZ6crPD6stEdKXABckwqSLcnHZa6549gCFgBY","cgxZLmmBLLvc7AfPDQXGr8331QhKQ_EaSAUk1FwVf_oy9oxnKA","cgxZdTXtI7je6F3BXAeq7n1C7-1jiCH0OhP6G5WUoqkNlmLOY7o9Zx-jmME","cgxZdTXtIbnd7lifWgT75zjg9Sn0WrVDOYWlhKBV6JIem0pDFpvS-Z1eCo4","cgxZdTXtcv2mtFGrdE_zpSZu6BY9K4WBDEwSgiESLIgt7guPaBRgPmM","cgxZdTXtIr6Lvl-cWleq7uGG22KgKfgw2jLQgfnaT8Ko5Hr3cJJOsLE3cBY","cgxZdTXtIL6JuAedDwGv7ZQPM0bgQlE4jgmdhQd7zkWo7IKLYQc3JVBi2QA","cgxZdTXtIb3S6gnJXQH_vJDP2K5L9LmJU8vujNGkkN0hIB_sJvotlU7YXg4cgxZdTXtIOzT4wafDleg","cgxZJmWBIrPd7AvKZ1jlo-UKj0Fg4DjrrpbakPSKGN4"]
当前爆竹441907🧨，下一关需要4962000🧨
当前第27/27关
当前爆竹441907🧨，下一关需要4962000🧨
京东账号2孤傲的小小瞒
当前爆竹441907🧨


🔔京东炸年兽AR, 结束! 🕛 2.226 秒

