
🔔京东炸年兽AR, 开始!
您的cookie选择的是用&隔开


====================共有2个京东账号Cookie=========

==================脚本执行- 北京时间(UTC+8)：2/6/2021, 12:54:13 AM=====================

开始获取京东炸年兽AR配置文件

共2个京东账号

您提供了2个账号的京东炸年兽AR助力码


******开始【京东账号1】迷糊虫啊*********

开始
随机取20个码放到您固定的互助码后面(不影响已有固定互助)
第1个京东账号将要助力的好友["cgxZWifbeu-Wpm2AD0bol5Cu","cgxZ-tAo8DJqM5xu3ogeOY7OXkOQ2Lw_ympGPITqNcceAad8Y1ph2UOXS-LOq3PUCqmgYjpt-td3CYw18qw","cgxZdTXtIrzev12aC1eu5yr9cCz6N7HkgPrFkYPPzBDaaWjtjA3fokuFPMA","cgxZLWaFIb7S4gvPZ1jlo3Ru3_zhiy3nnTsS4mQaaZc","cgxZ--ky8h1PP69bREnKvuQuAFKjJdcVUbPP","cgxZbDjeceSJv1GNTEnljKDJDFXuION7Fno9qfjr","cgxZLmKGJ7nb4gvMDAPGrxpeu8hlJGYx1-PdilFXIAubzKNmZA","cgxZdTXtWe2es1iTdUXJln40LdEjsenPvdcLze9qbgLD65Vb1O3G5gQ","cgxZdTXtTu-Fqna7dFD8rpDOiMUOl725jBu5-qGUed1bbHVRnRslchI","cgxZdTXtIruP71ibCw2s6g07w0oveeJu8CQpYijKYimWSEWKwMRqSMtSmWU","cgxZdTXtIbqJ61vPWlCg5y6mqKWk6y6hRoIsZ52zPWOVzH_Vr64ITIO2fe8","cgxZdTXtILiI7lzICwb8vlOaLU9e5FKC-2JhWKpNwsbggyhOdtCkkk2yf1c","cgxZdyHWeLnS6kKFawDr74gQLPvgzgU","cgxZLmKGIbrb6QvBCATGr2xpUwfmqbbWNMsChh6R-GavjFby5A","cgxZdTXtZ9m7tHK8a1TWvgqm4tG5q7nX4O77f17yCnOZBNdxSEuhNOc","cgxZdTXtXdy5q06RfU_Uk5JLQ67-oXNm87VwjqTJvGMqXgmBmsTzeB4","cgxZK2GDJLPZ4gvAFQCp79mMDTwTjsjzl7KmegfXW3fqgP8rHWvvSdrZpDU","cgxZZyTefeKfuw7ACAblo4Lvj7FSYD4iL_hdcQuGPM4","cgxZaDXbTOeokW-Lc3fehe_UpdnETxZcB2Jg279n201_toA1JnXK","cgxZdTXtIbiMvFzNAFb_73hfl5A_9iiQQVsNpkx9K3jP5idFyUq4JqkzjDo","cgxZ-vYJ8zZyPoZz3I0TOILMlevpP3lbmiUx3KjlrbU61mkr8zIcBD0","IgNWdiLGaPaAvmHNDQOgvma6euE9rWacJOyyfEwh0YT5RTjv_aAtbWhpyiJT_hO-&","cgxZfmCHJ7zT7gjKCEnljAWxsZUs3lZ88dOewJx_","cgxZ-vUV8hJkPIdv36ANOHgnIDnwc3fzQG9sNKg8DPgrDlPrObiE0o_qtRGTSpIYADJUVDG6MNhRjA"]
当前爆竹144564🧨，下一关需要6082000🧨
当前第27/27关
游戏开启成功，等待20秒完成
游戏完成成功，获得2340🧨，通关情况：27/27
游戏开启成功，等待20秒完成
游戏完成成功，获得780🧨，通关情况：27/27
游戏开启成功，等待20秒完成
游戏完成成功，获得780🧨，通关情况：27/27
游戏开启成功，等待20秒完成
游戏完成成功，获得780🧨，通关情况：27/27
游戏开启成功，等待20秒完成
游戏完成成功，获得780🧨，通关情况：27/27
当前爆竹150960🧨，下一关需要6082000🧨
京东账号1迷糊虫啊
当前爆竹150960🧨


******开始【京东账号2】孤傲的小小瞒*********

开始
随机取20个码放到您固定的互助码后面(不影响已有固定互助)
第2个京东账号将要助力的好友["cgxZWifbeu_a6gmFRGbg6Lh1SmQdF0DUmQ","cgxZdTXtIu6J7ljIXVGv6VoOs61gdyYXgT0ctAtCCykLsWw5accav11_0dI","cgxZ-fMU8RF0M5dV3r4QOsLKNQRnjyuoh9haQkLPPMH6fJjgVIkoZy5ww_K-I2JJ","cgxZ-OAB8S5NPaJF0LUYNl1oYE9tdRYPs2e2kWz3RrqEMgqutLWhZlw","cgxZdTXtIO7b7wnBDAGhvVAGVA80Bw8NcpAGjq7FRv1izmukhrs3IW4ranA","cgxZdTXtI77fvwjNDQyq54Vcqoi7ehnc0AKfaFxi9gd_rhv0srJjmn30tVE","cgxZbCTfd-KLsUKFa2r7uJ2YgOVIOwA","cgxZdTXtIbjT7gibDQf8568MVhAD8zpeCnJVOM4H5cFILjJ49M_sJp4BQUU","cgxZaDXDQeOckWihQVfohRUJiJ_sNHQPxGa5r59rusUni2ES-4-1","258e76e58ed54a80b9de8bc40029b335","cgxZLmWKIrrS7w7AFQCs7-7Ja6HK9QSJ0mdxI6BamSVF-FF7HiBOaOPbdXU","cgxZZTnHc_-D6g7IREnK5ji_T2iHLa0xMlOb","cgxZdTXtIbLYuwjNWlSp6r_fogGGsIz01k_nCw3W9HqTJdEK6tLVDzQ__gA","IgNWdiLGaPaAvmHNAQD_7FLFMeiGiD-3QP6rA0eNXEqTT5jNyT95wDc-UbFHzoCfIgNWdiLGaPaAvmHNAQD_7FLFMeiGiD-3QP6rA0eNXEqTT5jNyT95wDc-UbFHzoCf","cgxZdTXtILPT7wfOXlaqvQs6IrdMkI-Z7IdEqn5wDQymHk679woNRol4CBU","cgxZdTXtIrqP6FvLWwGv7pYqwOt9kp_9Z8Q-m492edbpYcFcYsSD6E1w7Zo","cgxZLWaEJLrd7gfBZ1jlo2CifF8h6BVFCberxWp-NJg","cgxZdTXtIb2LvA-cDwCuuV8Hzi1XoJc8-161HWtEyLe6a5zVQTOHisNJjG4","cgxZbCjBevKdpkKqZ1fIqATU1M4","cgxZaDX1UOOYvUu8b1DQuUOCUGJ8vJ-QWd08tRInqq0_ubTNGR5g","cgxZdTXtIL3euQqbAFGr7oL-eBDRhnWZvYQm5jN_DE0cuz4R-i9ddLfgiQ0","cgxZdTXtIrPYuF-fCwX95zH_HPu7cxNnImEwGn56cHOKWce5f4q_ExdoCVE","cgxZdTXtUdyjg020SmLPuKkLu-BJlfv1-Ug5Jp4VWwWvKWtUn- 5UK0E","cgxZdTXtV_uOnH-NYmz7ql8TYLP7Mq8dtMbYC9nvg3mHK6iIkeM_qCQ"]
当前爆竹441907🧨，下一关需要4962000🧨
当前第27/27关
游戏开启成功，等待20秒完成
游戏完成成功，获得2340🧨，通关情况：27/27
游戏开启成功，等待20秒完成
游戏完成成功，获得780🧨，通关情况：27/27
游戏开启成功，等待20秒完成
游戏完成成功，获得780🧨，通关情况：27/27
游戏开启成功，等待20秒完成
游戏完成成功，获得780🧨，通关情况：27/27
游戏开启成功，等待20秒完成
游戏完成成功，获得780🧨，通关情况：27/27
当前爆竹448303🧨，下一关需要4962000🧨
京东账号2孤傲的小小瞒
当前爆竹448303🧨


🔔京东炸年兽AR, 结束! 🕛 335.301 秒

