
🔔京东炸年兽AR, 开始!
您的cookie选择的是用&隔开


====================共有2个京东账号Cookie=========

==================脚本执行- 北京时间(UTC+8)：2/6/2021, 8:51:07 AM=====================

开始获取京东炸年兽AR配置文件

共2个京东账号

您提供了2个账号的京东炸年兽AR助力码


******开始【京东账号1】迷糊虫啊*********

开始
随机取20个码放到您固定的互助码后面(不影响已有固定互助)
第1个京东账号将要助力的好友["cgxZWifbeu-Wpm2AD0bol5Cu","cgxZ-tAo8DJqM5xu3ogeOY7OXkOQ2Lw_ympGPITqNcceAad8Y1ph2UOXS-LOq3PUCqmgYjpt-td3CYw18qw","cgxZdTXtIrzev12aC1eu5yr9cCz6N7HkgPrFkYPPzBDaaWjtjA3fokuFPMA","cgxZLWaFIb7S4gvPZ1jlo3Ru3_zhiy3nnTsS4mQaaZc","cgxZdTXtILrf7AidXAT9vVSmomE4mGd--uRWLn2JhSt2IoFyrt-W0FWqpYg","cgxZdTXtILiL6AfKCgP6uRubUES8oJC5TBYLlVonlkLRAQtL5weynCRuWMA","cgxZdTXtI-vc7A_BW1H4uv5tC-h86qNNo3JkemB2uBro7vWAP3v7fQuHWk8","cgxZdTXtIb7fvAedXQ2s6Ob8XuPbZVy6QwdSU5NeDEXD1XuLEL8o2fBqOkI","cgxZdTXtILvfvF_AXFev5mUVrj8deVLjZ3rIuhtF-26xF6b9hXHDMOVpTZc","cgxZdSPYfviA6w_ICUnljF9xa_iIsRPbUgM-gvHO","cgxZdDjcc_mFtGGaV0Llo0iGBvilmcXkeox8unxR-eY","cgxZdTXtI7yP61zNXlf7vJYsl2BNsegR_HMq2sO6cST3bdXogNe9ButGpXY&cgxZaDXibvqDnXWtcFLfvsG8cHnUGQctdPTiOnjb8gqzX3ljbMFo","cgxZLmSEJL3c7QjMCwLGr2MgPu9yZw7JkYHw9790AcNNbsmQ7A","cgxZdDTbYOKJu0qFRGasvgnX6IIbGmKIyw","cgxZdTXtZt6omW2dT0HrlKNssPQOrQWJddWAumBO9EK1tAdwJngbt-4","cgxZdTXtI--I4grNXlSq60Z2dDozrQbOosmx3AnyRLe9yRtpu2vtmUpRQRY","cgxZdTXteP6yrkqJbXngqaQLQbnk1o77Svl599NwOVuraucLDF0tzmo","cgxZczDdbOOEkmahREnK6w05biyHxqAGKUcF","cgxZLWCFJb7c4gnUCQyg7rXSOfAIpsqULT9KB0iISMmDtFWKc1SgzvE","cgxZdTXtZ_2_mVijd1b6uz8Cd8EIgsojNoIcfa_MoxZdQ_fzWPjHa_A","cgxZLmiDI7Pb7QvAFQSv6T6IOOkgpjY-SUuk_dqxX26G_FS-LG47KWxLQMo","cgxZdTXtILuM6wvMCQOu58hJazpofRlkaezeU2lvJdaco2ZMhJ6HS3iy4MQ","cgxZdTXtQeaymU-Kf3ruugTm-Ijz74-eP0EEezIlxoN_IKUVJkDvgvE9","cgxZdTXtRO6ntXCaUlrXmTExXLP7JWgzgjPY87H3F1cDz6RhtqXpWfU"]
当前爆竹150960🧨，下一关需要6082000🧨
当前第27/27关
当前爆竹150960🧨，下一关需要6082000🧨
京东账号1迷糊虫啊
当前爆竹150960🧨


******开始【京东账号2】孤傲的小小瞒*********

开始
随机取20个码放到您固定的互助码后面(不影响已有固定互助)
第2个京东账号将要助力的好友["cgxZWifbeu_a6gmFRGbg6Lh1SmQdF0DUmQ","cgxZdTXtIu6J7ljIXVGv6VoOs61gdyYXgT0ctAtCCykLsWw5accav11_0dI","cgxZ-fMU8RF0M5dV3r4QOsLKNQRnjyuoh9haQkLPPMH6fJjgVIkoZy5ww_K-I2JJ","cgxZ-OAB8S5NPaJF0LUYNl1oYE9tdRYPs2e2kWz3RrqEMgqutLWhZlw","cgxZdTXtILPa6FicXAWgus04nrHZFnzwEeUmib0cUCWsB6S4rjc_HTpKvAs","cgxZaDX_XNy6mEyIXG_hsHpwNhsO35g8jPxAaCtj_oLcJ5lDqUiM","cgxZdTXtIbuO6gnBDgygu1Z-tu-UOMKXL7m4LfQP7Sra8HuLeCRnoNE7nNA","IgNWdiLGaPbb4gbBCQWu7ViyZwVBU0N3EeCED_ROfHsdBijWk0h47CGeHPkrsNHB","cgxZdTXtIOyP7AzJXgKruVfRPiGiGy1opDgADGYywTptFeoZ8PwoPx9_yn8","IgNWdiLGaPadv1edV1v-pt-xQ-RetluSKU2mhEFRlMwqkMGo-CY","cgxZdTXtbd6Mo3mBcGTyjNZqRHsIoDOw4CyfnBEdIEEMrheOO-tjfSg","cgxZdTXtIbzduQecDgWh7H7FHgV4GF4RrRbmNkgLmERK6P9yryfY8vIEns0","30xIs4YwE5Z7G8_z1LXRytGiuHTViUGTQ_mWKEMbYVpqj","cgxZdTXtI7Pf4wyYWQes7uimFYxl3EfycY1uluHZGH124XpSh4Fa2a5pIqM","cgxZdTXtILLe7wubCFP76GVZsumT_1P29bqpdZcrA4mtm8iMqWk8E2nPgv0","cgxZaDXrdcemi1mpSFv3q6QBAYOLHQjSyXdCqUnSQvcpRJm1_-cN","cgxZ-s0a8zBVPoZN0ZYXo4BIMPTTL7dvYtOBoZaISc8_UA","cgxZdTXtI-mO7wydDwGr62RHKI5iyTAI66TozsHslEh04XQXohebMXdeOx4","cgxZKGCBLLPT7ArUCQSh5uYETPnX2KfsEX8kkDC_LlP5pcNIXN8R9h0","cgxZZjDcc-mCr1-XWlz37lUrm6K8KC73Ppk67l3QXe_uQLYo6GEupTaS8EU","cgxZczjHbrPT4gaFRGatruAEv3U5-lzrLw","cgxZdTXteMSAmEmuUnT1tmYVAEZjt44gkF85fs6UL5ydvfYjG_hWTT0","cgxZdTXtQsmcs2qSbl31hcD5sYU29pHpTwtq7lTdlp9xTo7o4iV5suM","cgxZcj7deuiFogzJCQblo0fKofvsYtXgLBMONb-vTS4"]
当前爆竹448303🧨，下一关需要4962000🧨
当前第27/27关
当前爆竹448303🧨，下一关需要4962000🧨
京东账号2孤傲的小小瞒
当前爆竹448303🧨


🔔京东炸年兽AR, 结束! 🕛 2.006 秒

