
🔔京东炸年兽AR, 开始!
您的cookie选择的是用&隔开


====================共有2个京东账号Cookie=========

==================脚本执行- 北京时间(UTC+8)：2/4/2021, 12:53:10 AM=====================

开始获取京东炸年兽AR配置文件

共2个京东账号

您提供了2个账号的京东炸年兽AR助力码


******开始【京东账号1】迷糊虫啊*********

开始
随机取20个码放到您固定的互助码后面(不影响已有固定互助)
第1个京东账号将要助力的好友["cgxZWifbeu-Wpm2AD0bol5Cu","cgxZ-tAo8DJqM5xu3ogeOY7OXkOQ2Lw_ympGPITqNcceAad8Y1ph2UOXS-LOq3PUCqmgYjpt-td3CYw18qw","cgxZdTXtIrzev12aC1eu5yr9cCz6N7HkgPrFkYPPzBDaaWjtjA3fokuFPMA","cgxZLWaFIb7S4gvPZ1jlo3Ru3_zhiy3nnTsS4mQaaZc","cgxZdTXtU8mpiXWVd0H_uHtCUL-dEIT9ii0HcXpCaSsKwKN-xGLimUU","cgxZdTXtIOyP7lvOAFCp5gPHzdKNDqnm1mVFlo6v8Jv9mNvzoyEL77TFOg8","cgxZdTXtI-jfvgqbDwKs7xrdyUezTPJYN4abBJtOzsl219u7I7YElOFIVGA","cgxZdTXtIb-O6AzOWlH6uqrbkJi4i3d-cCDYmIXYXVRQxQmZ8uNf0_hio3k","cgxZdTXtd8m-j2qdU1Pqmmvj6AYf8gNiLIggOe5LuUlAEHBHaJ27MfM","cgxZZmeGILrd7A_JDUnljNUnANAXqf4VepxY41Qr","cgxZdTXtWf6elXOuX3_euunAbIfd5-3oPimzDTNgidbK7hXaWArRwmY","cgxZbCTfdeSOv1CeREnKgLGLlFKVMz9rvZwl","cgxZdTXtIrLb4wudAQX65snuuvkhjCkrOPLPm2UhxCVlokxb9aGltdgu--Q","cgxZdTXtIL7e61_AD1aoumLMIRjMDqiAWPjTMyWVwQ2Fk6eALuGd-N8gq0A","cgxZaDX8dviDkHuSdmP9se7n2DaW5CI802vYBmzlf9TWnHx-4YbHwbU","cgxZLmiLJr_e6Q3UDQCo6AxjRZVsau276wXXqFB6QMOFXAIEHenh3b6abOMFww","cgxZdTXtI-nf7AjJCQ3772gNAIfn-P5XgiHd91_UcvTjOa3K1c19befkvTY","cgxZdTXtIruP6FqbC1OuvmLYLrL5cKB3fi-pI9PUzEiZrQuCLbVTGRHTWH4","cgxZZiTXZv_b6g_JREnK5lbrVcyLXAUUS1Dg","cgxZdTXtIr6PuQrJAQL76E9yUJxjCNyNYltjlbxYXR9NdrFtGIqO6940FUg","cgxZdTXtIL2IuFybAAaquhmia6q7p3uuCxlOPwVH5AXoPULCeG2c5B0cjRI","cgxZdTXtXeWerlyNV1TOtNLfPBNvhkKRWFKTRxXrKq-evB6ShisxKbY","cgxZLmSLJL_Z6g3AAAPGr6rhETXydCqtPT1tSJSom85OKJdS-g","cgxZdTDLZ-KPqFKWW17lowwLyd2PcfBebAgWxBopFxw"]
当前爆竹641390🧨，下一关需要4962000🧨
当前第27/27关
游戏开启成功，等待20秒完成
游戏完成成功，获得2340🧨，通关情况：27/27
游戏开启成功，等待20秒完成
游戏完成成功，获得780🧨，通关情况：27/27
游戏开启成功，等待20秒完成
游戏完成成功，获得780🧨，通关情况：27/27
游戏开启成功，等待20秒完成
游戏完成成功，获得780🧨，通关情况：27/27
游戏开启成功，等待20秒完成
游戏完成成功，获得780🧨，通关情况：27/27
当前爆竹652786🧨，下一关需要4962000🧨
京东账号1迷糊虫啊
当前爆竹652786🧨


******开始【京东账号2】孤傲的小小瞒*********

开始
随机取20个码放到您固定的互助码后面(不影响已有固定互助)
第2个京东账号将要助力的好友["cgxZWifbeu_a6gmFRGbg6Lh1SmQdF0DUmQ","cgxZdTXtIu6J7ljIXVGv6VoOs61gdyYXgT0ctAtCCykLsWw5accav11_0dI","cgxZ-fMU8RF0M5dV3r4QOsLKNQRnjyuoh9haQkLPPMH6fJjgVIkoZy5ww_K-I2JJ","cgxZ-OAB8S5NPaJF0LUYNl1oYE9tdRYPs2e2kWz3RrqEMgqutLWhZlw","cgxZ--sm8hZivlsfuad_R7RiTSQvURom-3_NfECtirC1GOlJhkxG","cgxZdTXtZtytr32dfGPTmy72TEssT1zQuFecchUF0XNwRXzhB9BFONE","cgxZfDndYbrepkKqD1TMrHvNMsc","cgxZdTXtIuncuQ_MWwGg771yYCKgLP27gnfOcMk9OGSaMkUwed6IoUkUtnA","cgxZdTXtIbyP7ljOCAL76qQZHrpYHjq8AXN5LWbbh7o_YyscYU_fFdDRlNo","cgxZLmmDJbvY7wbBCwLGr1oqylmorrMCKEpfM2y6ND9nzLgDbQ","cgxZdTXtIrLb4wudAQX65snuuvkhjCkrOPLPm2UhxCVlokxb9aGltdgu--Q","cgxZdTXtIu6Muw3LCAL_76-quZ-mGrfR_IFmbAUukbpmzsloya2TANJcrdM","cgxZazDAfeuEhUmcUUnljBtOiVzXceHksPY16X4X","cgxZdTXtIL7f7QbICVb66gRpWP8lVZ1-W6R_phqkj-XvbcPXQX3hdnmspNU","cgxZZzjffeSQsleFRGagrrhbThuzGWnaOw","cgxZcjDdbOOLtVOQCgGvo6zBVKPcTmWLrzZxKt359v-GjQ","cgxZdTXtIrnZ6QiaAASovGJwouBbBBduJ3rR25wgCOmMLymivv_kfh1_KL0","cgxZdTXtI7yJ6lvJDAz86l9x9womt1tAIp7UsGtf0vMcw1_6UcLWsA-dXR8","cgxZdTXtIrvb7VrAClGgvBrACxG9epWRpUHrWZFJqX5YuF9F1SsKoIIqgHI","cgxZaDXdVcCTsHSpT2TDmiVV6ILAM8zKSxfw0bWHnQEZl1yq8WGp","cgxZdTXtILrd7l2fDVSo5gP0Zl3a_xL0N5yB3lMENjQQJ17e7Nd0fJyRK5c","cgxZczjHc_-DtlGXXwWh7PuFCowq9iLM4-m0FlZEXYwE2DQvledE","cgxZdTXtILOJ6gfKDQL_vHe_a7bqF4PLBkbH7J_nkhRQL9qqri_DH_czIZc","cgxZcijBYO-Ys1GDUmr0o22Sxny8yqgfEBvEY2cdHylqYg"]
当前爆竹429115🧨，下一关需要4962000🧨
当前第27/27关
游戏开启成功，等待20秒完成
游戏完成成功，获得2340🧨，通关情况：27/27
游戏开启成功，等待20秒完成
游戏完成成功，获得780🧨，通关情况：27/27
游戏开启成功，等待20秒完成
游戏完成成功，获得780🧨，通关情况：27/27
游戏开启成功，等待20秒完成
游戏完成成功，获得780🧨，通关情况：27/27
游戏开启成功，等待20秒完成
游戏完成成功，获得780🧨，通关情况：27/27
当前爆竹435511🧨，下一关需要4962000🧨
京东账号2孤傲的小小瞒
当前爆竹435511🧨


🔔京东炸年兽AR, 结束! 🕛 335.216 秒

