
🔔京东炸年兽AR, 开始!
您的cookie选择的是用&隔开


====================共有2个京东账号Cookie=========

==================脚本执行- 北京时间(UTC+8)：2/3/2021, 8:54:42 AM=====================

开始获取京东炸年兽AR配置文件

共2个京东账号

您提供了2个账号的京东炸年兽AR助力码


******开始【京东账号1】迷糊虫啊*********

开始
随机取20个码放到您固定的互助码后面(不影响已有固定互助)
第1个京东账号将要助力的好友["cgxZWifbeu-Wpm2AD0bol5Cu","cgxZ-tAo8DJqM5xu3ogeOY7OXkOQ2Lw_ympGPITqNcceAad8Y1ph2UOXS-LOq3PUCqmgYjpt-td3CYw18qw","cgxZdTXtIrzev12aC1eu5yr9cCz6N7HkgPrFkYPPzBDaaWjtjA3fokuFPMA","cgxZLWaFIb7S4gvPZ1jlo3Ru3_zhiy3nnTsS4mQaaZc","cgxZdTXtIL7e6ludXQ2v7zO7zuYHn7nRPB6oEBiGiLZWOe31J-fawqb_N8g","cgxZbyjKLbLa4wbLAUnljKXTWM3ROB4bty0fmLwm","cgxZfDndYbrepkKqD1TMrHvNMsc","cgxZdTXtILiJ7FyYAQSv7D4d4xQRweMFPHLpvefLfOzvbsnTM-sBD7kew_U","cgxZdTXtV_iLs1W2c2Xfj0Ma1n3g9RcWa6buJNoCZHGzb8xA9GPuRUA","cgxZbjjdeu2bs1GXX0Hso_St0hrbQN2dnogyLpPBlACzkQ","cgxZdTXtV8yitHOTaVjJiy5vxLr2uxSA1-sd31l0XsLaTTPEw6Y9mJ8","cgxZdTXtIrPe7VvKCwehvCLbspfXqt5nH1uJ_CJx2k4it6DtY9DCshRaGUE","cgxZdTXtI7_d6QidXgCovbUpEdNYge_XnMmsOgI4Fiwo15OTQFgaqKhzXt0","cgxZdTXtI76J41ucCQz86WPMyiVeqYovCOYEgVBaPr8R49WPpUef_YiW9eI","cgxZfT7VcfiepkKqD37QtJyHpvI","cgxZcyTdeOWcv1aSREnK64hWVQIEVcCYrA0H","cgxZdTXtILve61_IDAKoulPiVBUBw9yozCGMSX2kjULrbDvSfbBjnUDUb4w","cgxZdTXtQ-Wvvmq-WXD-vqnsOXG720qjQIv8oTDE-6cNihVInNrhanI","cgxZKmKAIrLb6Q7OZ1jlo-G5Q51ZPvauye2gl1DdFRk","cgxZdTXtfs-lkEusfXrxqiUJvgQZrNsCYaOikK_WT3njl6f19gLcN9k","cgxZaDXYbdmbkHmKbUz2iBNr4Uzbt3p4K9uXq8XcqhjhJcgVJckk","cgxZaDXIctydmGSrQGf9jmrOqArkUsBWC76m_s6Wk8cHNSV5v9vA","cgxZZyPIfOuEvUKFawzr51v0IuBQARg","cgxZ--s-8DJjPoRyCgat6mlrTPzHjcnGVplkl6i2jf-Ff3B57g"]
当前爆竹348800🧨，下一关需要4962000🧨
当前第27/27关
当前爆竹348800🧨，下一关需要4962000🧨
京东账号1迷糊虫啊
当前爆竹348800🧨


******开始【京东账号2】孤傲的小小瞒*********

开始
随机取20个码放到您固定的互助码后面(不影响已有固定互助)
第2个京东账号将要助力的好友["cgxZWifbeu_a6gmFRGbg6Lh1SmQdF0DUmQ","cgxZdTXtIu6J7ljIXVGv6VoOs61gdyYXgT0ctAtCCykLsWw5accav11_0dI","cgxZ-fMU8RF0M5dV3r4QOsLKNQRnjyuoh9haQkLPPMH6fJjgVIkoZy5ww_K-I2JJ","cgxZ-OAB8S5NPaJF0LUYNl1oYE9tdRYPs2e2kWz3RrqEMgqutLWhZlw","cgxZbCbdYfaWiWGbV0bbjg","cgxZ98AR_BhzPL9QREnKhRlbdNoPfqZCgs9z","cgxZdTXtc_uGjm-6elrwsmChZvBl6KWWLtXS_iHMKwe3mgcZBMWxfIQ","cgxZ-uE98SJpP5Np3I0ZOyp35HsxoqWvmG3Hjbjtihi6Hkksb4hlwEE","cgxZLmSKLbPc7AzUDg2t7kLDorI6Dtoa3sRd7w_S3PyDlYM674J7WVFTaPgGoQ","cgxZdTXtIb_S7gfICFCu5gk99-kHjEbJp06xORKuOK5ehlsCEqD828QVJXQ","cgxZdTXtIb_c6wrBCg2r5ldAfWpb2GQFHdU4KrHg14tYh-9QXGz7Kqa4uG0","cgxZciDLS_OQpkKqDALu6eygyn8","cgxZdTXtIOmJ61zJWVD97nEOvSGbWMoHJtU2CI4HsDwX5sQ9Gok4fBrR5gM","cgxZdTXtI7Pc6lyfAVH4vvEC-XInxMcrQSo4VbKs_d061xAQxM73hj6SKjI","cgxZdTXtIO6I4wvKDQKo53lmkbR6YxVsuUStFLFLc0UVlWFtW9kXWzwD6jE","cgxZZzjffeSQsleFRGagrrhbThuzGWnaOw","cgxZdTXtUeGjk1ybSm3bnc6a177XqYPP6llNMfscYhzBhH9jNxfi47U","cgxZdTXtIO-I7A7NWQD86BflhYSmuuIpfruuCZapKIekEvObao5vaezGWnY","IgNWdiLGaPaAvmHMD1es7lMjmCNI91E99PuF-Nhz-hmGCMHIJwISDtdY2m6U059F","cgxZdTXtI7zTuAzPWw2v7RuJEDqcMmFyDrCdPXqPo2W0qWo-Td74XnHcuoA","cgxZezOCIbjb6UKFawPo5pNk5mrTwWQ","cgxZaDX_VtK5n1iWVFrfukeV69QjhSZbsa2lxXWrjpmlGVTq0F0t","IgNWdiLGaPbY7wrOCQSq6TmVP1ls7aoSkvBBtY4eyOfYEBJja_b0j_aiqXNNAw","cgxZdTXtYcKciHKbe3fMu8OYRlyeMGIcunSdfzm5rX-rRP0tNUCu0Xk"]
当前爆竹397633🧨，下一关需要4962000🧨
当前第27/27关
当前爆竹397633🧨，下一关需要4962000🧨
京东账号2孤傲的小小瞒
当前爆竹397633🧨


🔔京东炸年兽AR, 结束! 🕛 1.994 秒

