
🔔京东炸年兽AR, 开始!
您的cookie选择的是用&隔开


====================共有2个京东账号Cookie=========

==================脚本执行- 北京时间(UTC+8)：2/8/2021, 12:50:03 AM=====================

开始获取京东炸年兽AR配置文件

共2个京东账号

您提供了2个账号的京东炸年兽AR助力码


******开始【京东账号1】迷糊虫啊*********

开始
随机取20个码放到您固定的互助码后面(不影响已有固定互助)
第1个京东账号将要助力的好友["cgxZWifbeu-Wpm2AD0bol5Cu","cgxZ-tAo8DJqM5xu3ogeOY7OXkOQ2Lw_ympGPITqNcceAad8Y1ph2UOXS-LOq3PUCqmgYjpt-td3CYw18qw","cgxZdTXtIrzev12aC1eu5yr9cCz6N7HkgPrFkYPPzBDaaWjtjA3fokuFPMA","cgxZLWaFIb7S4gvPZ1jlo3Ru3_zhiy3nnTsS4mQaaZc","cgxZaDXUceehlV2pS2Dzidp43JDUiA7D-rj-tD-jJMTgMYlot3W1","cgxZfDndYbrepkKqD1TMrHvNMsc","cgxZdTXtIr7a6l_KWVar6zS9WVik1Xz-WrfWa0QArS6L3nTA8INgvvrN7Y4","cgxZ-d0w8y17P4VvREnKvkX66Y0gT45QxN4h","cgxZdTXtIL2M4gjAClH67Gb9M7pfhfkhlAASujmHmSPf1BlHwRQrlsvEioM","cgxZdTXtI7PfuQ3OAVar6jPjvr5h-L1WeeI6QxRQuvrGrrlqieFFcn3Pg_4","cgxZdTXtIr3TuAyYAAevvdWxmtZh8mrjEjQ6qGcv3ntffN6uIS9M1o1daas","cgxZazjfefOGr0KFaxjojrGw6Z0JU-E","cgxZdTTTev6Fv0KFawDSuLPIaEe8qgM","cgxZdTXtI7iO7gnIXg2rvktkhXIlxHAsNGR3YCbkASyQI5bC6h86JPh-yTw","cgxZdTXtILKJuQfJXQShvZHLyKKPrwcESZQWtzGP4xOztYp5wqXLjyavdIU","cgxZdTXtI7vSvludCVer7uSF5a0Po1_i5MJtj_JNKHwGiNZLrYHJjilCcMM","cgxZZTLIY-CCpkKqAX6t6oLHsOQ","cgxZ-fAy8j5xpkKqWXLjm_HYdgo","cgxZdTXtIrrT6AqaAQar7p5oj7tVAJoQy_k3X_90v5CCYaazyDm23SynDm4","cgxZKmCGJr3T6gbJZ1jlo42ReKFqeRrTMn1elBj62lk","cgxZdTXtXuWBiXiuW3L8lruoLe_I_x2p61SUIlClCLjNUYL-0ha3J8A","cgxZdTXtWMSzone-VHLDl4uNXoxbVJCiRCzixa_3SfuEmwRbjwDfV3c","cgxZdTXtIuuOuQzPC1GquTJd7eA47oXWF3KuHOWzxVSlfROcBOPKJ5JJxoQ","cgxZLmKCI77Y6wvNDgfGr8t3ig82V_DszEYCI30yY61fn_boNw"]
当前爆竹157356🧨，下一关需要6082000🧨
当前第27/27关
游戏开启成功，等待20秒完成
游戏完成成功，获得2340🧨，通关情况：27/27
游戏开启成功，等待20秒完成
游戏完成成功，获得780🧨，通关情况：27/27
游戏开启成功，等待20秒完成
游戏完成成功，获得780🧨，通关情况：27/27
游戏开启成功，等待20秒完成
游戏完成成功，获得780🧨，通关情况：27/27
游戏开启成功，等待20秒完成
游戏完成成功，获得780🧨，通关情况：27/27
当前爆竹163752🧨，下一关需要6082000🧨
京东账号1迷糊虫啊
当前爆竹163752🧨


******开始【京东账号2】孤傲的小小瞒*********

开始
随机取20个码放到您固定的互助码后面(不影响已有固定互助)
第2个京东账号将要助力的好友["cgxZWifbeu_a6gmFRGbg6Lh1SmQdF0DUmQ","cgxZdTXtIu6J7ljIXVGv6VoOs61gdyYXgT0ctAtCCykLsWw5accav11_0dI","cgxZ-fMU8RF0M5dV3r4QOsLKNQRnjyuoh9haQkLPPMH6fJjgVIkoZy5ww_K-I2JJ","cgxZ-OAB8S5NPaJF0LUYNl1oYE9tdRYPs2e2kWz3RrqEMgqutLWhZlw","cgxZdTXtX-yMsUyyfUXDh93lHkjss5G9n3YjOCWuGy5JxVyWiGcmmdw","cgxZdTXtILrT6A2fDFCh6k339n5KhIruA8pkvffltiVgZAKT0P70b7z4l4w","oMZeXOUepItQUeJiMLYkrE2aMyHNa7J2rgGDTIMdhZLi9nrn","cgxZdTXtc_uGjm-6elrwsmChZvBl6KWWLtXS_iHMKwe3mgcZBMWxfIQ","cgxZdTXtUNKCkHy7YWfxvtvHCGRI9S-CIFJ-Vak0oogXCzZXu54F5zY","cgxZdTXtI76I7F2fWgX8671VnItD6v_RGY-pTFx18c0NYKzOkhoiCEdEKaY","cgxZ--k_8zFzPY1v3YUoNw0d50Njb4_dpFZAs1BRmVJ6la3tHFEHBec","cgxZdTXtIuuOuQzPC1GquTJd7eA47oXWF3KuHOWzxVSlfROcBOPKJ5JJxoQ","cgxZdTXtIbvcvAacWgX9vUFGtndAfsjqWNW0odah0EmFa3jHSthltR0lR2Q","cgxZLmSCJrrZ7AfKCQXGr50jEDde-0JfIS-jOrJqUqZLnX_wTg","cgxZdTXtfNueinKDXFvfjnvmyWk9d1kWYsC-6mLgxv02MO3I_oU-VBU","cgxZ-PQv8TFQPKZ3CAap6SORVHqzDJSyFIkxkFLhGzPYYvWl9w","cgxZdTXtI7KL6AnMXQWg56X96aadh7bR473m7mHG3-NoINVBzmCzmkTY-pM","cgxZ-uE98SV4P61mREnKvkMudNUlPttiQmVT","cgxZdTXtIeyJvwabDwP_u2naoCYYMQMe25bfTwaCb-9Hdvi30WB57Y3wQic","cgxZdTXtTcOTrVyIcE_qji0QZ9dzt9yfz1Eqke5GUv2Gee6TR6BjzN0","cgxZczeGJLre6wrMREnK69eK3_9ZlnXJ-7M0","cgxZdTXtIu_SvwrPDVCqubjolXAtW4DfHzyXe-vwBSj1VMIEcrN9kYDbZ3E","cgxZdTXtV-Wtn1uIfG3whsSMxkEW11g89VsgtlXr-dghyD7niaqB038","cgxZdTXtIuvb7w-dWwL76eaxdu-QywO3oKmG1xX9huGS2Zp9BBDtrIaCsJQ"]
当前爆竹454699🧨，下一关需要4962000🧨
当前第27/27关
游戏开启成功，等待20秒完成
游戏完成成功，获得2340🧨，通关情况：27/27
游戏开启成功，等待20秒完成
游戏完成成功，获得780🧨，通关情况：27/27
游戏开启成功，等待20秒完成
游戏完成成功，获得780🧨，通关情况：27/27
游戏开启成功，等待20秒完成
游戏完成成功，获得780🧨，通关情况：27/27
游戏开启成功，等待20秒完成
游戏完成成功，获得780🧨，通关情况：27/27
当前爆竹461095🧨，下一关需要4962000🧨
京东账号2孤傲的小小瞒
当前爆竹461095🧨


🔔京东炸年兽AR, 结束! 🕛 335.579 秒

