
🔔京东炸年兽AR, 开始!
您的cookie选择的是用&隔开


====================共有2个京东账号Cookie=========

==================脚本执行- 北京时间(UTC+8)：2/6/2021, 1:51:57 AM=====================

开始获取京东炸年兽AR配置文件

共2个京东账号

您提供了2个账号的京东炸年兽AR助力码


******开始【京东账号1】迷糊虫啊*********

开始
随机取20个码放到您固定的互助码后面(不影响已有固定互助)
第1个京东账号将要助力的好友["cgxZWifbeu-Wpm2AD0bol5Cu","cgxZ-tAo8DJqM5xu3ogeOY7OXkOQ2Lw_ympGPITqNcceAad8Y1ph2UOXS-LOq3PUCqmgYjpt-td3CYw18qw","cgxZdTXtIrzev12aC1eu5yr9cCz6N7HkgPrFkYPPzBDaaWjtjA3fokuFPMA","cgxZLWaFIb7S4gvPZ1jlo3Ru3_zhiy3nnTsS4mQaaZc","cgxZdTXtIOyP7lvOAFCp5gPHzdKNDqnm1mVFlo6v8Jv9mNvzoyEL77TFOg8","cgxZdTXtIO_Z7Q2aDVaq7PXZY7f0mWa9dEZHfcZrx70KrxICPkRoWzioVQQ","cgxZdTXtIL3b4g7PXAP87vVF8VJml-3pK-EthNUhXi_cmu8ElFl4CFk1MuE","cgxZdTXtIO_T7lzKCgeu6PcxaV1QhU1Qd0t1L4yUGNwVy0xam8_gq3rEwjQ","cgxZLmmBIrPT6g3LDQLGr0OgtgI5RkuaZWodOHxQHIprMhAcOA","cgxZLmSKLbPc7AzUDg2t7kLDorI6Dtoa3sRd7w_S3PyDlYM674J7WVFTaPgGoQ","cgxZdTXtIezYv1jMCwSr6ts4MlfQs9JLVrGbb3Hf_aX72I6mqvyjkh6m53g","cgxZXiPGfP-YhXWMV0nljJ8rLdoxIe_6b-bbKT3I","cgxZ-t4e_Sl0PblsREnKvv1teQ-WsyGSKy9A","cgxZdTXte_2FsEy3bXD7sn3VlX7UXPk9VvbBADNeQv8m0Un6PrSUQZQ","cgxZ9sYY_R1APLVi3I8jOOz0djNwFo3KxZWaIt5O34rGbXdpibaz9Tk","cgxZdTXtIr7Svg7AAFb65nG4xw7fLHJSIuLe3JpvGdrVr3M4Uqo2sAF7YaM","cgxZUD_XWeuNs12FRGbuvtp0Y145DVuVDQ","cgxZfj3bd--Ms0icREnK6K_ABr-BvBivS6Ko","cgxZdTXtIL3TvgbKXQWh6NQyo2MUx7NlSjhJINlB78ZIKlaZjWh1mRbXYZA","cgxZaDXnZ_mBiGyDblPBsrlEhRp8_jZj9t_v1T__Q2FmiAeaj1VD","cgxZdTXtI7iPuQzOAFH9uQVXcCcP8y6EWtifKfuKCJcBlhui_-HHl4njowU&cgxZdTXtIbndvliaXQH97yX5YBP7oUchIKHpUGXbQex0MpP69N1xTsCd2Vg","cgxZdTDfcfmSqUqcSknljPDkthjTBBMdO5uiAaoL","cgxZdTXtILrb61rJCAGu77DjpvB4whkLjKhR2J9ySgzaHySsZ3P6kO8fPhk","-cgxZdTXtIbnevgbIDQH45u25H0Fd7b6tpDaMJis9njc2e-i_TwcRlosfnx8"]
当前爆竹150960🧨，下一关需要6082000🧨
当前第27/27关
当前爆竹150960🧨，下一关需要6082000🧨
京东账号1迷糊虫啊
当前爆竹150960🧨


******开始【京东账号2】孤傲的小小瞒*********

开始
随机取20个码放到您固定的互助码后面(不影响已有固定互助)
第2个京东账号将要助力的好友["cgxZWifbeu_a6gmFRGbg6Lh1SmQdF0DUmQ","cgxZdTXtIu6J7ljIXVGv6VoOs61gdyYXgT0ctAtCCykLsWw5accav11_0dI","cgxZ-fMU8RF0M5dV3r4QOsLKNQRnjyuoh9haQkLPPMH6fJjgVIkoZy5ww_K-I2JJ","cgxZ-OAB8S5NPaJF0LUYNl1oYE9tdRYPs2e2kWz3RrqEMgqutLWhZlw","cgxZ9sMt_AJ4P4NfREnKhe8SC1VGjcqmn_SC","cgxZdTXtZMySt2eJdkfojRZjK-IUEBFNw_AdGyGzF5ZO7LgZhIkDXBo","cgxZaDX-UPCFm2iOUkDuuKi93xQjQiapIz5JxN0KN7taWpo_ZW9H","cgxZdTXtI-vc4gzMWVSgvHCH5cgx0QAZvSlOaNBYTzYKA4n1ZWhIxbUJTm0","cgxZdTXtIrjauQ7JAQys5wdqCv5gdkFvHF8h-15uy2npaowZ83RMs1Bb8bs","cgxZdTXtIezTuA7KCVah50jjro4Wg8H2RNdTmOa5JvsBbfbFHo7VDX7o8GI","cgxZLmmAJ77b6QvIAADGr8Dq0lpGZc7NMzvqtezCmNDWwivQAw","cgxZaDX8fdK7v1OUQX_jvYUyWVoBMed6jdYghCSM2Lw5ViHO4z5QjO4","cgxZdTXtIuuJ6gzJWVD_vB_OCAY2ddf7C0f-mneQ8T0FP-uqD3lVAv8f0mA","cgxZdTXte82OnGu7QnfVnX-WVN8HG4HdYgFdjiOdNzeGzWSV08NYZ4Q","cgxZ-t0k8SxsP6530JouOoEi2Zbj9WdQ_7CUHH8QGDUPG4sQemWG8z2B6vFmX92micjh0sogOBRzUYVlzlQ","8ed8128b3dbe4280ba7b1f8d978d8bf4","cgxZbmKGIbzc7w7ACknljEL1YAGOfK1P1qZOmZ83","cgxZLmmKJbrc4wvACgXGr4EncXf9x_-DTCW0bwba23PaiQiL_w","cgxZdTXtI-6J4wjAWweh7hHFO8pB3q9wZLVjmFId1jGU-gCRD68wVDJ4kVY","cgxZLmmAJLvc6AfMDgDGr4WJmLQyo3sPre6y92EMN28scfaO0w","cgxZdTXtI7Pc6V3JCQL96-JAIKmIMTzhTzvK1HdUmx66ixFHeEV2jZfJ7J4","cgxZdTXtIrvav13KDQao5gWPMSmPm4YXaPRwos2Or0tTu1RI4p6CQ-KkTLs","cgxZdTXtf8egsWS8dnn_u6-f-IE1IUhivvEfO8k2XO3R4JrTQTCVC1g","IgNWdiLGaPaDsFeYZwXlo8zQ1_TOxYy2"]
当前爆竹448303🧨，下一关需要4962000🧨
当前第27/27关
当前爆竹448303🧨，下一关需要4962000🧨
京东账号2孤傲的小小瞒
当前爆竹448303🧨


🔔京东炸年兽AR, 结束! 🕛 2.078 秒

