
🔔京东炸年兽AR, 开始!
您的cookie选择的是用&隔开


====================共有2个京东账号Cookie=========

==================脚本执行- 北京时间(UTC+8)：2/7/2021, 8:53:00 AM=====================

开始获取京东炸年兽AR配置文件

共2个京东账号

您提供了2个账号的京东炸年兽AR助力码


******开始【京东账号1】迷糊虫啊*********

开始
随机取20个码放到您固定的互助码后面(不影响已有固定互助)
第1个京东账号将要助力的好友["cgxZWifbeu-Wpm2AD0bol5Cu","cgxZ-tAo8DJqM5xu3ogeOY7OXkOQ2Lw_ympGPITqNcceAad8Y1ph2UOXS-LOq3PUCqmgYjpt-td3CYw18qw","cgxZdTXtIrzev12aC1eu5yr9cCz6N7HkgPrFkYPPzBDaaWjtjA3fokuFPMA","cgxZLWaFIb7S4gvPZ1jlo3Ru3_zhiy3nnTsS4mQaaZc","cgxZdTXtI7Lau13KCVP87FLDaKvhjB81frW4HeWzJP3mtrQsSSqvqokFCyI","cgxZdTXtI-nT7wmaWQH8vVskpgUs50QHly3msfErhO_bkQ38PwVKZ_eF8Mo","cgxZdTXtbO-GgnmbXUbaptE0sKg6RXwNHW1CvCSQTnRLSb7Faw3GJaY","cgxZLmmFIbLZ7A_NDQDGrzYQ9SnHN9qF4W82IlNjmA7RJdeL9g","cgxZJyXXeu6PqEKFa0HrtAUZIbHtgZ4","cgxZdTXtIb3c7wbOWVf9um5iedanpFF3LS2scdzCsH1lHS-UNVQSs06vVgY","cgxZZyvWbLvZ6QnLCgau5jc8jLx1SiICpyNGa6Zhoyi_DoUyE0BZA8g","cgxZdTXtceWgrXaTYn7bjMVinCJ-9E2haTnH5_RXr-wUPTiD4DiLAMQ","cgxZdTXtIbzb71rPDw3661rYyfsU-a3OdiYoWfeYVq2VtcDvBsRYBcxYXUM","cgxZdTXtI72MvwnPDwX_6Sh3fazFo5ibiXkZa4H4pm64YFWZnYmshIauwH4","cgxZdTXtbtK7smqcan_PszIaSRDUW9uxoIP4sWg7cZ8XLNQLb0pz2I8","cgxZcjDacbvT4w3ICWr0o6ZBDp244YtCnQu5uJIrWWlPxQ","cgxZdTXtIrvZ6F_NDwer6kwBLzw85WK6N96fzqaWInzGhDRmcVtQLhEL6oY","cgxZdTXtV-aZjVW3cUXyu2DZ-C59LyS_82a2Nu9qSMj9w5xNR7Neg14","cgxZdTXte-2Yk3ONSXjAiJI-obHcjBGP0h4XOmTvGCb-3suDS38ZJwo","cgxZdTXtTuGDnlG9UH38svTuGEZ2em1A_s0-wwLvMwZHAGJDyrFfFPs","cgxZcybGdfCGoFKFRGatrSQvvuDlSyD58w","cgxZdTXtIe6PuQibDFeo57EPeXmnbTM06_GW1ESNDSNIXJdpgWOWFwB8x3k","cgxZdTXtIb3Z6wrKDAes6GCldl_n_-ErRxrwacNJt1nc_hX0orefiBvf3ZU","cgxZdyTWfe-PqFSQZ1jlo_sX4XOhbN5fNO2SdSXq-UA"]
当前爆竹157356🧨，下一关需要6082000🧨
当前第27/27关
当前爆竹157356🧨，下一关需要6082000🧨
京东账号1迷糊虫啊
当前爆竹157356🧨


******开始【京东账号2】孤傲的小小瞒*********

开始
随机取20个码放到您固定的互助码后面(不影响已有固定互助)
第2个京东账号将要助力的好友["cgxZWifbeu_a6gmFRGbg6Lh1SmQdF0DUmQ","cgxZdTXtIu6J7ljIXVGv6VoOs61gdyYXgT0ctAtCCykLsWw5accav11_0dI","cgxZ-fMU8RF0M5dV3r4QOsLKNQRnjyuoh9haQkLPPMH6fJjgVIkoZy5ww_K-I2JJ","cgxZ-OAB8S5NPaJF0LUYNl1oYE9tdRYPs2e2kWz3RrqEMgqutLWhZlw","cgxZdTXtI7vY7AqdDQX_50tHWSB1v5h4s_b7gS2yPYXoaLL32SrY5D_0yKk","cgxZdTXtRsC_gHaIS1rVsyowysY6DFpM581QgEE3ksps-KbERhV7FrU","cgxZeCTYffOZpkKqDlf-r-SwH5Y","cgxZaDX8VsuJg2S4ekftijKpLQQJtZibTKltiTpkOy-49pnnAo5igW4","cgxZLmKEJL7S7w3LCgfGr75CwrqIPDjS2zkvPZu6fGpG9402tw","cgxZdTXtIr2Jvl3JDQOp66s9VG1O340F2NxbFhxc8MAJyKOIWH8fl1vRlB4","cgxZdTXtIr3dvgmaXAT_upT466QEc3sBwoRogi_mOPlSzbdU2m46LGfetKE","cgxZaDXBWcKSvm-WaF_XhZAABEXqewCA9YB8ygv2l4pHEsRIEdlX","cgxZeyjBbOCTo0KFawPrjjqR4p4SLeU","cgxZ-f85_RFAPZly3Ygoo3JLgluMxO9-OqVopF-e7SWJ1A","cgxZ-cwa8S5DPJ96AALlo6AHLF2wQbrIUtVgIiJP9ks","cgxZLmKEJ7ra7wbPCwDGrz9kL4cpTX1EZvm8I1kfP0hbMRBGWw","cgxZSADERd2Wpm3LYkKolslD","cgxZZySBLLre4gfOREnK5uNbm46zXWMFNhgx\n/jdnian","&cgxZdTXtI7vTuA_JWgOr7R2QpTWpdy1tAC0doJvS26UkH7W4vQOoERRrSpQ","cgxZbCTcduOE7QzBAEnljDA5qXGB3ZoOXENJ3NGJ","cgxZaDjccOeLqU2cVmr0o4WA09uOGHOhnqJs3p5YHrQkPQ","oMZeXuUap9pQUuM0NbEm_eyMBns5HnD6NNuML1LXVDLS2pQf","cgxZdTXtX8O-vHacXEb2iyCZlkisv4pIr4G4STFUHC6Xmq4JevYaMog","cgxZZTfecrOWpm3Ac0bvmXuH"]
当前爆竹454699🧨，下一关需要4962000🧨
当前第27/27关
当前爆竹454699🧨，下一关需要4962000🧨
京东账号2孤傲的小小瞒
当前爆竹454699🧨


🔔京东炸年兽AR, 结束! 🕛 2.137 秒

