
🔔京东炸年兽AR, 开始!
您的cookie选择的是用&隔开


====================共有2个京东账号Cookie=========

==================脚本执行- 北京时间(UTC+8)：2/9/2021, 12:51:39 AM=====================

开始获取京东炸年兽AR配置文件

共2个京东账号

您提供了2个账号的京东炸年兽AR助力码


******开始【京东账号1】迷糊虫啊*********

开始
随机取20个码放到您固定的互助码后面(不影响已有固定互助)
第1个京东账号将要助力的好友["cgxZWifbeu-Wpm2AD0bol5Cu","cgxZ-tAo8DJqM5xu3ogeOY7OXkOQ2Lw_ympGPITqNcceAad8Y1ph2UOXS-LOq3PUCqmgYjpt-td3CYw18qw","cgxZdTXtIrzev12aC1eu5yr9cCz6N7HkgPrFkYPPzBDaaWjtjA3fokuFPMA","cgxZLWaFIb7S4gvPZ1jlo3Ru3_zhiy3nnTsS4mQaaZc","cgxZdTXtbMeCmUmrbGDKpp3VO9194deojgGoivJug6TiiA_4OXlxdIQ","cgxZdTXtVf2JmUaNXkL4jXqmBUYSF1n7k7KNje6C08EZPcywsYXazHs","cgxZLmSDLb_T6gvJCwPGrx2r2BPXfrrlvKo8-_tg_HNb1Uhg3Q","cgxZJmOFJbLZ7RPMDAao6wFRMdIb7CKQz-KUNxbStPtrRg0xwYK6","cgxZdTXtIb_duA-bDFP46PCjH1ZknAqN_zfjIkHxj3ykVh8TCyfblxAEd9o","cgxZeCTdc_-F4gfJCknljPzOny7sFH2WR4PIxp7Y","cgxZdTXtc92Jm124dVr1m6psyRvpyrXwfdlShpupk3XbRSIqPj9WeBg","cgxZdTXtI7vd4wnOXgCv7HqqzNTu3ak-G2zkNq1Iuchjsk71W98ZPn6WtLc","cgxZaTjRf_O1rVGXXw2vo7V5K2oZ0ycYwOf2cvWkGK2P1w","cgxZdTXtIOuP6lyYWwOq7GZB6fVc0WO0_GWy0fl_IS15xgMVgtUjGtAAO7Q","cgxZ-eQz8hJ1PaR936klOWQ7LQ3SzMb0AvUCZcobV9XFwJyiAXqv9yU4VLM","cgxZdTXtILLauQjOXQD95xwMtHDQ27-aJKmiPsjQ1qpQvmouDeijlsCXIc8","cgxZdTXtILLZ7QucAAeo5tVPqyzu379BwblwPTmcPXD_KCe0jglD5sBgSXE","cgxZaDXqfMuJrlGaQkfDlMX10zzWYanlGQc0_5_3RYt9c-I4WNjo","cgxZdTXtbOKutXiMX1z0uejLjxKpIvhufIYW0XHFmQxSgbopj8lzMHs","cgxZfjLdee-Oo0KFawKv6_qd4i4GY-0","cgxZdTXtIrja4lvJDFar5h1vpgrisb1x_8ls0cULxXI0Udxlfy5xcKIGuKg","cgxZdTXtILvf4gmdWlD67L6vHYMgOmwKzf2eSHtjFavnS8o-6ef83g-KsEw","cgxZ-N0Z8wZB7gfJDwXlo7hwXqrH5oSyYElruStj92A","cgxZdTXtZNyHjHqgXEDDp68NSu5Z9WVDd68Fl4vHDuAOn_6E2jPziK0"]
当前爆竹163752🧨，下一关需要6082000🧨
当前第27/27关
游戏开启成功，等待20秒完成
游戏完成成功，获得2340🧨，通关情况：27/27
游戏开启成功，等待20秒完成
游戏完成成功，获得780🧨，通关情况：27/27
游戏开启成功，等待20秒完成
游戏完成成功，获得780🧨，通关情况：27/27
游戏开启成功，等待20秒完成
游戏完成成功，获得780🧨，通关情况：27/27
游戏开启成功，等待20秒完成
游戏完成成功，获得780🧨，通关情况：27/27
当前爆竹170148🧨，下一关需要6082000🧨
京东账号1迷糊虫啊
当前爆竹170148🧨


******开始【京东账号2】孤傲的小小瞒*********

开始
随机取20个码放到您固定的互助码后面(不影响已有固定互助)
第2个京东账号将要助力的好友["cgxZWifbeu_a6gmFRGbg6Lh1SmQdF0DUmQ","cgxZdTXtIu6J7ljIXVGv6VoOs61gdyYXgT0ctAtCCykLsWw5accav11_0dI","cgxZ-fMU8RF0M5dV3r4QOsLKNQRnjyuoh9haQkLPPMH6fJjgVIkoZy5ww_K-I2JJ","cgxZ-OAB8S5NPaJF0LUYNl1oYE9tdRYPs2e2kWz3RrqEMgqutLWhZlw","cgxZ-ugB_RdzPaR93qIvOqM8X3NP0BTUgpZ1PuWvWqt7dXGh2xqUawU","cgxZdTXtUfO8o2ahbF_2pt3XujC1YyqWsztBkOCzQI2iF2UoLVTaS_k","cgxZdTXtWv-_vGeBUm3xhqxL7_IiXzCN4FnDyAgg-S-G3HFYGR5mgrk","cgxZdTXtIbyI7gmaWwCq7H1boRnDuKg7NuupSn1JAHuHGQBDn5awRVTRezA","cgxZdTXtUcOGv0ySXV70s-STAvvWE0jZpm7wSekWsLTsH6jF2Ycp6D0","cgxZ9swr_RdzPaR93owPO1d99QE5uEpn9jHQfXw4a2W0mh8mceOdYmSzunGfNA","cgxZdTXtUfKEmHOXbnnXjGJP96uowQZdE6iWpUmoegs9jCEsyrOp6gQ","cgxZbCTAdeOEow7LCAHlo7fAzxiybsM0OL-3incs2is","cgxZaT7cbOOEvV2FRGa0lMIMjPgy6zDHTg","cgxZLmKKIbrS6AjOCAXGr1dJbNqX9o_O15wWcxjxo1fkOkMrYQ","cgxZ-uE98TplPYxrCQ3lo7toeKEGRknWMEI_1RVLNi8","cgxZdTXtIuje4wbJCFGs58y0uxgI_xGE_LACfwXKIebnPeV0uORnKMYGRmE","cgxZdTXtIb6Mu1jKCgyv73mNYgPSXyFus0_P7g-mmVAThYzzaDY7LZ27Vho","cgxZdTXtIuiIuAvOWgGq680i23-5KPn26f4A3StynFtrEgHwr2sab7mhoM4","cgxZLmmAI73e6AzLAQTGrxRPCCs9A-UwF0ZsmczE9E7iE5BXbg","cgxZdTXtIL2LuwqbWwOq5xIzEKh1Xf1n0FAOGm5ucn6S7zyOOnUsIzitnAI","cgxZdTXtZMySt2eJdkfojRZjK-IUEBFNw_AdGyGzF5ZO7LgZhIkDXBo","cgxZLmSKLbjd6w_IZ1jlo46F2Pwbp6bSI6cT_FiuYlA","cgxZdTXtIrvZvg_MDgT96LL7krGRGB6Upu91hY8ptHghdRd-ZorWYNdOIXA","cgxZdTXtI-7e7gfNDQ2t7Xk-H4SkURQVOewYZNrS7045eMmHy-GbXJufJQk"]
当前爆竹461095🧨，下一关需要4962000🧨
当前第27/27关
游戏开启成功，等待20秒完成
游戏完成成功，获得2340🧨，通关情况：27/27
游戏开启成功，等待20秒完成
游戏完成成功，获得780🧨，通关情况：27/27
游戏开启成功，等待20秒完成
游戏完成成功，获得780🧨，通关情况：27/27
游戏开启成功，等待20秒完成
游戏完成成功，获得780🧨，通关情况：27/27
游戏开启成功，等待20秒完成
游戏完成成功，获得780🧨，通关情况：27/27
当前爆竹467491🧨，下一关需要4962000🧨
京东账号2孤傲的小小瞒
当前爆竹467491🧨


🔔京东炸年兽AR, 结束! 🕛 335.197 秒

