
🔔京东炸年兽AR, 开始!
您的cookie选择的是用&隔开


====================共有2个京东账号Cookie=========

==================脚本执行- 北京时间(UTC+8)：2/3/2021, 12:50:42 AM=====================

开始获取京东炸年兽AR配置文件

共2个京东账号

您提供了2个账号的京东炸年兽AR助力码


******开始【京东账号1】迷糊虫啊*********

开始
第1个京东账号将要助力的好友["cgxZWifbeu-Wpm2AD0bol5Cu","cgxZ-tAo8DJqM5xu3ogeOY7OXkOQ2Lw_ympGPITqNcceAad8Y1ph2UOXS-LOq3PUCqmgYjpt-td3CYw18qw","cgxZdTXtIrzev12aC1eu5yr9cCz6N7HkgPrFkYPPzBDaaWjtjA3fokuFPMA","cgxZLWaFIb7S4gvPZ1jlo3Ru3_zhiy3nnTsS4mQaaZc"]
当前爆竹597214🧨，下一关需要4482000🧨
当前第27/27关
游戏开启成功，等待20秒完成
随机取20个码放到您固定的互助码后面(不影响已有固定互助)
游戏完成成功，获得2340🧨，通关情况：27/27
游戏开启成功，等待20秒完成
游戏完成成功，获得780🧨，通关情况：27/27
游戏开启成功，等待20秒完成
游戏完成成功，获得780🧨，通关情况：27/27
游戏开启成功，等待20秒完成
游戏完成成功，获得780🧨，通关情况：27/27
游戏开启成功，等待20秒完成
游戏完成成功，获得780🧨，通关情况：27/27
当前爆竹604110🧨，下一关需要4482000🧨
京东账号1迷糊虫啊
当前爆竹604110🧨


******开始【京东账号2】孤傲的小小瞒*********

开始
随机取20个码放到您固定的互助码后面(不影响已有固定互助)
第2个京东账号将要助力的好友["cgxZWifbeu_a6gmFRGbg6Lh1SmQdF0DUmQ","cgxZdTXtIu6J7ljIXVGv6VoOs61gdyYXgT0ctAtCCykLsWw5accav11_0dI","cgxZ-fMU8RF0M5dV3r4QOsLKNQRnjyuoh9haQkLPPMH6fJjgVIkoZy5ww_K-I2JJ","cgxZ-OAB8S5NPaJF0LUYNl1oYE9tdRYPs2e2kWz3RrqEMgqutLWhZlw","cgxZdTXtI7_fvgucAAap7U-MIwwyjcV85-tCWRsAeceXSXyfIc4CTA2eIiM","cgxZdTXtILne4lrBDFCoujSblASJbJ3rKQeMoogcJl01QqyhvTTp_lfgNaQ","cgxZdTXtI-6JuQfKClH778x1SMFnAxLywHvlvw6ew6ywWU-eWK5-S2UdzVE","cgxZdTXtIrnSuQ_LClP46SvOz-q2BwRBG4E6y1hKcNILidaFgg7cNIAVcKg","cgxZ--kf8RFXM7tr3ZAQowcQL1iW22zgFZpJf7fD7fnWQQ","cgxZdTXtc9-8uXu_TF3_iVjLt6HSIHUT-KNYQ_2LrJgvyUhHoqNHrKQ","cgxZdTXtIe7d4lrOC1f9697lEK037VgBci2IO1k5AKzhKu-zfK0TIuqb6eg","cgxZdTXtILzT71zAWwT8uRdEbsWx0CRzI8OzUf6zBIDtUD040gRC7KitNGg","cgxZaDDcc-eD7wzJCEnljHvy3stMgZUFdboUTKY9","cgxZdTXtI7jf7w2dDwOh6wyNhEJOtL1mdrq8Y0jy76mk4ftPeHox_9fuGuk","cgxZ--0o8y1RP7RR368dNisWa-ktWAynHxQHO1HLXuGW8zdg-CuPlrTHbNEGFOA2","cgxZdTXtIe7c7Q2dWQKq7XiquIP2IJPdVZs-cdloW51USqJv60rcgUz2H4Y","cgxZdz_ebe2fvkuFRGasroaor6f2D2s-jA","cgxZdTXtTN-hn2-dVlHxuUxwjEifadsc7wEa-WaN42mwhTdPtcmcYZs","cgxZdTXtIr6L6Q6fDwOv7n1edufG7j3V7IUEZGCJS9dzibhtkkG0d4m8aBA","cgxZLmmAJLvc6AfMDgDGr4WJmLQyo3sPre6y92EMN28scfaO0w","cgxZLmKGI77Y7Q_BCwLGrxZOLKvVh8FVP6lHOnYcdTO7wwWuUA","cgxZczXLLLva6UKFawHotD3OBB-IN_U","cgxZdTXtI-iL7wrJDQavvIDTA3ZapOO03liR_WiUfAqvWigEvREWNbXqyaM","cgxZdTXtI7rb6QjIC1Ot50VWaQCIDU1aN7vkA7v-1Ql4s02Z1POIAxN3dng"]
当前爆竹243147🧨，下一关需要4962000🧨
当前第27/27关
游戏开启成功，等待20秒完成
游戏完成成功，获得2340🧨，通关情况：27/27
游戏开启成功，等待20秒完成
游戏完成成功，获得780🧨，通关情况：27/27
游戏开启成功，等待20秒完成
游戏完成成功，获得780🧨，通关情况：27/27
游戏开启成功，等待20秒完成
游戏完成成功，获得780🧨，通关情况：27/27
游戏开启成功，等待20秒完成
游戏完成成功，获得780🧨，通关情况：27/27
当前爆竹281543🧨，下一关需要4962000🧨
京东账号2孤傲的小小瞒
当前爆竹281543🧨


🔔京东炸年兽AR, 结束! 🕛 336.826 秒

