
🔔京东炸年兽AR, 开始!
您的cookie选择的是用&隔开


====================共有2个京东账号Cookie=========

==================脚本执行- 北京时间(UTC+8)：2/7/2021, 12:53:31 AM=====================

开始获取京东炸年兽AR配置文件

共2个京东账号

您提供了2个账号的京东炸年兽AR助力码


******开始【京东账号1】迷糊虫啊*********

开始
随机取20个码放到您固定的互助码后面(不影响已有固定互助)
第1个京东账号将要助力的好友["cgxZWifbeu-Wpm2AD0bol5Cu","cgxZ-tAo8DJqM5xu3ogeOY7OXkOQ2Lw_ympGPITqNcceAad8Y1ph2UOXS-LOq3PUCqmgYjpt-td3CYw18qw","cgxZdTXtIrzev12aC1eu5yr9cCz6N7HkgPrFkYPPzBDaaWjtjA3fokuFPMA","cgxZLWaFIb7S4gvPZ1jlo3Ru3_zhiy3nnTsS4mQaaZc","cgxZdz7cc-yL4g7KCgKr7oHmreHFCerrTteonNSzqhGTrDZJUw","cgxZdTXtIO_TuAzBAAD66VAVvoYGreuAY8USUFc9mjFCYqyzom2ph0SaFmQ","cgxZdTXtIrqP6gqcXlP4ukL-JLklIGmWMcZ4FSy1fa-8qa3i6wU54LBwGU8","cgxZLmGDI7rY4grLFQSh6szT8cTNJFPcLzUFarQzzyy28OTJvXg6FzG45eB0uZen","cgxZdTXtfPuYoGS3TXnBpcr-fBRoMP_VtaMdD0q_qp0yN5A0L5JeSrM","cgxZdTXtIbjT7gibDQf8568MVhAD8zpeCnJVOM4H5cFILjJ49M_sJp4BQUU","cgxZdTXtIu-O6A_NWw3_71gW6C8A22_Rki4wZgL7Bx6H0MapMA2lWyJAiIQ","cgxZdTXtcMOArFGKTl_TkuTLbvEmaY-k-mHXkl1SidhIveuguyI9B_s","cgxZdTXtcdC6nl2eanLYsliSAYWmOM_EFPoxDpw2Y","cgxZdTXtIb3avwjBAQH46pYRgLhqfzAduwSNNI6vUlAmhqOkmVq1XRDQOjQ","cgxZTTDdbuWapkKqC37urEb2VWY","cgxZdTXtZ9KHmWy4dH_wtxtjMQGkYe-922xlPVQhA98gy2I72Jz6XPg","cgxZ9skN8hxFM59GDAKs7qyoW20Ng6MEX5cx_JOYoRxPxa2X3Q","cgxZ-vYJ8zZyPoZz3I0TOILMlevpP3lbmiUx3KjlrbU61mkr8zIcBD0","cgxZdTXtI7Pc6V3JCQL96-JAIKmIMTzhTzvK1HdUmx66ixFHeEV2jZfJ7J4","cgxZdTXtI-zZu1_MD1T95jwIVqemcFfPry9Pey9W7VX7RXMBOVb9BmijZ18","cgxZdTXtIbmL6Q3NXQWs7CJeAqd9n2g-CzIqAlQSXtuvRweCo2Q7ZpcsacM","cgxZLmKEJ7ve6AfOCA3Gr6Zu-71VAHvqZslyawzFf_HHHpE-EQ","cgxZdTXtIriJvwaYAAb67XbmRkf5L-L3_YRSw5OzHtc-nguKW1OpW1adxpw","cgxZLmGDIrLT7BPMDwWr7Uf7bXunQAnCNHfPlsxfKQQxngs4cHP1rWqlnZY\n/jdnh 8a0ecc4f6b9644b6920855d7837642af\n/jdcash IRs1beyzZ_Q\n/jdcrazyjoy GblLHSIgvXQT-TKTjrU7Mqt9zd5YaBeE"]
当前爆竹150960🧨，下一关需要6082000🧨
当前第27/27关
游戏开启成功，等待20秒完成
游戏完成成功，获得2340🧨，通关情况：27/27
游戏开启成功，等待20秒完成
游戏完成成功，获得780🧨，通关情况：27/27
游戏开启成功，等待20秒完成
游戏完成成功，获得780🧨，通关情况：27/27
游戏开启成功，等待20秒完成
游戏完成成功，获得780🧨，通关情况：27/27
游戏开启成功，等待20秒完成
游戏完成成功，获得780🧨，通关情况：27/27
当前爆竹157356🧨，下一关需要6082000🧨
京东账号1迷糊虫啊
当前爆竹157356🧨


******开始【京东账号2】孤傲的小小瞒*********

开始
随机取20个码放到您固定的互助码后面(不影响已有固定互助)
第2个京东账号将要助力的好友["cgxZWifbeu_a6gmFRGbg6Lh1SmQdF0DUmQ","cgxZdTXtIu6J7ljIXVGv6VoOs61gdyYXgT0ctAtCCykLsWw5accav11_0dI","cgxZ-fMU8RF0M5dV3r4QOsLKNQRnjyuoh9haQkLPPMH6fJjgVIkoZy5ww_K-I2JJ","cgxZ-OAB8S5NPaJF0LUYNl1oYE9tdRYPs2e2kWz3RrqEMgqutLWhZlw","cgxZdTXtW_KAmGiPXHDjmbVviylm8583VdNPD-ERXacV28I0WiCsNVU","cgxZdTXtesmPqFutVWLKmp8DurAbtYgP_oeUkPAuqYudNZVjR8XXAZw","cgxZdTXtIL2LuwqbWwOq5xIzEKh1Xf1n0FAOGm5ucn6S7zyOOnUsIzitnAI","cgxZLmOKJrjZ7wbUCwys77VX05dsNgg2tlGALums8UAwCVE2vptgCh3UO0J4Pw","cgxZdTXtIu-J6wzIWQCrvuXmdszkNXxJw5ur5gl_4F0gNoxCWenxsbtdB3A","cgxZaDXWRemkk1atcXrUr7G8TLhSu8dWcjMg8foidt7Q7FXaZdrB","IgNWdiLGaPaAvmHMCgP66rSgttTtwTyTFC3P82XPjQyfwCs1vOmxtMzwNn86aZcn","cgxZ-cgG8yNQPoZ-0bIVqDTXQ9AtwxqLCmry6AaOnonGZmchQ8YVpIo","cgxZdTXtQsGzq2m7YWDVlIkXu-0TXvsXBw5xcTgZvh5RfObvQGM6U00","cgxZdTXtQtuikW-BT0T-rbui4GhCZdLKTHGZx5LUvmKzH_1hQBIjrsk","IgNWdiLGaPadv1edV1v-pt-xQ-RetluSKU2mhEFRlMwqkMGo-CY","cgxZdTDRf_PT6A3MREnK6j18kHePBu9xM7Q7","cgxZJ2mDLb7Y9w_MCQOg6F-khpqRRfo0CMUEwU0TTxdzleYCL66cbEo","cgxZdTXtfMKtiH2bcVLcnd9bfB60IcEBKFOkoZCUvQ752ggGNr7icgs","cgxZdTXtI-jZ4l_KAVGs6x7c6MHZB43DF0ialyvx0nj-8e2o5202Qmzm8SM","cgxZdTXtWfqgn3egcEHJsk_MsiwfAnhrRecUZAGapVG4V2ex5Wzi61o","cgxZazTBYOeLtA_PAEnljH9m3VklCWBLUTs0aTnw","cgxZdTXtIOyIuVrKCVatvHgrpR8isTxpuua5hSgk9PCT4DkF2VtABtzDmYs","&cgxZdTXtIejf6l_BAFOuvA3t3t-G0ML_1-AAYEGmCuSrZaHWcTtj6RYu6Yc","cgxZdTXtIOvY6wmYAFSu67oRwWXuqocyQQlObhleVMORn0hc9jGloVtT0P0"]
当前爆竹448303🧨，下一关需要4962000🧨
当前第27/27关
游戏开启成功，等待20秒完成
游戏完成成功，获得2340🧨，通关情况：27/27
游戏开启成功，等待20秒完成
游戏完成成功，获得780🧨，通关情况：27/27
游戏开启成功，等待20秒完成
游戏完成成功，获得780🧨，通关情况：27/27
游戏开启成功，等待20秒完成
游戏完成成功，获得780🧨，通关情况：27/27
游戏开启成功，等待20秒完成
游戏完成成功，获得780🧨，通关情况：27/27
当前爆竹454699🧨，下一关需要4962000🧨
京东账号2孤傲的小小瞒
当前爆竹454699🧨


🔔京东炸年兽AR, 结束! 🕛 335.292 秒

