
🔔京东炸年兽AR, 开始!
您的cookie选择的是用&隔开


====================共有2个京东账号Cookie=========

==================脚本执行- 北京时间(UTC+8)：2/3/2021, 1:51:41 AM=====================

开始获取京东炸年兽AR配置文件

共2个京东账号

您提供了2个账号的京东炸年兽AR助力码


******开始【京东账号1】迷糊虫啊*********

开始
第1个京东账号将要助力的好友["cgxZWifbeu-Wpm2AD0bol5Cu","cgxZ-tAo8DJqM5xu3ogeOY7OXkOQ2Lw_ympGPITqNcceAad8Y1ph2UOXS-LOq3PUCqmgYjpt-td3CYw18qw","cgxZdTXtIrzev12aC1eu5yr9cCz6N7HkgPrFkYPPzBDaaWjtjA3fokuFPMA","cgxZLWaFIb7S4gvPZ1jlo3Ru3_zhiy3nnTsS4mQaaZc"]
当前爆竹279608🧨，下一关需要4962000🧨
当前第27/27关
当前爆竹279608🧨，下一关需要4962000🧨
京东账号1迷糊虫啊
当前爆竹279608🧨


******开始【京东账号2】孤傲的小小瞒*********

开始
第2个京东账号将要助力的好友["cgxZWifbeu_a6gmFRGbg6Lh1SmQdF0DUmQ","cgxZdTXtIu6J7ljIXVGv6VoOs61gdyYXgT0ctAtCCykLsWw5accav11_0dI","cgxZ-fMU8RF0M5dV3r4QOsLKNQRnjyuoh9haQkLPPMH6fJjgVIkoZy5ww_K-I2JJ","cgxZ-OAB8S5NPaJF0LUYNl1oYE9tdRYPs2e2kWz3RrqEMgqutLWhZlw"]
当前爆竹325441🧨，下一关需要4962000🧨
当前第27/27关
当前爆竹325441🧨，下一关需要4962000🧨
京东账号2孤傲的小小瞒
当前爆竹325441🧨


🔔京东炸年兽AR, 结束! 🕛 5.371 秒

随机取20个码放到您固定的互助码后面(不影响已有固定互助)
随机取20个码放到您固定的互助码后面(不影响已有固定互助)
