
🔔京东炸年兽AR, 开始!
您的cookie选择的是用&隔开


====================共有2个京东账号Cookie=========

==================脚本执行- 北京时间(UTC+8)：2/7/2021, 1:54:00 AM=====================

开始获取京东炸年兽AR配置文件

共2个京东账号

您提供了2个账号的京东炸年兽AR助力码


******开始【京东账号1】迷糊虫啊*********

开始
随机取20个码放到您固定的互助码后面(不影响已有固定互助)
第1个京东账号将要助力的好友["cgxZWifbeu-Wpm2AD0bol5Cu","cgxZ-tAo8DJqM5xu3ogeOY7OXkOQ2Lw_ympGPITqNcceAad8Y1ph2UOXS-LOq3PUCqmgYjpt-td3CYw18qw","cgxZdTXtIrzev12aC1eu5yr9cCz6N7HkgPrFkYPPzBDaaWjtjA3fokuFPMA","cgxZLWaFIb7S4gvPZ1jlo3Ru3_zhiy3nnTsS4mQaaZc","cgxZdTXtIu-M6Q3OWwOp5ugVi0M2N-U8Tfs6chbnf3Qn8cobZmyyEzF1sI4","cgxZdTXtIOzav1iaWQGq6j5YS9mcU5UFdpOfDHAfwdCUuFl4m0c6xR1w6gQ","cgxZdTXtIezT6gzMCA34ukP9w18s6TPZwMYP0wO6Jf4teW2OUyehCaJk0Aw","cgxZdTXtWtqGr3SVW0X3rgUL7NTppV5ZuiqFLdXEBfK_Mt8TNUi4EUg","258e76e58ed54a80b9de8bc40029b335","cgxZdTXtIb3Z6lvMDgOuuQDVYvJf4sg0A9UuW3eQLtCTOH8NSvJeVni2BC4","cgxZdTXtILnS6V_NAAyo7BAU2zO9jUKyRHg4Sgl5JMCKgs4MnxXnpJm0ZYg","cgxZdTXtIb3Zv13LDFf95n4hThTsTIX95Mv-Amcpzb2ewD8V6oZMMkWRsuc","cgxZXiLZff6PqEKFa0-u6_ajaB-SLno","cgxZdTXtIbKP6lvLCVGv67YQtnYN1K2uJvvnOHrv-cosIB7F4BrYbJR9KCg","cgxZfTTcbrLb40KFawLSuIcG1ugoEGE","cgxZdTXtI-vTv13PCQav7JFIQ2Dp-BkXlm42K6kAbEcM-y_oouncmLpUsHc","cgxZdTXtQvK6mHSxXV7LsIrtMTHYTpzkLYG6zCsU5QSqLkFqJQmYjH0","cgxZdTXtI7_T7QvIDAD67B6fGTNyk_waFAPL_HMSmjVXj6IMgyZg9Bgmr2Y","cgxZdTXtX927lHKUaG_gq9bkW-IrTW6vk-GOpz-Xg8So1pOpWNG9BFU\ncgxZdTXtWfiFnkuzdG3KsJnTCNfI2fIghQDl7tMV62vOLSaZSWyW918\ncgxZUhDqS8eLomGFRGbu6yn0eRKKo-rQ9A\ncgxZdTXtIuuL6VzKCAyg56Wmvg3-C6TfwoYEMD8L7BaoFysn8dzAlXyHJqU\ncgxZdTXtIe6M6QzLXAz_6NO-PXGZgBZweZnWp-HAWgxDFjV2z7aOjXo62bM","cgxZdCGAJ7Pf4gzJREnK6uRCs-HvfIbeoneL","cgxZczjHfubc6waFRGatrmBkjPMmFTGHxA","cgxZaDXCTd2MqGi_b1busVH6WuAz7EygkqVo8kGGriXcRsNRss8G","cgxZLmKCJbze7gjBDgPGr3VneX4lSMUiZ8c9bxHKwhR8w6MuYQ","cgxZdTXtI7uO412dCQf_5gRlHtXG5o7tnCuF7YQ9ky--UYtYu4HGFtnYjlY"]
当前爆竹157356🧨，下一关需要6082000🧨
当前第27/27关
当前爆竹157356🧨，下一关需要6082000🧨
京东账号1迷糊虫啊
当前爆竹157356🧨


******开始【京东账号2】孤傲的小小瞒*********

开始
随机取20个码放到您固定的互助码后面(不影响已有固定互助)
第2个京东账号将要助力的好友["cgxZWifbeu_a6gmFRGbg6Lh1SmQdF0DUmQ","cgxZdTXtIu6J7ljIXVGv6VoOs61gdyYXgT0ctAtCCykLsWw5accav11_0dI","cgxZ-fMU8RF0M5dV3r4QOsLKNQRnjyuoh9haQkLPPMH6fJjgVIkoZy5ww_K-I2JJ","cgxZ-OAB8S5NPaJF0LUYNl1oYE9tdRYPs2e2kWz3RrqEMgqutLWhZlw","cgxZczeGJLre6wrMREnK69eK3_9ZlnXJ-7M0","cgxZdTXtQuKblHiRdnTXkVV-L51oVfmPWf_xNtzI5-bdMCL3zXbCB2Q","cgxZLmSKLb_e6gnACQDGr9pPJO81PqJBYC76MZ3rcIkBjRFY-Q","cgxZdTXtI7rcuQzMWlSvvN1ABv9nirsd-TN6Y033RNsBSWiGWzZem5s3DUA","cgxZfCHGffgetU6FRGauvf9oysKP73-7oA","cgxZbCTfdeSOv1CeREnKgLGLlFKVMz9rvZwl","cgxZdTXtIumI6wrJXgT_7ONLJnBtep4MHud5-S7-AQqAbpDxQuDBKyTvYZU","cgxZK2CHIr3T6w_PAEnljAqhgBBiv7kMLe58WSQS","cgxZdTXtILPc4gzPD1Sr5qCRK8SZTP9AKonZgrXCBygIaLfaOEN2o17UvDM","cgxZdTXteNqijnGaTH7Slrv-czJqtN0mDWcPfNwpymOy5VDQ1p5j9ao","cgxZdTXtIe6M6QnAW1aguw32NeGRFZdCVEuaZTse6wdeGPnQn6y_UWWRyIY","cgxZdTXte--ys2aQV2Dxu0GZ1tcP1OeMljmFvn8CPlTrItc3sSENN8M","cgxZLmSHIb_f4g3KCwTGrzSzzbMrMZT5v3V4_a15nl0NgElmKw","cgxZdTXtIevbuQjJWQ2uuwBnmN8pGcFQhrH6rtpPpfPm2MZcAeoVeRygvVU","cgxZdTXtI-nZ6QrPW1T86ZLVUpG2zQvvHyA5gVIrTgf-hrzxRjfXXnv29NI","cgxZdTXtILKJ41_JWVOg6kDFOvHfuZNWn8lZzqmpsiNsHjZNdPw56qjRR48","cgxZdTXtIOiO6lrLCQH_7YLC2pAeWOE9e-0SNUbP3fxNmomWNlV4wyCjPtE","cgxZdTXtIr2P6g7PDlD97-t9AnPsEfryrkyKzTFpJUi9gIA6QdNRhjd7tpw","cgxZdTXtTumQqHCgUnTQhd3frGtrpNG6y3KpYpvuEAb-GImoXMUiSBM","cgxZdTXtIbnduAecAQL6uiDTWKKNuGlqPeyQlb3DG-glsaBBd6JqnW1ivL4"]
当前爆竹454699🧨，下一关需要4962000🧨
当前第27/27关
当前爆竹454699🧨，下一关需要4962000🧨
京东账号2孤傲的小小瞒
当前爆竹454699🧨


🔔京东炸年兽AR, 结束! 🕛 2.02 秒

