
🔔京东炸年兽AR, 开始!
您的cookie选择的是用&隔开


====================共有2个京东账号Cookie=========

==================脚本执行- 北京时间(UTC+8)：2/8/2021, 8:52:54 AM=====================

开始获取京东炸年兽AR配置文件

共2个京东账号

您提供了2个账号的京东炸年兽AR助力码


******开始【京东账号1】迷糊虫啊*********

开始
随机取20个码放到您固定的互助码后面(不影响已有固定互助)
第1个京东账号将要助力的好友["cgxZWifbeu-Wpm2AD0bol5Cu","cgxZ-tAo8DJqM5xu3ogeOY7OXkOQ2Lw_ympGPITqNcceAad8Y1ph2UOXS-LOq3PUCqmgYjpt-td3CYw18qw","cgxZdTXtIrzev12aC1eu5yr9cCz6N7HkgPrFkYPPzBDaaWjtjA3fokuFPMA","cgxZLWaFIb7S4gvPZ1jlo3Ru3_zhiy3nnTsS4mQaaZc","cgxZdTXtIuiIuAvOWgGq680i23-5KPn26f4A3StynFtrEgHwr2sab7mhoM4","cgxZaDDFdeCDtFmaUFSuoxSFHyt8I2ittdUiDxGLVbScEA","cgxZdTXtIune7w3MAACquaKeA3Zlw6OkMrbtul0fepZBhm9Zdcwc-o-xT-I","cgxZZTnbeOOJu1GFRGaglFDUsma8ri4BnA","cgxZKmKBILLf7Q7UCwyt6ARmmTcUTWrYIrxVoYXfujpRmS1dX3usLuU","cgxZdTXtIbPbuwzPAAyu6uwgWAWl4Y8szPIvFit2nJyo7Oa1Rn-G7XlZ_IM","cgxZdTXtIbqJ61vPWlCg5y6mqKWk6y6hRoIsZ52zPWOVzH_Vr64ITIO2fe8","cgxZdTXtY86eo3uMf0HXpi6fbPMWr9-pfeR8sRZ_lyySSxRPhN51kvw","cgxZ9skN8Tp-P7No3qM2OlClTekdeTPPHOlLwQ7pbQQAXBUy5gjuUkpuPJtewWesV6pfm5b-1w","cgxZdTXtZNyHjHqgXEDDp68NSu5Z9WVDd68Fl4vHDuAOn_6E2jPziK0","cgxZdTXtIezc6QzBDAOo6ErrYVxQwpY82h7iANoUcdAb1MTFEMuMu-g4x0k","cgxZdTXtI-yOuFqfAQP_7-YrPnylMhNN71HlgupGGi-su7pXkFDYGPb9kCI","cgxZdTXtIbneuw6aXQGq6w9InOGiClNQlqtqIHUGEtSUnrqvPCXx7d2YI9s","cgxZdTXte9CnqVmIdWfdrxQAXgK499Q79abi_h6wMV_AeBvrn_bvQRY","cgxZdTXtIu-J6l_AWwOtvGUE9AvM9HHOTabTMiTfF4dCLsV3GNPPWXfwxiI","cgxZLmKCI7Pd7BPKDAKq524u9HNJj65RK-DaXkGvDCzA50NDPygjbtwsI5g","IgNWdiLGaPaQtFKXQlzG7zU8OPWp7D_T2CLEfwjO4g","cgxZdTXtILLY6Q_IXVD66SS8f01DgfZCb6RnUQ9lH6JZZGvpt45f_kI_cuE&","cgxZ9-4F8ihMPody34sko2Ric5fr6HeRsywaK4BSCbxn3A","cgxZdTXtIbjd7VvLAFP9vfeltt31SVP8FThfyLOZNytRgOQd_HJhl2ZfzSI"]
当前爆竹163752🧨，下一关需要6082000🧨
当前第27/27关
当前爆竹163752🧨，下一关需要6082000🧨
京东账号1迷糊虫啊
当前爆竹163752🧨


******开始【京东账号2】孤傲的小小瞒*********

开始
随机取20个码放到您固定的互助码后面(不影响已有固定互助)
第2个京东账号将要助力的好友["cgxZWifbeu_a6gmFRGbg6Lh1SmQdF0DUmQ","cgxZdTXtIu6J7ljIXVGv6VoOs61gdyYXgT0ctAtCCykLsWw5accav11_0dI","cgxZ-fMU8RF0M5dV3r4QOsLKNQRnjyuoh9haQkLPPMH6fJjgVIkoZy5ww_K-I2JJ","cgxZ-OAB8S5NPaJF0LUYNl1oYE9tdRYPs2e2kWz3RrqEMgqutLWhZlw","cgxZdTXtILPd7AfLCgD77wZDmZCMe8MhPMtI8985zCD1Rx-I7u2QZGCMLac","cgxZdTXtI-jfv1zJXFCq5iu7IIRlmqHAWz_-986O3Gg6Mr6U49Ut5uKFKYU","cgxZfjDTfP-D6A7JAGr0ox__l-jZPNiMs0tuwi9cq_1Rlg","cgxZdTXtI76PuQeYCgKq6K9xIFDRb-cmHZ3ZZN7BWeIxyT5apg1VfWPRqtE","cgxZdTXtRMWMlnCjcW_-t6YSt96U9ou92I9JUPoC3x1ynXhfwfIRSRI","cgxZdTXtVvCpsme0VnDKjD8s36DfH10J9JVPonv1Y4N5HCsDLvV8N6Y","cgxZdTXtI7KL7wbMDFGt6Iom1IrLJHfAXvURr41Gux0iT7QeX5LXsjsS3N4","cgxZdTDXbuKbpkKqDX7usoP3iKM","cgxZdTXtVv2TlG6RaVTXtcpld0DrJ4cOUKT2djPBeZ7wq6u437Lzi0w","cgxZcyHKLLra6mGUREnK62W-U9GlEC-TNmBc","cgxZdTXtILmOuQubDgX654kE_310PWm_zDfdDw6et0SybCyTCVc_LC9cX6w","cgxZdTXtU9uoi0icUE3Il7XU0gdoFTk_LLsJY4c7vaDb24hMyWsIiRk","cgxZ9_8K8wtVPJ97REnKhXk4VYqDYjBVp-bg","cgxZdTXtIOiM4g7BCACt7Vm1PBzf_bi0OjIK1O1NiJADVHZG6Q07xo8CBFo","cgxZdTXtVsCnim-3X2TVjw6_mqfv9lP_mL5T2zpL8nivOaIfZGYlXgo","cgxZdTXtZsCQu3SNT3TYqaQw_C86gOIv5NP73Q721BeXIc7rB9mS35Q","cgxZdTXtIuyL7A2cCQL77KvV024Kjsr-R-RP8RlGI1eDsFdbgLryo6dKTiA","cgxZdTXtIe7SvwudDQ2h6FzciZlDvLmBpd60oUF_OTKZlBfq-X9e7Ablf_U","cgxZdTXtd9Cyt0-vWlvWpts6fpUMG5gs0bdl7Yka6uDYigItCuIYq1","cgxZdTXtZOm9inaoe1vbkkgc6k7qzo0bFqmdHxSCOOigy3S1GI6Vn0o"]
当前爆竹461095🧨，下一关需要4962000🧨
当前第27/27关
当前爆竹461095🧨，下一关需要4962000🧨
京东账号2孤傲的小小瞒
当前爆竹461095🧨


🔔京东炸年兽AR, 结束! 🕛 1.951 秒

