
🔔京东炸年兽AR, 开始!
您的cookie选择的是用&隔开


====================共有2个京东账号Cookie=========

==================脚本执行- 北京时间(UTC+8)：2/9/2021, 1:54:55 AM=====================

开始获取京东炸年兽AR配置文件

共2个京东账号

您提供了2个账号的京东炸年兽AR助力码


******开始【京东账号1】迷糊虫啊*********

开始
随机取20个码放到您固定的互助码后面(不影响已有固定互助)
第1个京东账号将要助力的好友["cgxZWifbeu-Wpm2AD0bol5Cu","cgxZ-tAo8DJqM5xu3ogeOY7OXkOQ2Lw_ympGPITqNcceAad8Y1ph2UOXS-LOq3PUCqmgYjpt-td3CYw18qw","cgxZdTXtIrzev12aC1eu5yr9cCz6N7HkgPrFkYPPzBDaaWjtjA3fokuFPMA","cgxZLWaFIb7S4gvPZ1jlo3Ru3_zhiy3nnTsS4mQaaZc","cgxZdTXtI-zdv12bXQX47oVXvZ5uiS-blr3sfS4ARKvL3BuZ7Q10D0qcMUs","- cgxZdTXtIevc6QqYDgep68L0OXj-PwkRWTulR3jiU2aBD4HIi6YV1EC2fHg","cgxZdTXtI72PuAzPDlf95xfAJAdXoGc_JZolD9mEZd4pie87Jix5GcCpMBY","cgxZdTXtQPmaiHCMU2zLqgWkarJPSHVGJmH5vYxiLJWzIIVlrxZsq-I","cgxZdTXtI7Pa4lqYWgKh7v8BXK5DGvhu4iX_Kbdnj4l1hgIW4Cj2hiK2I_Q","cgxZaDXDQeOckWihQVfohRUJiJ_sNHQPxGa5r59rusUni2ES-4-1","cgxZ-NkD_DVtPatg36IM74zKUBgXClbRoBtkNnJxqOs4Kzh0NVNs0jM","cgxZ--kN8zBFPoZG0Y4IN5eHdD3evnadpnJeCKwl0ncMeqt3-fs9yqU&","cgxZdTXtILzT71zAWwT8uRdEbsWx0CRzI8OzUf6zBIDtUD040gRC7KitNGg","cgxZdSbWJbja4mGUREnK6tkUn5JypL5SO3Ec","cgxZfDjccPOQsl-XXw2h5wmLlCvQnPCyJvPVfzNvMxIc_7NCHK0y","cgxZdTXtXeaioHecX0fzve6RQccOjcW6tpMjZOKmCuFDRSbPU_qDQcE","cgxZ--0o8y1RP7RR368dNisWa-ktWAynHxQHO1HLXuGW8zdg-CuPlrTHbNEGFOA2","cgxZdTXtIr_ZuwvMCwWt7aFnVicHO_6kLB-PvvVXlaNriixpfsGg5UFshWs","cgxZdTXtIOyIuVrKCVatvHgrpR8isTxpuua5hSgk9PCT4DkF2VtABtzDmYs","cgxZdTXtIuiIuAvOWgGq680i23-5KPn26f4A3StynFtrEgHwr2sab7mhoM4","cgxZdTXtIujY6FzACQOu7nq_aMItWILgTaPsAIyzvGlSGCSrtJ-JhEcMnLE","cgxZLmmFJrjb6AjLFQOv7w76ZawIS5UBQckFyLSnfRv9WsHjWEJzrOlgokA","cgxZdTXtTeOonli9T3fwtSdG_-PXeHFwtoiKWMSkDm1l_htOkOGGfWE&","cgxZdTXtIrmIv13LAAH7usnjFBzxpoaawp6h_E7vVwQMl0-GVhyHV2H-G4M"]
当前爆竹170148🧨，下一关需要6082000🧨
当前第27/27关
当前爆竹170148🧨，下一关需要6082000🧨
京东账号1迷糊虫啊
当前爆竹170148🧨


******开始【京东账号2】孤傲的小小瞒*********

开始
随机取20个码放到您固定的互助码后面(不影响已有固定互助)
第2个京东账号将要助力的好友["cgxZWifbeu_a6gmFRGbg6Lh1SmQdF0DUmQ","cgxZdTXtIu6J7ljIXVGv6VoOs61gdyYXgT0ctAtCCykLsWw5accav11_0dI","cgxZ-fMU8RF0M5dV3r4QOsLKNQRnjyuoh9haQkLPPMH6fJjgVIkoZy5ww_K-I2JJ","cgxZ-OAB8S5NPaJF0LUYNl1oYE9tdRYPs2e2kWz3RrqEMgqutLWhZlw","cgxZLmmKJbrc4wvACgXGr4EncXf9x_-DTCW0bwba23PaiQiL_w","cgxZ9-Ef8TplPIB9Cwero0_-QZjANiL7mls_y-PpqJlYhw","cgxZeyTTeu6LoluQREnK6SOxtI5j7qvymUBY","cgxZdTXtIbyP7ljOCAL76qQZHrpYHjq8AXN5LWbbh7o_YyscYU_fFdDRlNo","cgxZfTLQLbLc7AzIAUnljBUV4bFQ_rdSm11WPwxb","cgxZfjTcZ_6LtEKFawKvuHH8RmbRXvc","cgxZWzjRf7vZ40KFa0zojluychwcnAg","cgxZdTXtcd-","cgxZZySBLLre4gfOREnK5uNbm46zXWMFNhgx","cgxZdTXtdcSrkme0YW3Ljwxyy5nDNTrs-zoYTzQbDV0B-UruEpFvF6k","cgxZej3BdbLS6grJAUnljGIrcQGrL2F2QVwsupt-&","cgxZdTXtIL6IuA6bW1Go7mkpQputyuSryun4zqWQuUaeRU3dATR08fN-1Jo","￥J9QR32nyBa%","cgxZVRXtLLnZ6kKFa03QtOfAK7LKB58","cgxZ9_4K_BtxPoRX368dOnJaivErYw9hfwFmx5TNje_LpLq9YDtK3IU","cgxZdTXtXcmIn2iqVVHLjZxj8DNT3m8ZJDwrHluMb5wXb-pXYtcDm2Q","cgxZLmiAIbnc7wzMZ1jlo40ee4HzzPF_C05DvtUw3tE","cgxZdTXtIO-JuAnLXFSpu7DMehMgOnzlWRocsmfBNspkAmskHeUUbQhFMzU","cgxZ-u8i8DBwMoBwCgCpo0gEukC44fQLZFhXUKJGzRpUqg","\ncgxZciPIfP_d40KFawGu54ChWFzPKF4"]
当前爆竹467491🧨，下一关需要4962000🧨
当前第27/27关
当前爆竹467491🧨，下一关需要4962000🧨
京东账号2孤傲的小小瞒
当前爆竹467491🧨


🔔京东炸年兽AR, 结束! 🕛 3.042 秒

