
🔔京东炸年兽AR, 开始!
您的cookie选择的是用&隔开


====================共有2个京东账号Cookie=========

==================脚本执行- 北京时间(UTC+8)：2/5/2021, 12:54:50 AM=====================

开始获取京东炸年兽AR配置文件

共2个京东账号

您提供了2个账号的京东炸年兽AR助力码


******开始【京东账号1】迷糊虫啊*********

开始
随机取20个码放到您固定的互助码后面(不影响已有固定互助)
第1个京东账号将要助力的好友["cgxZWifbeu-Wpm2AD0bol5Cu","cgxZ-tAo8DJqM5xu3ogeOY7OXkOQ2Lw_ympGPITqNcceAad8Y1ph2UOXS-LOq3PUCqmgYjpt-td3CYw18qw","cgxZdTXtIrzev12aC1eu5yr9cCz6N7HkgPrFkYPPzBDaaWjtjA3fokuFPMA","cgxZLWaFIb7S4gvPZ1jlo3Ru3_zhiy3nnTsS4mQaaZc","IgNWdiLGaPaGoEfMCgWpsOj4Il1DOpBnJir6Q3bH1FWcR8HOnpmfUw","cgxZXCXbee-ZpkKqQlfyrmOTz84","cgxZLWOHIbrc6wvIFQOq7wCB1QGyb3bqEJXW6ZgQNGJREvCLM8_NQO8vIxE","cgxZdTXtIb-J6VzPAAX76H4yzvoH2ypO-1gYDRdby0VaHhh8JkgjEcq2n5g","cgxZdTXtIu_bv1ubDgStvI-H79o9cHS1iyJtvxgtQwEefoZ871yxxpu3zkU","cgxZaCSLLbOMu1CeREnK8m5OWjxnIk0C1_wh","cgxZLmmDJbPc6A_IAQ3Gr-Z6W3NEtuHfjvz5ku-ij4rqfFpCMw","cgxZdTXtI-yIu12dDFCp6CN1-YHdyIXdAoVUbNSlZz-D1_0TDlse9jtqm_Y","cgxZ-dkj8glZPoZzdVzqrKPRs-x9pavvOb7BuPeqzTxS9LE8EA","cgxZ-uE98xpxPa5iU1zloy-dw4eAfJP7Hq0GBscRGew","cgxZdzDcfeyPpkKqDUTuq9a1QG8","cgxZ9uoj8zBIPJx83qMg7bhmzvOqYZVU3MDRNi7LhfBMGTMkstp8lkYc0Ug","cgxZ-cgt8jlXpkKqWXPNvMgTbE4","cgxZdTXtYtKZknSQU1DJvRa_KH7LPV75mnlnIfSBPEaXp-f_KRZuRN8","cgxZdTXtWd6Fl1KtW23essqljOdI2qqLPPXXhK0La4Ys8zZo4WKUU_g","cgxZXDnXetOPu1bJAAWqo7Pvk_gVafG4iqZOYIdUszroPg","cgxZdTXtIrjevwefWQL856Jwu4I0RKAp-OuV01VeJlvcmEML0lqRBMbt-D4","cgxZdTXtIbvS6QvNDlD9uaxHwjdOC5mNu0Lut9_MofY6h3cVTa3c65vAvO0","cgxZdTXtIOyJuwuaD1GovhdDZo4go58qMuDpKZoiNUQrUF4VfwbEfkjI9yU","cgxZdTXtc8Sht0uKc2byrKLW7AjyHt2NSpFHTThgdDky10-YPuWD25U"]
当前爆竹342162🧨，下一关需要5482000🧨
当前第27/27关
游戏开启成功，等待20秒完成
游戏完成成功，获得2340🧨，通关情况：27/27
游戏开启成功，等待20秒完成
游戏完成成功，获得780🧨，通关情况：27/27
游戏开启成功，等待20秒完成
游戏完成成功，获得780🧨，通关情况：27/27
游戏开启成功，等待20秒完成
游戏完成成功，获得780🧨，通关情况：27/27
游戏开启成功，等待20秒完成
游戏完成成功，获得780🧨，通关情况：27/27
当前爆竹348558🧨，下一关需要5482000🧨
京东账号1迷糊虫啊
当前爆竹348558🧨


******开始【京东账号2】孤傲的小小瞒*********

开始
随机取20个码放到您固定的互助码后面(不影响已有固定互助)
第2个京东账号将要助力的好友["cgxZWifbeu_a6gmFRGbg6Lh1SmQdF0DUmQ","cgxZdTXtIu6J7ljIXVGv6VoOs61gdyYXgT0ctAtCCykLsWw5accav11_0dI","cgxZ-fMU8RF0M5dV3r4QOsLKNQRnjyuoh9haQkLPPMH6fJjgVIkoZy5ww_K-I2JJ","cgxZ-OAB8S5NPaJF0LUYNl1oYE9tdRYPs2e2kWz3RrqEMgqutLWhZlw","cgxZdTXtIe7d7AnJDFb765qTOrVwe_areyYQiiSvz7FU1iCHY7o_bd-t9X4","cgxZdTXtIe6Ju1ibW1H8vlj81DJqRQ4IyJ0ogEjMW6IAFpnFQQ_fYotgoVk","cgxZdTXtI7uPv1idXgWuujdCGSx2Q9zYmPTEJt8b_cUkuTrklsZ9G0OrS-o","IgNWdiLGaPYPS4scqYB8WmI6zh7kx-laa-zLTMIOJ6KX_g","cgxZdTXtI7OPvFzPC1H97a5rJ7Yz-MOmKi7KUs49Jne5FKkGIorINGQi4n0","cgxZLmKBJr3b7A7BDAHGr0AZGHOKFzrhC0cKKUr0bs-m1E-M5g&","cgxZfmOHJ7Ld6AzJCQPlo5gQQwyOPRZWmXRWaDJzl7s","cgxZdTXtILyIuFrOWgyv7ohyk-d_SaWdoKCvTIjDjyRbCGG5Ue86N7an8SU","cgxZdTXtUfmIslaoVF7sltdewM0Avo48voZJ5G6Pkg28BoGYRBE70g8","cgxZ-fMaZ-KDqEKFa1TegL5u-TPQ0a0","IgNWdiLGaPaAvmHMXFOs6rVnRWa5Q7npxNKD5uTXQUagVzKxOFhBOZ3VMxy_1Zp1","cgxZdTXtI-vavw6fWVT_6c7crwIy6ap5ecUH0XXMCgq8h8wMPNcdxLlNTAE","cgxZdTXtILmJ4l2aXQb8vs3rb5whBClZ-mSjTYGcZRXgRLiZSmAFhB5wDc4","cgxZLmeDLLrf6g_UDwSq6tUQTFReS-CskqZrMZAT9Nax_O_8W_IidNs","cgxZaDXWZPCmiUa2akPVmFMI27K6antJzucULQPYNim_BPEW1Dwd","cgxZdTXtIeiL7grBAFf_u7E_vJ16XS3bCvHyf55VIsLWIQd4IW_DHCbfMuc","cgxZdTXtI7KJuQ7PAA2p73ax1P3nfMCflGDXzWGX-GvbjlEasx-n5xkIu-4","cgxZdTXtIb3fvgnAAFOgvrSGp9N1PQ6ju_Y95P0eudUDnflj2NEmWFBcqIA","cgxZ-uE98ztZM4V90Y4dNkazv28MMVmudW5CMznikHhZv3a8yN-sbD8","cgxZaDjccOeLqU2cVmr0o4WA09uOGHOhnqJs3p5YHrQkPQ"]
当前爆竹435511🧨，下一关需要4962000🧨
当前第27/27关
游戏开启成功，等待20秒完成
游戏完成成功，获得2340🧨，通关情况：27/27
游戏开启成功，等待20秒完成
游戏完成成功，获得780🧨，通关情况：27/27
游戏开启成功，等待20秒完成
游戏完成成功，获得780🧨，通关情况：27/27
游戏开启成功，等待20秒完成
游戏完成成功，获得780🧨，通关情况：27/27
游戏开启成功，等待20秒完成
游戏完成成功，获得780🧨，通关情况：27/27
当前爆竹441907🧨，下一关需要4962000🧨
京东账号2孤傲的小小瞒
当前爆竹441907🧨


🔔京东炸年兽AR, 结束! 🕛 335.221 秒

