
🔔京东炸年兽AR, 开始!
您的cookie选择的是用&隔开


====================共有2个京东账号Cookie=========

==================脚本执行- 北京时间(UTC+8)：2/5/2021, 1:52:11 AM=====================

开始获取京东炸年兽AR配置文件

共2个京东账号

您提供了2个账号的京东炸年兽AR助力码


******开始【京东账号1】迷糊虫啊*********

开始
随机取20个码放到您固定的互助码后面(不影响已有固定互助)
第1个京东账号将要助力的好友["cgxZWifbeu-Wpm2AD0bol5Cu","cgxZ-tAo8DJqM5xu3ogeOY7OXkOQ2Lw_ympGPITqNcceAad8Y1ph2UOXS-LOq3PUCqmgYjpt-td3CYw18qw","cgxZdTXtIrzev12aC1eu5yr9cCz6N7HkgPrFkYPPzBDaaWjtjA3fokuFPMA","cgxZLWaFIb7S4gvPZ1jlo3Ru3_zhiy3nnTsS4mQaaZc","cgxZaDLQJrjYpkKqFVStt18qjyk","cgxZLmSKJrjf4g3ADQLGr4WeYmBjF_zI4if7dBVgHXSdZ9jiSw","cgxZdTXtI-nY7A2fDA2suRe1DkE9EHhhEFQVBehvSC1kMOc1GFcJAfRUCTo","cgxZczSHIL_e4gnKREnK6wvJYLabqWd2CMNC","cgxZdTXtYs-ku0iYS1_2pR0WmOasoc9-OIKGfph7zR_sYCQqiZkhoNY","cgxZdTXtX82Gv0a3V13cqZU85MvOJN7eUaYm24-ymN5HP4FcAyQqfRY","cgxZdTXtcvyHj02zcFT-jD5y2GVVOCGOSlu3Ts8YELvvYteAKWq-01c","cgxZZjbTfLzY60KFawyvsFHdueTV9aI","cgxZJmiHJL7bhVOFRGbtgFFNXK0nXbUUsQ","cgxZLmOKI7vT6RPBAAGg78v0WGmM5-DtGXRV9cJcS3vbWf2koHe7ftUenVg","cgxZdTXtUOyPllK-S0zuiX-qL1m4o9Ab7Ovmhi8s8yrwH8843IBYfxw","cgxZdTXtILLT61yaWlOrvf9NPDrzxHFvWt5inNMY6HOANaFCCkt1b7itVow","cgxZKGGHI73b9w3JDgKu6f3-aPtYpKDt4eDoAIyEZC03UnUaj9gnu9c","cgxZdTXtIbKJv1zJWlf4uuv9nfqeRU4vPZHePUXvFmc0zMIknDm6zlxtrl8","QH8Sd6PZZyCgLloyEi17BwinpEKyIjg3dQJEM","cgxZdTXtIb7SvgrJXlP7ub_Nj8ZCz8xbkE3vJHiIWnNMELMO5tqz-koIAKc","cgxZeTTcc73a7wrOCAWs7a1YlvAisXKv9oP2f-1ZPkuOP7o5kw","cgxZdTXtIbnZ71_AAVCs7DAa5q1Dts9-YRXrnH4QRob2_ythyu4ymEFZUkU","cgxZdTXtI7iJu1vICFCo7IACrsfH59Ihe7OsVXP-YcQ2CSK2t2_UCseuuL4","cgxZKGSHJb7b4g_UDQeh6yYFderxX0ZQpZd6_EXJHL2C8kbiKR4w2xM"]
当前爆竹350258🧨，下一关需要5482000🧨
当前第27/27关
当前爆竹350258🧨，下一关需要5482000🧨
京东账号1迷糊虫啊
当前爆竹350258🧨


******开始【京东账号2】孤傲的小小瞒*********

开始
随机取20个码放到您固定的互助码后面(不影响已有固定互助)
第2个京东账号将要助力的好友["cgxZWifbeu_a6gmFRGbg6Lh1SmQdF0DUmQ","cgxZdTXtIu6J7ljIXVGv6VoOs61gdyYXgT0ctAtCCykLsWw5accav11_0dI","cgxZ-fMU8RF0M5dV3r4QOsLKNQRnjyuoh9haQkLPPMH6fJjgVIkoZy5ww_K-I2JJ","cgxZ-OAB8S5NPaJF0LUYNl1oYE9tdRYPs2e2kWz3RrqEMgqutLWhZlw","cgxZdTXtIuuPvw-aDlCouQ5jQFzHINNn0wyFEihPw35UfogLIaFso_CpNnk","cgxZdTXtIenS6w_IDQyp7HpVeMOrIKx3mS9A-GrzHSUz74WFLOdrjLXtknM","cgxZdTXtVc6gsn-hUX7Qqz3yiOYTpaY2WLTvq_zT7S0FWpHhbK-pr5U","cgxZZSvFY7vS6kKFawzVvPde59m_VfI","cgxZdTXtZsSsinWfQkX4nnDbIafVWZdsB-Ba7SBYSj3bQfQZzc_ROOQ","cgxZLmiBI7zb7BPMCgOv7t2XA96ZPtKgoPIg85eSMslENdT9aQ1zojYT3w4","cgxZdTXtILuOuQ7KWQD66ukicLpoDNkSUpg6JvmZtIbsv6DmiaIy4IE0vSQ","cgxZdybTeLja6w6FRGasrcTUEejksPExQw","cgxZdTXtIbzc7V3PDwGp5r_suf54nsVYZp_sPdjuQk4VQhl78FfuIjEePQ0","cgxZbDnXeu2Gs1aYSEXgozlYesWceYEzbaLYVL6ecSyDQQ","cgxZdTXtIbiJuwicWlD9urvnCpyd3sMOkVdiH_D9z2zWacDkOuYQIAhyVEM","cgxZdTXtIr2M612aC1Cu6Xp3IcskcgyOtITIPcokLFPOPcBYUmAFpcNdarw","cgxZLmKGJ7rZ6w_KDAfGrxBiixxxnGew-2FL20dTOKTTEgGLzQ\ncgxZdTXtIb3YvwbJCgf9uXUTLnCewrHwhXakZo26WE_kWhcZrjtv1p0YtEk\ncgxZbGCHIr3a6wvMAACh6GxACfioV7XTChCgxw_0ssZst_AW7-5mh360nxL_Ww\ncgxZdTXtI-jduAabXQOg7qgNZFgg5GOEDSacoYGJSYzCxf_WNwdCIKOiuQM\ncgxZLGCHIL3a6Q_IZ1jlo3uK9VuTAqIjfmSNUudRAj4","cgxZdTjXduWQsl-XX0nljMTeNJ11vy66pph_eXx2","cgxZczTdetWJsluMVlLlo632mrpf96DKYHymQn2wg_w","cgxZdTXtIbmM7VqbCFH86MZyL57GCcK7flFYZzO5JUOADv23Mwql-vP18y4","cgxZKmOGJrLd4gzNZ1jlowgRtC_uJaL1gnU9JfMelzA","cgxZbzjCfbje6AvLDknljIL4g-E0Xco-rUuMlZWY /jdnian cgxZbzjCfbje6AvLDknljIL4g-E0Xco-rUuMlZWY","43xIs4YwE5Z7DsWOzDSFed7EPXsWpBgT-b3PpU9giW2xW4cZB9wkZWjjaz9f_Qo9peuA","cgxZdTXtVsuklXeeW3TDrycRLkg6-2ahppmkf-5shNm2cXH6v-Fh8P0"]
当前爆竹441907🧨，下一关需要4962000🧨
当前第27/27关
当前爆竹441907🧨，下一关需要4962000🧨
京东账号2孤傲的小小瞒
当前爆竹441907🧨


🔔京东炸年兽AR, 结束! 🕛 3.619 秒

