
🔔京东炸年兽AR, 开始!
您的cookie选择的是用&隔开


====================共有2个京东账号Cookie=========

==================脚本执行- 北京时间(UTC+8)：2/4/2021, 1:53:46 AM=====================

开始获取京东炸年兽AR配置文件

共2个京东账号

您提供了2个账号的京东炸年兽AR助力码


******开始【京东账号1】迷糊虫啊*********

开始
随机取20个码放到您固定的互助码后面(不影响已有固定互助)
第1个京东账号将要助力的好友["cgxZWifbeu-Wpm2AD0bol5Cu","cgxZ-tAo8DJqM5xu3ogeOY7OXkOQ2Lw_ympGPITqNcceAad8Y1ph2UOXS-LOq3PUCqmgYjpt-td3CYw18qw","cgxZdTXtIrzev12aC1eu5yr9cCz6N7HkgPrFkYPPzBDaaWjtjA3fokuFPMA","cgxZLWaFIb7S4gvPZ1jlo3Ru3_zhiy3nnTsS4mQaaZc","cgxZfDLRbPKS4w6FRGauvmGuW1T4YCCL-w","cgxZdTXtIOvZ7V3ACwWvvq7ktEPv9G3VbEVeMky61vglpLrRh9PKHVT4r08","cgxZdTXtI73YvF-aD1Cg7c7jTmNOKCi6-858y5tv-BUka2k58uWwMZ1FRxI","cgxZdTVXpAUNTqKFRGaslFxiGesHTgcPUg","cgxZbmWFLbvS7RPLAQSp69iBOfL4wXy7fAOT0Qfy558qRMgI3lQK","cgxZ-cw8_ABSMrRB0L8hoxCzBv-3RGrEZJfJgqOz0IGwFg","cgxZdTXtIL7e61_AD1aoumLMIRjMDqiAWPjTMyWVwQ2Fk6eALuGd-N8gq0A","cgxZdTXtI7rc613KWwOu5ongq2G4Ro6dJhu7qOYbvKuP4R8zgcDixl2yA_s","cgxZdTXtWuCOj1a3bFLMsxxkmKy2OHREEhc1ucGwikua2Xh61BHVIUs","IgNWdiLGaPbY7AnOCAeh8vnSI-2OuzZlW5jvCgeleZfb40U8VwQPwwgmapUHAC3V","cgxZTjPdJrvSpkKqCwOhrC8KXOo","cgxZKGiKJrve6g7LREnKqn0uvYZh9sg4-Gsr","cgxZdTXtbN6Nm3G0c0XAl5ZAqi2dMHNrqTfOCB7BJZrzE54YhVosNpE","cgxZdTXtIbLbuQjIWlf66yIQ_ulgrMJXsqL5nn0gGOjv-nYbtdSwDr73Wl8","cgxZLmSAJLjb7QrMCQfGrwc5kfhwsIYI4K7E3K2bUvynMlzT5g","cgxZdTXtIuzduAmdDFSr6TkkAo63hlU_Z-9ZqFwsAZOiNl6W6Cmx0INplWQ","cgxZfiaCJbjapkKqDwLppY3cWRU","cgxZ9tMh8jpSPIpTREnKhQ2NhbrAvrRS2c38","cgxZdTXtQOKbu3K7f1namPjnwnvry82fskxmwm48EfGw_gZBhMpFSos","cgxZZyTKYeaPvFaBREnK5sXe7Uvem5N6clu-"]
当前爆竹236784🧨，下一关需要5482000🧨
当前第27/27关
当前爆竹236784🧨，下一关需要5482000🧨
京东账号1迷糊虫啊
当前爆竹236784🧨


******开始【京东账号2】孤傲的小小瞒*********

开始
随机取20个码放到您固定的互助码后面(不影响已有固定互助)
第2个京东账号将要助力的好友["cgxZWifbeu_a6gmFRGbg6Lh1SmQdF0DUmQ","cgxZdTXtIu6J7ljIXVGv6VoOs61gdyYXgT0ctAtCCykLsWw5accav11_0dI","cgxZ-fMU8RF0M5dV3r4QOsLKNQRnjyuoh9haQkLPPMH6fJjgVIkoZy5ww_K-I2JJ","cgxZ-OAB8S5NPaJF0LUYNl1oYE9tdRYPs2e2kWz3RrqEMgqutLWhZlw","cgxZdTXtbsScjX-SamX9r8A5sVjXEZMLTwrOzP_ZhPxwVCdX8Qf4mJc","cgxZdTXte8mCj06jaEXRm05tqEibp4H7_MF_3kQpobNcjM-s6aNl78I","cgxZdTXtIe6JvljAXQChucokUe-SxUOC_UfwH-k2YKndDibq_ixG8VbIk0k","cgxZbCTffbre6AeFRGbGvfVdtWtPW76QcA","cgxZdTXtI7mO6A7LCgSh6nCR78C6yhs6xACRLGyiQpsodtTfxQb30NEKQfo","MvAicWwGv6duTKWNO2GvTrvcUvdE5w2fVUbB6SHo_Q9Bi6Jk","cgxZfD7ceuWYhUSRQUnljL1eb9q03UBX9GHsERWI","cgxZdTXtVeePjWeAenf9kfekPOeBisGdTq1aCZWPmrsFDvKlkg0LUCI","cgxZdTXtI-6L4wfLDFGg7Vg_B5amrJ5IPmaYnRTyS4W5wIjFcMS6gUcObb8","cgxZdTXtI7mO7FjIDgH_7WARBwM453fWaSFWsrW1MSTsA8HIJzT7BNNia_E","cgxZ98Ap8SRlMpl7REnKhZu1nuA-xZCw-bRX","cgxZcTTTeOiDrkeFRGatlA5ml5AJpSEKMw","cgxZUzhUiCIPTIuFRGburtc3CyrzaHFRIw","cgxZbT7fceXT4geFRGbGlBCVZm8VEgy-hg","cgxZdTXtI7OJuQvLDwao6UCosJDE9eHxMTY8gEqz0d_peo7jdZkx-VIAMrI","cgxZdTXtdcG6tEuJdXvQutPF5T9f5PwH_gYdemi9lzLfwedU1C6HL7A","cgxZdTXtfu-Qi3e4fmDzvTsiUwZO2dHkx7nsTvxKRauWXeJLbm-bub4","cgxZZT_eevCDpkKqAX7UqTvF4fQ","cgxZdTXtIuiOvlvLDwGh7NSCZ5Z4YO_wVFodTCzFNAZ-X0jGHZ-yOnkdI0Y","cgxZKmCLI7ve6QbJFQGt5_3OI56aY_uG-dGqFDdpLnsxyttEK8V4j28grgY"]
当前爆竹435511🧨，下一关需要4962000🧨
当前第27/27关
当前爆竹435511🧨，下一关需要4962000🧨
京东账号2孤傲的小小瞒
当前爆竹435511🧨


🔔京东炸年兽AR, 结束! 🕛 2.55 秒

