
🔔京东炸年兽AR, 开始!
您的cookie选择的是用&隔开


====================共有2个京东账号Cookie=========

==================脚本执行- 北京时间(UTC+8)：2/9/2021, 8:53:47 AM=====================

开始获取京东炸年兽AR配置文件

共2个京东账号

您提供了2个账号的京东炸年兽AR助力码


******开始【京东账号1】迷糊虫啊*********

开始
随机取20个码放到您固定的互助码后面(不影响已有固定互助)
第1个京东账号将要助力的好友["cgxZWifbeu-Wpm2AD0bol5Cu","cgxZ-tAo8DJqM5xu3ogeOY7OXkOQ2Lw_ympGPITqNcceAad8Y1ph2UOXS-LOq3PUCqmgYjpt-td3CYw18qw","cgxZdTXtIrzev12aC1eu5yr9cCz6N7HkgPrFkYPPzBDaaWjtjA3fokuFPMA","cgxZLWaFIb7S4gvPZ1jlo3Ru3_zhiy3nnTsS4mQaaZc","cgxZdTXtIL7Y6FuaWgyv61eL3J0uCQ35aZ34jGQi97g71mI3Bv1dZXCTE1Q","cgxZdTXtI72L4gybDgWqvIZG8VU-u6bEYP1gUpsPOeYW-O1l9yEXh1BjMio","cgxZdTXtILva6QzNDQGgvC3sZKsJwaB1jjLo-DX4c9Soa-eFx2ORSDC6ZDU","ec30dc223b0047b0958a9c1bf4b35211","\ncgxZciPIfP_d40KFawGu54ChWFzPKF4","cgxZdTXtI-mMuVuYDQT9vfM_J4vQr47zpuHwDBy7bagGeYtZ7Ec76FWQ9oQ&","cgxZdTXtI7vcvwmfAACh7eYJYxLBIDhBRyuSIr5RXJ21LNUvyKhZgDPosYM","cgxZeT3aJbPS70KFawPSmtzqaQ7M30Y","cgxZ-do6_ABbjNlVqUnljIHgkgkEgIyzCFWIxJW0","cAxZdTXtIL2L6VucDVSs791FiBc1CejwVH0sY8w8BohKXOYe1t1NV-K1HSI","cgxZdTXtTeGht3GIfV7YuJLDUKgwFmn6EN3W18lPu4usROh32VhWnfU","cgxZdTXtIbnfv1rJCgL7u5WY4mGXrhEheywRg4L3PJdbTC__oBWuwjZYg98","cgxZdTXtIOnduF-aDFH_vm4i6GRC-gduAGvO1zeXowmikYF_7R3BRY7MbbE","cgxZdTXtU8-jr0upVl3jvA777V83xRSwtI0Dd0pkMDxwyl79Y0xIf9c","cgxZdTXtILvd6wzODwOvvSjLMEgDh-qSTmMep6D4leZZp1WD55KdYI7KPKM","cgxZdTXtI7_d6w6dDwOpvs6inLB0PmrD081VFLy3KX8Nesmlqtn0IqZD47Q","cgxZdTXtI-iL7wrJDQavvIDTA3ZapOO03liR_WiUfAqvWigEvREWNbXqyaM","cgxZ-dUW8gp4PaR93akGN_WvnpsqqjRgLSRDnbyskTMkUHX3SDvSnIX_B7i441tC","cgxZeCvfd_ubpkKqDlf6qtcbszI","cgxZdTXtYfCrtnWbcELrvizoe2HOZvzu9S5TG8cXf0GQ6iK3iGWMJjo"]
当前爆竹170148🧨，下一关需要6082000🧨
当前第27/27关
当前爆竹170148🧨，下一关需要6082000🧨
京东账号1迷糊虫啊
当前爆竹170148🧨


******开始【京东账号2】孤傲的小小瞒*********

开始
随机取20个码放到您固定的互助码后面(不影响已有固定互助)
第2个京东账号将要助力的好友["cgxZWifbeu_a6gmFRGbg6Lh1SmQdF0DUmQ","cgxZdTXtIu6J7ljIXVGv6VoOs61gdyYXgT0ctAtCCykLsWw5accav11_0dI","cgxZ-fMU8RF0M5dV3r4QOsLKNQRnjyuoh9haQkLPPMH6fJjgVIkoZy5ww_K-I2JJ","cgxZ-OAB8S5NPaJF0LUYNl1oYE9tdRYPs2e2kWz3RrqEMgqutLWhZlw","cgxZdTXtIeiJuA6YXlP_5oI0nI2ZLDTX2HvKWS6HTMg7QrCmZIHqm-26qww","cgxZdTXtIe7SvwudDQ2h6FzciZlDvLmBpd60oUF_OTKZlBfq-X9e7Ablf_U","cgxZez7cc7zf6QjJCQWv7wijT8Zn2JaOhciuYggOPXBjdsotFA","cgxZdTXtIOiM7grPWQGtuyVvxe8jP2VORtWPO94UzHv-sDurvEfMU1jCfSw","cgxZdTXtTeOonli9T3fwtSdG_-PXeHFwtoiKWMSkDm1l_htOkOGGfWE&","cgxZdTXtRc-PuW6IYUPplJDgDbbUuiIdYBJUtzS5f45hUfK79Mt6j9Y","IgNWdiLGaPadv1edV1v-pt-xQ-RetluSKU2mhEFRlMwqkMGo-CY","cgxZdTXtIrqJ4gufDlf7uZiHVF9h1lZUFFqUoFzQ0DHrFOGOrRFXwTVRp7s","cgxZdTXtIr6Ivl3LWw3_ucCsD0PAupulVM995gZaUHjwAaTCZ5KbyCQLGso","cgxZfDnTeOPapkKqD1TMtgEezdA","cgxZcjDdbOOLtVOQCgGvo6zBVKPcTmWLrzZxKt359v-GjQ","cgxZdTXtILiJ7QrBXFGq7o8-RWTg6ihetTE0MHXnigEfTxywbqGWCShMGaM","cgxZK2eKIrzd4g_BFQeg69Ei67sUASdeuAVdd0UZ94TrYaFHywum0hh6Va8","IgNWdiLGaPaAvmHOXVCqu1_xfqBU35IsZAlIFiIG8UuGrR9Yir635FsnxQjmMjkl","cgxZdDjcc25SbNd8j0nljDFEgyOsZ6ajEBL2C9SV","cgxZdTXtV8ymiUqwYlzspuBh0c4pzt78l7MOPsAwzU-OrL1NrVcIN7U","cgxZdTXtcOafqWihTmPeqW7EZGbQ0FC4HflGHJiZgIjQ-Tm736iFBUw","cgxZKWeDIb7e7QzUAAet51bxEQVsWT18PGx6N3RF1VYMl7mPu_2BUfs","cgxZdTXtIrLc6AzKCAKh74-y1am9LzfSP1Niid_7lwXgsN6ooG5PInX49FI","cgxZdTXtI-vc7AzMClSu54nUEErXBFmH2VAR8u2BT7IMxKGoq6jnSNqzaAU"]
当前爆竹467691🧨，下一关需要4962000🧨
当前第27/27关
当前爆竹467691🧨，下一关需要4962000🧨
京东账号2孤傲的小小瞒
当前爆竹467691🧨


🔔京东炸年兽AR, 结束! 🕛 1.983 秒

