
🔔京喜农场, 开始!
开始获取配置文件

您的cookie选择的是用&隔开


====================共有2个京东账号Cookie=========

==================脚本执行- 北京时间(UTC+8)：2/3/2021, 9:00:02 AM=====================

您的京喜农场 token 选择的是用&隔开

您的京喜农场助力码选择的是用&隔开

共2个京东账号

您提供了2个账号的京喜农场助力码

************* 检查【京东账号1】173315279 cookie 是否有效 *************
开始【京东账号1】迷糊虫啊

由于您第1个京东账号未提供shareCode,将采纳本脚本自带的助力码
第1个京东账号将要助力的好友[""]
获取用户信息 & 任务列表
获取任务列表  总共3个任务！
账号未选择种子，请先去京喜农场选择种子。
如果选择 APP 专属种子，必须提供 token。

==============📣系统通知📣==============
京喜农场
【京东账号1】迷糊虫啊
账号未选择种子，请先去京喜农场选择种子。
如果选择 APP 专属种子，必须提供 token。

您未提供server酱的SCKEY，取消微信推送消息通知

您未提供push+推送所需的PUSH_PLUS_TOKEN，取消push+推送消息通知

您未提供Bark的APP推送BARK_PUSH，取消Bark推送消息通知

您未提供telegram机器人推送所需的TG_BOT_TOKEN和TG_USER_ID，取消telegram推送消息通知

您未提供钉钉机器人推送所需的DD_BOT_TOKEN或者DD_BOT_SECRET，取消钉钉推送消息通知

您未提供企业微信机器人推送所需的QYWX_KEY，取消企业微信推送消息通知

您未提供企业微信应用消息推送所需的QYWX_AM，取消企业微信应用消息推送消息通知

您未提供iGot的推送IGOT_PUSH_KEY，取消iGot推送消息通知

您未提供酷推的SKEY，取消QQ推送消息通知


************* 检查【京东账号2】浅草幻雪 cookie 是否有效 *************
开始【京东账号2】孤傲的小小瞒

由于您第2个京东账号未提供shareCode,将采纳本脚本自带的助力码
第2个京东账号将要助力的好友[""]
获取用户信息 & 任务列表
获取任务列表  总共3个任务！
账号未选择种子，请先去京喜农场选择种子。
如果选择 APP 专属种子，必须提供 token。

==============📣系统通知📣==============
京喜农场
【京东账号2】孤傲的小小瞒
账号未选择种子，请先去京喜农场选择种子。
如果选择 APP 专属种子，必须提供 token。

您未提供server酱的SCKEY，取消微信推送消息通知

您未提供push+推送所需的PUSH_PLUS_TOKEN，取消push+推送消息通知

您未提供Bark的APP推送BARK_PUSH，取消Bark推送消息通知

您未提供telegram机器人推送所需的TG_BOT_TOKEN和TG_USER_ID，取消telegram推送消息通知

您未提供钉钉机器人推送所需的DD_BOT_TOKEN或者DD_BOT_SECRET，取消钉钉推送消息通知

您未提供企业微信机器人推送所需的QYWX_KEY，取消企业微信推送消息通知

您未提供企业微信应用消息推送所需的QYWX_AM，取消企业微信应用消息推送消息通知

您未提供iGot的推送IGOT_PUSH_KEY，取消iGot推送消息通知

您未提供酷推的SKEY，取消QQ推送消息通知


🔔京喜农场, 结束! 🕛 2.095 秒

