
🔔京东炸年兽签到任务🧨, 开始!
您的cookie选择的是用&隔开


====================共有2个京东账号Cookie=========

==================脚本执行- 北京时间(UTC+8)：2/3/2021, 1:52:12 AM=====================


******开始【京东账号1】迷糊虫啊*********

当前爆竹279608🧨，下一关需要4962000🧨
去做七匹狼官方旗舰店店铺任务
店铺未签到，去签到
今日签到已达上限，明日再来吧~！
当前爆竹279608🧨，下一关需要4962000🧨
任务已做完！
如有未完成的任务，请多执行几次。注：目前入会任务不会做
如出现taskVos错误的，请更新USER_AGENTS.js或使用自定义UA功能
京东账号1迷糊虫啊


******开始【京东账号2】孤傲的小小瞒*********

当前爆竹325441🧨，下一关需要4962000🧨
去做gxg.jeans旗舰店店铺任务
店铺已签到过
去做喜临门京东自营旗舰店店铺任务
店铺已签到过
去做马丁京东自营旗舰店店铺任务
店铺已签到过
去做品珍鲜活官方旗舰店店铺任务
店铺已签到过
去做完美日记京东自营旗舰店店铺任务
店铺已签到过
去做科勒官方旗舰店店铺任务
店铺已签到过
去做博世电动工具京东自营旗舰店店铺任务
店铺已签到过
去做巴拉巴拉官方旗舰店店铺任务
店铺已签到过
去做维他奶京东自营旗舰店店铺任务
店铺已签到过
去做太平鸟男装旗舰店店铺任务
店铺已签到过
去做轻喜到家官方旗舰店店铺任务
店铺已签到过
去做利郎官方旗舰店店铺任务
店铺已签到过
去做鲜品屋食品京东自营旗舰店店铺任务
店铺已签到过
去做薇诺娜官方旗舰店店铺任务
店铺已签到过
去做松下官方旗舰店店铺任务
店铺已签到过
去做苏泊尔京东自营旗舰店店铺任务
店铺已签到过
去做读书郎家居旗舰店店铺任务
店铺已签到过
去做亿力京东自营旗舰店店铺任务
店铺已签到过
去做TeenieWeenieMen官方旗舰店店铺任务
店铺已签到过
去做科颜氏（Kiehl's）京东自营专区店铺任务
店铺已签到过
去做金橡树泰国乳胶床垫自营旗舰店店铺任务
店铺已签到过
去做雷士照明官方旗舰店店铺任务
店铺已签到过
去做玖姿官方店店铺任务
店铺未签到，去签到
今日签到已达上限，明日再来吧~！
当前爆竹325441🧨，下一关需要4962000🧨
任务已做完！
如有未完成的任务，请多执行几次。注：目前入会任务不会做
如出现taskVos错误的，请更新USER_AGENTS.js或使用自定义UA功能
京东账号2孤傲的小小瞒


🔔京东炸年兽签到任务🧨, 结束! 🕛 53.602 秒

