
🔔京东炸年兽签到任务🧨, 开始!
您的cookie选择的是用&隔开


====================共有2个京东账号Cookie=========

==================脚本执行- 北京时间(UTC+8)：2/4/2021, 12:52:01 AM=====================


******开始【京东账号1】迷糊虫啊*********

当前爆竹614390🧨，下一关需要4962000🧨
去做七匹狼官方旗舰店店铺任务
店铺未签到，去签到
签到成功，获得100爆竹🧨
去做鲜品屋食品京东自营旗舰店店铺任务
店铺未签到，去签到
签到成功，获得100爆竹🧨
去做轻喜到家官方旗舰店店铺任务
店铺未签到，去签到
签到成功，获得100爆竹🧨
去做维他奶京东自营旗舰店店铺任务
店铺未签到，去签到
签到成功，获得100爆竹🧨
去做利郎官方旗舰店店铺任务
店铺未签到，去签到
签到成功，获得100爆竹🧨
去做巴拉巴拉官方旗舰店店铺任务
店铺未签到，去签到
签到成功，获得100爆竹🧨
去做马丁京东自营旗舰店店铺任务
店铺未签到，去签到
签到成功，获得100爆竹🧨
去做中粮福临门米面京东自营旗舰店店铺任务
店铺未签到，去签到
签到成功，获得100爆竹🧨
去做A家家具旗舰店店铺任务
店铺未签到，去签到
签到成功，获得100爆竹🧨
去做夏娃之秀官方旗舰店店铺任务
店铺未签到，去签到
签到成功，获得100爆竹🧨
去做九牧王官方旗舰店店铺任务
店铺未签到，去签到
签到成功，获得100爆竹🧨
去做雷士照明官方旗舰店店铺任务
店铺未签到，去签到
签到成功，获得100爆竹🧨
去做芝华仕旗舰店店铺任务
店铺未签到，去签到
签到成功，获得100爆竹🧨
去做科颜氏（Kiehl's）京东自营专区店铺任务
店铺未签到，去签到
签到成功，获得100爆竹🧨
去做美特斯邦威官方旗舰店店铺任务
店铺未签到，去签到
签到成功，获得100爆竹🧨
去做卡西欧手表官方旗舰店店铺任务
店铺未签到，去签到
签到成功，获得100爆竹🧨
去做金橡树泰国乳胶床垫自营旗舰店店铺任务
店铺未签到，去签到
签到成功，获得100爆竹🧨
去做SK-II京东自营官方旗舰店店铺任务
店铺未签到，去签到
签到成功，获得100爆竹🧨
去做森马官方旗舰店店铺任务
店铺未签到，去签到
签到成功，获得100爆竹🧨
去做丽巢家居旗舰店店铺任务
店铺未签到，去签到
签到成功，获得100爆竹🧨
去做美素佳儿京东自营官方旗舰店店铺任务
店铺未签到，去签到
今日签到已达上限，明日再来吧~！
当前爆竹631390🧨，下一关需要4962000🧨
任务已做完！
如有未完成的任务，请多执行几次。注：目前入会任务不会做
如出现taskVos错误的，请更新USER_AGENTS.js或使用自定义UA功能
京东账号1迷糊虫啊


******开始【京东账号2】孤傲的小小瞒*********

当前爆竹429115🧨，下一关需要4962000🧨
去做gxg.jeans旗舰店店铺任务
店铺未签到，去签到
活动太火爆了
当前爆竹429115🧨，下一关需要4962000🧨
任务已做完！
如有未完成的任务，请多执行几次。注：目前入会任务不会做
如出现taskVos错误的，请更新USER_AGENTS.js或使用自定义UA功能
京东账号2孤傲的小小瞒


🔔京东炸年兽签到任务🧨, 结束! 🕛 52.167 秒

