
🔔京东炸年兽签到任务🧨, 开始!
您的cookie选择的是用&隔开


====================共有2个京东账号Cookie=========

==================脚本执行- 北京时间(UTC+8)：2/5/2021, 12:50:11 AM=====================


******开始【京东账号1】迷糊虫啊*********

当前爆竹342162🧨，下一关需要5482000🧨
去做gxg.jeans旗舰店店铺任务
店铺已签到过
去做喜临门京东自营旗舰店店铺任务
店铺已签到过
去做马丁京东自营旗舰店店铺任务
店铺已签到过
去做品珍鲜活官方旗舰店店铺任务
店铺已签到过
去做完美日记京东自营旗舰店店铺任务
店铺已签到过
去做科勒官方旗舰店店铺任务
店铺已签到过
去做博世电动工具京东自营旗舰店店铺任务
店铺已签到过
去做巴拉巴拉官方旗舰店店铺任务
店铺已签到过
去做维他奶京东自营旗舰店店铺任务
店铺已签到过
去做太平鸟男装旗舰店店铺任务
店铺已签到过
去做轻喜到家官方旗舰店店铺任务
店铺已签到过
去做利郎官方旗舰店店铺任务
店铺已签到过
去做鲜品屋食品京东自营旗舰店店铺任务
店铺已签到过
去做薇诺娜官方旗舰店店铺任务
店铺已签到过
去做松下官方旗舰店店铺任务
店铺已签到过
去做苏泊尔京东自营旗舰店店铺任务
店铺已签到过
去做读书郎家居旗舰店店铺任务
店铺已签到过
去做亿力京东自营旗舰店店铺任务
店铺已签到过
去做TeenieWeenieMen官方旗舰店店铺任务
店铺已签到过
去做金橡树泰国乳胶床垫自营旗舰店店铺任务
店铺已签到过
去做科颜氏（Kiehl's）京东自营专区店铺任务
店铺已签到过
去做雷士照明官方旗舰店店铺任务
店铺已签到过
去做玖姿官方店店铺任务
店铺已签到过
去做金牌厨柜旗舰店店铺任务
店铺已签到过
去做360京东自营旗舰店店铺任务
店铺已签到过
去做芝华仕旗舰店店铺任务
店铺已签到过
去做森马官方旗舰店店铺任务
店铺已签到过
去做美孚京东自营专区店铺任务
店铺已签到过
去做Dickies男鞋旗舰店店铺任务
店铺已签到过
去做A家家具旗舰店店铺任务
店铺已签到过
去做美特斯邦威官方旗舰店店铺任务
店铺已签到过
去做中粮福临门米面京东自营旗舰店店铺任务
店铺已签到过
去做星巴克家享咖啡京东旗舰店店铺任务
店铺已签到过
去做鱼跃京东自营旗舰店店铺任务
店铺已签到过
去做九牧王官方旗舰店店铺任务
店铺已签到过
去做安儿乐京东自营旗舰店店铺任务
店铺已签到过
去做金龙鱼京东自营旗舰店店铺任务
店铺已签到过
去做心相印京东自营官方旗舰店店铺任务
店铺已签到过
去做七匹狼官方旗舰店店铺任务
店铺已签到过
去做编程猫官方旗舰店店铺任务
店铺已签到过
去做美迪惠尔京东自营官方旗舰店店铺任务
店铺已签到过
去做珂润京东自营官方旗舰店店铺任务
店铺已签到过
去做海澜之家官方旗舰店店铺任务
店铺已签到过
去做惠氏（Wyeth）京东自营官方旗舰店店铺任务
店铺已签到过
去做三只松鼠京东自营旗舰店店铺任务
店铺已签到过
去做SK-II京东自营官方旗舰店店铺任务
店铺已签到过
去做慕思官方旗舰店店铺任务
店铺已签到过
去做美素佳儿京东自营官方旗舰店店铺任务
店铺已签到过
去做溜溜梅京东自营旗舰店店铺任务
店铺已签到过
去做米其林轮胎京东自营旗舰店店铺任务
店铺已签到过
去做丽巢家居旗舰店店铺任务
店铺已签到过
去做卡西欧手表官方旗舰店店铺任务
店铺已签到过
去做阿卡索外教网店铺任务
店铺已签到过
去做天梭京东自营品牌授权旗舰店店铺任务
店铺已签到过
去做夏娃之秀官方旗舰店店铺任务
店铺已签到过
去做德青源京东自营旗舰店店铺任务
店铺已签到过
去做兰蔻京东自营官方体验零售店店铺任务
店铺已签到过
去做迪奥（Dior）美妆京东自营专区店铺任务
店铺已签到过
去做Little Freddie小皮官方自营旗舰店店铺任务
店铺已签到过
去做雷士照明京东自营官方旗舰店店铺任务
店铺已签到过
去做雅戈尔官方旗舰店店铺任务
店铺已签到过
去做维德（WELLDAY）京东自营旗舰店店铺任务
店铺已签到过
去做芬腾官方旗舰店店铺任务
店铺已签到过
去做臻味自营旗舰店店铺任务
店铺已签到过
去做良品铺子京东自营旗舰店店铺任务
店铺已签到过
去做安踏儿童旗舰店店铺任务
店铺已签到过
去做秋芙罗官方旗舰店店铺任务
店铺已签到过
去做Boy London官方旗舰店店铺任务
店铺已签到过
去做泸州老窖京东自营旗舰店店铺任务
店铺已签到过
去做坚果投影京东自营官方旗舰店店铺任务
店铺已签到过
去做网易严选官方旗舰店店铺任务
店铺已签到过
去做WECOOK生鲜官方旗舰店店铺任务
店铺已签到过
去做美享时刻旗舰店店铺任务
店铺已签到过
去做九牧官方旗舰店店铺任务
店铺已签到过
去做HAZZYS旗舰店店铺任务
店铺已签到过
当前爆竹342162🧨，下一关需要5482000🧨
任务已做完！
如有未完成的任务，请多执行几次。注：目前入会任务不会做
如出现taskVos错误的，请更新USER_AGENTS.js或使用自定义UA功能
京东账号1迷糊虫啊


******开始【京东账号2】孤傲的小小瞒*********

当前爆竹435511🧨，下一关需要4962000🧨
去做gxg.jeans旗舰店店铺任务
店铺已签到过
去做喜临门京东自营旗舰店店铺任务
店铺已签到过
去做马丁京东自营旗舰店店铺任务
店铺已签到过
去做品珍鲜活官方旗舰店店铺任务
店铺已签到过
去做完美日记京东自营旗舰店店铺任务
店铺已签到过
去做科勒官方旗舰店店铺任务
店铺已签到过
去做博世电动工具京东自营旗舰店店铺任务
店铺已签到过
去做巴拉巴拉官方旗舰店店铺任务
店铺已签到过
去做维他奶京东自营旗舰店店铺任务
店铺已签到过
去做太平鸟男装旗舰店店铺任务
店铺已签到过
去做轻喜到家官方旗舰店店铺任务
店铺已签到过
去做利郎官方旗舰店店铺任务
店铺已签到过
去做鲜品屋食品京东自营旗舰店店铺任务
店铺已签到过
去做薇诺娜官方旗舰店店铺任务
店铺已签到过
去做松下官方旗舰店店铺任务
店铺已签到过
去做苏泊尔京东自营旗舰店店铺任务
店铺已签到过
去做读书郎家居旗舰店店铺任务
店铺已签到过
去做亿力京东自营旗舰店店铺任务
店铺已签到过
去做TeenieWeenieMen官方旗舰店店铺任务
店铺已签到过
去做金橡树泰国乳胶床垫自营旗舰店店铺任务
店铺已签到过
去做科颜氏（Kiehl's）京东自营专区店铺任务
店铺已签到过
去做雷士照明官方旗舰店店铺任务
店铺已签到过
去做玖姿官方店店铺任务
店铺已签到过
去做金牌厨柜旗舰店店铺任务
店铺已签到过
去做360京东自营旗舰店店铺任务
店铺已签到过
去做芝华仕旗舰店店铺任务
店铺已签到过
去做森马官方旗舰店店铺任务
店铺已签到过
去做美孚京东自营专区店铺任务
店铺已签到过
去做Dickies男鞋旗舰店店铺任务
店铺已签到过
去做A家家具旗舰店店铺任务
店铺已签到过
去做美特斯邦威官方旗舰店店铺任务
店铺已签到过
去做中粮福临门米面京东自营旗舰店店铺任务
店铺已签到过
去做星巴克家享咖啡京东旗舰店店铺任务
店铺已签到过
去做鱼跃京东自营旗舰店店铺任务
店铺已签到过
去做九牧王官方旗舰店店铺任务
店铺已签到过
去做安儿乐京东自营旗舰店店铺任务
店铺已签到过
去做金龙鱼京东自营旗舰店店铺任务
店铺已签到过
去做心相印京东自营官方旗舰店店铺任务
店铺已签到过
去做七匹狼官方旗舰店店铺任务
店铺已签到过
去做编程猫官方旗舰店店铺任务
店铺已签到过
去做美迪惠尔京东自营官方旗舰店店铺任务
店铺已签到过
去做珂润京东自营官方旗舰店店铺任务
店铺已签到过
去做海澜之家官方旗舰店店铺任务
店铺已签到过
去做惠氏（Wyeth）京东自营官方旗舰店店铺任务
店铺已签到过
去做三只松鼠京东自营旗舰店店铺任务
店铺已签到过
去做SK-II京东自营官方旗舰店店铺任务
店铺已签到过
去做慕思官方旗舰店店铺任务
店铺已签到过
去做美素佳儿京东自营官方旗舰店店铺任务
店铺已签到过
去做溜溜梅京东自营旗舰店店铺任务
店铺已签到过
去做米其林轮胎京东自营旗舰店店铺任务
店铺已签到过
去做丽巢家居旗舰店店铺任务
店铺已签到过
去做卡西欧手表官方旗舰店店铺任务
店铺已签到过
去做阿卡索外教网店铺任务
店铺已签到过
去做天梭京东自营品牌授权旗舰店店铺任务
店铺已签到过
去做夏娃之秀官方旗舰店店铺任务
店铺已签到过
去做德青源京东自营旗舰店店铺任务
店铺已签到过
去做兰蔻京东自营官方体验零售店店铺任务
店铺已签到过
去做迪奥（Dior）美妆京东自营专区店铺任务
店铺已签到过
去做Little Freddie小皮官方自营旗舰店店铺任务
店铺已签到过
去做雷士照明京东自营官方旗舰店店铺任务
店铺已签到过
去做雅戈尔官方旗舰店店铺任务
店铺已签到过
去做维德（WELLDAY）京东自营旗舰店店铺任务
店铺已签到过
去做芬腾官方旗舰店店铺任务
店铺已签到过
去做臻味自营旗舰店店铺任务
店铺已签到过
去做良品铺子京东自营旗舰店店铺任务
店铺已签到过
去做安踏儿童旗舰店店铺任务
店铺已签到过
去做秋芙罗官方旗舰店店铺任务
店铺已签到过
去做Boy London官方旗舰店店铺任务
店铺已签到过
去做泸州老窖京东自营旗舰店店铺任务
店铺已签到过
去做坚果投影京东自营官方旗舰店店铺任务
店铺已签到过
去做网易严选官方旗舰店店铺任务
店铺已签到过
去做WECOOK生鲜官方旗舰店店铺任务
店铺已签到过
去做美享时刻旗舰店店铺任务
店铺已签到过
去做九牧官方旗舰店店铺任务
店铺已签到过
去做HAZZYS旗舰店店铺任务
店铺已签到过
当前爆竹435511🧨，下一关需要4962000🧨
任务已做完！
如有未完成的任务，请多执行几次。注：目前入会任务不会做
如出现taskVos错误的，请更新USER_AGENTS.js或使用自定义UA功能
京东账号2孤傲的小小瞒


🔔京东炸年兽签到任务🧨, 结束! 🕛 327.303 秒

