
🔔半点红包雨, 开始!
您的cookie选择的是用&隔开


====================共有2个京东账号Cookie=========

==================脚本执行- 北京时间(UTC+8)：2/6/2021, 9:30:02 PM=====================

下一场红包雨id：RRA2VFFiPMXaspNre68GLyvRPU1vGxA
下一场红包雨开始时间：Fri Feb 05 2021 14:30:00 GMT+0800 (China Standard Time)
下一场红包雨结束时间：Fri Feb 05 2021 14:32:00 GMT+0800 (China Standard Time)
远程红包雨配置获取错误，从本地读取配置
本地红包雨配置获取成功

******开始【京东账号1】迷糊虫啊*********


==============📣系统通知📣==============
半点红包雨
【京东账号1】迷糊虫啊
活动太火爆，请稍后再试~

******开始【京东账号2】孤傲的小小瞒*********


==============📣系统通知📣==============
半点红包雨
【京东账号2】孤傲的小小瞒
活动太火爆，请稍后再试~

🔔半点红包雨, 结束! 🕛 6.312 秒

