
🔔半点红包雨, 开始!
您的cookie选择的是用&隔开


====================共有2个京东账号Cookie=========

==================脚本执行- 北京时间(UTC+8)：2/3/2021, 9:31:02 PM=====================

下一场红包雨id：RRA85AvVYJBvkmwpDhn4Y9cMRXV9mH
下一场红包雨开始时间：Wed Feb 03 2021 21:30:00 GMT+0800 (China Standard Time)
下一场红包雨结束时间：Wed Feb 03 2021 21:32:00 GMT+0800 (China Standard Time)
远程红包雨配置获取成功

******开始【京东账号1】迷糊虫啊*********

今日次数已满

==============📣系统通知📣==============
半点红包雨
【京东账号1】迷糊虫啊
领取失败，本场已领过

******开始【京东账号2】孤傲的小小瞒*********

今日次数已满

==============📣系统通知📣==============
半点红包雨
【京东账号2】孤傲的小小瞒
领取失败，本场已领过

🔔半点红包雨, 结束! 🕛 6.214 秒

