
🔔京东排行榜, 开始!
"connect ECONNREFUSED 151.101.228.133:443"

🔔京东排行榜, 开始!
您的cookie选择的是用&隔开


====================共有2个京东账号Cookie=========

==================脚本执行- 北京时间(UTC+8)：2/5/2021, 12:15:18 AM=====================

今日王牌-逛商品
响应成功
今日王牌-逛商品
响应成功
今日王牌-逛商品
响应成功
今日王牌-逛会场
响应成功
今日王牌-关注店铺
响应成功
开始签到
响应成功

==============📣系统通知📣==============
京东排行榜
京东账号：迷糊虫啊
获得京豆：4个
请点击通知跳转至APP查看

***************开始京东账号2***************
今日王牌-逛商品
响应成功
今日王牌-逛商品
京东排行榜CDN缓存刷新成功
响应成功
今日王牌-逛商品
响应成功
今日王牌-逛会场
响应成功
今日王牌-关注店铺
响应成功
开始签到
响应成功

==============📣系统通知📣==============
京东排行榜
京东账号：孤傲的小小瞒
获得京豆：13个
请点击通知跳转至APP查看

🔔京东排行榜, 结束! 🕛 15.324 秒

