
🔔京喜工厂, 开始!
您的cookie选择的是用&隔开


====================共有2个京东账号Cookie=========

==================脚本执行- 北京时间(UTC+8)：2/7/2021, 11:23:44 PM=====================

"Response code 404 (Not Found)"
"connect ECONNREFUSED 151.101.228.133:443"
"Response code 404 (Not Found)"
开始获取京喜工厂配置文件

tuanActiveId: 6S9y4sJUfA2vPQP6TLdVIQ==
您的互助码选择的是用&隔开

共2个京东账号

您提供了2个账号的京喜工厂助力码


******开始【京东账号1】迷糊虫啊*********

st:_time:1612711428944&materialTuanId:&materialTuanPin:&pin:&sharePin:&shareType:&source:&zone:dream_factory

再加电力可开红包

当前电力：527400
当前等级：1

【京东账号1（迷糊虫啊）的京喜工厂好友互助码】oY9gHgdBtYMXDVcUWMNL4w==
已投入电力：134100
所需电力：150000
生产进度：89.40%
【今日招工进度】0/8
开始
随机取20个码放到您固定的互助码后面(不影响已有固定互助)
第1个京东账号将要助力的好友["xYd7cjQ3c1LyUse79rEFnw==","6E5_eFU3YHRLTljqYh_B1fg9iKwFvbWQsugw1xHcY3Q=","540bj4eZfgx_G4gtfA4_9A==","5AnP-NWntIbO2rEf58NCnA==","SLuUULb8b6Dt3JR6ye39Yg==","qdiAHDldYmQ1o9P5Yv6bcA==","or9fQ0CKE2KHuGwyzS0xbw==","_G0qPBcIiqCn6ugLdD2D8Q==","qVerTbKBe6vKlHSxgNE3jQ==","mo9sul6zMG5WGbX8AvnagA==","yWUxgv4r67WcmAlUibOUDg==","FGPh5B1BBLo0HQfv-zrsBQ==","71-XPHOY3YVxo9aj16e9xg==","7AFLe2jYNbBCAMN8IVtYmQ==","Di_UduJ40N4lk-4GYovx9w==","0RL7sLqfirHRMe35ZWjUdw==","yY4MhWFhGZ0eUp7F1UubKA==","od2QweQu5FTjcWfEaNTzTA==","SsMtWQ0iVAlKuSMC04k--Q==","DwJYsJBWWuMUDWqCzAM2gA==","RhgaTB6iAtOyYPP84NjO7Q==","B5Gg8O_6Q7mISkq8GWM1mQ==","pE02m3dNUs0rMeepK3p8Qw==","suU3pBD6VKEdE3sVq7IL0g=="]
助力朋友[xYd7cjQ3c1LyUse79rEFnw==]失败：亲,好友的工厂的工人已经满员了,不能去好友工厂打工啦!
助力朋友[6E5_eFU3YHRLTljqYh_B1fg9iKwFvbWQsugw1xHcY3Q=]失败：亲,好友的工厂的工人已经满员了,不能去好友工厂打工啦!
助力朋友[540bj4eZfgx_G4gtfA4_9A==]失败：亲,好友的工厂暂未开启,不能去好友工厂打工啦!
助力朋友[5AnP-NWntIbO2rEf58NCnA==]失败：亲,好友的工厂的工人已经满员了,不能去好友工厂打工啦!
助力朋友[SLuUULb8b6Dt3JR6ye39Yg==]失败：亲,好友的工厂的工人已经满员了,不能去好友工厂打工啦!
助力朋友[qdiAHDldYmQ1o9P5Yv6bcA==]失败：亲,好友的工厂暂未开启,不能去好友工厂打工啦!
助力朋友[or9fQ0CKE2KHuGwyzS0xbw==]失败：亲,好友的工厂暂未开启,不能去好友工厂打工啦!
助力朋友[_G0qPBcIiqCn6ugLdD2D8Q==]失败：亲,好友的工厂的工人已经满员了,不能去好友工厂打工啦!
助力朋友[qVerTbKBe6vKlHSxgNE3jQ==]失败：亲,好友的工厂的工人已经满员了,不能去好友工厂打工啦!
助力朋友[mo9sul6zMG5WGbX8AvnagA==]失败：亲,好友的工厂暂未开启,不能去好友工厂打工啦!
助力朋友[yWUxgv4r67WcmAlUibOUDg==]失败：亲,好友的工厂的工人已经满员了,不能去好友工厂打工啦!
助力朋友[FGPh5B1BBLo0HQfv-zrsBQ==]失败：亲,好友的工厂的工人已经满员了,不能去好友工厂打工啦!
助力朋友[71-XPHOY3YVxo9aj16e9xg==]失败：亲,好友的工厂暂未开启,不能去好友工厂打工啦!
助力朋友[7AFLe2jYNbBCAMN8IVtYmQ==]失败：亲,好友的工厂的工人已经满员了,不能去好友工厂打工啦!
助力朋友[Di_UduJ40N4lk-4GYovx9w==]失败：亲,好友的工厂的工人已经满员了,不能去好友工厂打工啦!
助力朋友[0RL7sLqfirHRMe35ZWjUdw==]失败：亲,好友的工厂的工人已经满员了,不能去好友工厂打工啦!
"Response code 401 (Unauthorized)"
京喜工厂 API请求失败，请检查网路重试
助力朋友[yY4MhWFhGZ0eUp7F1UubKA==]失败：undefined
助力朋友[od2QweQu5FTjcWfEaNTzTA==]失败：亲,好友的工厂的工人已经满员了,不能去好友工厂打工啦!
"Response code 401 (Unauthorized)"
京喜工厂 API请求失败，请检查网路重试
助力朋友[SsMtWQ0iVAlKuSMC04k--Q==]失败：undefined
"Response code 401 (Unauthorized)"
京喜工厂 API请求失败，请检查网路重试
助力朋友[DwJYsJBWWuMUDWqCzAM2gA==]失败：undefined
助力朋友[RhgaTB6iAtOyYPP84NjO7Q==]失败：亲,好友的工厂的工人已经满员了,不能去好友工厂打工啦!
助力朋友[B5Gg8O_6Q7mISkq8GWM1mQ==]失败：亲,好友的工厂的工人已经满员了,不能去好友工厂打工啦!
助力朋友[pE02m3dNUs0rMeepK3p8Qw==]失败：亲,好友的工厂暂未开启,不能去好友工厂打工啦!
助力朋友[suU3pBD6VKEdE3sVq7IL0g==]失败：亲,好友的工厂的工人已经满员了,不能去好友工厂打工啦!

nextCollectDoubleFlag::1
nextCollectDoubleType::1

下次集满收取可双倍电力
发电机：当前 0 电力，最大值 300 电力
完成任务：共领取0电力
投入失败，生产失效了，请稍后重试~
自家地下暂无零件可收
今日收取零件已达上限，偷好友零件也达到上限，故跳出

团活动ID  6S9y4sJUfA2vPQP6TLdVIQ==
团ID  314qVQPUppGl4GkxRrbPUA==

今日剩余开团次数：3次
st:_time:1612711434894&activeId:&tuanId:

之前的团已过期，准备重新开团

st:_time:1612711435109&activeId:&isOpenApp:

异常：{"msg":"活动已结束，请稍后再试~","nowTime":1612711435,"ret":10218}

开团情况:1/10


此团未达领取团奖励人数：10人

12/26/2020, 10:14:28 AM参加团主【oY9gHgdBtYMXDVcUWMNL4w==】失败

【京东账号1】迷糊虫啊
【生产商品】保鲜5件套
【当前等级】学徒 1
【生产进度】89.40%
【招工进度】0/8
【发电机电力】当前 0 电力，未达到收获标准
【每日任务】领奖成功，共计 0 电力
【投入电力】投入失败，生产失效了，请稍后重试~
【收取自己零件】今日已达上限
【收取好友零件】今日已达上限


******开始【京东账号2】孤傲的小小瞒*********

st:_time:1612711435749&materialTuanId:&materialTuanPin:&pin:&sharePin:&shareType:&source:&zone:dream_factory

再加电力可开红包

当前电力：531100
当前等级：1

【京东账号2（孤傲的小小瞒）的京喜工厂好友互助码】jzrCtGVS7-j8YCUeB8oW6Q==
已投入电力：134000
所需电力：150000
生产进度：89.33%
【今日招工进度】0/8
开始
随机取20个码放到您固定的互助码后面(不影响已有固定互助)
第2个京东账号将要助力的好友["CNt5BX1eD8Tw-Wq045YSWg==","phEELHGm3o7VKPIyiBO3Vw==","z-tDlNURI5HvM4MtehtjDA==","dzM8y-1G-D1pt6If32xQ0A==","cjTHKM3iyqatp27rnqL_Dw==","Q-dt-s7Qq6otAlarmFGatw==","Bu32YtV-Uv9K7F9Y7AiYUg==","3NIBJh0TEVgBoZQ4xwRCfw==","LdWXKWq9BNlu82yRphb7tA==","SF4qP5HBWwg-TNY-CYKnjg==","NvPJ8MnKVeq4qV6HRb0i9g==","i5gi8o8at_VoJOoC5aV30A==","6p7m9W7sswPeu5wqkW9N0g==","WcaBcPkFuNhm5EvdSOiO9Q==","Vx9z5N0Hvanzf2lIX-YhdQ==","bkmLBEDieljo6CpqyzZnCA==","EwHM-_ZfSwa0Ydy027SV5Q==","izT7CmiGtCYivuguCHsVjA==","d2WnqcTOqEVRa90XeboHVw==","Kgn6un4j9_lT2L-IbgkQrA==","jaJgqkC2NgXiKJAVUmEMTw==","pyXNTsQhVMrcw-QvOk_omA==","db64L1ePIoh5ZArW0nQWFQ==","gbMeYRRYlxp6kziGMX7DoQ=="]
助力朋友[CNt5BX1eD8Tw-Wq045YSWg==]失败：亲,好友的工厂暂未开启,不能去好友工厂打工啦!
助力朋友[phEELHGm3o7VKPIyiBO3Vw==]失败：亲,好友的工厂的工人已经满员了,不能去好友工厂打工啦!
助力朋友[z-tDlNURI5HvM4MtehtjDA==]失败：亲,好友的工厂的工人已经满员了,不能去好友工厂打工啦!
助力朋友[dzM8y-1G-D1pt6If32xQ0A==]失败：亲,好友的工厂的工人已经满员了,不能去好友工厂打工啦!
助力朋友[cjTHKM3iyqatp27rnqL_Dw==]失败：亲,好友的工厂暂未开启,不能去好友工厂打工啦!
助力朋友[Q-dt-s7Qq6otAlarmFGatw==]失败：亲,好友的工厂的工人已经满员了,不能去好友工厂打工啦!
助力朋友[Bu32YtV-Uv9K7F9Y7AiYUg==]失败：亲,好友的工厂暂未开启,不能去好友工厂打工啦!
助力朋友[3NIBJh0TEVgBoZQ4xwRCfw==]失败：亲,好友的工厂的工人已经满员了,不能去好友工厂打工啦!
助力朋友[LdWXKWq9BNlu82yRphb7tA==]失败：亲,好友的工厂的工人已经满员了,不能去好友工厂打工啦!
助力朋友[SF4qP5HBWwg-TNY-CYKnjg==]失败：亲,好友的工厂暂未开启,不能去好友工厂打工啦!
助力朋友[NvPJ8MnKVeq4qV6HRb0i9g==]失败：亲,好友的工厂的工人已经满员了,不能去好友工厂打工啦!
助力朋友[i5gi8o8at_VoJOoC5aV30A==]失败：亲,好友的工厂的工人已经满员了,不能去好友工厂打工啦!
助力朋友[6p7m9W7sswPeu5wqkW9N0g==]失败：亲,好友的工厂的工人已经满员了,不能去好友工厂打工啦!
助力朋友[WcaBcPkFuNhm5EvdSOiO9Q==]失败：亲,好友的工厂的工人已经满员了,不能去好友工厂打工啦!
"Response code 401 (Unauthorized)"
京喜工厂 API请求失败，请检查网路重试
助力朋友[Vx9z5N0Hvanzf2lIX-YhdQ==]失败：undefined
助力朋友[bkmLBEDieljo6CpqyzZnCA==]失败：亲,好友的工厂的工人已经满员了,不能去好友工厂打工啦!
助力朋友[EwHM-_ZfSwa0Ydy027SV5Q==]失败：亲,好友的工厂的工人已经满员了,不能去好友工厂打工啦!
"Response code 401 (Unauthorized)"
京喜工厂 API请求失败，请检查网路重试
助力朋友[izT7CmiGtCYivuguCHsVjA==]失败：undefined
助力朋友[d2WnqcTOqEVRa90XeboHVw==]失败：亲,好友的工厂的工人已经满员了,不能去好友工厂打工啦!
助力朋友[Kgn6un4j9_lT2L-IbgkQrA==]失败：亲,好友的工厂暂未开启,不能去好友工厂打工啦!
助力朋友[jaJgqkC2NgXiKJAVUmEMTw==]失败：亲,好友的工厂的工人已经满员了,不能去好友工厂打工啦!
助力朋友[pyXNTsQhVMrcw-QvOk_omA==]失败：亲,好友的工厂的工人已经满员了,不能去好友工厂打工啦!
助力朋友[db64L1ePIoh5ZArW0nQWFQ==]失败：亲,好友的工厂暂未开启,不能去好友工厂打工啦!
助力朋友[gbMeYRRYlxp6kziGMX7DoQ==]失败：亲,好友的工厂的工人已经满员了,不能去好友工厂打工啦!

nextCollectDoubleFlag::1
nextCollectDoubleType::1

下次集满收取可双倍电力
发电机：当前 0 电力，最大值 300 电力
完成任务：共领取0电力
投入失败，生产失效了，请稍后重试~
自家地下暂无零件可收
今日收取零件已达上限，偷好友零件也达到上限，故跳出

团活动ID  6S9y4sJUfA2vPQP6TLdVIQ==
团ID  

今日剩余开团次数：3次
准备开团
st:_time:1612711441897&activeId:&isOpenApp:

异常：{"msg":"活动已结束，请稍后再试~","nowTime":1612711442,"ret":10218}

【京东账号2】孤傲的小小瞒
【生产商品】香蓓柔洗衣液
【当前等级】学徒 1
【生产进度】89.33%
【招工进度】0/8
【发电机电力】当前 0 电力，未达到收获标准
【每日任务】领奖成功，共计 0 电力
【投入电力】投入失败，生产失效了，请稍后重试~
【收取自己零件】今日已达上限
【收取好友零件】今日已达上限

浅草幻雪去参加第一个cookie账号开的团
参团失败：{"msg":"活动已结束，请稍后再试~","nowTime":1612711442,"ret":10218}
173315279去参加第一个cookie账号开的团
参团失败：{"msg":"活动已结束，请稍后再试~","nowTime":1612711442,"ret":10218}

🔔京喜工厂, 结束! 🕛 18.19 秒

