
🔔京喜工厂, 开始!
您的cookie选择的是用&隔开


====================共有2个京东账号Cookie=========

==================脚本执行- 北京时间(UTC+8)：2/3/2021, 11:23:22 AM=====================

"Response code 404 (Not Found)"
"connect ECONNREFUSED 151.101.108.133:443"
"Response code 404 (Not Found)"
开始获取京喜工厂配置文件

tuanActiveId: 6S9y4sJUfA2vPQP6TLdVIQ==
您的互助码选择的是用&隔开

共2个京东账号

您提供了2个账号的京喜工厂助力码


******开始【京东账号1】迷糊虫啊*********

st:_time:1612322606113&materialTuanId:&materialTuanPin:&pin:&sharePin:&shareType:&source:&zone:dream_factory

再加电力可开红包

当前电力：463800
当前等级：1

【京东账号1（迷糊虫啊）的京喜工厂好友互助码】oY9gHgdBtYMXDVcUWMNL4w==
已投入电力：134100
所需电力：150000
生产进度：89.40%
【今日招工进度】0/8
开始
随机取20个码放到您固定的互助码后面(不影响已有固定互助)
第1个京东账号将要助力的好友["xYd7cjQ3c1LyUse79rEFnw==","6E5_eFU3YHRLTljqYh_B1fg9iKwFvbWQsugw1xHcY3Q=","540bj4eZfgx_G4gtfA4_9A==","5AnP-NWntIbO2rEf58NCnA==","d028456af190ce112b779140e6d191e6","GkN8po_wv4ZuAiD3DMeEPg==","Nc7nOat8v04wQGzl8OS1Kg==","eoU43opXAJb7iP7iAi_O7A==","KS4Azi0FEpO45JfEqQmUsw==","0o-MRvYX-ZWydQNBD2fQYg==","EV5sMq_gGICadhTtffyJmg==","0xc7zp7Mtaj1bXXKkdjRSg==","_DXvjJDyjT8il0mZAHyhCg==","L19EP1WGkl7PXCN6Nv7H_Q==","HsQm-NW6q2dY1lAXmlrMOw==","8NteZ-6QAA08BWIJx3RObA==","fVVirbEmZCnTebl15SlUPg==","FWRcI_luiiBShZUNoipzug==","dP0Lk1J2hESgyVMPEt19_g==","l9_1OdmswG5I3xKEyRWlBQ==","YEyWU4KASyHVRPnD_lL9RA==","bnm_7ApmZVNt81izeRpcyg==","2-gtOvWWFkNfS4Q-4ntCSA==","SdCFnHDBiuqjEObi9jWfig=="]
助力朋友[xYd7cjQ3c1LyUse79rEFnw==]失败：亲,好友的工厂的工人已经满员了,不能去好友工厂打工啦!
助力朋友[6E5_eFU3YHRLTljqYh_B1fg9iKwFvbWQsugw1xHcY3Q=]失败：亲,好友的工厂的工人已经满员了,不能去好友工厂打工啦!
助力朋友[540bj4eZfgx_G4gtfA4_9A==]失败：亲,好友的工厂暂未开启,不能去好友工厂打工啦!
助力朋友[5AnP-NWntIbO2rEf58NCnA==]失败：亲,好友的工厂的工人已经满员了,不能去好友工厂打工啦!
助力朋友[d028456af190ce112b779140e6d191e6]失败：亲,好友的工厂暂未开启,不能去好友工厂打工啦!
助力朋友[GkN8po_wv4ZuAiD3DMeEPg==]失败：亲,好友的工厂的工人已经满员了,不能去好友工厂打工啦!
助力朋友[Nc7nOat8v04wQGzl8OS1Kg==]失败：亲,好友的工厂的工人已经满员了,不能去好友工厂打工啦!
助力朋友[eoU43opXAJb7iP7iAi_O7A==]失败：亲,好友的工厂的工人已经满员了,不能去好友工厂打工啦!
助力朋友[KS4Azi0FEpO45JfEqQmUsw==]失败：亲,好友的工厂的工人已经满员了,不能去好友工厂打工啦!
助力朋友[0o-MRvYX-ZWydQNBD2fQYg==]失败：亲,好友的工厂的工人已经满员了,不能去好友工厂打工啦!
助力朋友[EV5sMq_gGICadhTtffyJmg==]失败：亲,好友的工厂暂未开启,不能去好友工厂打工啦!
助力朋友[0xc7zp7Mtaj1bXXKkdjRSg==]失败：亲,好友的工厂的工人已经满员了,不能去好友工厂打工啦!
助力朋友[_DXvjJDyjT8il0mZAHyhCg==]失败：亲,好友的工厂的工人已经满员了,不能去好友工厂打工啦!
助力朋友[L19EP1WGkl7PXCN6Nv7H_Q==]失败：亲,好友的工厂的工人已经满员了,不能去好友工厂打工啦!
助力朋友[HsQm-NW6q2dY1lAXmlrMOw==]失败：亲,好友的工厂的工人已经满员了,不能去好友工厂打工啦!
助力朋友[8NteZ-6QAA08BWIJx3RObA==]失败：亲,好友的工厂暂未开启,不能去好友工厂打工啦!
助力朋友[fVVirbEmZCnTebl15SlUPg==]失败：亲,好友的工厂暂未开启,不能去好友工厂打工啦!
助力朋友[FWRcI_luiiBShZUNoipzug==]失败：亲,好友的工厂暂未开启,不能去好友工厂打工啦!
"Response code 401 (Unauthorized)"
京喜工厂 API请求失败，请检查网路重试
助力朋友[dP0Lk1J2hESgyVMPEt19_g==]失败：undefined
"Response code 401 (Unauthorized)"
京喜工厂 API请求失败，请检查网路重试
助力朋友[l9_1OdmswG5I3xKEyRWlBQ==]失败：undefined
助力朋友[YEyWU4KASyHVRPnD_lL9RA==]失败：亲,好友的工厂的工人已经满员了,不能去好友工厂打工啦!
助力朋友[bnm_7ApmZVNt81izeRpcyg==]失败：亲,好友的工厂的工人已经满员了,不能去好友工厂打工啦!
助力朋友[2-gtOvWWFkNfS4Q-4ntCSA==]失败：亲,好友的工厂暂未开启,不能去好友工厂打工啦!
助力朋友[SdCFnHDBiuqjEObi9jWfig==]失败：亲,好友的工厂的工人已经满员了,不能去好友工厂打工啦!

nextCollectDoubleFlag::1
nextCollectDoubleType::1

下次集满收取可双倍电力
发电机：当前 0 电力，最大值 300 电力
任务：每日11-14点巡厂检查可完成
领取每日11-14点巡厂检查任务奖励成功，收获：1000电力
完成任务：共领取1000电力
投入失败，生产失效了，请稍后重试~
自家地下暂无零件可收
今日收取零件已达上限，偷好友零件也达到上限，故跳出

团活动ID  6S9y4sJUfA2vPQP6TLdVIQ==
团ID  314qVQPUppGl4GkxRrbPUA==

今日剩余开团次数：3次
st:_time:1612322613527&activeId:&tuanId:

之前的团已过期，准备重新开团

st:_time:1612322613679&activeId:&isOpenApp:

异常：{"msg":"活动已结束，请稍后再试~","nowTime":1612322613,"ret":10218}

开团情况:1/10


此团未达领取团奖励人数：10人

12/26/2020, 10:14:28 AM参加团主【oY9gHgdBtYMXDVcUWMNL4w==】失败

【京东账号1】迷糊虫啊
【生产商品】保鲜5件套
【当前等级】学徒 1
【生产进度】89.40%
【招工进度】0/8
【发电机电力】当前 0 电力，未达到收获标准
【每日任务】领奖成功，共计 1000 电力
【投入电力】投入失败，生产失效了，请稍后重试~
【收取自己零件】今日已达上限
【收取好友零件】今日已达上限


******开始【京东账号2】孤傲的小小瞒*********

st:_time:1612322614323&materialTuanId:&materialTuanPin:&pin:&sharePin:&shareType:&source:&zone:dream_factory

再加电力可开红包

当前电力：463000
当前等级：1

【京东账号2（孤傲的小小瞒）的京喜工厂好友互助码】jzrCtGVS7-j8YCUeB8oW6Q==
已投入电力：134000
所需电力：150000
生产进度：89.33%
【今日招工进度】0/8
开始
随机取20个码放到您固定的互助码后面(不影响已有固定互助)
第2个京东账号将要助力的好友["CNt5BX1eD8Tw-Wq045YSWg==","phEELHGm3o7VKPIyiBO3Vw==","z-tDlNURI5HvM4MtehtjDA==","dzM8y-1G-D1pt6If32xQ0A==","cETD1Qx8FBdB4QpRIt0AOA==","6utLE0T4LjDq6vFUwIt1VA==","lVgPPpLWCvxE2fzzEFXKfw==","t3_xJ3A7gsZC6FLvvIbj4Q==","Nis7rXIESWocBqUdUXObvQ==","do091nB-e4B5CjM8b-y1UQ==","Nlh9jPKOfWcT5HdwaAjCgg==","F2kwCN1LztIUOv7wJZZ4Yw==","0Vpq8ZuAJ1-eMYNuOuYvRQ==","0KgVYymMfBsxat4D50ZcBQ==","iTrWWfV7b8csOPSdxl6KYw==","4QwC5G_9XWySjGAeAx0nKQ==","TRfhi8UhoOr_zvfuopJwrA==","t0Z3gr73yaVuEX3AkD2kAg==","mcxpPkeL9RC0GyncCL3MuQ==","wLEmzeSr7DjbuYUzeE3joA==","yjxvuYphwul173ilsQDxpw==","8eNQSBZx2jDEwxDrHO6DSg==","ilFoFKyCpQIzKEwoG3U7Jg==","gGGIK5KO4QoIZzo2srzv1g=="]
助力朋友[CNt5BX1eD8Tw-Wq045YSWg==]失败：亲,好友的工厂的工人已经满员了,不能去好友工厂打工啦!
助力朋友[phEELHGm3o7VKPIyiBO3Vw==]失败：亲,好友的工厂的工人已经满员了,不能去好友工厂打工啦!
助力朋友[z-tDlNURI5HvM4MtehtjDA==]失败：亲,好友的工厂的工人已经满员了,不能去好友工厂打工啦!
助力朋友[dzM8y-1G-D1pt6If32xQ0A==]失败：亲,好友的工厂的工人已经满员了,不能去好友工厂打工啦!
助力朋友[cETD1Qx8FBdB4QpRIt0AOA==]失败：亲,好友的工厂暂未开启,不能去好友工厂打工啦!
助力朋友[6utLE0T4LjDq6vFUwIt1VA==]失败：亲,好友的工厂的工人已经满员了,不能去好友工厂打工啦!
助力朋友[lVgPPpLWCvxE2fzzEFXKfw==]失败：亲,好友的工厂暂未开启,不能去好友工厂打工啦!
助力朋友[t3_xJ3A7gsZC6FLvvIbj4Q==]失败：亲,好友的工厂暂未开启,不能去好友工厂打工啦!
助力朋友[Nis7rXIESWocBqUdUXObvQ==]失败：亲,好友的工厂的工人已经满员了,不能去好友工厂打工啦!
助力朋友[do091nB-e4B5CjM8b-y1UQ==]失败：亲,好友的工厂的工人已经满员了,不能去好友工厂打工啦!
助力朋友[Nlh9jPKOfWcT5HdwaAjCgg==]失败：亲,好友的工厂的工人已经满员了,不能去好友工厂打工啦!
助力朋友[F2kwCN1LztIUOv7wJZZ4Yw==]失败：亲,好友的工厂暂未开启,不能去好友工厂打工啦!
"Response code 401 (Unauthorized)"
京喜工厂 API请求失败，请检查网路重试
助力朋友[0Vpq8ZuAJ1-eMYNuOuYvRQ==]失败：undefined
"Response code 401 (Unauthorized)"
京喜工厂 API请求失败，请检查网路重试
助力朋友[0KgVYymMfBsxat4D50ZcBQ==]失败：undefined
助力朋友[iTrWWfV7b8csOPSdxl6KYw==]失败：亲,好友的工厂暂未开启,不能去好友工厂打工啦!
"Response code 401 (Unauthorized)"
京喜工厂 API请求失败，请检查网路重试
助力朋友[4QwC5G_9XWySjGAeAx0nKQ==]失败：undefined
助力朋友[TRfhi8UhoOr_zvfuopJwrA==]失败：亲,好友的工厂暂未开启,不能去好友工厂打工啦!
助力朋友[t0Z3gr73yaVuEX3AkD2kAg==]失败：亲,好友的工厂的工人已经满员了,不能去好友工厂打工啦!
助力朋友[mcxpPkeL9RC0GyncCL3MuQ==]失败：亲,好友的工厂暂未开启,不能去好友工厂打工啦!
助力朋友[wLEmzeSr7DjbuYUzeE3joA==]失败：亲,好友的工厂的工人已经满员了,不能去好友工厂打工啦!
助力朋友[yjxvuYphwul173ilsQDxpw==]失败：亲,好友的工厂的工人已经满员了,不能去好友工厂打工啦!
助力朋友[8eNQSBZx2jDEwxDrHO6DSg==]失败：亲,好友的工厂的工人已经满员了,不能去好友工厂打工啦!
助力朋友[ilFoFKyCpQIzKEwoG3U7Jg==]失败：亲,好友的工厂暂未开启,不能去好友工厂打工啦!
助力朋友[gGGIK5KO4QoIZzo2srzv1g==]失败：亲,好友的工厂的工人已经满员了,不能去好友工厂打工啦!

nextCollectDoubleFlag::1
nextCollectDoubleType::1

下次集满收取可双倍电力
发电机：当前 0 电力，最大值 300 电力
任务：每日11-14点巡厂检查可完成
领取每日11-14点巡厂检查任务奖励成功，收获：1000电力
完成任务：共领取1000电力
投入失败，生产失效了，请稍后重试~
自家地下暂无零件可收
今日收取零件已达上限，偷好友零件也达到上限，故跳出

团活动ID  6S9y4sJUfA2vPQP6TLdVIQ==
团ID  

今日剩余开团次数：3次
准备开团
st:_time:1612322621493&activeId:&isOpenApp:

异常：{"msg":"活动已结束，请稍后再试~","nowTime":1612322621,"ret":10218}

【京东账号2】孤傲的小小瞒
【生产商品】香蓓柔洗衣液
【当前等级】学徒 1
【生产进度】89.33%
【招工进度】0/8
【发电机电力】当前 0 电力，未达到收获标准
【每日任务】领奖成功，共计 1000 电力
【投入电力】投入失败，生产失效了，请稍后重试~
【收取自己零件】今日已达上限
【收取好友零件】今日已达上限

浅草幻雪去参加第一个cookie账号开的团
参团失败：{"msg":"活动已结束，请稍后再试~","nowTime":1612322622,"ret":10218}
173315279去参加第一个cookie账号开的团
参团失败：{"msg":"活动已结束，请稍后再试~","nowTime":1612322622,"ret":10218}

🔔京喜工厂, 结束! 🕛 20.326 秒

