
🔔京喜工厂, 开始!
您的cookie选择的是用&隔开


====================共有2个京东账号Cookie=========

==================脚本执行- 北京时间(UTC+8)：2/4/2021, 9:20:25 AM=====================

"Response code 404 (Not Found)"
"connect ECONNREFUSED 151.101.108.133:443"
"Response code 404 (Not Found)"
开始获取京喜工厂配置文件

tuanActiveId: 6S9y4sJUfA2vPQP6TLdVIQ==
您的互助码选择的是用&隔开

共2个京东账号

您提供了2个账号的京喜工厂助力码


******开始【京东账号1】迷糊虫啊*********

st:_time:1612401629533&materialTuanId:&materialTuanPin:&pin:&sharePin:&shareType:&source:&zone:dream_factory

再加电力可开红包

当前电力：476100
当前等级：1

【京东账号1（迷糊虫啊）的京喜工厂好友互助码】oY9gHgdBtYMXDVcUWMNL4w==
已投入电力：134100
所需电力：150000
生产进度：89.40%
【今日招工进度】0/8
开始
随机取20个码放到您固定的互助码后面(不影响已有固定互助)
第1个京东账号将要助力的好友["xYd7cjQ3c1LyUse79rEFnw==","6E5_eFU3YHRLTljqYh_B1fg9iKwFvbWQsugw1xHcY3Q=","540bj4eZfgx_G4gtfA4_9A==","5AnP-NWntIbO2rEf58NCnA==","OJrAXMdO8hF80y5OWt_8fQ==","zGL7La1hPe-boRUrceb6Gg==","fEcGvgv3z2cpXW2LODIFjg==","MbtU7IiWp6-OCVo9_03-_A==","q22kWKiCUvR4g_Wt7kz-XA==","TvjO5k4gaVqVHMRJlogd_g==","T_d9FGq7h3bkzHCbjZIShg==","z9NXjHS8tArF42_8vguywA==","oMZilNtUmM0JpHcJhgSK1w==","8pEam5kW79ciW4OeR1fOOQ==","NNKoj0xn6ALbxnNIfK-wgg==","tvlI2FkncKCkoeZ1JqGOOg==","A56rcAxuToIIfrdK2MS4WA==","SJofod7WOWvvv9i8dqOw7g==","1Zq46IWHwLgBO4CrdB23ig==","utc0PoPs9FtJYQF4E9ee5Q==","-YiiYFV0JT8SfRM8CWJ7YijFDcJqVyNvM0yJcbl7bQk=","HHtgbn7iVlWat81bcCA9JQ==","_nQYQ4_27b6NR-pemx-fIw==","HXeQc6ssK-HakiA8XRSHIQ=="]
助力朋友[xYd7cjQ3c1LyUse79rEFnw==]失败：亲,好友的工厂的工人已经满员了,不能去好友工厂打工啦!
助力朋友[6E5_eFU3YHRLTljqYh_B1fg9iKwFvbWQsugw1xHcY3Q=]失败：亲,好友的工厂的工人已经满员了,不能去好友工厂打工啦!
助力朋友[540bj4eZfgx_G4gtfA4_9A==]失败：亲,好友的工厂暂未开启,不能去好友工厂打工啦!
助力朋友[5AnP-NWntIbO2rEf58NCnA==]失败：亲,好友的工厂的工人已经满员了,不能去好友工厂打工啦!
助力朋友：OJrAXMdO8hF80y5OWt_8fQ==成功，因一次只能助力一个，故跳出助力

nextCollectDoubleFlag::1
nextCollectDoubleType::1

下次集满收取可双倍电力
发电机：当前 0 电力，最大值 300 电力
任务：帮好友工厂打工可完成
领取帮好友工厂打工任务奖励成功，收获：500电力
完成任务：共领取500电力
投入失败，生产失效了，请稍后重试~
自家地下暂无零件可收
今日收取零件已达上限，偷好友零件也达到上限，故跳出

团活动ID  6S9y4sJUfA2vPQP6TLdVIQ==
团ID  314qVQPUppGl4GkxRrbPUA==

今日剩余开团次数：3次
st:_time:1612401634782&activeId:&tuanId:

之前的团已过期，准备重新开团

st:_time:1612401634932&activeId:&isOpenApp:

异常：{"msg":"活动已结束，请稍后再试~","nowTime":1612401635,"ret":10218}

开团情况:1/10


此团未达领取团奖励人数：10人

12/26/2020, 10:14:28 AM参加团主【oY9gHgdBtYMXDVcUWMNL4w==】失败

【京东账号1】迷糊虫啊
【生产商品】保鲜5件套
【当前等级】学徒 1
【生产进度】89.40%
【招工进度】0/8
【发电机电力】当前 0 电力，未达到收获标准
【每日任务】领奖成功，共计 500 电力
【投入电力】投入失败，生产失效了，请稍后重试~
【收取自己零件】今日已达上限
【收取好友零件】今日已达上限


******开始【京东账号2】孤傲的小小瞒*********

st:_time:1612401635560&materialTuanId:&materialTuanPin:&pin:&sharePin:&shareType:&source:&zone:dream_factory

再加电力可开红包

当前电力：474800
当前等级：1

【京东账号2（孤傲的小小瞒）的京喜工厂好友互助码】jzrCtGVS7-j8YCUeB8oW6Q==
已投入电力：134000
所需电力：150000
生产进度：89.33%
【今日招工进度】0/8
开始
随机取20个码放到您固定的互助码后面(不影响已有固定互助)
第2个京东账号将要助力的好友["CNt5BX1eD8Tw-Wq045YSWg==","phEELHGm3o7VKPIyiBO3Vw==","z-tDlNURI5HvM4MtehtjDA==","dzM8y-1G-D1pt6If32xQ0A==","_d3HUkIPxbQaNUsQFpmheA==","HMA9erY7uvhIYUZoiIQFNg==","JHeL_ye7y6RTj4MIkDQGkA==","CDHkdWNndghnaLEKM-xDRQ==","2aReLCEcZ-hLPBjDRJPn_w==","ixenqFE1RW0-F6Z2NDLF-w==","cLcIawFgWKIECx9lLaKu-w==","MioHPj7m29wRb2qNcLnscQ==","zuBHF_kJv-fyQEP_QoMoyw==","RLqt4n_KtoZOYJMuNL8mHw==","LfgjyRSC-4BkBSLJ15-x9g==","SxWeIsoWyFY_E7TywkVRhw==","sC6VoHgd_lkHjZTGcxeroQ==","q4AwA6bomQ2F05_7b25bGA==","2qPz4O-bj4iASSh6qSx1PQ==","FaQJJOA30yPyQaC_uE8icQ==","SaGEKFDB5nYD60qquXCBSw==","DyNNlluMiVAPi9EWok-CDw==","cbW1YqYAB17bD-7EsPgvhg==","ZHLwbFcgCstmRpD8udfeBA=="]
助力朋友[CNt5BX1eD8Tw-Wq045YSWg==]失败：亲,好友的工厂暂未开启,不能去好友工厂打工啦!
助力朋友[phEELHGm3o7VKPIyiBO3Vw==]失败：亲,好友的工厂暂未开启,不能去好友工厂打工啦!
助力朋友[z-tDlNURI5HvM4MtehtjDA==]失败：亲,好友的工厂的工人已经满员了,不能去好友工厂打工啦!
助力朋友[dzM8y-1G-D1pt6If32xQ0A==]失败：亲,好友的工厂的工人已经满员了,不能去好友工厂打工啦!
助力朋友[_d3HUkIPxbQaNUsQFpmheA==]失败：亲,好友的工厂暂未开启,不能去好友工厂打工啦!
助力朋友[HMA9erY7uvhIYUZoiIQFNg==]失败：亲,好友的工厂暂未开启,不能去好友工厂打工啦!
助力朋友：JHeL_ye7y6RTj4MIkDQGkA==成功，因一次只能助力一个，故跳出助力

nextCollectDoubleFlag::1
nextCollectDoubleType::1

下次集满收取可双倍电力
发电机：当前 0 电力，最大值 300 电力
任务：帮好友工厂打工可完成
领取帮好友工厂打工任务奖励成功，收获：500电力
完成任务：共领取500电力
投入失败，生产失效了，请稍后重试~
自家地下暂无零件可收
今日收取零件已达上限，偷好友零件也达到上限，故跳出

团活动ID  6S9y4sJUfA2vPQP6TLdVIQ==
团ID  

今日剩余开团次数：3次
准备开团
st:_time:1612401640189&activeId:&isOpenApp:

异常：{"msg":"活动已结束，请稍后再试~","nowTime":1612401640,"ret":10218}

【京东账号2】孤傲的小小瞒
【生产商品】香蓓柔洗衣液
【当前等级】学徒 1
【生产进度】89.33%
【招工进度】0/8
【发电机电力】当前 0 电力，未达到收获标准
【每日任务】领奖成功，共计 500 电力
【投入电力】投入失败，生产失效了，请稍后重试~
【收取自己零件】今日已达上限
【收取好友零件】今日已达上限

浅草幻雪去参加第一个cookie账号开的团
参团失败：{"msg":"活动已结束，请稍后再试~","nowTime":1612401640,"ret":10218}
173315279去参加第一个cookie账号开的团
参团失败：{"msg":"活动已结束，请稍后再试~","nowTime":1612401641,"ret":10218}

🔔京喜工厂, 结束! 🕛 15.772 秒

