
🔔京喜工厂, 开始!
您的cookie选择的是用&隔开


====================共有2个京东账号Cookie=========

==================脚本执行- 北京时间(UTC+8)：2/3/2021, 1:24:32 PM=====================

"Response code 404 (Not Found)"
"connect ECONNREFUSED 151.101.108.133:443"
"Response code 404 (Not Found)"
开始获取京喜工厂配置文件

tuanActiveId: 6S9y4sJUfA2vPQP6TLdVIQ==
您的互助码选择的是用&隔开

共2个京东账号

您提供了2个账号的京喜工厂助力码


******开始【京东账号1】迷糊虫啊*********

st:_time:1612329876839&materialTuanId:&materialTuanPin:&pin:&sharePin:&shareType:&source:&zone:dream_factory

再加电力可开红包

当前电力：464800
当前等级：1

【京东账号1（迷糊虫啊）的京喜工厂好友互助码】oY9gHgdBtYMXDVcUWMNL4w==
已投入电力：134100
所需电力：150000
生产进度：89.40%
【今日招工进度】0/8
开始
随机取20个码放到您固定的互助码后面(不影响已有固定互助)
第1个京东账号将要助力的好友["xYd7cjQ3c1LyUse79rEFnw==","6E5_eFU3YHRLTljqYh_B1fg9iKwFvbWQsugw1xHcY3Q=","540bj4eZfgx_G4gtfA4_9A==","5AnP-NWntIbO2rEf58NCnA==","0apujKCVExjIZ0dzWQTe3A==","_afxG_BK8TTps68KSblE6A==","wvwxbqPwsSXk9Bflcq38LA==","JS24ORtQrtRK4sMw1Y9J9w==","_AL4gEEZyL_KdRWNWS0BCg==","oMHfPWcwJGiK_SgWp0mWJw==","gxx8pSbRARtaHNCovyaMVg==","ma-i2NXqejsmUEm3YfoYkw==","tnPGv2JtvX7svSNJhykEAA==","Xx1l1945DJr3g1M98WEqoQ==","YD0groLig6ysq15PhhbKyg==","6Mn7RPr2HMrouL8RCqYQtA==","6YYfENapotOFPqfOYGjqEQ==","3HwUOU5SzybinAG02TsOfA==","Bmr-ZDf3TfChihiyGTBISQ==","AAKAaypvQXb4Bqe7M6y9Rg==","qTdVJSlim9kDzB7rnJLOUQ==","7XgUFYiGS2gt_mvcw4nmrA==","BNnSGWLsInXSlAYhEUbKOw==","r21pjYv4pYiywPFnFA3ySw=="]
助力朋友[xYd7cjQ3c1LyUse79rEFnw==]失败：亲,好友的工厂的工人已经满员了,不能去好友工厂打工啦!
助力朋友[6E5_eFU3YHRLTljqYh_B1fg9iKwFvbWQsugw1xHcY3Q=]失败：亲,好友的工厂的工人已经满员了,不能去好友工厂打工啦!
助力朋友[540bj4eZfgx_G4gtfA4_9A==]失败：亲,好友的工厂暂未开启,不能去好友工厂打工啦!
助力朋友[5AnP-NWntIbO2rEf58NCnA==]失败：亲,好友的工厂的工人已经满员了,不能去好友工厂打工啦!
助力朋友[0apujKCVExjIZ0dzWQTe3A==]失败：亲,好友的工厂的工人已经满员了,不能去好友工厂打工啦!
助力朋友[_afxG_BK8TTps68KSblE6A==]失败：亲,好友的工厂的工人已经满员了,不能去好友工厂打工啦!
助力朋友[wvwxbqPwsSXk9Bflcq38LA==]失败：亲,好友的工厂暂未开启,不能去好友工厂打工啦!
助力朋友[JS24ORtQrtRK4sMw1Y9J9w==]失败：亲,好友的工厂的工人已经满员了,不能去好友工厂打工啦!
助力朋友[_AL4gEEZyL_KdRWNWS0BCg==]失败：亲,好友的工厂的工人已经满员了,不能去好友工厂打工啦!
助力朋友[oMHfPWcwJGiK_SgWp0mWJw==]失败：亲,好友的工厂暂未开启,不能去好友工厂打工啦!
助力朋友[gxx8pSbRARtaHNCovyaMVg==]失败：亲,好友的工厂的工人已经满员了,不能去好友工厂打工啦!
助力朋友[ma-i2NXqejsmUEm3YfoYkw==]失败：亲,好友的工厂的工人已经满员了,不能去好友工厂打工啦!
助力朋友[tnPGv2JtvX7svSNJhykEAA==]失败：亲,好友的工厂暂未开启,不能去好友工厂打工啦!
助力朋友[Xx1l1945DJr3g1M98WEqoQ==]失败：亲,好友的工厂的工人已经满员了,不能去好友工厂打工啦!
助力朋友[YD0groLig6ysq15PhhbKyg==]失败：亲,好友的工厂的工人已经满员了,不能去好友工厂打工啦!
助力朋友[6Mn7RPr2HMrouL8RCqYQtA==]失败：亲,好友的工厂的工人已经满员了,不能去好友工厂打工啦!
助力朋友[6YYfENapotOFPqfOYGjqEQ==]失败：亲,好友的工厂的工人已经满员了,不能去好友工厂打工啦!
助力朋友[3HwUOU5SzybinAG02TsOfA==]失败：亲,好友的工厂的工人已经满员了,不能去好友工厂打工啦!
助力朋友[Bmr-ZDf3TfChihiyGTBISQ==]失败：亲,好友的工厂的工人已经满员了,不能去好友工厂打工啦!
助力朋友[AAKAaypvQXb4Bqe7M6y9Rg==]失败：亲,好友的工厂暂未开启,不能去好友工厂打工啦!
助力朋友[qTdVJSlim9kDzB7rnJLOUQ==]失败：亲,好友的工厂暂未开启,不能去好友工厂打工啦!
助力朋友[7XgUFYiGS2gt_mvcw4nmrA==]失败：亲,好友的工厂暂未开启,不能去好友工厂打工啦!
助力朋友[BNnSGWLsInXSlAYhEUbKOw==]失败：亲,好友的工厂暂未开启,不能去好友工厂打工啦!
"Response code 401 (Unauthorized)"
京喜工厂 API请求失败，请检查网路重试
助力朋友[r21pjYv4pYiywPFnFA3ySw==]失败：undefined

nextCollectDoubleFlag::1
nextCollectDoubleType::1

下次集满收取可双倍电力
发电机：当前 0 电力，最大值 300 电力
完成任务：共领取0电力
投入失败，生产失效了，请稍后重试~
自家地下暂无零件可收
今日收取零件已达上限，偷好友零件也达到上限，故跳出

团活动ID  6S9y4sJUfA2vPQP6TLdVIQ==
团ID  314qVQPUppGl4GkxRrbPUA==

今日剩余开团次数：3次
st:_time:1612329883976&activeId:&tuanId:

之前的团已过期，准备重新开团

st:_time:1612329884121&activeId:&isOpenApp:

异常：{"msg":"活动已结束，请稍后再试~","nowTime":1612329884,"ret":10218}

开团情况:1/10


此团未达领取团奖励人数：10人

12/26/2020, 10:14:28 AM参加团主【oY9gHgdBtYMXDVcUWMNL4w==】失败

【京东账号1】迷糊虫啊
【生产商品】保鲜5件套
【当前等级】学徒 1
【生产进度】89.40%
【招工进度】0/8
【发电机电力】当前 0 电力，未达到收获标准
【每日任务】领奖成功，共计 0 电力
【投入电力】投入失败，生产失效了，请稍后重试~
【收取自己零件】今日已达上限
【收取好友零件】今日已达上限


******开始【京东账号2】孤傲的小小瞒*********

st:_time:1612329884767&materialTuanId:&materialTuanPin:&pin:&sharePin:&shareType:&source:&zone:dream_factory

再加电力可开红包

当前电力：464000
当前等级：1

【京东账号2（孤傲的小小瞒）的京喜工厂好友互助码】jzrCtGVS7-j8YCUeB8oW6Q==
已投入电力：134000
所需电力：150000
生产进度：89.33%
【今日招工进度】0/8
开始
随机取20个码放到您固定的互助码后面(不影响已有固定互助)
第2个京东账号将要助力的好友["CNt5BX1eD8Tw-Wq045YSWg==","phEELHGm3o7VKPIyiBO3Vw==","z-tDlNURI5HvM4MtehtjDA==","dzM8y-1G-D1pt6If32xQ0A==","TvjO5k4gaVqVHMRJIogd_g==","1aRKgBnwXAoZMeji877Tww==","OTEhWOISi73C_qmqVyRItA==","gt1wNtzYwNwg75afPPHimw==","e3ae96d47751dd27a76d5b177fbfb08b","UvqdxxOSV6hVY7lFm4cqvg==","8eqGYd1Cpqu9m3J-zDtRsQ==","5UibRNonNrq9gsuS-sbFNw==","6tXJoKtWHdU_OCMtKszo4g==","IUh5bMdJgz09DRkzmEegcw==","HhtUaUhWyF1g3pYbNHdB7A==","a0FHs5z8K0GLUYC96Or_FQ==","iWCXde2AqdmwswwzZ5mFzA==","3dbIkQfBC7qrlCrybOu0xg==","bdWoiBjo_zeWkCBptita0w==","KQscn6J52GJSznwbRts7zA==","oLKR2wT_ZZmv1T3kVXEzvg==","Bwb85tR5vSCz-iFalZ2Hjw==","Do3Jk83Q4ATkqsJtfN2O8w==","E8MzEE31RyZwcMS3rEjvgg=="]
助力朋友[CNt5BX1eD8Tw-Wq045YSWg==]失败：亲,好友的工厂的工人已经满员了,不能去好友工厂打工啦!
助力朋友[phEELHGm3o7VKPIyiBO3Vw==]失败：亲,好友的工厂的工人已经满员了,不能去好友工厂打工啦!
助力朋友[z-tDlNURI5HvM4MtehtjDA==]失败：亲,好友的工厂的工人已经满员了,不能去好友工厂打工啦!
助力朋友[dzM8y-1G-D1pt6If32xQ0A==]失败：亲,好友的工厂的工人已经满员了,不能去好友工厂打工啦!
助力朋友[TvjO5k4gaVqVHMRJIogd_g==]失败：亲,好友的工厂暂未开启,不能去好友工厂打工啦!
助力朋友[1aRKgBnwXAoZMeji877Tww==]失败：亲,好友的工厂的工人已经满员了,不能去好友工厂打工啦!
助力朋友[OTEhWOISi73C_qmqVyRItA==]失败：亲,好友的工厂的工人已经满员了,不能去好友工厂打工啦!
助力朋友[gt1wNtzYwNwg75afPPHimw==]失败：亲,好友的工厂暂未开启,不能去好友工厂打工啦!
助力朋友[e3ae96d47751dd27a76d5b177fbfb08b]失败：亲,好友的工厂暂未开启,不能去好友工厂打工啦!
助力朋友[UvqdxxOSV6hVY7lFm4cqvg==]失败：亲,好友的工厂的工人已经满员了,不能去好友工厂打工啦!
助力朋友[8eqGYd1Cpqu9m3J-zDtRsQ==]失败：亲,好友的工厂的工人已经满员了,不能去好友工厂打工啦!
助力朋友[5UibRNonNrq9gsuS-sbFNw==]失败：亲,好友的工厂的工人已经满员了,不能去好友工厂打工啦!
助力朋友[6tXJoKtWHdU_OCMtKszo4g==]失败：亲,好友的工厂暂未开启,不能去好友工厂打工啦!
助力朋友[IUh5bMdJgz09DRkzmEegcw==]失败：亲,好友的工厂暂未开启,不能去好友工厂打工啦!
助力朋友[HhtUaUhWyF1g3pYbNHdB7A==]失败：亲,好友的工厂的工人已经满员了,不能去好友工厂打工啦!
助力朋友[a0FHs5z8K0GLUYC96Or_FQ==]失败：亲,好友的工厂暂未开启,不能去好友工厂打工啦!
助力朋友[iWCXde2AqdmwswwzZ5mFzA==]失败：亲,好友的工厂暂未开启,不能去好友工厂打工啦!
助力朋友[3dbIkQfBC7qrlCrybOu0xg==]失败：亲,好友的工厂的工人已经满员了,不能去好友工厂打工啦!
助力朋友[bdWoiBjo_zeWkCBptita0w==]失败：亲,好友的工厂的工人已经满员了,不能去好友工厂打工啦!
助力朋友[KQscn6J52GJSznwbRts7zA==]失败：亲,好友的工厂的工人已经满员了,不能去好友工厂打工啦!
助力朋友[oLKR2wT_ZZmv1T3kVXEzvg==]失败：亲,好友的工厂的工人已经满员了,不能去好友工厂打工啦!
助力朋友[Bwb85tR5vSCz-iFalZ2Hjw==]失败：亲,好友的工厂的工人已经满员了,不能去好友工厂打工啦!
助力朋友[Do3Jk83Q4ATkqsJtfN2O8w==]失败：亲,好友的工厂的工人已经满员了,不能去好友工厂打工啦!
"Response code 401 (Unauthorized)"
京喜工厂 API请求失败，请检查网路重试
助力朋友[E8MzEE31RyZwcMS3rEjvgg==]失败：undefined

nextCollectDoubleFlag::1
nextCollectDoubleType::1

下次集满收取可双倍电力
发电机：当前 0 电力，最大值 300 电力
完成任务：共领取0电力
投入失败，生产失效了，请稍后重试~
"Response code 401 (Unauthorized)"
京喜工厂 API请求失败，请检查网路重试
自家地下暂无零件可收
今日收取零件已达上限，偷好友零件也达到上限，故跳出

团活动ID  6S9y4sJUfA2vPQP6TLdVIQ==
团ID  

今日剩余开团次数：3次
准备开团
st:_time:1612329891763&activeId:&isOpenApp:

异常：{"msg":"活动已结束，请稍后再试~","nowTime":1612329891,"ret":10218}

【京东账号2】孤傲的小小瞒
【生产商品】香蓓柔洗衣液
【当前等级】学徒 1
【生产进度】89.33%
【招工进度】0/8
【发电机电力】当前 0 电力，未达到收获标准
【每日任务】领奖成功，共计 0 电力
【投入电力】投入失败，生产失效了，请稍后重试~
【收取自己零件】今日已达上限
【收取好友零件】今日已达上限

浅草幻雪去参加第一个cookie账号开的团
参团失败：{"msg":"活动已结束，请稍后再试~","nowTime":1612329892,"ret":10218}
173315279去参加第一个cookie账号开的团
参团失败：{"msg":"活动已结束，请稍后再试~","nowTime":1612329892,"ret":10218}

🔔京喜工厂, 结束! 🕛 19.952 秒

