
🔔京喜工厂, 开始!
您的cookie选择的是用&隔开


====================共有2个京东账号Cookie=========

==================脚本执行- 北京时间(UTC+8)：2/8/2021, 12:21:52 AM=====================

"Response code 404 (Not Found)"
"connect ECONNREFUSED 151.101.108.133:443"
"Response code 404 (Not Found)"
开始获取京喜工厂配置文件

tuanActiveId: 6S9y4sJUfA2vPQP6TLdVIQ==
您的互助码选择的是用&隔开

共2个京东账号

您提供了2个账号的京喜工厂助力码


******开始【京东账号1】迷糊虫啊*********

st:_time:1612714916342&materialTuanId:&materialTuanPin:&pin:&sharePin:&shareType:&source:&zone:dream_factory

再加电力可开红包

当前电力：527400
当前等级：1

【京东账号1（迷糊虫啊）的京喜工厂好友互助码】oY9gHgdBtYMXDVcUWMNL4w==
已投入电力：134100
所需电力：150000
生产进度：89.40%
【今日招工进度】0/8
今日助力好友机会已耗尽


nextCollectDoubleFlag::0
nextCollectDoubleType::0

下次集满收取不可双倍电力
发电机：当前 0 电力，最大值 300 电力
收取电力失败:亲,您的发电机并未启动

去做任务：[限时]仅需5人瓜分1.5万电
st:_time:1612714917300&bizCode:&configExtra:&source:&taskId:

做任务完成！
领取[限时]仅需5人瓜分1.5万电任务奖励成功，收获：100电力
去做任务：[限时]仅需5人瓜分1.5万电
st:_time:1612714918645&bizCode:&configExtra:&source:&taskId:

DoTask异常：{"data":{"awardStatus":1,"completedTimes":1,"dateTypeExtra":"20210208","updateTime":1612714917,"userStatusConfigExtra":""},"msg":"亲,活动太火爆了,请稍后再试吧!","ret":1009}
领取[限时]仅需5人瓜分1.5万电任务奖励失败，任务已领奖
任务：每日开工打卡可完成
领取每日开工打卡任务奖励成功，收获：100电力
去做任务：上集市做调研30s
st:_time:1612714921132&bizCode:&configExtra:&source:&taskId:

做任务完成！
领取上集市做调研30s任务奖励成功，收获：300电力
去做任务：上集市做调研30s
st:_time:1612714922459&bizCode:&configExtra:&source:&taskId:

DoTask异常：{"data":{"awardStatus":1,"completedTimes":1,"dateTypeExtra":"20210208","updateTime":1612714921,"userStatusConfigExtra":""},"msg":"亲,活动太火爆了,请稍后再试吧!","ret":1009}
领取上集市做调研30s任务奖励失败，任务已领奖
去做任务：去集市发现5件好物
st:_time:1612714923787&bizCode:&configExtra:&source:&taskId:

做任务完成！
领取去集市发现5件好物任务奖励失败，任务已领奖
去做任务：去集市发现5件好物
st:_time:1612714925121&bizCode:&configExtra:&source:&taskId:

做任务完成！
领取去集市发现5件好物任务奖励失败，任务已领奖
去做任务：去集市发现5件好物
st:_time:1612714926457&bizCode:&configExtra:&source:&taskId:

做任务完成！
领取去集市发现5件好物任务奖励失败，任务已领奖
去做任务：去集市发现5件好物
st:_time:1612714927789&bizCode:&configExtra:&source:&taskId:

做任务完成！
领取去集市发现5件好物任务奖励失败，任务已领奖
去做任务：去集市发现5件好物
st:_time:1612714929104&bizCode:&configExtra:&source:&taskId:

做任务完成！
领取去集市发现5件好物任务奖励成功，收获：300电力
去做任务：去集市发现5件好物
st:_time:1612714930428&bizCode:&configExtra:&source:&taskId:

DoTask异常：{"data":{"awardStatus":1,"completedTimes":5,"dateTypeExtra":"20210208","updateTime":1612714929,"userStatusConfigExtra":""},"msg":"亲,活动太火爆了,请稍后再试吧!","ret":1009}
领取去集市发现5件好物任务奖励失败，任务已领奖
任务：登录APP领取奖励可完成
领取登录APP领取奖励任务奖励成功，收获：2500电力
去做任务：开宝箱找安全帽
st:_time:1612714932907&bizCode:&configExtra:&source:&taskId:

做任务完成！
领取开宝箱找安全帽任务奖励成功，收获：300电力
去做任务：开宝箱找安全帽
st:_time:1612714934220&bizCode:&configExtra:&source:&taskId:

DoTask异常：{"data":{"awardStatus":1,"completedTimes":1,"dateTypeExtra":"20210208","updateTime":1612714933,"userStatusConfigExtra":""},"msg":"亲,活动太火爆了,请稍后再试吧!","ret":1009}
领取开宝箱找安全帽任务奖励失败，任务已领奖
去做任务：去签到，可领现金提现
st:_time:1612714935537&bizCode:&configExtra:&source:&taskId:

做任务完成！
领取去签到，可领现金提现任务奖励成功，收获：300电力
去做任务：去签到，可领现金提现
st:_time:1612714936876&bizCode:&configExtra:&source:&taskId:

DoTask异常：{"data":{"awardStatus":1,"completedTimes":1,"dateTypeExtra":"20210208","updateTime":1612714935,"userStatusConfigExtra":""},"msg":"亲,活动太火爆了,请稍后再试吧!","ret":1009}
领取去签到，可领现金提现任务奖励失败，任务已领奖
去做任务：去玩炸年兽分10亿
st:_time:1612714938209&bizCode:&configExtra:&source:&taskId:

做任务完成！
领取去玩炸年兽分10亿任务奖励成功，收获：100电力
去做任务：去玩炸年兽分10亿
st:_time:1612714939530&bizCode:&configExtra:&source:&taskId:

DoTask异常：{"data":{"awardStatus":1,"completedTimes":1,"dateTypeExtra":"20210208","updateTime":1612714938,"userStatusConfigExtra":""},"msg":"亲,活动太火爆了,请稍后再试吧!","ret":1009}
领取去玩炸年兽分10亿任务奖励失败，任务已领奖
去做任务：去集喜气1元秒年礼,去9.9抢年货好礼,全场1元去秒杀！,去京东看年货清单
st:_time:1612714940834&bizCode:&configExtra:&source:&taskId:

做任务完成！
领取去集喜气1元秒年礼,去9.9抢年货好礼,全场1元去秒杀！,去京东看年货清单任务奖励成功，收获：100电力
去做任务：去集喜气1元秒年礼,去9.9抢年货好礼,全场1元去秒杀！,去京东看年货清单
st:_time:1612714942174&bizCode:&configExtra:&source:&taskId:

做任务完成！
领取去集喜气1元秒年礼,去9.9抢年货好礼,全场1元去秒杀！,去京东看年货清单任务奖励成功，收获：100电力
去做任务：去集喜气1元秒年礼,去9.9抢年货好礼,全场1元去秒杀！,去京东看年货清单
st:_time:1612714943499&bizCode:&configExtra:&source:&taskId:

做任务完成！
领取去集喜气1元秒年礼,去9.9抢年货好礼,全场1元去秒杀！,去京东看年货清单任务奖励成功，收获：100电力
去做任务：去集喜气1元秒年礼,去9.9抢年货好礼,全场1元去秒杀！,去京东看年货清单
st:_time:1612714944838&bizCode:&configExtra:&source:&taskId:

做任务完成！
领取去集喜气1元秒年礼,去9.9抢年货好礼,全场1元去秒杀！,去京东看年货清单任务奖励成功，收获：100电力
去做任务：去集喜气1元秒年礼,去9.9抢年货好礼,全场1元去秒杀！,去京东看年货清单
st:_time:1612714946179&bizCode:&configExtra:&source:&taskId:

DoTask异常：{"data":{"awardStatus":1,"completedTimes":4,"dateTypeExtra":"20210208","updateTime":1612714945,"userStatusConfigExtra":""},"msg":"亲,活动太火爆了,请稍后再试吧!","ret":1009}
领取去集喜气1元秒年礼,去9.9抢年货好礼,全场1元去秒杀！,去京东看年货清单任务奖励失败，任务已领奖
去做任务：去抢100元压岁钱
st:_time:1612714947480&bizCode:&configExtra:&source:&taskId:

做任务完成！
领取去抢100元压岁钱任务奖励成功，收获：100电力
去做任务：去抢100元压岁钱
st:_time:1612714948813&bizCode:&configExtra:&source:&taskId:

DoTask异常：{"data":{"awardStatus":1,"completedTimes":1,"dateTypeExtra":"20210208","updateTime":1612714947,"userStatusConfigExtra":""},"msg":"亲,活动太火爆了,请稍后再试吧!","ret":1009}
领取去抢100元压岁钱任务奖励失败，任务已领奖
去做任务：上岛兑0元好物,逛农场免费领水果,出海寻宝领100元红包
st:_time:1612714950111&bizCode:&configExtra:&source:&taskId:

做任务完成！
领取上岛兑0元好物,逛农场免费领水果,出海寻宝领100元红包任务奖励成功，收获：100电力
去做任务：上岛兑0元好物,逛农场免费领水果,出海寻宝领100元红包
st:_time:1612714951445&bizCode:&configExtra:&source:&taskId:

做任务完成！
领取上岛兑0元好物,逛农场免费领水果,出海寻宝领100元红包任务奖励成功，收获：100电力
去做任务：上岛兑0元好物,逛农场免费领水果,出海寻宝领100元红包
st:_time:1612714952781&bizCode:&configExtra:&source:&taskId:

做任务完成！
领取上岛兑0元好物,逛农场免费领水果,出海寻宝领100元红包任务奖励成功，收获：100电力
去做任务：上岛兑0元好物,逛农场免费领水果,出海寻宝领100元红包
st:_time:1612714954142&bizCode:&configExtra:&source:&taskId:

DoTask异常：{"data":{"awardStatus":1,"completedTimes":3,"dateTypeExtra":"20210208","updateTime":1612714953,"userStatusConfigExtra":""},"msg":"亲,活动太火爆了,请稍后再试吧!","ret":1009}
领取上岛兑0元好物,逛农场免费领水果,出海寻宝领100元红包任务奖励失败，任务已领奖
完成任务：共领取4800电力
投入失败，生产失效了，请稍后重试~
st:_time:1612714955739&date:&type:1&zone:dream_factory

打工电力：收取失败，6点后可领取
自家地下暂无零件可收
今日收取零件已达上限，偷好友零件也达到上限，故跳出

团活动ID  6S9y4sJUfA2vPQP6TLdVIQ==
团ID  314qVQPUppGl4GkxRrbPUA==

今日剩余开团次数：3次
st:_time:1612714956691&activeId:&tuanId:

之前的团已过期，准备重新开团

st:_time:1612714956845&activeId:&isOpenApp:

异常：{"msg":"活动已结束，请稍后再试~","nowTime":1612714956,"ret":10218}

开团情况:1/10


此团未达领取团奖励人数：10人

12/26/2020, 10:14:28 AM参加团主【oY9gHgdBtYMXDVcUWMNL4w==】失败

【京东账号1】迷糊虫啊
【生产商品】保鲜5件套
【当前等级】学徒 1
【生产进度】89.40%
【招工进度】0/8
【每日任务】领奖成功，共计 4800 电力
【投入电力】投入失败，生产失效了，请稍后重试~
【打工电力】收取失败，6点后可领取
【收取自己零件】今日已达上限
【收取好友零件】今日已达上限


******开始【京东账号2】孤傲的小小瞒*********

st:_time:1612714957454&materialTuanId:&materialTuanPin:&pin:&sharePin:&shareType:&source:&zone:dream_factory

再加电力可开红包

当前电力：531100
当前等级：1

【京东账号2（孤傲的小小瞒）的京喜工厂好友互助码】jzrCtGVS7-j8YCUeB8oW6Q==
已投入电力：134000
所需电力：150000
生产进度：89.33%
【今日招工进度】0/8
今日助力好友机会已耗尽


nextCollectDoubleFlag::0
nextCollectDoubleType::0

下次集满收取不可双倍电力
发电机：当前 0 电力，最大值 300 电力
收取电力失败:亲,您的发电机并未启动

去做任务：[限时]仅需5人瓜分1.5万电
st:_time:1612714958391&bizCode:&configExtra:&source:&taskId:

做任务完成！
领取[限时]仅需5人瓜分1.5万电任务奖励成功，收获：100电力
去做任务：[限时]仅需5人瓜分1.5万电
st:_time:1612714959712&bizCode:&configExtra:&source:&taskId:

DoTask异常：{"data":{"awardStatus":1,"completedTimes":1,"dateTypeExtra":"20210208","updateTime":1612714958,"userStatusConfigExtra":""},"msg":"亲,活动太火爆了,请稍后再试吧!","ret":1009}
领取[限时]仅需5人瓜分1.5万电任务奖励失败，任务已领奖
任务：每日开工打卡可完成
领取每日开工打卡任务奖励成功，收获：100电力
去做任务：上集市做调研30s
st:_time:1612714962217&bizCode:&configExtra:&source:&taskId:

做任务完成！
领取上集市做调研30s任务奖励成功，收获：300电力
去做任务：上集市做调研30s
st:_time:1612714963538&bizCode:&configExtra:&source:&taskId:

DoTask异常：{"data":{"awardStatus":1,"completedTimes":1,"dateTypeExtra":"20210208","updateTime":1612714962,"userStatusConfigExtra":""},"msg":"亲,活动太火爆了,请稍后再试吧!","ret":1009}
领取上集市做调研30s任务奖励失败，任务已领奖
去做任务：去集市发现5件好物
st:_time:1612714964878&bizCode:&configExtra:&source:&taskId:

做任务完成！
领取去集市发现5件好物任务奖励失败，任务已领奖
去做任务：去集市发现5件好物
st:_time:1612714966180&bizCode:&configExtra:&source:&taskId:

做任务完成！
领取去集市发现5件好物任务奖励失败，任务已领奖
去做任务：去集市发现5件好物
st:_time:1612714967494&bizCode:&configExtra:&source:&taskId:

做任务完成！
领取去集市发现5件好物任务奖励失败，任务已领奖
去做任务：去集市发现5件好物
st:_time:1612714968809&bizCode:&configExtra:&source:&taskId:

做任务完成！
领取去集市发现5件好物任务奖励失败，任务已领奖
去做任务：去集市发现5件好物
st:_time:1612714970138&bizCode:&configExtra:&source:&taskId:

做任务完成！
领取去集市发现5件好物任务奖励成功，收获：300电力
去做任务：去集市发现5件好物
st:_time:1612714971461&bizCode:&configExtra:&source:&taskId:

DoTask异常：{"data":{"awardStatus":1,"completedTimes":5,"dateTypeExtra":"20210208","updateTime":1612714970,"userStatusConfigExtra":""},"msg":"亲,活动太火爆了,请稍后再试吧!","ret":1009}
领取去集市发现5件好物任务奖励失败，任务已领奖
任务：登录APP领取奖励可完成
领取登录APP领取奖励任务奖励成功，收获：2500电力
去做任务：开宝箱找安全帽
st:_time:1612714973932&bizCode:&configExtra:&source:&taskId:

做任务完成！
领取开宝箱找安全帽任务奖励成功，收获：300电力
去做任务：开宝箱找安全帽
st:_time:1612714975261&bizCode:&configExtra:&source:&taskId:

DoTask异常：{"data":{"awardStatus":1,"completedTimes":1,"dateTypeExtra":"20210208","updateTime":1612714974,"userStatusConfigExtra":""},"msg":"亲,活动太火爆了,请稍后再试吧!","ret":1009}
领取开宝箱找安全帽任务奖励失败，任务已领奖
去做任务：去签到，可领现金提现
st:_time:1612714976575&bizCode:&configExtra:&source:&taskId:

做任务完成！
领取去签到，可领现金提现任务奖励成功，收获：300电力
去做任务：去签到，可领现金提现
st:_time:1612714977916&bizCode:&configExtra:&source:&taskId:

DoTask异常：{"data":{"awardStatus":1,"completedTimes":1,"dateTypeExtra":"20210208","updateTime":1612714976,"userStatusConfigExtra":""},"msg":"亲,活动太火爆了,请稍后再试吧!","ret":1009}
领取去签到，可领现金提现任务奖励失败，任务已领奖
去做任务：去玩炸年兽分10亿
st:_time:1612714979245&bizCode:&configExtra:&source:&taskId:

做任务完成！
领取去玩炸年兽分10亿任务奖励成功，收获：100电力
去做任务：去玩炸年兽分10亿
st:_time:1612714980595&bizCode:&configExtra:&source:&taskId:

DoTask异常：{"data":{"awardStatus":1,"completedTimes":1,"dateTypeExtra":"20210208","updateTime":1612714979,"userStatusConfigExtra":""},"msg":"亲,活动太火爆了,请稍后再试吧!","ret":1009}
领取去玩炸年兽分10亿任务奖励失败，任务已领奖
去做任务：去集喜气1元秒年礼,去9.9抢年货好礼,全场1元去秒杀！,去京东看年货清单
st:_time:1612714981904&bizCode:&configExtra:&source:&taskId:

做任务完成！
领取去集喜气1元秒年礼,去9.9抢年货好礼,全场1元去秒杀！,去京东看年货清单任务奖励成功，收获：100电力
去做任务：去集喜气1元秒年礼,去9.9抢年货好礼,全场1元去秒杀！,去京东看年货清单
st:_time:1612714983241&bizCode:&configExtra:&source:&taskId:

做任务完成！
领取去集喜气1元秒年礼,去9.9抢年货好礼,全场1元去秒杀！,去京东看年货清单任务奖励成功，收获：100电力
去做任务：去集喜气1元秒年礼,去9.9抢年货好礼,全场1元去秒杀！,去京东看年货清单
st:_time:1612714984577&bizCode:&configExtra:&source:&taskId:

做任务完成！
领取去集喜气1元秒年礼,去9.9抢年货好礼,全场1元去秒杀！,去京东看年货清单任务奖励成功，收获：100电力
去做任务：去集喜气1元秒年礼,去9.9抢年货好礼,全场1元去秒杀！,去京东看年货清单
st:_time:1612714985925&bizCode:&configExtra:&source:&taskId:

做任务完成！
领取去集喜气1元秒年礼,去9.9抢年货好礼,全场1元去秒杀！,去京东看年货清单任务奖励成功，收获：100电力
去做任务：去集喜气1元秒年礼,去9.9抢年货好礼,全场1元去秒杀！,去京东看年货清单
st:_time:1612714987255&bizCode:&configExtra:&source:&taskId:

DoTask异常：{"data":{"awardStatus":1,"completedTimes":4,"dateTypeExtra":"20210208","updateTime":1612714986,"userStatusConfigExtra":""},"msg":"亲,活动太火爆了,请稍后再试吧!","ret":1009}
领取去集喜气1元秒年礼,去9.9抢年货好礼,全场1元去秒杀！,去京东看年货清单任务奖励失败，任务已领奖
去做任务：去抢100元压岁钱
st:_time:1612714988573&bizCode:&configExtra:&source:&taskId:

做任务完成！
领取去抢100元压岁钱任务奖励成功，收获：100电力
去做任务：去抢100元压岁钱
st:_time:1612714989907&bizCode:&configExtra:&source:&taskId:

DoTask异常：{"data":{"awardStatus":1,"completedTimes":1,"dateTypeExtra":"20210208","updateTime":1612714988,"userStatusConfigExtra":""},"msg":"亲,活动太火爆了,请稍后再试吧!","ret":1009}
领取去抢100元压岁钱任务奖励失败，任务已领奖
去做任务：上岛兑0元好物,逛农场免费领水果,出海寻宝领100元红包
st:_time:1612714991199&bizCode:&configExtra:&source:&taskId:

做任务完成！
领取上岛兑0元好物,逛农场免费领水果,出海寻宝领100元红包任务奖励成功，收获：100电力
去做任务：上岛兑0元好物,逛农场免费领水果,出海寻宝领100元红包
st:_time:1612714992528&bizCode:&configExtra:&source:&taskId:

做任务完成！
领取上岛兑0元好物,逛农场免费领水果,出海寻宝领100元红包任务奖励成功，收获：100电力
去做任务：上岛兑0元好物,逛农场免费领水果,出海寻宝领100元红包
st:_time:1612714993853&bizCode:&configExtra:&source:&taskId:

做任务完成！
领取上岛兑0元好物,逛农场免费领水果,出海寻宝领100元红包任务奖励成功，收获：100电力
去做任务：上岛兑0元好物,逛农场免费领水果,出海寻宝领100元红包
st:_time:1612714995175&bizCode:&configExtra:&source:&taskId:

DoTask异常：{"data":{"awardStatus":1,"completedTimes":3,"dateTypeExtra":"20210208","updateTime":1612714994,"userStatusConfigExtra":""},"msg":"亲,活动太火爆了,请稍后再试吧!","ret":1009}
领取上岛兑0元好物,逛农场免费领水果,出海寻宝领100元红包任务奖励失败，任务已领奖
完成任务：共领取4800电力
投入失败，生产失效了，请稍后重试~
st:_time:1612714996773&date:&type:1&zone:dream_factory

打工电力：收取失败，6点后可领取
自家地下暂无零件可收
今日收取零件已达上限，偷好友零件也达到上限，故跳出

团活动ID  6S9y4sJUfA2vPQP6TLdVIQ==
团ID  

今日剩余开团次数：3次
准备开团
st:_time:1612714997743&activeId:&isOpenApp:

异常：{"msg":"活动已结束，请稍后再试~","nowTime":1612714997,"ret":10218}

【京东账号2】孤傲的小小瞒
【生产商品】香蓓柔洗衣液
【当前等级】学徒 1
【生产进度】89.33%
【招工进度】0/8
【每日任务】领奖成功，共计 4800 电力
【投入电力】投入失败，生产失效了，请稍后重试~
【打工电力】收取失败，6点后可领取
【收取自己零件】今日已达上限
【收取好友零件】今日已达上限

浅草幻雪去参加第一个cookie账号开的团
参团失败：{"msg":"活动已结束，请稍后再试~","nowTime":1612714998,"ret":10218}
173315279去参加第一个cookie账号开的团
参团失败：{"msg":"活动已结束，请稍后再试~","nowTime":1612714998,"ret":10218}

🔔京喜工厂, 结束! 🕛 86.641 秒

