
🔔京喜工厂, 开始!
您的cookie选择的是用&隔开


====================共有2个京东账号Cookie=========

==================脚本执行- 北京时间(UTC+8)：2/3/2021, 10:22:46 AM=====================

"Response code 404 (Not Found)"
"connect ECONNREFUSED 151.101.108.133:443"
"Response code 404 (Not Found)"
开始获取京喜工厂配置文件

tuanActiveId: 6S9y4sJUfA2vPQP6TLdVIQ==
您的互助码选择的是用&隔开

共2个京东账号

您提供了2个账号的京喜工厂助力码


******开始【京东账号1】迷糊虫啊*********

st:_time:1612318970254&materialTuanId:&materialTuanPin:&pin:&sharePin:&shareType:&source:&zone:dream_factory

再加电力可开红包

当前电力：463300
当前等级：1

【京东账号1（迷糊虫啊）的京喜工厂好友互助码】oY9gHgdBtYMXDVcUWMNL4w==
已投入电力：134100
所需电力：150000
生产进度：89.40%
【今日招工进度】0/8
开始
随机取20个码放到您固定的互助码后面(不影响已有固定互助)
第1个京东账号将要助力的好友["xYd7cjQ3c1LyUse79rEFnw==","6E5_eFU3YHRLTljqYh_B1fg9iKwFvbWQsugw1xHcY3Q=","540bj4eZfgx_G4gtfA4_9A==","5AnP-NWntIbO2rEf58NCnA==","dmXgDYaJAU6XalqLvNjuMA==","SdpAgrQpB8fU2bpfDx271A==","3Jo-puwT3_ugaTci8th8og==","FIxpJQLA02yAu2TyvTDShQ==","AXDgNYKNLs51h24hm7ZK-w==","jT1Hs-qBYLIuf4qAvsXsiw==","UfHNwKZDtpkXCwZzaclsrTqjhJsuHeWuJABeeXGAuL0=","00drAsxmEMfY_D3-bZJrpQ==","BX1IDZw10bJ1N_eZSPnnvA==","bODafwYQOmm2Xk7bghpYfw==","fyjFta63xvz0M1TlB5HQSA==","zEhEE8dAy7S2WQFzLXFJ-A==","cbW1YqYAB17bD-7EsPgvhg==","F0rUUMUe8NZQ2wcmeRVqAg==","FrM1LtaGPETSbeXfpFxGBQ==","4rtfYlCw9ggy4BHwt0EeLg==","Hl3hQeQzkhbiFsR55htdfQ==","C1-YZqAx_RD7xWZ_KLrxkg==","-2S5rWlC--o-Yskw50DGPg=="]
助力朋友[xYd7cjQ3c1LyUse79rEFnw==]失败：亲,好友的工厂的工人已经满员了,不能去好友工厂打工啦!
助力朋友[6E5_eFU3YHRLTljqYh_B1fg9iKwFvbWQsugw1xHcY3Q=]失败：亲,好友的工厂的工人已经满员了,不能去好友工厂打工啦!
助力朋友[540bj4eZfgx_G4gtfA4_9A==]失败：亲,好友的工厂暂未开启,不能去好友工厂打工啦!
助力朋友[5AnP-NWntIbO2rEf58NCnA==]失败：亲,好友的工厂的工人已经满员了,不能去好友工厂打工啦!
助力朋友[dmXgDYaJAU6XalqLvNjuMA==]失败：亲,好友的工厂的工人已经满员了,不能去好友工厂打工啦!
助力朋友[SdpAgrQpB8fU2bpfDx271A==]失败：亲,好友的工厂暂未开启,不能去好友工厂打工啦!
助力朋友[3Jo-puwT3_ugaTci8th8og==]失败：亲,好友的工厂暂未开启,不能去好友工厂打工啦!
助力朋友[FIxpJQLA02yAu2TyvTDShQ==]失败：亲,好友的工厂暂未开启,不能去好友工厂打工啦!
助力朋友[AXDgNYKNLs51h24hm7ZK-w==]失败：亲,好友的工厂的工人已经满员了,不能去好友工厂打工啦!
助力朋友[jT1Hs-qBYLIuf4qAvsXsiw==]失败：亲,好友的工厂暂未开启,不能去好友工厂打工啦!
助力朋友[UfHNwKZDtpkXCwZzaclsrTqjhJsuHeWuJABeeXGAuL0=]失败：亲,好友的工厂的工人已经满员了,不能去好友工厂打工啦!
助力朋友：00drAsxmEMfY_D3-bZJrpQ==成功，因一次只能助力一个，故跳出助力

nextCollectDoubleFlag::1
nextCollectDoubleType::1

下次集满收取可双倍电力
发电机：当前 0 电力，最大值 300 电力
任务：帮好友工厂打工可完成
领取帮好友工厂打工任务奖励成功，收获：500电力
完成任务：共领取500电力
投入失败，生产失效了，请稍后重试~
自家地下暂无零件可收
今日收取零件已达上限，偷好友零件也达到上限，故跳出

团活动ID  6S9y4sJUfA2vPQP6TLdVIQ==
团ID  314qVQPUppGl4GkxRrbPUA==

今日剩余开团次数：3次
st:_time:1612318975886&activeId:&tuanId:

之前的团已过期，准备重新开团

st:_time:1612318976031&activeId:&isOpenApp:

异常：{"msg":"活动已结束，请稍后再试~","nowTime":1612318976,"ret":10218}

开团情况:1/10


此团未达领取团奖励人数：10人

12/26/2020, 10:14:28 AM参加团主【oY9gHgdBtYMXDVcUWMNL4w==】失败

【京东账号1】迷糊虫啊
【生产商品】保鲜5件套
【当前等级】学徒 1
【生产进度】89.40%
【招工进度】0/8
【发电机电力】当前 0 电力，未达到收获标准
【每日任务】领奖成功，共计 500 电力
【投入电力】投入失败，生产失效了，请稍后重试~
【收取自己零件】今日已达上限
【收取好友零件】今日已达上限


******开始【京东账号2】孤傲的小小瞒*********

st:_time:1612318976665&materialTuanId:&materialTuanPin:&pin:&sharePin:&shareType:&source:&zone:dream_factory

再加电力可开红包

当前电力：462500
当前等级：1

【京东账号2（孤傲的小小瞒）的京喜工厂好友互助码】jzrCtGVS7-j8YCUeB8oW6Q==
已投入电力：134000
所需电力：150000
生产进度：89.33%
【今日招工进度】0/8
开始
随机取20个码放到您固定的互助码后面(不影响已有固定互助)
第2个京东账号将要助力的好友["CNt5BX1eD8Tw-Wq045YSWg==","phEELHGm3o7VKPIyiBO3Vw==","z-tDlNURI5HvM4MtehtjDA==","dzM8y-1G-D1pt6If32xQ0A==","APBYMQFoYC_GjcMHLE4Sfw==","wdBYK37mLjHtHndwiAlWWA==","b7O6huKUX_r1o8HQQ57h-Q==","hofz7ullzk4UFo6p0OVDBw==","xwbuYNIi57zxoVi0dOO2rg==","AxNE_oH1z5DmdWDhulg22w==","6WULEgYIMhChAkSTDCl_Rg==","iG7553N2vlZzZWUDLjhQhw==","3prp6-FT7J3Jcdrt7x6RAQ==","nM8Nrd3BMh4-gJ7jxDO-LQ==","1U1G5vjihHj2uL6920L9ZKOI03G6MoW0TKVhdpTvWq8=","hb3sFtYrGE31NXrOuOMPgQ==","cBcZ-Yr1fbeoyDU80XmH6A==","znMQDFAZ7ftScJSnVVpbZQ==","CIkGWAgZDOxCYW2_MmJVKw==","lZyQMiEBCiodHeQc8Bq2uro5dwxxk3k3rUX2iUV2kaY=","AjqL9a-_t7EBO4i9s-KdbQ==","SLuUULb8b6Dt3JR6ye39Yg==","nL3vja0Czo9Lo2he9KpL8g==","J4Sxrr-AUd7Kvs-G2CfirA=="]
助力朋友[CNt5BX1eD8Tw-Wq045YSWg==]失败：亲,好友的工厂的工人已经满员了,不能去好友工厂打工啦!
助力朋友[phEELHGm3o7VKPIyiBO3Vw==]失败：亲,好友的工厂的工人已经满员了,不能去好友工厂打工啦!
助力朋友[z-tDlNURI5HvM4MtehtjDA==]失败：亲,好友的工厂的工人已经满员了,不能去好友工厂打工啦!
助力朋友[dzM8y-1G-D1pt6If32xQ0A==]失败：亲,好友的工厂的工人已经满员了,不能去好友工厂打工啦!
助力朋友[APBYMQFoYC_GjcMHLE4Sfw==]失败：亲,好友的工厂的工人已经满员了,不能去好友工厂打工啦!
助力朋友[wdBYK37mLjHtHndwiAlWWA==]失败：亲,好友的工厂暂未开启,不能去好友工厂打工啦!
助力朋友[b7O6huKUX_r1o8HQQ57h-Q==]失败：亲,好友的工厂的工人已经满员了,不能去好友工厂打工啦!
助力朋友[hofz7ullzk4UFo6p0OVDBw==]失败：亲,好友的工厂的工人已经满员了,不能去好友工厂打工啦!
助力朋友[xwbuYNIi57zxoVi0dOO2rg==]失败：亲,好友的工厂的工人已经满员了,不能去好友工厂打工啦!
助力朋友[AxNE_oH1z5DmdWDhulg22w==]失败：亲,好友的工厂的工人已经满员了,不能去好友工厂打工啦!
助力朋友[6WULEgYIMhChAkSTDCl_Rg==]失败：亲,好友的工厂暂未开启,不能去好友工厂打工啦!
助力朋友[iG7553N2vlZzZWUDLjhQhw==]失败：亲,好友的工厂暂未开启,不能去好友工厂打工啦!
助力朋友[3prp6-FT7J3Jcdrt7x6RAQ==]失败：亲,好友的工厂暂未开启,不能去好友工厂打工啦!
助力朋友[nM8Nrd3BMh4-gJ7jxDO-LQ==]失败：亲,好友的工厂的工人已经满员了,不能去好友工厂打工啦!
助力朋友：1U1G5vjihHj2uL6920L9ZKOI03G6MoW0TKVhdpTvWq8=成功，因一次只能助力一个，故跳出助力

nextCollectDoubleFlag::1
nextCollectDoubleType::1

下次集满收取可双倍电力
发电机：当前 0 电力，最大值 300 电力
任务：帮好友工厂打工可完成
领取帮好友工厂打工任务奖励成功，收获：500电力
完成任务：共领取500电力
投入失败，生产失效了，请稍后重试~
自家地下暂无零件可收
今日收取零件已达上限，偷好友零件也达到上限，故跳出

团活动ID  6S9y4sJUfA2vPQP6TLdVIQ==
团ID  

今日剩余开团次数：3次
准备开团
st:_time:1612318982529&activeId:&isOpenApp:

异常：{"msg":"活动已结束，请稍后再试~","nowTime":1612318982,"ret":10218}

【京东账号2】孤傲的小小瞒
【生产商品】香蓓柔洗衣液
【当前等级】学徒 1
【生产进度】89.33%
【招工进度】0/8
【发电机电力】当前 0 电力，未达到收获标准
【每日任务】领奖成功，共计 500 电力
【投入电力】投入失败，生产失效了，请稍后重试~
【收取自己零件】今日已达上限
【收取好友零件】今日已达上限

浅草幻雪去参加第一个cookie账号开的团
参团失败：{"msg":"活动已结束，请稍后再试~","nowTime":1612318983,"ret":10218}
173315279去参加第一个cookie账号开的团
参团失败：{"msg":"活动已结束，请稍后再试~","nowTime":1612318983,"ret":10218}

🔔京喜工厂, 结束! 🕛 17.385 秒

