
🔔京喜工厂, 开始!
您的cookie选择的是用&隔开


====================共有2个京东账号Cookie=========

==================脚本执行- 北京时间(UTC+8)：2/7/2021, 8:22:34 PM=====================

"Response code 404 (Not Found)"
"connect ECONNREFUSED 151.101.108.133:443"
"Response code 404 (Not Found)"
开始获取京喜工厂配置文件

tuanActiveId: 6S9y4sJUfA2vPQP6TLdVIQ==
您的互助码选择的是用&隔开

共2个京东账号

您提供了2个账号的京喜工厂助力码


******开始【京东账号1】迷糊虫啊*********

st:_time:1612700559016&materialTuanId:&materialTuanPin:&pin:&sharePin:&shareType:&source:&zone:dream_factory

再加电力可开红包

当前电力：527400
当前等级：1

【京东账号1（迷糊虫啊）的京喜工厂好友互助码】oY9gHgdBtYMXDVcUWMNL4w==
已投入电力：134100
所需电力：150000
生产进度：89.40%
【今日招工进度】0/8
开始
随机取20个码放到您固定的互助码后面(不影响已有固定互助)
第1个京东账号将要助力的好友["xYd7cjQ3c1LyUse79rEFnw==","6E5_eFU3YHRLTljqYh_B1fg9iKwFvbWQsugw1xHcY3Q=","540bj4eZfgx_G4gtfA4_9A==","5AnP-NWntIbO2rEf58NCnA==","SDcHei5HFwnj_FBwLmfACA==","HUkh-r9lgICn-_rEfR-Pvg==","UYR8ozUpqWqrql_hbIYk8g==","-Q2ZHEeaaSlQPB2RKIk_Zg==","HOzpGlrbK0f_U7uCtU5qSA==","Li_VYJjPOImy-VppNPKLjw==","FU76dIxpXaqaj537c6zMBQ==","SFqXg6O2C-hcESfryIZmoRnybqpzbq5CYnMXt9FOpEc=","r5DEoBYq5crP5iydK6whdw==","CKD4qWSed8f-Ps-w5gUXdg==","2-gtOvWWFkNfS4Q-4ntCSA==","ljRFe2fUmN-4alSy3HmY2g==","M8C53k8ETdHtjHyU3btQ8Q==","TdSYGa2P1qna7X1-nmukiQ==","g0q6Z9xozaCfuw396sQItg==","GeQHmS4NQ6mQkyXI0xMiVg==","lgBiKYrhLr3OZeZX65GKWw==","d-BC7jY79cixPVzX56r9YQ==","n8mNhutai0Rf3ydW2pwTBQ==","O3rRol_lhBA5-h3tt8fY2w=="]
助力朋友[xYd7cjQ3c1LyUse79rEFnw==]失败：亲,好友的工厂的工人已经满员了,不能去好友工厂打工啦!
助力朋友[6E5_eFU3YHRLTljqYh_B1fg9iKwFvbWQsugw1xHcY3Q=]失败：亲,好友的工厂的工人已经满员了,不能去好友工厂打工啦!
助力朋友[540bj4eZfgx_G4gtfA4_9A==]失败：亲,好友的工厂暂未开启,不能去好友工厂打工啦!
助力朋友[5AnP-NWntIbO2rEf58NCnA==]失败：亲,好友的工厂的工人已经满员了,不能去好友工厂打工啦!
助力朋友[SDcHei5HFwnj_FBwLmfACA==]失败：亲,好友的工厂的工人已经满员了,不能去好友工厂打工啦!
助力朋友[HUkh-r9lgICn-_rEfR-Pvg==]失败：亲,好友的工厂的工人已经满员了,不能去好友工厂打工啦!
助力朋友[UYR8ozUpqWqrql_hbIYk8g==]失败：亲,好友的工厂的工人已经满员了,不能去好友工厂打工啦!
助力朋友[-Q2ZHEeaaSlQPB2RKIk_Zg==]失败：亲,好友的工厂的工人已经满员了,不能去好友工厂打工啦!
助力朋友[HOzpGlrbK0f_U7uCtU5qSA==]失败：亲,好友的工厂暂未开启,不能去好友工厂打工啦!
助力朋友[Li_VYJjPOImy-VppNPKLjw==]失败：亲,好友的工厂的工人已经满员了,不能去好友工厂打工啦!
助力朋友[FU76dIxpXaqaj537c6zMBQ==]失败：亲,好友的工厂的工人已经满员了,不能去好友工厂打工啦!
助力朋友[SFqXg6O2C-hcESfryIZmoRnybqpzbq5CYnMXt9FOpEc=]失败：亲,好友的工厂暂未开启,不能去好友工厂打工啦!
助力朋友[r5DEoBYq5crP5iydK6whdw==]失败：亲,好友的工厂的工人已经满员了,不能去好友工厂打工啦!
助力朋友[CKD4qWSed8f-Ps-w5gUXdg==]失败：亲,好友的工厂的工人已经满员了,不能去好友工厂打工啦!
助力朋友[2-gtOvWWFkNfS4Q-4ntCSA==]失败：亲,好友的工厂暂未开启,不能去好友工厂打工啦!
助力朋友[ljRFe2fUmN-4alSy3HmY2g==]失败：亲,好友的工厂的工人已经满员了,不能去好友工厂打工啦!
"Response code 401 (Unauthorized)"
京喜工厂 API请求失败，请检查网路重试
助力朋友[M8C53k8ETdHtjHyU3btQ8Q==]失败：undefined
助力朋友[TdSYGa2P1qna7X1-nmukiQ==]失败：亲,好友的工厂的工人已经满员了,不能去好友工厂打工啦!
"Response code 401 (Unauthorized)"
京喜工厂 API请求失败，请检查网路重试
助力朋友[g0q6Z9xozaCfuw396sQItg==]失败：undefined
助力朋友[GeQHmS4NQ6mQkyXI0xMiVg==]失败：亲,好友的工厂暂未开启,不能去好友工厂打工啦!
助力朋友[lgBiKYrhLr3OZeZX65GKWw==]失败：亲,好友的工厂的工人已经满员了,不能去好友工厂打工啦!
助力朋友[d-BC7jY79cixPVzX56r9YQ==]失败：亲,好友的工厂的工人已经满员了,不能去好友工厂打工啦!
助力朋友[n8mNhutai0Rf3ydW2pwTBQ==]失败：亲,好友的工厂的工人已经满员了,不能去好友工厂打工啦!
助力朋友[O3rRol_lhBA5-h3tt8fY2w==]失败：亲,好友的工厂的工人已经满员了,不能去好友工厂打工啦!

nextCollectDoubleFlag::1
nextCollectDoubleType::1

下次集满收取可双倍电力
发电机：当前 0 电力，最大值 300 电力
完成任务：共领取0电力
投入失败，生产失效了，请稍后重试~
自家地下暂无零件可收
今日收取零件已达上限，偷好友零件也达到上限，故跳出

团活动ID  6S9y4sJUfA2vPQP6TLdVIQ==
团ID  314qVQPUppGl4GkxRrbPUA==

今日剩余开团次数：3次
st:_time:1612700565060&activeId:&tuanId:

之前的团已过期，准备重新开团

st:_time:1612700565227&activeId:&isOpenApp:

异常：{"msg":"活动已结束，请稍后再试~","nowTime":1612700565,"ret":10218}

开团情况:1/10


此团未达领取团奖励人数：10人

12/26/2020, 10:14:28 AM参加团主【oY9gHgdBtYMXDVcUWMNL4w==】失败

【京东账号1】迷糊虫啊
【生产商品】保鲜5件套
【当前等级】学徒 1
【生产进度】89.40%
【招工进度】0/8
【发电机电力】当前 0 电力，未达到收获标准
【每日任务】领奖成功，共计 0 电力
【投入电力】投入失败，生产失效了，请稍后重试~
【收取自己零件】今日已达上限
【收取好友零件】今日已达上限


******开始【京东账号2】孤傲的小小瞒*********

st:_time:1612700565851&materialTuanId:&materialTuanPin:&pin:&sharePin:&shareType:&source:&zone:dream_factory

再加电力可开红包

当前电力：531100
当前等级：1

【京东账号2（孤傲的小小瞒）的京喜工厂好友互助码】jzrCtGVS7-j8YCUeB8oW6Q==
已投入电力：134000
所需电力：150000
生产进度：89.33%
【今日招工进度】0/8
开始
随机取20个码放到您固定的互助码后面(不影响已有固定互助)
第2个京东账号将要助力的好友["CNt5BX1eD8Tw-Wq045YSWg==","phEELHGm3o7VKPIyiBO3Vw==","z-tDlNURI5HvM4MtehtjDA==","dzM8y-1G-D1pt6If32xQ0A==","gGnTFG3v-oXM8kULgOXE9Q==","aJUWBtjIyHyRkdjkcOLzog==","PJVXZHQnaIP0IEugrMrdoA==","8IRspG5M1o2-E_kxqa_pYQ==","NBmHFP-xUBBhOCrCyd_koA==","LB5NXw_1_dbUrnJqBxHx4w==","4t_95tDfwEuARcVJhnsE6w==","I7opQpVycPD_McEKo3O0rw==","OxXfR9rZ3R77_5veWpd74Q==","8lO7uEH9CghJcEqjlWf8Sg==","ZRngDgduy3mmSTBkjAaiNw==","3Z0zFk2GVozy09ghwdY1_A==","Hg1t6rnAo-KZMBgnNpubrg==","HMXdzwFEVium1IoqAJ7jQw==","M7_JhmRSVR77-PRhgsnLJw==","wvwxbqPwsSXk9Bflcq38LA==","q5AzBrKgwuaFLiSGRACEyA==","zYZJy-R1uLnqQhel5c5wpg==","vexFA57j3I5ROtsQXGkkBw==","Zn0iDJas3B78kAZ5Bu6HwQ=="]
助力朋友[CNt5BX1eD8Tw-Wq045YSWg==]失败：亲,好友的工厂暂未开启,不能去好友工厂打工啦!
助力朋友[phEELHGm3o7VKPIyiBO3Vw==]失败：亲,好友的工厂的工人已经满员了,不能去好友工厂打工啦!
助力朋友[z-tDlNURI5HvM4MtehtjDA==]失败：亲,好友的工厂的工人已经满员了,不能去好友工厂打工啦!
助力朋友[dzM8y-1G-D1pt6If32xQ0A==]失败：亲,好友的工厂的工人已经满员了,不能去好友工厂打工啦!
助力朋友[gGnTFG3v-oXM8kULgOXE9Q==]失败：亲,好友的工厂的工人已经满员了,不能去好友工厂打工啦!
助力朋友[aJUWBtjIyHyRkdjkcOLzog==]失败：亲,好友的工厂的工人已经满员了,不能去好友工厂打工啦!
助力朋友[PJVXZHQnaIP0IEugrMrdoA==]失败：亲,好友的工厂的工人已经满员了,不能去好友工厂打工啦!
助力朋友[8IRspG5M1o2-E_kxqa_pYQ==]失败：亲,好友的工厂暂未开启,不能去好友工厂打工啦!
助力朋友[NBmHFP-xUBBhOCrCyd_koA==]失败：亲,好友的工厂的工人已经满员了,不能去好友工厂打工啦!
助力朋友[LB5NXw_1_dbUrnJqBxHx4w==]失败：亲,好友的工厂的工人已经满员了,不能去好友工厂打工啦!
助力朋友[4t_95tDfwEuARcVJhnsE6w==]失败：亲,好友的工厂的工人已经满员了,不能去好友工厂打工啦!
助力朋友[I7opQpVycPD_McEKo3O0rw==]失败：亲,好友的工厂的工人已经满员了,不能去好友工厂打工啦!
助力朋友[OxXfR9rZ3R77_5veWpd74Q==]失败：亲,好友的工厂的工人已经满员了,不能去好友工厂打工啦!
助力朋友[8lO7uEH9CghJcEqjlWf8Sg==]失败：亲,好友的工厂的工人已经满员了,不能去好友工厂打工啦!
助力朋友[ZRngDgduy3mmSTBkjAaiNw==]失败：亲,好友的工厂的工人已经满员了,不能去好友工厂打工啦!
助力朋友[3Z0zFk2GVozy09ghwdY1_A==]失败：亲,好友的工厂暂未开启,不能去好友工厂打工啦!
助力朋友[Hg1t6rnAo-KZMBgnNpubrg==]失败：亲,好友的工厂的工人已经满员了,不能去好友工厂打工啦!
助力朋友[HMXdzwFEVium1IoqAJ7jQw==]失败：亲,好友的工厂暂未开启,不能去好友工厂打工啦!
助力朋友[M7_JhmRSVR77-PRhgsnLJw==]失败：亲,好友的工厂的工人已经满员了,不能去好友工厂打工啦!
助力朋友[wvwxbqPwsSXk9Bflcq38LA==]失败：亲,好友的工厂的工人已经满员了,不能去好友工厂打工啦!
助力朋友[q5AzBrKgwuaFLiSGRACEyA==]失败：亲,好友的工厂的工人已经满员了,不能去好友工厂打工啦!
助力朋友[zYZJy-R1uLnqQhel5c5wpg==]失败：亲,好友的工厂的工人已经满员了,不能去好友工厂打工啦!
助力朋友[vexFA57j3I5ROtsQXGkkBw==]失败：亲,好友的工厂的工人已经满员了,不能去好友工厂打工啦!
助力朋友[Zn0iDJas3B78kAZ5Bu6HwQ==]失败：亲,好友的工厂的工人已经满员了,不能去好友工厂打工啦!

nextCollectDoubleFlag::1
nextCollectDoubleType::1

下次集满收取可双倍电力
发电机：当前 0 电力，最大值 300 电力
完成任务：共领取0电力
投入失败，生产失效了，请稍后重试~
自家地下暂无零件可收
今日收取零件已达上限，偷好友零件也达到上限，故跳出

团活动ID  6S9y4sJUfA2vPQP6TLdVIQ==
团ID  

今日剩余开团次数：3次
准备开团
st:_time:1612700572209&activeId:&isOpenApp:

异常：{"msg":"活动已结束，请稍后再试~","nowTime":1612700572,"ret":10218}

【京东账号2】孤傲的小小瞒
【生产商品】香蓓柔洗衣液
【当前等级】学徒 1
【生产进度】89.33%
【招工进度】0/8
【发电机电力】当前 0 电力，未达到收获标准
【每日任务】领奖成功，共计 0 电力
【投入电力】投入失败，生产失效了，请稍后重试~
【收取自己零件】今日已达上限
【收取好友零件】今日已达上限

浅草幻雪去参加第一个cookie账号开的团
参团失败：{"msg":"活动已结束，请稍后再试~","nowTime":1612700572,"ret":10218}
173315279去参加第一个cookie账号开的团
参团失败：{"msg":"活动已结束，请稍后再试~","nowTime":1612700573,"ret":10218}

🔔京喜工厂, 结束! 🕛 18.398 秒

