
🔔京喜工厂, 开始!
您的cookie选择的是用&隔开


====================共有2个京东账号Cookie=========

==================脚本执行- 北京时间(UTC+8)：2/3/2021, 11:21:50 PM=====================

"Response code 404 (Not Found)"
"connect ECONNREFUSED 151.101.108.133:443"
"Response code 404 (Not Found)"
开始获取京喜工厂配置文件

tuanActiveId: 6S9y4sJUfA2vPQP6TLdVIQ==
您的互助码选择的是用&隔开

共2个京东账号

您提供了2个账号的京喜工厂助力码


******开始【京东账号1】迷糊虫啊*********

st:_time:1612365714452&materialTuanId:&materialTuanPin:&pin:&sharePin:&shareType:&source:&zone:dream_factory

再加电力可开红包

当前电力：465800
当前等级：1

【京东账号1（迷糊虫啊）的京喜工厂好友互助码】oY9gHgdBtYMXDVcUWMNL4w==
已投入电力：134100
所需电力：150000
生产进度：89.40%
【今日招工进度】0/8
开始
随机取20个码放到您固定的互助码后面(不影响已有固定互助)
第1个京东账号将要助力的好友["xYd7cjQ3c1LyUse79rEFnw==","6E5_eFU3YHRLTljqYh_B1fg9iKwFvbWQsugw1xHcY3Q=","540bj4eZfgx_G4gtfA4_9A==","5AnP-NWntIbO2rEf58NCnA==","_z5hz7thtYsllCSHcMTrSg==","6D66gpEjuUONg1vvvk6NWg==","d1OcMei3MxKzzM_IAqOPjA==","J4Sxrr-AUd7Kvs-G2CfirA==","VnZ0_PEb9zrb5O24c3b9jA==","jt_7wvFRKF4cNXc1SP3tgg==","7pK5Di6YTGW2WKDWGMqONA==","1-4YWc7Me4ci9qFLWiS7bw==","uskJaCpek_YPYwqlrCslXA==","2AN9Ib8ESp_-BJuPvquMeg==","Jqk2aGajC1UeRvuBM-y-aQ==","2zbUzjSeN65GjL-bnNzDbQ==","EvdTFY-lmf3bTCJQpI_n6A==","u6k_dEuOIJY8q0Girn7yTA==","SI3ijVwH43WU3MjQUyFceA==","V5R20T25HOeTa3aVgFScEQ==","8kUJkoBCmCLEpZ2LdFqiEw==","sbBV3BMJfrmI8aWk2YxxsQ==","0cOdhw8MjuD9kNTOAc27LA==","OpIFtOib1deqyGNRwHl4DQ=="]
助力朋友[xYd7cjQ3c1LyUse79rEFnw==]失败：亲,好友的工厂的工人已经满员了,不能去好友工厂打工啦!
助力朋友[6E5_eFU3YHRLTljqYh_B1fg9iKwFvbWQsugw1xHcY3Q=]失败：亲,好友的工厂的工人已经满员了,不能去好友工厂打工啦!
助力朋友[540bj4eZfgx_G4gtfA4_9A==]失败：亲,好友的工厂暂未开启,不能去好友工厂打工啦!
助力朋友[5AnP-NWntIbO2rEf58NCnA==]失败：亲,好友的工厂的工人已经满员了,不能去好友工厂打工啦!
助力朋友[_z5hz7thtYsllCSHcMTrSg==]失败：亲,好友的工厂的工人已经满员了,不能去好友工厂打工啦!
助力朋友[6D66gpEjuUONg1vvvk6NWg==]失败：亲,好友的工厂的工人已经满员了,不能去好友工厂打工啦!
助力朋友[d1OcMei3MxKzzM_IAqOPjA==]失败：亲,好友的工厂的工人已经满员了,不能去好友工厂打工啦!
助力朋友[J4Sxrr-AUd7Kvs-G2CfirA==]失败：亲,好友的工厂暂未开启,不能去好友工厂打工啦!
助力朋友[VnZ0_PEb9zrb5O24c3b9jA==]失败：亲,好友的工厂的工人已经满员了,不能去好友工厂打工啦!
助力朋友[jt_7wvFRKF4cNXc1SP3tgg==]失败：亲,好友的工厂的工人已经满员了,不能去好友工厂打工啦!
助力朋友[7pK5Di6YTGW2WKDWGMqONA==]失败：亲,好友的工厂的工人已经满员了,不能去好友工厂打工啦!
助力朋友[1-4YWc7Me4ci9qFLWiS7bw==]失败：亲,好友的工厂的工人已经满员了,不能去好友工厂打工啦!
助力朋友[uskJaCpek_YPYwqlrCslXA==]失败：亲,好友的工厂暂未开启,不能去好友工厂打工啦!
"Response code 401 (Unauthorized)"
京喜工厂 API请求失败，请检查网路重试
助力朋友[2AN9Ib8ESp_-BJuPvquMeg==]失败：undefined
助力朋友[Jqk2aGajC1UeRvuBM-y-aQ==]失败：亲,好友的工厂的工人已经满员了,不能去好友工厂打工啦!
助力朋友[2zbUzjSeN65GjL-bnNzDbQ==]失败：亲,好友的工厂的工人已经满员了,不能去好友工厂打工啦!
"Response code 401 (Unauthorized)"
京喜工厂 API请求失败，请检查网路重试
助力朋友[EvdTFY-lmf3bTCJQpI_n6A==]失败：undefined
助力朋友[u6k_dEuOIJY8q0Girn7yTA==]失败：亲,好友的工厂的工人已经满员了,不能去好友工厂打工啦!
助力朋友[SI3ijVwH43WU3MjQUyFceA==]失败：亲,好友的工厂的工人已经满员了,不能去好友工厂打工啦!
助力朋友[V5R20T25HOeTa3aVgFScEQ==]失败：亲,好友的工厂的工人已经满员了,不能去好友工厂打工啦!
助力朋友[8kUJkoBCmCLEpZ2LdFqiEw==]失败：亲,好友的工厂的工人已经满员了,不能去好友工厂打工啦!
助力朋友[sbBV3BMJfrmI8aWk2YxxsQ==]失败：亲,好友的工厂的工人已经满员了,不能去好友工厂打工啦!
助力朋友[0cOdhw8MjuD9kNTOAc27LA==]失败：亲,好友的工厂的工人已经满员了,不能去好友工厂打工啦!
助力朋友[OpIFtOib1deqyGNRwHl4DQ==]失败：亲,好友的工厂的工人已经满员了,不能去好友工厂打工啦!

nextCollectDoubleFlag::1
nextCollectDoubleType::1

下次集满收取可双倍电力
发电机：当前 0 电力，最大值 300 电力
完成任务：共领取0电力
投入失败，生产失效了，请稍后重试~
自家地下暂无零件可收
今日收取零件已达上限，偷好友零件也达到上限，故跳出

团活动ID  6S9y4sJUfA2vPQP6TLdVIQ==
团ID  314qVQPUppGl4GkxRrbPUA==

今日剩余开团次数：3次
st:_time:1612365722967&activeId:&tuanId:

之前的团已过期，准备重新开团

st:_time:1612365723122&activeId:&isOpenApp:

异常：{"msg":"活动已结束，请稍后再试~","nowTime":1612365723,"ret":10218}

开团情况:1/10


此团未达领取团奖励人数：10人

12/26/2020, 10:14:28 AM参加团主【oY9gHgdBtYMXDVcUWMNL4w==】失败

【京东账号1】迷糊虫啊
【生产商品】保鲜5件套
【当前等级】学徒 1
【生产进度】89.40%
【招工进度】0/8
【发电机电力】当前 0 电力，未达到收获标准
【每日任务】领奖成功，共计 0 电力
【投入电力】投入失败，生产失效了，请稍后重试~
【收取自己零件】今日已达上限
【收取好友零件】今日已达上限


******开始【京东账号2】孤傲的小小瞒*********

st:_time:1612365723782&materialTuanId:&materialTuanPin:&pin:&sharePin:&shareType:&source:&zone:dream_factory

再加电力可开红包

当前电力：465000
当前等级：1

【京东账号2（孤傲的小小瞒）的京喜工厂好友互助码】jzrCtGVS7-j8YCUeB8oW6Q==
已投入电力：134000
所需电力：150000
生产进度：89.33%
【今日招工进度】0/8
开始
随机取20个码放到您固定的互助码后面(不影响已有固定互助)
第2个京东账号将要助力的好友["CNt5BX1eD8Tw-Wq045YSWg==","phEELHGm3o7VKPIyiBO3Vw==","z-tDlNURI5HvM4MtehtjDA==","dzM8y-1G-D1pt6If32xQ0A==","V9dZyRpXEraMKNvs-D8aVNxV93T0LsSlZfhrVVtpFLU=","_q0GwGdL_k9dNvXpBtvnYQ==","cqsuZXXJ7XfPC8u59ZqGKQ==","3pMbJGOeHjH4YLQx8dX1eg==","cfAhtT2zfBhKXYsIjOQG1Q==","0z2PEFwFme1r4nMjZOpoXw==","T76ufOSQ3-p1EnGXWSDoPw==","SgY5cJKCr7EZZVznVZ80pQ==","UsUmEH17sf2RQvTIQ8eJIA==","yl_sJhPsaDH4H1OXChTemQ==","uqN5oHH4WgLVkcTRgXU9ug==","Q5NR4kiqX_DZoRmFR5_ghg==","xVKqVnA7or7f5iGNWOyt3Q==","HaNI6iyg1s9lJlugbwkCjg==","wcFw2nABf_ujPk8OCA1K5Q==","ryE8p2m9DP5--yJXtZGtBg==","HLFWljul-Vmb9V7SgbbOGA==","yUPvSCc90jXSXb9tNBRaCQ==","1C8neRAb8zyN4Qdoj8mwew==","l5jZFinEaSSo07NnPo7Xsg=="]
助力朋友[CNt5BX1eD8Tw-Wq045YSWg==]失败：亲,好友的工厂暂未开启,不能去好友工厂打工啦!
助力朋友[phEELHGm3o7VKPIyiBO3Vw==]失败：亲,好友的工厂的工人已经满员了,不能去好友工厂打工啦!
助力朋友[z-tDlNURI5HvM4MtehtjDA==]失败：亲,好友的工厂的工人已经满员了,不能去好友工厂打工啦!
助力朋友[dzM8y-1G-D1pt6If32xQ0A==]失败：亲,好友的工厂的工人已经满员了,不能去好友工厂打工啦!
助力朋友[V9dZyRpXEraMKNvs-D8aVNxV93T0LsSlZfhrVVtpFLU=]失败：亲,好友的工厂暂未开启,不能去好友工厂打工啦!
助力朋友[_q0GwGdL_k9dNvXpBtvnYQ==]失败：亲,好友的工厂的工人已经满员了,不能去好友工厂打工啦!
助力朋友[cqsuZXXJ7XfPC8u59ZqGKQ==]失败：亲,好友的工厂暂未开启,不能去好友工厂打工啦!
助力朋友[3pMbJGOeHjH4YLQx8dX1eg==]失败：亲,好友的工厂暂未开启,不能去好友工厂打工啦!
助力朋友[cfAhtT2zfBhKXYsIjOQG1Q==]失败：亲,好友的工厂的工人已经满员了,不能去好友工厂打工啦!
助力朋友[0z2PEFwFme1r4nMjZOpoXw==]失败：亲,好友的工厂的工人已经满员了,不能去好友工厂打工啦!
助力朋友[T76ufOSQ3-p1EnGXWSDoPw==]失败：亲,好友的工厂的工人已经满员了,不能去好友工厂打工啦!
助力朋友[SgY5cJKCr7EZZVznVZ80pQ==]失败：亲,好友的工厂的工人已经满员了,不能去好友工厂打工啦!
助力朋友[UsUmEH17sf2RQvTIQ8eJIA==]失败：亲,好友的工厂的工人已经满员了,不能去好友工厂打工啦!
助力朋友[yl_sJhPsaDH4H1OXChTemQ==]失败：亲,好友的工厂的工人已经满员了,不能去好友工厂打工啦!
助力朋友[uqN5oHH4WgLVkcTRgXU9ug==]失败：亲,好友的工厂的工人已经满员了,不能去好友工厂打工啦!
助力朋友[Q5NR4kiqX_DZoRmFR5_ghg==]失败：亲,好友的工厂的工人已经满员了,不能去好友工厂打工啦!
助力朋友[xVKqVnA7or7f5iGNWOyt3Q==]失败：亲,好友的工厂的工人已经满员了,不能去好友工厂打工啦!
助力朋友[HaNI6iyg1s9lJlugbwkCjg==]失败：亲,好友的工厂的工人已经满员了,不能去好友工厂打工啦!
助力朋友[wcFw2nABf_ujPk8OCA1K5Q==]失败：亲,好友的工厂的工人已经满员了,不能去好友工厂打工啦!
助力朋友[ryE8p2m9DP5--yJXtZGtBg==]失败：亲,好友的工厂的工人已经满员了,不能去好友工厂打工啦!
助力朋友[HLFWljul-Vmb9V7SgbbOGA==]失败：亲,好友的工厂暂未开启,不能去好友工厂打工啦!
助力朋友[yUPvSCc90jXSXb9tNBRaCQ==]失败：亲,好友的工厂的工人已经满员了,不能去好友工厂打工啦!
助力朋友[1C8neRAb8zyN4Qdoj8mwew==]失败：亲,好友的工厂的工人已经满员了,不能去好友工厂打工啦!
助力朋友[l5jZFinEaSSo07NnPo7Xsg==]失败：亲,好友的工厂暂未开启,不能去好友工厂打工啦!

nextCollectDoubleFlag::1
nextCollectDoubleType::1

下次集满收取可双倍电力
发电机：当前 0 电力，最大值 300 电力
完成任务：共领取0电力
投入失败，生产失效了，请稍后重试~
自家地下暂无零件可收
今日收取零件已达上限，偷好友零件也达到上限，故跳出

团活动ID  6S9y4sJUfA2vPQP6TLdVIQ==
团ID  

今日剩余开团次数：3次
准备开团
st:_time:1612365729821&activeId:&isOpenApp:

异常：{"msg":"活动已结束，请稍后再试~","nowTime":1612365729,"ret":10218}

【京东账号2】孤傲的小小瞒
【生产商品】香蓓柔洗衣液
【当前等级】学徒 1
【生产进度】89.33%
【招工进度】0/8
【发电机电力】当前 0 电力，未达到收获标准
【每日任务】领奖成功，共计 0 电力
【投入电力】投入失败，生产失效了，请稍后重试~
【收取自己零件】今日已达上限
【收取好友零件】今日已达上限

浅草幻雪去参加第一个cookie账号开的团
参团失败：{"msg":"活动已结束，请稍后再试~","nowTime":1612365730,"ret":10218}
173315279去参加第一个cookie账号开的团
参团失败：{"msg":"活动已结束，请稍后再试~","nowTime":1612365730,"ret":10218}

🔔京喜工厂, 结束! 🕛 20.519 秒

