
🔔京喜工厂, 开始!
您的cookie选择的是用&隔开


====================共有2个京东账号Cookie=========

==================脚本执行- 北京时间(UTC+8)：2/7/2021, 10:21:56 PM=====================

"Response code 404 (Not Found)"
"Client network socket disconnected before secure TLS connection was established"
"Response code 404 (Not Found)"
开始获取京喜工厂配置文件

tuanActiveId: 6S9y4sJUfA2vPQP6TLdVIQ==
您的互助码选择的是用&隔开

共2个京东账号

您提供了2个账号的京喜工厂助力码


******开始【京东账号1】迷糊虫啊*********

st:_time:1612707720174&materialTuanId:&materialTuanPin:&pin:&sharePin:&shareType:&source:&zone:dream_factory

再加电力可开红包

当前电力：527400
当前等级：1

【京东账号1（迷糊虫啊）的京喜工厂好友互助码】oY9gHgdBtYMXDVcUWMNL4w==
已投入电力：134100
所需电力：150000
生产进度：89.40%
【今日招工进度】0/8
开始
随机取20个码放到您固定的互助码后面(不影响已有固定互助)
第1个京东账号将要助力的好友["xYd7cjQ3c1LyUse79rEFnw==","6E5_eFU3YHRLTljqYh_B1fg9iKwFvbWQsugw1xHcY3Q=","540bj4eZfgx_G4gtfA4_9A==","5AnP-NWntIbO2rEf58NCnA==","A_SocObmM2ikV2g6ElVHjg==","yuxl8Q6RPprKOH3oU-c3jw==","Y6kVJTF77SXzDbF9fC0-5Q==","2cmsHPY7j2dat0Bjw2j-OA==","LZekezkoU4fLH07BO46rHw==","7pK5Di6YTGW2WKDWGMqONA==","G6m9jfuaZxtop-qhlhd2Wg==","KS63Rj4PSnlGpAeNQwE9dQ==","xbTnd0SMo7VBt_gtBYi4rg==","qA4DVA1r02Ps9ZrMnK-qWg==","ic72w6nvMu5s8xSouTliyw==","Nlh9jPKOfWcT5HdwaAjCgg==","cqsuZXXJ7XfPC8u59ZqGKQ==","hP_m1hkD6PIPOja5ab__cw==","lgdLWgvRhZztyFoMJqk4WQ==","jWEdaI7Afs8h4pIYKUKsLA==","xw2C4fPjrTB5qjsRCSWITw==","0iB4_ksJCCCBjVv700wHHw==","LfgjyRSC-4BkBSLJ15-x9g==","4wfy6sr2r-XtRySSSpSwuw=="]
助力朋友[xYd7cjQ3c1LyUse79rEFnw==]失败：亲,好友的工厂的工人已经满员了,不能去好友工厂打工啦!
助力朋友[6E5_eFU3YHRLTljqYh_B1fg9iKwFvbWQsugw1xHcY3Q=]失败：亲,好友的工厂的工人已经满员了,不能去好友工厂打工啦!
助力朋友[540bj4eZfgx_G4gtfA4_9A==]失败：亲,好友的工厂暂未开启,不能去好友工厂打工啦!
助力朋友[5AnP-NWntIbO2rEf58NCnA==]失败：亲,好友的工厂的工人已经满员了,不能去好友工厂打工啦!
助力朋友[A_SocObmM2ikV2g6ElVHjg==]失败：亲,好友的工厂的工人已经满员了,不能去好友工厂打工啦!
助力朋友[yuxl8Q6RPprKOH3oU-c3jw==]失败：亲,好友的工厂的工人已经满员了,不能去好友工厂打工啦!
助力朋友[Y6kVJTF77SXzDbF9fC0-5Q==]失败：亲,好友的工厂的工人已经满员了,不能去好友工厂打工啦!
助力朋友[2cmsHPY7j2dat0Bjw2j-OA==]失败：亲,好友的工厂暂未开启,不能去好友工厂打工啦!
助力朋友[LZekezkoU4fLH07BO46rHw==]失败：亲,好友的工厂的工人已经满员了,不能去好友工厂打工啦!
助力朋友[7pK5Di6YTGW2WKDWGMqONA==]失败：亲,好友的工厂的工人已经满员了,不能去好友工厂打工啦!
助力朋友[G6m9jfuaZxtop-qhlhd2Wg==]失败：亲,好友的工厂的工人已经满员了,不能去好友工厂打工啦!
助力朋友[KS63Rj4PSnlGpAeNQwE9dQ==]失败：亲,好友的工厂暂未开启,不能去好友工厂打工啦!
助力朋友[xbTnd0SMo7VBt_gtBYi4rg==]失败：亲,好友的工厂的工人已经满员了,不能去好友工厂打工啦!
助力朋友[qA4DVA1r02Ps9ZrMnK-qWg==]失败：亲,好友的工厂的工人已经满员了,不能去好友工厂打工啦!
助力朋友[ic72w6nvMu5s8xSouTliyw==]失败：亲,好友的工厂暂未开启,不能去好友工厂打工啦!
助力朋友[Nlh9jPKOfWcT5HdwaAjCgg==]失败：亲,好友的工厂的工人已经满员了,不能去好友工厂打工啦!
助力朋友[cqsuZXXJ7XfPC8u59ZqGKQ==]失败：亲,好友的工厂暂未开启,不能去好友工厂打工啦!
助力朋友[hP_m1hkD6PIPOja5ab__cw==]失败：亲,好友的工厂的工人已经满员了,不能去好友工厂打工啦!
助力朋友[lgdLWgvRhZztyFoMJqk4WQ==]失败：亲,好友的工厂的工人已经满员了,不能去好友工厂打工啦!
助力朋友[jWEdaI7Afs8h4pIYKUKsLA==]失败：亲,好友的工厂的工人已经满员了,不能去好友工厂打工啦!
助力朋友[xw2C4fPjrTB5qjsRCSWITw==]失败：亲,好友的工厂暂未开启,不能去好友工厂打工啦!
助力朋友[0iB4_ksJCCCBjVv700wHHw==]失败：亲,好友的工厂的工人已经满员了,不能去好友工厂打工啦!
助力朋友[LfgjyRSC-4BkBSLJ15-x9g==]失败：亲,好友的工厂的工人已经满员了,不能去好友工厂打工啦!
助力朋友[4wfy6sr2r-XtRySSSpSwuw==]失败：亲,好友的工厂暂未开启,不能去好友工厂打工啦!

nextCollectDoubleFlag::1
nextCollectDoubleType::1

下次集满收取可双倍电力
发电机：当前 0 电力，最大值 300 电力
完成任务：共领取0电力
投入失败，生产失效了，请稍后重试~
自家地下暂无零件可收
今日收取零件已达上限，偷好友零件也达到上限，故跳出

团活动ID  6S9y4sJUfA2vPQP6TLdVIQ==
团ID  314qVQPUppGl4GkxRrbPUA==

今日剩余开团次数：3次
st:_time:1612707726501&activeId:&tuanId:

之前的团已过期，准备重新开团

st:_time:1612707726666&activeId:&isOpenApp:

异常：{"msg":"活动已结束，请稍后再试~","nowTime":1612707726,"ret":10218}

开团情况:1/10


此团未达领取团奖励人数：10人

12/26/2020, 10:14:28 AM参加团主【oY9gHgdBtYMXDVcUWMNL4w==】失败

==============📣系统通知📣==============
京喜工厂
【京东账号1】迷糊虫啊
【生产商品】保鲜5件套
【当前等级】学徒 1
【生产进度】89.40%
【招工进度】0/8
【发电机电力】当前 0 电力，未达到收获标准
【每日任务】领奖成功，共计 0 电力
【投入电力】投入失败，生产失效了，请稍后重试~
【收取自己零件】今日已达上限
【收取好友零件】今日已达上限


【京东账号1】迷糊虫啊
【生产商品】保鲜5件套
【当前等级】学徒 1
【生产进度】89.40%
【招工进度】0/8
【发电机电力】当前 0 电力，未达到收获标准
【每日任务】领奖成功，共计 0 电力
【投入电力】投入失败，生产失效了，请稍后重试~
【收取自己零件】今日已达上限
【收取好友零件】今日已达上限


******开始【京东账号2】孤傲的小小瞒*********

st:_time:1612707727314&materialTuanId:&materialTuanPin:&pin:&sharePin:&shareType:&source:&zone:dream_factory

再加电力可开红包

当前电力：531100
当前等级：1

【京东账号2（孤傲的小小瞒）的京喜工厂好友互助码】jzrCtGVS7-j8YCUeB8oW6Q==
已投入电力：134000
所需电力：150000
生产进度：89.33%
【今日招工进度】0/8
开始
随机取20个码放到您固定的互助码后面(不影响已有固定互助)
第2个京东账号将要助力的好友["CNt5BX1eD8Tw-Wq045YSWg==","phEELHGm3o7VKPIyiBO3Vw==","z-tDlNURI5HvM4MtehtjDA==","dzM8y-1G-D1pt6If32xQ0A==","bKIstNuvE23fHdtW6HzzZg==","enfBMZ2HiuxMMlbSlWKwQA==","5OfqrdUgsz2Gu1rrraGStQ==","hP_m1hkD6PIPOja5ab__cw==","qXKK3m36CRn1t_Tiw4T5BQ==","TFIdT7lnJ6orJprC-eeKupHss6Y7DisNz35LGHPqrjQ=","wSDZ-hV-ELjDnx5t3uzPAg==","YPgRv7rb1W3fjadtKMGgTQ==","qwQMigOEEs31RPbHUxSqyw==","8oUrPEM9E6pNfGiOjDBYUQ==","q0aZPe-QA6AChOBXOoOMBA==","XbQ1IHX7AQkN_WnZHv_g0g==","bkGj3ExFZhsEQzBOfuQItg==","CE5HFuJ4nUAln45XdocegQ==","gK-U18MRROhpW3kxwETmSw==","RusBzHoXOejGySe8OJB6KQ==","b6adc03453090fdb26b0d215a13d50fa","IOjxpscF4Dro265N33y2yg==","-cFPLVoJthFEAohr-q-fuA==","YlV48us23Xf4GPIUeL6XrQ=="]
助力朋友[CNt5BX1eD8Tw-Wq045YSWg==]失败：亲,好友的工厂暂未开启,不能去好友工厂打工啦!
助力朋友[phEELHGm3o7VKPIyiBO3Vw==]失败：亲,好友的工厂的工人已经满员了,不能去好友工厂打工啦!
助力朋友[z-tDlNURI5HvM4MtehtjDA==]失败：亲,好友的工厂的工人已经满员了,不能去好友工厂打工啦!
助力朋友[dzM8y-1G-D1pt6If32xQ0A==]失败：亲,好友的工厂的工人已经满员了,不能去好友工厂打工啦!
助力朋友[bKIstNuvE23fHdtW6HzzZg==]失败：亲,好友的工厂的工人已经满员了,不能去好友工厂打工啦!
助力朋友[enfBMZ2HiuxMMlbSlWKwQA==]失败：亲,好友的工厂的工人已经满员了,不能去好友工厂打工啦!
助力朋友[5OfqrdUgsz2Gu1rrraGStQ==]失败：亲,好友的工厂的工人已经满员了,不能去好友工厂打工啦!
助力朋友[hP_m1hkD6PIPOja5ab__cw==]失败：亲,好友的工厂的工人已经满员了,不能去好友工厂打工啦!
助力朋友[qXKK3m36CRn1t_Tiw4T5BQ==]失败：亲,好友的工厂的工人已经满员了,不能去好友工厂打工啦!
助力朋友[TFIdT7lnJ6orJprC-eeKupHss6Y7DisNz35LGHPqrjQ=]失败：亲,好友的工厂的工人已经满员了,不能去好友工厂打工啦!
助力朋友[wSDZ-hV-ELjDnx5t3uzPAg==]失败：亲,好友的工厂的工人已经满员了,不能去好友工厂打工啦!
助力朋友[YPgRv7rb1W3fjadtKMGgTQ==]失败：亲,好友的工厂的工人已经满员了,不能去好友工厂打工啦!
助力朋友[qwQMigOEEs31RPbHUxSqyw==]失败：亲,好友的工厂的工人已经满员了,不能去好友工厂打工啦!
助力朋友[8oUrPEM9E6pNfGiOjDBYUQ==]失败：亲,好友的工厂的工人已经满员了,不能去好友工厂打工啦!
助力朋友[q0aZPe-QA6AChOBXOoOMBA==]失败：亲,好友的工厂的工人已经满员了,不能去好友工厂打工啦!
助力朋友[XbQ1IHX7AQkN_WnZHv_g0g==]失败：亲,好友的工厂暂未开启,不能去好友工厂打工啦!
助力朋友[bkGj3ExFZhsEQzBOfuQItg==]失败：亲,好友的工厂的工人已经满员了,不能去好友工厂打工啦!
助力朋友[CE5HFuJ4nUAln45XdocegQ==]失败：亲,好友的工厂的工人已经满员了,不能去好友工厂打工啦!
"Response code 401 (Unauthorized)"
京喜工厂 API请求失败，请检查网路重试
助力朋友[gK-U18MRROhpW3kxwETmSw==]失败：undefined
"Response code 401 (Unauthorized)"
京喜工厂 API请求失败，请检查网路重试
助力朋友[RusBzHoXOejGySe8OJB6KQ==]失败：undefined
助力朋友[b6adc03453090fdb26b0d215a13d50fa]失败：亲,好友的工厂暂未开启,不能去好友工厂打工啦!
助力朋友[IOjxpscF4Dro265N33y2yg==]失败：亲,好友的工厂的工人已经满员了,不能去好友工厂打工啦!
"Response code 401 (Unauthorized)"
京喜工厂 API请求失败，请检查网路重试
助力朋友[-cFPLVoJthFEAohr-q-fuA==]失败：undefined
助力朋友[YlV48us23Xf4GPIUeL6XrQ==]失败：亲,好友的工厂暂未开启,不能去好友工厂打工啦!

nextCollectDoubleFlag::1
nextCollectDoubleType::1

下次集满收取可双倍电力
发电机：当前 0 电力，最大值 300 电力
完成任务：共领取0电力
投入失败，生产失效了，请稍后重试~
自家地下暂无零件可收
今日收取零件已达上限，偷好友零件也达到上限，故跳出

团活动ID  6S9y4sJUfA2vPQP6TLdVIQ==
团ID  

今日剩余开团次数：3次
准备开团
st:_time:1612707733338&activeId:&isOpenApp:

异常：{"msg":"活动已结束，请稍后再试~","nowTime":1612707733,"ret":10218}

==============📣系统通知📣==============
京喜工厂
【京东账号2】孤傲的小小瞒
【生产商品】香蓓柔洗衣液
【当前等级】学徒 1
【生产进度】89.33%
【招工进度】0/8
【发电机电力】当前 0 电力，未达到收获标准
【每日任务】领奖成功，共计 0 电力
【投入电力】投入失败，生产失效了，请稍后重试~
【收取自己零件】今日已达上限
【收取好友零件】今日已达上限


【京东账号2】孤傲的小小瞒
【生产商品】香蓓柔洗衣液
【当前等级】学徒 1
【生产进度】89.33%
【招工进度】0/8
【发电机电力】当前 0 电力，未达到收获标准
【每日任务】领奖成功，共计 0 电力
【投入电力】投入失败，生产失效了，请稍后重试~
【收取自己零件】今日已达上限
【收取好友零件】今日已达上限

浅草幻雪去参加第一个cookie账号开的团
参团失败：{"msg":"活动已结束，请稍后再试~","nowTime":1612707733,"ret":10218}
173315279去参加第一个cookie账号开的团
参团失败：{"msg":"活动已结束，请稍后再试~","nowTime":1612707734,"ret":10218}

🔔京喜工厂, 结束! 🕛 18.385 秒

