
🔔京喜工厂, 开始!
您的cookie选择的是用&隔开


====================共有2个京东账号Cookie=========

==================脚本执行- 北京时间(UTC+8)：2/9/2021, 12:20:04 AM=====================

"Response code 404 (Not Found)"
"connect ECONNREFUSED 151.101.108.133:443"
"Response code 404 (Not Found)"
开始获取京喜工厂配置文件

tuanActiveId: 6S9y4sJUfA2vPQP6TLdVIQ==
您的互助码选择的是用&隔开

共2个京东账号

您提供了2个账号的京喜工厂助力码


******开始【京东账号1】迷糊虫啊*********

st:_time:1612801209606&materialTuanId:&materialTuanPin:&pin:&sharePin:&shareType:&source:&zone:dream_factory

再加电力可开红包

当前电力：538700
当前等级：1

【京东账号1（迷糊虫啊）的京喜工厂好友互助码】oY9gHgdBtYMXDVcUWMNL4w==
已投入电力：134100
所需电力：150000
生产进度：89.40%
【今日招工进度】0/8
今日助力好友机会已耗尽


nextCollectDoubleFlag::0
nextCollectDoubleType::0

下次集满收取不可双倍电力
发电机：当前 0 电力，最大值 300 电力
收取电力失败:亲,您的发电机并未启动

去做任务：[限时]仅需5人瓜分1.5万电
st:_time:1612801210563&bizCode:&configExtra:&source:&taskId:

做任务完成！
领取[限时]仅需5人瓜分1.5万电任务奖励成功，收获：100电力
去做任务：[限时]仅需5人瓜分1.5万电
st:_time:1612801211914&bizCode:&configExtra:&source:&taskId:

DoTask异常：{"data":{"awardStatus":1,"completedTimes":1,"dateTypeExtra":"20210209","updateTime":1612801210,"userStatusConfigExtra":""},"msg":"亲,活动太火爆了,请稍后再试吧!","ret":1009}
领取[限时]仅需5人瓜分1.5万电任务奖励失败，任务已领奖
任务：每日开工打卡可完成
领取每日开工打卡任务奖励成功，收获：100电力
去做任务：上集市做调研30s
st:_time:1612801214412&bizCode:&configExtra:&source:&taskId:

做任务完成！
领取上集市做调研30s任务奖励成功，收获：300电力
去做任务：上集市做调研30s
st:_time:1612801215739&bizCode:&configExtra:&source:&taskId:

DoTask异常：{"data":{"awardStatus":1,"completedTimes":1,"dateTypeExtra":"20210209","updateTime":1612801214,"userStatusConfigExtra":""},"msg":"亲,活动太火爆了,请稍后再试吧!","ret":1009}
领取上集市做调研30s任务奖励失败，任务已领奖
去做任务：去集市发现5件好物
st:_time:1612801217045&bizCode:&configExtra:&source:&taskId:

做任务完成！
领取去集市发现5件好物任务奖励失败，任务已领奖
去做任务：去集市发现5件好物
st:_time:1612801218358&bizCode:&configExtra:&source:&taskId:

做任务完成！
领取去集市发现5件好物任务奖励失败，任务已领奖
去做任务：去集市发现5件好物
st:_time:1612801219667&bizCode:&configExtra:&source:&taskId:

做任务完成！
领取去集市发现5件好物任务奖励失败，任务已领奖
去做任务：去集市发现5件好物
st:_time:1612801220968&bizCode:&configExtra:&source:&taskId:

做任务完成！
领取去集市发现5件好物任务奖励失败，任务已领奖
去做任务：去集市发现5件好物
st:_time:1612801222308&bizCode:&configExtra:&source:&taskId:

做任务完成！
领取去集市发现5件好物任务奖励成功，收获：300电力
去做任务：去集市发现5件好物
st:_time:1612801223634&bizCode:&configExtra:&source:&taskId:

DoTask异常：{"data":{"awardStatus":1,"completedTimes":5,"dateTypeExtra":"20210209","updateTime":1612801222,"userStatusConfigExtra":""},"msg":"亲,活动太火爆了,请稍后再试吧!","ret":1009}
领取去集市发现5件好物任务奖励失败，任务已领奖
任务：登录APP领取奖励可完成
领取登录APP领取奖励任务奖励成功，收获：2500电力
去做任务：开宝箱找安全帽
st:_time:1612801226121&bizCode:&configExtra:&source:&taskId:

做任务完成！
领取开宝箱找安全帽任务奖励成功，收获：300电力
去做任务：开宝箱找安全帽
st:_time:1612801227451&bizCode:&configExtra:&source:&taskId:

DoTask异常：{"data":{"awardStatus":1,"completedTimes":1,"dateTypeExtra":"20210209","updateTime":1612801226,"userStatusConfigExtra":""},"msg":"亲,活动太火爆了,请稍后再试吧!","ret":1009}
领取开宝箱找安全帽任务奖励失败，任务已领奖
去做任务：去签到，可领现金提现
st:_time:1612801228763&bizCode:&configExtra:&source:&taskId:

做任务完成！
领取去签到，可领现金提现任务奖励成功，收获：300电力
去做任务：去签到，可领现金提现
st:_time:1612801230086&bizCode:&configExtra:&source:&taskId:

DoTask异常：{"data":{"awardStatus":1,"completedTimes":1,"dateTypeExtra":"20210209","updateTime":1612801229,"userStatusConfigExtra":""},"msg":"亲,活动太火爆了,请稍后再试吧!","ret":1009}
领取去签到，可领现金提现任务奖励失败，任务已领奖
去做任务：去玩炸年兽分10亿
st:_time:1612801231401&bizCode:&configExtra:&source:&taskId:

做任务完成！
领取去玩炸年兽分10亿任务奖励成功，收获：100电力
去做任务：去玩炸年兽分10亿
st:_time:1612801232730&bizCode:&configExtra:&source:&taskId:

DoTask异常：{"data":{"awardStatus":1,"completedTimes":1,"dateTypeExtra":"20210209","updateTime":1612801231,"userStatusConfigExtra":""},"msg":"亲,活动太火爆了,请稍后再试吧!","ret":1009}
领取去玩炸年兽分10亿任务奖励失败，任务已领奖
去做任务：去集喜气1元秒年礼,去9.9抢年货好礼,去京东看年货清单
st:_time:1612801234027&bizCode:&configExtra:&source:&taskId:

做任务完成！
领取去集喜气1元秒年礼,去9.9抢年货好礼,去京东看年货清单任务奖励成功，收获：100电力
去做任务：去集喜气1元秒年礼,去9.9抢年货好礼,去京东看年货清单
st:_time:1612801235359&bizCode:&configExtra:&source:&taskId:

做任务完成！
领取去集喜气1元秒年礼,去9.9抢年货好礼,去京东看年货清单任务奖励成功，收获：100电力
去做任务：去集喜气1元秒年礼,去9.9抢年货好礼,去京东看年货清单
st:_time:1612801236692&bizCode:&configExtra:&source:&taskId:

做任务完成！
领取去集喜气1元秒年礼,去9.9抢年货好礼,去京东看年货清单任务奖励成功，收获：100电力
去做任务：去集喜气1元秒年礼,去9.9抢年货好礼,去京东看年货清单
st:_time:1612801238008&bizCode:&configExtra:&source:&taskId:

DoTask异常：{"data":{"awardStatus":1,"completedTimes":3,"dateTypeExtra":"20210209","updateTime":1612801236,"userStatusConfigExtra":""},"msg":"亲,活动太火爆了,请稍后再试吧!","ret":1009}
领取去集喜气1元秒年礼,去9.9抢年货好礼,去京东看年货清单任务奖励失败，任务已领奖
去做任务：去抢100元压岁钱
st:_time:1612801239320&bizCode:&configExtra:&source:&taskId:

做任务完成！
领取去抢100元压岁钱任务奖励成功，收获：100电力
去做任务：去抢100元压岁钱
st:_time:1612801240658&bizCode:&configExtra:&source:&taskId:

DoTask异常：{"data":{"awardStatus":1,"completedTimes":1,"dateTypeExtra":"20210209","updateTime":1612801239,"userStatusConfigExtra":""},"msg":"亲,活动太火爆了,请稍后再试吧!","ret":1009}
领取去抢100元压岁钱任务奖励失败，任务已领奖
去做任务：上岛兑0元好物,逛农场免费领水果,出海寻宝领100元红包
st:_time:1612801241967&bizCode:&configExtra:&source:&taskId:

做任务完成！
领取上岛兑0元好物,逛农场免费领水果,出海寻宝领100元红包任务奖励成功，收获：100电力
去做任务：上岛兑0元好物,逛农场免费领水果,出海寻宝领100元红包
st:_time:1612801243293&bizCode:&configExtra:&source:&taskId:

做任务完成！
领取上岛兑0元好物,逛农场免费领水果,出海寻宝领100元红包任务奖励成功，收获：100电力
去做任务：上岛兑0元好物,逛农场免费领水果,出海寻宝领100元红包
st:_time:1612801244636&bizCode:&configExtra:&source:&taskId:

做任务完成！
领取上岛兑0元好物,逛农场免费领水果,出海寻宝领100元红包任务奖励成功，收获：100电力
去做任务：上岛兑0元好物,逛农场免费领水果,出海寻宝领100元红包
st:_time:1612801245952&bizCode:&configExtra:&source:&taskId:

DoTask异常：{"data":{"awardStatus":1,"completedTimes":3,"dateTypeExtra":"20210209","updateTime":1612801244,"userStatusConfigExtra":""},"msg":"亲,活动太火爆了,请稍后再试吧!","ret":1009}
领取上岛兑0元好物,逛农场免费领水果,出海寻宝领100元红包任务奖励失败，任务已领奖
完成任务：共领取4700电力
投入失败，生产失效了，请稍后重试~
st:_time:1612801247571&date:&type:1&zone:dream_factory

打工电力：收取失败，6点后可领取
自家地下暂无零件可收
今日收取零件已达上限，偷好友零件也达到上限，故跳出

团活动ID  6S9y4sJUfA2vPQP6TLdVIQ==
团ID  314qVQPUppGl4GkxRrbPUA==

今日剩余开团次数：3次
st:_time:1612801248546&activeId:&tuanId:

之前的团已过期，准备重新开团

st:_time:1612801248690&activeId:&isOpenApp:

异常：{"msg":"活动已结束，请稍后再试~","nowTime":1612801248,"ret":10218}

开团情况:1/10


此团未达领取团奖励人数：10人

12/26/2020, 10:14:28 AM参加团主【oY9gHgdBtYMXDVcUWMNL4w==】失败

【京东账号1】迷糊虫啊
【生产商品】保鲜5件套
【当前等级】学徒 1
【生产进度】89.40%
【招工进度】0/8
【每日任务】领奖成功，共计 4700 电力
【投入电力】投入失败，生产失效了，请稍后重试~
【打工电力】收取失败，6点后可领取
【收取自己零件】今日已达上限
【收取好友零件】今日已达上限


******开始【京东账号2】孤傲的小小瞒*********

st:_time:1612801249327&materialTuanId:&materialTuanPin:&pin:&sharePin:&shareType:&source:&zone:dream_factory

再加电力可开红包

当前电力：542900
当前等级：1

【京东账号2（孤傲的小小瞒）的京喜工厂好友互助码】jzrCtGVS7-j8YCUeB8oW6Q==
已投入电力：134000
所需电力：150000
生产进度：89.33%
【今日招工进度】0/8
今日助力好友机会已耗尽


nextCollectDoubleFlag::0
nextCollectDoubleType::0

下次集满收取不可双倍电力
发电机：当前 0 电力，最大值 300 电力
收取电力失败:亲,您的发电机并未启动

去做任务：[限时]仅需5人瓜分1.5万电
st:_time:1612801250262&bizCode:&configExtra:&source:&taskId:

做任务完成！
领取[限时]仅需5人瓜分1.5万电任务奖励成功，收获：100电力
去做任务：[限时]仅需5人瓜分1.5万电
st:_time:1612801251611&bizCode:&configExtra:&source:&taskId:

DoTask异常：{"data":{"awardStatus":1,"completedTimes":1,"dateTypeExtra":"20210209","updateTime":1612801250,"userStatusConfigExtra":""},"msg":"亲,活动太火爆了,请稍后再试吧!","ret":1009}
领取[限时]仅需5人瓜分1.5万电任务奖励失败，任务已领奖
任务：每日开工打卡可完成
领取每日开工打卡任务奖励成功，收获：100电力
任务：累计开工天数可完成
领取累计开工天数任务奖励成功，收获：1000电力
去做任务：上集市做调研30s
st:_time:1612801255263&bizCode:&configExtra:&source:&taskId:

做任务完成！
领取上集市做调研30s任务奖励成功，收获：300电力
去做任务：上集市做调研30s
st:_time:1612801256593&bizCode:&configExtra:&source:&taskId:

DoTask异常：{"data":{"awardStatus":1,"completedTimes":1,"dateTypeExtra":"20210209","updateTime":1612801255,"userStatusConfigExtra":""},"msg":"亲,活动太火爆了,请稍后再试吧!","ret":1009}
领取上集市做调研30s任务奖励失败，任务已领奖
去做任务：去集市发现5件好物
st:_time:1612801257897&bizCode:&configExtra:&source:&taskId:

做任务完成！
领取去集市发现5件好物任务奖励失败，任务已领奖
去做任务：去集市发现5件好物
st:_time:1612801259210&bizCode:&configExtra:&source:&taskId:

做任务完成！
领取去集市发现5件好物任务奖励失败，任务已领奖
去做任务：去集市发现5件好物
st:_time:1612801260527&bizCode:&configExtra:&source:&taskId:

做任务完成！
领取去集市发现5件好物任务奖励失败，任务已领奖
去做任务：去集市发现5件好物
st:_time:1612801261867&bizCode:&configExtra:&source:&taskId:

做任务完成！
领取去集市发现5件好物任务奖励失败，任务已领奖
去做任务：去集市发现5件好物
st:_time:1612801263162&bizCode:&configExtra:&source:&taskId:

做任务完成！
领取去集市发现5件好物任务奖励成功，收获：300电力
去做任务：去集市发现5件好物
st:_time:1612801264486&bizCode:&configExtra:&source:&taskId:

DoTask异常：{"data":{"awardStatus":1,"completedTimes":5,"dateTypeExtra":"20210209","updateTime":1612801263,"userStatusConfigExtra":""},"msg":"亲,活动太火爆了,请稍后再试吧!","ret":1009}
领取去集市发现5件好物任务奖励失败，任务已领奖
任务：登录APP领取奖励可完成
领取登录APP领取奖励任务奖励成功，收获：2500电力
去做任务：开宝箱找安全帽
st:_time:1612801266965&bizCode:&configExtra:&source:&taskId:

做任务完成！
领取开宝箱找安全帽任务奖励成功，收获：300电力
去做任务：开宝箱找安全帽
st:_time:1612801268288&bizCode:&configExtra:&source:&taskId:

DoTask异常：{"data":{"awardStatus":1,"completedTimes":1,"dateTypeExtra":"20210209","updateTime":1612801267,"userStatusConfigExtra":""},"msg":"亲,活动太火爆了,请稍后再试吧!","ret":1009}
领取开宝箱找安全帽任务奖励失败，任务已领奖
去做任务：去签到，可领现金提现
st:_time:1612801269587&bizCode:&configExtra:&source:&taskId:

做任务完成！
领取去签到，可领现金提现任务奖励成功，收获：300电力
去做任务：去签到，可领现金提现
st:_time:1612801270919&bizCode:&configExtra:&source:&taskId:

DoTask异常：{"data":{"awardStatus":1,"completedTimes":1,"dateTypeExtra":"20210209","updateTime":1612801269,"userStatusConfigExtra":""},"msg":"亲,活动太火爆了,请稍后再试吧!","ret":1009}
领取去签到，可领现金提现任务奖励失败，任务已领奖
去做任务：去玩炸年兽分10亿
st:_time:1612801272229&bizCode:&configExtra:&source:&taskId:

做任务完成！
领取去玩炸年兽分10亿任务奖励成功，收获：100电力
去做任务：去玩炸年兽分10亿
st:_time:1612801273562&bizCode:&configExtra:&source:&taskId:

DoTask异常：{"data":{"awardStatus":1,"completedTimes":1,"dateTypeExtra":"20210209","updateTime":1612801272,"userStatusConfigExtra":""},"msg":"亲,活动太火爆了,请稍后再试吧!","ret":1009}
领取去玩炸年兽分10亿任务奖励失败，任务已领奖
去做任务：去集喜气1元秒年礼,去9.9抢年货好礼,去京东看年货清单
st:_time:1612801274896&bizCode:&configExtra:&source:&taskId:

做任务完成！
领取去集喜气1元秒年礼,去9.9抢年货好礼,去京东看年货清单任务奖励成功，收获：100电力
去做任务：去集喜气1元秒年礼,去9.9抢年货好礼,去京东看年货清单
st:_time:1612801276257&bizCode:&configExtra:&source:&taskId:

做任务完成！
领取去集喜气1元秒年礼,去9.9抢年货好礼,去京东看年货清单任务奖励成功，收获：100电力
去做任务：去集喜气1元秒年礼,去9.9抢年货好礼,去京东看年货清单
st:_time:1612801277583&bizCode:&configExtra:&source:&taskId:

做任务完成！
领取去集喜气1元秒年礼,去9.9抢年货好礼,去京东看年货清单任务奖励成功，收获：100电力
去做任务：去集喜气1元秒年礼,去9.9抢年货好礼,去京东看年货清单
st:_time:1612801278922&bizCode:&configExtra:&source:&taskId:

DoTask异常：{"data":{"awardStatus":1,"completedTimes":3,"dateTypeExtra":"20210209","updateTime":1612801277,"userStatusConfigExtra":""},"msg":"亲,活动太火爆了,请稍后再试吧!","ret":1009}
领取去集喜气1元秒年礼,去9.9抢年货好礼,去京东看年货清单任务奖励失败，任务已领奖
去做任务：去抢100元压岁钱
st:_time:1612801280235&bizCode:&configExtra:&source:&taskId:

做任务完成！
领取去抢100元压岁钱任务奖励成功，收获：100电力
去做任务：去抢100元压岁钱
st:_time:1612801281557&bizCode:&configExtra:&source:&taskId:

DoTask异常：{"data":{"awardStatus":1,"completedTimes":1,"dateTypeExtra":"20210209","updateTime":1612801280,"userStatusConfigExtra":""},"msg":"亲,活动太火爆了,请稍后再试吧!","ret":1009}
领取去抢100元压岁钱任务奖励失败，任务已领奖
去做任务：上岛兑0元好物,逛农场免费领水果,出海寻宝领100元红包
st:_time:1612801282870&bizCode:&configExtra:&source:&taskId:

做任务完成！
领取上岛兑0元好物,逛农场免费领水果,出海寻宝领100元红包任务奖励成功，收获：100电力
去做任务：上岛兑0元好物,逛农场免费领水果,出海寻宝领100元红包
st:_time:1612801284193&bizCode:&configExtra:&source:&taskId:

做任务完成！
领取上岛兑0元好物,逛农场免费领水果,出海寻宝领100元红包任务奖励成功，收获：100电力
去做任务：上岛兑0元好物,逛农场免费领水果,出海寻宝领100元红包
st:_time:1612801285528&bizCode:&configExtra:&source:&taskId:

做任务完成！
领取上岛兑0元好物,逛农场免费领水果,出海寻宝领100元红包任务奖励成功，收获：100电力
去做任务：上岛兑0元好物,逛农场免费领水果,出海寻宝领100元红包
st:_time:1612801286878&bizCode:&configExtra:&source:&taskId:

DoTask异常：{"data":{"awardStatus":1,"completedTimes":3,"dateTypeExtra":"20210209","updateTime":1612801285,"userStatusConfigExtra":""},"msg":"亲,活动太火爆了,请稍后再试吧!","ret":1009}
领取上岛兑0元好物,逛农场免费领水果,出海寻宝领100元红包任务奖励失败，任务已领奖
完成任务：共领取5700电力
投入失败，生产失效了，请稍后重试~
st:_time:1612801288471&date:&type:1&zone:dream_factory

打工电力：收取失败，6点后可领取
自家地下暂无零件可收
今日收取零件已达上限，偷好友零件也达到上限，故跳出

团活动ID  6S9y4sJUfA2vPQP6TLdVIQ==
团ID  

今日剩余开团次数：3次
准备开团
st:_time:1612801289425&activeId:&isOpenApp:

异常：{"msg":"活动已结束，请稍后再试~","nowTime":1612801289,"ret":10218}

【京东账号2】孤傲的小小瞒
【生产商品】香蓓柔洗衣液
【当前等级】学徒 1
【生产进度】89.33%
【招工进度】0/8
【每日任务】领奖成功，共计 5700 电力
【投入电力】投入失败，生产失效了，请稍后重试~
【打工电力】收取失败，6点后可领取
【收取自己零件】今日已达上限
【收取好友零件】今日已达上限

浅草幻雪去参加第一个cookie账号开的团
参团失败：{"msg":"活动已结束，请稍后再试~","nowTime":1612801289,"ret":10218}
173315279去参加第一个cookie账号开的团
参团失败：{"msg":"活动已结束，请稍后再试~","nowTime":1612801293,"ret":10218}

🔔京喜工厂, 结束! 🕛 90.369 秒

