
🔔京喜工厂, 开始!
您的cookie选择的是用&隔开


====================共有2个京东账号Cookie=========

==================脚本执行- 北京时间(UTC+8)：2/6/2021, 10:25:00 AM=====================

"Response code 404 (Not Found)"
"connect ECONNREFUSED 151.101.228.133:443"
"Response code 404 (Not Found)"
开始获取京喜工厂配置文件

tuanActiveId: 6S9y4sJUfA2vPQP6TLdVIQ==
您的互助码选择的是用&隔开

共2个京东账号

您提供了2个账号的京喜工厂助力码


******开始【京东账号1】迷糊虫啊*********

st:_time:1612578304575&materialTuanId:&materialTuanPin:&pin:&sharePin:&shareType:&source:&zone:dream_factory

再加电力可开红包

当前电力：507400
当前等级：1

【京东账号1（迷糊虫啊）的京喜工厂好友互助码】oY9gHgdBtYMXDVcUWMNL4w==
已投入电力：134100
所需电力：150000
生产进度：89.40%
【今日招工进度】0/8
开始
随机取20个码放到您固定的互助码后面(不影响已有固定互助)
第1个京东账号将要助力的好友["xYd7cjQ3c1LyUse79rEFnw==","6E5_eFU3YHRLTljqYh_B1fg9iKwFvbWQsugw1xHcY3Q=","540bj4eZfgx_G4gtfA4_9A==","5AnP-NWntIbO2rEf58NCnA==","aByTSdNHBLuf06a645erLg==","qrVk4rtis_7aMiD2BuVthQ==","WSqaQZZiCnU5PDXDnd0mnA==","okvgpU20pZ43gSYg2OVrDw==","Pv2JD_kruAyfQQBjaAnFdw==","Bzy5IH-FFnanjjGB4hHQGQ==","OIyKqwQanEQfqUmjVot5wQ==","jIFatZEfi7vonJ_levvKGg==","FyHlWFLuU2IIEzgxuvGaTA==","tbp9o-aEiq1Xlstmmd5lAw==","D_8k5jiYZJkukLirsXUMXA==","9wWcMrWw2GtdyCknB7Qn_A==","xEaKO_w0kBEr_EiAIxDExw==","ndwTcBPnEzfpy7Ie9dT8ZA==","wxCbH9WlRfaWfGn3tvekkQ==","xEBaEDnKK8MEixfaum8nAQ==","HhQHvwhtA0zUPcRu2Br4bSU3-csLVuljD8Q2EU6TpIc=","t_lWi8ApTcacvvW5cqvUxw==","WMjTonoAqM1kvlDSl_1pBA==","MpzRGBZgNzAt2wu2wqqq3A=="]
助力朋友[xYd7cjQ3c1LyUse79rEFnw==]失败：亲,活动太火爆了,请稍后再试吧!
助力朋友[6E5_eFU3YHRLTljqYh_B1fg9iKwFvbWQsugw1xHcY3Q=]失败：亲,好友的工厂的工人已经满员了,不能去好友工厂打工啦!
助力朋友[540bj4eZfgx_G4gtfA4_9A==]失败：亲,好友的工厂暂未开启,不能去好友工厂打工啦!
助力朋友[5AnP-NWntIbO2rEf58NCnA==]失败：亲,好友的工厂的工人已经满员了,不能去好友工厂打工啦!
助力朋友[aByTSdNHBLuf06a645erLg==]失败：亲,好友的工厂的工人已经满员了,不能去好友工厂打工啦!
助力朋友[qrVk4rtis_7aMiD2BuVthQ==]失败：亲,好友的工厂暂未开启,不能去好友工厂打工啦!
助力朋友[WSqaQZZiCnU5PDXDnd0mnA==]失败：亲,好友的工厂的工人已经满员了,不能去好友工厂打工啦!
助力朋友：okvgpU20pZ43gSYg2OVrDw==成功，因一次只能助力一个，故跳出助力

nextCollectDoubleFlag::1
nextCollectDoubleType::1

下次集满收取可双倍电力
发电机：当前 0 电力，最大值 300 电力
任务：帮好友工厂打工可完成
领取帮好友工厂打工任务奖励成功，收获：500电力
任务：累计帮好友打工次数可完成
领取累计帮好友打工次数任务奖励成功，收获：600电力
完成任务：共领取1100电力
投入失败，生产失效了，请稍后重试~
自家地下暂无零件可收
今日收取零件已达上限，偷好友零件也达到上限，故跳出

团活动ID  6S9y4sJUfA2vPQP6TLdVIQ==
团ID  314qVQPUppGl4GkxRrbPUA==

今日剩余开团次数：3次
st:_time:1612578310573&activeId:&tuanId:

之前的团已过期，准备重新开团

st:_time:1612578310730&activeId:&isOpenApp:

异常：{"msg":"活动已结束，请稍后再试~","nowTime":1612578310,"ret":10218}

开团情况:1/10


此团未达领取团奖励人数：10人

12/26/2020, 10:14:28 AM参加团主【oY9gHgdBtYMXDVcUWMNL4w==】失败

【京东账号1】迷糊虫啊
【生产商品】保鲜5件套
【当前等级】学徒 1
【生产进度】89.40%
【招工进度】0/8
【发电机电力】当前 0 电力，未达到收获标准
【每日任务】领奖成功，共计 1100 电力
【投入电力】投入失败，生产失效了，请稍后重试~
【收取自己零件】今日已达上限
【收取好友零件】今日已达上限


******开始【京东账号2】孤傲的小小瞒*********

st:_time:1612578311387&materialTuanId:&materialTuanPin:&pin:&sharePin:&shareType:&source:&zone:dream_factory

再加电力可开红包

当前电力：512700
当前等级：1

【京东账号2（孤傲的小小瞒）的京喜工厂好友互助码】jzrCtGVS7-j8YCUeB8oW6Q==
已投入电力：134000
所需电力：150000
生产进度：89.33%
【今日招工进度】0/8
今日助力好友机会已耗尽


nextCollectDoubleFlag::1
nextCollectDoubleType::1

下次集满收取可双倍电力
发电机：当前 0 电力，最大值 300 电力
完成任务：共领取0电力
投入失败，生产失效了，请稍后重试~
自家地下暂无零件可收
今日收取零件已达上限，偷好友零件也达到上限，故跳出

团活动ID  6S9y4sJUfA2vPQP6TLdVIQ==
团ID  

今日剩余开团次数：3次
准备开团
st:_time:1612578313303&activeId:&isOpenApp:

异常：{"msg":"活动已结束，请稍后再试~","nowTime":1612578313,"ret":10218}

【京东账号2】孤傲的小小瞒
【生产商品】香蓓柔洗衣液
【当前等级】学徒 1
【生产进度】89.33%
【招工进度】0/8
【发电机电力】当前 0 电力，未达到收获标准
【每日任务】领奖成功，共计 0 电力
【投入电力】投入失败，生产失效了，请稍后重试~
【收取自己零件】今日已达上限
【收取好友零件】今日已达上限

浅草幻雪去参加第一个cookie账号开的团
参团失败：{"msg":"活动已结束，请稍后再试~","nowTime":1612578313,"ret":10218}
173315279去参加第一个cookie账号开的团
参团失败：{"msg":"活动已结束，请稍后再试~","nowTime":1612578315,"ret":10218}

🔔京喜工厂, 结束! 🕛 15.294 秒

