
🔔京喜工厂, 开始!
您的cookie选择的是用&隔开


====================共有2个京东账号Cookie=========

==================脚本执行- 北京时间(UTC+8)：2/3/2021, 10:21:47 PM=====================

"Response code 404 (Not Found)"
"connect ECONNREFUSED 151.101.108.133:443"
"Response code 404 (Not Found)"
开始获取京喜工厂配置文件

tuanActiveId: 6S9y4sJUfA2vPQP6TLdVIQ==
您的互助码选择的是用&隔开

共2个京东账号

您提供了2个账号的京喜工厂助力码


******开始【京东账号1】迷糊虫啊*********

st:_time:1612362111097&materialTuanId:&materialTuanPin:&pin:&sharePin:&shareType:&source:&zone:dream_factory

再加电力可开红包

当前电力：465800
当前等级：1

【京东账号1（迷糊虫啊）的京喜工厂好友互助码】oY9gHgdBtYMXDVcUWMNL4w==
已投入电力：134100
所需电力：150000
生产进度：89.40%
【今日招工进度】0/8
开始
随机取20个码放到您固定的互助码后面(不影响已有固定互助)
第1个京东账号将要助力的好友["xYd7cjQ3c1LyUse79rEFnw==","6E5_eFU3YHRLTljqYh_B1fg9iKwFvbWQsugw1xHcY3Q=","540bj4eZfgx_G4gtfA4_9A==","5AnP-NWntIbO2rEf58NCnA==","Jg-27uTaF9sZWkp1mSFtDg==","6utLE0T4LjDq6vFUwIt1VA==","8na-GdPPPIno6VCMglNQMw==","zzgPkBZz25_6ZnHS_UwpYg==","LdWXKWq9BNlu82yRphb7tA==","ue7ol3xrfHzvmgDRY48SlA==","k-aSllf__lEr5krOmA7Lsg==","OLj7ni5ZJiexxpk8pb4glA==","G3u53Qrniy70P7qkgwhG3Q==","tyK8qdbTzYER-lpcwsIUWNdPMuLbQ40woJu42ipnQbI=","mbvE5dvdpjvHYG2FgT_p0g==","aEzS0ds1XWC34aasdwFM5A==","EFY9F8wkFdYhaE65lUTCHw==","9VfVT58iRDxFixU_9tE76Q==","KvrOm_3s9g5oEaBiSJit_g==","aDbdbe25qCNyb8bjKS7fbw==","EkU4PDzcvRvuRyejQQYfaA==","2uOn4i89AGbdsG_2uwbTAw==","2wEseGP3jTrImNcjgwSZtQ==","tc8gD5N0oC7uf2rlobB4ig=="]
助力朋友[xYd7cjQ3c1LyUse79rEFnw==]失败：亲,好友的工厂的工人已经满员了,不能去好友工厂打工啦!
助力朋友[6E5_eFU3YHRLTljqYh_B1fg9iKwFvbWQsugw1xHcY3Q=]失败：亲,好友的工厂的工人已经满员了,不能去好友工厂打工啦!
助力朋友[540bj4eZfgx_G4gtfA4_9A==]失败：亲,好友的工厂暂未开启,不能去好友工厂打工啦!
助力朋友[5AnP-NWntIbO2rEf58NCnA==]失败：亲,好友的工厂的工人已经满员了,不能去好友工厂打工啦!
助力朋友[Jg-27uTaF9sZWkp1mSFtDg==]失败：亲,好友的工厂的工人已经满员了,不能去好友工厂打工啦!
助力朋友[6utLE0T4LjDq6vFUwIt1VA==]失败：亲,好友的工厂的工人已经满员了,不能去好友工厂打工啦!
助力朋友[8na-GdPPPIno6VCMglNQMw==]失败：亲,好友的工厂的工人已经满员了,不能去好友工厂打工啦!
助力朋友[zzgPkBZz25_6ZnHS_UwpYg==]失败：亲,好友的工厂的工人已经满员了,不能去好友工厂打工啦!
助力朋友[LdWXKWq9BNlu82yRphb7tA==]失败：亲,好友的工厂的工人已经满员了,不能去好友工厂打工啦!
助力朋友[ue7ol3xrfHzvmgDRY48SlA==]失败：亲,好友的工厂的工人已经满员了,不能去好友工厂打工啦!
助力朋友[k-aSllf__lEr5krOmA7Lsg==]失败：亲,好友的工厂的工人已经满员了,不能去好友工厂打工啦!
助力朋友[OLj7ni5ZJiexxpk8pb4glA==]失败：亲,好友的工厂的工人已经满员了,不能去好友工厂打工啦!
助力朋友[G3u53Qrniy70P7qkgwhG3Q==]失败：亲,好友的工厂的工人已经满员了,不能去好友工厂打工啦!
助力朋友[tyK8qdbTzYER-lpcwsIUWNdPMuLbQ40woJu42ipnQbI=]失败：亲,好友的工厂的工人已经满员了,不能去好友工厂打工啦!
助力朋友[mbvE5dvdpjvHYG2FgT_p0g==]失败：亲,好友的工厂的工人已经满员了,不能去好友工厂打工啦!
助力朋友[aEzS0ds1XWC34aasdwFM5A==]失败：亲,好友的工厂暂未开启,不能去好友工厂打工啦!
助力朋友[EFY9F8wkFdYhaE65lUTCHw==]失败：亲,好友的工厂暂未开启,不能去好友工厂打工啦!
助力朋友[9VfVT58iRDxFixU_9tE76Q==]失败：亲,好友的工厂的工人已经满员了,不能去好友工厂打工啦!
助力朋友[KvrOm_3s9g5oEaBiSJit_g==]失败：亲,好友的工厂的工人已经满员了,不能去好友工厂打工啦!
助力朋友[aDbdbe25qCNyb8bjKS7fbw==]失败：亲,好友的工厂的工人已经满员了,不能去好友工厂打工啦!
助力朋友[EkU4PDzcvRvuRyejQQYfaA==]失败：亲,好友的工厂暂未开启,不能去好友工厂打工啦!
助力朋友[2uOn4i89AGbdsG_2uwbTAw==]失败：亲,好友的工厂暂未开启,不能去好友工厂打工啦!
助力朋友[2wEseGP3jTrImNcjgwSZtQ==]失败：亲,好友的工厂的工人已经满员了,不能去好友工厂打工啦!
助力朋友[tc8gD5N0oC7uf2rlobB4ig==]失败：亲,好友的工厂的工人已经满员了,不能去好友工厂打工啦!

nextCollectDoubleFlag::1
nextCollectDoubleType::1

下次集满收取可双倍电力
发电机：当前 0 电力，最大值 300 电力
完成任务：共领取0电力
投入失败，生产失效了，请稍后重试~
自家地下暂无零件可收
今日收取零件已达上限，偷好友零件也达到上限，故跳出

团活动ID  6S9y4sJUfA2vPQP6TLdVIQ==
团ID  314qVQPUppGl4GkxRrbPUA==

今日剩余开团次数：3次
st:_time:1612362117093&activeId:&tuanId:

之前的团已过期，准备重新开团

st:_time:1612362117246&activeId:&isOpenApp:

异常：{"msg":"活动已结束，请稍后再试~","nowTime":1612362117,"ret":10218}

开团情况:1/10


此团未达领取团奖励人数：10人

12/26/2020, 10:14:28 AM参加团主【oY9gHgdBtYMXDVcUWMNL4w==】失败

==============📣系统通知📣==============
京喜工厂
【京东账号1】迷糊虫啊
【生产商品】保鲜5件套
【当前等级】学徒 1
【生产进度】89.40%
【招工进度】0/8
【发电机电力】当前 0 电力，未达到收获标准
【每日任务】领奖成功，共计 0 电力
【投入电力】投入失败，生产失效了，请稍后重试~
【收取自己零件】今日已达上限
【收取好友零件】今日已达上限


【京东账号1】迷糊虫啊
【生产商品】保鲜5件套
【当前等级】学徒 1
【生产进度】89.40%
【招工进度】0/8
【发电机电力】当前 0 电力，未达到收获标准
【每日任务】领奖成功，共计 0 电力
【投入电力】投入失败，生产失效了，请稍后重试~
【收取自己零件】今日已达上限
【收取好友零件】今日已达上限


******开始【京东账号2】孤傲的小小瞒*********

st:_time:1612362117894&materialTuanId:&materialTuanPin:&pin:&sharePin:&shareType:&source:&zone:dream_factory

再加电力可开红包

当前电力：465000
当前等级：1

【京东账号2（孤傲的小小瞒）的京喜工厂好友互助码】jzrCtGVS7-j8YCUeB8oW6Q==
已投入电力：134000
所需电力：150000
生产进度：89.33%
【今日招工进度】0/8
开始
随机取20个码放到您固定的互助码后面(不影响已有固定互助)
第2个京东账号将要助力的好友["CNt5BX1eD8Tw-Wq045YSWg==","phEELHGm3o7VKPIyiBO3Vw==","z-tDlNURI5HvM4MtehtjDA==","dzM8y-1G-D1pt6If32xQ0A==","GynPRy0euG6WJSxT98Jpqw==","kNh_r3IlSVvi_jvsohputw==","o4K54JJIgOI6yohnGzOl3A==","SHCN-En34egFQ9O09YNNDw==","kpdCzcnIxA64zmfpm1kyag==","AxNE_oH1z5DmdWDhulg22w==","cd4gazuGUddROehpFzN8PQ==","LTdhBPkwbG9d9pPaFTVrzw==","xK0e3HTjFYcY3Rab8B182w==","fbqZiZIcnNT_W2xl18MUcg==","FoLCZWvaqIaiFDbLzLdwvA==","VkLv7zltUKl6MWvbRGmTjA==","i6rIHxC-u7PM_82JFYOaPw==","CnJW27jeMMikmtW0foOsNw==","mch8HEauwqVSLN0nOGBaAw==","atdM-2I7t0ERYpRbvMV6Cg==","CrTvXQvb8EjX87lUginPLw==","cOgJSZ7NNzCqZw8DmYR1mw==","-W8diwum93mGDNzjBB6knA==","7cgl2Xm_soDzanE7bzNVdA=="]
助力朋友[CNt5BX1eD8Tw-Wq045YSWg==]失败：亲,好友的工厂暂未开启,不能去好友工厂打工啦!
助力朋友[phEELHGm3o7VKPIyiBO3Vw==]失败：亲,好友的工厂的工人已经满员了,不能去好友工厂打工啦!
助力朋友[z-tDlNURI5HvM4MtehtjDA==]失败：亲,好友的工厂的工人已经满员了,不能去好友工厂打工啦!
助力朋友[dzM8y-1G-D1pt6If32xQ0A==]失败：亲,好友的工厂的工人已经满员了,不能去好友工厂打工啦!
助力朋友[GynPRy0euG6WJSxT98Jpqw==]失败：亲,好友的工厂的工人已经满员了,不能去好友工厂打工啦!
助力朋友[kNh_r3IlSVvi_jvsohputw==]失败：亲,好友的工厂的工人已经满员了,不能去好友工厂打工啦!
助力朋友[o4K54JJIgOI6yohnGzOl3A==]失败：亲,好友的工厂的工人已经满员了,不能去好友工厂打工啦!
助力朋友[SHCN-En34egFQ9O09YNNDw==]失败：亲,好友的工厂的工人已经满员了,不能去好友工厂打工啦!
助力朋友[kpdCzcnIxA64zmfpm1kyag==]失败：亲,好友的工厂暂未开启,不能去好友工厂打工啦!
助力朋友[AxNE_oH1z5DmdWDhulg22w==]失败：亲,好友的工厂的工人已经满员了,不能去好友工厂打工啦!
助力朋友[cd4gazuGUddROehpFzN8PQ==]失败：亲,好友的工厂的工人已经满员了,不能去好友工厂打工啦!
助力朋友[LTdhBPkwbG9d9pPaFTVrzw==]失败：亲,好友的工厂的工人已经满员了,不能去好友工厂打工啦!
"Response code 401 (Unauthorized)"
京喜工厂 API请求失败，请检查网路重试
助力朋友[xK0e3HTjFYcY3Rab8B182w==]失败：undefined
"Response code 401 (Unauthorized)"
京喜工厂 API请求失败，请检查网路重试
助力朋友[fbqZiZIcnNT_W2xl18MUcg==]失败：undefined
助力朋友[FoLCZWvaqIaiFDbLzLdwvA==]失败：亲,好友的工厂的工人已经满员了,不能去好友工厂打工啦!
"Response code 401 (Unauthorized)"
京喜工厂 API请求失败，请检查网路重试
助力朋友[VkLv7zltUKl6MWvbRGmTjA==]失败：undefined
助力朋友[i6rIHxC-u7PM_82JFYOaPw==]失败：亲,好友的工厂的工人已经满员了,不能去好友工厂打工啦!
助力朋友[CnJW27jeMMikmtW0foOsNw==]失败：亲,好友的工厂的工人已经满员了,不能去好友工厂打工啦!
助力朋友[mch8HEauwqVSLN0nOGBaAw==]失败：亲,好友的工厂的工人已经满员了,不能去好友工厂打工啦!
助力朋友[atdM-2I7t0ERYpRbvMV6Cg==]失败：亲,好友的工厂的工人已经满员了,不能去好友工厂打工啦!
助力朋友[CrTvXQvb8EjX87lUginPLw==]失败：亲,好友的工厂的工人已经满员了,不能去好友工厂打工啦!
助力朋友[cOgJSZ7NNzCqZw8DmYR1mw==]失败：亲,好友的工厂的工人已经满员了,不能去好友工厂打工啦!
助力朋友[-W8diwum93mGDNzjBB6knA==]失败：亲,好友的工厂暂未开启,不能去好友工厂打工啦!
助力朋友[7cgl2Xm_soDzanE7bzNVdA==]失败：亲,好友的工厂暂未开启,不能去好友工厂打工啦!

nextCollectDoubleFlag::1
nextCollectDoubleType::1

下次集满收取可双倍电力
发电机：当前 0 电力，最大值 300 电力
完成任务：共领取0电力
投入失败，生产失效了，请稍后重试~
自家地下暂无零件可收
今日收取零件已达上限，偷好友零件也达到上限，故跳出

团活动ID  6S9y4sJUfA2vPQP6TLdVIQ==
团ID  

今日剩余开团次数：3次
准备开团
st:_time:1612362124056&activeId:&isOpenApp:

异常：{"msg":"活动已结束，请稍后再试~","nowTime":1612362124,"ret":10218}

==============📣系统通知📣==============
京喜工厂
【京东账号2】孤傲的小小瞒
【生产商品】香蓓柔洗衣液
【当前等级】学徒 1
【生产进度】89.33%
【招工进度】0/8
【发电机电力】当前 0 电力，未达到收获标准
【每日任务】领奖成功，共计 0 电力
【投入电力】投入失败，生产失效了，请稍后重试~
【收取自己零件】今日已达上限
【收取好友零件】今日已达上限


【京东账号2】孤傲的小小瞒
【生产商品】香蓓柔洗衣液
【当前等级】学徒 1
【生产进度】89.33%
【招工进度】0/8
【发电机电力】当前 0 电力，未达到收获标准
【每日任务】领奖成功，共计 0 电力
【投入电力】投入失败，生产失效了，请稍后重试~
【收取自己零件】今日已达上限
【收取好友零件】今日已达上限

浅草幻雪去参加第一个cookie账号开的团
参团失败：{"msg":"活动已结束，请稍后再试~","nowTime":1612362124,"ret":10218}
173315279去参加第一个cookie账号开的团
参团失败：{"msg":"活动已结束，请稍后再试~","nowTime":1612362124,"ret":10218}

🔔京喜工厂, 结束! 🕛 17.919 秒

