
🔔京喜工厂, 开始!
您的cookie选择的是用&隔开


====================共有2个京东账号Cookie=========

==================脚本执行- 北京时间(UTC+8)：2/7/2021, 2:23:37 PM=====================

"Response code 404 (Not Found)"
"connect ECONNREFUSED 151.101.228.133:443"
"Response code 404 (Not Found)"
开始获取京喜工厂配置文件

tuanActiveId: 6S9y4sJUfA2vPQP6TLdVIQ==
您的互助码选择的是用&隔开

共2个京东账号

您提供了2个账号的京喜工厂助力码


******开始【京东账号1】迷糊虫啊*********

st:_time:1612679021771&materialTuanId:&materialTuanPin:&pin:&sharePin:&shareType:&source:&zone:dream_factory

再加电力可开红包

当前电力：526400
当前等级：1

【京东账号1（迷糊虫啊）的京喜工厂好友互助码】oY9gHgdBtYMXDVcUWMNL4w==
已投入电力：134100
所需电力：150000
生产进度：89.40%
【今日招工进度】0/8
开始
随机取20个码放到您固定的互助码后面(不影响已有固定互助)
第1个京东账号将要助力的好友["xYd7cjQ3c1LyUse79rEFnw==","6E5_eFU3YHRLTljqYh_B1fg9iKwFvbWQsugw1xHcY3Q=","540bj4eZfgx_G4gtfA4_9A==","5AnP-NWntIbO2rEf58NCnA==","hO8HWj1cFnrfpa2eRmdAJg==","EqRLXzt6y8LFcW6JTbJbiQ==","M00s-hkwADR4and2NxqoyA==","W2zMIcqL8F1JMj7b5TThWA==","Wb5aTEoUqDKG7dMf3TOREQ==","Q3R4HB621EIrCUZxkK1R3w==","ZQb_5j0TKvW8-ZM7vGBMSw==","iVDn0ZE1N0S82BGobIAWhQ==","FUUl5QvOY9RjbAh6f2A00Q==","O3JMSHXaiWg9P1QFJqecjg==","K94Kmnnw-fv3w7lRdcSv_Q==","i6kic3tGDNF95xrMM9rMsQ==","FUVErt-I3JMd-6Xxbx5FDQ==","OyhNz5qtBHK9nLUekttpfw==","cqsuZXXJ7XfPC8u59ZqGKQ==","GUj935oYJ4fRfd6lH6qr0A==","wD7QJpiYJWn9QzXx19k9qQ==","gj8YvM3yOymQ8mjgVlfSWQ==","hzmee2ADjybIFhiBX0oLrA==","4wm0fPEG1kYwQqG3ZIUlxw=="]
助力朋友[xYd7cjQ3c1LyUse79rEFnw==]失败：亲,好友的工厂的工人已经满员了,不能去好友工厂打工啦!
助力朋友[6E5_eFU3YHRLTljqYh_B1fg9iKwFvbWQsugw1xHcY3Q=]失败：亲,好友的工厂的工人已经满员了,不能去好友工厂打工啦!
助力朋友[540bj4eZfgx_G4gtfA4_9A==]失败：亲,好友的工厂暂未开启,不能去好友工厂打工啦!
助力朋友[5AnP-NWntIbO2rEf58NCnA==]失败：亲,好友的工厂的工人已经满员了,不能去好友工厂打工啦!
助力朋友[hO8HWj1cFnrfpa2eRmdAJg==]失败：亲,好友的工厂暂未开启,不能去好友工厂打工啦!
助力朋友[EqRLXzt6y8LFcW6JTbJbiQ==]失败：亲,好友的工厂的工人已经满员了,不能去好友工厂打工啦!
助力朋友[M00s-hkwADR4and2NxqoyA==]失败：亲,好友的工厂暂未开启,不能去好友工厂打工啦!
助力朋友[W2zMIcqL8F1JMj7b5TThWA==]失败：亲,好友的工厂的工人已经满员了,不能去好友工厂打工啦!
助力朋友[Wb5aTEoUqDKG7dMf3TOREQ==]失败：亲,好友的工厂暂未开启,不能去好友工厂打工啦!
助力朋友[Q3R4HB621EIrCUZxkK1R3w==]失败：亲,好友的工厂的工人已经满员了,不能去好友工厂打工啦!
助力朋友[ZQb_5j0TKvW8-ZM7vGBMSw==]失败：亲,好友的工厂的工人已经满员了,不能去好友工厂打工啦!
助力朋友[iVDn0ZE1N0S82BGobIAWhQ==]失败：亲,好友的工厂暂未开启,不能去好友工厂打工啦!
助力朋友[FUUl5QvOY9RjbAh6f2A00Q==]失败：亲,好友的工厂的工人已经满员了,不能去好友工厂打工啦!
助力朋友[O3JMSHXaiWg9P1QFJqecjg==]失败：亲,好友的工厂的工人已经满员了,不能去好友工厂打工啦!
助力朋友[K94Kmnnw-fv3w7lRdcSv_Q==]失败：亲,好友的工厂的工人已经满员了,不能去好友工厂打工啦!
助力朋友[i6kic3tGDNF95xrMM9rMsQ==]失败：亲,好友的工厂暂未开启,不能去好友工厂打工啦!
助力朋友[FUVErt-I3JMd-6Xxbx5FDQ==]失败：亲,好友的工厂的工人已经满员了,不能去好友工厂打工啦!
助力朋友[OyhNz5qtBHK9nLUekttpfw==]失败：亲,好友的工厂暂未开启,不能去好友工厂打工啦!
助力朋友[cqsuZXXJ7XfPC8u59ZqGKQ==]失败：亲,好友的工厂暂未开启,不能去好友工厂打工啦!
助力朋友[GUj935oYJ4fRfd6lH6qr0A==]失败：亲,好友的工厂的工人已经满员了,不能去好友工厂打工啦!
助力朋友[wD7QJpiYJWn9QzXx19k9qQ==]失败：亲,好友的工厂的工人已经满员了,不能去好友工厂打工啦!
助力朋友[gj8YvM3yOymQ8mjgVlfSWQ==]失败：亲,好友的工厂的工人已经满员了,不能去好友工厂打工啦!
助力朋友[hzmee2ADjybIFhiBX0oLrA==]失败：亲,好友的工厂的工人已经满员了,不能去好友工厂打工啦!
助力朋友[4wm0fPEG1kYwQqG3ZIUlxw==]失败：亲,好友的工厂暂未开启,不能去好友工厂打工啦!

nextCollectDoubleFlag::1
nextCollectDoubleType::1

下次集满收取可双倍电力
发电机：当前 0 电力，最大值 300 电力
完成任务：共领取0电力
投入失败，生产失效了，请稍后重试~
自家地下暂无零件可收
今日收取零件已达上限，偷好友零件也达到上限，故跳出

团活动ID  6S9y4sJUfA2vPQP6TLdVIQ==
团ID  314qVQPUppGl4GkxRrbPUA==

今日剩余开团次数：3次
st:_time:1612679027940&activeId:&tuanId:

之前的团已过期，准备重新开团

st:_time:1612679028098&activeId:&isOpenApp:

异常：{"msg":"活动已结束，请稍后再试~","nowTime":1612679028,"ret":10218}

开团情况:1/10


此团未达领取团奖励人数：10人

12/26/2020, 10:14:28 AM参加团主【oY9gHgdBtYMXDVcUWMNL4w==】失败

【京东账号1】迷糊虫啊
【生产商品】保鲜5件套
【当前等级】学徒 1
【生产进度】89.40%
【招工进度】0/8
【发电机电力】当前 0 电力，未达到收获标准
【每日任务】领奖成功，共计 0 电力
【投入电力】投入失败，生产失效了，请稍后重试~
【收取自己零件】今日已达上限
【收取好友零件】今日已达上限


******开始【京东账号2】孤傲的小小瞒*********

st:_time:1612679028746&materialTuanId:&materialTuanPin:&pin:&sharePin:&shareType:&source:&zone:dream_factory

再加电力可开红包

当前电力：530100
当前等级：1

【京东账号2（孤傲的小小瞒）的京喜工厂好友互助码】jzrCtGVS7-j8YCUeB8oW6Q==
已投入电力：134000
所需电力：150000
生产进度：89.33%
【今日招工进度】0/8
开始
随机取20个码放到您固定的互助码后面(不影响已有固定互助)
第2个京东账号将要助力的好友["CNt5BX1eD8Tw-Wq045YSWg==","phEELHGm3o7VKPIyiBO3Vw==","z-tDlNURI5HvM4MtehtjDA==","dzM8y-1G-D1pt6If32xQ0A==","grf6uH1PvR063WsriiIiew==","058KH9G1z3DzR00Twqgw8Q==","udNaoHTwu0PpDoVF9ZA7pQ==","m99qTyX1YdJre03tLA1sLg==","Cuk_FtHrIxphzMPBZOcxbw==","YISJdGvIYKyxquNGqPgSAw==","-yiH344zKQTpzamoVhPqIQ==","n9QG_LHM80UVfMzotXfx3w==","JWQMfakV2UuJdA3i9rv6tg==","Z7-gWMc4phN30hPpxGUVWg==","xGLCPKWVNp5Cevp2H122AA==","McH9FygRw_VGEAzKXzLbnA==","fZL1eciIuGJxgVy-mLZr4A==","d2xheHBkenvLgdjAXrvvtQ==","I7a6sIF9koVLapRhR4AlDg==","sC6VoHgd_lkHjZTGcxeroQ==","3MyQJUuD6hP_6Wc15A0Ggw==","8QtT-wtqPLmTjx8exzkVIg==","ALfzjsY_-UD_5llzIN14vQ==","DyNNlluMiVAPi9EWok-CDw=="]
助力朋友[CNt5BX1eD8Tw-Wq045YSWg==]失败：亲,好友的工厂暂未开启,不能去好友工厂打工啦!
助力朋友[phEELHGm3o7VKPIyiBO3Vw==]失败：亲,好友的工厂的工人已经满员了,不能去好友工厂打工啦!
助力朋友[z-tDlNURI5HvM4MtehtjDA==]失败：亲,好友的工厂的工人已经满员了,不能去好友工厂打工啦!
助力朋友[dzM8y-1G-D1pt6If32xQ0A==]失败：亲,好友的工厂的工人已经满员了,不能去好友工厂打工啦!
助力朋友[grf6uH1PvR063WsriiIiew==]失败：亲,好友的工厂暂未开启,不能去好友工厂打工啦!
助力朋友[058KH9G1z3DzR00Twqgw8Q==]失败：亲,好友的工厂的工人已经满员了,不能去好友工厂打工啦!
助力朋友[udNaoHTwu0PpDoVF9ZA7pQ==]失败：亲,好友的工厂的工人已经满员了,不能去好友工厂打工啦!
助力朋友[m99qTyX1YdJre03tLA1sLg==]失败：亲,好友的工厂的工人已经满员了,不能去好友工厂打工啦!
助力朋友[Cuk_FtHrIxphzMPBZOcxbw==]失败：亲,好友的工厂的工人已经满员了,不能去好友工厂打工啦!
助力朋友[YISJdGvIYKyxquNGqPgSAw==]失败：亲,好友的工厂的工人已经满员了,不能去好友工厂打工啦!
助力朋友[-yiH344zKQTpzamoVhPqIQ==]失败：亲,好友的工厂的工人已经满员了,不能去好友工厂打工啦!
助力朋友[n9QG_LHM80UVfMzotXfx3w==]失败：亲,好友的工厂的工人已经满员了,不能去好友工厂打工啦!
助力朋友[JWQMfakV2UuJdA3i9rv6tg==]失败：亲,好友的工厂的工人已经满员了,不能去好友工厂打工啦!
助力朋友[Z7-gWMc4phN30hPpxGUVWg==]失败：亲,好友的工厂的工人已经满员了,不能去好友工厂打工啦!
助力朋友[xGLCPKWVNp5Cevp2H122AA==]失败：亲,好友的工厂暂未开启,不能去好友工厂打工啦!
助力朋友[McH9FygRw_VGEAzKXzLbnA==]失败：亲,好友的工厂的工人已经满员了,不能去好友工厂打工啦!
助力朋友[fZL1eciIuGJxgVy-mLZr4A==]失败：亲,好友的工厂暂未开启,不能去好友工厂打工啦!
助力朋友[d2xheHBkenvLgdjAXrvvtQ==]失败：亲,好友的工厂暂未开启,不能去好友工厂打工啦!
助力朋友[I7a6sIF9koVLapRhR4AlDg==]失败：亲,好友的工厂的工人已经满员了,不能去好友工厂打工啦!
助力朋友[sC6VoHgd_lkHjZTGcxeroQ==]失败：亲,好友的工厂的工人已经满员了,不能去好友工厂打工啦!
助力朋友[3MyQJUuD6hP_6Wc15A0Ggw==]失败：亲,好友的工厂的工人已经满员了,不能去好友工厂打工啦!
助力朋友[8QtT-wtqPLmTjx8exzkVIg==]失败：亲,好友的工厂的工人已经满员了,不能去好友工厂打工啦!
助力朋友[ALfzjsY_-UD_5llzIN14vQ==]失败：亲,好友的工厂的工人已经满员了,不能去好友工厂打工啦!
助力朋友[DyNNlluMiVAPi9EWok-CDw==]失败：亲,好友的工厂的工人已经满员了,不能去好友工厂打工啦!

nextCollectDoubleFlag::1
nextCollectDoubleType::1

下次集满收取可双倍电力
发电机：当前 0 电力，最大值 300 电力
完成任务：共领取0电力
投入失败，生产失效了，请稍后重试~
自家地下暂无零件可收
今日收取零件已达上限，偷好友零件也达到上限，故跳出

团活动ID  6S9y4sJUfA2vPQP6TLdVIQ==
团ID  

今日剩余开团次数：3次
准备开团
st:_time:1612679034806&activeId:&isOpenApp:

异常：{"msg":"活动已结束，请稍后再试~","nowTime":1612679034,"ret":10218}

【京东账号2】孤傲的小小瞒
【生产商品】香蓓柔洗衣液
【当前等级】学徒 1
【生产进度】89.33%
【招工进度】0/8
【发电机电力】当前 0 电力，未达到收获标准
【每日任务】领奖成功，共计 0 电力
【投入电力】投入失败，生产失效了，请稍后重试~
【收取自己零件】今日已达上限
【收取好友零件】今日已达上限

浅草幻雪去参加第一个cookie账号开的团
参团失败：{"msg":"活动已结束，请稍后再试~","nowTime":1612679035,"ret":10218}
173315279去参加第一个cookie账号开的团
参团失败：{"msg":"活动已结束，请稍后再试~","nowTime":1612679035,"ret":10218}

🔔京喜工厂, 结束! 🕛 18.085 秒

