
🔔京喜工厂, 开始!
您的cookie选择的是用&隔开


====================共有2个京东账号Cookie=========

==================脚本执行- 北京时间(UTC+8)：2/6/2021, 12:24:10 AM=====================

"Response code 404 (Not Found)"
"connect ECONNREFUSED 151.101.228.133:443"
"Response code 404 (Not Found)"
开始获取京喜工厂配置文件

tuanActiveId: 6S9y4sJUfA2vPQP6TLdVIQ==
您的互助码选择的是用&隔开

共2个京东账号

您提供了2个账号的京喜工厂助力码


******开始【京东账号1】迷糊虫啊*********

st:_time:1612542254666&materialTuanId:&materialTuanPin:&pin:&sharePin:&shareType:&source:&zone:dream_factory

再加电力可开红包

当前电力：497500
当前等级：1

【京东账号1（迷糊虫啊）的京喜工厂好友互助码】oY9gHgdBtYMXDVcUWMNL4w==
已投入电力：134100
所需电力：150000
生产进度：89.40%
【今日招工进度】0/8
今日助力好友机会已耗尽


nextCollectDoubleFlag::0
nextCollectDoubleType::0

下次集满收取不可双倍电力
发电机：当前 0 电力，最大值 300 电力
收取电力失败:亲,您的发电机并未启动

去做任务：[限时]仅需5人瓜分1.5万电
st:_time:1612542255635&bizCode:&configExtra:&source:&taskId:

做任务完成！
领取[限时]仅需5人瓜分1.5万电任务奖励成功，收获：100电力
去做任务：[限时]仅需5人瓜分1.5万电
st:_time:1612542256976&bizCode:&configExtra:&source:&taskId:

DoTask异常：{"data":{"awardStatus":1,"completedTimes":1,"dateTypeExtra":"20210206","updateTime":1612542255,"userStatusConfigExtra":""},"msg":"亲,活动太火爆了,请稍后再试吧!","ret":1009}
领取[限时]仅需5人瓜分1.5万电任务奖励失败，任务已领奖
任务：每日开工打卡可完成
领取每日开工打卡任务奖励成功，收获：100电力
去做任务：上集市做调研30s
st:_time:1612542259462&bizCode:&configExtra:&source:&taskId:

做任务完成！
领取上集市做调研30s任务奖励成功，收获：300电力
去做任务：上集市做调研30s
st:_time:1612542260799&bizCode:&configExtra:&source:&taskId:

DoTask异常：{"data":{"awardStatus":1,"completedTimes":1,"dateTypeExtra":"20210206","updateTime":1612542259,"userStatusConfigExtra":""},"msg":"亲,活动太火爆了,请稍后再试吧!","ret":1009}
领取上集市做调研30s任务奖励失败，任务已领奖
去做任务：去集市发现5件好物
st:_time:1612542262116&bizCode:&configExtra:&source:&taskId:

做任务完成！
领取去集市发现5件好物任务奖励失败，任务已领奖
去做任务：去集市发现5件好物
st:_time:1612542263451&bizCode:&configExtra:&source:&taskId:

做任务完成！
领取去集市发现5件好物任务奖励失败，任务已领奖
去做任务：去集市发现5件好物
st:_time:1612542264758&bizCode:&configExtra:&source:&taskId:

做任务完成！
领取去集市发现5件好物任务奖励失败，任务已领奖
去做任务：去集市发现5件好物
st:_time:1612542266073&bizCode:&configExtra:&source:&taskId:

做任务完成！
领取去集市发现5件好物任务奖励失败，任务已领奖
去做任务：去集市发现5件好物
st:_time:1612542267377&bizCode:&configExtra:&source:&taskId:

做任务完成！
领取去集市发现5件好物任务奖励成功，收获：300电力
去做任务：去集市发现5件好物
st:_time:1612542268715&bizCode:&configExtra:&source:&taskId:

DoTask异常：{"data":{"awardStatus":1,"completedTimes":5,"dateTypeExtra":"20210206","updateTime":1612542267,"userStatusConfigExtra":""},"msg":"亲,活动太火爆了,请稍后再试吧!","ret":1009}
领取去集市发现5件好物任务奖励失败，任务已领奖
任务：登录APP领取奖励可完成
领取登录APP领取奖励任务奖励成功，收获：2500电力
去做任务：开宝箱找安全帽
st:_time:1612542271206&bizCode:&configExtra:&source:&taskId:

做任务完成！
领取开宝箱找安全帽任务奖励成功，收获：300电力
去做任务：开宝箱找安全帽
st:_time:1612542272547&bizCode:&configExtra:&source:&taskId:

DoTask异常：{"data":{"awardStatus":1,"completedTimes":1,"dateTypeExtra":"20210206","updateTime":1612542271,"userStatusConfigExtra":""},"msg":"亲,活动太火爆了,请稍后再试吧!","ret":1009}
领取开宝箱找安全帽任务奖励失败，任务已领奖
去做任务：去签到，可领现金提现
st:_time:1612542273854&bizCode:&configExtra:&source:&taskId:

做任务完成！
领取去签到，可领现金提现任务奖励成功，收获：300电力
去做任务：去签到，可领现金提现
st:_time:1612542275173&bizCode:&configExtra:&source:&taskId:

DoTask异常：{"data":{"awardStatus":1,"completedTimes":1,"dateTypeExtra":"20210206","updateTime":1612542274,"userStatusConfigExtra":""},"msg":"亲,活动太火爆了,请稍后再试吧!","ret":1009}
领取去签到，可领现金提现任务奖励失败，任务已领奖
去做任务：去玩炸年兽分10亿
st:_time:1612542276490&bizCode:&configExtra:&source:&taskId:

做任务完成！
领取去玩炸年兽分10亿任务奖励成功，收获：100电力
去做任务：去玩炸年兽分10亿
st:_time:1612542277813&bizCode:&configExtra:&source:&taskId:

DoTask异常：{"data":{"awardStatus":1,"completedTimes":1,"dateTypeExtra":"20210206","updateTime":1612542276,"userStatusConfigExtra":""},"msg":"亲,活动太火爆了,请稍后再试吧!","ret":1009}
领取去玩炸年兽分10亿任务奖励失败，任务已领奖
去做任务：去集喜气1元秒年礼,去9.9抢年货好礼,全场1元去秒杀！,去京东看年货清单
st:_time:1612542279124&bizCode:&configExtra:&source:&taskId:

做任务完成！
领取去集喜气1元秒年礼,去9.9抢年货好礼,全场1元去秒杀！,去京东看年货清单任务奖励成功，收获：100电力
去做任务：去集喜气1元秒年礼,去9.9抢年货好礼,全场1元去秒杀！,去京东看年货清单
st:_time:1612542280455&bizCode:&configExtra:&source:&taskId:

做任务完成！
领取去集喜气1元秒年礼,去9.9抢年货好礼,全场1元去秒杀！,去京东看年货清单任务奖励成功，收获：100电力
去做任务：去集喜气1元秒年礼,去9.9抢年货好礼,全场1元去秒杀！,去京东看年货清单
st:_time:1612542281793&bizCode:&configExtra:&source:&taskId:

做任务完成！
领取去集喜气1元秒年礼,去9.9抢年货好礼,全场1元去秒杀！,去京东看年货清单任务奖励成功，收获：100电力
去做任务：去集喜气1元秒年礼,去9.9抢年货好礼,全场1元去秒杀！,去京东看年货清单
st:_time:1612542283127&bizCode:&configExtra:&source:&taskId:

做任务完成！
领取去集喜气1元秒年礼,去9.9抢年货好礼,全场1元去秒杀！,去京东看年货清单任务奖励成功，收获：100电力
去做任务：去集喜气1元秒年礼,去9.9抢年货好礼,全场1元去秒杀！,去京东看年货清单
st:_time:1612542284475&bizCode:&configExtra:&source:&taskId:

DoTask异常：{"data":{"awardStatus":1,"completedTimes":4,"dateTypeExtra":"20210206","updateTime":1612542283,"userStatusConfigExtra":""},"msg":"亲,活动太火爆了,请稍后再试吧!","ret":1009}
领取去集喜气1元秒年礼,去9.9抢年货好礼,全场1元去秒杀！,去京东看年货清单任务奖励失败，任务已领奖
去做任务：去抢100元压岁钱
st:_time:1612542285800&bizCode:&configExtra:&source:&taskId:

做任务完成！
领取去抢100元压岁钱任务奖励成功，收获：100电力
去做任务：去抢100元压岁钱
st:_time:1612542287131&bizCode:&configExtra:&source:&taskId:

DoTask异常：{"data":{"awardStatus":1,"completedTimes":1,"dateTypeExtra":"20210206","updateTime":1612542286,"userStatusConfigExtra":""},"msg":"亲,活动太火爆了,请稍后再试吧!","ret":1009}
领取去抢100元压岁钱任务奖励失败，任务已领奖
去做任务：上岛兑0元好物,逛农场免费领水果,出海寻宝领100元红包
st:_time:1612542288428&bizCode:&configExtra:&source:&taskId:

做任务完成！
领取上岛兑0元好物,逛农场免费领水果,出海寻宝领100元红包任务奖励成功，收获：100电力
去做任务：上岛兑0元好物,逛农场免费领水果,出海寻宝领100元红包
st:_time:1612542289761&bizCode:&configExtra:&source:&taskId:

做任务完成！
领取上岛兑0元好物,逛农场免费领水果,出海寻宝领100元红包任务奖励成功，收获：100电力
去做任务：上岛兑0元好物,逛农场免费领水果,出海寻宝领100元红包
st:_time:1612542291092&bizCode:&configExtra:&source:&taskId:

做任务完成！
领取上岛兑0元好物,逛农场免费领水果,出海寻宝领100元红包任务奖励成功，收获：100电力
去做任务：上岛兑0元好物,逛农场免费领水果,出海寻宝领100元红包
st:_time:1612542292444&bizCode:&configExtra:&source:&taskId:

DoTask异常：{"data":{"awardStatus":1,"completedTimes":3,"dateTypeExtra":"20210206","updateTime":1612542291,"userStatusConfigExtra":""},"msg":"亲,活动太火爆了,请稍后再试吧!","ret":1009}
领取上岛兑0元好物,逛农场免费领水果,出海寻宝领100元红包任务奖励失败，任务已领奖
去做任务：去0元兑大牌小样
st:_time:1612542293743&bizCode:&configExtra:&source:&taskId:

做任务完成！
领取去0元兑大牌小样任务奖励成功，收获：100电力
去做任务：去0元兑大牌小样
st:_time:1612542295077&bizCode:&configExtra:&source:&taskId:

DoTask异常：{"data":{"awardStatus":1,"completedTimes":1,"dateTypeExtra":"20210206","updateTime":1612542294,"userStatusConfigExtra":""},"msg":"亲,活动太火爆了,请稍后再试吧!","ret":1009}
领取去0元兑大牌小样任务奖励失败，任务已领奖
完成任务：共领取4900电力
投入失败，生产失效了，请稍后重试~
st:_time:1612542296683&date:&type:1&zone:dream_factory

打工电力：收取失败，6点后可领取
自家地下暂无零件可收
今日收取零件已达上限，偷好友零件也达到上限，故跳出

团活动ID  6S9y4sJUfA2vPQP6TLdVIQ==
团ID  314qVQPUppGl4GkxRrbPUA==

今日剩余开团次数：3次
st:_time:1612542297632&activeId:&tuanId:

之前的团已过期，准备重新开团

st:_time:1612542297784&activeId:&isOpenApp:

异常：{"msg":"活动已结束，请稍后再试~","nowTime":1612542297,"ret":10218}

开团情况:1/10


此团未达领取团奖励人数：10人

12/26/2020, 10:14:28 AM参加团主【oY9gHgdBtYMXDVcUWMNL4w==】失败

【京东账号1】迷糊虫啊
【生产商品】保鲜5件套
【当前等级】学徒 1
【生产进度】89.40%
【招工进度】0/8
【每日任务】领奖成功，共计 4900 电力
【投入电力】投入失败，生产失效了，请稍后重试~
【打工电力】收取失败，6点后可领取
【收取自己零件】今日已达上限
【收取好友零件】今日已达上限


******开始【京东账号2】孤傲的小小瞒*********

st:_time:1612542298411&materialTuanId:&materialTuanPin:&pin:&sharePin:&shareType:&source:&zone:dream_factory

再加电力可开红包

当前电力：500700
当前等级：1

【京东账号2（孤傲的小小瞒）的京喜工厂好友互助码】jzrCtGVS7-j8YCUeB8oW6Q==
已投入电力：134000
所需电力：150000
生产进度：89.33%
【今日招工进度】0/8
今日助力好友机会已耗尽


nextCollectDoubleFlag::0
nextCollectDoubleType::0

下次集满收取不可双倍电力
发电机：当前 0 电力，最大值 300 电力
收取电力失败:亲,您的发电机并未启动

去做任务：[限时]仅需5人瓜分1.5万电
st:_time:1612542299344&bizCode:&configExtra:&source:&taskId:

做任务完成！
领取[限时]仅需5人瓜分1.5万电任务奖励成功，收获：100电力
去做任务：[限时]仅需5人瓜分1.5万电
st:_time:1612542300678&bizCode:&configExtra:&source:&taskId:

DoTask异常：{"data":{"awardStatus":1,"completedTimes":1,"dateTypeExtra":"20210206","updateTime":1612542299,"userStatusConfigExtra":""},"msg":"亲,活动太火爆了,请稍后再试吧!","ret":1009}
领取[限时]仅需5人瓜分1.5万电任务奖励失败，任务已领奖
任务：每日开工打卡可完成
领取每日开工打卡任务奖励成功，收获：100电力
任务：累计开工天数可完成
领取累计开工天数任务奖励成功，收获：1000电力
去做任务：上集市做调研30s
st:_time:1612542304323&bizCode:&configExtra:&source:&taskId:

做任务完成！
领取上集市做调研30s任务奖励成功，收获：300电力
去做任务：上集市做调研30s
st:_time:1612542305663&bizCode:&configExtra:&source:&taskId:

DoTask异常：{"data":{"awardStatus":1,"completedTimes":1,"dateTypeExtra":"20210206","updateTime":1612542304,"userStatusConfigExtra":""},"msg":"亲,活动太火爆了,请稍后再试吧!","ret":1009}
领取上集市做调研30s任务奖励失败，任务已领奖
去做任务：去集市发现5件好物
st:_time:1612542306974&bizCode:&configExtra:&source:&taskId:

做任务完成！
领取去集市发现5件好物任务奖励失败，任务已领奖
去做任务：去集市发现5件好物
st:_time:1612542308274&bizCode:&configExtra:&source:&taskId:

做任务完成！
领取去集市发现5件好物任务奖励失败，任务已领奖
去做任务：去集市发现5件好物
st:_time:1612542309589&bizCode:&configExtra:&source:&taskId:

做任务完成！
领取去集市发现5件好物任务奖励失败，任务已领奖
去做任务：去集市发现5件好物
st:_time:1612542310921&bizCode:&configExtra:&source:&taskId:

做任务完成！
领取去集市发现5件好物任务奖励失败，任务已领奖
去做任务：去集市发现5件好物
st:_time:1612542312231&bizCode:&configExtra:&source:&taskId:

做任务完成！
领取去集市发现5件好物任务奖励成功，收获：300电力
去做任务：去集市发现5件好物
st:_time:1612542313550&bizCode:&configExtra:&source:&taskId:

DoTask异常：{"data":{"awardStatus":1,"completedTimes":5,"dateTypeExtra":"20210206","updateTime":1612542312,"userStatusConfigExtra":""},"msg":"亲,活动太火爆了,请稍后再试吧!","ret":1009}
领取去集市发现5件好物任务奖励失败，任务已领奖
任务：登录APP领取奖励可完成
领取登录APP领取奖励任务奖励成功，收获：2500电力
去做任务：开宝箱找安全帽
st:_time:1612542316021&bizCode:&configExtra:&source:&taskId:

做任务完成！
领取开宝箱找安全帽任务奖励成功，收获：300电力
去做任务：开宝箱找安全帽
st:_time:1612542317365&bizCode:&configExtra:&source:&taskId:

DoTask异常：{"data":{"awardStatus":1,"completedTimes":1,"dateTypeExtra":"20210206","updateTime":1612542316,"userStatusConfigExtra":""},"msg":"亲,活动太火爆了,请稍后再试吧!","ret":1009}
领取开宝箱找安全帽任务奖励失败，任务已领奖
去做任务：去签到，可领现金提现
st:_time:1612542318675&bizCode:&configExtra:&source:&taskId:

做任务完成！
领取去签到，可领现金提现任务奖励成功，收获：300电力
去做任务：去签到，可领现金提现
st:_time:1612542320021&bizCode:&configExtra:&source:&taskId:

DoTask异常：{"data":{"awardStatus":1,"completedTimes":1,"dateTypeExtra":"20210206","updateTime":1612542318,"userStatusConfigExtra":""},"msg":"亲,活动太火爆了,请稍后再试吧!","ret":1009}
领取去签到，可领现金提现任务奖励失败，任务已领奖
去做任务：去玩炸年兽分10亿
st:_time:1612542321328&bizCode:&configExtra:&source:&taskId:

做任务完成！
领取去玩炸年兽分10亿任务奖励成功，收获：100电力
去做任务：去玩炸年兽分10亿
st:_time:1612542322657&bizCode:&configExtra:&source:&taskId:

DoTask异常：{"data":{"awardStatus":1,"completedTimes":1,"dateTypeExtra":"20210206","updateTime":1612542321,"userStatusConfigExtra":""},"msg":"亲,活动太火爆了,请稍后再试吧!","ret":1009}
领取去玩炸年兽分10亿任务奖励失败，任务已领奖
去做任务：去集喜气1元秒年礼,去9.9抢年货好礼,全场1元去秒杀！,去京东看年货清单
st:_time:1612542323954&bizCode:&configExtra:&source:&taskId:

做任务完成！
领取去集喜气1元秒年礼,去9.9抢年货好礼,全场1元去秒杀！,去京东看年货清单任务奖励成功，收获：100电力
去做任务：去集喜气1元秒年礼,去9.9抢年货好礼,全场1元去秒杀！,去京东看年货清单
st:_time:1612542325286&bizCode:&configExtra:&source:&taskId:

做任务完成！
领取去集喜气1元秒年礼,去9.9抢年货好礼,全场1元去秒杀！,去京东看年货清单任务奖励成功，收获：100电力
去做任务：去集喜气1元秒年礼,去9.9抢年货好礼,全场1元去秒杀！,去京东看年货清单
st:_time:1612542326622&bizCode:&configExtra:&source:&taskId:

做任务完成！
领取去集喜气1元秒年礼,去9.9抢年货好礼,全场1元去秒杀！,去京东看年货清单任务奖励成功，收获：100电力
去做任务：去集喜气1元秒年礼,去9.9抢年货好礼,全场1元去秒杀！,去京东看年货清单
st:_time:1612542327938&bizCode:&configExtra:&source:&taskId:

做任务完成！
领取去集喜气1元秒年礼,去9.9抢年货好礼,全场1元去秒杀！,去京东看年货清单任务奖励成功，收获：100电力
去做任务：去集喜气1元秒年礼,去9.9抢年货好礼,全场1元去秒杀！,去京东看年货清单
st:_time:1612542329271&bizCode:&configExtra:&source:&taskId:

DoTask异常：{"data":{"awardStatus":1,"completedTimes":4,"dateTypeExtra":"20210206","updateTime":1612542328,"userStatusConfigExtra":""},"msg":"亲,活动太火爆了,请稍后再试吧!","ret":1009}
领取去集喜气1元秒年礼,去9.9抢年货好礼,全场1元去秒杀！,去京东看年货清单任务奖励失败，任务已领奖
去做任务：去抢100元压岁钱
st:_time:1612542330573&bizCode:&configExtra:&source:&taskId:

做任务完成！
领取去抢100元压岁钱任务奖励成功，收获：100电力
去做任务：去抢100元压岁钱
st:_time:1612542331896&bizCode:&configExtra:&source:&taskId:

DoTask异常：{"data":{"awardStatus":1,"completedTimes":1,"dateTypeExtra":"20210206","updateTime":1612542330,"userStatusConfigExtra":""},"msg":"亲,活动太火爆了,请稍后再试吧!","ret":1009}
领取去抢100元压岁钱任务奖励失败，任务已领奖
去做任务：上岛兑0元好物,逛农场免费领水果,出海寻宝领100元红包
st:_time:1612542333207&bizCode:&configExtra:&source:&taskId:

做任务完成！
领取上岛兑0元好物,逛农场免费领水果,出海寻宝领100元红包任务奖励成功，收获：100电力
去做任务：上岛兑0元好物,逛农场免费领水果,出海寻宝领100元红包
st:_time:1612542334528&bizCode:&configExtra:&source:&taskId:

做任务完成！
领取上岛兑0元好物,逛农场免费领水果,出海寻宝领100元红包任务奖励成功，收获：100电力
去做任务：上岛兑0元好物,逛农场免费领水果,出海寻宝领100元红包
st:_time:1612542335855&bizCode:&configExtra:&source:&taskId:

做任务完成！
领取上岛兑0元好物,逛农场免费领水果,出海寻宝领100元红包任务奖励成功，收获：100电力
去做任务：上岛兑0元好物,逛农场免费领水果,出海寻宝领100元红包
st:_time:1612542337189&bizCode:&configExtra:&source:&taskId:

DoTask异常：{"data":{"awardStatus":1,"completedTimes":3,"dateTypeExtra":"20210206","updateTime":1612542336,"userStatusConfigExtra":""},"msg":"亲,活动太火爆了,请稍后再试吧!","ret":1009}
领取上岛兑0元好物,逛农场免费领水果,出海寻宝领100元红包任务奖励失败，任务已领奖
去做任务：去0元兑大牌小样
st:_time:1612542338494&bizCode:&configExtra:&source:&taskId:

做任务完成！
领取去0元兑大牌小样任务奖励成功，收获：100电力
去做任务：去0元兑大牌小样
st:_time:1612542339830&bizCode:&configExtra:&source:&taskId:

DoTask异常：{"data":{"awardStatus":1,"completedTimes":1,"dateTypeExtra":"20210206","updateTime":1612542338,"userStatusConfigExtra":""},"msg":"亲,活动太火爆了,请稍后再试吧!","ret":1009}
领取去0元兑大牌小样任务奖励失败，任务已领奖
完成任务：共领取5900电力
投入失败，生产失效了，请稍后重试~
st:_time:1612542341439&date:&type:1&zone:dream_factory

打工电力：收取失败，6点后可领取
自家地下暂无零件可收
今日收取零件已达上限，偷好友零件也达到上限，故跳出

团活动ID  6S9y4sJUfA2vPQP6TLdVIQ==
团ID  

今日剩余开团次数：3次
准备开团
st:_time:1612542342409&activeId:&isOpenApp:

异常：{"msg":"活动已结束，请稍后再试~","nowTime":1612542342,"ret":10218}

【京东账号2】孤傲的小小瞒
【生产商品】香蓓柔洗衣液
【当前等级】学徒 1
【生产进度】89.33%
【招工进度】0/8
【每日任务】领奖成功，共计 5900 电力
【投入电力】投入失败，生产失效了，请稍后重试~
【打工电力】收取失败，6点后可领取
【收取自己零件】今日已达上限
【收取好友零件】今日已达上限

浅草幻雪去参加第一个cookie账号开的团
参团失败：{"msg":"活动已结束，请稍后再试~","nowTime":1612542342,"ret":10218}
173315279去参加第一个cookie账号开的团
参团失败：{"msg":"活动已结束，请稍后再试~","nowTime":1612542343,"ret":10218}

🔔京喜工厂, 结束! 🕛 92.896 秒

