
🔔京喜工厂, 开始!
您的cookie选择的是用&隔开


====================共有2个京东账号Cookie=========

==================脚本执行- 北京时间(UTC+8)：2/3/2021, 12:24:00 AM=====================

"Response code 404 (Not Found)"
"connect ECONNREFUSED 151.101.228.133:443"
"Response code 404 (Not Found)"
开始获取京喜工厂配置文件

tuanActiveId: 6S9y4sJUfA2vPQP6TLdVIQ==
您的互助码选择的是用&隔开

共2个京东账号

您提供了2个账号的京喜工厂助力码


******开始【京东账号1】迷糊虫啊*********

st:_time:1612283044491&materialTuanId:&materialTuanPin:&pin:&sharePin:&shareType:&source:&zone:dream_factory

再加电力可开红包

当前电力：453900
当前等级：1

【京东账号1（迷糊虫啊）的京喜工厂好友互助码】oY9gHgdBtYMXDVcUWMNL4w==
已投入电力：134100
所需电力：150000
生产进度：89.40%
【今日招工进度】0/8
今日助力好友机会已耗尽


nextCollectDoubleFlag::0
nextCollectDoubleType::0

下次集满收取不可双倍电力
发电机：当前 0 电力，最大值 300 电力
收取电力失败:亲,您的发电机并未启动

去做任务：[限时]仅需5人瓜分1.5万电
st:_time:1612283045457&bizCode:&configExtra:&source:&taskId:

做任务完成！
领取[限时]仅需5人瓜分1.5万电任务奖励成功，收获：100电力
去做任务：[限时]仅需5人瓜分1.5万电
st:_time:1612283046770&bizCode:&configExtra:&source:&taskId:

DoTask异常：{"data":{"awardStatus":1,"completedTimes":1,"dateTypeExtra":"20210203","updateTime":1612283045,"userStatusConfigExtra":""},"msg":"亲,活动太火爆了,请稍后再试吧!","ret":1009}
领取[限时]仅需5人瓜分1.5万电任务奖励失败，任务已领奖
任务：每日开工打卡可完成
领取每日开工打卡任务奖励成功，收获：100电力
去做任务：上集市做调研30s
st:_time:1612283049269&bizCode:&configExtra:&source:&taskId:

做任务完成！
领取上集市做调研30s任务奖励成功，收获：300电力
去做任务：上集市做调研30s
st:_time:1612283050611&bizCode:&configExtra:&source:&taskId:

DoTask异常：{"data":{"awardStatus":1,"completedTimes":1,"dateTypeExtra":"20210203","updateTime":1612283049,"userStatusConfigExtra":""},"msg":"亲,活动太火爆了,请稍后再试吧!","ret":1009}
领取上集市做调研30s任务奖励失败，任务已领奖
去做任务：去集市发现5件好物
st:_time:1612283051913&bizCode:&configExtra:&source:&taskId:

做任务完成！
领取去集市发现5件好物任务奖励失败，任务已领奖
去做任务：去集市发现5件好物
st:_time:1612283053226&bizCode:&configExtra:&source:&taskId:

做任务完成！
领取去集市发现5件好物任务奖励失败，任务已领奖
去做任务：去集市发现5件好物
st:_time:1612283054544&bizCode:&configExtra:&source:&taskId:

做任务完成！
领取去集市发现5件好物任务奖励失败，任务已领奖
去做任务：去集市发现5件好物
st:_time:1612283055874&bizCode:&configExtra:&source:&taskId:

做任务完成！
领取去集市发现5件好物任务奖励失败，任务已领奖
去做任务：去集市发现5件好物
st:_time:1612283057179&bizCode:&configExtra:&source:&taskId:

做任务完成！
领取去集市发现5件好物任务奖励成功，收获：300电力
去做任务：去集市发现5件好物
st:_time:1612283058506&bizCode:&configExtra:&source:&taskId:

DoTask异常：{"data":{"awardStatus":1,"completedTimes":5,"dateTypeExtra":"20210203","updateTime":1612283057,"userStatusConfigExtra":""},"msg":"亲,活动太火爆了,请稍后再试吧!","ret":1009}
领取去集市发现5件好物任务奖励失败，任务已领奖
任务：登录APP领取奖励可完成
领取登录APP领取奖励任务奖励成功，收获：2500电力
去做任务：开宝箱找安全帽
st:_time:1612283060986&bizCode:&configExtra:&source:&taskId:

做任务完成！
领取开宝箱找安全帽任务奖励成功，收获：300电力
去做任务：开宝箱找安全帽
st:_time:1612283062326&bizCode:&configExtra:&source:&taskId:

DoTask异常：{"data":{"awardStatus":1,"completedTimes":1,"dateTypeExtra":"20210203","updateTime":1612283061,"userStatusConfigExtra":""},"msg":"亲,活动太火爆了,请稍后再试吧!","ret":1009}
领取开宝箱找安全帽任务奖励失败，任务已领奖
去做任务：去签到，可领现金提现
st:_time:1612283063626&bizCode:&configExtra:&source:&taskId:

做任务完成！
领取去签到，可领现金提现任务奖励成功，收获：300电力
去做任务：去签到，可领现金提现
st:_time:1612283064967&bizCode:&configExtra:&source:&taskId:

DoTask异常：{"data":{"awardStatus":1,"completedTimes":1,"dateTypeExtra":"20210203","updateTime":1612283063,"userStatusConfigExtra":""},"msg":"亲,活动太火爆了,请稍后再试吧!","ret":1009}
领取去签到，可领现金提现任务奖励失败，任务已领奖
去做任务：去玩炸年兽分10亿
st:_time:1612283066284&bizCode:&configExtra:&source:&taskId:

做任务完成！
领取去玩炸年兽分10亿任务奖励成功，收获：100电力
去做任务：去玩炸年兽分10亿
st:_time:1612283067615&bizCode:&configExtra:&source:&taskId:

DoTask异常：{"data":{"awardStatus":1,"completedTimes":1,"dateTypeExtra":"20210203","updateTime":1612283066,"userStatusConfigExtra":""},"msg":"亲,活动太火爆了,请稍后再试吧!","ret":1009}
领取去玩炸年兽分10亿任务奖励失败，任务已领奖
去做任务：去集喜气1元秒年礼,去9.9抢年货好礼,全场1元去秒杀！,去京东看年货清单
st:_time:1612283068917&bizCode:&configExtra:&source:&taskId:

做任务完成！
领取去集喜气1元秒年礼,去9.9抢年货好礼,全场1元去秒杀！,去京东看年货清单任务奖励成功，收获：100电力
去做任务：去集喜气1元秒年礼,去9.9抢年货好礼,全场1元去秒杀！,去京东看年货清单
st:_time:1612283070239&bizCode:&configExtra:&source:&taskId:

做任务完成！
领取去集喜气1元秒年礼,去9.9抢年货好礼,全场1元去秒杀！,去京东看年货清单任务奖励成功，收获：100电力
去做任务：去集喜气1元秒年礼,去9.9抢年货好礼,全场1元去秒杀！,去京东看年货清单
st:_time:1612283071574&bizCode:&configExtra:&source:&taskId:

做任务完成！
领取去集喜气1元秒年礼,去9.9抢年货好礼,全场1元去秒杀！,去京东看年货清单任务奖励成功，收获：100电力
去做任务：去集喜气1元秒年礼,去9.9抢年货好礼,全场1元去秒杀！,去京东看年货清单
st:_time:1612283072884&bizCode:&configExtra:&source:&taskId:

做任务完成！
领取去集喜气1元秒年礼,去9.9抢年货好礼,全场1元去秒杀！,去京东看年货清单任务奖励成功，收获：100电力
去做任务：去集喜气1元秒年礼,去9.9抢年货好礼,全场1元去秒杀！,去京东看年货清单
st:_time:1612283074225&bizCode:&configExtra:&source:&taskId:

DoTask异常：{"data":{"awardStatus":1,"completedTimes":4,"dateTypeExtra":"20210203","updateTime":1612283073,"userStatusConfigExtra":""},"msg":"亲,活动太火爆了,请稍后再试吧!","ret":1009}
领取去集喜气1元秒年礼,去9.9抢年货好礼,全场1元去秒杀！,去京东看年货清单任务奖励失败，任务已领奖
去做任务：去抢100元压岁钱
st:_time:1612283075536&bizCode:&configExtra:&source:&taskId:

做任务完成！
领取去抢100元压岁钱任务奖励成功，收获：100电力
去做任务：去抢100元压岁钱
st:_time:1612283076850&bizCode:&configExtra:&source:&taskId:

DoTask异常：{"data":{"awardStatus":1,"completedTimes":1,"dateTypeExtra":"20210203","updateTime":1612283075,"userStatusConfigExtra":""},"msg":"亲,活动太火爆了,请稍后再试吧!","ret":1009}
领取去抢100元压岁钱任务奖励失败，任务已领奖
去做任务：上岛兑0元好物,逛农场免费领水果,出海寻宝领100元红包
st:_time:1612283078164&bizCode:&configExtra:&source:&taskId:

做任务完成！
领取上岛兑0元好物,逛农场免费领水果,出海寻宝领100元红包任务奖励成功，收获：100电力
去做任务：上岛兑0元好物,逛农场免费领水果,出海寻宝领100元红包
st:_time:1612283079497&bizCode:&configExtra:&source:&taskId:

做任务完成！
领取上岛兑0元好物,逛农场免费领水果,出海寻宝领100元红包任务奖励成功，收获：100电力
去做任务：上岛兑0元好物,逛农场免费领水果,出海寻宝领100元红包
st:_time:1612283080837&bizCode:&configExtra:&source:&taskId:

做任务完成！
领取上岛兑0元好物,逛农场免费领水果,出海寻宝领100元红包任务奖励成功，收获：100电力
去做任务：上岛兑0元好物,逛农场免费领水果,出海寻宝领100元红包
st:_time:1612283082163&bizCode:&configExtra:&source:&taskId:

DoTask异常：{"data":{"awardStatus":1,"completedTimes":3,"dateTypeExtra":"20210203","updateTime":1612283081,"userStatusConfigExtra":""},"msg":"亲,活动太火爆了,请稍后再试吧!","ret":1009}
领取上岛兑0元好物,逛农场免费领水果,出海寻宝领100元红包任务奖励失败，任务已领奖
去做任务：去玩小游戏赚收益
st:_time:1612283083477&bizCode:&configExtra:&source:&taskId:

做任务完成！
领取去玩小游戏赚收益任务奖励成功，收获：100电力
去做任务：去玩小游戏赚收益
st:_time:1612283084793&bizCode:&configExtra:&source:&taskId:

DoTask异常：{"data":{"awardStatus":1,"completedTimes":1,"dateTypeExtra":"20210203","updateTime":1612283083,"userStatusConfigExtra":""},"msg":"亲,活动太火爆了,请稍后再试吧!","ret":1009}
领取去玩小游戏赚收益任务奖励失败，任务已领奖
完成任务：共领取4900电力
投入失败，生产失效了，请稍后重试~
st:_time:1612283086394&date:&type:1&zone:dream_factory

打工电力：收取失败，6点后可领取
自家地下暂无零件可收
今日收取零件已达上限，偷好友零件也达到上限，故跳出

团活动ID  6S9y4sJUfA2vPQP6TLdVIQ==
团ID  314qVQPUppGl4GkxRrbPUA==

今日剩余开团次数：3次
st:_time:1612283087346&activeId:&tuanId:

之前的团已过期，准备重新开团

st:_time:1612283087502&activeId:&isOpenApp:

异常：{"msg":"活动已结束，请稍后再试~","nowTime":1612283087,"ret":10218}

开团情况:1/10


此团未达领取团奖励人数：10人

12/26/2020, 10:14:28 AM参加团主【oY9gHgdBtYMXDVcUWMNL4w==】失败

【京东账号1】迷糊虫啊
【生产商品】保鲜5件套
【当前等级】学徒 1
【生产进度】89.40%
【招工进度】0/8
【每日任务】领奖成功，共计 4900 电力
【投入电力】投入失败，生产失效了，请稍后重试~
【打工电力】收取失败，6点后可领取
【收取自己零件】今日已达上限
【收取好友零件】今日已达上限


******开始【京东账号2】孤傲的小小瞒*********

st:_time:1612283088130&materialTuanId:&materialTuanPin:&pin:&sharePin:&shareType:&source:&zone:dream_factory

再加电力可开红包

当前电力：452600
当前等级：1

【京东账号2（孤傲的小小瞒）的京喜工厂好友互助码】jzrCtGVS7-j8YCUeB8oW6Q==
已投入电力：134000
所需电力：150000
生产进度：89.33%
【今日招工进度】0/8
今日助力好友机会已耗尽


nextCollectDoubleFlag::0
nextCollectDoubleType::0

下次集满收取不可双倍电力
发电机：当前 0 电力，最大值 300 电力
收取电力失败:亲,您的发电机并未启动

去做任务：[限时]仅需5人瓜分1.5万电
st:_time:1612283089079&bizCode:&configExtra:&source:&taskId:

做任务完成！
领取[限时]仅需5人瓜分1.5万电任务奖励成功，收获：100电力
去做任务：[限时]仅需5人瓜分1.5万电
st:_time:1612283090408&bizCode:&configExtra:&source:&taskId:

DoTask异常：{"data":{"awardStatus":1,"completedTimes":1,"dateTypeExtra":"20210203","updateTime":1612283089,"userStatusConfigExtra":""},"msg":"亲,活动太火爆了,请稍后再试吧!","ret":1009}
领取[限时]仅需5人瓜分1.5万电任务奖励失败，任务已领奖
任务：每日开工打卡可完成
领取每日开工打卡任务奖励成功，收获：100电力
任务：累计开工天数可完成
领取累计开工天数任务奖励成功，收获：1000电力
去做任务：上集市做调研30s
st:_time:1612283094051&bizCode:&configExtra:&source:&taskId:

做任务完成！
领取上集市做调研30s任务奖励成功，收获：300电力
去做任务：上集市做调研30s
st:_time:1612283095388&bizCode:&configExtra:&source:&taskId:

DoTask异常：{"data":{"awardStatus":1,"completedTimes":1,"dateTypeExtra":"20210203","updateTime":1612283094,"userStatusConfigExtra":""},"msg":"亲,活动太火爆了,请稍后再试吧!","ret":1009}
领取上集市做调研30s任务奖励失败，任务已领奖
去做任务：去集市发现5件好物
st:_time:1612283096718&bizCode:&configExtra:&source:&taskId:

做任务完成！
领取去集市发现5件好物任务奖励失败，任务已领奖
去做任务：去集市发现5件好物
st:_time:1612283098027&bizCode:&configExtra:&source:&taskId:

做任务完成！
领取去集市发现5件好物任务奖励失败，任务已领奖
去做任务：去集市发现5件好物
st:_time:1612283099350&bizCode:&configExtra:&source:&taskId:

做任务完成！
领取去集市发现5件好物任务奖励失败，任务已领奖
去做任务：去集市发现5件好物
st:_time:1612283100652&bizCode:&configExtra:&source:&taskId:

做任务完成！
领取去集市发现5件好物任务奖励失败，任务已领奖
去做任务：去集市发现5件好物
st:_time:1612283101969&bizCode:&configExtra:&source:&taskId:

做任务完成！
领取去集市发现5件好物任务奖励成功，收获：300电力
去做任务：去集市发现5件好物
st:_time:1612283103311&bizCode:&configExtra:&source:&taskId:

DoTask异常：{"data":{"awardStatus":1,"completedTimes":5,"dateTypeExtra":"20210203","updateTime":1612283102,"userStatusConfigExtra":""},"msg":"亲,活动太火爆了,请稍后再试吧!","ret":1009}
领取去集市发现5件好物任务奖励失败，任务已领奖
任务：登录APP领取奖励可完成
领取登录APP领取奖励任务奖励成功，收获：2500电力
去做任务：开宝箱找安全帽
st:_time:1612283105790&bizCode:&configExtra:&source:&taskId:

做任务完成！
领取开宝箱找安全帽任务奖励成功，收获：300电力
去做任务：开宝箱找安全帽
st:_time:1612283107126&bizCode:&configExtra:&source:&taskId:

DoTask异常：{"data":{"awardStatus":1,"completedTimes":1,"dateTypeExtra":"20210203","updateTime":1612283106,"userStatusConfigExtra":""},"msg":"亲,活动太火爆了,请稍后再试吧!","ret":1009}
领取开宝箱找安全帽任务奖励失败，任务已领奖
去做任务：去签到，可领现金提现
st:_time:1612283108440&bizCode:&configExtra:&source:&taskId:

做任务完成！
领取去签到，可领现金提现任务奖励成功，收获：300电力
去做任务：去签到，可领现金提现
st:_time:1612283109797&bizCode:&configExtra:&source:&taskId:

DoTask异常：{"data":{"awardStatus":1,"completedTimes":1,"dateTypeExtra":"20210203","updateTime":1612283108,"userStatusConfigExtra":""},"msg":"亲,活动太火爆了,请稍后再试吧!","ret":1009}
领取去签到，可领现金提现任务奖励失败，任务已领奖
去做任务：去玩炸年兽分10亿
st:_time:1612283111104&bizCode:&configExtra:&source:&taskId:

做任务完成！
领取去玩炸年兽分10亿任务奖励成功，收获：100电力
去做任务：去玩炸年兽分10亿
st:_time:1612283112432&bizCode:&configExtra:&source:&taskId:

DoTask异常：{"data":{"awardStatus":1,"completedTimes":1,"dateTypeExtra":"20210203","updateTime":1612283111,"userStatusConfigExtra":""},"msg":"亲,活动太火爆了,请稍后再试吧!","ret":1009}
领取去玩炸年兽分10亿任务奖励失败，任务已领奖
去做任务：去集喜气1元秒年礼,去9.9抢年货好礼,全场1元去秒杀！,去京东看年货清单
st:_time:1612283113730&bizCode:&configExtra:&source:&taskId:

做任务完成！
领取去集喜气1元秒年礼,去9.9抢年货好礼,全场1元去秒杀！,去京东看年货清单任务奖励成功，收获：100电力
去做任务：去集喜气1元秒年礼,去9.9抢年货好礼,全场1元去秒杀！,去京东看年货清单
st:_time:1612283115051&bizCode:&configExtra:&source:&taskId:

做任务完成！
领取去集喜气1元秒年礼,去9.9抢年货好礼,全场1元去秒杀！,去京东看年货清单任务奖励成功，收获：100电力
去做任务：去集喜气1元秒年礼,去9.9抢年货好礼,全场1元去秒杀！,去京东看年货清单
st:_time:1612283116381&bizCode:&configExtra:&source:&taskId:

做任务完成！
领取去集喜气1元秒年礼,去9.9抢年货好礼,全场1元去秒杀！,去京东看年货清单任务奖励成功，收获：100电力
去做任务：去集喜气1元秒年礼,去9.9抢年货好礼,全场1元去秒杀！,去京东看年货清单
st:_time:1612283117732&bizCode:&configExtra:&source:&taskId:

做任务完成！
领取去集喜气1元秒年礼,去9.9抢年货好礼,全场1元去秒杀！,去京东看年货清单任务奖励成功，收获：100电力
去做任务：去集喜气1元秒年礼,去9.9抢年货好礼,全场1元去秒杀！,去京东看年货清单
st:_time:1612283119055&bizCode:&configExtra:&source:&taskId:

DoTask异常：{"data":{"awardStatus":1,"completedTimes":4,"dateTypeExtra":"20210203","updateTime":1612283118,"userStatusConfigExtra":""},"msg":"亲,活动太火爆了,请稍后再试吧!","ret":1009}
领取去集喜气1元秒年礼,去9.9抢年货好礼,全场1元去秒杀！,去京东看年货清单任务奖励失败，任务已领奖
去做任务：去抢100元压岁钱
st:_time:1612283120351&bizCode:&configExtra:&source:&taskId:

做任务完成！
领取去抢100元压岁钱任务奖励成功，收获：100电力
去做任务：去抢100元压岁钱
st:_time:1612283121680&bizCode:&configExtra:&source:&taskId:

DoTask异常：{"data":{"awardStatus":1,"completedTimes":1,"dateTypeExtra":"20210203","updateTime":1612283120,"userStatusConfigExtra":""},"msg":"亲,活动太火爆了,请稍后再试吧!","ret":1009}
领取去抢100元压岁钱任务奖励失败，任务已领奖
去做任务：上岛兑0元好物,逛农场免费领水果,出海寻宝领100元红包
st:_time:1612283122989&bizCode:&configExtra:&source:&taskId:

做任务完成！
领取上岛兑0元好物,逛农场免费领水果,出海寻宝领100元红包任务奖励成功，收获：100电力
去做任务：上岛兑0元好物,逛农场免费领水果,出海寻宝领100元红包
st:_time:1612283124310&bizCode:&configExtra:&source:&taskId:

做任务完成！
领取上岛兑0元好物,逛农场免费领水果,出海寻宝领100元红包任务奖励成功，收获：100电力
去做任务：上岛兑0元好物,逛农场免费领水果,出海寻宝领100元红包
st:_time:1612283125638&bizCode:&configExtra:&source:&taskId:

做任务完成！
领取上岛兑0元好物,逛农场免费领水果,出海寻宝领100元红包任务奖励成功，收获：100电力
去做任务：上岛兑0元好物,逛农场免费领水果,出海寻宝领100元红包
st:_time:1612283126961&bizCode:&configExtra:&source:&taskId:

DoTask异常：{"data":{"awardStatus":1,"completedTimes":3,"dateTypeExtra":"20210203","updateTime":1612283125,"userStatusConfigExtra":""},"msg":"亲,活动太火爆了,请稍后再试吧!","ret":1009}
领取上岛兑0元好物,逛农场免费领水果,出海寻宝领100元红包任务奖励失败，任务已领奖
去做任务：去玩小游戏赚收益
st:_time:1612283128272&bizCode:&configExtra:&source:&taskId:

做任务完成！
领取去玩小游戏赚收益任务奖励成功，收获：100电力
去做任务：去玩小游戏赚收益
st:_time:1612283129584&bizCode:&configExtra:&source:&taskId:

DoTask异常：{"data":{"awardStatus":1,"completedTimes":1,"dateTypeExtra":"20210203","updateTime":1612283128,"userStatusConfigExtra":""},"msg":"亲,活动太火爆了,请稍后再试吧!","ret":1009}
领取去玩小游戏赚收益任务奖励失败，任务已领奖
完成任务：共领取5900电力
投入失败，生产失效了，请稍后重试~
st:_time:1612283131183&date:&type:1&zone:dream_factory

打工电力：收取失败，6点后可领取
自家地下暂无零件可收
今日收取零件已达上限，偷好友零件也达到上限，故跳出

团活动ID  6S9y4sJUfA2vPQP6TLdVIQ==
团ID  

今日剩余开团次数：3次
准备开团
st:_time:1612283132145&activeId:&isOpenApp:

异常：{"msg":"活动已结束，请稍后再试~","nowTime":1612283132,"ret":10218}

【京东账号2】孤傲的小小瞒
【生产商品】香蓓柔洗衣液
【当前等级】学徒 1
【生产进度】89.33%
【招工进度】0/8
【每日任务】领奖成功，共计 5900 电力
【投入电力】投入失败，生产失效了，请稍后重试~
【打工电力】收取失败，6点后可领取
【收取自己零件】今日已达上限
【收取好友零件】今日已达上限

浅草幻雪去参加第一个cookie账号开的团
参团失败：{"msg":"活动已结束，请稍后再试~","nowTime":1612283132,"ret":10218}
173315279去参加第一个cookie账号开的团
参团失败：{"msg":"活动已结束，请稍后再试~","nowTime":1612283133,"ret":10218}

🔔京喜工厂, 结束! 🕛 92.613 秒

