
🔔京喜工厂, 开始!
您的cookie选择的是用&隔开


====================共有2个京东账号Cookie=========

==================脚本执行- 北京时间(UTC+8)：2/3/2021, 8:22:41 PM=====================

"Response code 404 (Not Found)"
"connect ECONNREFUSED 151.101.228.133:443"
"Response code 404 (Not Found)"
开始获取京喜工厂配置文件

tuanActiveId: 6S9y4sJUfA2vPQP6TLdVIQ==
您的互助码选择的是用&隔开

共2个京东账号

您提供了2个账号的京喜工厂助力码


******开始【京东账号1】迷糊虫啊*********

st:_time:1612354965280&materialTuanId:&materialTuanPin:&pin:&sharePin:&shareType:&source:&zone:dream_factory

再加电力可开红包

当前电力：465800
当前等级：1

【京东账号1（迷糊虫啊）的京喜工厂好友互助码】oY9gHgdBtYMXDVcUWMNL4w==
已投入电力：134100
所需电力：150000
生产进度：89.40%
【今日招工进度】0/8
开始
随机取20个码放到您固定的互助码后面(不影响已有固定互助)
第1个京东账号将要助力的好友["xYd7cjQ3c1LyUse79rEFnw==","6E5_eFU3YHRLTljqYh_B1fg9iKwFvbWQsugw1xHcY3Q=","540bj4eZfgx_G4gtfA4_9A==","5AnP-NWntIbO2rEf58NCnA==","L4UhslL2xc7mNzVDi_P83Q==","DQHxVnte7SSlpoT2nbo5Qg==","A1N7Cr15EYrkqDSwK2GdOQ==","QA7XNCb7XLx0sTTn007cmA==","b5Lv-UEDa5vMw6mJH0WcGg==","PqNxUnb8v33eVRPDgD7rJQ==","-2SvkQYIO3pJ-45tmmBy1A==","HEKNqPoM74O30ix5WUjuXA==","dIlUZOpuNm22kidBfCZSDw==","EyOPWW3Z194V5qbDSm6STg==","vsOFbqe3hewU1S-yP13vpg==","YWqbPCL01K4cD0ouxo6L8g==","Di_UduJ40N4lk-4GYovx9w==","9su-d0S-GkbtZW7z-qYjrQ==","3OtSYaLWu9F8Bq2PP6zcMQ==","dN4vBjtbi9QqyaMY8hpQbw==","6h9q6ZsPjF6kcKPMI2P3hQ==","W-0Us7UyQHa-fRmvEC_MNA==","7clL3RzxwJsKPZMHQO-WcA==","Y7j6pyaX2CUS4oGHmGIHQQ=="]
助力朋友[xYd7cjQ3c1LyUse79rEFnw==]失败：亲,好友的工厂的工人已经满员了,不能去好友工厂打工啦!
助力朋友[6E5_eFU3YHRLTljqYh_B1fg9iKwFvbWQsugw1xHcY3Q=]失败：亲,好友的工厂的工人已经满员了,不能去好友工厂打工啦!
助力朋友[540bj4eZfgx_G4gtfA4_9A==]失败：亲,好友的工厂暂未开启,不能去好友工厂打工啦!
助力朋友[5AnP-NWntIbO2rEf58NCnA==]失败：亲,好友的工厂的工人已经满员了,不能去好友工厂打工啦!
助力朋友[L4UhslL2xc7mNzVDi_P83Q==]失败：亲,好友的工厂的工人已经满员了,不能去好友工厂打工啦!
助力朋友[DQHxVnte7SSlpoT2nbo5Qg==]失败：亲,好友的工厂的工人已经满员了,不能去好友工厂打工啦!
助力朋友[A1N7Cr15EYrkqDSwK2GdOQ==]失败：亲,好友的工厂的工人已经满员了,不能去好友工厂打工啦!
助力朋友[QA7XNCb7XLx0sTTn007cmA==]失败：亲,好友的工厂暂未开启,不能去好友工厂打工啦!
助力朋友[b5Lv-UEDa5vMw6mJH0WcGg==]失败：亲,好友的工厂的工人已经满员了,不能去好友工厂打工啦!
助力朋友[PqNxUnb8v33eVRPDgD7rJQ==]失败：亲,好友的工厂的工人已经满员了,不能去好友工厂打工啦!
助力朋友[-2SvkQYIO3pJ-45tmmBy1A==]失败：亲,好友的工厂暂未开启,不能去好友工厂打工啦!
助力朋友[HEKNqPoM74O30ix5WUjuXA==]失败：亲,好友的工厂的工人已经满员了,不能去好友工厂打工啦!
助力朋友[dIlUZOpuNm22kidBfCZSDw==]失败：亲,好友的工厂的工人已经满员了,不能去好友工厂打工啦!
助力朋友[EyOPWW3Z194V5qbDSm6STg==]失败：亲,好友的工厂的工人已经满员了,不能去好友工厂打工啦!
"Response code 401 (Unauthorized)"
京喜工厂 API请求失败，请检查网路重试
助力朋友[vsOFbqe3hewU1S-yP13vpg==]失败：undefined
助力朋友[YWqbPCL01K4cD0ouxo6L8g==]失败：亲,好友的工厂的工人已经满员了,不能去好友工厂打工啦!
助力朋友[Di_UduJ40N4lk-4GYovx9w==]失败：亲,好友的工厂的工人已经满员了,不能去好友工厂打工啦!
助力朋友[9su-d0S-GkbtZW7z-qYjrQ==]失败：亲,好友的工厂的工人已经满员了,不能去好友工厂打工啦!
助力朋友[3OtSYaLWu9F8Bq2PP6zcMQ==]失败：亲,好友的工厂的工人已经满员了,不能去好友工厂打工啦!
助力朋友[dN4vBjtbi9QqyaMY8hpQbw==]失败：亲,好友的工厂的工人已经满员了,不能去好友工厂打工啦!
助力朋友[6h9q6ZsPjF6kcKPMI2P3hQ==]失败：亲,好友的工厂的工人已经满员了,不能去好友工厂打工啦!
助力朋友[W-0Us7UyQHa-fRmvEC_MNA==]失败：亲,好友的工厂的工人已经满员了,不能去好友工厂打工啦!
助力朋友[7clL3RzxwJsKPZMHQO-WcA==]失败：亲,好友的工厂暂未开启,不能去好友工厂打工啦!
助力朋友[Y7j6pyaX2CUS4oGHmGIHQQ==]失败：亲,好友的工厂的工人已经满员了,不能去好友工厂打工啦!

nextCollectDoubleFlag::1
nextCollectDoubleType::1

下次集满收取可双倍电力
发电机：当前 0 电力，最大值 300 电力
完成任务：共领取0电力
投入失败，生产失效了，请稍后重试~
自家地下暂无零件可收
今日收取零件已达上限，偷好友零件也达到上限，故跳出

团活动ID  6S9y4sJUfA2vPQP6TLdVIQ==
团ID  314qVQPUppGl4GkxRrbPUA==

今日剩余开团次数：3次
st:_time:1612354971507&activeId:&tuanId:

之前的团已过期，准备重新开团

st:_time:1612354971681&activeId:&isOpenApp:

异常：{"msg":"活动已结束，请稍后再试~","nowTime":1612354971,"ret":10218}

开团情况:1/10


此团未达领取团奖励人数：10人

12/26/2020, 10:14:28 AM参加团主【oY9gHgdBtYMXDVcUWMNL4w==】失败

【京东账号1】迷糊虫啊
【生产商品】保鲜5件套
【当前等级】学徒 1
【生产进度】89.40%
【招工进度】0/8
【发电机电力】当前 0 电力，未达到收获标准
【每日任务】领奖成功，共计 0 电力
【投入电力】投入失败，生产失效了，请稍后重试~
【收取自己零件】今日已达上限
【收取好友零件】今日已达上限


******开始【京东账号2】孤傲的小小瞒*********

st:_time:1612354972343&materialTuanId:&materialTuanPin:&pin:&sharePin:&shareType:&source:&zone:dream_factory

再加电力可开红包

当前电力：465000
当前等级：1

【京东账号2（孤傲的小小瞒）的京喜工厂好友互助码】jzrCtGVS7-j8YCUeB8oW6Q==
已投入电力：134000
所需电力：150000
生产进度：89.33%
【今日招工进度】0/8
开始
第2个京东账号将要助力的好友["CNt5BX1eD8Tw-Wq045YSWg==","phEELHGm3o7VKPIyiBO3Vw==","z-tDlNURI5HvM4MtehtjDA==","dzM8y-1G-D1pt6If32xQ0A=="]
助力朋友[CNt5BX1eD8Tw-Wq045YSWg==]失败：亲,好友的工厂暂未开启,不能去好友工厂打工啦!
助力朋友[phEELHGm3o7VKPIyiBO3Vw==]失败：亲,好友的工厂的工人已经满员了,不能去好友工厂打工啦!
助力朋友[z-tDlNURI5HvM4MtehtjDA==]失败：亲,好友的工厂的工人已经满员了,不能去好友工厂打工啦!
助力朋友[dzM8y-1G-D1pt6If32xQ0A==]失败：亲,好友的工厂的工人已经满员了,不能去好友工厂打工啦!

nextCollectDoubleFlag::1
nextCollectDoubleType::1

下次集满收取可双倍电力
发电机：当前 0 电力，最大值 300 电力
完成任务：共领取0电力
投入失败，生产失效了，请稍后重试~
自家地下暂无零件可收
今日收取零件已达上限，偷好友零件也达到上限，故跳出

团活动ID  6S9y4sJUfA2vPQP6TLdVIQ==
团ID  

今日剩余开团次数：3次
准备开团
st:_time:1612354984850&activeId:&isOpenApp:

异常：{"msg":"活动已结束，请稍后再试~","nowTime":1612354984,"ret":10218}

【京东账号2】孤傲的小小瞒
【生产商品】香蓓柔洗衣液
【当前等级】学徒 1
【生产进度】89.33%
【招工进度】0/8
【发电机电力】当前 0 电力，未达到收获标准
【每日任务】领奖成功，共计 0 电力
【投入电力】投入失败，生产失效了，请稍后重试~
【收取自己零件】今日已达上限
【收取好友零件】今日已达上限

浅草幻雪去参加第一个cookie账号开的团
参团失败：{"msg":"活动已结束，请稍后再试~","nowTime":1612354985,"ret":10218}
173315279去参加第一个cookie账号开的团
参团失败：{"msg":"活动已结束，请稍后再试~","nowTime":1612354986,"ret":10218}

🔔京喜工厂, 结束! 🕛 25.962 秒

"Timeout awaiting 'request' for 10000ms"
京喜工厂 API请求失败，请检查网路重试
