
🔔京喜工厂, 开始!
您的cookie选择的是用&隔开


====================共有2个京东账号Cookie=========

==================脚本执行- 北京时间(UTC+8)：2/7/2021, 5:24:31 PM=====================

"Response code 404 (Not Found)"
"connect ECONNREFUSED 151.101.228.133:443"
"Response code 404 (Not Found)"
开始获取京喜工厂配置文件

tuanActiveId: 6S9y4sJUfA2vPQP6TLdVIQ==
您的互助码选择的是用&隔开

共2个京东账号

您提供了2个账号的京喜工厂助力码


******开始【京东账号1】迷糊虫啊*********

st:_time:1612689875528&materialTuanId:&materialTuanPin:&pin:&sharePin:&shareType:&source:&zone:dream_factory

再加电力可开红包

当前电力：526400
当前等级：1

【京东账号1（迷糊虫啊）的京喜工厂好友互助码】oY9gHgdBtYMXDVcUWMNL4w==
已投入电力：134100
所需电力：150000
生产进度：89.40%
【今日招工进度】0/8
开始
随机取20个码放到您固定的互助码后面(不影响已有固定互助)
第1个京东账号将要助力的好友["xYd7cjQ3c1LyUse79rEFnw==","6E5_eFU3YHRLTljqYh_B1fg9iKwFvbWQsugw1xHcY3Q=","540bj4eZfgx_G4gtfA4_9A==","5AnP-NWntIbO2rEf58NCnA==","6V28oXKevfL0Nfl6ElOecQ==","fe_yVUwz4PE3b3VI7wWLsQ==","iz0j_DhHdlZq6HjWpqQpbw==","uzxL_QPjmy-QkZflyng7rw==","zYEA7veRB111jxtOAII_6Q==","54278970c91e70d2064e0965577969b6","LWN85p37lN29-GHGcZwX6g==","u5qzODbqvbhlrE9mun1DQA==","8pEam5kW79ciW4OeR1fOOQ==","CKD4qWSed8f-Ps-w5gUXdg==","vsOFbqe3hewU1S-yP13vpg==","lz0M50k5CqxS1TR6oKz5Lw==","CE5HFuJ4nUAln45XdocegQ==","l8FoJQWxzq6vqzbrGN6rEg==","QBMAQtxp-hHTS9P0RC8K1A==","1lLma5-D4lxuu0jRUchQ9Q==","LljPY-bxI8AeygG3h16CLg==","tA0xZXN6UkHEL4VsDMuriw==","kpdCzcnIxA64zmfpm1kyag==","VslBEKC7MztYqH1pn4APPw=="]
助力朋友[xYd7cjQ3c1LyUse79rEFnw==]失败：亲,好友的工厂的工人已经满员了,不能去好友工厂打工啦!
助力朋友[6E5_eFU3YHRLTljqYh_B1fg9iKwFvbWQsugw1xHcY3Q=]失败：亲,好友的工厂的工人已经满员了,不能去好友工厂打工啦!
助力朋友[540bj4eZfgx_G4gtfA4_9A==]失败：亲,好友的工厂暂未开启,不能去好友工厂打工啦!
助力朋友[5AnP-NWntIbO2rEf58NCnA==]失败：亲,好友的工厂的工人已经满员了,不能去好友工厂打工啦!
助力朋友[6V28oXKevfL0Nfl6ElOecQ==]失败：亲,好友的工厂的工人已经满员了,不能去好友工厂打工啦!
助力朋友[fe_yVUwz4PE3b3VI7wWLsQ==]失败：亲,好友的工厂的工人已经满员了,不能去好友工厂打工啦!
助力朋友[iz0j_DhHdlZq6HjWpqQpbw==]失败：亲,好友的工厂的工人已经满员了,不能去好友工厂打工啦!
助力朋友[uzxL_QPjmy-QkZflyng7rw==]失败：亲,好友的工厂的工人已经满员了,不能去好友工厂打工啦!
助力朋友[zYEA7veRB111jxtOAII_6Q==]失败：亲,好友的工厂的工人已经满员了,不能去好友工厂打工啦!
助力朋友[54278970c91e70d2064e0965577969b6]失败：亲,好友的工厂暂未开启,不能去好友工厂打工啦!
助力朋友[LWN85p37lN29-GHGcZwX6g==]失败：亲,好友的工厂的工人已经满员了,不能去好友工厂打工啦!
助力朋友[u5qzODbqvbhlrE9mun1DQA==]失败：亲,好友的工厂暂未开启,不能去好友工厂打工啦!
助力朋友[8pEam5kW79ciW4OeR1fOOQ==]失败：亲,好友的工厂暂未开启,不能去好友工厂打工啦!
助力朋友[CKD4qWSed8f-Ps-w5gUXdg==]失败：亲,好友的工厂的工人已经满员了,不能去好友工厂打工啦!
"Response code 401 (Unauthorized)"
京喜工厂 API请求失败，请检查网路重试
助力朋友[vsOFbqe3hewU1S-yP13vpg==]失败：undefined
助力朋友[lz0M50k5CqxS1TR6oKz5Lw==]失败：亲,好友的工厂的工人已经满员了,不能去好友工厂打工啦!
"Response code 401 (Unauthorized)"
京喜工厂 API请求失败，请检查网路重试
助力朋友[CE5HFuJ4nUAln45XdocegQ==]失败：undefined
"Response code 401 (Unauthorized)"
京喜工厂 API请求失败，请检查网路重试
助力朋友[l8FoJQWxzq6vqzbrGN6rEg==]失败：undefined
"Response code 401 (Unauthorized)"
京喜工厂 API请求失败，请检查网路重试
助力朋友[QBMAQtxp-hHTS9P0RC8K1A==]失败：undefined
"Response code 401 (Unauthorized)"
京喜工厂 API请求失败，请检查网路重试
助力朋友[1lLma5-D4lxuu0jRUchQ9Q==]失败：undefined
"Response code 401 (Unauthorized)"
京喜工厂 API请求失败，请检查网路重试
助力朋友[LljPY-bxI8AeygG3h16CLg==]失败：undefined
助力朋友[tA0xZXN6UkHEL4VsDMuriw==]失败：亲,好友的工厂的工人已经满员了,不能去好友工厂打工啦!
助力朋友[kpdCzcnIxA64zmfpm1kyag==]失败：亲,好友的工厂暂未开启,不能去好友工厂打工啦!
助力朋友[VslBEKC7MztYqH1pn4APPw==]失败：亲,好友的工厂的工人已经满员了,不能去好友工厂打工啦!

nextCollectDoubleFlag::1
nextCollectDoubleType::1

下次集满收取可双倍电力
发电机：当前 0 电力，最大值 300 电力
完成任务：共领取0电力
投入失败，生产失效了，请稍后重试~
自家地下暂无零件可收
今日收取零件已达上限，偷好友零件也达到上限，故跳出

团活动ID  6S9y4sJUfA2vPQP6TLdVIQ==
团ID  314qVQPUppGl4GkxRrbPUA==

今日剩余开团次数：3次
st:_time:1612689881582&activeId:&tuanId:

之前的团已过期，准备重新开团

st:_time:1612689881738&activeId:&isOpenApp:

异常：{"msg":"活动已结束，请稍后再试~","nowTime":1612689881,"ret":10218}

开团情况:1/10


此团未达领取团奖励人数：10人

12/26/2020, 10:14:28 AM参加团主【oY9gHgdBtYMXDVcUWMNL4w==】失败

【京东账号1】迷糊虫啊
【生产商品】保鲜5件套
【当前等级】学徒 1
【生产进度】89.40%
【招工进度】0/8
【发电机电力】当前 0 电力，未达到收获标准
【每日任务】领奖成功，共计 0 电力
【投入电力】投入失败，生产失效了，请稍后重试~
【收取自己零件】今日已达上限
【收取好友零件】今日已达上限


******开始【京东账号2】孤傲的小小瞒*********

st:_time:1612689882390&materialTuanId:&materialTuanPin:&pin:&sharePin:&shareType:&source:&zone:dream_factory

再加电力可开红包

当前电力：530100
当前等级：1

【京东账号2（孤傲的小小瞒）的京喜工厂好友互助码】jzrCtGVS7-j8YCUeB8oW6Q==
已投入电力：134000
所需电力：150000
生产进度：89.33%
【今日招工进度】0/8
开始
随机取20个码放到您固定的互助码后面(不影响已有固定互助)
第2个京东账号将要助力的好友["CNt5BX1eD8Tw-Wq045YSWg==","phEELHGm3o7VKPIyiBO3Vw==","z-tDlNURI5HvM4MtehtjDA==","dzM8y-1G-D1pt6If32xQ0A==","5gGLNRkhTkRxmY2U84_CFA==","J03m1SVaO_uqagvToBm5FA==","599cd57927d502930cf5d0b4a77b4e19","yiTmTXZ_vjWcYq1h1jO8vg==","FxrIXyLTJpsrGQSDQehSXw==","3n3E8UKuojJUht18Izds9Q==","CL0BeUJ6s1274M-LcmxAnA==","6S9y4sJUfA2vPQP6TLdVIQ==","pW5uvOSuuQRcRYaeQ6OxAg==","u8I7Gyupid0Yo3Ds5dDPcw==","B-LTj5ajsbbSWknWZlMQ_g==","3RJTPQGeBvjmk8KF5quVWQ==","caace45f63f499629303f5f94485c8f5","ksTMiz4iOXHLf6WkAwQ2ew==","c-t0znMqzo6EcYQrPn3Viw==","psOZr83bKGOWiRaKOtBSWA==","AqU9raXKkj910S4jdLGCGQ==","vus4rLluu9UIyjrLl2HekA==","ulGN4gRbSuB45Hu1SylfmA==","gd022zEg1pPhx3T7YyFOxQ=="]
助力朋友[CNt5BX1eD8Tw-Wq045YSWg==]失败：亲,好友的工厂暂未开启,不能去好友工厂打工啦!
助力朋友[phEELHGm3o7VKPIyiBO3Vw==]失败：亲,好友的工厂的工人已经满员了,不能去好友工厂打工啦!
助力朋友[z-tDlNURI5HvM4MtehtjDA==]失败：亲,好友的工厂的工人已经满员了,不能去好友工厂打工啦!
助力朋友[dzM8y-1G-D1pt6If32xQ0A==]失败：亲,好友的工厂的工人已经满员了,不能去好友工厂打工啦!
助力朋友[5gGLNRkhTkRxmY2U84_CFA==]失败：亲,好友的工厂的工人已经满员了,不能去好友工厂打工啦!
助力朋友[J03m1SVaO_uqagvToBm5FA==]失败：亲,好友的工厂的工人已经满员了,不能去好友工厂打工啦!
助力朋友[599cd57927d502930cf5d0b4a77b4e19]失败：亲,好友的工厂暂未开启,不能去好友工厂打工啦!
助力朋友[yiTmTXZ_vjWcYq1h1jO8vg==]失败：亲,好友的工厂的工人已经满员了,不能去好友工厂打工啦!
助力朋友[FxrIXyLTJpsrGQSDQehSXw==]失败：亲,好友的工厂的工人已经满员了,不能去好友工厂打工啦!
助力朋友[3n3E8UKuojJUht18Izds9Q==]失败：亲,好友的工厂暂未开启,不能去好友工厂打工啦!
助力朋友[CL0BeUJ6s1274M-LcmxAnA==]失败：亲,好友的工厂的工人已经满员了,不能去好友工厂打工啦!
助力朋友[6S9y4sJUfA2vPQP6TLdVIQ==]失败：亲,好友的工厂暂未开启,不能去好友工厂打工啦!
助力朋友[pW5uvOSuuQRcRYaeQ6OxAg==]失败：亲,好友的工厂的工人已经满员了,不能去好友工厂打工啦!
助力朋友[u8I7Gyupid0Yo3Ds5dDPcw==]失败：亲,好友的工厂的工人已经满员了,不能去好友工厂打工啦!
助力朋友[B-LTj5ajsbbSWknWZlMQ_g==]失败：亲,好友的工厂暂未开启,不能去好友工厂打工啦!
助力朋友[3RJTPQGeBvjmk8KF5quVWQ==]失败：亲,好友的工厂的工人已经满员了,不能去好友工厂打工啦!
助力朋友[caace45f63f499629303f5f94485c8f5]失败：亲,好友的工厂暂未开启,不能去好友工厂打工啦!
助力朋友[ksTMiz4iOXHLf6WkAwQ2ew==]失败：亲,好友的工厂的工人已经满员了,不能去好友工厂打工啦!
助力朋友[c-t0znMqzo6EcYQrPn3Viw==]失败：亲,好友的工厂的工人已经满员了,不能去好友工厂打工啦!
助力朋友[psOZr83bKGOWiRaKOtBSWA==]失败：亲,好友的工厂的工人已经满员了,不能去好友工厂打工啦!
助力朋友[AqU9raXKkj910S4jdLGCGQ==]失败：亲,好友的工厂的工人已经满员了,不能去好友工厂打工啦!
助力朋友[vus4rLluu9UIyjrLl2HekA==]失败：亲,好友的工厂的工人已经满员了,不能去好友工厂打工啦!
助力朋友[ulGN4gRbSuB45Hu1SylfmA==]失败：亲,好友的工厂暂未开启,不能去好友工厂打工啦!
助力朋友[gd022zEg1pPhx3T7YyFOxQ==]失败：亲,好友的工厂的工人已经满员了,不能去好友工厂打工啦!

nextCollectDoubleFlag::1
nextCollectDoubleType::1

下次集满收取可双倍电力
发电机：当前 0 电力，最大值 300 电力
完成任务：共领取0电力
投入失败，生产失效了，请稍后重试~
自家地下暂无零件可收
今日收取零件已达上限，偷好友零件也达到上限，故跳出

团活动ID  6S9y4sJUfA2vPQP6TLdVIQ==
团ID  

今日剩余开团次数：3次
准备开团
st:_time:1612689888558&activeId:&isOpenApp:

异常：{"msg":"活动已结束，请稍后再试~","nowTime":1612689888,"ret":10218}

【京东账号2】孤傲的小小瞒
【生产商品】香蓓柔洗衣液
【当前等级】学徒 1
【生产进度】89.33%
【招工进度】0/8
【发电机电力】当前 0 电力，未达到收获标准
【每日任务】领奖成功，共计 0 电力
【投入电力】投入失败，生产失效了，请稍后重试~
【收取自己零件】今日已达上限
【收取好友零件】今日已达上限

浅草幻雪去参加第一个cookie账号开的团
参团失败：{"msg":"活动已结束，请稍后再试~","nowTime":1612689889,"ret":10218}
173315279去参加第一个cookie账号开的团
参团失败：{"msg":"活动已结束，请稍后再试~","nowTime":1612689889,"ret":10218}

🔔京喜工厂, 结束! 🕛 18.225 秒

