
🔔京喜工厂, 开始!
您的cookie选择的是用&隔开


====================共有2个京东账号Cookie=========

==================脚本执行- 北京时间(UTC+8)：2/7/2021, 9:22:19 PM=====================

"Response code 404 (Not Found)"
"connect ECONNREFUSED 151.101.108.133:443"
"Response code 404 (Not Found)"
开始获取京喜工厂配置文件

tuanActiveId: 6S9y4sJUfA2vPQP6TLdVIQ==
您的互助码选择的是用&隔开

共2个京东账号

您提供了2个账号的京喜工厂助力码


******开始【京东账号1】迷糊虫啊*********

st:_time:1612704143693&materialTuanId:&materialTuanPin:&pin:&sharePin:&shareType:&source:&zone:dream_factory

再加电力可开红包

当前电力：527400
当前等级：1

【京东账号1（迷糊虫啊）的京喜工厂好友互助码】oY9gHgdBtYMXDVcUWMNL4w==
已投入电力：134100
所需电力：150000
生产进度：89.40%
【今日招工进度】0/8
开始
随机取20个码放到您固定的互助码后面(不影响已有固定互助)
第1个京东账号将要助力的好友["xYd7cjQ3c1LyUse79rEFnw==","6E5_eFU3YHRLTljqYh_B1fg9iKwFvbWQsugw1xHcY3Q=","540bj4eZfgx_G4gtfA4_9A==","5AnP-NWntIbO2rEf58NCnA==","y7rKbV02gpxLkKcmHnorBg==","kRqqf4NtTuC9LW3yTiGSFA==","3f4zDNVpgFpfUG5UyoQ7vQ==","bnm_7ApmZVNt81izeRpcyg==","z_VBwTXVY1Yd7Rx_LMAi9Q==","63mOelEV-y-xOWx5uiz0tA==","OQREB-3X5RZXLaz08AlmsA==","ouIDIlMHvhqrUpHTb_JRTQ==","jjuZWLoCwfzbBuvvrpjULw==","EMT4gzfO6FwEOeNOFrNA0Q==","b1GmwAJASND0zpzXqpYEvQ==","bXIE-BHS6Rv_EabL409PEw==","FwJvaAGTTd5B-TfmCZezPw==","CXgermcjQzT1my75C_olyw==","IJTGq_L_MKQ35FeqE5mDxw==","Nw7tHtG2yLEwLu8630y9WA==","0I8665TE4B3mN2JwchJlrA==","g0LRc4LK8nXQhp6jiKbIUQ==","XGrtjnstw7WDcS1OXo4H1w==","y1-l7qIlFL239yqspejwjw=="]
助力朋友[xYd7cjQ3c1LyUse79rEFnw==]失败：亲,好友的工厂的工人已经满员了,不能去好友工厂打工啦!
助力朋友[6E5_eFU3YHRLTljqYh_B1fg9iKwFvbWQsugw1xHcY3Q=]失败：亲,好友的工厂的工人已经满员了,不能去好友工厂打工啦!
助力朋友[540bj4eZfgx_G4gtfA4_9A==]失败：亲,好友的工厂暂未开启,不能去好友工厂打工啦!
助力朋友[5AnP-NWntIbO2rEf58NCnA==]失败：亲,好友的工厂的工人已经满员了,不能去好友工厂打工啦!
助力朋友[y7rKbV02gpxLkKcmHnorBg==]失败：亲,好友的工厂的工人已经满员了,不能去好友工厂打工啦!
助力朋友[kRqqf4NtTuC9LW3yTiGSFA==]失败：亲,好友的工厂暂未开启,不能去好友工厂打工啦!
助力朋友[3f4zDNVpgFpfUG5UyoQ7vQ==]失败：亲,好友的工厂的工人已经满员了,不能去好友工厂打工啦!
助力朋友[bnm_7ApmZVNt81izeRpcyg==]失败：亲,好友的工厂暂未开启,不能去好友工厂打工啦!
助力朋友[z_VBwTXVY1Yd7Rx_LMAi9Q==]失败：亲,好友的工厂的工人已经满员了,不能去好友工厂打工啦!
助力朋友[63mOelEV-y-xOWx5uiz0tA==]失败：亲,好友的工厂的工人已经满员了,不能去好友工厂打工啦!
助力朋友[OQREB-3X5RZXLaz08AlmsA==]失败：亲,好友的工厂的工人已经满员了,不能去好友工厂打工啦!
助力朋友[ouIDIlMHvhqrUpHTb_JRTQ==]失败：亲,好友的工厂暂未开启,不能去好友工厂打工啦!
助力朋友[jjuZWLoCwfzbBuvvrpjULw==]失败：亲,好友的工厂的工人已经满员了,不能去好友工厂打工啦!
助力朋友[EMT4gzfO6FwEOeNOFrNA0Q==]失败：亲,好友的工厂暂未开启,不能去好友工厂打工啦!
助力朋友[b1GmwAJASND0zpzXqpYEvQ==]失败：亲,好友的工厂的工人已经满员了,不能去好友工厂打工啦!
助力朋友[bXIE-BHS6Rv_EabL409PEw==]失败：亲,好友的工厂暂未开启,不能去好友工厂打工啦!
助力朋友[FwJvaAGTTd5B-TfmCZezPw==]失败：亲,好友的工厂的工人已经满员了,不能去好友工厂打工啦!
助力朋友[CXgermcjQzT1my75C_olyw==]失败：亲,好友的工厂暂未开启,不能去好友工厂打工啦!
助力朋友[IJTGq_L_MKQ35FeqE5mDxw==]失败：亲,好友的工厂的工人已经满员了,不能去好友工厂打工啦!
助力朋友[Nw7tHtG2yLEwLu8630y9WA==]失败：亲,好友的工厂的工人已经满员了,不能去好友工厂打工啦!
助力朋友[0I8665TE4B3mN2JwchJlrA==]失败：亲,好友的工厂的工人已经满员了,不能去好友工厂打工啦!
助力朋友[g0LRc4LK8nXQhp6jiKbIUQ==]失败：亲,好友的工厂的工人已经满员了,不能去好友工厂打工啦!
助力朋友[XGrtjnstw7WDcS1OXo4H1w==]失败：亲,好友的工厂的工人已经满员了,不能去好友工厂打工啦!
助力朋友[y1-l7qIlFL239yqspejwjw==]失败：亲,好友的工厂暂未开启,不能去好友工厂打工啦!

nextCollectDoubleFlag::1
nextCollectDoubleType::1

下次集满收取可双倍电力
发电机：当前 0 电力，最大值 300 电力
完成任务：共领取0电力
投入失败，生产失效了，请稍后重试~
自家地下暂无零件可收
今日收取零件已达上限，偷好友零件也达到上限，故跳出

团活动ID  6S9y4sJUfA2vPQP6TLdVIQ==
团ID  314qVQPUppGl4GkxRrbPUA==

今日剩余开团次数：3次
st:_time:1612704150099&activeId:&tuanId:

之前的团已过期，准备重新开团

st:_time:1612704150274&activeId:&isOpenApp:

异常：{"msg":"活动已结束，请稍后再试~","nowTime":1612704150,"ret":10218}

开团情况:1/10


此团未达领取团奖励人数：10人

12/26/2020, 10:14:28 AM参加团主【oY9gHgdBtYMXDVcUWMNL4w==】失败

【京东账号1】迷糊虫啊
【生产商品】保鲜5件套
【当前等级】学徒 1
【生产进度】89.40%
【招工进度】0/8
【发电机电力】当前 0 电力，未达到收获标准
【每日任务】领奖成功，共计 0 电力
【投入电力】投入失败，生产失效了，请稍后重试~
【收取自己零件】今日已达上限
【收取好友零件】今日已达上限


******开始【京东账号2】孤傲的小小瞒*********

st:_time:1612704150906&materialTuanId:&materialTuanPin:&pin:&sharePin:&shareType:&source:&zone:dream_factory

再加电力可开红包

当前电力：531100
当前等级：1

【京东账号2（孤傲的小小瞒）的京喜工厂好友互助码】jzrCtGVS7-j8YCUeB8oW6Q==
已投入电力：134000
所需电力：150000
生产进度：89.33%
【今日招工进度】0/8
开始
随机取20个码放到您固定的互助码后面(不影响已有固定互助)
第2个京东账号将要助力的好友["CNt5BX1eD8Tw-Wq045YSWg==","phEELHGm3o7VKPIyiBO3Vw==","z-tDlNURI5HvM4MtehtjDA==","dzM8y-1G-D1pt6If32xQ0A==","SRWq6ifSQ-_BtEJUcupmyA==","Xi4wV1UN4-Tl8MAt4VNI9Q==","AJ0ZbDw6u4YtSogIzmIQmA==","PdumkJGzmL2BNoH-48rk8A==","sJ2rwh75FpMz5DvE7VVyuw==","5ZY78_ii7sAlKpbv_rrFsg==","cCNKn5H9DECKjh5R_Ejkng==","gNNS1C-2HpC7CwLaiMVpig==","fMszAmLctARRo-AApFoxdQ==","PrcOpOsfRzCnndAKWABxRg==","dg4QcyUGdQM1V7CJIK38Jw==","muhdiAH91bF3YmWSal5VSg==","SxWeIsoWyFY_E7TywkVRhw==","dTpFlAZglA1msZNMImTi4A==","icD-PqzJvyzABcNEATAQwQ==","UkPcD4yGm9dw-4TGL-ZLFw==","dY1xFaaiAnHY3PmQEJVM2A==","8R4czsnEHQAuYYm2-lYgww==","u8HgAuKXAAd82rA1GwbrqA==","t6HoVCAV01n0WkJaMF4euA=="]
助力朋友[CNt5BX1eD8Tw-Wq045YSWg==]失败：亲,好友的工厂暂未开启,不能去好友工厂打工啦!
助力朋友[phEELHGm3o7VKPIyiBO3Vw==]失败：亲,好友的工厂的工人已经满员了,不能去好友工厂打工啦!
助力朋友[z-tDlNURI5HvM4MtehtjDA==]失败：亲,好友的工厂的工人已经满员了,不能去好友工厂打工啦!
助力朋友[dzM8y-1G-D1pt6If32xQ0A==]失败：亲,好友的工厂的工人已经满员了,不能去好友工厂打工啦!
助力朋友[SRWq6ifSQ-_BtEJUcupmyA==]失败：亲,好友的工厂的工人已经满员了,不能去好友工厂打工啦!
助力朋友[Xi4wV1UN4-Tl8MAt4VNI9Q==]失败：亲,好友的工厂暂未开启,不能去好友工厂打工啦!
助力朋友[AJ0ZbDw6u4YtSogIzmIQmA==]失败：亲,好友的工厂的工人已经满员了,不能去好友工厂打工啦!
助力朋友[PdumkJGzmL2BNoH-48rk8A==]失败：亲,好友的工厂暂未开启,不能去好友工厂打工啦!
助力朋友[sJ2rwh75FpMz5DvE7VVyuw==]失败：亲,好友的工厂的工人已经满员了,不能去好友工厂打工啦!
助力朋友[5ZY78_ii7sAlKpbv_rrFsg==]失败：亲,好友的工厂的工人已经满员了,不能去好友工厂打工啦!
助力朋友[cCNKn5H9DECKjh5R_Ejkng==]失败：亲,好友的工厂的工人已经满员了,不能去好友工厂打工啦!
助力朋友[gNNS1C-2HpC7CwLaiMVpig==]失败：亲,好友的工厂的工人已经满员了,不能去好友工厂打工啦!
助力朋友[fMszAmLctARRo-AApFoxdQ==]失败：亲,好友的工厂的工人已经满员了,不能去好友工厂打工啦!
助力朋友[PrcOpOsfRzCnndAKWABxRg==]失败：亲,好友的工厂的工人已经满员了,不能去好友工厂打工啦!
助力朋友[dg4QcyUGdQM1V7CJIK38Jw==]失败：亲,好友的工厂的工人已经满员了,不能去好友工厂打工啦!
助力朋友[muhdiAH91bF3YmWSal5VSg==]失败：亲,好友的工厂暂未开启,不能去好友工厂打工啦!
助力朋友[SxWeIsoWyFY_E7TywkVRhw==]失败：亲,好友的工厂暂未开启,不能去好友工厂打工啦!
"Response code 401 (Unauthorized)"
京喜工厂 API请求失败，请检查网路重试
助力朋友[dTpFlAZglA1msZNMImTi4A==]失败：undefined
助力朋友[icD-PqzJvyzABcNEATAQwQ==]失败：亲,好友的工厂暂未开启,不能去好友工厂打工啦!
"Response code 401 (Unauthorized)"
京喜工厂 API请求失败，请检查网路重试
助力朋友[UkPcD4yGm9dw-4TGL-ZLFw==]失败：undefined
助力朋友[dY1xFaaiAnHY3PmQEJVM2A==]失败：亲,好友的工厂的工人已经满员了,不能去好友工厂打工啦!
助力朋友[8R4czsnEHQAuYYm2-lYgww==]失败：亲,好友的工厂暂未开启,不能去好友工厂打工啦!
助力朋友[u8HgAuKXAAd82rA1GwbrqA==]失败：亲,好友的工厂暂未开启,不能去好友工厂打工啦!
助力朋友[t6HoVCAV01n0WkJaMF4euA==]失败：亲,好友的工厂的工人已经满员了,不能去好友工厂打工啦!

nextCollectDoubleFlag::1
nextCollectDoubleType::1

下次集满收取可双倍电力
发电机：当前 0 电力，最大值 300 电力
完成任务：共领取0电力
投入失败，生产失效了，请稍后重试~
自家地下暂无零件可收
今日收取零件已达上限，偷好友零件也达到上限，故跳出

团活动ID  6S9y4sJUfA2vPQP6TLdVIQ==
团ID  

今日剩余开团次数：3次
准备开团
st:_time:1612704157026&activeId:&isOpenApp:

异常：{"msg":"活动已结束，请稍后再试~","nowTime":1612704157,"ret":10218}

【京东账号2】孤傲的小小瞒
【生产商品】香蓓柔洗衣液
【当前等级】学徒 1
【生产进度】89.33%
【招工进度】0/8
【发电机电力】当前 0 电力，未达到收获标准
【每日任务】领奖成功，共计 0 电力
【投入电力】投入失败，生产失效了，请稍后重试~
【收取自己零件】今日已达上限
【收取好友零件】今日已达上限

浅草幻雪去参加第一个cookie账号开的团
参团失败：{"msg":"活动已结束，请稍后再试~","nowTime":1612704157,"ret":10218}
173315279去参加第一个cookie账号开的团
参团失败：{"msg":"活动已结束，请稍后再试~","nowTime":1612704157,"ret":10218}

🔔京喜工厂, 结束! 🕛 19.772 秒

