
🔔京喜工厂, 开始!
您的cookie选择的是用&隔开


====================共有2个京东账号Cookie=========

==================脚本执行- 北京时间(UTC+8)：2/3/2021, 5:22:59 PM=====================

"Response code 404 (Not Found)"
"connect ECONNREFUSED 151.101.228.133:443"
"Response code 404 (Not Found)"
开始获取京喜工厂配置文件

tuanActiveId: 6S9y4sJUfA2vPQP6TLdVIQ==
您的互助码选择的是用&隔开

共2个京东账号

您提供了2个账号的京喜工厂助力码


******开始【京东账号1】迷糊虫啊*********

st:_time:1612344182997&materialTuanId:&materialTuanPin:&pin:&sharePin:&shareType:&source:&zone:dream_factory

再加电力可开红包

当前电力：464800
当前等级：1

【京东账号1（迷糊虫啊）的京喜工厂好友互助码】oY9gHgdBtYMXDVcUWMNL4w==
已投入电力：134100
所需电力：150000
生产进度：89.40%
【今日招工进度】0/8
开始
随机取20个码放到您固定的互助码后面(不影响已有固定互助)
第1个京东账号将要助力的好友["xYd7cjQ3c1LyUse79rEFnw==","6E5_eFU3YHRLTljqYh_B1fg9iKwFvbWQsugw1xHcY3Q=","540bj4eZfgx_G4gtfA4_9A==","5AnP-NWntIbO2rEf58NCnA==","BlkcxeLnCjnLlaAETT7dow==","ksTMiz4iOXHLf6WkAwQ2ew==","JVYRv8-Q4Rbk5LZLkwLB_g==","4x-zZR5xZJB2TsG473Wh4A==","Jj0M10iIcceWJJZe2-sxXQ==","xf1rP_VpRTZ4HK3gfgcNzA==","A3Andngpkftdws_AAIEzSg==","aqJeRPZkN79QHPvug1GNRQ==","Z-OXyhGaVPX6ImRJwOb_pQ==","QK2jcmx6GPYfsj3ph1Qb0Q==","JHydmB5W4M3X","j5f0w6A1UOxuQUytFvNCug==","q7e2LREdyQm-FwToRlxyDQ==","5_nEPNd201_RF9CaLgJTfA==","PIlhJMjmQsLVsudE43fEyGhNgKxkeQqchTVMlMkabs0=","dvgD50oRHQkFxYG6BuooKw==","enniaeI1wakw7ugsLiPO_w==","Wnhqt-JWPG3w-6ZJkrCESQ==","n1B2q2_YEo3gkj4KcN-CAg==","hiOCO2jw27fBQz1d7AwLHw=="]
助力朋友[xYd7cjQ3c1LyUse79rEFnw==]失败：亲,好友的工厂的工人已经满员了,不能去好友工厂打工啦!
助力朋友[6E5_eFU3YHRLTljqYh_B1fg9iKwFvbWQsugw1xHcY3Q=]失败：亲,好友的工厂的工人已经满员了,不能去好友工厂打工啦!
助力朋友[540bj4eZfgx_G4gtfA4_9A==]失败：亲,好友的工厂暂未开启,不能去好友工厂打工啦!
助力朋友[5AnP-NWntIbO2rEf58NCnA==]失败：亲,好友的工厂的工人已经满员了,不能去好友工厂打工啦!
助力朋友[BlkcxeLnCjnLlaAETT7dow==]失败：亲,好友的工厂的工人已经满员了,不能去好友工厂打工啦!
助力朋友[ksTMiz4iOXHLf6WkAwQ2ew==]失败：亲,好友的工厂的工人已经满员了,不能去好友工厂打工啦!
助力朋友[JVYRv8-Q4Rbk5LZLkwLB_g==]失败：亲,好友的工厂暂未开启,不能去好友工厂打工啦!
助力朋友[4x-zZR5xZJB2TsG473Wh4A==]失败：亲,好友的工厂的工人已经满员了,不能去好友工厂打工啦!
助力朋友[Jj0M10iIcceWJJZe2-sxXQ==]失败：亲,好友的工厂的工人已经满员了,不能去好友工厂打工啦!
助力朋友[xf1rP_VpRTZ4HK3gfgcNzA==]失败：亲,好友的工厂的工人已经满员了,不能去好友工厂打工啦!
助力朋友[A3Andngpkftdws_AAIEzSg==]失败：亲,好友的工厂暂未开启,不能去好友工厂打工啦!
助力朋友[aqJeRPZkN79QHPvug1GNRQ==]失败：亲,好友的工厂的工人已经满员了,不能去好友工厂打工啦!
助力朋友[Z-OXyhGaVPX6ImRJwOb_pQ==]失败：亲,好友的工厂的工人已经满员了,不能去好友工厂打工啦!
助力朋友[QK2jcmx6GPYfsj3ph1Qb0Q==]失败：亲,好友的工厂的工人已经满员了,不能去好友工厂打工啦!
助力朋友[JHydmB5W4M3X]失败：亲,好友的工厂暂未开启,不能去好友工厂打工啦!
助力朋友[j5f0w6A1UOxuQUytFvNCug==]失败：亲,好友的工厂暂未开启,不能去好友工厂打工啦!
助力朋友[q7e2LREdyQm-FwToRlxyDQ==]失败：亲,好友的工厂暂未开启,不能去好友工厂打工啦!
助力朋友[5_nEPNd201_RF9CaLgJTfA==]失败：亲,好友的工厂暂未开启,不能去好友工厂打工啦!
助力朋友[PIlhJMjmQsLVsudE43fEyGhNgKxkeQqchTVMlMkabs0=]失败：亲,好友的工厂的工人已经满员了,不能去好友工厂打工啦!
助力朋友[dvgD50oRHQkFxYG6BuooKw==]失败：亲,好友的工厂的工人已经满员了,不能去好友工厂打工啦!
助力朋友[enniaeI1wakw7ugsLiPO_w==]失败：亲,好友的工厂暂未开启,不能去好友工厂打工啦!
助力朋友[Wnhqt-JWPG3w-6ZJkrCESQ==]失败：亲,好友的工厂的工人已经满员了,不能去好友工厂打工啦!
助力朋友[n1B2q2_YEo3gkj4KcN-CAg==]失败：亲,好友的工厂的工人已经满员了,不能去好友工厂打工啦!
助力朋友[hiOCO2jw27fBQz1d7AwLHw==]失败：亲,好友的工厂暂未开启,不能去好友工厂打工啦!

nextCollectDoubleFlag::1
nextCollectDoubleType::1

下次集满收取可双倍电力
发电机：当前 0 电力，最大值 300 电力
完成任务：共领取0电力
投入失败，生产失效了，请稍后重试~
自家地下暂无零件可收
今日收取零件已达上限，偷好友零件也达到上限，故跳出

团活动ID  6S9y4sJUfA2vPQP6TLdVIQ==
团ID  314qVQPUppGl4GkxRrbPUA==

今日剩余开团次数：3次
st:_time:1612344189377&activeId:&tuanId:

之前的团已过期，准备重新开团

st:_time:1612344189528&activeId:&isOpenApp:

异常：{"msg":"活动已结束，请稍后再试~","nowTime":1612344189,"ret":10218}

开团情况:1/10


此团未达领取团奖励人数：10人

12/26/2020, 10:14:28 AM参加团主【oY9gHgdBtYMXDVcUWMNL4w==】失败

【京东账号1】迷糊虫啊
【生产商品】保鲜5件套
【当前等级】学徒 1
【生产进度】89.40%
【招工进度】0/8
【发电机电力】当前 0 电力，未达到收获标准
【每日任务】领奖成功，共计 0 电力
【投入电力】投入失败，生产失效了，请稍后重试~
【收取自己零件】今日已达上限
【收取好友零件】今日已达上限


******开始【京东账号2】孤傲的小小瞒*********

st:_time:1612344190169&materialTuanId:&materialTuanPin:&pin:&sharePin:&shareType:&source:&zone:dream_factory

再加电力可开红包

当前电力：464000
当前等级：1

【京东账号2（孤傲的小小瞒）的京喜工厂好友互助码】jzrCtGVS7-j8YCUeB8oW6Q==
已投入电力：134000
所需电力：150000
生产进度：89.33%
【今日招工进度】0/8
开始
随机取20个码放到您固定的互助码后面(不影响已有固定互助)
第2个京东账号将要助力的好友["CNt5BX1eD8Tw-Wq045YSWg==","phEELHGm3o7VKPIyiBO3Vw==","z-tDlNURI5HvM4MtehtjDA==","dzM8y-1G-D1pt6If32xQ0A==","tc2xvQrPJyeBitX_zFfZEA==","RzgMiiq3sgxH94EdoC2f5A==","pKwLV8IHQVWcsmjyrD0lrw==","JMlwP2WEhnH4RolFyGjKQg==","L4UhslL2xc7mNzVDi_P83Q==","WQrSO7QfNm8pDPbWQVbgWA==","yUDZhUtFZ5k1HLY893awkA==","YNzAX9V9Dwq4iMyRyPP8BBBUd9-BPYZRag5GtTbYx00=","nsIz-ORlwcZ9SAKarnQU1w==","Bzy5IH-FFnanjjGB4hHQGQ==","mX9JUOHgT54xrdcIQrnxWg==","WuCsqaTlSVnBipxk_FEgIQ==","ZETgrA7-16xH7L2wx6Lj0A==","klJi1NJrb0MhNuJUjCLGpg==","arofCDDnDVZjoG1HIoT4Iw==","hQsiTSKUsfSw7AUWzwiJRA==","VxMPmANAaKd-HrzhqrMXuw==","l5LAM4rwkEeg0Aj7i7g8lg==","J2qjw5ZEQzx_Bk_4zMOKCA==","WefbvHqvfg5E5TEUh_pX-A=="]
助力朋友[CNt5BX1eD8Tw-Wq045YSWg==]失败：亲,好友的工厂暂未开启,不能去好友工厂打工啦!
助力朋友[phEELHGm3o7VKPIyiBO3Vw==]失败：亲,好友的工厂的工人已经满员了,不能去好友工厂打工啦!
助力朋友[z-tDlNURI5HvM4MtehtjDA==]失败：亲,好友的工厂的工人已经满员了,不能去好友工厂打工啦!
助力朋友[dzM8y-1G-D1pt6If32xQ0A==]失败：亲,好友的工厂的工人已经满员了,不能去好友工厂打工啦!
助力朋友[tc2xvQrPJyeBitX_zFfZEA==]失败：亲,好友的工厂暂未开启,不能去好友工厂打工啦!
助力朋友[RzgMiiq3sgxH94EdoC2f5A==]失败：亲,好友的工厂的工人已经满员了,不能去好友工厂打工啦!
助力朋友[pKwLV8IHQVWcsmjyrD0lrw==]失败：亲,好友的工厂的工人已经满员了,不能去好友工厂打工啦!
助力朋友[JMlwP2WEhnH4RolFyGjKQg==]失败：亲,好友的工厂的工人已经满员了,不能去好友工厂打工啦!
助力朋友[L4UhslL2xc7mNzVDi_P83Q==]失败：亲,好友的工厂的工人已经满员了,不能去好友工厂打工啦!
助力朋友[WQrSO7QfNm8pDPbWQVbgWA==]失败：亲,好友的工厂暂未开启,不能去好友工厂打工啦!
助力朋友[yUDZhUtFZ5k1HLY893awkA==]失败：亲,好友的工厂的工人已经满员了,不能去好友工厂打工啦!
助力朋友[YNzAX9V9Dwq4iMyRyPP8BBBUd9-BPYZRag5GtTbYx00=]失败：亲,好友的工厂暂未开启,不能去好友工厂打工啦!
助力朋友[nsIz-ORlwcZ9SAKarnQU1w==]失败：亲,好友的工厂暂未开启,不能去好友工厂打工啦!
助力朋友[Bzy5IH-FFnanjjGB4hHQGQ==]失败：亲,好友的工厂暂未开启,不能去好友工厂打工啦!
助力朋友[mX9JUOHgT54xrdcIQrnxWg==]失败：亲,好友的工厂暂未开启,不能去好友工厂打工啦!
助力朋友[WuCsqaTlSVnBipxk_FEgIQ==]失败：亲,好友的工厂的工人已经满员了,不能去好友工厂打工啦!
助力朋友[ZETgrA7-16xH7L2wx6Lj0A==]失败：亲,好友的工厂的工人已经满员了,不能去好友工厂打工啦!
助力朋友[klJi1NJrb0MhNuJUjCLGpg==]失败：亲,好友的工厂暂未开启,不能去好友工厂打工啦!
助力朋友[arofCDDnDVZjoG1HIoT4Iw==]失败：亲,好友的工厂的工人已经满员了,不能去好友工厂打工啦!
"Response code 401 (Unauthorized)"
京喜工厂 API请求失败，请检查网路重试
助力朋友[hQsiTSKUsfSw7AUWzwiJRA==]失败：undefined
助力朋友[VxMPmANAaKd-HrzhqrMXuw==]失败：亲,好友的工厂暂未开启,不能去好友工厂打工啦!
助力朋友[l5LAM4rwkEeg0Aj7i7g8lg==]失败：亲,好友的工厂的工人已经满员了,不能去好友工厂打工啦!
助力朋友[J2qjw5ZEQzx_Bk_4zMOKCA==]失败：亲,好友的工厂暂未开启,不能去好友工厂打工啦!
助力朋友[WefbvHqvfg5E5TEUh_pX-A==]失败：亲,好友的工厂的工人已经满员了,不能去好友工厂打工啦!

nextCollectDoubleFlag::1
nextCollectDoubleType::1

下次集满收取可双倍电力
发电机：当前 0 电力，最大值 300 电力
完成任务：共领取0电力
投入失败，生产失效了，请稍后重试~
自家地下暂无零件可收
今日收取零件已达上限，偷好友零件也达到上限，故跳出

团活动ID  6S9y4sJUfA2vPQP6TLdVIQ==
团ID  

今日剩余开团次数：3次
准备开团
st:_time:1612344196352&activeId:&isOpenApp:

异常：{"msg":"活动已结束，请稍后再试~","nowTime":1612344196,"ret":10218}

【京东账号2】孤傲的小小瞒
【生产商品】香蓓柔洗衣液
【当前等级】学徒 1
【生产进度】89.33%
【招工进度】0/8
【发电机电力】当前 0 电力，未达到收获标准
【每日任务】领奖成功，共计 0 电力
【投入电力】投入失败，生产失效了，请稍后重试~
【收取自己零件】今日已达上限
【收取好友零件】今日已达上限

浅草幻雪去参加第一个cookie账号开的团
参团失败：{"msg":"活动已结束，请稍后再试~","nowTime":1612344196,"ret":10218}
173315279去参加第一个cookie账号开的团
参团失败：{"msg":"活动已结束，请稍后再试~","nowTime":1612344197,"ret":10218}

🔔京喜工厂, 结束! 🕛 18.354 秒

