
🔔京喜工厂, 开始!
您的cookie选择的是用&隔开


====================共有2个京东账号Cookie=========

==================脚本执行- 北京时间(UTC+8)：2/3/2021, 3:21:43 PM=====================

"Response code 404 (Not Found)"
"connect ECONNREFUSED 151.101.228.133:443"
"Response code 404 (Not Found)"
开始获取京喜工厂配置文件

tuanActiveId: 6S9y4sJUfA2vPQP6TLdVIQ==
您的互助码选择的是用&隔开

共2个京东账号

您提供了2个账号的京喜工厂助力码


******开始【京东账号1】迷糊虫啊*********

st:_time:1612336907507&materialTuanId:&materialTuanPin:&pin:&sharePin:&shareType:&source:&zone:dream_factory

再加电力可开红包

当前电力：464800
当前等级：1

【京东账号1（迷糊虫啊）的京喜工厂好友互助码】oY9gHgdBtYMXDVcUWMNL4w==
已投入电力：134100
所需电力：150000
生产进度：89.40%
【今日招工进度】0/8
开始
随机取20个码放到您固定的互助码后面(不影响已有固定互助)
第1个京东账号将要助力的好友["xYd7cjQ3c1LyUse79rEFnw==","6E5_eFU3YHRLTljqYh_B1fg9iKwFvbWQsugw1xHcY3Q=","540bj4eZfgx_G4gtfA4_9A==","5AnP-NWntIbO2rEf58NCnA==","Lgdk6yPSJi3KyJ0nveYkwA==","qA4DVA1r02Ps9ZrMnK-qWg==","ZeWFM6KaZ-8H31m5uZSg0w==","m_tJIkFlrf-mAOyhlBJZMA==","8v_53_jsMD2ot8pJsEGIlA==","Kv4F5Sd_2MdZfx2RAAgVbA==","Dwjac6aNCjKGyAulUxsKhQ==","Ry6jp_M1EOmQDyiwZXiB1A==","PvFHDsfbCmOlXrn7kpVvLw==","ZAcV46By-xrk9qng9E_6Mg==","9El30Psg9iuTc46gksfcMw==","PMAu_6VvddDPZrSP4eZSKw==","1Qfj8tupVpt2agbZFSJmRw==","ohzQvSc91WqL71r-NDwOiQ==","T0225KkcRxocpAHQcR7ywaRbdgCjVWnYaS5kRrbA","7IknkhANLV1cPqdp9oEIGg==","y0k9IDhCNqQvEov0x2ugNQ==","OpdZTI0kWvpwhhmKak9nTQ==","eyhfO0Mrvb4EwSDVNiRuhg==","ngLyRD-xMfNBNn3kY_Kf5A=="]
助力朋友[xYd7cjQ3c1LyUse79rEFnw==]失败：亲,好友的工厂的工人已经满员了,不能去好友工厂打工啦!
助力朋友[6E5_eFU3YHRLTljqYh_B1fg9iKwFvbWQsugw1xHcY3Q=]失败：亲,好友的工厂的工人已经满员了,不能去好友工厂打工啦!
助力朋友[540bj4eZfgx_G4gtfA4_9A==]失败：亲,好友的工厂暂未开启,不能去好友工厂打工啦!
助力朋友[5AnP-NWntIbO2rEf58NCnA==]失败：亲,好友的工厂的工人已经满员了,不能去好友工厂打工啦!
助力朋友[Lgdk6yPSJi3KyJ0nveYkwA==]失败：亲,好友的工厂的工人已经满员了,不能去好友工厂打工啦!
助力朋友[qA4DVA1r02Ps9ZrMnK-qWg==]失败：亲,好友的工厂的工人已经满员了,不能去好友工厂打工啦!
助力朋友[ZeWFM6KaZ-8H31m5uZSg0w==]失败：亲,好友的工厂的工人已经满员了,不能去好友工厂打工啦!
助力朋友[m_tJIkFlrf-mAOyhlBJZMA==]失败：亲,好友的工厂的工人已经满员了,不能去好友工厂打工啦!
助力朋友[8v_53_jsMD2ot8pJsEGIlA==]失败：亲,好友的工厂暂未开启,不能去好友工厂打工啦!
助力朋友[Kv4F5Sd_2MdZfx2RAAgVbA==]失败：亲,好友的工厂的工人已经满员了,不能去好友工厂打工啦!
助力朋友[Dwjac6aNCjKGyAulUxsKhQ==]失败：亲,好友的工厂的工人已经满员了,不能去好友工厂打工啦!
助力朋友[Ry6jp_M1EOmQDyiwZXiB1A==]失败：亲,好友的工厂的工人已经满员了,不能去好友工厂打工啦!
"Response code 401 (Unauthorized)"
京喜工厂 API请求失败，请检查网路重试
助力朋友[PvFHDsfbCmOlXrn7kpVvLw==]失败：undefined
助力朋友[ZAcV46By-xrk9qng9E_6Mg==]失败：亲,好友的工厂的工人已经满员了,不能去好友工厂打工啦!
"Response code 401 (Unauthorized)"
京喜工厂 API请求失败，请检查网路重试
助力朋友[9El30Psg9iuTc46gksfcMw==]失败：undefined
"Response code 401 (Unauthorized)"
京喜工厂 API请求失败，请检查网路重试
助力朋友[PMAu_6VvddDPZrSP4eZSKw==]失败：undefined
"Response code 401 (Unauthorized)"
京喜工厂 API请求失败，请检查网路重试
助力朋友[1Qfj8tupVpt2agbZFSJmRw==]失败：undefined
助力朋友[ohzQvSc91WqL71r-NDwOiQ==]失败：亲,好友的工厂的工人已经满员了,不能去好友工厂打工啦!
助力朋友[T0225KkcRxocpAHQcR7ywaRbdgCjVWnYaS5kRrbA]失败：亲,好友的工厂暂未开启,不能去好友工厂打工啦!
助力朋友[7IknkhANLV1cPqdp9oEIGg==]失败：亲,好友的工厂的工人已经满员了,不能去好友工厂打工啦!
助力朋友[y0k9IDhCNqQvEov0x2ugNQ==]失败：亲,好友的工厂的工人已经满员了,不能去好友工厂打工啦!
助力朋友[OpdZTI0kWvpwhhmKak9nTQ==]失败：亲,好友的工厂的工人已经满员了,不能去好友工厂打工啦!
助力朋友[eyhfO0Mrvb4EwSDVNiRuhg==]失败：亲,好友的工厂的工人已经满员了,不能去好友工厂打工啦!
助力朋友[ngLyRD-xMfNBNn3kY_Kf5A==]失败：亲,好友的工厂的工人已经满员了,不能去好友工厂打工啦!

nextCollectDoubleFlag::1
nextCollectDoubleType::1

下次集满收取可双倍电力
发电机：当前 0 电力，最大值 300 电力
完成任务：共领取0电力
投入失败，生产失效了，请稍后重试~
自家地下暂无零件可收
今日收取零件已达上限，偷好友零件也达到上限，故跳出

团活动ID  6S9y4sJUfA2vPQP6TLdVIQ==
团ID  314qVQPUppGl4GkxRrbPUA==

今日剩余开团次数：3次
st:_time:1612336913586&activeId:&tuanId:

之前的团已过期，准备重新开团

st:_time:1612336913761&activeId:&isOpenApp:

异常：{"msg":"活动已结束，请稍后再试~","nowTime":1612336913,"ret":10218}

开团情况:1/10


此团未达领取团奖励人数：10人

12/26/2020, 10:14:28 AM参加团主【oY9gHgdBtYMXDVcUWMNL4w==】失败

【京东账号1】迷糊虫啊
【生产商品】保鲜5件套
【当前等级】学徒 1
【生产进度】89.40%
【招工进度】0/8
【发电机电力】当前 0 电力，未达到收获标准
【每日任务】领奖成功，共计 0 电力
【投入电力】投入失败，生产失效了，请稍后重试~
【收取自己零件】今日已达上限
【收取好友零件】今日已达上限


******开始【京东账号2】孤傲的小小瞒*********

st:_time:1612336914399&materialTuanId:&materialTuanPin:&pin:&sharePin:&shareType:&source:&zone:dream_factory

再加电力可开红包

当前电力：464000
当前等级：1

【京东账号2（孤傲的小小瞒）的京喜工厂好友互助码】jzrCtGVS7-j8YCUeB8oW6Q==
已投入电力：134000
所需电力：150000
生产进度：89.33%
【今日招工进度】0/8
开始
随机取20个码放到您固定的互助码后面(不影响已有固定互助)
第2个京东账号将要助力的好友["CNt5BX1eD8Tw-Wq045YSWg==","phEELHGm3o7VKPIyiBO3Vw==","z-tDlNURI5HvM4MtehtjDA==","dzM8y-1G-D1pt6If32xQ0A==","2yGWNelVLA0S7EjexT3xEg==","WQa4ycdFQrq15KROI9ED4A==","G7UoVAv8L5yIOUlXE-wdHA==","hfzCuul0bClF3mtQf4BbAg==","Phegum8CdvdDmMuiAaauAg==","2wQSOJTwF3um4KTdpPFMCA==","PsstgyyhBMD97bK1rWKODA==","djXDFWtAPeTloK7BF1Zchw==","mlPW61khBKvGja89jqKs_Q==","0KgVYymMfBsxat4D50ZcBQ==","9FYVa-zEHFFN2xd-5BN6gg==","HQxTtTyrtGyrCm-hNQkMBg==","DOv1jozxRPBqONtYAHynbA==","7eix7JNEfdpokU8iVtl-8w==","-1_tDpQ62UKSg53LkXCY4g==","HB0rMhLZFoJZtMY_cxDS9w==","C8f6ohckNh4yrgTK3qs38g==","Aufo-StuPD_5qtYbQ-OK_A==","bmKnxkviaoS5YRypibH_8w==","21kTw42DfG_jKmT8ofSlJw=="]
助力朋友[CNt5BX1eD8Tw-Wq045YSWg==]失败：亲,好友的工厂的工人已经满员了,不能去好友工厂打工啦!
助力朋友[phEELHGm3o7VKPIyiBO3Vw==]失败：亲,好友的工厂的工人已经满员了,不能去好友工厂打工啦!
助力朋友[z-tDlNURI5HvM4MtehtjDA==]失败：亲,好友的工厂的工人已经满员了,不能去好友工厂打工啦!
助力朋友[dzM8y-1G-D1pt6If32xQ0A==]失败：亲,好友的工厂的工人已经满员了,不能去好友工厂打工啦!
助力朋友[2yGWNelVLA0S7EjexT3xEg==]失败：亲,好友的工厂的工人已经满员了,不能去好友工厂打工啦!
助力朋友[WQa4ycdFQrq15KROI9ED4A==]失败：亲,好友的工厂暂未开启,不能去好友工厂打工啦!
助力朋友[G7UoVAv8L5yIOUlXE-wdHA==]失败：亲,好友的工厂的工人已经满员了,不能去好友工厂打工啦!
助力朋友[hfzCuul0bClF3mtQf4BbAg==]失败：亲,好友的工厂的工人已经满员了,不能去好友工厂打工啦!
助力朋友[Phegum8CdvdDmMuiAaauAg==]失败：亲,好友的工厂的工人已经满员了,不能去好友工厂打工啦!
助力朋友[2wQSOJTwF3um4KTdpPFMCA==]失败：亲,好友的工厂的工人已经满员了,不能去好友工厂打工啦!
助力朋友[PsstgyyhBMD97bK1rWKODA==]失败：亲,好友的工厂的工人已经满员了,不能去好友工厂打工啦!
助力朋友[djXDFWtAPeTloK7BF1Zchw==]失败：亲,好友的工厂的工人已经满员了,不能去好友工厂打工啦!
助力朋友[mlPW61khBKvGja89jqKs_Q==]失败：亲,好友的工厂的工人已经满员了,不能去好友工厂打工啦!
助力朋友[0KgVYymMfBsxat4D50ZcBQ==]失败：亲,好友的工厂的工人已经满员了,不能去好友工厂打工啦!
助力朋友[9FYVa-zEHFFN2xd-5BN6gg==]失败：亲,好友的工厂的工人已经满员了,不能去好友工厂打工啦!
助力朋友[HQxTtTyrtGyrCm-hNQkMBg==]失败：亲,好友的工厂的工人已经满员了,不能去好友工厂打工啦!
助力朋友[DOv1jozxRPBqONtYAHynbA==]失败：亲,好友的工厂的工人已经满员了,不能去好友工厂打工啦!
助力朋友[7eix7JNEfdpokU8iVtl-8w==]失败：亲,好友的工厂的工人已经满员了,不能去好友工厂打工啦!
助力朋友[-1_tDpQ62UKSg53LkXCY4g==]失败：亲,好友的工厂的工人已经满员了,不能去好友工厂打工啦!
助力朋友[HB0rMhLZFoJZtMY_cxDS9w==]失败：亲,好友的工厂的工人已经满员了,不能去好友工厂打工啦!
助力朋友[C8f6ohckNh4yrgTK3qs38g==]失败：亲,好友的工厂的工人已经满员了,不能去好友工厂打工啦!
助力朋友[Aufo-StuPD_5qtYbQ-OK_A==]失败：亲,好友的工厂的工人已经满员了,不能去好友工厂打工啦!
助力朋友[bmKnxkviaoS5YRypibH_8w==]失败：亲,好友的工厂的工人已经满员了,不能去好友工厂打工啦!
助力朋友[21kTw42DfG_jKmT8ofSlJw==]失败：亲,好友的工厂的工人已经满员了,不能去好友工厂打工啦!

nextCollectDoubleFlag::1
nextCollectDoubleType::1

下次集满收取可双倍电力
发电机：当前 0 电力，最大值 300 电力
完成任务：共领取0电力
投入失败，生产失效了，请稍后重试~
自家地下暂无零件可收
今日收取零件已达上限，偷好友零件也达到上限，故跳出

团活动ID  6S9y4sJUfA2vPQP6TLdVIQ==
团ID  

今日剩余开团次数：3次
准备开团
st:_time:1612336920774&activeId:&isOpenApp:

异常：{"msg":"活动已结束，请稍后再试~","nowTime":1612336920,"ret":10218}

【京东账号2】孤傲的小小瞒
【生产商品】香蓓柔洗衣液
【当前等级】学徒 1
【生产进度】89.33%
【招工进度】0/8
【发电机电力】当前 0 电力，未达到收获标准
【每日任务】领奖成功，共计 0 电力
【投入电力】投入失败，生产失效了，请稍后重试~
【收取自己零件】今日已达上限
【收取好友零件】今日已达上限

浅草幻雪去参加第一个cookie账号开的团
参团失败：{"msg":"活动已结束，请稍后再试~","nowTime":1612336921,"ret":10218}
173315279去参加第一个cookie账号开的团
参团失败：{"msg":"活动已结束，请稍后再试~","nowTime":1612336921,"ret":10218}

🔔京喜工厂, 结束! 🕛 18.35 秒

