
🔔京喜工厂, 开始!
您的cookie选择的是用&隔开


====================共有2个京东账号Cookie=========

==================脚本执行- 北京时间(UTC+8)：2/3/2021, 4:23:12 PM=====================

"Response code 404 (Not Found)"
"connect ECONNREFUSED 151.101.228.133:443"
"Response code 404 (Not Found)"
开始获取京喜工厂配置文件

tuanActiveId: 6S9y4sJUfA2vPQP6TLdVIQ==
您的互助码选择的是用&隔开

共2个京东账号

您提供了2个账号的京喜工厂助力码


******开始【京东账号1】迷糊虫啊*********

st:_time:1612340596512&materialTuanId:&materialTuanPin:&pin:&sharePin:&shareType:&source:&zone:dream_factory

再加电力可开红包

当前电力：464800
当前等级：1

【京东账号1（迷糊虫啊）的京喜工厂好友互助码】oY9gHgdBtYMXDVcUWMNL4w==
已投入电力：134100
所需电力：150000
生产进度：89.40%
【今日招工进度】0/8
开始
随机取20个码放到您固定的互助码后面(不影响已有固定互助)
第1个京东账号将要助力的好友["xYd7cjQ3c1LyUse79rEFnw==","6E5_eFU3YHRLTljqYh_B1fg9iKwFvbWQsugw1xHcY3Q=","540bj4eZfgx_G4gtfA4_9A==","5AnP-NWntIbO2rEf58NCnA==","LyQ0x-qJW-7RrMOl7VRgJw==","3cOixbejO6kZoOr8wliZHw==","iYm4e4B212E6kMf6MC99kw==","oZOHktLMxQ7O7iRrYhSD_A==","BZCQ-Q0VlyC0ZDnUNP_yTw==","-5c5Uu9ApI5QBuRed_w8s90eY-qSlOBq0rwKC67IaQTX","f6xXY3OslkLFhHCgFZsMIg==","ERNHNqVGoKvAAMaSivs1vA==","GldGKrZM4A1azSUe8BL64g==","ZIxTcIAR3cwk-zaOU19YUg==","yHf1QqBoUZiMZAKl3GjHhw==","r6l5NkKeI9FhAvEcJPXgbw==","tmHOde_80dw6lUsrOVGeaQ==","koEbqqRIbbwhDmi1TCS78A==","zfzfIAZfofudGQCnck0UIg==","7ph2SAHhf0rh1dBX454sKQ==","ABMKaOUVuPjlRYN-z1fuSQ==","enrgw3ys_8wrRmXEfK8H_Q==","VN9kvLIcPTGYblnz99c2DQ==","utc0PoPs9FtJYQF4E9ee5Q=="]
助力朋友[xYd7cjQ3c1LyUse79rEFnw==]失败：亲,好友的工厂的工人已经满员了,不能去好友工厂打工啦!
助力朋友[6E5_eFU3YHRLTljqYh_B1fg9iKwFvbWQsugw1xHcY3Q=]失败：亲,好友的工厂的工人已经满员了,不能去好友工厂打工啦!
助力朋友[540bj4eZfgx_G4gtfA4_9A==]失败：亲,好友的工厂暂未开启,不能去好友工厂打工啦!
助力朋友[5AnP-NWntIbO2rEf58NCnA==]失败：亲,好友的工厂的工人已经满员了,不能去好友工厂打工啦!
助力朋友[LyQ0x-qJW-7RrMOl7VRgJw==]失败：亲,好友的工厂的工人已经满员了,不能去好友工厂打工啦!
助力朋友[3cOixbejO6kZoOr8wliZHw==]失败：亲,好友的工厂暂未开启,不能去好友工厂打工啦!
助力朋友[iYm4e4B212E6kMf6MC99kw==]失败：亲,好友的工厂暂未开启,不能去好友工厂打工啦!
助力朋友[oZOHktLMxQ7O7iRrYhSD_A==]失败：亲,好友的工厂的工人已经满员了,不能去好友工厂打工啦!
助力朋友[BZCQ-Q0VlyC0ZDnUNP_yTw==]失败：亲,好友的工厂的工人已经满员了,不能去好友工厂打工啦!
助力朋友[-5c5Uu9ApI5QBuRed_w8s90eY-qSlOBq0rwKC67IaQTX]失败：亲,好友的工厂暂未开启,不能去好友工厂打工啦!
助力朋友[f6xXY3OslkLFhHCgFZsMIg==]失败：亲,好友的工厂暂未开启,不能去好友工厂打工啦!
助力朋友[ERNHNqVGoKvAAMaSivs1vA==]失败：亲,好友的工厂暂未开启,不能去好友工厂打工啦!
助力朋友[GldGKrZM4A1azSUe8BL64g==]失败：亲,好友的工厂暂未开启,不能去好友工厂打工啦!
助力朋友[ZIxTcIAR3cwk-zaOU19YUg==]失败：亲,好友的工厂的工人已经满员了,不能去好友工厂打工啦!
助力朋友[yHf1QqBoUZiMZAKl3GjHhw==]失败：亲,好友的工厂暂未开启,不能去好友工厂打工啦!
助力朋友[r6l5NkKeI9FhAvEcJPXgbw==]失败：亲,好友的工厂的工人已经满员了,不能去好友工厂打工啦!
助力朋友[tmHOde_80dw6lUsrOVGeaQ==]失败：亲,好友的工厂暂未开启,不能去好友工厂打工啦!
助力朋友[koEbqqRIbbwhDmi1TCS78A==]失败：亲,好友的工厂的工人已经满员了,不能去好友工厂打工啦!
助力朋友[zfzfIAZfofudGQCnck0UIg==]失败：亲,好友的工厂的工人已经满员了,不能去好友工厂打工啦!
助力朋友[7ph2SAHhf0rh1dBX454sKQ==]失败：亲,好友的工厂暂未开启,不能去好友工厂打工啦!
"Response code 401 (Unauthorized)"
京喜工厂 API请求失败，请检查网路重试
助力朋友[ABMKaOUVuPjlRYN-z1fuSQ==]失败：undefined
助力朋友[enrgw3ys_8wrRmXEfK8H_Q==]失败：亲,好友的工厂暂未开启,不能去好友工厂打工啦!
助力朋友[VN9kvLIcPTGYblnz99c2DQ==]失败：亲,好友的工厂的工人已经满员了,不能去好友工厂打工啦!
"Response code 401 (Unauthorized)"
京喜工厂 API请求失败，请检查网路重试
助力朋友[utc0PoPs9FtJYQF4E9ee5Q==]失败：undefined

nextCollectDoubleFlag::1
nextCollectDoubleType::1

下次集满收取可双倍电力
发电机：当前 0 电力，最大值 300 电力
完成任务：共领取0电力
投入失败，生产失效了，请稍后重试~
自家地下暂无零件可收
今日收取零件已达上限，偷好友零件也达到上限，故跳出

团活动ID  6S9y4sJUfA2vPQP6TLdVIQ==
团ID  314qVQPUppGl4GkxRrbPUA==

今日剩余开团次数：3次
st:_time:1612340602836&activeId:&tuanId:

之前的团已过期，准备重新开团

st:_time:1612340602978&activeId:&isOpenApp:

异常：{"msg":"活动已结束，请稍后再试~","nowTime":1612340603,"ret":10218}

开团情况:1/10


此团未达领取团奖励人数：10人

12/26/2020, 10:14:28 AM参加团主【oY9gHgdBtYMXDVcUWMNL4w==】失败

【京东账号1】迷糊虫啊
【生产商品】保鲜5件套
【当前等级】学徒 1
【生产进度】89.40%
【招工进度】0/8
【发电机电力】当前 0 电力，未达到收获标准
【每日任务】领奖成功，共计 0 电力
【投入电力】投入失败，生产失效了，请稍后重试~
【收取自己零件】今日已达上限
【收取好友零件】今日已达上限


******开始【京东账号2】孤傲的小小瞒*********

st:_time:1612340603624&materialTuanId:&materialTuanPin:&pin:&sharePin:&shareType:&source:&zone:dream_factory

再加电力可开红包

当前电力：464000
当前等级：1

【京东账号2（孤傲的小小瞒）的京喜工厂好友互助码】jzrCtGVS7-j8YCUeB8oW6Q==
已投入电力：134000
所需电力：150000
生产进度：89.33%
【今日招工进度】0/8
开始
随机取20个码放到您固定的互助码后面(不影响已有固定互助)
第2个京东账号将要助力的好友["CNt5BX1eD8Tw-Wq045YSWg==","phEELHGm3o7VKPIyiBO3Vw==","z-tDlNURI5HvM4MtehtjDA==","dzM8y-1G-D1pt6If32xQ0A==","MSXOa7QFUeByEV9sUwX1HQ==","08yhHDA3fqkHV_D8S3ZqSw==","UUxXuxq6vp-keN1tFbJ8HA==","RZuoPQCdH9umtlo2Rrud1kelq28BCuOvpQT0siB93ww=","95NPezCP0_oklAEZn97jzSqhahMn3eZcJn-FxXFM0LE=","QDaqNfnQcN3CFIDy79iZZw==","AF_olAVZotAMDyk37xQiZA==","BQ-dWiiQ2C9ayNdKl3llMg==","0-Z3l8QYD1YuLiTeT3DboA==","E6FIoTbP3a1rOE1qt0753Q==","Eg0tc57JU2lP_qJdhyT_dQ==","RRgKiRquHMGOVXH1VXvDvA==","qwQMigOEEs31RPbHUxSqyw==","x728nVxhD5ZWRyEtaDRwqQ==","DNMO0a6Ty1Wgom7y6W76GA45NhPrczD8h3SnMcAKPQc=","iVDn0ZE1N0S82BGobIAWhQ==","PHdL8y3sWL6EYvuxFRaEeQ==","2sqcXpIPG18XoRLw9lQ64g==","6p7m9W7sswPeu5wqkW9N0g==","0IWxBDjYyMF1jh7VpKCN_Q=="]
助力朋友[CNt5BX1eD8Tw-Wq045YSWg==]失败：亲,好友的工厂暂未开启,不能去好友工厂打工啦!
助力朋友[phEELHGm3o7VKPIyiBO3Vw==]失败：亲,好友的工厂的工人已经满员了,不能去好友工厂打工啦!
助力朋友[z-tDlNURI5HvM4MtehtjDA==]失败：亲,好友的工厂的工人已经满员了,不能去好友工厂打工啦!
助力朋友[dzM8y-1G-D1pt6If32xQ0A==]失败：亲,好友的工厂的工人已经满员了,不能去好友工厂打工啦!
助力朋友[MSXOa7QFUeByEV9sUwX1HQ==]失败：亲,好友的工厂的工人已经满员了,不能去好友工厂打工啦!
助力朋友[08yhHDA3fqkHV_D8S3ZqSw==]失败：亲,好友的工厂暂未开启,不能去好友工厂打工啦!
助力朋友[UUxXuxq6vp-keN1tFbJ8HA==]失败：亲,好友的工厂的工人已经满员了,不能去好友工厂打工啦!
助力朋友[RZuoPQCdH9umtlo2Rrud1kelq28BCuOvpQT0siB93ww=]失败：亲,好友的工厂的工人已经满员了,不能去好友工厂打工啦!
助力朋友[95NPezCP0_oklAEZn97jzSqhahMn3eZcJn-FxXFM0LE=]失败：亲,好友的工厂的工人已经满员了,不能去好友工厂打工啦!
助力朋友[QDaqNfnQcN3CFIDy79iZZw==]失败：亲,好友的工厂的工人已经满员了,不能去好友工厂打工啦!
助力朋友[AF_olAVZotAMDyk37xQiZA==]失败：亲,好友的工厂暂未开启,不能去好友工厂打工啦!
助力朋友[BQ-dWiiQ2C9ayNdKl3llMg==]失败：亲,好友的工厂的工人已经满员了,不能去好友工厂打工啦!
助力朋友[0-Z3l8QYD1YuLiTeT3DboA==]失败：亲,好友的工厂暂未开启,不能去好友工厂打工啦!
助力朋友[E6FIoTbP3a1rOE1qt0753Q==]失败：亲,好友的工厂暂未开启,不能去好友工厂打工啦!
助力朋友[Eg0tc57JU2lP_qJdhyT_dQ==]失败：亲,好友的工厂的工人已经满员了,不能去好友工厂打工啦!
助力朋友[RRgKiRquHMGOVXH1VXvDvA==]失败：亲,好友的工厂暂未开启,不能去好友工厂打工啦!
"Response code 401 (Unauthorized)"
京喜工厂 API请求失败，请检查网路重试
助力朋友[qwQMigOEEs31RPbHUxSqyw==]失败：undefined
助力朋友[x728nVxhD5ZWRyEtaDRwqQ==]失败：亲,好友的工厂的工人已经满员了,不能去好友工厂打工啦!
助力朋友[DNMO0a6Ty1Wgom7y6W76GA45NhPrczD8h3SnMcAKPQc=]失败：亲,好友的工厂的工人已经满员了,不能去好友工厂打工啦!
助力朋友[iVDn0ZE1N0S82BGobIAWhQ==]失败：亲,好友的工厂暂未开启,不能去好友工厂打工啦!
"Response code 401 (Unauthorized)"
京喜工厂 API请求失败，请检查网路重试
助力朋友[PHdL8y3sWL6EYvuxFRaEeQ==]失败：undefined
助力朋友[2sqcXpIPG18XoRLw9lQ64g==]失败：亲,好友的工厂的工人已经满员了,不能去好友工厂打工啦!
助力朋友[6p7m9W7sswPeu5wqkW9N0g==]失败：亲,好友的工厂的工人已经满员了,不能去好友工厂打工啦!
助力朋友[0IWxBDjYyMF1jh7VpKCN_Q==]失败：亲,好友的工厂暂未开启,不能去好友工厂打工啦!

nextCollectDoubleFlag::1
nextCollectDoubleType::1

下次集满收取可双倍电力
发电机：当前 0 电力，最大值 300 电力
完成任务：共领取0电力
投入失败，生产失效了，请稍后重试~
自家地下暂无零件可收
今日收取零件已达上限，偷好友零件也达到上限，故跳出

团活动ID  6S9y4sJUfA2vPQP6TLdVIQ==
团ID  

今日剩余开团次数：3次
准备开团
st:_time:1612340609535&activeId:&isOpenApp:

异常：{"msg":"活动已结束，请稍后再试~","nowTime":1612340609,"ret":10218}

【京东账号2】孤傲的小小瞒
【生产商品】香蓓柔洗衣液
【当前等级】学徒 1
【生产进度】89.33%
【招工进度】0/8
【发电机电力】当前 0 电力，未达到收获标准
【每日任务】领奖成功，共计 0 电力
【投入电力】投入失败，生产失效了，请稍后重试~
【收取自己零件】今日已达上限
【收取好友零件】今日已达上限

浅草幻雪去参加第一个cookie账号开的团
参团失败：{"msg":"活动已结束，请稍后再试~","nowTime":1612340610,"ret":10218}
173315279去参加第一个cookie账号开的团
参团失败：{"msg":"活动已结束，请稍后再试~","nowTime":1612340610,"ret":10218}

🔔京喜工厂, 结束! 🕛 18.271 秒

