
🔔京喜工厂, 开始!
您的cookie选择的是用&隔开


====================共有2个京东账号Cookie=========

==================脚本执行- 北京时间(UTC+8)：2/3/2021, 2:22:07 PM=====================

"Response code 404 (Not Found)"
"connect ECONNREFUSED 151.101.228.133:443"
"Response code 404 (Not Found)"
开始获取京喜工厂配置文件

tuanActiveId: 6S9y4sJUfA2vPQP6TLdVIQ==
您的互助码选择的是用&隔开

共2个京东账号

您提供了2个账号的京喜工厂助力码


******开始【京东账号1】迷糊虫啊*********

st:_time:1612333331176&materialTuanId:&materialTuanPin:&pin:&sharePin:&shareType:&source:&zone:dream_factory

再加电力可开红包

当前电力：464800
当前等级：1

【京东账号1（迷糊虫啊）的京喜工厂好友互助码】oY9gHgdBtYMXDVcUWMNL4w==
已投入电力：134100
所需电力：150000
生产进度：89.40%
【今日招工进度】0/8
开始
随机取20个码放到您固定的互助码后面(不影响已有固定互助)
第1个京东账号将要助力的好友["xYd7cjQ3c1LyUse79rEFnw==","6E5_eFU3YHRLTljqYh_B1fg9iKwFvbWQsugw1xHcY3Q=","540bj4eZfgx_G4gtfA4_9A==","5AnP-NWntIbO2rEf58NCnA==","YxUrrpq7pZwNN2M42OYQHQ==","Zn0iDJas3B78kAZ5Bu6HwQ==","FB7LTBdzptq9NHgea4WWiQ==","ub17TjHe74riYZ58TB8g7g==","Jyf9ma4ZaNN53eXkwyVSrg==","14iDJJV5ccKnb19RXKKnsg==","Sc2uDiDUECQYQpuv3UzFdQ==","77U7hJcIxAsrYWfQPd3qAg==","3239b0589f225fdac005dfe3dd257a48","FwS7cG30mHsHFcSeyRb4nw==","hbBfegXqKIX2HgofRplC3w==","5rE5veg8Sxmw06JXaHEujQ==","sW_BNRRmFYkFKEMB-flEYw==","G1vMbgiYCyC981kOXG1ZPw==","_GBMnEz6l2EA7ORKIeYNXQ==","d147a28cad57760c4d032ed621cff548","Ifb8mNxxH1fUNKr0vqGoeQ==","hhvFgNBz9zpI1Kq0BOT1Bw==","oKDRRg_hOdxkyDV6gtXPAQ==","csKQj6QLIaPLCCRw5FoG3w=="]
助力朋友[xYd7cjQ3c1LyUse79rEFnw==]失败：亲,好友的工厂的工人已经满员了,不能去好友工厂打工啦!
助力朋友[6E5_eFU3YHRLTljqYh_B1fg9iKwFvbWQsugw1xHcY3Q=]失败：亲,好友的工厂的工人已经满员了,不能去好友工厂打工啦!
助力朋友[540bj4eZfgx_G4gtfA4_9A==]失败：亲,好友的工厂暂未开启,不能去好友工厂打工啦!
助力朋友[5AnP-NWntIbO2rEf58NCnA==]失败：亲,好友的工厂的工人已经满员了,不能去好友工厂打工啦!
助力朋友[YxUrrpq7pZwNN2M42OYQHQ==]失败：亲,好友的工厂暂未开启,不能去好友工厂打工啦!
助力朋友[Zn0iDJas3B78kAZ5Bu6HwQ==]失败：亲,好友的工厂的工人已经满员了,不能去好友工厂打工啦!
助力朋友[FB7LTBdzptq9NHgea4WWiQ==]失败：亲,好友的工厂的工人已经满员了,不能去好友工厂打工啦!
助力朋友[ub17TjHe74riYZ58TB8g7g==]失败：亲,好友的工厂的工人已经满员了,不能去好友工厂打工啦!
助力朋友[Jyf9ma4ZaNN53eXkwyVSrg==]失败：亲,好友的工厂的工人已经满员了,不能去好友工厂打工啦!
助力朋友[14iDJJV5ccKnb19RXKKnsg==]失败：亲,好友的工厂的工人已经满员了,不能去好友工厂打工啦!
助力朋友[Sc2uDiDUECQYQpuv3UzFdQ==]失败：亲,好友的工厂的工人已经满员了,不能去好友工厂打工啦!
助力朋友[77U7hJcIxAsrYWfQPd3qAg==]失败：亲,好友的工厂的工人已经满员了,不能去好友工厂打工啦!
助力朋友[3239b0589f225fdac005dfe3dd257a48]失败：亲,好友的工厂暂未开启,不能去好友工厂打工啦!
助力朋友[FwS7cG30mHsHFcSeyRb4nw==]失败：亲,好友的工厂的工人已经满员了,不能去好友工厂打工啦!
助力朋友[hbBfegXqKIX2HgofRplC3w==]失败：亲,好友的工厂的工人已经满员了,不能去好友工厂打工啦!
助力朋友[5rE5veg8Sxmw06JXaHEujQ==]失败：亲,好友的工厂的工人已经满员了,不能去好友工厂打工啦!
助力朋友[sW_BNRRmFYkFKEMB-flEYw==]失败：亲,好友的工厂的工人已经满员了,不能去好友工厂打工啦!
助力朋友[G1vMbgiYCyC981kOXG1ZPw==]失败：亲,好友的工厂的工人已经满员了,不能去好友工厂打工啦!
助力朋友[_GBMnEz6l2EA7ORKIeYNXQ==]失败：亲,好友的工厂的工人已经满员了,不能去好友工厂打工啦!
助力朋友[d147a28cad57760c4d032ed621cff548]失败：亲,好友的工厂暂未开启,不能去好友工厂打工啦!
"Response code 401 (Unauthorized)"
京喜工厂 API请求失败，请检查网路重试
助力朋友[Ifb8mNxxH1fUNKr0vqGoeQ==]失败：undefined
"Response code 401 (Unauthorized)"
京喜工厂 API请求失败，请检查网路重试
助力朋友[hhvFgNBz9zpI1Kq0BOT1Bw==]失败：undefined
助力朋友[oKDRRg_hOdxkyDV6gtXPAQ==]失败：亲,好友的工厂暂未开启,不能去好友工厂打工啦!
助力朋友[csKQj6QLIaPLCCRw5FoG3w==]失败：亲,好友的工厂的工人已经满员了,不能去好友工厂打工啦!

nextCollectDoubleFlag::1
nextCollectDoubleType::1

下次集满收取可双倍电力
发电机：当前 0 电力，最大值 300 电力
完成任务：共领取0电力
投入失败，生产失效了，请稍后重试~
自家地下暂无零件可收
今日收取零件已达上限，偷好友零件也达到上限，故跳出

团活动ID  6S9y4sJUfA2vPQP6TLdVIQ==
团ID  314qVQPUppGl4GkxRrbPUA==

今日剩余开团次数：3次
st:_time:1612333339196&activeId:&tuanId:

之前的团已过期，准备重新开团

st:_time:1612333339338&activeId:&isOpenApp:

异常：{"msg":"活动已结束，请稍后再试~","nowTime":1612333339,"ret":10218}

开团情况:1/10


此团未达领取团奖励人数：10人

12/26/2020, 10:14:28 AM参加团主【oY9gHgdBtYMXDVcUWMNL4w==】失败

【京东账号1】迷糊虫啊
【生产商品】保鲜5件套
【当前等级】学徒 1
【生产进度】89.40%
【招工进度】0/8
【发电机电力】当前 0 电力，未达到收获标准
【每日任务】领奖成功，共计 0 电力
【投入电力】投入失败，生产失效了，请稍后重试~
【收取自己零件】今日已达上限
【收取好友零件】今日已达上限


******开始【京东账号2】孤傲的小小瞒*********

st:_time:1612333339989&materialTuanId:&materialTuanPin:&pin:&sharePin:&shareType:&source:&zone:dream_factory

再加电力可开红包

当前电力：464000
当前等级：1

【京东账号2（孤傲的小小瞒）的京喜工厂好友互助码】jzrCtGVS7-j8YCUeB8oW6Q==
已投入电力：134000
所需电力：150000
生产进度：89.33%
【今日招工进度】0/8
开始
随机取20个码放到您固定的互助码后面(不影响已有固定互助)
第2个京东账号将要助力的好友["CNt5BX1eD8Tw-Wq045YSWg==","phEELHGm3o7VKPIyiBO3Vw==","z-tDlNURI5HvM4MtehtjDA==","dzM8y-1G-D1pt6If32xQ0A==","AxrLuCyel0t4koZhwtBphg==","rQ9y3IICZJp0aimFsMnUQg==","a0f109f1631952e3ec9f928c3bfbdc30","MRMUCPWKe9stP1--g-Z8QQ==","9mWaPf4gz6luuwGKo8Sysg==","DCPumVAWeR_7kwDQpdBD_g==","wvFhSup7yNaymPeyeRXQJMc5gPWWqG1a8ccTKNY-nxU=","caace45f63f499629303f5f94485c8f5","kM-Twe11AWuKSohOORCKwQ==","RZoB9gE_dVeX1jyKgHDHvQ==","WQa4ycdFQrq15KROI9ED4A==","RAj65NFUNyxX7MI-w6PzYA==","Q-dt-s7Qq6otAlarmFGatw==","3HyUmzGVHzazUwmcn6kcgA==","bklk4Q6Z39_8tiqenKL_xw==","98tvOnj4hhIfCfbqP5nlGA==","b0sHjBNVuLyUMk20gBcemA==","3OtSYaLWu9F8Bq2PP6zcMQ==","Hbc2eWwWYEswzYpiQBKztQ==","r8Nqb9iG-IIEUpO-R1JM_Q=="]
助力朋友[CNt5BX1eD8Tw-Wq045YSWg==]失败：亲,好友的工厂的工人已经满员了,不能去好友工厂打工啦!
助力朋友[phEELHGm3o7VKPIyiBO3Vw==]失败：亲,好友的工厂的工人已经满员了,不能去好友工厂打工啦!
助力朋友[z-tDlNURI5HvM4MtehtjDA==]失败：亲,好友的工厂的工人已经满员了,不能去好友工厂打工啦!
助力朋友[dzM8y-1G-D1pt6If32xQ0A==]失败：亲,好友的工厂的工人已经满员了,不能去好友工厂打工啦!
助力朋友[AxrLuCyel0t4koZhwtBphg==]失败：亲,好友的工厂的工人已经满员了,不能去好友工厂打工啦!
助力朋友[rQ9y3IICZJp0aimFsMnUQg==]失败：亲,好友的工厂的工人已经满员了,不能去好友工厂打工啦!
助力朋友[a0f109f1631952e3ec9f928c3bfbdc30]失败：亲,好友的工厂暂未开启,不能去好友工厂打工啦!
助力朋友[MRMUCPWKe9stP1--g-Z8QQ==]失败：亲,好友的工厂的工人已经满员了,不能去好友工厂打工啦!
助力朋友[9mWaPf4gz6luuwGKo8Sysg==]失败：亲,好友的工厂暂未开启,不能去好友工厂打工啦!
助力朋友[DCPumVAWeR_7kwDQpdBD_g==]失败：亲,好友的工厂暂未开启,不能去好友工厂打工啦!
助力朋友[wvFhSup7yNaymPeyeRXQJMc5gPWWqG1a8ccTKNY-nxU=]失败：亲,好友的工厂的工人已经满员了,不能去好友工厂打工啦!
助力朋友[caace45f63f499629303f5f94485c8f5]失败：亲,好友的工厂暂未开启,不能去好友工厂打工啦!
助力朋友[kM-Twe11AWuKSohOORCKwQ==]失败：亲,好友的工厂的工人已经满员了,不能去好友工厂打工啦!
助力朋友[RZoB9gE_dVeX1jyKgHDHvQ==]失败：亲,好友的工厂的工人已经满员了,不能去好友工厂打工啦!
助力朋友[WQa4ycdFQrq15KROI9ED4A==]失败：亲,好友的工厂暂未开启,不能去好友工厂打工啦!
助力朋友[RAj65NFUNyxX7MI-w6PzYA==]失败：亲,好友的工厂的工人已经满员了,不能去好友工厂打工啦!
助力朋友[Q-dt-s7Qq6otAlarmFGatw==]失败：亲,好友的工厂的工人已经满员了,不能去好友工厂打工啦!
"Response code 401 (Unauthorized)"
京喜工厂 API请求失败，请检查网路重试
助力朋友[3HyUmzGVHzazUwmcn6kcgA==]失败：undefined
"Response code 401 (Unauthorized)"
京喜工厂 API请求失败，请检查网路重试
助力朋友[bklk4Q6Z39_8tiqenKL_xw==]失败：undefined
助力朋友[98tvOnj4hhIfCfbqP5nlGA==]失败：亲,好友的工厂的工人已经满员了,不能去好友工厂打工啦!
助力朋友[b0sHjBNVuLyUMk20gBcemA==]失败：亲,好友的工厂的工人已经满员了,不能去好友工厂打工啦!
助力朋友[3OtSYaLWu9F8Bq2PP6zcMQ==]失败：亲,好友的工厂的工人已经满员了,不能去好友工厂打工啦!
助力朋友[Hbc2eWwWYEswzYpiQBKztQ==]失败：亲,好友的工厂暂未开启,不能去好友工厂打工啦!
助力朋友[r8Nqb9iG-IIEUpO-R1JM_Q==]失败：亲,好友的工厂暂未开启,不能去好友工厂打工啦!

nextCollectDoubleFlag::1
nextCollectDoubleType::1

下次集满收取可双倍电力
发电机：当前 0 电力，最大值 300 电力
完成任务：共领取0电力
投入失败，生产失效了，请稍后重试~
自家地下暂无零件可收
今日收取零件已达上限，偷好友零件也达到上限，故跳出

团活动ID  6S9y4sJUfA2vPQP6TLdVIQ==
团ID  

今日剩余开团次数：3次
准备开团
st:_time:1612333346042&activeId:&isOpenApp:

异常：{"msg":"活动已结束，请稍后再试~","nowTime":1612333346,"ret":10218}

【京东账号2】孤傲的小小瞒
【生产商品】香蓓柔洗衣液
【当前等级】学徒 1
【生产进度】89.33%
【招工进度】0/8
【发电机电力】当前 0 电力，未达到收获标准
【每日任务】领奖成功，共计 0 电力
【投入电力】投入失败，生产失效了，请稍后重试~
【收取自己零件】今日已达上限
【收取好友零件】今日已达上限

浅草幻雪去参加第一个cookie账号开的团
参团失败：{"msg":"活动已结束，请稍后再试~","nowTime":1612333346,"ret":10218}
173315279去参加第一个cookie账号开的团
参团失败：{"msg":"活动已结束，请稍后再试~","nowTime":1612333347,"ret":10218}

🔔京喜工厂, 结束! 🕛 20.268 秒

