
🔔京喜工厂, 开始!
您的cookie选择的是用&隔开


====================共有2个京东账号Cookie=========

==================脚本执行- 北京时间(UTC+8)：2/7/2021, 3:23:36 PM=====================

"Response code 404 (Not Found)"
"connect ECONNREFUSED 151.101.108.133:443"
"Response code 404 (Not Found)"
开始获取京喜工厂配置文件

tuanActiveId: 6S9y4sJUfA2vPQP6TLdVIQ==
您的互助码选择的是用&隔开

共2个京东账号

您提供了2个账号的京喜工厂助力码


******开始【京东账号1】迷糊虫啊*********

st:_time:1612682620251&materialTuanId:&materialTuanPin:&pin:&sharePin:&shareType:&source:&zone:dream_factory

再加电力可开红包

当前电力：526400
当前等级：1

【京东账号1（迷糊虫啊）的京喜工厂好友互助码】oY9gHgdBtYMXDVcUWMNL4w==
已投入电力：134100
所需电力：150000
生产进度：89.40%
【今日招工进度】0/8
开始
随机取20个码放到您固定的互助码后面(不影响已有固定互助)
第1个京东账号将要助力的好友["xYd7cjQ3c1LyUse79rEFnw==","6E5_eFU3YHRLTljqYh_B1fg9iKwFvbWQsugw1xHcY3Q=","540bj4eZfgx_G4gtfA4_9A==","5AnP-NWntIbO2rEf58NCnA==","B2tV2B5Qjy9339U6goq1_Q==","WQa4ycdFQrq15KROI9ED4A==","-ow4Hf16dTi6nJjyOULebw==","g_YKnGAx14GAbht1aJfpew==","latGPyDSa_Arap-KNiiTzA==","JGLVWwRWmUrlN0dQ5EMRdw==","gCCbxYLpPg1ESQl_63r72A==","eq8-zspgBpXL9tsv21W7Mg==","Tl2Qdr0Sxuh-_sOlPrDdmw==","F_Bn6aUNnkjLBN50flvIew==","iiqDLIjUJqvtkDcgJhqM9w==","iM4AwEmQ0V90Ea36CHB6Fw==","MSXOa7QFUeByEV9sUwX1HQ==","-W8diwum93mGDNzjBB6knA==","rQrocaNY3c3QhVhMf8eVdw==","QhFaEhPWuAgoPF70aVu07Q==","fxouH6BPWBPCi4gEddk_1A==","yU8FNMmhr9YbwYeb9eHIZg==","z9k-VhYO-B9D-ForHp-hcA==","Nis7rXIESWocBqUdUXObvQ=="]
助力朋友[xYd7cjQ3c1LyUse79rEFnw==]失败：亲,好友的工厂的工人已经满员了,不能去好友工厂打工啦!
助力朋友[6E5_eFU3YHRLTljqYh_B1fg9iKwFvbWQsugw1xHcY3Q=]失败：亲,好友的工厂的工人已经满员了,不能去好友工厂打工啦!
助力朋友[540bj4eZfgx_G4gtfA4_9A==]失败：亲,好友的工厂暂未开启,不能去好友工厂打工啦!
助力朋友[5AnP-NWntIbO2rEf58NCnA==]失败：亲,好友的工厂的工人已经满员了,不能去好友工厂打工啦!
助力朋友[B2tV2B5Qjy9339U6goq1_Q==]失败：亲,好友的工厂的工人已经满员了,不能去好友工厂打工啦!
助力朋友[WQa4ycdFQrq15KROI9ED4A==]失败：亲,好友的工厂的工人已经满员了,不能去好友工厂打工啦!
助力朋友[-ow4Hf16dTi6nJjyOULebw==]失败：亲,好友的工厂的工人已经满员了,不能去好友工厂打工啦!
助力朋友[g_YKnGAx14GAbht1aJfpew==]失败：亲,好友的工厂的工人已经满员了,不能去好友工厂打工啦!
助力朋友[latGPyDSa_Arap-KNiiTzA==]失败：亲,好友的工厂的工人已经满员了,不能去好友工厂打工啦!
助力朋友[JGLVWwRWmUrlN0dQ5EMRdw==]失败：亲,好友的工厂的工人已经满员了,不能去好友工厂打工啦!
助力朋友[gCCbxYLpPg1ESQl_63r72A==]失败：亲,好友的工厂暂未开启,不能去好友工厂打工啦!
助力朋友[eq8-zspgBpXL9tsv21W7Mg==]失败：亲,好友的工厂的工人已经满员了,不能去好友工厂打工啦!
助力朋友[Tl2Qdr0Sxuh-_sOlPrDdmw==]失败：亲,好友的工厂暂未开启,不能去好友工厂打工啦!
助力朋友[F_Bn6aUNnkjLBN50flvIew==]失败：亲,好友的工厂的工人已经满员了,不能去好友工厂打工啦!
"Response code 401 (Unauthorized)"
京喜工厂 API请求失败，请检查网路重试
助力朋友[iiqDLIjUJqvtkDcgJhqM9w==]失败：undefined
"Response code 401 (Unauthorized)"
京喜工厂 API请求失败，请检查网路重试
助力朋友[iM4AwEmQ0V90Ea36CHB6Fw==]失败：undefined
助力朋友[MSXOa7QFUeByEV9sUwX1HQ==]失败：亲,好友的工厂的工人已经满员了,不能去好友工厂打工啦!
助力朋友[-W8diwum93mGDNzjBB6knA==]失败：亲,好友的工厂暂未开启,不能去好友工厂打工啦!
助力朋友[rQrocaNY3c3QhVhMf8eVdw==]失败：亲,好友的工厂暂未开启,不能去好友工厂打工啦!
助力朋友[QhFaEhPWuAgoPF70aVu07Q==]失败：亲,好友的工厂的工人已经满员了,不能去好友工厂打工啦!
助力朋友[fxouH6BPWBPCi4gEddk_1A==]失败：亲,好友的工厂的工人已经满员了,不能去好友工厂打工啦!
助力朋友[yU8FNMmhr9YbwYeb9eHIZg==]失败：亲,好友的工厂的工人已经满员了,不能去好友工厂打工啦!
助力朋友[z9k-VhYO-B9D-ForHp-hcA==]失败：亲,好友的工厂的工人已经满员了,不能去好友工厂打工啦!
助力朋友[Nis7rXIESWocBqUdUXObvQ==]失败：亲,好友的工厂的工人已经满员了,不能去好友工厂打工啦!

nextCollectDoubleFlag::1
nextCollectDoubleType::1

下次集满收取可双倍电力
发电机：当前 0 电力，最大值 300 电力
完成任务：共领取0电力
投入失败，生产失效了，请稍后重试~
自家地下暂无零件可收
今日收取零件已达上限，偷好友零件也达到上限，故跳出

团活动ID  6S9y4sJUfA2vPQP6TLdVIQ==
团ID  314qVQPUppGl4GkxRrbPUA==

今日剩余开团次数：3次
st:_time:1612682626351&activeId:&tuanId:

之前的团已过期，准备重新开团

st:_time:1612682626503&activeId:&isOpenApp:

异常：{"msg":"活动已结束，请稍后再试~","nowTime":1612682626,"ret":10218}

开团情况:1/10


此团未达领取团奖励人数：10人

12/26/2020, 10:14:28 AM参加团主【oY9gHgdBtYMXDVcUWMNL4w==】失败

【京东账号1】迷糊虫啊
【生产商品】保鲜5件套
【当前等级】学徒 1
【生产进度】89.40%
【招工进度】0/8
【发电机电力】当前 0 电力，未达到收获标准
【每日任务】领奖成功，共计 0 电力
【投入电力】投入失败，生产失效了，请稍后重试~
【收取自己零件】今日已达上限
【收取好友零件】今日已达上限


******开始【京东账号2】孤傲的小小瞒*********

st:_time:1612682627166&materialTuanId:&materialTuanPin:&pin:&sharePin:&shareType:&source:&zone:dream_factory

再加电力可开红包

当前电力：530100
当前等级：1

【京东账号2（孤傲的小小瞒）的京喜工厂好友互助码】jzrCtGVS7-j8YCUeB8oW6Q==
已投入电力：134000
所需电力：150000
生产进度：89.33%
【今日招工进度】0/8
开始
随机取20个码放到您固定的互助码后面(不影响已有固定互助)
第2个京东账号将要助力的好友["CNt5BX1eD8Tw-Wq045YSWg==","phEELHGm3o7VKPIyiBO3Vw==","z-tDlNURI5HvM4MtehtjDA==","dzM8y-1G-D1pt6If32xQ0A==","H1VEgVsRrbcyi9pCD9MiJuMpq5N1UbCi7ckp_bUNjWk=","IsaRdHGmFtCNQTXTzt38tw==","YD-cSZePQwxsm-52h5wSSA==","qfXzCcAS14KwLfj9jMtp7Q==","8MnmfSGrzvMrfFxEUVkpJA==","u8I3Bazb_WIGJW8VLiOh2Bk1VUAboM01Wlhw61d5nTo=","zAZ57P8K3yieN4VwVpol5w==","zT4zG0PBOOQjzIpoDXQEtg==","SwLAM4Y_shIDM__p3tVuVg==","BnY2H-i2EcZkSU8ZcOpoeQ==","2J0bQ9RLTXl8ysYQZ_OOGw==","OuGtgxaTaJTej3Gwo8wT7Q==","W9-c__xcFv9bXl0VD-wXOA==","T0225KkcRxkaoAaDKUv1kPcJcACjVWnYaS5kRrbA","TGwpSSio0SyFeXIEXw_FaQ==","1RGAehdndzBXEIXZaE1VKg==","Zj9dCjVhlHGC2CzuOapTow==","yPd_MVHoiMjULNE3jwdP1Q==","9VfVT58iRDxFixU_9tE76Q==","GqYBA_X64pmgRHlrShj6hA=="]
助力朋友[CNt5BX1eD8Tw-Wq045YSWg==]失败：亲,好友的工厂暂未开启,不能去好友工厂打工啦!
助力朋友[phEELHGm3o7VKPIyiBO3Vw==]失败：亲,好友的工厂的工人已经满员了,不能去好友工厂打工啦!
助力朋友[z-tDlNURI5HvM4MtehtjDA==]失败：亲,好友的工厂的工人已经满员了,不能去好友工厂打工啦!
助力朋友[dzM8y-1G-D1pt6If32xQ0A==]失败：亲,好友的工厂的工人已经满员了,不能去好友工厂打工啦!
助力朋友[H1VEgVsRrbcyi9pCD9MiJuMpq5N1UbCi7ckp_bUNjWk=]失败：亲,好友的工厂的工人已经满员了,不能去好友工厂打工啦!
助力朋友[IsaRdHGmFtCNQTXTzt38tw==]失败：亲,好友的工厂的工人已经满员了,不能去好友工厂打工啦!
助力朋友[YD-cSZePQwxsm-52h5wSSA==]失败：亲,好友的工厂的工人已经满员了,不能去好友工厂打工啦!
助力朋友[qfXzCcAS14KwLfj9jMtp7Q==]失败：亲,好友的工厂暂未开启,不能去好友工厂打工啦!
助力朋友[8MnmfSGrzvMrfFxEUVkpJA==]失败：亲,好友的工厂的工人已经满员了,不能去好友工厂打工啦!
助力朋友[u8I3Bazb_WIGJW8VLiOh2Bk1VUAboM01Wlhw61d5nTo=]失败：亲,好友的工厂的工人已经满员了,不能去好友工厂打工啦!
助力朋友[zAZ57P8K3yieN4VwVpol5w==]失败：亲,好友的工厂的工人已经满员了,不能去好友工厂打工啦!
助力朋友[zT4zG0PBOOQjzIpoDXQEtg==]失败：亲,好友的工厂的工人已经满员了,不能去好友工厂打工啦!
助力朋友[SwLAM4Y_shIDM__p3tVuVg==]失败：亲,好友的工厂的工人已经满员了,不能去好友工厂打工啦!
助力朋友[BnY2H-i2EcZkSU8ZcOpoeQ==]失败：亲,好友的工厂的工人已经满员了,不能去好友工厂打工啦!
助力朋友[2J0bQ9RLTXl8ysYQZ_OOGw==]失败：亲,好友的工厂的工人已经满员了,不能去好友工厂打工啦!
助力朋友[OuGtgxaTaJTej3Gwo8wT7Q==]失败：亲,好友的工厂的工人已经满员了,不能去好友工厂打工啦!
助力朋友[W9-c__xcFv9bXl0VD-wXOA==]失败：亲,好友的工厂的工人已经满员了,不能去好友工厂打工啦!
助力朋友[T0225KkcRxkaoAaDKUv1kPcJcACjVWnYaS5kRrbA]失败：亲,好友的工厂暂未开启,不能去好友工厂打工啦!
"Response code 401 (Unauthorized)"
京喜工厂 API请求失败，请检查网路重试
助力朋友[TGwpSSio0SyFeXIEXw_FaQ==]失败：undefined
助力朋友[1RGAehdndzBXEIXZaE1VKg==]失败：亲,好友的工厂的工人已经满员了,不能去好友工厂打工啦!
助力朋友[Zj9dCjVhlHGC2CzuOapTow==]失败：亲,好友的工厂的工人已经满员了,不能去好友工厂打工啦!
助力朋友[yPd_MVHoiMjULNE3jwdP1Q==]失败：亲,好友的工厂的工人已经满员了,不能去好友工厂打工啦!
助力朋友[9VfVT58iRDxFixU_9tE76Q==]失败：亲,好友的工厂的工人已经满员了,不能去好友工厂打工啦!
助力朋友[GqYBA_X64pmgRHlrShj6hA==]失败：亲,好友的工厂的工人已经满员了,不能去好友工厂打工啦!

nextCollectDoubleFlag::1
nextCollectDoubleType::1

下次集满收取可双倍电力
发电机：当前 0 电力，最大值 300 电力
完成任务：共领取0电力
投入失败，生产失效了，请稍后重试~
自家地下暂无零件可收
今日收取零件已达上限，偷好友零件也达到上限，故跳出

团活动ID  6S9y4sJUfA2vPQP6TLdVIQ==
团ID  

今日剩余开团次数：3次
准备开团
st:_time:1612682633856&activeId:&isOpenApp:

异常：{"msg":"活动已结束，请稍后再试~","nowTime":1612682633,"ret":10218}

【京东账号2】孤傲的小小瞒
【生产商品】香蓓柔洗衣液
【当前等级】学徒 1
【生产进度】89.33%
【招工进度】0/8
【发电机电力】当前 0 电力，未达到收获标准
【每日任务】领奖成功，共计 0 电力
【投入电力】投入失败，生产失效了，请稍后重试~
【收取自己零件】今日已达上限
【收取好友零件】今日已达上限

浅草幻雪去参加第一个cookie账号开的团
参团失败：{"msg":"活动已结束，请稍后再试~","nowTime":1612682634,"ret":10218}
173315279去参加第一个cookie账号开的团
参团失败：{"msg":"活动已结束，请稍后再试~","nowTime":1612682634,"ret":10218}

🔔京喜工厂, 结束! 🕛 18.764 秒

