
🔔京喜工厂, 开始!
您的cookie选择的是用&隔开


====================共有2个京东账号Cookie=========

==================脚本执行- 北京时间(UTC+8)：2/7/2021, 4:24:23 PM=====================

"Response code 404 (Not Found)"
"connect ECONNREFUSED 151.101.228.133:443"
"Response code 404 (Not Found)"
开始获取京喜工厂配置文件

tuanActiveId: 6S9y4sJUfA2vPQP6TLdVIQ==
您的互助码选择的是用&隔开

共2个京东账号

您提供了2个账号的京喜工厂助力码


******开始【京东账号1】迷糊虫啊*********

st:_time:1612686267491&materialTuanId:&materialTuanPin:&pin:&sharePin:&shareType:&source:&zone:dream_factory

再加电力可开红包

当前电力：526400
当前等级：1

【京东账号1（迷糊虫啊）的京喜工厂好友互助码】oY9gHgdBtYMXDVcUWMNL4w==
已投入电力：134100
所需电力：150000
生产进度：89.40%
【今日招工进度】0/8
开始
随机取20个码放到您固定的互助码后面(不影响已有固定互助)
第1个京东账号将要助力的好友["xYd7cjQ3c1LyUse79rEFnw==","6E5_eFU3YHRLTljqYh_B1fg9iKwFvbWQsugw1xHcY3Q=","540bj4eZfgx_G4gtfA4_9A==","5AnP-NWntIbO2rEf58NCnA==","olBjE_DffoZayVr54CKasw==","w_29CYGDZuZEZ9klV65t7Q==","itO4qyfctnszWMWn4yiVVQ==","Ev8CDAbE8KitKN_ExQ1Ahw==","Ob-ZGfuKE5w1Jq-MZpTpgg==","or9fQ0CKE2KHuGwyzS0xbw==","P-UN48AkramzBarj_ep_nA==","muhdiAH91bF3YmWSal5VSg==","fzeFwj_aACkm-VgdmLqOhw==","9mtdsV3EURMSUPKelBp_vw==","LAzHF2eddFxwA2dahRBtkQ==","1Nn4DFvyHA89sIca1oe6ag==","Xq1O5kwhlX0-BW7HFojCnA==","vWllxiAcuO1HpS_O4BdSsA==","hlnmWXeiM3ZWIOaugaQDqw==","SRXlmPo5ZzvdtAUe-En5pw==","8JyxKgsHRRB1j7GBkLOoJQ==","Cz47tBHiag7-CE3HGwsn4g==","cUBiPtfhrJug8eFSZd5dcg==","29XSM_OYWVF4PMBNU9mg1g=="]
助力朋友[xYd7cjQ3c1LyUse79rEFnw==]失败：亲,好友的工厂的工人已经满员了,不能去好友工厂打工啦!
助力朋友[6E5_eFU3YHRLTljqYh_B1fg9iKwFvbWQsugw1xHcY3Q=]失败：亲,好友的工厂的工人已经满员了,不能去好友工厂打工啦!
助力朋友[540bj4eZfgx_G4gtfA4_9A==]失败：亲,好友的工厂暂未开启,不能去好友工厂打工啦!
助力朋友[5AnP-NWntIbO2rEf58NCnA==]失败：亲,好友的工厂的工人已经满员了,不能去好友工厂打工啦!
助力朋友[olBjE_DffoZayVr54CKasw==]失败：亲,好友的工厂暂未开启,不能去好友工厂打工啦!
助力朋友[w_29CYGDZuZEZ9klV65t7Q==]失败：亲,好友的工厂暂未开启,不能去好友工厂打工啦!
助力朋友[itO4qyfctnszWMWn4yiVVQ==]失败：亲,好友的工厂的工人已经满员了,不能去好友工厂打工啦!
助力朋友[Ev8CDAbE8KitKN_ExQ1Ahw==]失败：亲,好友的工厂的工人已经满员了,不能去好友工厂打工啦!
助力朋友[Ob-ZGfuKE5w1Jq-MZpTpgg==]失败：亲,好友的工厂的工人已经满员了,不能去好友工厂打工啦!
助力朋友[or9fQ0CKE2KHuGwyzS0xbw==]失败：亲,好友的工厂暂未开启,不能去好友工厂打工啦!
助力朋友[P-UN48AkramzBarj_ep_nA==]失败：亲,好友的工厂暂未开启,不能去好友工厂打工啦!
助力朋友[muhdiAH91bF3YmWSal5VSg==]失败：亲,好友的工厂暂未开启,不能去好友工厂打工啦!
助力朋友[fzeFwj_aACkm-VgdmLqOhw==]失败：亲,好友的工厂的工人已经满员了,不能去好友工厂打工啦!
助力朋友[9mtdsV3EURMSUPKelBp_vw==]失败：亲,好友的工厂的工人已经满员了,不能去好友工厂打工啦!
助力朋友[LAzHF2eddFxwA2dahRBtkQ==]失败：亲,好友的工厂的工人已经满员了,不能去好友工厂打工啦!
助力朋友[1Nn4DFvyHA89sIca1oe6ag==]失败：亲,好友的工厂暂未开启,不能去好友工厂打工啦!
助力朋友[Xq1O5kwhlX0-BW7HFojCnA==]失败：亲,好友的工厂的工人已经满员了,不能去好友工厂打工啦!
助力朋友[vWllxiAcuO1HpS_O4BdSsA==]失败：亲,好友的工厂的工人已经满员了,不能去好友工厂打工啦!
助力朋友[hlnmWXeiM3ZWIOaugaQDqw==]失败：亲,好友的工厂暂未开启,不能去好友工厂打工啦!
助力朋友[SRXlmPo5ZzvdtAUe-En5pw==]失败：亲,好友的工厂的工人已经满员了,不能去好友工厂打工啦!
助力朋友[8JyxKgsHRRB1j7GBkLOoJQ==]失败：亲,好友的工厂的工人已经满员了,不能去好友工厂打工啦!
助力朋友[Cz47tBHiag7-CE3HGwsn4g==]失败：亲,好友的工厂暂未开启,不能去好友工厂打工啦!
"Response code 401 (Unauthorized)"
京喜工厂 API请求失败，请检查网路重试
助力朋友[cUBiPtfhrJug8eFSZd5dcg==]失败：undefined
助力朋友[29XSM_OYWVF4PMBNU9mg1g==]失败：亲,好友的工厂的工人已经满员了,不能去好友工厂打工啦!

nextCollectDoubleFlag::1
nextCollectDoubleType::1

下次集满收取可双倍电力
发电机：当前 0 电力，最大值 300 电力
完成任务：共领取0电力
投入失败，生产失效了，请稍后重试~
自家地下暂无零件可收
今日收取零件已达上限，偷好友零件也达到上限，故跳出

团活动ID  6S9y4sJUfA2vPQP6TLdVIQ==
团ID  314qVQPUppGl4GkxRrbPUA==

今日剩余开团次数：3次
st:_time:1612686275529&activeId:&tuanId:

之前的团已过期，准备重新开团

st:_time:1612686275690&activeId:&isOpenApp:

异常：{"msg":"活动已结束，请稍后再试~","nowTime":1612686275,"ret":10218}

开团情况:1/10


此团未达领取团奖励人数：10人

12/26/2020, 10:14:28 AM参加团主【oY9gHgdBtYMXDVcUWMNL4w==】失败

【京东账号1】迷糊虫啊
【生产商品】保鲜5件套
【当前等级】学徒 1
【生产进度】89.40%
【招工进度】0/8
【发电机电力】当前 0 电力，未达到收获标准
【每日任务】领奖成功，共计 0 电力
【投入电力】投入失败，生产失效了，请稍后重试~
【收取自己零件】今日已达上限
【收取好友零件】今日已达上限


******开始【京东账号2】孤傲的小小瞒*********

st:_time:1612686276358&materialTuanId:&materialTuanPin:&pin:&sharePin:&shareType:&source:&zone:dream_factory

再加电力可开红包

当前电力：530100
当前等级：1

【京东账号2（孤傲的小小瞒）的京喜工厂好友互助码】jzrCtGVS7-j8YCUeB8oW6Q==
已投入电力：134000
所需电力：150000
生产进度：89.33%
【今日招工进度】0/8
开始
随机取20个码放到您固定的互助码后面(不影响已有固定互助)
第2个京东账号将要助力的好友["CNt5BX1eD8Tw-Wq045YSWg==","phEELHGm3o7VKPIyiBO3Vw==","z-tDlNURI5HvM4MtehtjDA==","dzM8y-1G-D1pt6If32xQ0A==","3239b0589f225fdac005dfe3dd257a48","KaQi0PIMHE-vg1kHSF_RSQ==","lQomHyZjHToX_j4yMQ1oXA==","OyxXn_EwnlvMNMugqzrOuw==","NB6rxFg7oJtDkz6I8Cd-cQ==","Kl8tWfsxWiyIYaVcy7iMIw==","AZV37CNsgm_Q9Xid7tt-eA==","1UnSSQl6k1_PoU5uzI_KeA==","HzsgzyhkGjf86233r8BW8A==","k6GabzBQVIEj8AIUYNojnA==","sEPHoN2TafOiJRVHCQ9nCw==","ife7oVKcp5yZHcKjLqmxhw==","noghBKlnMTX7okfP799QFw==","8EICircD2azWa1AuxGHsrQ==","UV950D3J18UtHw23j4PCew==","76Wfbsto6aOf-qduKb5-6w==","bZBcx3diBj8wsABvX6TgBQ==","o9MsCAIqcE-qdSl1Q0D1LQ==","WuCsqaTlSVnBipxk_FEgIQ==","tA0zYD8nk6nyscirloz7PA=="]
助力朋友[CNt5BX1eD8Tw-Wq045YSWg==]失败：亲,好友的工厂暂未开启,不能去好友工厂打工啦!
助力朋友[phEELHGm3o7VKPIyiBO3Vw==]失败：亲,好友的工厂的工人已经满员了,不能去好友工厂打工啦!
助力朋友[z-tDlNURI5HvM4MtehtjDA==]失败：亲,好友的工厂的工人已经满员了,不能去好友工厂打工啦!
助力朋友[dzM8y-1G-D1pt6If32xQ0A==]失败：亲,好友的工厂的工人已经满员了,不能去好友工厂打工啦!
助力朋友[3239b0589f225fdac005dfe3dd257a48]失败：亲,好友的工厂暂未开启,不能去好友工厂打工啦!
助力朋友[KaQi0PIMHE-vg1kHSF_RSQ==]失败：亲,好友的工厂的工人已经满员了,不能去好友工厂打工啦!
助力朋友[lQomHyZjHToX_j4yMQ1oXA==]失败：亲,好友的工厂的工人已经满员了,不能去好友工厂打工啦!
助力朋友[OyxXn_EwnlvMNMugqzrOuw==]失败：亲,好友的工厂的工人已经满员了,不能去好友工厂打工啦!
助力朋友[NB6rxFg7oJtDkz6I8Cd-cQ==]失败：亲,好友的工厂的工人已经满员了,不能去好友工厂打工啦!
助力朋友[Kl8tWfsxWiyIYaVcy7iMIw==]失败：亲,好友的工厂的工人已经满员了,不能去好友工厂打工啦!
助力朋友[AZV37CNsgm_Q9Xid7tt-eA==]失败：亲,好友的工厂暂未开启,不能去好友工厂打工啦!
助力朋友[1UnSSQl6k1_PoU5uzI_KeA==]失败：亲,好友的工厂的工人已经满员了,不能去好友工厂打工啦!
助力朋友[HzsgzyhkGjf86233r8BW8A==]失败：亲,好友的工厂的工人已经满员了,不能去好友工厂打工啦!
助力朋友[k6GabzBQVIEj8AIUYNojnA==]失败：亲,好友的工厂的工人已经满员了,不能去好友工厂打工啦!
助力朋友[sEPHoN2TafOiJRVHCQ9nCw==]失败：亲,好友的工厂的工人已经满员了,不能去好友工厂打工啦!
助力朋友[ife7oVKcp5yZHcKjLqmxhw==]失败：亲,好友的工厂的工人已经满员了,不能去好友工厂打工啦!
助力朋友[noghBKlnMTX7okfP799QFw==]失败：亲,好友的工厂的工人已经满员了,不能去好友工厂打工啦!
助力朋友[8EICircD2azWa1AuxGHsrQ==]失败：亲,好友的工厂的工人已经满员了,不能去好友工厂打工啦!
助力朋友[UV950D3J18UtHw23j4PCew==]失败：亲,好友的工厂暂未开启,不能去好友工厂打工啦!
助力朋友[76Wfbsto6aOf-qduKb5-6w==]失败：亲,好友的工厂暂未开启,不能去好友工厂打工啦!
助力朋友[bZBcx3diBj8wsABvX6TgBQ==]失败：亲,好友的工厂暂未开启,不能去好友工厂打工啦!
助力朋友[o9MsCAIqcE-qdSl1Q0D1LQ==]失败：亲,好友的工厂暂未开启,不能去好友工厂打工啦!
助力朋友[WuCsqaTlSVnBipxk_FEgIQ==]失败：亲,好友的工厂的工人已经满员了,不能去好友工厂打工啦!
助力朋友[tA0zYD8nk6nyscirloz7PA==]失败：亲,好友的工厂的工人已经满员了,不能去好友工厂打工啦!

nextCollectDoubleFlag::1
nextCollectDoubleType::1

下次集满收取可双倍电力
发电机：当前 0 电力，最大值 300 电力
完成任务：共领取0电力
投入失败，生产失效了，请稍后重试~
自家地下暂无零件可收
今日收取零件已达上限，偷好友零件也达到上限，故跳出

团活动ID  6S9y4sJUfA2vPQP6TLdVIQ==
团ID  

今日剩余开团次数：3次
准备开团
st:_time:1612686283402&activeId:&isOpenApp:

异常：{"msg":"活动已结束，请稍后再试~","nowTime":1612686283,"ret":10218}

【京东账号2】孤傲的小小瞒
【生产商品】香蓓柔洗衣液
【当前等级】学徒 1
【生产进度】89.33%
【招工进度】0/8
【发电机电力】当前 0 电力，未达到收获标准
【每日任务】领奖成功，共计 0 电力
【投入电力】投入失败，生产失效了，请稍后重试~
【收取自己零件】今日已达上限
【收取好友零件】今日已达上限

浅草幻雪去参加第一个cookie账号开的团
参团失败：{"msg":"活动已结束，请稍后再试~","nowTime":1612686283,"ret":10218}
173315279去参加第一个cookie账号开的团
参团失败：{"msg":"活动已结束，请稍后再试~","nowTime":1612686284,"ret":10218}

🔔京喜工厂, 结束! 🕛 20.931 秒

