
🔔京喜工厂, 开始!
您的cookie选择的是用&隔开


====================共有2个京东账号Cookie=========

==================脚本执行- 北京时间(UTC+8)：2/4/2021, 10:22:15 PM=====================

"Response code 404 (Not Found)"
"connect ECONNREFUSED 151.101.228.133:443"
"Response code 404 (Not Found)"
开始获取京喜工厂配置文件

tuanActiveId: 6S9y4sJUfA2vPQP6TLdVIQ==
您的互助码选择的是用&隔开

共2个京东账号

您提供了2个账号的京喜工厂助力码


******开始【京东账号1】迷糊虫啊*********

st:_time:1612448539835&materialTuanId:&materialTuanPin:&pin:&sharePin:&shareType:&source:&zone:dream_factory

再加电力可开红包

当前电力：479100
当前等级：1

【京东账号1（迷糊虫啊）的京喜工厂好友互助码】oY9gHgdBtYMXDVcUWMNL4w==
已投入电力：134100
所需电力：150000
生产进度：89.40%
【今日招工进度】0/8
开始
随机取20个码放到您固定的互助码后面(不影响已有固定互助)
第1个京东账号将要助力的好友["xYd7cjQ3c1LyUse79rEFnw==","6E5_eFU3YHRLTljqYh_B1fg9iKwFvbWQsugw1xHcY3Q=","540bj4eZfgx_G4gtfA4_9A==","5AnP-NWntIbO2rEf58NCnA==","GALO8wIV0xFwL2DehHQblSqbb-5i3crZbc6Hc8nkMLk=","FB7LTBdzptq9NHgea4WWiQ==","V9dZyRpXEraMKNvs-D8aVNxV93T0LsSlZfhrVVtpFLU=","0O6-WaidshmY933QGDsqWg==","xGwEEcvQPeb0sigplf4qMw==","Tl2Qdr0Sxuh-_sOlPrDdmw==","HQxTtTyrtGyrCm-hNQkMBg==","awECcrzCd1jeQhWgI4IUiA==","Sc2uDiDUECQYQpuv3UzFdQ==","goZxF-IquMl2qKtDRHkVog==","enfBMZ2HiuxMMlbSlWKwQA==","PGJeNRj9BstDcO1QsMU2PA==","CoXowQv_llKag4mDAmaD7A==","SMpVxrYVNWUlE3i9ffTO9Q==","GijCNQ-W6l73-ffs-S_azw==","R9iobyUvdSZh8JDmrOEa5Q==","Kv4F5Sd_2MdZfx2RAAgVbA==","j5vB3VZudy-upnQ9jIXyvQ==","LF3D6XkYrB4cVMeGXt7aAg==","OPnHD_ciMBoNenp_Baq3Kg=="]
助力朋友[xYd7cjQ3c1LyUse79rEFnw==]失败：亲,好友的工厂的工人已经满员了,不能去好友工厂打工啦!
助力朋友[6E5_eFU3YHRLTljqYh_B1fg9iKwFvbWQsugw1xHcY3Q=]失败：亲,好友的工厂的工人已经满员了,不能去好友工厂打工啦!
助力朋友[540bj4eZfgx_G4gtfA4_9A==]失败：亲,好友的工厂暂未开启,不能去好友工厂打工啦!
助力朋友[5AnP-NWntIbO2rEf58NCnA==]失败：亲,好友的工厂的工人已经满员了,不能去好友工厂打工啦!
助力朋友[GALO8wIV0xFwL2DehHQblSqbb-5i3crZbc6Hc8nkMLk=]失败：亲,好友的工厂暂未开启,不能去好友工厂打工啦!
助力朋友[FB7LTBdzptq9NHgea4WWiQ==]失败：亲,好友的工厂的工人已经满员了,不能去好友工厂打工啦!
助力朋友[V9dZyRpXEraMKNvs-D8aVNxV93T0LsSlZfhrVVtpFLU=]失败：亲,好友的工厂暂未开启,不能去好友工厂打工啦!
助力朋友[0O6-WaidshmY933QGDsqWg==]失败：亲,好友的工厂的工人已经满员了,不能去好友工厂打工啦!
助力朋友[xGwEEcvQPeb0sigplf4qMw==]失败：亲,好友的工厂的工人已经满员了,不能去好友工厂打工啦!
助力朋友[Tl2Qdr0Sxuh-_sOlPrDdmw==]失败：亲,好友的工厂暂未开启,不能去好友工厂打工啦!
助力朋友[HQxTtTyrtGyrCm-hNQkMBg==]失败：亲,好友的工厂的工人已经满员了,不能去好友工厂打工啦!
助力朋友[awECcrzCd1jeQhWgI4IUiA==]失败：亲,好友的工厂的工人已经满员了,不能去好友工厂打工啦!
助力朋友[Sc2uDiDUECQYQpuv3UzFdQ==]失败：亲,好友的工厂的工人已经满员了,不能去好友工厂打工啦!
"Response code 401 (Unauthorized)"
京喜工厂 API请求失败，请检查网路重试
助力朋友[goZxF-IquMl2qKtDRHkVog==]失败：undefined
助力朋友[enfBMZ2HiuxMMlbSlWKwQA==]失败：亲,好友的工厂暂未开启,不能去好友工厂打工啦!
助力朋友[PGJeNRj9BstDcO1QsMU2PA==]失败：亲,好友的工厂的工人已经满员了,不能去好友工厂打工啦!
助力朋友[CoXowQv_llKag4mDAmaD7A==]失败：亲,好友的工厂暂未开启,不能去好友工厂打工啦!
助力朋友[SMpVxrYVNWUlE3i9ffTO9Q==]失败：亲,好友的工厂的工人已经满员了,不能去好友工厂打工啦!
助力朋友[GijCNQ-W6l73-ffs-S_azw==]失败：亲,好友的工厂的工人已经满员了,不能去好友工厂打工啦!
助力朋友[R9iobyUvdSZh8JDmrOEa5Q==]失败：亲,好友的工厂的工人已经满员了,不能去好友工厂打工啦!
助力朋友[Kv4F5Sd_2MdZfx2RAAgVbA==]失败：亲,好友的工厂的工人已经满员了,不能去好友工厂打工啦!
助力朋友[j5vB3VZudy-upnQ9jIXyvQ==]失败：亲,好友的工厂暂未开启,不能去好友工厂打工啦!
助力朋友[LF3D6XkYrB4cVMeGXt7aAg==]失败：亲,好友的工厂的工人已经满员了,不能去好友工厂打工啦!
助力朋友[OPnHD_ciMBoNenp_Baq3Kg==]失败：亲,好友的工厂的工人已经满员了,不能去好友工厂打工啦!

nextCollectDoubleFlag::1
nextCollectDoubleType::1

下次集满收取可双倍电力
发电机：当前 0 电力，最大值 300 电力
完成任务：共领取0电力
投入失败，生产失效了，请稍后重试~
自家地下暂无零件可收
今日收取零件已达上限，偷好友零件也达到上限，故跳出

团活动ID  6S9y4sJUfA2vPQP6TLdVIQ==
团ID  314qVQPUppGl4GkxRrbPUA==

今日剩余开团次数：3次
st:_time:1612448546212&activeId:&tuanId:

之前的团已过期，准备重新开团

st:_time:1612448546365&activeId:&isOpenApp:

异常：{"msg":"活动已结束，请稍后再试~","nowTime":1612448546,"ret":10218}

开团情况:1/10


此团未达领取团奖励人数：10人

12/26/2020, 10:14:28 AM参加团主【oY9gHgdBtYMXDVcUWMNL4w==】失败

==============📣系统通知📣==============
京喜工厂
【京东账号1】迷糊虫啊
【生产商品】保鲜5件套
【当前等级】学徒 1
【生产进度】89.40%
【招工进度】0/8
【发电机电力】当前 0 电力，未达到收获标准
【每日任务】领奖成功，共计 0 电力
【投入电力】投入失败，生产失效了，请稍后重试~
【收取自己零件】今日已达上限
【收取好友零件】今日已达上限


【京东账号1】迷糊虫啊
【生产商品】保鲜5件套
【当前等级】学徒 1
【生产进度】89.40%
【招工进度】0/8
【发电机电力】当前 0 电力，未达到收获标准
【每日任务】领奖成功，共计 0 电力
【投入电力】投入失败，生产失效了，请稍后重试~
【收取自己零件】今日已达上限
【收取好友零件】今日已达上限


******开始【京东账号2】孤傲的小小瞒*********

st:_time:1612448546988&materialTuanId:&materialTuanPin:&pin:&sharePin:&shareType:&source:&zone:dream_factory

再加电力可开红包

当前电力：483400
当前等级：1

【京东账号2（孤傲的小小瞒）的京喜工厂好友互助码】jzrCtGVS7-j8YCUeB8oW6Q==
已投入电力：134000
所需电力：150000
生产进度：89.33%
【今日招工进度】0/8
今日助力好友机会已耗尽


nextCollectDoubleFlag::1
nextCollectDoubleType::1

下次集满收取可双倍电力
发电机：当前 0 电力，最大值 300 电力
完成任务：共领取0电力
投入失败，生产失效了，请稍后重试~
自家地下暂无零件可收
今日收取零件已达上限，偷好友零件也达到上限，故跳出

团活动ID  6S9y4sJUfA2vPQP6TLdVIQ==
团ID  

今日剩余开团次数：3次
准备开团
st:_time:1612448548863&activeId:&isOpenApp:

异常：{"msg":"活动已结束，请稍后再试~","nowTime":1612448548,"ret":10218}

==============📣系统通知📣==============
京喜工厂
【京东账号2】孤傲的小小瞒
【生产商品】香蓓柔洗衣液
【当前等级】学徒 1
【生产进度】89.33%
【招工进度】0/8
【发电机电力】当前 0 电力，未达到收获标准
【每日任务】领奖成功，共计 0 电力
【投入电力】投入失败，生产失效了，请稍后重试~
【收取自己零件】今日已达上限
【收取好友零件】今日已达上限


【京东账号2】孤傲的小小瞒
【生产商品】香蓓柔洗衣液
【当前等级】学徒 1
【生产进度】89.33%
【招工进度】0/8
【发电机电力】当前 0 电力，未达到收获标准
【每日任务】领奖成功，共计 0 电力
【投入电力】投入失败，生产失效了，请稍后重试~
【收取自己零件】今日已达上限
【收取好友零件】今日已达上限

浅草幻雪去参加第一个cookie账号开的团
参团失败：{"msg":"活动已结束，请稍后再试~","nowTime":1612448549,"ret":10218}
173315279去参加第一个cookie账号开的团
参团失败：{"msg":"活动已结束，请稍后再试~","nowTime":1612448549,"ret":10218}

🔔京喜工厂, 结束! 🕛 14.085 秒

