
🔔官方号直播红包雨, 开始!
您的cookie选择的是用&隔开


====================共有2个京东账号Cookie=========

==================脚本执行- 北京时间(UTC+8)：2/4/2021, 11:00:01 PM=====================

下一场红包雨id：RRA2ZMK66tw36bRAZTpb8k9zv8rwaxb
下一场红包雨开始时间：Thu Feb 04 2021 11:00:00 GMT+0800 (China Standard Time)
下一场红包雨结束时间：Thu Feb 04 2021 11:05:00 GMT+0800 (China Standard Time)
远程红包雨配置获取错误，从本地读取配置
本地红包雨配置获取成功

******开始【京东账号1】迷糊虫啊*********

异常：{"msg":"活动太火爆，请稍后再试~","code":"0","subCode":"1"}

==============📣系统通知📣==============
官方号直播红包雨
【京东账号1】迷糊虫啊


******开始【京东账号2】孤傲的小小瞒*********

异常：{"msg":"活动太火爆，请稍后再试~","code":"0","subCode":"1"}

==============📣系统通知📣==============
官方号直播红包雨
【京东账号2】孤傲的小小瞒


🔔官方号直播红包雨, 结束! 🕛 1.581 秒

