
🔔金融养猪, 开始!
您的cookie选择的是用&隔开


====================共有2个京东账号Cookie=========

==================脚本执行- 北京时间(UTC+8)：2/6/2021, 5:28:03 PM=====================


开始【京东账号1】迷糊虫啊

第3天已签到

开宝箱失败:宝箱次数上限
当前大转盘剩余免费抽奖次数：：0

去京东到家签到未完成

小金库还信用卡未完成

购买黄金产品未完成

去领金贴页面签到未完成

花金贴兑权益未完成

0.01元购大牌权益卡未完成

浏览京喜工厂活动未完成

为自己充1笔话费未完成

完成一笔金币兑换未完成

浏览赚钱活动页未完成

浏览种豆得豆活动未完成

浏览京喜财富岛活动未完成

浏览京喜农场页面未完成

浏览金融签到活动未完成

浏览天天提鹅活动未完成

浏览东东工厂未完成

完成每日分享已领取

食物名称     数量
白菜      16g
胡萝卜      17g
普通猪粮      8g
南瓜      6g

开始【京东账号2】孤傲的小小瞒


京东账号2 孤傲的小小瞒 未开启养猪活动,请手动去京东金融APP开启此活动


🔔金融养猪, 结束! 🕛 1.946 秒

