
🔔金融养猪, 开始!
您的cookie选择的是用&隔开


====================共有2个京东账号Cookie=========

==================脚本执行- 北京时间(UTC+8)：2/5/2021, 1:29:11 AM=====================


开始【京东账号1】迷糊虫啊

第2天已签到

开宝箱失败:宝箱次数上限
当前大转盘剩余免费抽奖次数：：2

完成每日分享任务已做完,开始领取奖励
pigPetDoMission {"resultCode":0,"resultMsg":"操作成功","resultData":{"resultCode":0,"resultData":{"buttonText":"已领取","opResult":0,"award":{"picUrl":"https://img30.360buyimg.com/jr_image/jfs/t1/59028/12/13431/3362/5daea574E62dfa507/433321942a395813.png","random":false,"count":5,"name":"普通猪粮","rfid":"","position":1,"id":"1","sku":"1001003003","category":"1001","content":"普通猪粮","needApp":false},"operate":4,"status":5},"resultMsg":"成功"},"channelEncrypt":0}
奖励普通猪粮,数量:5

去京东到家签到未完成

小金库还信用卡未完成

购买黄金产品未完成

去领金贴页面签到未完成

花金贴兑权益未完成

0.01元购大牌权益卡未完成

浏览京喜工厂活动未完成

为自己充1笔话费未完成

完成一笔金币兑换未完成

浏览赚钱活动页未完成

浏览种豆得豆活动未完成

浏览京喜财富岛活动未完成

浏览京喜农场页面未完成

浏览东东工厂未完成

食物名称     数量
白菜      8g
胡萝卜      5g
普通猪粮      9g
南瓜      18g

开始【京东账号2】孤傲的小小瞒


京东账号2 孤傲的小小瞒 未开启养猪活动,请手动去京东金融APP开启此活动


🔔金融养猪, 结束! 🕛 2.164 秒

