
🔔东东小窝, 开始!
您的cookie选择的是用&隔开


====================共有2个京东账号Cookie=========

==================脚本执行- 北京时间(UTC+8)：2/8/2021, 12:16:09 AM=====================


*******开始【京东账号1】迷糊虫啊********

京东账号1迷糊虫啊未开启此活动


==============📣系统通知📣==============
东东小窝
京东账号1迷糊虫啊未开启此活动
点击弹窗去开启此活动(￣▽￣)"

*******开始【京东账号2】孤傲的小小瞒********

京东账号2孤傲的小小瞒未开启此活动


==============📣系统通知📣==============
东东小窝
京东账号2孤傲的小小瞒未开启此活动
点击弹窗去开启此活动(￣▽￣)"

去帮助作者:LXK9301

"connect ECONNREFUSED 151.101.108.133:443"
"Missing `url` property"
东东小窝 API请求失败，请检查网路重试
"Response code 403 (Forbidden)"
东东小窝 API请求失败，请检查网路重试

❌ 东东小窝, 失败! 原因: TypeError: Cannot read property 'inviteCode' of undefined!


🔔东东小窝, 结束! 🕛 11.468 秒

