
🔔京东手机年终奖, 开始!
您的cookie选择的是用&隔开


====================共有2个京东账号Cookie=========

==================脚本执行- 北京时间(UTC+8)：2/9/2021, 9:30:01 AM=====================

开始获取京东手机年终奖配置文件

共2个京东账号

您提供了0个账号的京东手机年终奖PK助力码


******开始【京东账号1】迷糊虫啊*********

由于您第1个京东账号未提供shareCode,将采纳本脚本自带的助力码

第1个京东账号将要助力的好友["9b98eb88-80ed-40ac-920c-a63fc769e72b","94c2a4d4-b53b-454b-82a0-0b80828bfd37","e274c80b-82dd-470c-878c-0790f5bf6a5d","aae299fc-6854-4fa7-b3ef-a6dedc3771b7","91ae877b-c98b-484a-9143-22d3a70b4088"]
签到信息获取失败！
签到信息获取失败！
任务获取失败
任务获取失败
任务获取失败
任务获取失败
任务获取失败
任务获取失败
任务获取失败
去助力好友9b98eb88-80ed-40ac-920c-a63fc769e72b
助力好友失败
去助力好友94c2a4d4-b53b-454b-82a0-0b80828bfd37
助力好友失败
去助力好友e274c80b-82dd-470c-878c-0790f5bf6a5d
助力好友失败
去助力好友aae299fc-6854-4fa7-b3ef-a6dedc3771b7
助力好友失败
去助力好友91ae877b-c98b-484a-9143-22d3a70b4088
助力好友失败

==============📣系统通知📣==============
京东手机年终奖
【京东账号1】迷糊虫啊
本次运行获得0个京豆

******开始【京东账号2】孤傲的小小瞒*********

由于您第2个京东账号未提供shareCode,将采纳本脚本自带的助力码

第2个京东账号将要助力的好友["9b98eb88-80ed-40ac-920c-a63fc769e72b","94c2a4d4-b53b-454b-82a0-0b80828bfd37","e274c80b-82dd-470c-878c-0790f5bf6a5d","aae299fc-6854-4fa7-b3ef-a6dedc3771b7","91ae877b-c98b-484a-9143-22d3a70b4088"]
签到信息获取失败！
签到信息获取失败！
任务获取失败
任务获取失败
任务获取失败
任务获取失败
任务获取失败
任务获取失败
任务获取失败
去助力好友9b98eb88-80ed-40ac-920c-a63fc769e72b
助力好友失败
去助力好友94c2a4d4-b53b-454b-82a0-0b80828bfd37
助力好友失败
去助力好友e274c80b-82dd-470c-878c-0790f5bf6a5d
助力好友失败
去助力好友aae299fc-6854-4fa7-b3ef-a6dedc3771b7
助力好友失败
去助力好友91ae877b-c98b-484a-9143-22d3a70b4088
助力好友失败

==============📣系统通知📣==============
京东手机年终奖
【京东账号2】孤傲的小小瞒
本次运行获得0个京豆

🔔京东手机年终奖, 结束! 🕛 15.625 秒

