
🔔京东手机年终奖, 开始!
您的cookie选择的是用&隔开


====================共有2个京东账号Cookie=========

==================脚本执行- 北京时间(UTC+8)：2/8/2021, 9:30:02 AM=====================

开始获取京东手机年终奖配置文件

共2个京东账号

您提供了0个账号的京东手机年终奖PK助力码


******开始【京东账号1】迷糊虫啊*********

由于您第1个京东账号未提供shareCode,将采纳本脚本自带的助力码

第1个京东账号将要助力的好友["9b98eb88-80ed-40ac-920c-a63fc769e72b","94c2a4d4-b53b-454b-82a0-0b80828bfd37","e274c80b-82dd-470c-878c-0790f5bf6a5d","aae299fc-6854-4fa7-b3ef-a6dedc3771b7","91ae877b-c98b-484a-9143-22d3a70b4088"]
剩余游戏次数：30

❗️京东手机年终奖, 错误!
TypeError: Cannot read property 'flag' of undefined
    at /home/xinchun/www/jd-new/jd/scripts/jd_festival.js:171:22
    at isSurge.isLoon.isQuanX.isNode.got.on.then.message (/home/xinchun/www/jd-new/jd/scripts/jd_festival.js:713:4869)
    at processTicksAndRejections (internal/process/task_queues.js:93:5)
您的好友助力码为：49d7872d-91ff-4203-ab5f-537d9ea4570f，当前助力进度：0/5
任务100009630521完成进度：0/3
任务完成失败
任务1000004123完成进度：0/3
任务完成失败
任务1612351431362完成进度：0/3
任务完成失败
任务100009630521完成进度：0/3
任务完成失败
任务1000004123完成进度：0/3
任务完成失败
任务1612351431362完成进度：0/3
任务完成失败
任务100009630521完成进度：0/3
任务完成失败
任务1000004123完成进度：0/3
任务完成失败
任务1612351431362完成进度：0/3
任务完成失败
任务100009630521完成进度：0/3
任务完成失败
任务1000004123完成进度：0/3
任务完成失败
任务1612351431362完成进度：0/3
任务完成失败
去浏览vivo京东自营官方旗舰店
任务完成失败
去浏览OPPO京东自营官方旗舰店
任务完成失败
去浏览小米京东自营旗舰店
任务完成失败
去浏览三星京东自营官方旗舰店
任务完成失败
去浏览SONY京东自营官方旗舰店
任务完成失败
去浏览黑鲨京东自营官方旗舰店
任务完成失败
去浏览小米10
任务完成失败
去浏览三星S21
任务完成失败
去浏览OPPO Reno5
任务完成失败
去浏览iPhone 12 Pro Max
任务完成失败
去浏览索尼Xperia1 II
任务完成失败
去浏览vivo X60 Pro+
任务完成失败
去浏览联想拯救者手机
任务完成失败
去浏览黑鲨3
任务完成失败
去浏览Anker苹果快充
任务完成失败
去浏览通讯主会场
任务完成失败
去浏览通讯送礼会场
任务完成失败
去浏览潮玩配件
任务完成失败
去浏览看直播赢好礼
任务完成失败
去浏览运营商会场
任务完成失败
去浏览手机馆
任务完成失败
去浏览vivo京东自营官方旗舰店
任务完成失败
去浏览OPPO京东自营官方旗舰店
任务完成失败
去浏览小米京东自营旗舰店
任务完成失败
去浏览三星京东自营官方旗舰店
任务完成失败
去浏览SONY京东自营官方旗舰店
任务完成失败
去浏览黑鲨京东自营官方旗舰店
任务完成失败
去浏览小米10
任务完成失败
去浏览三星S21
任务完成失败
去浏览OPPO Reno5
任务完成失败
去浏览iPhone 12 Pro Max
任务完成失败
去浏览索尼Xperia1 II
任务完成失败
去浏览vivo X60 Pro+
任务完成失败
去浏览联想拯救者手机
任务完成失败
去浏览黑鲨3
任务完成失败
去浏览Anker苹果快充
任务完成失败
去浏览通讯主会场
任务完成失败
去浏览通讯送礼会场
任务完成失败
去浏览潮玩配件
任务完成失败
去浏览看直播赢好礼
任务完成失败
去浏览运营商会场
任务完成失败
去浏览手机馆
任务完成失败
去助力好友9b98eb88-80ed-40ac-920c-a63fc769e72b
助力好友失败
去助力好友94c2a4d4-b53b-454b-82a0-0b80828bfd37
助力好友失败
去助力好友e274c80b-82dd-470c-878c-0790f5bf6a5d
助力好友失败
去助力好友aae299fc-6854-4fa7-b3ef-a6dedc3771b7
助力好友失败
去助力好友91ae877b-c98b-484a-9143-22d3a70b4088
助力好友失败

==============📣系统通知📣==============
京东手机年终奖
【京东账号1】迷糊虫啊
本次运行获得0个京豆

******开始【京东账号2】孤傲的小小瞒*********

由于您第2个京东账号未提供shareCode,将采纳本脚本自带的助力码

第2个京东账号将要助力的好友["9b98eb88-80ed-40ac-920c-a63fc769e72b","94c2a4d4-b53b-454b-82a0-0b80828bfd37","e274c80b-82dd-470c-878c-0790f5bf6a5d","aae299fc-6854-4fa7-b3ef-a6dedc3771b7","91ae877b-c98b-484a-9143-22d3a70b4088"]
剩余游戏次数：30

❗️京东手机年终奖, 错误!
TypeError: Cannot read property 'flag' of undefined
    at /home/xinchun/www/jd-new/jd/scripts/jd_festival.js:171:22
    at isSurge.isLoon.isQuanX.isNode.got.on.then.message (/home/xinchun/www/jd-new/jd/scripts/jd_festival.js:713:4869)
    at processTicksAndRejections (internal/process/task_queues.js:93:5)
您的好友助力码为：88d02711-6961-429f-9407-cd8fb91720b9，当前助力进度：0/5
任务100009630521完成进度：0/3
任务完成失败
任务1000004123完成进度：0/3
任务完成失败
任务1612351431362完成进度：0/3
任务完成失败
任务100009630521完成进度：0/3
任务完成失败
任务1000004123完成进度：0/3
任务完成失败
任务1612351431362完成进度：0/3
任务完成失败
任务100009630521完成进度：0/3
任务完成失败
任务1000004123完成进度：0/3
任务完成失败
任务1612351431362完成进度：0/3
任务完成失败
任务100009630521完成进度：0/3
任务完成失败
任务1000004123完成进度：0/3
任务完成失败
任务1612351431362完成进度：0/3
任务完成失败
去浏览vivo京东自营官方旗舰店
任务完成失败
去浏览OPPO京东自营官方旗舰店
任务完成失败
去浏览小米京东自营旗舰店
任务完成失败
去浏览三星京东自营官方旗舰店
任务完成失败
去浏览SONY京东自营官方旗舰店
任务完成失败
去浏览黑鲨京东自营官方旗舰店
任务完成失败
去浏览小米10
任务完成失败
去浏览三星S21
任务完成失败
去浏览OPPO Reno5
任务完成失败
去浏览iPhone 12 Pro Max
任务完成失败
去浏览索尼Xperia1 II
任务完成失败
去浏览vivo X60 Pro+
任务完成失败
去浏览联想拯救者手机
任务完成失败
去浏览黑鲨3
任务完成失败
去浏览Anker苹果快充
任务完成失败
去浏览通讯主会场
任务完成失败
去浏览通讯送礼会场
任务完成失败
去浏览潮玩配件
任务完成失败
去浏览看直播赢好礼
任务完成失败
去浏览运营商会场
任务完成失败
去浏览手机馆
任务完成失败
去浏览vivo京东自营官方旗舰店
任务完成失败
去浏览OPPO京东自营官方旗舰店
任务完成失败
去浏览小米京东自营旗舰店
任务完成失败
去浏览三星京东自营官方旗舰店
任务完成失败
去浏览SONY京东自营官方旗舰店
任务完成失败
去浏览黑鲨京东自营官方旗舰店
任务完成失败
去浏览小米10
任务完成失败
去浏览三星S21
任务完成失败
去浏览OPPO Reno5
任务完成失败
去浏览iPhone 12 Pro Max
任务完成失败
去浏览索尼Xperia1 II
任务完成失败
去浏览vivo X60 Pro+
任务完成失败
去浏览联想拯救者手机
任务完成失败
去浏览黑鲨3
任务完成失败
去浏览Anker苹果快充
任务完成失败
去浏览通讯主会场
任务完成失败
去浏览通讯送礼会场
任务完成失败
去浏览潮玩配件
任务完成失败
去浏览看直播赢好礼
任务完成失败
去浏览运营商会场
任务完成失败
去浏览手机馆
任务完成失败
去助力好友9b98eb88-80ed-40ac-920c-a63fc769e72b
助力好友失败
去助力好友94c2a4d4-b53b-454b-82a0-0b80828bfd37
助力好友失败
去助力好友e274c80b-82dd-470c-878c-0790f5bf6a5d
助力好友失败
去助力好友aae299fc-6854-4fa7-b3ef-a6dedc3771b7
助力好友失败
去助力好友91ae877b-c98b-484a-9143-22d3a70b4088
助力好友失败

==============📣系统通知📣==============
京东手机年终奖
【京东账号2】孤傲的小小瞒
本次运行获得0个京豆

🔔京东手机年终奖, 结束! 🕛 786.074 秒

