
🔔京东手机年终奖, 开始!
您的cookie选择的是用&隔开


====================共有2个京东账号Cookie=========

==================脚本执行- 北京时间(UTC+8)：2/3/2021, 9:30:02 AM=====================

开始获取京东手机年终奖配置文件

共2个京东账号

您提供了0个账号的京东手机年终奖PK助力码


******开始【京东账号1】迷糊虫啊*********

由于您第1个京东账号未提供shareCode,将采纳本脚本自带的助力码

第1个京东账号将要助力的好友["9b98eb88-80ed-40ac-920c-a63fc769e72b","94c2a4d4-b53b-454b-82a0-0b80828bfd37","e274c80b-82dd-470c-878c-0790f5bf6a5d","aae299fc-6854-4fa7-b3ef-a6dedc3771b7","91ae877b-c98b-484a-9143-22d3a70b4088"]
剩余游戏次数：21
签到成功，获得0个京豆
您的好友助力码为：e3da7f2c-1c0b-4c26-9031-7660efa35865，当前助力进度：0/5
任务100009630521完成进度：0/3
任务完成成功
任务1000004123完成进度：0/3
任务完成成功
任务1611834477793完成进度：0/3
任务完成成功
任务100011199522完成进度：1/3
任务完成成功
任务1000003443完成进度：1/3
任务完成成功
任务1611834477794完成进度：1/3
任务完成成功
任务100017628668完成进度：2/3
任务完成成功
任务1000004065完成进度：2/3
任务完成成功
任务1611834477795完成进度：2/3
任务完成成功
任务100017628668完成进度：3/3
任务已完成，去领奖
任务领奖成功，获得1次游戏机会
任务1000004065完成进度：3/3
任务已完成，去领奖
任务领奖成功，获得1次游戏机会
任务1611834477795完成进度：3/3
任务已完成，去领奖
任务领奖成功，获得1次游戏机会
去浏览三星京东自营官方旗舰店
任务完成成功
去浏览OPPO京东自营官方旗舰店
任务完成成功
去浏览小米京东自营旗舰店
任务完成成功
去浏览vivo京东自营官方旗舰店
任务完成成功
去浏览SONY京东自营官方旗舰店
任务完成成功
去浏览黑鲨京东自营官方旗舰店
任务完成成功
去浏览vivo X60 Pro+
任务完成成功
去浏览三星S21
任务完成成功
去浏览小米10
任务完成成功
去浏览OPPO Reno5
任务完成成功
去浏览索尼Xperia1 II
任务完成成功
去浏览黑鲨3
任务完成成功
去浏览联想拯救者手机
任务完成成功
去浏览Anker苹果快充
任务完成成功
去浏览亿色钢化膜
任务完成成功
去浏览通讯主会场
任务完成成功
去浏览手机好店
任务完成成功
去浏览潮玩配件
任务完成成功
去浏览看直播赢好礼
任务完成成功
去浏览通讯送礼会场
任务完成成功
去浏览手机馆
任务完成成功
三星京东自营官方旗舰店浏览完成，去领奖
任务领奖成功，获得0京豆
OPPO京东自营官方旗舰店浏览完成，去领奖
任务领奖成功，获得0京豆
小米京东自营旗舰店浏览完成，去领奖
任务领奖成功，获得0京豆
vivo京东自营官方旗舰店浏览完成，去领奖
任务领奖成功，获得0京豆
SONY京东自营官方旗舰店浏览完成，去领奖
任务领奖成功，获得0京豆
黑鲨京东自营官方旗舰店浏览完成，去领奖
任务领奖成功，获得0京豆
vivo X60 Pro+浏览完成，去领奖
任务领奖成功，获得0京豆
三星S21浏览完成，去领奖
任务领奖成功，获得0京豆
小米10浏览完成，去领奖
任务领奖成功，获得0京豆
OPPO Reno5浏览完成，去领奖
任务领奖成功，获得0京豆
索尼Xperia1 II浏览完成，去领奖
任务领奖成功，获得0京豆
黑鲨3浏览完成，去领奖
任务领奖成功，获得0京豆
联想拯救者手机浏览完成，去领奖
任务领奖成功，获得0京豆
Anker苹果快充浏览完成，去领奖
任务领奖成功，获得0京豆
亿色钢化膜浏览完成，去领奖
任务领奖成功，获得0京豆
通讯主会场浏览完成，去领奖
任务领奖成功，获得0京豆
手机好店浏览完成，去领奖
任务领奖成功，获得0京豆
潮玩配件浏览完成，去领奖
任务领奖成功，获得0京豆
看直播赢好礼浏览完成，去领奖
任务领奖成功，获得0京豆
通讯送礼会场浏览完成，去领奖
任务领奖成功，获得0京豆
手机馆浏览完成，去领奖
任务领奖成功，获得0京豆
去助力好友9b98eb88-80ed-40ac-920c-a63fc769e72b
助力好友成功
去助力好友94c2a4d4-b53b-454b-82a0-0b80828bfd37
助力好友成功
去助力好友e274c80b-82dd-470c-878c-0790f5bf6a5d
助力好友成功
去助力好友aae299fc-6854-4fa7-b3ef-a6dedc3771b7
助力好友成功
去助力好友91ae877b-c98b-484a-9143-22d3a70b4088
助力好友成功

==============📣系统通知📣==============
京东手机年终奖
【京东账号1】迷糊虫啊
本次运行获得0个京豆

******开始【京东账号2】孤傲的小小瞒*********

由于您第2个京东账号未提供shareCode,将采纳本脚本自带的助力码

第2个京东账号将要助力的好友["9b98eb88-80ed-40ac-920c-a63fc769e72b","94c2a4d4-b53b-454b-82a0-0b80828bfd37","e274c80b-82dd-470c-878c-0790f5bf6a5d","aae299fc-6854-4fa7-b3ef-a6dedc3771b7","91ae877b-c98b-484a-9143-22d3a70b4088"]
剩余游戏次数：21
签到成功，获得0个京豆
您的好友助力码为：93d392f8-6c48-4f38-9dd0-7dce10bac549，当前助力进度：0/5
任务100009630521完成进度：0/3
任务完成成功
任务1000004123完成进度：0/3
任务完成成功
任务1611834477793完成进度：0/3
任务完成成功
任务100011199522完成进度：1/3
任务完成成功
任务1000003443完成进度：1/3
任务完成成功
任务1611834477794完成进度：1/3
任务完成成功
任务100017628668完成进度：2/3
任务完成成功
任务1000004065完成进度：2/3
任务完成成功
任务1611834477795完成进度：2/3
任务完成成功
任务100017628668完成进度：3/3
任务已完成，去领奖
任务领奖成功，获得1次游戏机会
任务1000004065完成进度：3/3
任务已完成，去领奖
任务领奖成功，获得1次游戏机会
任务1611834477795完成进度：3/3
任务已完成，去领奖
任务领奖成功，获得1次游戏机会
去浏览三星京东自营官方旗舰店
任务完成成功
去浏览OPPO京东自营官方旗舰店
任务完成成功
去浏览小米京东自营旗舰店
任务完成成功
去浏览vivo京东自营官方旗舰店
任务完成成功
去浏览SONY京东自营官方旗舰店
任务完成成功
去浏览黑鲨京东自营官方旗舰店
任务完成成功
去浏览vivo X60 Pro+
任务完成成功
去浏览三星S21
任务完成成功
去浏览小米10
任务完成成功
去浏览OPPO Reno5
任务完成成功
去浏览索尼Xperia1 II
任务完成成功
去浏览黑鲨3
任务完成成功
去浏览联想拯救者手机
任务完成成功
去浏览Anker苹果快充
任务完成成功
去浏览亿色钢化膜
任务完成成功
去浏览通讯主会场
任务完成成功
去浏览手机好店
任务完成成功
去浏览潮玩配件
任务完成成功
去浏览看直播赢好礼
任务完成成功
去浏览通讯送礼会场
任务完成成功
去浏览手机馆
任务完成成功
三星京东自营官方旗舰店浏览完成，去领奖
任务领奖成功，获得0京豆
OPPO京东自营官方旗舰店浏览完成，去领奖
任务领奖成功，获得0京豆
小米京东自营旗舰店浏览完成，去领奖
任务领奖成功，获得0京豆
vivo京东自营官方旗舰店浏览完成，去领奖
任务领奖成功，获得0京豆
SONY京东自营官方旗舰店浏览完成，去领奖
任务领奖成功，获得0京豆
黑鲨京东自营官方旗舰店浏览完成，去领奖
任务领奖成功，获得0京豆
vivo X60 Pro+浏览完成，去领奖
任务领奖成功，获得0京豆
三星S21浏览完成，去领奖
任务领奖成功，获得0京豆
小米10浏览完成，去领奖
任务领奖成功，获得0京豆
OPPO Reno5浏览完成，去领奖
任务领奖成功，获得0京豆
索尼Xperia1 II浏览完成，去领奖
任务领奖成功，获得0京豆
黑鲨3浏览完成，去领奖
任务领奖成功，获得0京豆
联想拯救者手机浏览完成，去领奖
任务领奖成功，获得0京豆
Anker苹果快充浏览完成，去领奖
任务领奖成功，获得0京豆
亿色钢化膜浏览完成，去领奖
任务领奖成功，获得0京豆
通讯主会场浏览完成，去领奖
任务领奖成功，获得0京豆
手机好店浏览完成，去领奖
任务领奖成功，获得0京豆
潮玩配件浏览完成，去领奖
任务领奖成功，获得0京豆
看直播赢好礼浏览完成，去领奖
任务领奖成功，获得0京豆
通讯送礼会场浏览完成，去领奖
任务领奖成功，获得0京豆
手机馆浏览完成，去领奖
任务领奖成功，获得0京豆
去助力好友9b98eb88-80ed-40ac-920c-a63fc769e72b
助力好友成功
去助力好友94c2a4d4-b53b-454b-82a0-0b80828bfd37
助力好友成功
去助力好友e274c80b-82dd-470c-878c-0790f5bf6a5d
助力好友成功
去助力好友aae299fc-6854-4fa7-b3ef-a6dedc3771b7
助力好友成功
去助力好友91ae877b-c98b-484a-9143-22d3a70b4088
助力好友成功

==============📣系统通知📣==============
京东手机年终奖
【京东账号2】孤傲的小小瞒
本次运行获得0个京豆

🔔京东手机年终奖, 结束! 🕛 491.181 秒

