
🔔盲盒抽京豆, 开始!
您的cookie选择的是用&隔开


====================共有2个京东账号Cookie=========

==================脚本执行- 北京时间(UTC+8)：2/3/2021, 7:01:02 AM=====================


******开始【京东账号1】迷糊虫啊*********

当前幸运值：10
去做任务5ff567085da81a8c06981918
任务完成成功，当前幸运值20
去做任务5ff567085da81a8c06981917
任务完成成功，当前幸运值30
获得1京豆
当前幸运值：10

==============📣系统通知📣==============
盲盒抽京豆
京东账号1迷糊虫啊
本次运行获得1京豆

******开始【京东账号2】孤傲的小小瞒*********

当前幸运值：10
去做任务5ff567085da81a8c06981918
任务完成成功，当前幸运值20
去做任务5ff567085da81a8c06981917
任务完成成功，当前幸运值30
获得1京豆
当前幸运值：10

==============📣系统通知📣==============
盲盒抽京豆
京东账号2孤傲的小小瞒
本次运行获得1京豆

🔔盲盒抽京豆, 结束! 🕛 5.547 秒

