
🔔京东抽奖机, 开始!
"connect ECONNREFUSED 151.101.228.133:443"

🔔京东抽奖机, 开始!
您的cookie选择的是用&隔开


====================共有2个京东账号Cookie=========

==================脚本执行- 北京时间(UTC+8)：2/6/2021, 1:18:26 AM=====================

共2个京东账号


🔔京东抽奖机, 结束! 🕛 3.973 秒


14-邀人助力任务-已完成0-未完成10
助力已满员！谢谢你哦~

2-自然之名酵母植萃卓能修护精华露爽肤水乳液眼霜面膜套组200ml 补水保湿收缩毛孔化妆水男女 正常标准版 200ml-已完成0-未完成2

自然之名酵母植萃卓能修护精华露爽肤水乳液眼霜面膜套组200ml 补水保湿收缩毛孔化妆水男女 正常标准版 200ml
success

露得清 水活盈透精华水150ml（新）（爽肤水化妆水精华液 男女适用 补水保湿 水润细腻 ）
success

开始抽奖
京豆:2

开始抽奖

1-大宇电器家电京东自营旗舰店-已完成0-未完成2

大宇电器家电京东自营旗舰店
success

浪凡（LANVIN）香氛京东自营专区
success

开始抽奖
京豆:1

开始抽奖

3-浏览今日必拼活动-已完成0-未完成2

浏览今日必拼活动
success

浏览锦鲤红包
success

开始抽奖

开始抽奖
京豆:1

3-逛京东秒杀频道-已完成0-未完成2

逛京东秒杀频道
success

浏览特价频道
success

开始抽奖
京豆:2

开始抽奖
京豆:1

开始抽奖
快去完成任务获得抽奖资格吧

开始第2个抽奖活动

13-连续签到任务（7天）-已完成0-未完成1
success

14-邀人助力任务-已完成0-未完成10
助力已满员！谢谢你哦~

2-VC甜橙柔靓爽肤水300ml 清爽控油 补水保湿化妆水男女士护肤品 VC水300ml-已完成0-未完成3

VC甜橙柔靓爽肤水300ml 清爽控油 补水保湿化妆水男女士护肤品 VC水300ml
success

回味赞 酸辣味鸭血粉丝汤6盒装 南京美食地方特产 小吃速食宿舍夜宵方便食品自煮网红方便米线螺蛳粉 6盒特惠装
success

贵州金沙古酒 十二生肖 53度酱香型白酒整箱木盒装 年货送礼收藏级酒水 250ml*12瓶礼盒装
success

开始抽奖

3-9.9买到爽-已完成0-未完成2

9.9买到爽
success

查看精选补贴好物
success

开始抽奖
京豆:2

3-好物1元抢-已完成0-未完成3

好物1元抢
success

查看京品好物
success

宠汪汪-兑换iPhone
success

开始抽奖
快去完成任务获得抽奖资格吧

1-汤臣倍健京东自营旗舰店-已完成0-未完成3

汤臣倍健京东自营旗舰店
success

闪魔旗舰店
success

鲜次方旗舰店
success

开始抽奖

21-图书会员-已完成0-未完成3

开始抽奖
快去完成任务获得抽奖资格吧

开始第3个抽奖活动

1-关注菲奥清洁用品专营店-已完成0-未完成6

关注菲奥清洁用品专营店
success

关注茶守艺官方旗舰店
success

关注太博尔Tech-Bio官方旗舰店
success

关注丸丝旗舰店
success

关注欧诺家庭清洁专营店
success

关注薄荷健康官方旗舰店
success

开始抽奖

8-浏览热卖爆品-已完成0-未完成6

薄荷健康轻卡零食大礼包女低零食小吃休闲食品脂网红解馋控卡 【18袋尝鲜装】轻卡零食323g
任务领取成功
京东抽奖机CDN缓存刷新成功
success

羽绒服清洗剂干洗剂棉衣免水洗神器泡沫去污清洁剂白色羽绒服顽固污渍干洗剂免洗洗涤剂喷雾清洗液 羽绒服清洗剂150g
任务领取成功
success

太博尔TECH-BIO免洗手杀菌洗手液凝胶消毒液医通用75%酒精滋润护肤学生户外速干便携防疫家庭组合 【冀卫消证字】500ml
任务领取成功
success

茶守艺（Teaskill）湖南省茶业集团 湖南红茶办公室茶下午茶 袋泡茶包 茶叶 五彩湘茶 湖南红茶
任务领取成功
success

佳曼 羽绒服清洁湿巾免水洗去油去污干洗剂家用清洗衣物神器 超值装12片x6包
任务领取成功
success

威莱娅(wereal)多用途消毒液家用杀菌率99.999%地板宠物衣物家居除菌液 500ml*1瓶
任务领取成功
success

开始抽奖
京豆:1

9-浏览薄荷健康官方旗舰店-已完成0-未完成7

浏览薄荷健康官方旗舰店
任务领取成功
success

浏览菲奥清洁用品专营店
任务领取成功
success

浏览丸丝旗舰店
任务领取成功
success

浏览茶守艺官方旗舰店
任务领取成功
success

浏览欧诺家庭清洁专营店
任务领取成功
success

浏览太博尔Tech-Bio官方旗舰店
任务领取成功
success

浏览爆品会场
任务领取成功
success

开始抽奖

14-邀请好友助力-已完成0-未完成3
助力已满员！谢谢你哦~

开始抽奖
快去完成任务获得抽奖资格吧

开始第4个抽奖活动

0-每日签到-已完成0-未完成1
success

1-关注并浏览稳纳店铺-已完成0-未完成3

关注并浏览稳纳店铺
success

关注并浏览溢彩年华
success

关注并浏览桐木主义
success

开始抽奖

21-开通雅兰床垫品牌会员-已完成0-未完成3

8-浏览指定商品-已完成0-未完成3

南宜 沙发实木沙发冬夏两用小户型整套装单人三人双人新现代中式客厅转角贵妃款拉床款组合客厅家具 【普通款】双扶手四人位 海绵坐垫【胡桃色】
任务领取成功
success

四季沐歌（MICOE）电动晾衣架智能无线遥控升降阳台晾衣机四杆伸缩晾衣杆大屏LED照明 风干+除菌+LED照明+母婴横杆【银河系列】
任务领取成功
success

木中央 红木家具 非洲花梨（学名：刺猬紫檀）1.8米双人床 实木床新中式高箱床 卧室家具 可储物婚床 床上开箱储物+2床头柜【1.8米】
任务领取成功
success

开始抽奖

14-邀请好友助力-已完成0-未完成3
助力已满员！谢谢你哦~

9-浏览家具年货节会场-已完成0-未完成1

浏览家具年货节会场
任务领取成功
success

开始抽奖

开始抽奖
快去完成任务获得抽奖资格吧

开始第5个抽奖活动
活动已结束

开始第6个抽奖活动

9-浏览当前页面-已完成0-未完成1

浏览当前页面
任务领取成功
success

开始抽奖
京豆:1

3-浏览当前会场-已完成0-未完成1

浏览当前会场
success

开始抽奖
京豆:1

1-关注五羊京东自营旗舰店-已完成0-未完成8

关注五羊京东自营旗舰店
success

关注塔牌京东自营旗舰店
success

关注拍拍严选官方旗舰店
success

关注八马茶业旗舰店
success

关注安儿乐京东自营旗舰店
success

关注新见福食品旗舰店
success

关注古越龙山京东自营旗舰店
success

关注1664啤酒京东自营旗舰店
success

开始抽奖

9-浏览万店嘉年华会场-已完成0-未完成5

浏览万店嘉年华会场
任务领取成功
success

浏览全心全系新潮年会场
任务领取成功
success

关注新年囤好物会场
任务领取成功
success

浏览精挑细选过潮年会场
任务领取成功
success

浏览年货大集会场
任务领取成功
success

开始抽奖
京豆:1

开始抽奖

26-关注生鲜馆-已完成0-未完成2

关注生鲜馆
success

关注拍拍二手频道
success

开始抽奖
京豆:1

8-浏览爆款商品-已完成0-未完成8

安儿乐ANERLE干爽超薄纸尿裤XL108片(12-17kg)婴儿干爽透气尿不湿
任务领取成功
success

1664啤酒 白啤酒500ml*12听 整箱装（新老包装随机发货）
任务领取成功
success

塔牌 绍兴黄酒 正冬 特型八年  半甜型黄酒 冬酿花雕酒 500ml*6瓶 整箱装 礼盒装 （出口品牌）
任务领取成功
success

八马茶业 茶叶绿茶 特级安吉白茶 茶叶罐装60克
任务领取成功
success

Asahi朝日啤酒（超爽生）330ml*24听 整箱装
任务领取成功
success

古越龙山 江湖乖乖 青梅&荔枝&柚子冰沙果酒 85ml*3
任务领取成功
success

五羊FIVERAM拉拉裤薄薄芯成长裤XXL80片 (15kg以上)婴儿尿不湿超薄透气瞬吸干爽（新旧随机发货）
任务领取成功
success

天地壹号 苹果醋饮料330ml*15罐 电商版 新旧版本随机发货
任务领取成功
success

开始抽奖
京豆:1

2-浏览爆款商品-已完成0-未完成8

安儿乐ANERLE干爽超薄纸尿裤XL108片(12-17kg)婴儿干爽透气尿不湿
success

1664啤酒 白啤酒500ml*12听 整箱装（新老包装随机发货）
success

塔牌 绍兴黄酒 正冬 特型八年  半甜型黄酒 冬酿花雕酒 500ml*6瓶 整箱装 礼盒装 （出口品牌）
success

八马茶业 茶叶绿茶 特级安吉白茶 茶叶罐装60克
success

Asahi朝日啤酒（超爽生）330ml*24听 整箱装
success

古越龙山 江湖乖乖 青梅&荔枝&柚子冰沙果酒 85ml*3
success

五羊FIVERAM拉拉裤薄薄芯成长裤XXL80片 (15kg以上)婴儿尿不湿超薄透气瞬吸干爽（新旧随机发货）
success

天地壹号 苹果醋饮料330ml*15罐 电商版 新旧版本随机发货
success

开始抽奖
京豆:1

21-开通天地壹号品牌会员-已完成0-未完成8

14-邀请好友助力-已完成0-未完成3
助力已满员！谢谢你哦~

开始抽奖
快去完成任务获得抽奖资格吧

开始第7个抽奖活动

9--已完成0-未完成6

undefined
任务领取成功
success

undefined
任务领取成功
success

1-AFTERSHOKZ京东自营官方旗舰店-已完成0-未完成5

AFTERSHOKZ京东自营官方旗舰店
success

JBL蓝牙音箱旗舰店
success

纽赛旗舰店
success

DIVO旗舰店
success

科大讯飞旗舰店
success

开始抽奖

开始抽奖
京豆:1

21-开通KUGOU数码会员-已完成0-未完成5

8-攀升 商睿2代 企业采购/办公商用/家用游戏娱乐学习 台式机电脑整机 十代i5 10400/8G/240G SSD |-已完成0-未完成6

攀升 商睿2代 企业采购/办公商用/家用游戏娱乐学习 台式机电脑整机 十代i5 10400/8G/240G SSD |
任务领取成功
success

海康威视摄像头 安防监控400万500万800万摄像头室外防水 高清监控器 POE网线供电 手机远程 500万星光级夜视30米
任务领取成功
success

闪克（Sudotack） USB电脑麦克风游戏录课直播电容麦全向收音会议话筒手机电脑有线即插即用 AU-902电脑麦+即插即用
任务领取成功
success

AFTERSHOKZ 韶音AS800 Aeropex 骨传导蓝牙耳机运动无线耳骨传导耳机跑步骑行 曜夜黑
任务领取成功
success

金士顿（Kingston）HyperX游戏耳机Cloud2飓风2黑鹰S电竞耳机头戴式电脑吃鸡耳机耳麦 飓风黑红CloudⅡ 7
任务领取成功
success

南孚聚能环3代 5/7号碱性电池16/30粒 适用于儿童玩具/血糖仪/挂钟/鼠标键盘/遥控器 大包装 7号40粒 3代新包装
任务领取成功
success

开始抽奖
快去完成任务获得抽奖资格吧

14-邀请好友助力-已完成0-未完成4
助力已满员！谢谢你哦~

9-浏览当前活动-已完成0-未完成1

浏览当前活动
任务领取成功
success

开始抽奖

19-购买热门商品-已完成0-未完成6

开始抽奖
快去完成任务获得抽奖资格吧

开始第8个抽奖活动

25-完成并分享趣味评测-已完成0-未完成6

完成"新冠疫苗"趣味评测
活动太火爆啦
请稍后尝试~

完成"年货青年"趣味评测
活动太火爆啦
请稍后尝试~

完成“健康人设”趣味评测
活动太火爆啦
请稍后尝试~

完成“年终聚会”趣味评测
活动太火爆啦
请稍后尝试~

完成“健康返乡”趣味评测
活动太火爆啦
请稍后尝试~

14-邀请好友助力-已完成0-未完成4
助力已满员！谢谢你哦~

9-浏览当前会场-已完成0-未完成1

浏览当前会场
任务领取成功
success

开始抽奖
京豆:1

9-浏览服务会场-已完成0-未完成7

浏览服务会场
任务领取成功
success

浏览送礼会场
任务领取成功
success

浏览年货节会场
任务领取成功
success

浏览直播会场
任务领取成功
success

浏览新人会场
任务领取成功
success

浏览医药会场
任务领取成功
success

浏览京东家医孝心版
任务领取成功
success

开始抽奖
京豆:1

26-关注互联网医院频道-已完成0-未完成2

关注互联网医院频道
success

关注看病购药频道
success

开始抽奖
京豆:1

21-开通杰士邦品牌会员-已完成0-未完成8

开始抽奖
快去完成任务获得抽奖资格吧

开始第9个抽奖活动

0-每日签到-已完成0-未完成1
success

21-开通"雪花秀"品牌会员-已完成0-未完成1

1-关注并浏览雪花秀店铺-已完成0-未完成1

关注并浏览雪花秀店铺
success

开始抽奖
京豆:1

开始抽奖

14-邀请好友助力-已完成0-未完成4
助力已满员！谢谢你哦~

15-加购指定商品-已完成0-未完成6

雪花秀（Sulwhasoo）男士本润乳液90ml（化妆品 男士护肤 乳液 护肤品 ）
success

雪花秀雪御活颜菁萃面霜50ml（柔滑弹润 补水保湿 护肤品 韩国进口）情人节礼物
success

雪花秀气垫bb霜致美养肤气垫粉底液15g(赠替换芯15g)15号自然偏白（化妆品遮瑕保湿）情人节礼物
success

雪花秀生人参焕颜精华露30ml护肤品套装礼盒（时光宝盒 紧致肌肤 改善毛孔）情人节礼物
success

雪花秀（Sulwhasoo）滋盈肌本紧致面霜75ml（补水保湿 滋润 护肤品女 韩国进口）情人节礼物
success

雪花秀玉璨净柔撕拉面膜免水洗清洁面膜150ml（细腻毛孔 保湿滋润 深层清洁 提亮肤色）情人节礼物
success

开始抽奖

8-浏览指定商品-已完成0-未完成6

雪花秀时光安瓶滋盈生人参密集修护精华液20g（舒缓泛红 修护微损伤 紧致肌肤）情人节礼物
任务领取成功
success

雪花秀明星肌本水乳精华护肤品套装礼盒(水125ml+乳125ml+精华60ml+6件小样）情人节礼物
任务领取成功
success

雪花秀滋盈生人参焕颜高保湿修护滋养面霜60ml(补水滋养 提拉紧致 提亮肤色 淡化细纹）情人节礼物
任务领取成功
success

雪花秀滋盈肌本润颜水乳护肤品套装礼盒(润颜水125ml+润颜乳125ml)补水保湿 情人节礼物
任务领取成功
success

雪花秀滋盈生人参护肤品礼盒套装(水125ml+乳125ml+精华30ml+面霜30ml)情人节礼物
任务领取成功
success

雪花秀玉璨净柔撕拉面膜免水洗清洁面膜150ml（细腻毛孔 保湿滋润 深层清洁 提亮肤色）情人节礼物
任务领取成功
success

开始抽奖

9-浏览当前页面-已完成0-未完成1

浏览当前页面
任务领取成功
浏览时长不足，任务未完成

开始抽奖
快去完成任务获得抽奖资格吧

开始抽奖
快去完成任务获得抽奖资格吧

开始第10个抽奖活动

9-浏览童装主会场-已完成0-未完成1

浏览童装主会场
任务领取成功
success

开始抽奖
快去完成任务获得抽奖资格吧

26-关注并浏览童装甄选馆-已完成0-未完成1

关注并浏览童装甄选馆
success

开始抽奖
快去完成任务获得抽奖资格吧

21-开通江博士品牌会员-已完成0-未完成22

14-邀请好友助力-已完成0-未完成4
助力已满员！谢谢你哦~

1-关注并浏览店铺-已完成0-未完成8

安奈儿童装官方旗舰店
success

SKECHERS斯凯奇儿童旗舰店
活动太火爆啦
请稍后尝试~

MiniPeace官方旗舰店
活动太火爆啦
请稍后尝试~

基诺浦官方旗舰店
success

MQD旗舰店
success

江博士旗舰店
success

Disneybaby旗舰店
活动太火爆啦
请稍后尝试~

戴维贝拉官方旗舰店
活动太火爆啦
请稍后尝试~

开始抽奖

8-浏览指定商品-已完成0-未完成6

马拉丁童装女童毛衣背心2021春季新款撞色艺术感满底提花针织马甲 大红 90cm
任务领取成功
success

【新年系列】MQD童装男女童卫衣21春新款宝宝卡通套头洋气拜年服 中国红 100cm
任务领取成功
success

Skechers斯凯奇 童鞋亲子熊猫鞋复古老爹鞋664094L 浅粉色 36
任务领取成功
success

迪士尼童装男童套装新年装2021春装新款洋气儿童宝宝时尚卡通卫衣裤子两件套 大红 110cm
任务领取成功
success

MIKIHOUSE学步鞋男女童鞋日本制经典央视获奖学步鞋一、二段婴幼儿宝宝运动鞋耐磨防滑 红色 11.5CM
任务领取成功
success

李宁童鞋儿童运动鞋男女小童拼色设计轻便防滑一脚蹬国潮运动鞋YKNQ116-3晶蓝色/藏青蓝27
任务领取成功
success

开始抽奖
快去完成任务获得抽奖资格吧

开始抽奖
快去完成任务获得抽奖资格吧

开始第11个抽奖活动

0-每日签到-已完成0-未完成1
success

9-去逛逛横店家电馆-已完成0-未完成1

去逛逛横店家电馆
任务领取成功
success

开始抽奖

开始抽奖

9-浏览家电馆-已完成0-未完成8

浏览家电馆
任务领取成功
success

浏览飞利浦会场
任务领取成功
success

浏览海尔店铺会场
任务领取成功
success

浏览家电大促主会场
任务领取成功
success

浏览家电品牌盛典会场
任务领取成功
success

浏览数码电器馆
任务领取成功
success

浏览旅游年货节会场
任务领取成功
success

浏览生活服务会场
任务领取成功
success

开始抽奖

开始抽奖
京豆:1

1-浏览关注平遥文旅店铺-已完成0-未完成10

浏览关注平遥文旅店铺
success

浏览关注科沃斯旗舰店
success

浏览关注美菱旗舰店
success

浏览关注欧乐B旗舰店
success

浏览关注海尔旗舰店
success

浏览关注长虹旗舰店
success

浏览关注飞利浦旗舰店
success

浏览关注西门子旗舰店
success

浏览关注横店旗舰店
success

浏览关注LG旗舰店
success

开始抽奖

开始抽奖

8-浏览爆款商品-已完成0-未完成8

欧乐B电动牙刷 充电式 iO云感刷卓越清洁版  iO微震科技非声波  成人情侣（黑色）
任务领取成功
success

【提前票丨组合套票】提前预订，各人群均有优惠 提前预订套票 2日游丨白天3景区+梦幻谷 成人票
任务领取成功
success

美菱(MELING)629升 对开门冰箱双开门 一级能效风冷双变频 净味抗菌 -32度速冻 大容量电冰箱 BCD-629WPUCX
任务领取成功
success

飞利浦(PHILIPS) 电动牙刷 成人声波震动钻石系列(自带刷头*2+充电旅行盒+充电玻璃杯) 黑钻HX9352/04
任务领取成功
success

LG 纤慧系列 10.5公斤滚筒洗衣机全自动 AI变频直驱 洗烘一体 95℃高温洗 6种智能手洗 白FLX10M4W
任务领取成功
success

美菱(MELING)503升 M鲜生旗舰十字对开多门冰箱 水分子保鲜 变频风冷无霜 杀菌净味BCD-503WPU9CA
任务领取成功
success

科沃斯 Ecovacs 地宝T8 Power扫地机器人激光导航规划全自动扫拖擦拖地机智能家用吸尘器DLX11-22
任务领取成功
success

西门子(SIEMENS) 502升 变频风冷无霜冰箱双开门对开门冰箱 超薄  玻璃门 （灰色）BCD-502W(KA50SE43TI)
任务领取成功
success

开始抽奖
京豆:1

21-开通欧乐B品牌会员-已完成0-未完成5

14-邀请好友助力-已完成0-未完成3
助力已满员！谢谢你哦~

开始抽奖
快去完成任务获得抽奖资格吧

开始第12个抽奖活动

1-关注极米自营旗舰店-已完成0-未完成7

关注极米自营旗舰店
success

关注荣耀自营店
success

关注泸州老窖店
success

浏览并关注店铺
success

关注金沙店铺
success

关注朗迪自营店
success

9-浏览牛奶会场-已完成0-未完成5

浏览牛奶会场
任务领取成功
success

浏览小米会场
任务领取成功
success

浏览零食会场
任务领取成功
success

浏览箱包会场
任务领取成功
success

浏览会场
任务领取成功
success

开始抽奖

开始抽奖

开始抽奖
京豆:1

9-浏览音频会场-已完成0-未完成5

浏览音频会场
任务领取成功
success

浏览水饮会场
任务领取成功
success

浏览海尔会场
任务领取成功
success

浏览欧乐B会场
任务领取成功
success

国密董酒会场
任务领取成功
success

开始抽奖

8-浏览新春热卖商品-已完成0-未完成16

荣耀30 Pro 50倍远摄 麒麟990 5G 4000万超感光摄影 3200W美颜自拍 游戏手机 全网通版8GB+128GB 绿野仙踪
任务领取成功
success

朗迪  碳酸钙D3片(Ⅱ) 60片*3盒  钙+D高维D促吸收
任务领取成功
success

【京东安联】境内旅行险  国内旅游意外保险  户外短期出行
任务领取成功
success

欧乐B电动牙刷 3D声波旋转摆动成人情侣充电式 P2000粉（含刷头*2）博朗精工 张艺兴代言 新年礼物
任务领取成功
success

金沙回沙酒 摘要 53度 500ml*4瓶整箱装 珍品版 酱香型白酒 贵州金沙酱酒 商务宴请送礼 白酒礼盒装
任务领取成功
success

新西兰原装进口牛奶 安佳（Anchor）低脂高钙牛奶 纯牛奶250ml*24 整箱装
任务领取成功
success

地平线8号（LEVEL8）行李箱旅行箱登机箱密码箱20英寸德国科思创PC箱体男女拉杆箱 黑色（锤科出品）
任务领取成功
success

极米（XGIMI）Play超悦版 投影仪家用 便携户外 音乐投影机（1080P 内置电池 哈曼卡顿音响 全自动梯形校正）
任务领取成功
success

9-浏览新春好物-已完成0-未完成1

浏览新春好物
任务领取成功
success

开始抽奖
京豆:1

14-邀请好友助力-已完成0-未完成3
助力已满员！谢谢你哦~

开始抽奖
快去完成任务获得抽奖资格吧

开始第13个抽奖活动

9-浏览当前活动-已完成0-未完成1

浏览当前活动
任务领取成功
success

开始抽奖

9-纵享食刻 味爱吃狂-已完成0-未完成9

纵享食刻 味爱吃狂
任务领取成功
success

伊利新年奶味先到家
任务领取成功
success

送美味徐福记
任务领取成功
success

新年潮礼半价抢
任务领取成功
success

李子柒好戏登场
任务领取成功
success

百草味满300减225
任务领取成功
success

认养一头牛爆款直降
任务领取成功
success

中国年 送三只松鼠坚果礼
任务领取成功
success

1-关注三只松鼠旗舰店-已完成0-未完成8

关注三只松鼠旗舰店
success

关注徐福记官方旗舰店
success

关注认养一头牛官方旗舰店
success

关注良品铺子官方旗舰店
success

关注百草味官方旗舰店
success

关注广州酒家旗舰店
success

关注李子柒旗舰店
success

8-浏览商品-已完成0-未完成15

【2提装】认养一头牛 全脂纯牛奶 250ml*12盒*2箱儿童学生成人营养早餐纯奶年货精选整箱 两提装
任务领取成功
success

Lindt瑞士莲软心巧克力200克三盒分享装礼盒 LINDOR巧克力 年货节进口礼品休闲零食 牛奶巧克力200克*3盒
任务领取成功
success

伊利 舒化奶 无乳糖牛奶 低脂型220ml*12盒/箱 零乳糖好吸收 缓解乳糖不耐
任务领取成功
success

良品铺子 甄惜你纯坚果礼盒11袋装 新年礼盒送礼礼包  每日坚果零食大礼包年货大礼包送礼零食随机发货 【8款11袋纯坚果高端礼盒】甄惜你1898g 新老版本随机发货
任务领取成功
success

徐福记 百福锦礼礼盒 零食糕点礼盒 多种零食糖果组合装 国潮风气 精美圆形礼盒 走亲访友选百福锦礼
任务领取成功
success

伊利 舒化 无乳糖牛奶 全脂型220ml*12盒/箱 零乳糖好吸收 缓解乳糖不耐
任务领取成功
success

百草味 坚果大礼包1832g/11袋 随机发混合装网红干果小吃零食整箱年货礼盒腰果碧根果等
任务领取成功
success

徐福记 福到家年货零食糕点礼盒 820g 休闲儿童零食大礼包礼品办公室送礼员工团购福利
任务领取成功
success

广州酒家 金装手信礼盒424g/盒  利口福广式饼酥糕点下午茶点心手信年货送礼礼盒
任务领取成功
success

良品铺子 食食有爱坚果礼盒8袋装 零食年货礼盒送礼年货大礼包 每日坚果新年礼盒送家人福气礼零食大礼包 【经典坚果年货礼盒】食食有爱经典款8袋装 1箱
任务领取成功
success

认养一头牛A2β-酪蛋白牛奶250ml*10盒儿童牛奶纯牛奶营养早餐奶年货精选礼盒健康休闲食品乳品 10盒
任务领取成功
success

YOTIME 新年礼物 糕点礼盒休闲零食 蛋黄酥牛轧糖蛋卷下午茶糕点心伴手礼 年货礼盒送亲人定制团购 年味茶盘糕点礼盒
任务领取成功
success

进口Lindt瑞士莲LINDOR软心黑巧克力600克分享装内含3口味黑巧 年货节节日家庭装 软心黑巧600克分享装
任务领取成功
success

广州酒家 秋之风 大四喜腊味礼盒 广式香肠腊肉特产组合大礼包中华老字号 500g年货送礼
任务领取成功
success

YOTIME 春节年货礼盒休闲食品大礼包 手工曲奇饼干牛轧糖蛋卷礼盒装 糕点心礼盒过年伴手礼企业团购 福满盈双层礼盒
任务领取成功
success

开始抽奖

开始抽奖

开始抽奖

开始抽奖

开始抽奖

15-精选商品加购-已完成0-未完成10

良品铺子 甄惜你纯坚果礼盒11袋装 新年礼盒送礼礼包  每日坚果零食大礼包年货大礼包送礼零食随机发货 【8款11袋纯坚果高端礼盒】甄惜你1898g 新老版本随机发货
success

伊利 舒化奶 无乳糖牛奶 低脂型220ml*12盒/箱 零乳糖好吸收 缓解乳糖不耐
success

广州酒家利口福 天天向上饼酥糕点礼盒 广东手信饼干小吃年货送礼900g
success

百草味 坚果大礼包1832g/11袋 随机发混合装网红干果小吃零食整箱年货礼盒腰果碧根果等
success

伊利 舒化 无乳糖牛奶 全脂型220ml*12盒/箱 零乳糖好吸收 缓解乳糖不耐
success

认养一头牛A2β-酪蛋白牛奶250ml*10盒儿童牛奶纯牛奶营养早餐奶年货精选礼盒健康休闲食品乳品 10盒
success

YOTIME 新年礼物 糕点礼盒休闲零食 蛋黄酥牛轧糖蛋卷下午茶糕点心伴手礼 年货礼盒送亲人定制团购 年味茶盘糕点礼盒
success

广州酒家 秋之风 大四喜腊味礼盒 广式香肠腊肉特产组合大礼包中华老字号 500g年货送礼
success

【2提装】认养一头牛 全脂纯牛奶 250ml*12盒*2箱儿童学生成人营养早餐纯奶年货精选整箱 两提装
success

YOTIME 春节年货礼盒休闲食品大礼包 手工曲奇饼干牛轧糖蛋卷礼盒装 糕点心礼盒过年伴手礼企业团购 福满盈双层礼盒
success

开始抽奖

14-邀请好友-已完成0-未完成3
助力已满员！谢谢你哦~

开始抽奖
快去完成任务获得抽奖资格吧

开始第14个抽奖活动
活动已结束

开始第15个抽奖活动

0-每日签到-已完成0-未完成1
success

1-关注并浏览店铺-已完成0-未完成6

浏览并关注卡西欧手表海外旗舰店
success

浏览并关注EMPORIO ARMANI官方店
success

浏览并关注SELETTI 官方自营旗舰店
success

浏览并关注MANU ATELIER京东自营官方旗舰店
success

浏览并关注Yohji Yamamoto 官方自营旗舰店
success

浏览并关注TOM DIXON京东自营官方旗舰店
success

开始抽奖
京豆:1

开始抽奖
京豆:1

开始抽奖
京豆:1

9-浏览年货节会场-已完成0-未完成1

浏览年货节会场页面
任务领取成功
success

开始抽奖
京豆:1

9-浏览当前活动页面-已完成0-未完成1

浏览当前活动页面
任务领取成功
success

开始抽奖
快去完成任务获得抽奖资格吧

21-ARMANI EXCHANGE-已完成0-未完成10

15-加购年货节商品-已完成0-未完成6

Emporio Armani阿玛尼手表 女表网红满天星女士手表镶钻贝母女表 AR1908（摩天轮）
success

法国亚历山大发夹Alexandre De Paris美丽蜕变发夹马尾夹边夹刘海夹 Y米色 10公分
success

菲拉格慕(Salvatore Ferragamo) 2021春夏 女士VARA蝴蝶结翻盖包 0720578
success

CASIO卡西欧女表BABY-G潮流炫彩运动双显防水电子手表 BA-112-7ADR
success

20秋冬系列肯迪文/KENT&CURWEN 白鹅绒正反两穿羽绒服夹克男K38J7TI131 赤红色 L
success

TOM DIXON 大号装饰碗具套装金色黄铜碗5件套 FORM系列 FOB02G
success

开始抽奖

14-邀请好友助力-已完成0-未完成4
助力已满员！谢谢你哦~

开始抽奖
快去完成任务获得抽奖资格吧

开始第16个抽奖活动
活动已结束

==============📣系统通知📣==============
京东抽奖机
京东账号：迷糊虫啊
抽得京豆：29个
请点击通知跳转至APP查看

***************开始京东账号2***************

14-邀人助力任务-已完成0-未完成10
success

2-自然之名酵母植萃卓能修护精华露爽肤水乳液眼霜面膜套组200ml 补水保湿收缩毛孔化妆水男女 正常标准版 200ml-已完成0-未完成2

自然之名酵母植萃卓能修护精华露爽肤水乳液眼霜面膜套组200ml 补水保湿收缩毛孔化妆水男女 正常标准版 200ml
success

露得清 水活盈透精华水150ml（新）（爽肤水化妆水精华液 男女适用 补水保湿 水润细腻 ）
success

开始抽奖

开始抽奖

1-大宇电器家电京东自营旗舰店-已完成0-未完成2

大宇电器家电京东自营旗舰店
success

浪凡（LANVIN）香氛京东自营专区
success

开始抽奖
京豆:2

开始抽奖
京豆:2

3-浏览锦鲤红包-已完成0-未完成2

浏览锦鲤红包
success

浏览今日必拼活动
success

开始抽奖

开始抽奖

3-逛京东秒杀频道-已完成0-未完成2

逛京东秒杀频道
success

浏览特价频道
success

开始抽奖

开始抽奖
京豆:2

开始抽奖
快去完成任务获得抽奖资格吧

开始第2个抽奖活动

13-连续签到任务（7天）-已完成0-未完成1
success

14-邀人助力任务-已完成0-未完成10
success

2-飞科（FLYCO）电动剃须刀男士全身水洗大功率刮胡刀充电式胡须刀60分钟续航车载剔须刀修胡刀胡须造型 蓝色+2个备用刀头-已完成0-未完成3

飞科（FLYCO）电动剃须刀男士全身水洗大功率刮胡刀充电式胡须刀60分钟续航车载剔须刀修胡刀胡须造型 蓝色+2个备用刀头
success

VC甜橙柔靓爽肤水300ml 清爽控油 补水保湿化妆水男女士护肤品 VC水300ml
success

申花（SHENHUA）【送货上门】冰箱小型家用迷你两门节能静音 冷冻冷藏宿舍办公小冰箱 BCD-42A118【42升拉丝银】
success

开始抽奖
京豆:2

3-9.9买到爽-已完成0-未完成2

9.9买到爽
success

查看精选补贴好物
success

开始抽奖
快去完成任务获得抽奖资格吧

3-好物1元抢-已完成0-未完成3

好物1元抢
success

查看京品好物
success

宠汪汪-兑换iPhone
success

开始抽奖
京豆:2

1-汤臣倍健京东自营旗舰店-已完成0-未完成3

汤臣倍健京东自营旗舰店
success

闪魔旗舰店
success

鲜次方旗舰店
success

开始抽奖
京豆:2

21-图书会员-已完成0-未完成3

开始抽奖
快去完成任务获得抽奖资格吧

开始第3个抽奖活动

1-关注太博尔Tech-Bio官方旗舰店-已完成0-未完成6

关注太博尔Tech-Bio官方旗舰店
success

关注丸丝旗舰店
success

关注欧诺家庭清洁专营店
success

关注薄荷健康官方旗舰店
success

关注菲奥清洁用品专营店
success

关注茶守艺官方旗舰店
success

开始抽奖

8-浏览热卖爆品-已完成0-未完成6

佳曼 羽绒服清洁湿巾免水洗去油去污干洗剂家用清洗衣物神器 超值装12片x6包
任务领取成功
success

薄荷健康轻卡零食大礼包女低零食小吃休闲食品脂网红解馋控卡 【18袋尝鲜装】轻卡零食323g
任务领取成功
success

羽绒服清洗剂干洗剂棉衣免水洗神器泡沫去污清洁剂白色羽绒服顽固污渍干洗剂免洗洗涤剂喷雾清洗液 羽绒服清洗剂150g
任务领取成功
success

太博尔TECH-BIO免洗手杀菌洗手液凝胶消毒液医通用75%酒精滋润护肤学生户外速干便携防疫家庭组合 【冀卫消证字】500ml
任务领取成功
success

茶守艺（Teaskill）湖南省茶业集团 湖南红茶办公室茶下午茶 袋泡茶包 茶叶 五彩湘茶 湖南红茶
任务领取成功
success

威莱娅(wereal)多用途消毒液家用杀菌率99.999%地板宠物衣物家居除菌液 500ml*1瓶
任务领取成功
success

开始抽奖

9-浏览欧诺家庭清洁专营店-已完成0-未完成7

浏览欧诺家庭清洁专营店
任务领取成功
success

浏览太博尔Tech-Bio官方旗舰店
任务领取成功
success

浏览爆品会场
任务领取成功
success

浏览薄荷健康官方旗舰店
任务领取成功
success

浏览菲奥清洁用品专营店
任务领取成功
success

浏览丸丝旗舰店
任务领取成功
success

浏览茶守艺官方旗舰店
任务领取成功
success

开始抽奖

开始抽奖
京豆:1

14-邀请好友助力-已完成0-未完成3
success

开始抽奖
快去完成任务获得抽奖资格吧

开始第4个抽奖活动

0-每日签到-已完成0-未完成1
success

1-关注并浏览乐歌店铺-已完成0-未完成3

关注并浏览乐歌店铺
success

关注并浏览桐木主义
success

关注并浏览瑞仕达店铺
success

开始抽奖

21-开通金橡树品牌会员-已完成0-未完成3

8-浏览指定商品-已完成0-未完成3

丽巢现代中式胡桃木实木布艺沙发组合现代简约客厅轻奢家具套装501 四人位+贵妃榻
任务领取成功
success

【年后·收货减4%】作木坊 床 实木床 双人床 胡桃木实木家具1.8米 卧室套装组合 A1303 标准框架床（直降） 1800*2000
任务领取成功
success

左右 北欧布艺床 大床1.5米 科技布双人床 1.8米 DR098 灰色（82093） 1800*2000mm
任务领取成功
success

开始抽奖

14-邀请好友助力-已完成0-未完成3
success

9-浏览家具年货节会场-已完成0-未完成1

浏览家具年货节会场
任务领取成功
success

开始抽奖

开始抽奖
快去完成任务获得抽奖资格吧

开始第5个抽奖活动
活动已结束

开始第6个抽奖活动

9-浏览当前页面-已完成0-未完成1

浏览当前页面
任务领取成功
success

开始抽奖

3-浏览当前会场-已完成0-未完成1

浏览当前会场
success

开始抽奖
京豆:1

1-关注1664啤酒京东自营旗舰店-已完成0-未完成8

关注1664啤酒京东自营旗舰店
success

关注五羊京东自营旗舰店
success

关注塔牌京东自营旗舰店
success

关注拍拍严选官方旗舰店
success

关注八马茶业旗舰店
success

关注安儿乐京东自营旗舰店
success

关注新见福食品旗舰店
success

关注古越龙山京东自营旗舰店
success

开始抽奖
京豆:1

9-关注新年囤好物会场-已完成0-未完成5

关注新年囤好物会场
任务领取成功
success

浏览全心全系新潮年会场
任务领取成功
success

浏览万店嘉年华会场
任务领取成功
success

浏览年货大集会场
任务领取成功
success

浏览精挑细选过潮年会场
任务领取成功
success

开始抽奖

开始抽奖
京豆:1

26-关注生鲜馆-已完成0-未完成2

关注生鲜馆
success

关注拍拍二手频道
success

开始抽奖

8-浏览爆款商品-已完成0-未完成8

五羊FIVERAM拉拉裤薄薄芯成长裤XXL80片 (15kg以上)婴儿尿不湿超薄透气瞬吸干爽（新旧随机发货）
任务领取成功
success

天地壹号 苹果醋饮料330ml*15罐 电商版 新旧版本随机发货
任务领取成功
success

安儿乐ANERLE干爽超薄纸尿裤XL108片(12-17kg)婴儿干爽透气尿不湿
任务领取成功
success

1664啤酒 白啤酒500ml*12听 整箱装（新老包装随机发货）
任务领取成功
success

塔牌 绍兴黄酒 正冬 特型八年  半甜型黄酒 冬酿花雕酒 500ml*6瓶 整箱装 礼盒装 （出口品牌）
任务领取成功
success

八马茶业 茶叶绿茶 特级安吉白茶 茶叶罐装60克
任务领取成功
success

Asahi朝日啤酒（超爽生）330ml*24听 整箱装
任务领取成功
success

古越龙山 江湖乖乖 青梅&荔枝&柚子冰沙果酒 85ml*3
任务领取成功
success

开始抽奖
京豆:1

2-浏览爆款商品-已完成0-未完成8

五羊FIVERAM拉拉裤薄薄芯成长裤XXL80片 (15kg以上)婴儿尿不湿超薄透气瞬吸干爽（新旧随机发货）
success

天地壹号 苹果醋饮料330ml*15罐 电商版 新旧版本随机发货
success

安儿乐ANERLE干爽超薄纸尿裤XL108片(12-17kg)婴儿干爽透气尿不湿
success

1664啤酒 白啤酒500ml*12听 整箱装（新老包装随机发货）
success

塔牌 绍兴黄酒 正冬 特型八年  半甜型黄酒 冬酿花雕酒 500ml*6瓶 整箱装 礼盒装 （出口品牌）
success

八马茶业 茶叶绿茶 特级安吉白茶 茶叶罐装60克
success

Asahi朝日啤酒（超爽生）330ml*24听 整箱装
success

古越龙山 江湖乖乖 青梅&荔枝&柚子冰沙果酒 85ml*3
success

开始抽奖
快去完成任务获得抽奖资格吧

21-开通五羊品牌会员-已完成0-未完成8

14-邀请好友助力-已完成0-未完成3
success

开始抽奖
快去完成任务获得抽奖资格吧

开始第7个抽奖活动

9--已完成0-未完成6

undefined
任务领取成功
success

undefined
任务领取成功
success

1-JBL蓝牙音箱旗舰店-已完成0-未完成5

JBL蓝牙音箱旗舰店
success

纽赛旗舰店
success

DIVO旗舰店
success

科大讯飞旗舰店
success

AFTERSHOKZ京东自营官方旗舰店
success

开始抽奖
京豆:1

21-开通志仕数码会员-已完成0-未完成5

8-攀升 商睿2代 企业采购/办公商用/家用游戏娱乐学习 台式机电脑整机 十代i5 10400/8G/240G SSD |-已完成0-未完成6

攀升 商睿2代 企业采购/办公商用/家用游戏娱乐学习 台式机电脑整机 十代i5 10400/8G/240G SSD |
任务领取成功
success

海康威视摄像头 安防监控400万500万800万摄像头室外防水 高清监控器 POE网线供电 手机远程 500万星光级夜视30米
任务领取成功
success

闪克（Sudotack） USB电脑麦克风游戏录课直播电容麦全向收音会议话筒手机电脑有线即插即用 AU-902电脑麦+即插即用
任务领取成功
success

AFTERSHOKZ 韶音AS800 Aeropex 骨传导蓝牙耳机运动无线耳骨传导耳机跑步骑行 曜夜黑
任务领取成功
success

金士顿（Kingston）HyperX游戏耳机Cloud2飓风2黑鹰S电竞耳机头戴式电脑吃鸡耳机耳麦 飓风黑红CloudⅡ 7
任务领取成功
success

南孚聚能环3代 5/7号碱性电池16/30粒 适用于儿童玩具/血糖仪/挂钟/鼠标键盘/遥控器 大包装 7号40粒 3代新包装
任务领取成功
success

开始抽奖

14-邀请好友助力-已完成0-未完成4
success

9-浏览当前活动-已完成0-未完成1

浏览当前活动
任务领取成功
success

开始抽奖
快去完成任务获得抽奖资格吧

19-购买热门商品-已完成0-未完成6

开始抽奖
快去完成任务获得抽奖资格吧

开始第8个抽奖活动

25-完成并分享趣味评测-已完成0-未完成6

完成"新冠疫苗"趣味评测
活动太火爆啦
请稍后尝试~

完成"年货青年"趣味评测
活动太火爆啦
请稍后尝试~

完成“健康人设”趣味评测
活动太火爆啦
请稍后尝试~

完成“年终聚会”趣味评测
活动太火爆啦
请稍后尝试~

完成“健康返乡”趣味评测
活动太火爆啦
请稍后尝试~

14-邀请好友助力-已完成0-未完成4
success

9-浏览当前会场-已完成0-未完成1

浏览当前会场
任务领取成功
success

开始抽奖
快去完成任务获得抽奖资格吧

9-浏览服务会场-已完成0-未完成7

浏览服务会场
任务领取成功
success

浏览直播会场
任务领取成功
success

浏览送礼会场
任务领取成功
success

浏览医药会场
任务领取成功
success

浏览京东家医孝心版
任务领取成功
success

浏览新人会场
任务领取成功
success

浏览年货节会场
任务领取成功
success

开始抽奖
京豆:2

开始抽奖
京豆:1

26-关注互联网医院频道-已完成0-未完成2

关注互联网医院频道
success

关注看病购药频道
success

开始抽奖
快去完成任务获得抽奖资格吧

21-开通欧姆龙品牌会员-已完成0-未完成8

开始抽奖
快去完成任务获得抽奖资格吧

开始第9个抽奖活动

0-每日签到-已完成0-未完成1
success

21-开通"雪花秀"品牌会员-已完成0-未完成1

1-关注并浏览雪花秀店铺-已完成0-未完成1

关注并浏览雪花秀店铺
success

开始抽奖
京豆:1

14-邀请好友助力-已完成0-未完成4
success

15-加购指定商品-已完成0-未完成6

雪花秀（Sulwhasoo）男士本润乳液90ml（化妆品 男士护肤 乳液 护肤品 ）
success

雪花秀雪御活颜菁萃面霜50ml（柔滑弹润 补水保湿 护肤品 韩国进口）情人节礼物
success

雪花秀气垫bb霜致美养肤气垫粉底液15g(赠替换芯15g)15号自然偏白（化妆品遮瑕保湿）情人节礼物
success

雪花秀生人参焕颜精华露30ml护肤品套装礼盒（时光宝盒 紧致肌肤 改善毛孔）情人节礼物
success

雪花秀（Sulwhasoo）滋盈肌本紧致面霜75ml（补水保湿 滋润 护肤品女 韩国进口）情人节礼物
success

雪花秀玉璨净柔撕拉面膜免水洗清洁面膜150ml（细腻毛孔 保湿滋润 深层清洁 提亮肤色）情人节礼物
success

开始抽奖

8-浏览指定商品-已完成0-未完成6

雪花秀滋盈生人参护肤品礼盒套装(水125ml+乳125ml+精华30ml+面霜30ml)情人节礼物
任务领取成功
success

雪花秀玉璨净柔撕拉面膜免水洗清洁面膜150ml（细腻毛孔 保湿滋润 深层清洁 提亮肤色）情人节礼物
任务领取成功
success

雪花秀时光安瓶滋盈生人参密集修护精华液20g（舒缓泛红 修护微损伤 紧致肌肤）情人节礼物
任务领取成功
success

雪花秀明星肌本水乳精华护肤品套装礼盒(水125ml+乳125ml+精华60ml+6件小样）情人节礼物
任务领取成功
success

雪花秀滋盈生人参焕颜高保湿修护滋养面霜60ml(补水滋养 提拉紧致 提亮肤色 淡化细纹）情人节礼物
任务领取成功
success

雪花秀滋盈肌本润颜水乳护肤品套装礼盒(润颜水125ml+润颜乳125ml)补水保湿 情人节礼物
任务领取成功
success

开始抽奖

9-浏览当前页面-已完成0-未完成1

浏览当前页面
任务领取成功
浏览时长不足，任务未完成

开始抽奖
快去完成任务获得抽奖资格吧

开始抽奖
快去完成任务获得抽奖资格吧

开始第10个抽奖活动

9-浏览童装主会场-已完成0-未完成1

浏览童装主会场
任务领取成功
success

开始抽奖
快去完成任务获得抽奖资格吧

26-关注并浏览童装甄选馆-已完成0-未完成1

关注并浏览童装甄选馆
success

开始抽奖
快去完成任务获得抽奖资格吧

21-开通安奈儿儿童会员-已完成0-未完成22

14-邀请好友助力-已完成0-未完成4
success

1-关注并浏览店铺-已完成0-未完成8

MiniPeace官方旗舰店
success

阿迪达斯（adidas）童装童鞋京东自营专区
success

Disneybaby旗舰店
success

MQD旗舰店
success

安踏儿童旗舰店
success

英氏YeeHoO旗舰店
success

戴维贝拉官方旗舰店
success

bobdog巴布豆童鞋旗舰店
success

开始抽奖

8-浏览指定商品-已完成0-未完成6

MIKIHOUSE学步鞋男女童鞋日本制经典央视获奖学步鞋一、二段婴幼儿宝宝运动鞋耐磨防滑 红色 11.5CM
任务领取成功
success

李宁童鞋儿童运动鞋男女小童拼色设计轻便防滑一脚蹬国潮运动鞋YKNQ116-3晶蓝色/藏青蓝27
任务领取成功
success

马拉丁童装女童毛衣背心2021春季新款撞色艺术感满底提花针织马甲 大红 90cm
任务领取成功
success

【新年系列】MQD童装男女童卫衣21春新款宝宝卡通套头洋气拜年服 中国红 100cm
任务领取成功
success

Skechers斯凯奇 童鞋亲子熊猫鞋复古老爹鞋664094L 浅粉色 36
任务领取成功
success

迪士尼童装男童套装新年装2021春装新款洋气儿童宝宝时尚卡通卫衣裤子两件套 大红 110cm
任务领取成功
success

开始抽奖

开始抽奖
快去完成任务获得抽奖资格吧

开始第11个抽奖活动

0-每日签到-已完成0-未完成1
success

9-去逛逛横店家电馆-已完成0-未完成1

去逛逛横店家电馆
任务领取成功
success

开始抽奖
京豆:1

9-浏览生活服务会场-已完成0-未完成8

浏览生活服务会场
任务领取成功
success

浏览家电馆
任务领取成功
success

浏览飞利浦会场
任务领取成功
success

浏览海尔店铺会场
任务领取成功
success

浏览家电大促主会场
任务领取成功
success

浏览家电品牌盛典会场
任务领取成功
success

浏览数码电器馆
任务领取成功
success

浏览旅游年货节会场
任务领取成功
success

开始抽奖

开始抽奖

1-浏览关注LG旗舰店-已完成0-未完成10

浏览关注LG旗舰店
success

浏览关注平遥文旅店铺
success

浏览关注美菱旗舰店
success

浏览关注西门子旗舰店
success

浏览关注科沃斯旗舰店
success

浏览关注欧乐B旗舰店
success

浏览关注长虹旗舰店
success

浏览关注海尔旗舰店
success

浏览关注横店旗舰店
success

浏览关注飞利浦旗舰店
success

开始抽奖

开始抽奖

8-浏览爆款商品-已完成0-未完成8

西门子(SIEMENS) 502升 变频风冷无霜冰箱双开门对开门冰箱 超薄  玻璃门 （灰色）BCD-502W(KA50SE43TI)
任务领取成功
success

欧乐B电动牙刷 充电式 iO云感刷卓越清洁版  iO微震科技非声波  成人情侣（黑色）
任务领取成功
success

【提前票丨组合套票】提前预订，各人群均有优惠 提前预订套票 2日游丨白天3景区+梦幻谷 成人票
任务领取成功
success

美菱(MELING)629升 对开门冰箱双开门 一级能效风冷双变频 净味抗菌 -32度速冻 大容量电冰箱 BCD-629WPUCX
任务领取成功
success

飞利浦(PHILIPS) 电动牙刷 成人声波震动钻石系列(自带刷头*2+充电旅行盒+充电玻璃杯) 黑钻HX9352/04
任务领取成功
success

LG 纤慧系列 10.5公斤滚筒洗衣机全自动 AI变频直驱 洗烘一体 95℃高温洗 6种智能手洗 白FLX10M4W
任务领取成功
success

美菱(MELING)503升 M鲜生旗舰十字对开多门冰箱 水分子保鲜 变频风冷无霜 杀菌净味BCD-503WPU9CA
任务领取成功
success

科沃斯 Ecovacs 地宝T8 Power扫地机器人激光导航规划全自动扫拖擦拖地机智能家用吸尘器DLX11-22
任务领取成功
success

开始抽奖

21-开通横店影城品牌会员-已完成0-未完成5

14-邀请好友助力-已完成0-未完成3
success

开始抽奖
快去完成任务获得抽奖资格吧

开始第12个抽奖活动

1-关注金沙店铺-已完成0-未完成7

关注金沙店铺
success

关注朗迪自营店
success

关注极米自营旗舰店
success

浏览并关注店铺
success

关注京东安联
success

关注荣耀自营店
success

9-浏览会场-已完成0-未完成5

浏览会场
任务领取成功
success

浏览牛奶会场
任务领取成功
success

浏览小米会场
任务领取成功
success

浏览零食会场
任务领取成功
success

浏览箱包会场
任务领取成功
success

开始抽奖

开始抽奖
京豆:1

9-国密董酒会场-已完成0-未完成5

国密董酒会场
任务领取成功
success

浏览音频会场
任务领取成功
success

浏览水饮会场
任务领取成功
success

浏览海尔会场
任务领取成功
success

浏览欧乐B会场
任务领取成功
success

开始抽奖
京豆:1

8-浏览新春热卖商品-已完成0-未完成16

新西兰原装进口牛奶 安佳（Anchor）低脂高钙牛奶 纯牛奶250ml*24 整箱装
任务领取成功
success

地平线8号（LEVEL8）行李箱旅行箱登机箱密码箱20英寸德国科思创PC箱体男女拉杆箱 黑色（锤科出品）
任务领取成功
success

极米（XGIMI）Play超悦版 投影仪家用 便携户外 音乐投影机（1080P 内置电池 哈曼卡顿音响 全自动梯形校正）
任务领取成功
success

荣耀30 Pro 50倍远摄 麒麟990 5G 4000万超感光摄影 3200W美颜自拍 游戏手机 全网通版8GB+128GB 绿野仙踪
任务领取成功
success

朗迪  碳酸钙D3片(Ⅱ) 60片*3盒  钙+D高维D促吸收
任务领取成功
success

【京东安联】境内旅行险  国内旅游意外保险  户外短期出行
任务领取成功
success

欧乐B电动牙刷 3D声波旋转摆动成人情侣充电式 P2000粉（含刷头*2）博朗精工 张艺兴代言 新年礼物
任务领取成功
success

金沙回沙酒 摘要 53度 500ml*4瓶整箱装 珍品版 酱香型白酒 贵州金沙酱酒 商务宴请送礼 白酒礼盒装
任务领取成功
success

9-浏览新春好物-已完成0-未完成1

浏览新春好物
任务领取成功
success

开始抽奖

14-邀请好友助力-已完成0-未完成3
success

开始抽奖
快去完成任务获得抽奖资格吧

开始第13个抽奖活动

9-浏览当前活动-已完成0-未完成1

浏览当前活动
任务领取成功
success

开始抽奖

9-纵享食刻 味爱吃狂-已完成0-未完成9

纵享食刻 味爱吃狂
任务领取成功
success

新年潮礼半价抢
任务领取成功
success

送美味徐福记
任务领取成功
success

认养一头牛爆款直降
任务领取成功
success

李子柒好戏登场
任务领取成功
success

中国年 送三只松鼠坚果礼
任务领取成功
success

百草味满300减225
任务领取成功
success

伊利新年奶味先到家
任务领取成功
success

1-关注三只松鼠旗舰店-已完成0-未完成8

关注三只松鼠旗舰店
success

关注广州酒家旗舰店
success

关注百草味官方旗舰店
success

关注徐福记官方旗舰店
success

关注认养一头牛官方旗舰店
success

关注良品铺子官方旗舰店
success

关注李子柒旗舰店
success

8-浏览商品-已完成0-未完成15

Lindt瑞士莲软心巧克力200克三盒分享装礼盒 LINDOR巧克力 年货节进口礼品休闲零食 牛奶巧克力200克*3盒
任务领取成功
success

伊利 舒化奶 无乳糖牛奶 低脂型220ml*12盒/箱 零乳糖好吸收 缓解乳糖不耐
任务领取成功
success

良品铺子 甄惜你纯坚果礼盒11袋装 新年礼盒送礼礼包  每日坚果零食大礼包年货大礼包送礼零食随机发货 【8款11袋纯坚果高端礼盒】甄惜你1898g 新老版本随机发货
任务领取成功
success

徐福记 百福锦礼礼盒 零食糕点礼盒 多种零食糖果组合装 国潮风气 精美圆形礼盒 走亲访友选百福锦礼
任务领取成功
success

伊利 舒化 无乳糖牛奶 全脂型220ml*12盒/箱 零乳糖好吸收 缓解乳糖不耐
任务领取成功
success

百草味 坚果大礼包1832g/11袋 随机发混合装网红干果小吃零食整箱年货礼盒腰果碧根果等
任务领取成功
success

徐福记 福到家年货零食糕点礼盒 820g 休闲儿童零食大礼包礼品办公室送礼员工团购福利
任务领取成功
success

广州酒家 金装手信礼盒424g/盒  利口福广式饼酥糕点下午茶点心手信年货送礼礼盒
任务领取成功
success

良品铺子 食食有爱坚果礼盒8袋装 零食年货礼盒送礼年货大礼包 每日坚果新年礼盒送家人福气礼零食大礼包 【经典坚果年货礼盒】食食有爱经典款8袋装 1箱
任务领取成功
success

认养一头牛A2β-酪蛋白牛奶250ml*10盒儿童牛奶纯牛奶营养早餐奶年货精选礼盒健康休闲食品乳品 10盒
任务领取成功
success

YOTIME 新年礼物 糕点礼盒休闲零食 蛋黄酥牛轧糖蛋卷下午茶糕点心伴手礼 年货礼盒送亲人定制团购 年味茶盘糕点礼盒
任务领取成功
success

进口Lindt瑞士莲LINDOR软心黑巧克力600克分享装内含3口味黑巧 年货节节日家庭装 软心黑巧600克分享装
任务领取成功
success

广州酒家 秋之风 大四喜腊味礼盒 广式香肠腊肉特产组合大礼包中华老字号 500g年货送礼
任务领取成功
success

YOTIME 春节年货礼盒休闲食品大礼包 手工曲奇饼干牛轧糖蛋卷礼盒装 糕点心礼盒过年伴手礼企业团购 福满盈双层礼盒
任务领取成功
success

【2提装】认养一头牛 全脂纯牛奶 250ml*12盒*2箱儿童学生成人营养早餐纯奶年货精选整箱 两提装
任务领取成功
success

开始抽奖

开始抽奖

开始抽奖

开始抽奖

开始抽奖

15-精选商品加购-已完成0-未完成10

伊利 舒化奶 无乳糖牛奶 低脂型220ml*12盒/箱 零乳糖好吸收 缓解乳糖不耐
success

广州酒家利口福 天天向上饼酥糕点礼盒 广东手信饼干小吃年货送礼900g
success

百草味 坚果大礼包1832g/11袋 随机发混合装网红干果小吃零食整箱年货礼盒腰果碧根果等
success

伊利 舒化 无乳糖牛奶 全脂型220ml*12盒/箱 零乳糖好吸收 缓解乳糖不耐
success

认养一头牛A2β-酪蛋白牛奶250ml*10盒儿童牛奶纯牛奶营养早餐奶年货精选礼盒健康休闲食品乳品 10盒
success

YOTIME 新年礼物 糕点礼盒休闲零食 蛋黄酥牛轧糖蛋卷下午茶糕点心伴手礼 年货礼盒送亲人定制团购 年味茶盘糕点礼盒
success

广州酒家 秋之风 大四喜腊味礼盒 广式香肠腊肉特产组合大礼包中华老字号 500g年货送礼
success

【2提装】认养一头牛 全脂纯牛奶 250ml*12盒*2箱儿童学生成人营养早餐纯奶年货精选整箱 两提装
success

YOTIME 春节年货礼盒休闲食品大礼包 手工曲奇饼干牛轧糖蛋卷礼盒装 糕点心礼盒过年伴手礼企业团购 福满盈双层礼盒
success

良品铺子 甄惜你纯坚果礼盒11袋装 新年礼盒送礼礼包  每日坚果零食大礼包年货大礼包送礼零食随机发货 【8款11袋纯坚果高端礼盒】甄惜你1898g 新老版本随机发货
success

开始抽奖

14-邀请好友-已完成0-未完成3
success

开始抽奖
快去完成任务获得抽奖资格吧

开始第14个抽奖活动
活动已结束

开始第15个抽奖活动

0-每日签到-已完成0-未完成1
success

1-关注并浏览店铺-已完成0-未完成6

浏览并关注EMPORIO ARMANI官方店
success

浏览并关注SELETTI 官方自营旗舰店
success

浏览并关注MANU ATELIER京东自营官方旗舰店
success

浏览并关注COACH京东自营店
success

浏览并关注卡西欧手表海外旗舰店
success

浏览并关注Sergio Rossi 官方自营旗舰店
success

开始抽奖
京豆:1

开始抽奖
京豆:1

9-浏览年货节会场-已完成0-未完成1

浏览年货节会场页面
任务领取成功
success

开始抽奖
快去完成任务获得抽奖资格吧

9-浏览当前活动页面-已完成0-未完成1

浏览当前活动页面
任务领取成功
success

开始抽奖
京豆:1

21-EMPORIO ARMANI-已完成0-未完成10

15-加购年货节商品-已完成0-未完成6

西铁城网红蓝天使商务潮流光动能多局电波钢带男手表 AT8020-54L
success

PINKO 21SS春夏款 奢侈品 女士经典铆钉装饰迷你链条单肩斜挎包飞鸟包燕子包绿色 1P221YY6XT T14
success

EA7 EMPORIO ARMANI阿玛尼EA7奢侈品20秋冬男士羽绒服 6HPB64-PNN3Z RED-1451红色 M
success

casio卡西欧手表G-SHOCK正品潮流金属风双显防水运动GMA-S120MF男女表电子表 GMA-S120MF-7A2DR
success

法国亚历山大发夹Alexandre De Paris戴安娜发卡甜美蝴蝶结发饰送女友礼物 半弧形 X柔和色
success

CERRUTI 1881男装秋冬商务休闲男士外套短款白鸭羽绒服C40J7EI031 灰色 48
success

开始抽奖
京豆:1

14-邀请好友助力-已完成0-未完成4
success

开始抽奖
快去完成任务获得抽奖资格吧

开始第16个抽奖活动
活动已结束

==============📣系统通知📣==============
京东抽奖机
京东账号：孤傲的小小瞒
抽得京豆：29个
请点击通知跳转至APP查看

🔔京东抽奖机, 结束! 🕛 1667.468 秒

