
🔔京东抽奖机, 开始!
"connect ECONNREFUSED 151.101.108.133:443"

🔔京东抽奖机, 开始!
您的cookie选择的是用&隔开


====================共有2个京东账号Cookie=========

==================脚本执行- 北京时间(UTC+8)：2/7/2021, 1:18:33 AM=====================

共2个京东账号


🔔京东抽奖机, 结束! 🕛 4.155 秒


14-邀人助力任务-已完成0-未完成10
助力已满员！谢谢你哦~

2-【官方旗舰】朵拉朵尚（Doradosun）胶原蛋白面膜女深层补水保湿面膜贴男清洁毛孔紧致肌肤 胶原蛋白面膜-已完成0-未完成2

【官方旗舰】朵拉朵尚（Doradosun）胶原蛋白面膜女深层补水保湿面膜贴男清洁毛孔紧致肌肤 胶原蛋白面膜
success

【送礼佳品】智能手表男士皮带多功能运动户外防水青少年学生电子表蓝牙通话音乐血压心率监测穿戴手环 Q59硅胶黑（来电消息提醒-游戏娱乐-音乐控制等）
success

开始抽奖
京豆:2

开始抽奖
京豆:1

1-大宇电器家电京东自营旗舰店-已完成0-未完成2

大宇电器家电京东自营旗舰店
success

浪凡（LANVIN）香氛京东自营专区
success

开始抽奖

开始抽奖

3-浏览锦鲤红包-已完成0-未完成2

浏览锦鲤红包
success

浏览今日必拼活动
success

开始抽奖
京豆:1

开始抽奖
京豆:5

3-逛京东秒杀频道-已完成0-未完成2

逛京东秒杀频道
success

浏览特价频道
success

开始抽奖

开始抽奖

开始抽奖
快去完成任务获得抽奖资格吧

开始第2个抽奖活动

13-连续签到任务（7天）-已完成0-未完成1
success

14-邀人助力任务-已完成0-未完成10
助力已满员！谢谢你哦~

2-片仔癀灵芝臻养调肤水120ml 保湿补水紧致面部肌肤爽肤水国货护肤品P 灵芝臻养调肤水-已完成0-未完成3

片仔癀灵芝臻养调肤水120ml 保湿补水紧致面部肌肤爽肤水国货护肤品P 灵芝臻养调肤水
success

泊泉雅免洗芦荟胶面膜补水保湿提亮肤色收缩毛孔 3盒+鎹2盒(共150片)
success

舒可乐 12卷原木卷纸无芯卫生纸巾 厕纸4层加厚擦手纸 1提16卷【4层800g】
success

开始抽奖
京豆:2

开始抽奖

3-9.9买到爽-已完成0-未完成2

9.9买到爽
success

查看精选补贴好物
success

开始抽奖
快去完成任务获得抽奖资格吧

3-好物1元抢-已完成0-未完成3

好物1元抢
success

查看京品好物
success

宠汪汪-兑换iPhone
success

开始抽奖

1-汤臣倍健京东自营旗舰店-已完成0-未完成3

汤臣倍健京东自营旗舰店
success

闪魔旗舰店
success

鲜次方旗舰店
success

开始抽奖

21-图书会员-已完成0-未完成3

开始抽奖
快去完成任务获得抽奖资格吧

开始第3个抽奖活动

1-关注丸丝旗舰店-已完成0-未完成6

关注丸丝旗舰店
success

关注欧诺家庭清洁专营店
success

关注薄荷健康官方旗舰店
success

关注菲奥清洁用品专营店
success

关注茶守艺官方旗舰店
success

关注太博尔Tech-Bio官方旗舰店
success

开始抽奖

开始抽奖

8-浏览热卖爆品-已完成0-未完成6

太博尔TECH-BIO免洗手杀菌洗手液凝胶消毒液医通用75%酒精滋润护肤学生户外速干便携防疫家庭组合 【冀卫消证字】500ml
任务领取成功
success

茶守艺（Teaskill）湖南省茶业集团 湖南红茶办公室茶下午茶 袋泡茶包 茶叶 五彩湘茶 湖南红茶
任务领取成功
京东抽奖机CDN缓存刷新成功
success

佳曼 羽绒服清洁湿巾免水洗去油去污干洗剂家用清洗衣物神器 超值装12片x6包
任务领取成功
success

威莱娅(wereal)多用途消毒液家用杀菌率99.999%地板宠物衣物家居除菌液 500ml*1瓶
任务领取成功
success

薄荷健康轻卡零食大礼包女低零食小吃休闲食品脂网红解馋控卡 【18袋尝鲜装】轻卡零食323g
任务领取成功
success

羽绒服清洗剂干洗剂棉衣免水洗神器泡沫去污清洁剂白色羽绒服顽固污渍干洗剂免洗洗涤剂喷雾清洗液 羽绒服清洗剂150g
任务领取成功
success

开始抽奖

开始抽奖
京豆:1

9-浏览欧诺家庭清洁专营店-已完成0-未完成7

浏览欧诺家庭清洁专营店
任务领取成功
success

浏览太博尔Tech-Bio官方旗舰店
任务领取成功
success

浏览爆品会场
任务领取成功
success

浏览薄荷健康官方旗舰店
任务领取成功
success

浏览菲奥清洁用品专营店
任务领取成功
success

浏览丸丝旗舰店
任务领取成功
success

浏览茶守艺官方旗舰店
任务领取成功
success

开始抽奖
京豆:1

14-邀请好友助力-已完成0-未完成3
助力已满员！谢谢你哦~

开始抽奖
快去完成任务获得抽奖资格吧

开始第4个抽奖活动

0-每日签到-已完成0-未完成1
success

1-关注并浏览乐歌店铺-已完成0-未完成3

关注并浏览乐歌店铺
success

关注并浏览黑白调店铺
success

关注并浏览溢彩年华
success

开始抽奖

开始抽奖

21-开通金橡树品牌会员-已完成0-未完成3

8-浏览指定商品-已完成0-未完成3

小木窝 床 实木床1.8米双人床婚床主卧高箱储物床现代中式1.5m雕花大床 床+床垫+床头柜*2【支架结构】 1800*2000
任务领取成功
success

左右 北欧布艺床 大床1.5米 科技布双人床 1.8米 DR098 灰色（82093） 1500*2000mm
任务领取成功
success

左右 北欧布艺床 大床1.5米 科技布双人床 1.8米 DR098 蓝色（82092） 1500*2000mm
任务领取成功
success

开始抽奖

14-邀请好友助力-已完成0-未完成3
助力已满员！谢谢你哦~

9-浏览家具年货节会场-已完成0-未完成1

浏览家具年货节会场
任务领取成功
success

开始抽奖

开始抽奖
快去完成任务获得抽奖资格吧

开始第5个抽奖活动
活动已结束

开始第6个抽奖活动

9-浏览当前页面-已完成0-未完成1

浏览当前页面
任务领取成功
success

开始抽奖
京豆:1

3-浏览当前会场-已完成0-未完成1

浏览当前会场
success

开始抽奖
京豆:1

1-关注塔牌京东自营旗舰店-已完成0-未完成8

关注塔牌京东自营旗舰店
success

关注拍拍严选官方旗舰店
success

关注八马茶业旗舰店
success

关注安儿乐京东自营旗舰店
success

关注新见福食品旗舰店
success

关注古越龙山京东自营旗舰店
success

关注1664啤酒京东自营旗舰店
success

关注五羊京东自营旗舰店
success

开始抽奖

9-浏览精挑细选过潮年会场-已完成0-未完成5

浏览精挑细选过潮年会场
任务领取成功
success

浏览万店嘉年华会场
任务领取成功
success

关注新年囤好物会场
任务领取成功
success

浏览全心全系新潮年会场
任务领取成功
success

浏览年货大集会场
任务领取成功
success

开始抽奖
京豆:1

开始抽奖

26-关注生鲜馆-已完成0-未完成2

关注生鲜馆
success

关注拍拍二手频道
success

开始抽奖

8-浏览爆款商品-已完成0-未完成8

安儿乐ANERLE干爽超薄纸尿裤XL108片(12-17kg)婴儿干爽透气尿不湿
任务领取成功
success

天地壹号 苹果醋饮料330ml*15罐 电商版 新旧版本随机发货
任务领取成功
success

1664啤酒 白啤酒500ml*12听 整箱装（新老包装随机发货）
任务领取成功
success

塔牌 绍兴黄酒 正冬 特型八年  半甜型黄酒 冬酿花雕酒 500ml*6瓶 整箱装 礼盒装 （出口品牌）
任务领取成功
success

八马茶业 茶叶绿茶 特级安吉白茶 茶叶罐装60克
任务领取成功
success

五羊FIVERAM拉拉裤薄薄芯成长裤XXL80片 (15kg以上)婴儿尿不湿超薄透气瞬吸干爽（新旧随机发货）
任务领取成功
success

古越龙山 江湖乖乖 青梅&荔枝&柚子冰沙果酒 85ml*3
任务领取成功
success

Asahi朝日啤酒（超爽生）330ml*24听 整箱装
任务领取成功
success

开始抽奖
京豆:1

2-浏览爆款商品-已完成0-未完成8

安儿乐ANERLE干爽超薄纸尿裤XL108片(12-17kg)婴儿干爽透气尿不湿
success

天地壹号 苹果醋饮料330ml*15罐 电商版 新旧版本随机发货
success

1664啤酒 白啤酒500ml*12听 整箱装（新老包装随机发货）
success

塔牌 绍兴黄酒 正冬 特型八年  半甜型黄酒 冬酿花雕酒 500ml*6瓶 整箱装 礼盒装 （出口品牌）
success

八马茶业 茶叶绿茶 特级安吉白茶 茶叶罐装60克
success

五羊FIVERAM拉拉裤薄薄芯成长裤XXL80片 (15kg以上)婴儿尿不湿超薄透气瞬吸干爽（新旧随机发货）
success

古越龙山 江湖乖乖 青梅&荔枝&柚子冰沙果酒 85ml*3
success

Asahi朝日啤酒（超爽生）330ml*24听 整箱装
success

开始抽奖
快去完成任务获得抽奖资格吧

21-开通五羊品牌会员-已完成0-未完成8

14-邀请好友助力-已完成0-未完成3
助力已满员！谢谢你哦~

开始抽奖
快去完成任务获得抽奖资格吧

开始第7个抽奖活动

9--已完成0-未完成6

undefined
任务领取成功
success

undefined
任务领取成功
success

1-科大讯飞旗舰店-已完成0-未完成5

科大讯飞旗舰店
success

霸天安办公设备京东自营旗舰店
success

AFTERSHOKZ京东自营官方旗舰店
success

JBL蓝牙音箱旗舰店
success

DIVO旗舰店
success

开始抽奖
京豆:1

21-开通小度会员-已完成0-未完成5

8-联想ThinkPad X1 Carbon 2020 英特尔酷睿i5/i7 14英寸轻薄商务笔记本电脑 i7-10510U 16-已完成0-未完成6

联想ThinkPad X1 Carbon 2020 英特尔酷睿i5/i7 14英寸轻薄商务笔记本电脑 i7-10510U 16
任务领取成功
success

【终身高清影视VIP】华为海思芯片电视盒子网络机顶盒4k高清可投屏5G直播电视盒子 5G双频融合版【华为海思芯】+语音双遥控 
任务领取成功
success

AFTERSHOKZ 韶音AS800 Aeropex 骨传导蓝牙耳机运动无线耳骨传导耳机跑步骑行 曜夜黑
任务领取成功
success

西部数据（WD）蓝盘 1TB  7200转64MB  3.5英寸台式机械电脑硬盘 SATA3 6Gb
任务领取成功
success

dahua大华摄像头 200万POE红外监控设备网络摄像头DH-IPC-HDW1230C-A 镜头 3.6MM
任务领取成功
success

闪克（Sudotack） USB电脑麦克风游戏录课直播电容麦全向收音会议话筒手机电脑有线即插即用 AU-902电脑麦+即插即用
任务领取成功
success

开始抽奖

14-邀请好友助力-已完成0-未完成4
助力已满员！谢谢你哦~

9-浏览当前活动-已完成0-未完成1

浏览当前活动
任务领取成功
success

开始抽奖
快去完成任务获得抽奖资格吧

19-购买热门商品-已完成0-未完成6

开始抽奖
快去完成任务获得抽奖资格吧

开始第8个抽奖活动

25-完成并分享趣味评测-已完成0-未完成6

完成"新冠疫苗"趣味评测
活动太火爆啦
请稍后尝试~

完成"年货青年"趣味评测
活动太火爆啦
请稍后尝试~

完成“健康人设”趣味评测
活动太火爆啦
请稍后尝试~

完成“年终聚会”趣味评测
活动太火爆啦
请稍后尝试~

完成“健康返乡”趣味评测
活动太火爆啦
请稍后尝试~

14-邀请好友助力-已完成0-未完成4
助力已满员！谢谢你哦~

9-浏览当前会场-已完成0-未完成1

浏览当前会场
任务领取成功
success

开始抽奖

9-浏览年货节会场-已完成0-未完成7

浏览年货节会场
任务领取成功
success

浏览服务会场
任务领取成功
success

浏览医药会场
任务领取成功
success

浏览送礼会场
任务领取成功
success

浏览京东家医孝心版
任务领取成功
success

浏览新人会场
任务领取成功
success

浏览直播会场
任务领取成功
success

开始抽奖

26-关注互联网医院频道-已完成0-未完成2

关注互联网医院频道
success

关注看病购药频道
success

开始抽奖
京豆:1

21-开通海外直采品牌会员-已完成0-未完成8

开始抽奖
快去完成任务获得抽奖资格吧

开始第9个抽奖活动

0-每日签到-已完成0-未完成1
success

21-开通"雪花秀"品牌会员-已完成0-未完成1

1-关注并浏览雪花秀店铺-已完成0-未完成1

关注并浏览雪花秀店铺
success

开始抽奖
京豆:1

14-邀请好友助力-已完成0-未完成4
助力已满员！谢谢你哦~

15-加购指定商品-已完成0-未完成6

雪花秀气垫bb霜致美养肤气垫粉底液15g(赠替换芯15g)21号自然粉色（化妆品遮瑕保湿）情人节礼物
success

雪花秀雪御活颜菁萃面霜50ml（柔滑弹润 补水保湿 护肤品 韩国进口）情人节礼物
success

雪花秀（Sulwhasoo）男士本润乳液90ml（化妆品 男士护肤 乳液 护肤品 ）
success

雪花秀气垫bb霜致美润白气垫粉底液15g(赠替换芯15g)21号自然粉 防晒遮瑕保湿 情人节礼物
success

雪花秀生人参焕颜精华露30ml护肤品套装礼盒（时光宝盒 紧致肌肤 改善毛孔）情人节礼物
success

雪花秀（Sulwhasoo）滋盈肌本紧致面霜75ml（补水保湿 滋润 护肤品女 韩国进口）情人节礼物
success

开始抽奖

8-浏览指定商品-已完成0-未完成6

雪花秀滋盈生人参焕颜高保湿修护滋养面霜60ml(补水滋养 提拉紧致 提亮肤色 淡化细纹）情人节礼物
任务领取成功
success

雪花秀滋盈肌本润颜水乳护肤品套装礼盒(润颜水125ml+润颜乳125ml)补水保湿 情人节礼物
任务领取成功
success

雪花秀滋盈生人参护肤品礼盒套装(水125ml+乳125ml+精华30ml+面霜30ml)情人节礼物
任务领取成功
success

雪花秀玉璨净柔撕拉面膜免水洗清洁面膜150ml（细腻毛孔 保湿滋润 深层清洁 提亮肤色）情人节礼物
任务领取成功
success

雪花秀时光安瓶滋盈生人参密集修护精华液20g（舒缓泛红 修护微损伤 紧致肌肤）情人节礼物
任务领取成功
success

雪花秀明星肌本水乳精华护肤品套装礼盒(水125ml+乳125ml+精华60ml+6件小样）情人节礼物
任务领取成功
success

开始抽奖

9-浏览当前页面-已完成0-未完成1

浏览当前页面
任务领取成功
浏览时长不足，任务未完成

开始抽奖
快去完成任务获得抽奖资格吧

开始抽奖
快去完成任务获得抽奖资格吧

开始第10个抽奖活动

9-浏览童装主会场-已完成0-未完成1

浏览童装主会场
任务领取成功
success

开始抽奖

26-关注并浏览童装甄选馆-已完成0-未完成1

关注并浏览童装甄选馆
success

开始抽奖
快去完成任务获得抽奖资格吧

21-开通基诺浦品牌会员-已完成0-未完成22

14-邀请好友助力-已完成0-未完成4
助力已满员！谢谢你哦~

1-关注并浏览店铺-已完成0-未完成8

SKECHERS斯凯奇儿童旗舰店
success

阿迪达斯（adidas）童装童鞋京东自营专区
success

Mini Balabala童装旗舰店
success

卡特兔官方旗舰店
success

巴拉巴拉官方旗舰店
success

小猪班纳官方旗舰店
success

安踏儿童旗舰店
success

bobdog巴布豆童鞋旗舰店
success

开始抽奖

8-浏览指定商品-已完成0-未完成6

李宁童鞋儿童运动鞋男女小童拼色设计轻便防滑一脚蹬国潮运动鞋YKNQ116-3晶蓝色/藏青蓝27
任务领取成功
success

马拉丁童装女童毛衣背心2021春季新款撞色艺术感满底提花针织马甲 大红 90cm
任务领取成功
success

【新年系列】MQD童装男女童卫衣21春新款宝宝卡通套头洋气拜年服 中国红 100cm
任务领取成功
success

Skechers斯凯奇 童鞋亲子熊猫鞋复古老爹鞋664094L 浅粉色 36
任务领取成功
success

迪士尼童装男童套装新年装2021春装新款洋气儿童宝宝时尚卡通卫衣裤子两件套 大红 110cm
任务领取成功
success

MIKIHOUSE学步鞋男女童鞋日本制经典央视获奖学步鞋一、二段婴幼儿宝宝运动鞋耐磨防滑 红色 11.5CM
任务领取成功
success

开始抽奖
快去完成任务获得抽奖资格吧

开始抽奖
快去完成任务获得抽奖资格吧

开始第11个抽奖活动

0-每日签到-已完成0-未完成1
success

9-去逛逛横店家电馆-已完成0-未完成1

去逛逛横店家电馆
任务领取成功
success

开始抽奖

9-浏览数码电器馆-已完成0-未完成8

浏览数码电器馆
任务领取成功
success

浏览旅游年货节会场
任务领取成功
success

浏览生活服务会场
任务领取成功
success

浏览家电馆
任务领取成功
success

浏览飞利浦会场
任务领取成功
success

浏览海尔店铺会场
任务领取成功
success

浏览家电大促主会场
任务领取成功
success

浏览家电品牌盛典会场
任务领取成功
success

开始抽奖

开始抽奖

1-浏览关注飞利浦旗舰店-已完成0-未完成10

浏览关注飞利浦旗舰店
success

浏览关注欧乐B旗舰店
success

浏览关注平遥文旅店铺
success

浏览关注海尔旗舰店
success

浏览关注科沃斯旗舰店
success

浏览关注横店旗舰店
success

浏览关注西门子旗舰店
success

浏览关注美菱旗舰店
success

浏览关注LG旗舰店
success

浏览关注长虹旗舰店
success

开始抽奖
京豆:1

开始抽奖
京豆:1

开始抽奖

8-浏览爆款商品-已完成0-未完成8

美菱(MELING)503升 M鲜生旗舰十字对开多门冰箱 水分子保鲜 变频风冷无霜 杀菌净味BCD-503WPU9CA
任务领取成功
success

LG 纤慧系列 10.5公斤滚筒洗衣机全自动 AI变频直驱 洗烘一体 95℃高温洗 6种智能手洗 白FLX10M4W
任务领取成功
success

科沃斯 Ecovacs 地宝T8 Power扫地机器人激光导航规划全自动扫拖擦拖地机智能家用吸尘器DLX11-22
任务领取成功
success

美菱(MELING)629升 对开门冰箱双开门 一级能效风冷双变频 净味抗菌 -32度速冻 大容量电冰箱 BCD-629WPUCX
任务领取成功
success

海尔（Haier）滚筒洗衣机全自动 BlingBling彩装机 智能配给 洗烘一体13kg直驱变频 XQG130-HBM14176LU1
任务领取成功
success

西门子(SIEMENS) 502升 变频风冷无霜冰箱双开门对开门冰箱 超薄  玻璃门 （灰色）BCD-502W(KA50SE43TI)
任务领取成功
success

【提前票丨组合套票】提前预订，各人群均有优惠 提前预订套票 2日游丨白天3景区+梦幻谷 成人票
任务领取成功
success

欧乐B电动牙刷 充电式 iO云感刷卓越清洁版  iO微震科技非声波  成人情侣（黑色）
任务领取成功
success

开始抽奖

21-开通美菱品牌会员-已完成0-未完成5

14-邀请好友助力-已完成0-未完成3
助力已满员！谢谢你哦~

开始抽奖
快去完成任务获得抽奖资格吧

开始第12个抽奖活动

1-浏览并关注店铺-已完成0-未完成7

浏览并关注店铺
success

关注京东安联
success

关注金沙店铺
success

关注朗迪自营店
success

关注极米自营旗舰店
success

关注泸州老窖店
success

9-浏览小米会场-已完成0-未完成5

浏览小米会场
任务领取成功
success

浏览箱包会场
任务领取成功
success

浏览会场
任务领取成功
success

浏览牛奶会场
任务领取成功
success

浏览零食会场
任务领取成功
success

开始抽奖

开始抽奖

9-浏览音频会场-已完成0-未完成5

浏览音频会场
任务领取成功
success

浏览水饮会场
任务领取成功
success

浏览海尔会场
任务领取成功
success

浏览欧乐B会场
任务领取成功
success

国密董酒会场
任务领取成功
success

开始抽奖
京豆:1

8-浏览新春热卖商品-已完成0-未完成16

地平线8号（LEVEL8）行李箱旅行箱登机箱密码箱20英寸德国科思创PC箱体男女拉杆箱 黑色（锤科出品）
任务领取成功
success

金沙回沙酒 摘要 53度 500ml*4瓶整箱装 珍品版 酱香型白酒 贵州金沙酱酒 商务宴请送礼 白酒礼盒装
任务领取成功
success

极米（XGIMI）Play超悦版 投影仪家用 便携户外 音乐投影机（1080P 内置电池 哈曼卡顿音响 全自动梯形校正）
任务领取成功
success

百事可乐 Pepsi  汽水 碳酸饮料 细长罐330ml*24听 百事出品
任务领取成功
success

新西兰原装进口牛奶 安佳（Anchor）低脂高钙牛奶 纯牛奶250ml*24 整箱装
任务领取成功
success

荣耀30 Pro 50倍远摄 麒麟990 5G 4000万超感光摄影 3200W美颜自拍 游戏手机 全网通版8GB+128GB 绿野仙踪
任务领取成功
success

朗迪  碳酸钙D3片(Ⅱ) 60片*3盒  钙+D高维D促吸收
任务领取成功
success

【京东安联】境内旅行险  国内旅游意外保险  户外短期出行
任务领取成功
success

9-浏览新春好物-已完成0-未完成1

浏览新春好物
任务领取成功
success

开始抽奖

14-邀请好友助力-已完成0-未完成3
助力已满员！谢谢你哦~

开始抽奖
快去完成任务获得抽奖资格吧

开始第13个抽奖活动
活动已结束

开始第14个抽奖活动
活动已结束

开始第15个抽奖活动

0-每日签到-已完成0-未完成1
success

1-关注并浏览店铺-已完成0-未完成6

浏览并关注ARMANI EXCHANGE官方店
success

浏览并关注Alexandre De Paris官方旗舰店
success

浏览并关注Sergio Rossi 官方自营旗舰店
success

浏览并关注COACH京东自营店
success

浏览并关注SELETTI 官方自营旗舰店
success

浏览并关注Yohji Yamamoto 官方自营旗舰店
success

开始抽奖
京豆:1

开始抽奖
京豆:1

开始抽奖
京豆:1

9-浏览年货节会场-已完成0-未完成1

浏览年货节会场页面
任务领取成功
success

开始抽奖
快去完成任务获得抽奖资格吧

9-浏览当前活动页面-已完成0-未完成1

浏览当前活动页面
任务领取成功
success

开始抽奖
京豆:1

21-RIMOWA-已完成0-未完成10

15-加购年货节商品-已完成0-未完成6

梵克雅宝VCA四叶草项链红玉髓女时尚项链玫瑰金镶红玉髓小号 VCARN59M00 礼盒 红玉髓VCARN59M00
success

Giuseppe ZanottiGZ男士SS21新年限定Bloom系列Talo运动板鞋 001黑色 39
success

路易威登LV女包经典老花棋盘格帆布按钮开合链条包手包FELICIE三合一长款手提钱包 M6127礼物 棕色老花M61276现货
success

阿玛尼手表女（Emporio Armani）钢带满天星石英女士腕表商务百搭时尚镶钻经典款女表 经典满天星 AR11244
success

爱马仕（Hermes）女士项链POP H珐琅椭圆吊坠项链生日礼物 多色可选 情人节礼物 白色吊坠+玫瑰金色链  mini款
success

COACH 蔻驰 奢侈品 女士贝壳包单肩手提包皮质 黑色 小号 F27591IMBLK
success

开始抽奖

14-邀请好友助力-已完成0-未完成4
助力已满员！谢谢你哦~

开始抽奖
快去完成任务获得抽奖资格吧

开始第16个抽奖活动
活动已结束

==============📣系统通知📣==============
京东抽奖机
京东账号：迷糊虫啊
抽得京豆：27个
请点击通知跳转至APP查看

***************开始京东账号2***************

14-邀人助力任务-已完成0-未完成10
success

2-杭丝府 真丝丝巾女桑蚕丝缎面围巾百搭长款披肩女夏季薄杭州丝绸 爱丽舍-棕粉-已完成0-未完成2

杭丝府 真丝丝巾女桑蚕丝缎面围巾百搭长款披肩女夏季薄杭州丝绸 爱丽舍-棕粉
success

韩束 面膜玻尿酸男女护肤化妆品套装礼盒 补水保湿清洁 玻尿酸水库保湿面膜25ml*30片
success

开始抽奖

开始抽奖
京豆:2

1-大宇电器家电京东自营旗舰店-已完成0-未完成2

大宇电器家电京东自营旗舰店
success

浪凡（LANVIN）香氛京东自营专区
success

开始抽奖
京豆:2

开始抽奖
京豆:2

3-浏览今日必拼活动-已完成0-未完成2

浏览今日必拼活动
success

浏览锦鲤红包
success

开始抽奖
京豆:5

开始抽奖
京豆:1

3-逛京东秒杀频道-已完成0-未完成2

逛京东秒杀频道
success

浏览特价频道
success

开始抽奖
京豆:2

开始抽奖

开始抽奖
快去完成任务获得抽奖资格吧

开始第2个抽奖活动

13-连续签到任务（7天）-已完成0-未完成1
success

14-邀人助力任务-已完成0-未完成10
success

2-珀莱雅（PROYA） 爽肤水女补水保湿水精华化妆水收缩毛孔控油柔肤水护肤 靓白芯肌晶采美肌水150ml-已完成0-未完成3

珀莱雅（PROYA） 爽肤水女补水保湿水精华化妆水收缩毛孔控油柔肤水护肤 靓白芯肌晶采美肌水150ml
success

泊泉雅免洗芦荟胶面膜补水保湿提亮肤色收缩毛孔 3盒+鎹2盒(共150片)
success

七匹狼男士内裤男纯棉内裤字母印花男士平角内裤（4条装） 纯棉狼头印花 XL(175/90)
success

开始抽奖
京豆:2

3-9.9买到爽-已完成0-未完成2

9.9买到爽
success

查看精选补贴好物
success

开始抽奖
快去完成任务获得抽奖资格吧

3-好物1元抢-已完成0-未完成3

好物1元抢
success

查看京品好物
success

宠汪汪-兑换iPhone
success

开始抽奖

1-汤臣倍健京东自营旗舰店-已完成0-未完成3

汤臣倍健京东自营旗舰店
success

闪魔旗舰店
success

鲜次方旗舰店
success

开始抽奖
快去完成任务获得抽奖资格吧

21-图书会员-已完成0-未完成3

开始抽奖
快去完成任务获得抽奖资格吧

开始第3个抽奖活动

1-关注菲奥清洁用品专营店-已完成0-未完成6

关注菲奥清洁用品专营店
success

关注茶守艺官方旗舰店
success

关注太博尔Tech-Bio官方旗舰店
success

关注丸丝旗舰店
success

关注欧诺家庭清洁专营店
success

关注薄荷健康官方旗舰店
success

开始抽奖
京豆:1

8-浏览热卖爆品-已完成0-未完成6

茶守艺（Teaskill）湖南省茶业集团 湖南红茶办公室茶下午茶 袋泡茶包 茶叶 五彩湘茶 湖南红茶
任务领取成功
success

佳曼 羽绒服清洁湿巾免水洗去油去污干洗剂家用清洗衣物神器 超值装12片x6包
任务领取成功
success

威莱娅(wereal)多用途消毒液家用杀菌率99.999%地板宠物衣物家居除菌液 500ml*1瓶
任务领取成功
success

薄荷健康轻卡零食大礼包女低零食小吃休闲食品脂网红解馋控卡 【18袋尝鲜装】轻卡零食323g
任务领取成功
success

羽绒服清洗剂干洗剂棉衣免水洗神器泡沫去污清洁剂白色羽绒服顽固污渍干洗剂免洗洗涤剂喷雾清洗液 羽绒服清洗剂150g
任务领取成功
success

太博尔TECH-BIO免洗手杀菌洗手液凝胶消毒液医通用75%酒精滋润护肤学生户外速干便携防疫家庭组合 【冀卫消证字】500ml
任务领取成功
success

开始抽奖
京豆:1

9-浏览爆品会场-已完成0-未完成7

浏览爆品会场
任务领取成功
success

浏览薄荷健康官方旗舰店
任务领取成功
success

浏览菲奥清洁用品专营店
任务领取成功
success

浏览丸丝旗舰店
任务领取成功
success

浏览茶守艺官方旗舰店
任务领取成功
success

浏览欧诺家庭清洁专营店
任务领取成功
success

浏览太博尔Tech-Bio官方旗舰店
任务领取成功
success

开始抽奖

14-邀请好友助力-已完成0-未完成3
success

开始抽奖
快去完成任务获得抽奖资格吧

开始第4个抽奖活动

0-每日签到-已完成0-未完成1
success

1-关注并浏览瑞仕达店铺-已完成0-未完成3

关注并浏览瑞仕达店铺
success

关注并浏览溢彩年华
success

关注并浏览林氏木业
success

开始抽奖

21-开通永艺品牌会员-已完成0-未完成3

8-浏览指定商品-已完成0-未完成3

松堡王国北欧简约全实木床儿童高低床彩条双层床上下铺两层床男女公主床（无书架）  蓝绿条爬梯款（不含床中书架）年后首批发货 1350*1900
任务领取成功
success

全友家居 餐桌椅组合 伸缩折叠岩板餐桌/钢化玻璃餐桌 实木框架家用小户型吃饭桌子方桌圆桌DW1028 DW1028A岩板餐桌灰（1.3m款）+餐椅*6
任务领取成功
success

欧普（oupu）电动晾衣架 智能遥控四杆晾衣机 阳台自动升降集成吊顶晒衣架自然风干 太空银（经典款）四杆+LED照明
任务领取成功
success

开始抽奖

14-邀请好友助力-已完成0-未完成3
success

9-浏览家具年货节会场-已完成0-未完成1

浏览家具年货节会场
任务领取成功
success

开始抽奖

开始抽奖
快去完成任务获得抽奖资格吧

开始第5个抽奖活动
活动已结束

开始第6个抽奖活动

9-浏览当前页面-已完成0-未完成1

浏览当前页面
任务领取成功
success

开始抽奖

3-浏览当前会场-已完成0-未完成1

浏览当前会场
success

开始抽奖

1-关注八马茶业旗舰店-已完成0-未完成8

关注八马茶业旗舰店
success

关注安儿乐京东自营旗舰店
success

关注新见福食品旗舰店
success

关注古越龙山京东自营旗舰店
success

关注1664啤酒京东自营旗舰店
success

关注五羊京东自营旗舰店
success

关注塔牌京东自营旗舰店
success

关注拍拍严选官方旗舰店
success

开始抽奖

开始抽奖

9-浏览万店嘉年华会场-已完成0-未完成5

浏览万店嘉年华会场
任务领取成功
success

浏览年货大集会场
任务领取成功
success

关注新年囤好物会场
任务领取成功
success

浏览全心全系新潮年会场
任务领取成功
success

浏览精挑细选过潮年会场
任务领取成功
success

开始抽奖
京豆:1

开始抽奖

26-关注生鲜馆-已完成0-未完成2

关注生鲜馆
success

关注拍拍二手频道
success

开始抽奖
快去完成任务获得抽奖资格吧

8-浏览爆款商品-已完成0-未完成8

安儿乐ANERLE干爽超薄纸尿裤XL108片(12-17kg)婴儿干爽透气尿不湿
任务领取成功
success

天地壹号 苹果醋饮料330ml*15罐 电商版 新旧版本随机发货
任务领取成功
success

1664啤酒 白啤酒500ml*12听 整箱装（新老包装随机发货）
任务领取成功
success

塔牌 绍兴黄酒 正冬 特型八年  半甜型黄酒 冬酿花雕酒 500ml*6瓶 整箱装 礼盒装 （出口品牌）
任务领取成功
success

八马茶业 茶叶绿茶 特级安吉白茶 茶叶罐装60克
任务领取成功
success

五羊FIVERAM拉拉裤薄薄芯成长裤XXL80片 (15kg以上)婴儿尿不湿超薄透气瞬吸干爽（新旧随机发货）
任务领取成功
success

古越龙山 江湖乖乖 青梅&荔枝&柚子冰沙果酒 85ml*3
任务领取成功
success

Asahi朝日啤酒（超爽生）330ml*24听 整箱装
任务领取成功
success

开始抽奖

2-浏览爆款商品-已完成0-未完成8

安儿乐ANERLE干爽超薄纸尿裤XL108片(12-17kg)婴儿干爽透气尿不湿
success

天地壹号 苹果醋饮料330ml*15罐 电商版 新旧版本随机发货
success

1664啤酒 白啤酒500ml*12听 整箱装（新老包装随机发货）
success

塔牌 绍兴黄酒 正冬 特型八年  半甜型黄酒 冬酿花雕酒 500ml*6瓶 整箱装 礼盒装 （出口品牌）
success

八马茶业 茶叶绿茶 特级安吉白茶 茶叶罐装60克
success

五羊FIVERAM拉拉裤薄薄芯成长裤XXL80片 (15kg以上)婴儿尿不湿超薄透气瞬吸干爽（新旧随机发货）
success

古越龙山 江湖乖乖 青梅&荔枝&柚子冰沙果酒 85ml*3
success

Asahi朝日啤酒（超爽生）330ml*24听 整箱装
success

开始抽奖
京豆:1

21-开通五羊品牌会员-已完成0-未完成8

14-邀请好友助力-已完成0-未完成3
success

开始抽奖
快去完成任务获得抽奖资格吧

开始第7个抽奖活动

9--已完成0-未完成6

undefined
任务领取成功
success

undefined
任务领取成功
success

1-霸天安办公设备京东自营旗舰店-已完成0-未完成5

霸天安办公设备京东自营旗舰店
success

AFTERSHOKZ京东自营官方旗舰店
success

JBL蓝牙音箱旗舰店
success

DIVO旗舰店
success

科大讯飞旗舰店
success

开始抽奖
京豆:1

开始抽奖

21-开通志仕数码会员-已完成0-未完成5

8-西部数据（WD）蓝盘 1TB  7200转64MB  3.5英寸台式机械电脑硬盘 SATA3 6Gb-已完成0-未完成6

西部数据（WD）蓝盘 1TB  7200转64MB  3.5英寸台式机械电脑硬盘 SATA3 6Gb
任务领取成功
success

dahua大华摄像头 200万POE红外监控设备网络摄像头DH-IPC-HDW1230C-A 镜头 3.6MM
任务领取成功
success

闪克（Sudotack） USB电脑麦克风游戏录课直播电容麦全向收音会议话筒手机电脑有线即插即用 AU-902电脑麦+即插即用
任务领取成功
success

联想ThinkPad X1 Carbon 2020 英特尔酷睿i5/i7 14英寸轻薄商务笔记本电脑 i7-10510U 16
任务领取成功
success

【终身高清影视VIP】华为海思芯片电视盒子网络机顶盒4k高清可投屏5G直播电视盒子 5G双频融合版【华为海思芯】+语音双遥控 
任务领取成功
success

AFTERSHOKZ 韶音AS800 Aeropex 骨传导蓝牙耳机运动无线耳骨传导耳机跑步骑行 曜夜黑
任务领取成功
success

开始抽奖
快去完成任务获得抽奖资格吧

14-邀请好友助力-已完成0-未完成4
success

9-浏览当前活动-已完成0-未完成1

浏览当前活动
任务领取成功
success

开始抽奖

19-购买热门商品-已完成0-未完成6

开始抽奖
快去完成任务获得抽奖资格吧

开始第8个抽奖活动

25-完成并分享趣味评测-已完成0-未完成6

完成"新冠疫苗"趣味评测
活动太火爆啦
请稍后尝试~

完成"年货青年"趣味评测
活动太火爆啦
请稍后尝试~

完成“健康人设”趣味评测
活动太火爆啦
请稍后尝试~

完成“年终聚会”趣味评测
活动太火爆啦
请稍后尝试~

完成“健康返乡”趣味评测
活动太火爆啦
请稍后尝试~

14-邀请好友助力-已完成0-未完成4
success

9-浏览当前会场-已完成0-未完成1

浏览当前会场
任务领取成功
success

开始抽奖
快去完成任务获得抽奖资格吧

9-浏览年货节会场-已完成0-未完成7

浏览年货节会场
任务领取成功
success

浏览新人会场
任务领取成功
success

浏览京东家医孝心版
任务领取成功
success

浏览服务会场
任务领取成功
success

浏览直播会场
任务领取成功
success

浏览送礼会场
任务领取成功
success

浏览医药会场
任务领取成功
success

开始抽奖
京豆:1

开始抽奖

26-关注看病购药频道-已完成0-未完成2

关注看病购药频道
success

关注互联网医院频道
success

开始抽奖

21-开通济民可信品牌会员-已完成0-未完成8

开始抽奖
快去完成任务获得抽奖资格吧

开始第9个抽奖活动

0-每日签到-已完成0-未完成1
success

21-开通"雪花秀"品牌会员-已完成0-未完成1

1-关注并浏览雪花秀店铺-已完成0-未完成1

关注并浏览雪花秀店铺
success

开始抽奖
京豆:1

14-邀请好友助力-已完成0-未完成4
success

15-加购指定商品-已完成0-未完成6

雪花秀滋盈生人参护肤品礼盒套装(水125ml+乳125ml+精华30ml+面霜30ml)情人节礼物
success

雪花秀气垫bb霜致美养肤气垫粉底液15g(赠替换芯15g)21号自然粉色（化妆品遮瑕保湿）情人节礼物
success

雪花秀雪御活颜菁萃面霜50ml（柔滑弹润 补水保湿 护肤品 韩国进口）情人节礼物
success

雪花秀（Sulwhasoo）男士本润乳液90ml（化妆品 男士护肤 乳液 护肤品 ）
success

雪花秀气垫bb霜致美润白气垫粉底液15g(赠替换芯15g)21号自然粉 防晒遮瑕保湿 情人节礼物
success

雪花秀生人参焕颜精华露30ml护肤品套装礼盒（时光宝盒 紧致肌肤 改善毛孔）情人节礼物
success

开始抽奖

8-浏览指定商品-已完成0-未完成6

雪花秀滋盈肌本润颜水乳护肤品套装礼盒(润颜水125ml+润颜乳125ml)补水保湿 情人节礼物
任务领取成功
success

雪花秀滋盈生人参护肤品礼盒套装(水125ml+乳125ml+精华30ml+面霜30ml)情人节礼物
任务领取成功
success

雪花秀玉璨净柔撕拉面膜免水洗清洁面膜150ml（细腻毛孔 保湿滋润 深层清洁 提亮肤色）情人节礼物
任务领取成功
success

雪花秀时光安瓶滋盈生人参密集修护精华液20g（舒缓泛红 修护微损伤 紧致肌肤）情人节礼物
任务领取成功
success

雪花秀明星肌本水乳精华护肤品套装礼盒(水125ml+乳125ml+精华60ml+6件小样）情人节礼物
任务领取成功
success

雪花秀滋盈生人参焕颜高保湿修护滋养面霜60ml(补水滋养 提拉紧致 提亮肤色 淡化细纹）情人节礼物
任务领取成功
success

开始抽奖

9-浏览当前页面-已完成0-未完成1

浏览当前页面
任务领取成功
浏览时长不足，任务未完成

开始抽奖
快去完成任务获得抽奖资格吧

开始抽奖
快去完成任务获得抽奖资格吧

开始第10个抽奖活动

9-浏览童装主会场-已完成0-未完成1

浏览童装主会场
任务领取成功
success

开始抽奖
快去完成任务获得抽奖资格吧

26-关注并浏览童装甄选馆-已完成0-未完成1

关注并浏览童装甄选馆
success

开始抽奖
快去完成任务获得抽奖资格吧

21-开通小猪班纳儿童会员-已完成0-未完成22

14-邀请好友助力-已完成0-未完成4
success

1-关注并浏览店铺-已完成0-未完成8

bobdog巴布豆童鞋旗舰店
success

江博士旗舰店
success

361度童装官方旗舰店
success

FILA童装旗舰店
success

MQD旗舰店
success

安踏儿童旗舰店
success

阿迪达斯（adidas）童装童鞋京东自营专区
success

Mini Balabala童装旗舰店
success

开始抽奖

8-浏览指定商品-已完成0-未完成6

迪士尼童装男童套装新年装2021春装新款洋气儿童宝宝时尚卡通卫衣裤子两件套 大红 110cm
任务领取成功
success

MIKIHOUSE学步鞋男女童鞋日本制经典央视获奖学步鞋一、二段婴幼儿宝宝运动鞋耐磨防滑 红色 11.5CM
任务领取成功
success

李宁童鞋儿童运动鞋男女小童拼色设计轻便防滑一脚蹬国潮运动鞋YKNQ116-3晶蓝色/藏青蓝27
任务领取成功
success

马拉丁童装女童毛衣背心2021春季新款撞色艺术感满底提花针织马甲 大红 90cm
任务领取成功
success

【新年系列】MQD童装男女童卫衣21春新款宝宝卡通套头洋气拜年服 中国红 100cm
任务领取成功
success

Skechers斯凯奇 童鞋亲子熊猫鞋复古老爹鞋664094L 浅粉色 36
任务领取成功
success

开始抽奖
快去完成任务获得抽奖资格吧

开始抽奖
快去完成任务获得抽奖资格吧

开始第11个抽奖活动

0-每日签到-已完成0-未完成1
success

9-去逛逛横店家电馆-已完成0-未完成1

去逛逛横店家电馆
任务领取成功
success

开始抽奖
京豆:1

9-浏览家电馆-已完成0-未完成8

浏览家电馆
任务领取成功
success

浏览飞利浦会场
任务领取成功
success

浏览海尔店铺会场
任务领取成功
success

浏览家电大促主会场
任务领取成功
success

浏览家电品牌盛典会场
任务领取成功
success

浏览数码电器馆
任务领取成功
success

浏览旅游年货节会场
任务领取成功
success

浏览生活服务会场
任务领取成功
success

开始抽奖

开始抽奖

1-浏览关注美菱旗舰店-已完成0-未完成10

浏览关注美菱旗舰店
success

浏览关注海尔旗舰店
success

浏览关注飞利浦旗舰店
success

浏览关注西门子旗舰店
success

浏览关注横店旗舰店
success

浏览关注欧乐B旗舰店
success

浏览关注平遥文旅店铺
success

浏览关注科沃斯旗舰店
success

浏览关注LG旗舰店
success

浏览关注长虹旗舰店
success

开始抽奖

开始抽奖

8-浏览爆款商品-已完成0-未完成8

美菱(MELING)503升 M鲜生旗舰十字对开多门冰箱 水分子保鲜 变频风冷无霜 杀菌净味BCD-503WPU9CA
任务领取成功
success

LG 纤慧系列 10.5公斤滚筒洗衣机全自动 AI变频直驱 洗烘一体 95℃高温洗 6种智能手洗 白FLX10M4W
任务领取成功
success

科沃斯 Ecovacs 地宝T8 Power扫地机器人激光导航规划全自动扫拖擦拖地机智能家用吸尘器DLX11-22
任务领取成功
success

美菱(MELING)629升 对开门冰箱双开门 一级能效风冷双变频 净味抗菌 -32度速冻 大容量电冰箱 BCD-629WPUCX
任务领取成功
success

海尔（Haier）滚筒洗衣机全自动 BlingBling彩装机 智能配给 洗烘一体13kg直驱变频 XQG130-HBM14176LU1
任务领取成功
success

西门子(SIEMENS) 502升 变频风冷无霜冰箱双开门对开门冰箱 超薄  玻璃门 （灰色）BCD-502W(KA50SE43TI)
任务领取成功
success

【提前票丨组合套票】提前预订，各人群均有优惠 提前预订套票 2日游丨白天3景区+梦幻谷 成人票
任务领取成功
success

欧乐B电动牙刷 充电式 iO云感刷卓越清洁版  iO微震科技非声波  成人情侣（黑色）
任务领取成功
success

开始抽奖

21-开通欧乐B品牌会员-已完成0-未完成5

14-邀请好友助力-已完成0-未完成3
success

开始抽奖
快去完成任务获得抽奖资格吧

开始第12个抽奖活动

1-浏览并关注店铺-已完成0-未完成7

浏览并关注店铺
success

关注京东安联
success

关注金沙店铺
success

关注朗迪自营店
success

关注极米自营旗舰店
success

关注泸州老窖店
success

9-浏览小米会场-已完成0-未完成5

浏览小米会场
任务领取成功
success

浏览箱包会场
任务领取成功
success

浏览会场
任务领取成功
success

浏览牛奶会场
任务领取成功
success

浏览零食会场
任务领取成功
success

开始抽奖
京豆:1

开始抽奖

9-浏览海尔会场-已完成0-未完成5

浏览海尔会场
任务领取成功
success

浏览欧乐B会场
任务领取成功
success

国密董酒会场
任务领取成功
success

浏览音频会场
任务领取成功
success

浏览水饮会场
任务领取成功
success

开始抽奖

8-浏览新春热卖商品-已完成0-未完成16

百事可乐 Pepsi  汽水 碳酸饮料 细长罐330ml*24听 百事出品
任务领取成功
success

新西兰原装进口牛奶 安佳（Anchor）低脂高钙牛奶 纯牛奶250ml*24 整箱装
任务领取成功
success

荣耀30 Pro 50倍远摄 麒麟990 5G 4000万超感光摄影 3200W美颜自拍 游戏手机 全网通版8GB+128GB 绿野仙踪
任务领取成功
success

朗迪  碳酸钙D3片(Ⅱ) 60片*3盒  钙+D高维D促吸收
任务领取成功
success

【京东安联】境内旅行险  国内旅游意外保险  户外短期出行
任务领取成功
success

地平线8号（LEVEL8）行李箱旅行箱登机箱密码箱20英寸德国科思创PC箱体男女拉杆箱 黑色（锤科出品）
任务领取成功
success

金沙回沙酒 摘要 53度 500ml*4瓶整箱装 珍品版 酱香型白酒 贵州金沙酱酒 商务宴请送礼 白酒礼盒装
任务领取成功
success

极米（XGIMI）Play超悦版 投影仪家用 便携户外 音乐投影机（1080P 内置电池 哈曼卡顿音响 全自动梯形校正）
任务领取成功
success

9-浏览新春好物-已完成0-未完成1

浏览新春好物
任务领取成功
success

开始抽奖
京豆:1

14-邀请好友助力-已完成0-未完成3
success

开始抽奖
快去完成任务获得抽奖资格吧

开始第13个抽奖活动
活动已结束

开始第14个抽奖活动
活动已结束

开始第15个抽奖活动

0-每日签到-已完成0-未完成1
success

1-关注并浏览店铺-已完成0-未完成6

浏览并关注ARMANI EXCHANGE官方店
success

浏览并关注Sergio Rossi 官方自营旗舰店
success

浏览并关注COACH京东自营店
success

浏览并关注EMPORIO ARMANI官方店
success

浏览并关注MANU ATELIER京东自营官方旗舰店
success

浏览并关注卡西欧手表海外旗舰店
success

开始抽奖
京豆:1

开始抽奖
京豆:1

9-浏览年货节会场-已完成0-未完成1

浏览年货节会场页面
任务领取成功
success

开始抽奖
快去完成任务获得抽奖资格吧

9-浏览当前活动页面-已完成0-未完成1

浏览当前活动页面
任务领取成功
success

开始抽奖
京豆:1

21-Yohji Yamamoto-已完成0-未完成10

15-加购年货节商品-已完成0-未完成6

DOSERMO丹西摩奢侈品男装新款防寒保暖加厚连帽外套修身冬季白鸭绒羽绒服男冬装潮061514750 藏青色 50
success

Emporio Armani阿玛尼手表 女表网红满天星女士手表镶钻贝母女表 AR1908（摩天轮）
success

Giuseppe Zanotti GZ 女士2020秋冬皮革中跟系带靴子 001红色 37
success

CERRUTI 1881男装秋冬商务休闲男士外套短款白鸭羽绒服C40J7EI031 灰色 48
success

阿玛尼(Emporio Armani)手表 皮带/钢带时尚商务休闲女表 石英防水女士腕表 人气显白款 AR1911
success

HUGO BOSS雨果博斯男士2020款秋季双面皮革腰带 004-黑色 ONESI
success

开始抽奖
京豆:1

14-邀请好友助力-已完成0-未完成4
success

开始抽奖
快去完成任务获得抽奖资格吧

开始第16个抽奖活动
活动已结束

==============📣系统通知📣==============
京东抽奖机
京东账号：孤傲的小小瞒
抽得京豆：30个
请点击通知跳转至APP查看

🔔京东抽奖机, 结束! 🕛 1400.2 秒

