
🔔京东抽奖机, 开始!
"connect ECONNREFUSED 151.101.228.133:443"

🔔京东抽奖机, 开始!
您的cookie选择的是用&隔开


====================共有2个京东账号Cookie=========

==================脚本执行- 北京时间(UTC+8)：2/8/2021, 1:16:38 AM=====================

共2个京东账号


🔔京东抽奖机, 结束! 🕛 4.37 秒


14-邀人助力任务-已完成0-未完成10
助力已满员！谢谢你哦~

2-都市丽人旗下都市锋尚内裤男2020无痕平角中腰60s高支莫代尔男士组合内裤3条装2K0A42 黑色/暗灰/黛蓝 M-已完成0-未完成2

都市丽人旗下都市锋尚内裤男2020无痕平角中腰60s高支莫代尔男士组合内裤3条装2K0A42 黑色/暗灰/黛蓝 M
success

马克华菲针织衫男士2021春季新款潮流卡通动物花色开衫长袖 404橙色系花色 175/L
success

开始抽奖
京豆:2

开始抽奖

1-大宇电器家电京东自营旗舰店-已完成0-未完成2

大宇电器家电京东自营旗舰店
success

浪凡（LANVIN）香氛京东自营专区
success

开始抽奖
京豆:2

开始抽奖
京豆:2

3-浏览锦鲤红包-已完成0-未完成2

浏览锦鲤红包
success

浏览今日必拼活动
success

开始抽奖

开始抽奖

3-逛京东秒杀频道-已完成0-未完成2

逛京东秒杀频道
success

浏览特价频道
success

开始抽奖
京豆:1

开始抽奖

开始抽奖
快去完成任务获得抽奖资格吧

开始第2个抽奖活动

13-连续签到任务（7天）-已完成0-未完成1
success

14-邀人助力任务-已完成0-未完成10
助力已满员！谢谢你哦~

2-澳门十月初五饼家 休闲零食 八喜临门年货礼盒696g  团购送礼送家人 送女朋友澳门十月初五饼家 八喜临门-已完成0-未完成3

澳门十月初五饼家 休闲零食 八喜临门年货礼盒696g  团购送礼送家人 送女朋友澳门十月初五饼家 八喜临门
success

闪迪CZ73 32gU盘64g 3.0高速 128GB个性签名定做U盘企业logo 图片卡通刻字U盘 U盘+姓名定制 32G
success

形象美六胜肽抗皱精华面膜女补水保湿提亮肤色面部护肤精华面膜贴 10片*1盒（共10片）
success

开始抽奖

开始抽奖

3-9.9买到爽-已完成0-未完成2

9.9买到爽
success

查看精选补贴好物
success

开始抽奖
快去完成任务获得抽奖资格吧

3-好物1元抢-已完成0-未完成3

好物1元抢
success

查看京品好物
success

宠汪汪-兑换iPhone
success

开始抽奖

1-汤臣倍健京东自营旗舰店-已完成0-未完成3

汤臣倍健京东自营旗舰店
success

闪魔旗舰店
success

鲜次方旗舰店
success

开始抽奖
快去完成任务获得抽奖资格吧

21-图书会员-已完成0-未完成3

开始抽奖
快去完成任务获得抽奖资格吧

开始第3个抽奖活动

1-关注欧诺家庭清洁专营店-已完成0-未完成6

关注欧诺家庭清洁专营店
success

关注薄荷健康官方旗舰店
success

关注菲奥清洁用品专营店
success

关注茶守艺官方旗舰店
success

关注太博尔Tech-Bio官方旗舰店
success

关注丸丝旗舰店
success

开始抽奖

开始抽奖

8-浏览热卖爆品-已完成0-未完成6

茶守艺（Teaskill）湖南省茶业集团 湖南红茶办公室茶下午茶 袋泡茶包 茶叶 五彩湘茶 湖南红茶
任务领取成功
success

佳曼 羽绒服清洁湿巾免水洗去油去污干洗剂家用清洗衣物神器 超值装12片x6包
任务领取成功
success

威莱娅(wereal)多用途消毒液家用杀菌率99.999%地板宠物衣物家居除菌液 500ml*1瓶
任务领取成功
success

薄荷健康轻卡零食大礼包女低零食小吃休闲食品脂网红解馋控卡 【18袋尝鲜装】轻卡零食323g
任务领取成功
success

羽绒服清洗剂干洗剂棉衣免水洗神器泡沫去污清洁剂白色羽绒服顽固污渍干洗剂免洗洗涤剂喷雾清洗液 羽绒服清洗剂150g
任务领取成功
success

太博尔TECH-BIO免洗手杀菌洗手液凝胶消毒液医通用75%酒精滋润护肤学生户外速干便携防疫家庭组合 【冀卫消证字】500ml
任务领取成功
success

开始抽奖

9-浏览丸丝旗舰店-已完成0-未完成7

浏览丸丝旗舰店
任务领取成功
success

浏览茶守艺官方旗舰店
任务领取成功
success

浏览欧诺家庭清洁专营店
任务领取成功
success

浏览太博尔Tech-Bio官方旗舰店
任务领取成功
success

浏览爆品会场
任务领取成功
success

浏览薄荷健康官方旗舰店
任务领取成功
success

浏览菲奥清洁用品专营店
任务领取成功
success

开始抽奖

开始抽奖

14-邀请好友助力-已完成0-未完成3
助力已满员！谢谢你哦~

开始抽奖
快去完成任务获得抽奖资格吧

开始第4个抽奖活动

0-每日签到-已完成0-未完成1
success

1-关注并浏览黑白调店铺-已完成0-未完成3

关注并浏览黑白调店铺
success

关注并浏览乐歌店铺
success

关注并浏览稳纳店铺
success

开始抽奖
京豆:1

开始抽奖
京豆:1

21-开通金橡树品牌会员-已完成0-未完成3

8-浏览指定商品-已完成0-未完成3

米家智能晾衣机 电动晾衣架智能无线遥控升降阳台晾衣机伸缩晾衣杆 LED照明 自带母婴挂钩 小米
任务领取成功
success

左右 北欧布艺床 大床1.5米 科技布双人床 1.8米 DR098 蓝色（82092） 1500*2000mm
任务领取成功
success

左右 北欧布艺床 大床1.5米 科技布双人床 1.8米 DR098 灰色（82093） 1500*2000mm
任务领取成功
success

开始抽奖
京豆:1

14-邀请好友助力-已完成0-未完成3
助力已满员！谢谢你哦~

9-浏览家具年货节会场-已完成0-未完成1

浏览家具年货节会场
任务领取成功
success

开始抽奖

开始抽奖
快去完成任务获得抽奖资格吧

开始第5个抽奖活动
活动已结束

开始第6个抽奖活动

9-浏览当前页面-已完成0-未完成1

浏览当前页面
任务领取成功
success

开始抽奖
京豆:1

开始抽奖

3-浏览当前会场-已完成0-未完成1

浏览当前会场
success

开始抽奖

1-关注拍拍严选官方旗舰店-已完成0-未完成8

关注拍拍严选官方旗舰店
success

关注八马茶业旗舰店
success

关注安儿乐京东自营旗舰店
success

关注新见福食品旗舰店
success

关注古越龙山京东自营旗舰店
success

关注1664啤酒京东自营旗舰店
success

关注五羊京东自营旗舰店
success

关注塔牌京东自营旗舰店
success

开始抽奖
京豆:1

9-浏览全心全系新潮年会场-已完成0-未完成5

浏览全心全系新潮年会场
任务领取成功
success

浏览万店嘉年华会场
任务领取成功
success

浏览年货大集会场
任务领取成功
success

浏览精挑细选过潮年会场
任务领取成功
success

关注新年囤好物会场
任务领取成功
success

开始抽奖

开始抽奖
京豆:1

26-关注生鲜馆-已完成0-未完成2

关注生鲜馆
success

关注拍拍二手频道
success

开始抽奖

8-浏览爆款商品-已完成0-未完成8

八马茶业 茶叶绿茶 特级安吉白茶 茶叶罐装60克
任务领取成功
success

Asahi朝日啤酒（超爽生）330ml*24听 整箱装
任务领取成功
success

古越龙山 江湖乖乖 青梅&荔枝&柚子冰沙果酒 85ml*3
任务领取成功
success

安儿乐ANERLE干爽超薄纸尿裤XL108片(12-17kg)婴儿干爽透气尿不湿
任务领取成功
success

五羊FIVERAM拉拉裤薄薄芯成长裤XXL80片 (15kg以上)婴儿尿不湿超薄透气瞬吸干爽（新旧随机发货）
任务领取成功
success

1664啤酒 白啤酒500ml*12听 整箱装（新老包装随机发货）
任务领取成功
success

天地壹号 苹果醋饮料330ml*15罐 电商版 新旧版本随机发货
任务领取成功
success

塔牌 绍兴黄酒 正冬 特型八年  半甜型黄酒 冬酿花雕酒 500ml*6瓶 整箱装 礼盒装 （出口品牌）
任务领取成功
success

开始抽奖

2-浏览爆款商品-已完成0-未完成8

八马茶业 茶叶绿茶 特级安吉白茶 茶叶罐装60克
success

Asahi朝日啤酒（超爽生）330ml*24听 整箱装
success

古越龙山 江湖乖乖 青梅&荔枝&柚子冰沙果酒 85ml*3
success

安儿乐ANERLE干爽超薄纸尿裤XL108片(12-17kg)婴儿干爽透气尿不湿
success

五羊FIVERAM拉拉裤薄薄芯成长裤XXL80片 (15kg以上)婴儿尿不湿超薄透气瞬吸干爽（新旧随机发货）
success

1664啤酒 白啤酒500ml*12听 整箱装（新老包装随机发货）
success

天地壹号 苹果醋饮料330ml*15罐 电商版 新旧版本随机发货
success

塔牌 绍兴黄酒 正冬 特型八年  半甜型黄酒 冬酿花雕酒 500ml*6瓶 整箱装 礼盒装 （出口品牌）
success

开始抽奖
快去完成任务获得抽奖资格吧

21-开通五羊品牌会员-已完成0-未完成8

14-邀请好友助力-已完成0-未完成3
助力已满员！谢谢你哦~

开始抽奖
快去完成任务获得抽奖资格吧

开始第7个抽奖活动

9-浏览工匠秘密会场-已完成0-未完成6

浏览工匠秘密会场
任务领取成功
success

浏览POP频道页
任务领取成功
success

浏览电脑整机会场
任务领取成功
success

浏览泡泡种草社
任务领取成功
success

浏览志仕数码会场
任务领取成功
success

浏览科大讯飞会场
任务领取成功
success

开始抽奖

1-AFTERSHOKZ京东自营官方旗舰店-已完成0-未完成5

AFTERSHOKZ京东自营官方旗舰店
success

科大讯飞旗舰店
success

MACHENIKE机械师旗舰店
success

JBL蓝牙音箱旗舰店
success

DIVO旗舰店
success

开始抽奖

开始抽奖

21-开通小度会员-已完成0-未完成5

8-戴尔(DELL)成就3881 全新10代处理器 商用办公台式机电脑 游戏迷你主机 单主机（无显示器） i5-10400 8G -已完成0-未完成6

戴尔(DELL)成就3881 全新10代处理器 商用办公台式机电脑 游戏迷你主机 单主机（无显示器） i5-10400 8G 
任务领取成功
success

科大讯飞（iFLYTEK） 智能学习机  儿童家教机早教机点读机 小学初高中学生平板学习平板 【智能学习机】X2 Pro 4+
任务领取成功
success

闪克（Sudotack） USB电脑麦克风游戏录课直播电容麦全向收音会议话筒手机电脑有线即插即用 AU-902电脑麦+即插即用
任务领取成功
success

锐视威监控摄像头室外防水监控器家用无线wifi手机远程高清摄像机360度云台球机 　 智能小球+64G卡高清版
任务领取成功
success

西部数据（WD）蓝盘 1TB  7200转64MB  3.5英寸台式机械电脑硬盘 SATA3 6Gb
任务领取成功
success

公牛（BULL） 插座/B6系列 带儿童保护门新国标插座/排插/插排/拖线板/接线板/插板 总控开关全长1.8米八位
任务领取成功
success

开始抽奖
快去完成任务获得抽奖资格吧

14-邀请好友助力-已完成0-未完成4
助力已满员！谢谢你哦~

9-浏览当前活动-已完成0-未完成1

浏览当前活动
任务领取成功
success

开始抽奖

19-购买热门商品-已完成0-未完成6

开始抽奖
快去完成任务获得抽奖资格吧

开始第8个抽奖活动

25-完成并分享趣味评测-已完成0-未完成6

完成"新冠疫苗"趣味评测
活动太火爆啦
请稍后尝试~

完成"年货青年"趣味评测
活动太火爆啦
请稍后尝试~

完成“健康人设”趣味评测
活动太火爆啦
请稍后尝试~

完成“年终聚会”趣味评测
活动太火爆啦
请稍后尝试~

完成“健康返乡”趣味评测
活动太火爆啦
请稍后尝试~

14-邀请好友助力-已完成0-未完成4
助力已满员！谢谢你哦~

9-浏览当前会场-已完成0-未完成1

浏览当前会场
任务领取成功
success

开始抽奖
京豆:1

9-浏览送礼会场-已完成0-未完成7

浏览送礼会场
任务领取成功
success

浏览服务会场
任务领取成功
success

浏览年货节会场
任务领取成功
success

浏览医药会场
任务领取成功
success

浏览新人会场
任务领取成功
success

浏览京东家医孝心版
任务领取成功
success

浏览直播会场
任务领取成功
success

开始抽奖
京豆:2

26-关注互联网医院频道-已完成0-未完成2

关注互联网医院频道
success

关注看病购药频道
success

开始抽奖
京豆:2

21-开通旭福品牌会员-已完成0-未完成8

开始抽奖
快去完成任务获得抽奖资格吧

开始第9个抽奖活动

0-每日签到-已完成0-未完成1
success

21-开通"雪花秀"品牌会员-已完成0-未完成1

1-关注并浏览雪花秀店铺-已完成0-未完成1

关注并浏览雪花秀店铺
success

开始抽奖
京豆:1

开始抽奖

14-邀请好友助力-已完成0-未完成4
助力已满员！谢谢你哦~

15-加购指定商品-已完成0-未完成6

雪花秀滋盈肌本润颜水乳护肤品套装礼盒(润颜水125ml+润颜乳125ml)补水保湿 情人节礼物
success

雪花秀气垫bb霜致美润白气垫粉底液15g(赠替换芯15g)21号自然粉 防晒遮瑕保湿 情人节礼物
success

雪花秀（Sulwhasoo）滋盈肌本紧致面霜75ml（补水保湿 滋润 护肤品女 韩国进口）情人节礼物
success

雪花秀（Sulwhasoo）男士本润乳液90ml（化妆品 男士护肤 乳液 护肤品 ）
success

雪花秀气垫bb霜致美养肤气垫粉底液15g(赠替换芯15g)15号自然偏白（化妆品遮瑕保湿）情人节礼物
success

雪花秀生人参焕颜精华露30ml护肤品套装礼盒（时光宝盒 紧致肌肤 改善毛孔）情人节礼物
success

开始抽奖

8-浏览指定商品-已完成0-未完成6

雪花秀滋盈生人参焕颜高保湿修护滋养面霜60ml(补水滋养 提拉紧致 提亮肤色 淡化细纹）情人节礼物
任务领取成功
success

雪花秀明星肌本水乳精华护肤品套装礼盒(水125ml+乳125ml+精华60ml+6件小样）情人节礼物
任务领取成功
success

雪花秀滋盈生人参护肤品礼盒套装(水125ml+乳125ml+精华30ml+面霜30ml)情人节礼物
任务领取成功
success

雪花秀滋盈肌本润颜水乳护肤品套装礼盒(润颜水125ml+润颜乳125ml)补水保湿 情人节礼物
任务领取成功
success

雪花秀玉璨净柔撕拉面膜免水洗清洁面膜150ml（细腻毛孔 保湿滋润 深层清洁 提亮肤色）情人节礼物
任务领取成功
success

雪花秀时光安瓶滋盈生人参密集修护精华液20g（舒缓泛红 修护微损伤 紧致肌肤）情人节礼物
任务领取成功
success

开始抽奖

9-浏览当前页面-已完成0-未完成1

浏览当前页面
任务领取成功
浏览时长不足，任务未完成

开始抽奖
快去完成任务获得抽奖资格吧

开始抽奖
快去完成任务获得抽奖资格吧

开始第10个抽奖活动

9-浏览童装主会场-已完成0-未完成1

浏览童装主会场
任务领取成功
success

开始抽奖
快去完成任务获得抽奖资格吧

26-关注并浏览童装甄选馆-已完成0-未完成1

关注并浏览童装甄选馆
success

开始抽奖

21-开通李宁儿童会员-已完成0-未完成22

14-邀请好友助力-已完成0-未完成4
助力已满员！谢谢你哦~

1-关注并浏览店铺-已完成0-未完成8

戴维贝拉官方旗舰店
success

bobdog巴布豆童鞋旗舰店
success

阿迪达斯（adidas）童装童鞋京东自营专区
success

Mini Balabala童装旗舰店
success

李宁儿童京东自营旗舰店
success

MQD旗舰店
success

安奈儿童装官方旗舰店
success

基诺浦官方旗舰店
success

开始抽奖
快去完成任务获得抽奖资格吧

8-浏览指定商品-已完成0-未完成6

李宁童鞋儿童运动鞋男女小童拼色设计轻便防滑一脚蹬国潮运动鞋YKNQ116-3晶蓝色/藏青蓝27
任务领取成功
success

马拉丁童装女童毛衣背心2021春季新款撞色艺术感满底提花针织马甲 大红 90cm
任务领取成功
success

【新年系列】MQD童装男女童卫衣21春新款宝宝卡通套头洋气拜年服 中国红 100cm
任务领取成功
success

Skechers斯凯奇 童鞋亲子熊猫鞋复古老爹鞋664094L 浅粉色 36
任务领取成功
success

迪士尼童装男童套装新年装2021春装新款洋气儿童宝宝时尚卡通卫衣裤子两件套 大红 110cm
任务领取成功
success

MIKIHOUSE学步鞋男女童鞋日本制经典央视获奖学步鞋一、二段婴幼儿宝宝运动鞋耐磨防滑 红色 11.5CM
任务领取成功
success

开始抽奖

开始抽奖
快去完成任务获得抽奖资格吧

开始第11个抽奖活动

0-每日签到-已完成0-未完成1
success

9-去逛逛横店家电馆-已完成0-未完成1

去逛逛横店家电馆
任务领取成功
success

开始抽奖

9-浏览海尔店铺会场-已完成0-未完成8

浏览海尔店铺会场
任务领取成功
success

浏览家电大促主会场
任务领取成功
success

浏览家电品牌盛典会场
任务领取成功
success

浏览数码电器馆
任务领取成功
success

浏览旅游年货节会场
任务领取成功
success

浏览生活服务会场
任务领取成功
success

浏览家电馆
任务领取成功
success

浏览飞利浦会场
任务领取成功
success

开始抽奖

开始抽奖

1-浏览关注平遥文旅店铺-已完成0-未完成10

浏览关注平遥文旅店铺
success

浏览关注飞利浦旗舰店
success

浏览关注横店旗舰店
success

浏览关注西门子旗舰店
success

浏览关注海尔旗舰店
success

浏览关注美菱旗舰店
success

浏览关注科沃斯旗舰店
success

浏览关注长虹旗舰店
success

浏览关注欧乐B旗舰店
success

浏览关注LG旗舰店
success

开始抽奖

开始抽奖

开始抽奖

8-浏览爆款商品-已完成0-未完成8

LG 纤慧系列 10.5公斤滚筒洗衣机全自动 AI变频直驱 洗烘一体 95℃高温洗 6种智能手洗 白FLX10M4W
任务领取成功
success

科沃斯 Ecovacs 地宝T8 Power扫地机器人激光导航规划全自动扫拖擦拖地机智能家用吸尘器DLX11-22
任务领取成功
success

美菱(MELING)629升 对开门冰箱双开门 一级能效风冷双变频 净味抗菌 -32度速冻 大容量电冰箱 BCD-629WPUCX
任务领取成功
success

海尔（Haier）滚筒洗衣机全自动 BlingBling彩装机 智能配给 洗烘一体13kg直驱变频 XQG130-HBM14176LU1
任务领取成功
success

西门子(SIEMENS) 502升 变频风冷无霜冰箱双开门对开门冰箱 超薄  玻璃门 （灰色）BCD-502W(KA50SE43TI)
任务领取成功
success

【提前票丨组合套票】提前预订，各人群均有优惠 提前预订套票 2日游丨白天3景区+梦幻谷 成人票
任务领取成功
success

欧乐B电动牙刷 充电式 iO云感刷卓越清洁版 iO微震科技非声波 成人情侣（黑色） 情人节礼物
任务领取成功
success

美菱(MELING)503升 M鲜生旗舰十字对开多门冰箱 水分子保鲜 变频风冷无霜 杀菌净味BCD-503WPU9CA
任务领取成功
success

开始抽奖

21-开通横店影城品牌会员-已完成0-未完成5

14-邀请好友助力-已完成0-未完成3
助力已满员！谢谢你哦~

开始抽奖
快去完成任务获得抽奖资格吧

开始第12个抽奖活动

1-关注极米自营旗舰店-已完成0-未完成7

关注极米自营旗舰店
success

关注泸州老窖店
success

关注荣耀自营店
success

关注京东安联
success

关注金沙店铺
success

关注朗迪自营店
success

9-浏览箱包会场-已完成0-未完成5

浏览箱包会场
任务领取成功
success

浏览会场
任务领取成功
success

浏览牛奶会场
任务领取成功
success

浏览小米会场
任务领取成功
success

浏览零食会场
任务领取成功
success

开始抽奖

开始抽奖

开始抽奖

9-浏览音频会场-已完成0-未完成5

浏览音频会场
任务领取成功
success

浏览水饮会场
任务领取成功
success

浏览海尔会场
任务领取成功
success

浏览欧乐B会场
任务领取成功
success

国密董酒会场
任务领取成功
success

开始抽奖

8-浏览新春热卖商品-已完成0-未完成16

【京东安联】境内旅行险  国内旅游意外保险  户外短期出行
任务领取成功
success

金沙回沙酒 摘要 53度 500ml*4瓶整箱装 珍品版 酱香型白酒 贵州金沙酱酒 商务宴请送礼 白酒礼盒装
任务领取成功
success

地平线8号（LEVEL8）行李箱旅行箱登机箱密码箱20英寸德国科思创PC箱体男女拉杆箱 黑色（锤科出品）
任务领取成功
success

极米（XGIMI）Play超悦版 投影仪家用 便携户外 音乐投影机（1080P 内置电池 哈曼卡顿音响 全自动梯形校正）
任务领取成功
success

百事可乐 Pepsi  汽水 碳酸饮料 细长罐330ml*24听 百事出品
任务领取成功
success

欧乐B电动牙刷 3D声波旋转摆动成人情侣充电式 P2000粉（含刷头*2）博朗精工 张艺兴代言 情人节礼物
任务领取成功
success

荣耀30 Pro 50倍远摄 麒麟990 5G 4000万超感光摄影 3200W美颜自拍 游戏手机 全网通版8GB+128GB 绿野仙踪
任务领取成功
success

朗迪  碳酸钙D3片(Ⅱ) 60片*3盒  钙+D高维D促吸收
任务领取成功
success

9-浏览新春好物-已完成0-未完成1

浏览新春好物
任务领取成功
success

开始抽奖
快去完成任务获得抽奖资格吧

14-邀请好友助力-已完成0-未完成3
助力已满员！谢谢你哦~

开始抽奖
快去完成任务获得抽奖资格吧

开始第13个抽奖活动
活动已结束

开始第14个抽奖活动
活动已结束

开始第15个抽奖活动

0-每日签到-已完成0-未完成1
success

1-关注并浏览店铺-已完成0-未完成6

浏览并关注Sergio Rossi 官方自营旗舰店
success

浏览并关注EMPORIO ARMANI官方店
success

浏览并关注TOM DIXON京东自营官方旗舰店
success

浏览并关注COACH京东自营店
success

浏览并关注Alexandre De Paris官方旗舰店
success

浏览并关注ARMANI EXCHANGE官方店
success

开始抽奖

开始抽奖

开始抽奖

9-浏览年货节会场-已完成0-未完成1

浏览年货节会场页面
任务领取成功
success

开始抽奖
快去完成任务获得抽奖资格吧

9-浏览当前活动页面-已完成0-未完成1

浏览当前活动页面
任务领取成功
success

开始抽奖
快去完成任务获得抽奖资格吧

21-RIMOWA-已完成0-未完成10

15-加购年货节商品-已完成0-未完成6

「上下」茶歌系列 寿桃杯垫礼盒 商务中式礼品 SHANGXIA 麒麟
success

阿玛尼(Emporio Armani)手表 钢带商务休闲女士腕表 简约防水石英女表 情人节礼物 镶钻满天星 AR11059
success

EA7 EMPORIO ARMANI阿玛尼EA7奢侈品20秋冬男士棉外套 6HPB17-PNN3Z YELLOW-1603黄色 XL
success

DELVAUX包包奢侈品女包单肩斜挎手提包 Brillant Precious Rope特别限定手袋 正红色 迷你
success

法国亚历山大发箍ALEXANDRE DE PARIS经典系列发带发饰头饰TBDF-21004 B 红色
success

Ralph Lauren/拉夫劳伦男装 经典款学院风小熊图案毛衫12758 999-多色 L
success

开始抽奖

14-邀请好友助力-已完成0-未完成4
助力已满员！谢谢你哦~

26-关注并浏览奢品馆-已完成0-未完成1

关注并浏览奢品馆
success

开始抽奖

开始抽奖
快去完成任务获得抽奖资格吧

开始第16个抽奖活动
活动已结束

==============📣系统通知📣==============
京东抽奖机
京东账号：迷糊虫啊
抽得京豆：19个
请点击通知跳转至APP查看

***************开始京东账号2***************

14-邀人助力任务-已完成0-未完成10
success

2-都市丽人旗下都市锋尚内裤男2020无痕平角中腰60s高支莫代尔男士组合内裤3条装2K0A42 黑色/暗灰/黛蓝 M-已完成0-未完成2

都市丽人旗下都市锋尚内裤男2020无痕平角中腰60s高支莫代尔男士组合内裤3条装2K0A42 黑色/暗灰/黛蓝 M
success

马克华菲针织衫男士2021春季新款潮流卡通动物花色开衫长袖 404橙色系花色 175/L
success

开始抽奖

开始抽奖

1-大宇电器家电京东自营旗舰店-已完成0-未完成2

大宇电器家电京东自营旗舰店
success

浪凡（LANVIN）香氛京东自营专区
success

开始抽奖
京豆:2

开始抽奖

3-浏览今日必拼活动-已完成0-未完成2

浏览今日必拼活动
success

浏览锦鲤红包
success

开始抽奖

开始抽奖

3-逛京东秒杀频道-已完成0-未完成2

逛京东秒杀频道
success

浏览特价频道
success

开始抽奖
京豆:1

开始抽奖

开始抽奖
快去完成任务获得抽奖资格吧

开始第2个抽奖活动

13-连续签到任务（7天）-已完成0-未完成1
success

14-邀人助力任务-已完成0-未完成10
success

2-澳门十月初五饼家 休闲零食 八喜临门年货礼盒696g  团购送礼送家人 送女朋友澳门十月初五饼家 八喜临门-已完成0-未完成3

澳门十月初五饼家 休闲零食 八喜临门年货礼盒696g  团购送礼送家人 送女朋友澳门十月初五饼家 八喜临门
success

闪迪CZ73 32gU盘64g 3.0高速 128GB个性签名定做U盘企业logo 图片卡通刻字U盘 U盘+姓名定制 32G
success

形象美六胜肽抗皱精华面膜女补水保湿提亮肤色面部护肤精华面膜贴 10片*1盒（共10片）
success

开始抽奖
京豆:2

开始抽奖
京豆:2

3-9.9买到爽-已完成0-未完成2

9.9买到爽
success

查看精选补贴好物
success

开始抽奖
快去完成任务获得抽奖资格吧

3-好物1元抢-已完成0-未完成3

好物1元抢
success

查看京品好物
success

宠汪汪-兑换iPhone
success

开始抽奖

1-汤臣倍健京东自营旗舰店-已完成0-未完成3

汤臣倍健京东自营旗舰店
success

闪魔旗舰店
success

鲜次方旗舰店
success

开始抽奖
快去完成任务获得抽奖资格吧

21-图书会员-已完成0-未完成3

开始抽奖
快去完成任务获得抽奖资格吧

开始第3个抽奖活动

1-关注茶守艺官方旗舰店-已完成0-未完成6

关注茶守艺官方旗舰店
success

关注太博尔Tech-Bio官方旗舰店
success

关注丸丝旗舰店
success

关注欧诺家庭清洁专营店
success

关注薄荷健康官方旗舰店
success

关注菲奥清洁用品专营店
success

开始抽奖

开始抽奖

8-浏览热卖爆品-已完成0-未完成6

茶守艺（Teaskill）湖南省茶业集团 湖南红茶办公室茶下午茶 袋泡茶包 茶叶 五彩湘茶 湖南红茶
任务领取成功
success

佳曼 羽绒服清洁湿巾免水洗去油去污干洗剂家用清洗衣物神器 超值装12片x6包
任务领取成功
success

威莱娅(wereal)多用途消毒液家用杀菌率99.999%地板宠物衣物家居除菌液 500ml*1瓶
任务领取成功
success

薄荷健康轻卡零食大礼包女低零食小吃休闲食品脂网红解馋控卡 【18袋尝鲜装】轻卡零食323g
任务领取成功
success

羽绒服清洗剂干洗剂棉衣免水洗神器泡沫去污清洁剂白色羽绒服顽固污渍干洗剂免洗洗涤剂喷雾清洗液 羽绒服清洗剂150g
任务领取成功
success

太博尔TECH-BIO免洗手杀菌洗手液凝胶消毒液医通用75%酒精滋润护肤学生户外速干便携防疫家庭组合 【冀卫消证字】500ml
任务领取成功
success

开始抽奖

9-浏览菲奥清洁用品专营店-已完成0-未完成7

浏览菲奥清洁用品专营店
任务领取成功
success

浏览丸丝旗舰店
任务领取成功
success

浏览茶守艺官方旗舰店
任务领取成功
success

浏览欧诺家庭清洁专营店
任务领取成功
success

浏览太博尔Tech-Bio官方旗舰店
任务领取成功
success

浏览爆品会场
任务领取成功
success

浏览薄荷健康官方旗舰店
任务领取成功
success

开始抽奖

14-邀请好友助力-已完成0-未完成3
success

开始抽奖
快去完成任务获得抽奖资格吧

开始第4个抽奖活动

0-每日签到-已完成0-未完成1
success

1-关注并浏览桐木主义-已完成0-未完成3

关注并浏览桐木主义
success

关注并浏览黑白调店铺
success

关注并浏览稳纳店铺
success

开始抽奖
京豆:1

21-开通永艺品牌会员-已完成0-未完成3

8-浏览指定商品-已完成0-未完成3

致典 北欧实木床1.8米 北美黑胡桃木床 1.5米原木日式风格家具1.8米现代简约主卧双人床 1.5米【现货72小时可发】 FAS级黑胡桃木
任务领取成功
success

【任意3件伴价】中派 北欧极简岩板餐桌组合可伸缩家用大理石餐桌椅套装 1.3米餐桌（金丝绒岩板）
任务领取成功
success

COLOFOW/七色花儿童学习桌椅套装 课桌椅 写字书桌 进口新西兰松全实木学习桌可升降儿童书桌学生 1.2M进口松木学习桌+5脚双背扶手椅蓝
任务领取成功
success

开始抽奖
京豆:1

14-邀请好友助力-已完成0-未完成3
success

9-浏览家具年货节会场-已完成0-未完成1

浏览家具年货节会场
任务领取成功
success

开始抽奖
京豆:1

开始抽奖
快去完成任务获得抽奖资格吧

开始第5个抽奖活动
活动已结束

开始第6个抽奖活动

9-浏览当前页面-已完成0-未完成1

浏览当前页面
任务领取成功
success

开始抽奖
京豆:1

3-浏览当前会场-已完成0-未完成1

浏览当前会场
success

开始抽奖
快去完成任务获得抽奖资格吧

1-关注古越龙山京东自营旗舰店-已完成0-未完成8

关注古越龙山京东自营旗舰店
success

关注1664啤酒京东自营旗舰店
success

关注五羊京东自营旗舰店
success

关注塔牌京东自营旗舰店
success

关注拍拍严选官方旗舰店
success

关注八马茶业旗舰店
success

关注安儿乐京东自营旗舰店
success

关注新见福食品旗舰店
success

开始抽奖

开始抽奖

9-浏览全心全系新潮年会场-已完成0-未完成5

浏览全心全系新潮年会场
任务领取成功
success

浏览年货大集会场
任务领取成功
success

浏览精挑细选过潮年会场
任务领取成功
success

浏览万店嘉年华会场
任务领取成功
success

关注新年囤好物会场
任务领取成功
success

开始抽奖

开始抽奖
京豆:1

26-关注生鲜馆-已完成0-未完成2

关注生鲜馆
success

关注拍拍二手频道
success

开始抽奖
京豆:1

8-浏览爆款商品-已完成0-未完成8

塔牌 绍兴黄酒 正冬 特型八年  半甜型黄酒 冬酿花雕酒 500ml*6瓶 整箱装 礼盒装 （出口品牌）
任务领取成功
success

八马茶业 茶叶绿茶 特级安吉白茶 茶叶罐装60克
任务领取成功
success

Asahi朝日啤酒（超爽生）330ml*24听 整箱装
任务领取成功
success

古越龙山 江湖乖乖 青梅&荔枝&柚子冰沙果酒 85ml*3
任务领取成功
success

安儿乐ANERLE干爽超薄纸尿裤XL108片(12-17kg)婴儿干爽透气尿不湿
任务领取成功
success

五羊FIVERAM拉拉裤薄薄芯成长裤XXL80片 (15kg以上)婴儿尿不湿超薄透气瞬吸干爽（新旧随机发货）
任务领取成功
success

1664啤酒 白啤酒500ml*12听 整箱装（新老包装随机发货）
任务领取成功
success

天地壹号 苹果醋饮料330ml*15罐 电商版 新旧版本随机发货
任务领取成功
success

开始抽奖
快去完成任务获得抽奖资格吧

2-浏览爆款商品-已完成0-未完成8

塔牌 绍兴黄酒 正冬 特型八年  半甜型黄酒 冬酿花雕酒 500ml*6瓶 整箱装 礼盒装 （出口品牌）
success

八马茶业 茶叶绿茶 特级安吉白茶 茶叶罐装60克
success

Asahi朝日啤酒（超爽生）330ml*24听 整箱装
success

古越龙山 江湖乖乖 青梅&荔枝&柚子冰沙果酒 85ml*3
success

安儿乐ANERLE干爽超薄纸尿裤XL108片(12-17kg)婴儿干爽透气尿不湿
success

五羊FIVERAM拉拉裤薄薄芯成长裤XXL80片 (15kg以上)婴儿尿不湿超薄透气瞬吸干爽（新旧随机发货）
success

1664啤酒 白啤酒500ml*12听 整箱装（新老包装随机发货）
success

天地壹号 苹果醋饮料330ml*15罐 电商版 新旧版本随机发货
success

开始抽奖
京豆:1

21-开通天地壹号品牌会员-已完成0-未完成8

14-邀请好友助力-已完成0-未完成3
success

开始抽奖
快去完成任务获得抽奖资格吧

开始第7个抽奖活动

9-浏览志仕数码会场-已完成0-未完成6

浏览志仕数码会场
任务领取成功
success

浏览科大讯飞会场
任务领取成功
success

浏览工匠秘密会场
任务领取成功
success

浏览POP频道页
任务领取成功
success

浏览电脑整机会场
任务领取成功
success

浏览泡泡种草社
任务领取成功
success

开始抽奖
快去完成任务获得抽奖资格吧

1-MACHENIKE机械师旗舰店-已完成0-未完成5

MACHENIKE机械师旗舰店
success

JBL蓝牙音箱旗舰店
success

DIVO旗舰店
success

AFTERSHOKZ京东自营官方旗舰店
success

科大讯飞旗舰店
success

开始抽奖
京豆:1

开始抽奖

21-开通志仕数码会员-已完成0-未完成5

8-闪克（Sudotack） USB电脑麦克风游戏录课直播电容麦全向收音会议话筒手机电脑有线即插即用 AU-902电脑麦+即插即用-已完成0-未完成6

闪克（Sudotack） USB电脑麦克风游戏录课直播电容麦全向收音会议话筒手机电脑有线即插即用 AU-902电脑麦+即插即用
任务领取成功
success

锐视威监控摄像头室外防水监控器家用无线wifi手机远程高清摄像机360度云台球机 　 智能小球+64G卡高清版
任务领取成功
success

西部数据（WD）蓝盘 1TB  7200转64MB  3.5英寸台式机械电脑硬盘 SATA3 6Gb
任务领取成功
success

公牛（BULL） 插座/B6系列 带儿童保护门新国标插座/排插/插排/拖线板/接线板/插板 总控开关全长1.8米八位
任务领取成功
success

戴尔(DELL)成就3881 全新10代处理器 商用办公台式机电脑 游戏迷你主机 单主机（无显示器） i5-10400 8G 
任务领取成功
success

科大讯飞（iFLYTEK） 智能学习机  儿童家教机早教机点读机 小学初高中学生平板学习平板 【智能学习机】X2 Pro 4+
任务领取成功
success

开始抽奖
快去完成任务获得抽奖资格吧

14-邀请好友助力-已完成0-未完成4
success

9-浏览当前活动-已完成0-未完成1

浏览当前活动
任务领取成功
success

开始抽奖

19-购买热门商品-已完成0-未完成6

开始抽奖
快去完成任务获得抽奖资格吧

开始第8个抽奖活动

25-完成并分享趣味评测-已完成0-未完成6

完成"新冠疫苗"趣味评测
活动太火爆啦
请稍后尝试~

完成"年货青年"趣味评测
活动太火爆啦
请稍后尝试~

完成“健康人设”趣味评测
活动太火爆啦
请稍后尝试~

完成“年终聚会”趣味评测
活动太火爆啦
请稍后尝试~

完成“健康返乡”趣味评测
活动太火爆啦
请稍后尝试~

14-邀请好友助力-已完成0-未完成4
success

9-浏览当前会场-已完成0-未完成1

浏览当前会场
任务领取成功
success

开始抽奖
快去完成任务获得抽奖资格吧

9-浏览年货节会场-已完成0-未完成7

浏览年货节会场
任务领取成功
success

浏览服务会场
任务领取成功
success

浏览送礼会场
任务领取成功
success

浏览直播会场
任务领取成功
success

浏览新人会场
任务领取成功
success

浏览医药会场
任务领取成功
success

浏览京东家医孝心版
任务领取成功
success

开始抽奖

开始抽奖
京豆:1

26-关注互联网医院频道-已完成0-未完成2

关注互联网医院频道
success

关注看病购药频道
success

开始抽奖
快去完成任务获得抽奖资格吧

21-开通鱼跃品牌会员-已完成0-未完成8

开始抽奖
快去完成任务获得抽奖资格吧

开始第9个抽奖活动

0-每日签到-已完成0-未完成1
success

21-开通"雪花秀"品牌会员-已完成0-未完成1

1-关注并浏览雪花秀店铺-已完成0-未完成1

关注并浏览雪花秀店铺
success

开始抽奖
京豆:1

14-邀请好友助力-已完成0-未完成4
success

15-加购指定商品-已完成0-未完成6

雪花秀明星肌本水乳精华护肤品套装礼盒(水125ml+乳125ml+精华60ml+6件小样）情人节礼物
success

雪花秀与润修护睡眠面膜补水免洗男女士面膜120ml（保湿滋养 改善暗沉 提亮肤色）情人节礼物
success

雪花秀润燥精华露90ml第五代润致焕活肌底精华液礼盒装（水前精华 补水保湿 细致毛孔）情人节礼物
success

雪花秀滋盈生人参护肤品礼盒套装(水125ml+乳125ml+精华30ml+面霜30ml)情人节礼物
success

雪花秀气垫bb霜致美养肤气垫粉底液15g(赠替换芯15g)21号自然粉色（化妆品遮瑕保湿）情人节礼物
success

雪花秀雪御活颜菁萃面霜50ml（柔滑弹润 补水保湿 护肤品 韩国进口）情人节礼物
success

开始抽奖

8-浏览指定商品-已完成0-未完成6

雪花秀滋盈生人参护肤品礼盒套装(水125ml+乳125ml+精华30ml+面霜30ml)情人节礼物
任务领取成功
success

雪花秀滋盈肌本润颜水乳护肤品套装礼盒(润颜水125ml+润颜乳125ml)补水保湿 情人节礼物
任务领取成功
success

雪花秀玉璨净柔撕拉面膜免水洗清洁面膜150ml（细腻毛孔 保湿滋润 深层清洁 提亮肤色）情人节礼物
任务领取成功
success

雪花秀时光安瓶滋盈生人参密集修护精华液20g（舒缓泛红 修护微损伤 紧致肌肤）情人节礼物
任务领取成功
success

雪花秀滋盈生人参焕颜高保湿修护滋养面霜60ml(补水滋养 提拉紧致 提亮肤色 淡化细纹）情人节礼物
任务领取成功
success

雪花秀明星肌本水乳精华护肤品套装礼盒(水125ml+乳125ml+精华60ml+6件小样）情人节礼物
任务领取成功
success

开始抽奖

9-浏览当前页面-已完成0-未完成1

浏览当前页面
任务领取成功
浏览时长不足，任务未完成

开始抽奖
快去完成任务获得抽奖资格吧

开始抽奖
快去完成任务获得抽奖资格吧

开始第10个抽奖活动

9-浏览童装主会场-已完成0-未完成1

浏览童装主会场
任务领取成功
success

开始抽奖
快去完成任务获得抽奖资格吧

26-关注并浏览童装甄选馆-已完成0-未完成1

关注并浏览童装甄选馆
success

开始抽奖

21-开通MQD儿童会员-已完成0-未完成22

14-邀请好友助力-已完成0-未完成4
success

1-关注并浏览店铺-已完成0-未完成8

巴拉巴拉官方旗舰店
success

多妙屋旗舰店
success

MiniPeace官方旗舰店
success

斯凯奇（SKECHERS）童鞋京东自营旗舰店
success

bobdog巴布豆童鞋旗舰店
success

小猪班纳官方旗舰店
success

SKECHERS斯凯奇儿童旗舰店
success

FILA童装旗舰店
success

开始抽奖
快去完成任务获得抽奖资格吧

8-浏览指定商品-已完成0-未完成6

李宁童鞋儿童运动鞋男女小童拼色设计轻便防滑一脚蹬国潮运动鞋YKNQ116-3晶蓝色/藏青蓝27
任务领取成功
success

马拉丁童装女童毛衣背心2021春季新款撞色艺术感满底提花针织马甲 大红 90cm
任务领取成功
success

【新年系列】MQD童装男女童卫衣21春新款宝宝卡通套头洋气拜年服 中国红 100cm
任务领取成功
success

Skechers斯凯奇 童鞋亲子熊猫鞋复古老爹鞋664094L 浅粉色 36
任务领取成功
success

迪士尼童装男童套装新年装2021春装新款洋气儿童宝宝时尚卡通卫衣裤子两件套 大红 110cm
任务领取成功
success

MIKIHOUSE学步鞋男女童鞋日本制经典央视获奖学步鞋一、二段婴幼儿宝宝运动鞋耐磨防滑 红色 11.5CM
任务领取成功
success

开始抽奖

开始抽奖
快去完成任务获得抽奖资格吧

开始第11个抽奖活动

0-每日签到-已完成0-未完成1
success

9-去逛逛横店家电馆-已完成0-未完成1

去逛逛横店家电馆
任务领取成功
success

开始抽奖

9-浏览生活服务会场-已完成0-未完成8

浏览生活服务会场
任务领取成功
success

浏览家电馆
任务领取成功
success

浏览飞利浦会场
任务领取成功
success

浏览海尔店铺会场
任务领取成功
success

浏览家电大促主会场
任务领取成功
success

浏览家电品牌盛典会场
任务领取成功
success

浏览数码电器馆
任务领取成功
success

浏览旅游年货节会场
任务领取成功
success

开始抽奖

开始抽奖
京豆:1

1-浏览关注LG旗舰店-已完成0-未完成10

浏览关注LG旗舰店
success

浏览关注长虹旗舰店
success

浏览关注美菱旗舰店
success

浏览关注平遥文旅店铺
success

浏览关注横店旗舰店
success

浏览关注海尔旗舰店
success

浏览关注飞利浦旗舰店
success

浏览关注西门子旗舰店
success

浏览关注科沃斯旗舰店
success

浏览关注欧乐B旗舰店
success

开始抽奖

开始抽奖

开始抽奖

8-浏览爆款商品-已完成0-未完成8

西门子(SIEMENS) 502升 变频风冷无霜冰箱双开门对开门冰箱 超薄  玻璃门 （灰色）BCD-502W(KA50SE43TI)
任务领取成功
success

【提前票丨组合套票】提前预订，各人群均有优惠 提前预订套票 2日游丨白天3景区+梦幻谷 成人票
任务领取成功
success

欧乐B电动牙刷 充电式 iO云感刷卓越清洁版 iO微震科技非声波 成人情侣（黑色） 情人节礼物
任务领取成功
success

美菱(MELING)503升 M鲜生旗舰十字对开多门冰箱 水分子保鲜 变频风冷无霜 杀菌净味BCD-503WPU9CA
任务领取成功
success

LG 纤慧系列 10.5公斤滚筒洗衣机全自动 AI变频直驱 洗烘一体 95℃高温洗 6种智能手洗 白FLX10M4W
任务领取成功
success

科沃斯 Ecovacs 地宝T8 Power扫地机器人激光导航规划全自动扫拖擦拖地机智能家用吸尘器DLX11-22
任务领取成功
success

美菱(MELING)629升 对开门冰箱双开门 一级能效风冷双变频 净味抗菌 -32度速冻 大容量电冰箱 BCD-629WPUCX
任务领取成功
success

海尔（Haier）滚筒洗衣机全自动 BlingBling彩装机 智能配给 洗烘一体13kg直驱变频 XQG130-HBM14176LU1
任务领取成功
success

开始抽奖
京豆:1

21-开通海尔品牌会员-已完成0-未完成5

14-邀请好友助力-已完成0-未完成3
success

开始抽奖
快去完成任务获得抽奖资格吧

开始第12个抽奖活动

1-关注泸州老窖店-已完成0-未完成7

关注泸州老窖店
success

关注荣耀自营店
success

关注京东安联
success

关注金沙店铺
success

关注朗迪自营店
success

关注极米自营旗舰店
success

9-浏览箱包会场-已完成0-未完成5

浏览箱包会场
任务领取成功
success

浏览会场
任务领取成功
success

浏览牛奶会场
任务领取成功
success

浏览小米会场
任务领取成功
success

浏览零食会场
任务领取成功
success

开始抽奖

开始抽奖

9-国密董酒会场-已完成0-未完成5

国密董酒会场
任务领取成功
success

浏览音频会场
任务领取成功
success

浏览水饮会场
任务领取成功
success

浏览海尔会场
任务领取成功
success

浏览欧乐B会场
任务领取成功
success

开始抽奖

8-浏览新春热卖商品-已完成0-未完成16

朗迪  碳酸钙D3片(Ⅱ) 60片*3盒  钙+D高维D促吸收
任务领取成功
success

【京东安联】境内旅行险  国内旅游意外保险  户外短期出行
任务领取成功
success

金沙回沙酒 摘要 53度 500ml*4瓶整箱装 珍品版 酱香型白酒 贵州金沙酱酒 商务宴请送礼 白酒礼盒装
任务领取成功
success

地平线8号（LEVEL8）行李箱旅行箱登机箱密码箱20英寸德国科思创PC箱体男女拉杆箱 黑色（锤科出品）
任务领取成功
success

极米（XGIMI）Play超悦版 投影仪家用 便携户外 音乐投影机（1080P 内置电池 哈曼卡顿音响 全自动梯形校正）
任务领取成功
success

百事可乐 Pepsi  汽水 碳酸饮料 细长罐330ml*24听 百事出品
任务领取成功
success

欧乐B电动牙刷 3D声波旋转摆动成人情侣充电式 P2000粉（含刷头*2）博朗精工 张艺兴代言 情人节礼物
任务领取成功
success

荣耀30 Pro 50倍远摄 麒麟990 5G 4000万超感光摄影 3200W美颜自拍 游戏手机 全网通版8GB+128GB 绿野仙踪
任务领取成功
success

9-浏览新春好物-已完成0-未完成1

浏览新春好物
任务领取成功
success

开始抽奖

14-邀请好友助力-已完成0-未完成3
success

开始抽奖
快去完成任务获得抽奖资格吧

开始第13个抽奖活动
活动已结束

开始第14个抽奖活动
活动已结束

开始第15个抽奖活动

0-每日签到-已完成0-未完成1
success

1-关注并浏览店铺-已完成0-未完成6

浏览并关注Alexandre De Paris官方旗舰店
success

浏览并关注ARMANI EXCHANGE官方店
success

浏览并关注TOM DIXON京东自营官方旗舰店
success

浏览并关注COACH京东自营店
success

浏览并关注Yohji Yamamoto 官方自营旗舰店
success

浏览并关注MANU ATELIER京东自营官方旗舰店
success

开始抽奖

开始抽奖

9-浏览年货节会场-已完成0-未完成1

浏览年货节会场页面
任务领取成功
success

开始抽奖
快去完成任务获得抽奖资格吧

9-浏览当前活动页面-已完成0-未完成1

浏览当前活动页面
任务领取成功
success

开始抽奖

21-RIMOWA-已完成0-未完成10

15-加购年货节商品-已完成0-未完成6

法国亚历山大发夹Alexandre De Paris戴安娜发卡甜美蝴蝶结发饰送女友礼物 半弧形 X柔和色
success

日本CITIZEN西铁城光动能黑橙配色商务黑表盘防水夜光皮带休闲男表 BM8475-26EB
success

HUGO BOSS雨果博斯男士2020款秋季双面皮革腰带 004-黑色 ONESI
success

阿玛尼手表女（Emporio Armani）时尚方盘皮带女表石英女士腕表情人节礼物送女友 AR11149
success

菲利普普兰（PHILIPP PLEIN）20秋冬 TEDDY BEAR 泰迪熊男士T恤衫棉 红色F20C-MTK4583-PJY002N_13 M
success

CASIO卡西欧男表G-SHOCK潮流黑金GA-110GB男士防震运动手表 GA-110GB-1ADR
success

开始抽奖

14-邀请好友助力-已完成0-未完成4
success

26-关注并浏览奢品馆-已完成0-未完成1

关注并浏览奢品馆
success

开始抽奖
快去完成任务获得抽奖资格吧

开始抽奖
快去完成任务获得抽奖资格吧

开始第16个抽奖活动
活动已结束

==============📣系统通知📣==============
京东抽奖机
京东账号：孤傲的小小瞒
抽得京豆：19个
请点击通知跳转至APP查看

🔔京东抽奖机, 结束! 🕛 1444.517 秒

