
🔔京东抽奖机, 开始!
"connect ECONNREFUSED 151.101.108.133:443"

🔔京东抽奖机, 开始!
您的cookie选择的是用&隔开


====================共有2个京东账号Cookie=========

==================脚本执行- 北京时间(UTC+8)：2/5/2021, 1:15:26 AM=====================

共2个京东账号


🔔京东抽奖机, 结束! 🕛 4.249 秒


14-邀人助力任务-已完成0-未完成10
助力已满员！谢谢你哦~

2-网易严选 男式经典多功能帆布双肩包 黑色-已完成0-未完成2

网易严选 男式经典多功能帆布双肩包 黑色
success

资生堂新美肌精粹水150ml （爽肤水 化妆水  补水保湿 护肤品 情人节礼物 送女友老婆）
success

开始抽奖

开始抽奖

1-大宇电器家电京东自营旗舰店-已完成0-未完成2

大宇电器家电京东自营旗舰店
success

浪凡（LANVIN）香氛京东自营专区
success

开始抽奖
京豆:2

开始抽奖

3-浏览今日必拼活动-已完成0-未完成2

浏览今日必拼活动
success

浏览锦鲤红包
success

开始抽奖
京豆:1

开始抽奖

3-逛京东秒杀频道-已完成0-未完成2

逛京东秒杀频道
success

浏览特价频道
success

开始抽奖
京豆:2

开始抽奖

开始抽奖
快去完成任务获得抽奖资格吧

开始第2个抽奖活动

13-连续签到任务（7天）-已完成0-未完成1
success

14-邀人助力任务-已完成0-未完成10
助力已满员！谢谢你哦~

2-【品牌授权】日本EstheDew伊诗露樱桃爽肤水化妆水男女薏仁补水湿敷保湿定妆喷雾500ml  胎盘素净白水-已完成0-未完成3

【品牌授权】日本EstheDew伊诗露樱桃爽肤水化妆水男女薏仁补水湿敷保湿定妆喷雾500ml  胎盘素净白水
success

澳门十月初五饼家 休闲零食 八喜临门年货礼盒696g  团购送礼送家人 送女朋友澳门十月初五饼家 八喜临门
success

【3份免邮】海鲜香肠 虾肠海鲜烧烤食材 虾肠10根 500g
success

开始抽奖

3-9.9买到爽-已完成0-未完成2

9.9买到爽
success

查看精选补贴好物
success

开始抽奖
快去完成任务获得抽奖资格吧

3-好物1元抢-已完成0-未完成3

好物1元抢
success

查看京品好物
success

宠汪汪-兑换iPhone
success

开始抽奖
京豆:2

1-汤臣倍健京东自营旗舰店-已完成0-未完成3

汤臣倍健京东自营旗舰店
success

闪魔旗舰店
success

鲜次方旗舰店
success

开始抽奖
快去完成任务获得抽奖资格吧

21-图书会员-已完成0-未完成3

开始抽奖
快去完成任务获得抽奖资格吧

开始第3个抽奖活动

1-关注丸丝旗舰店-已完成0-未完成6

关注丸丝旗舰店
success

关注欧诺家庭清洁专营店
success

关注薄荷健康官方旗舰店
success

关注菲奥清洁用品专营店
success

关注茶守艺官方旗舰店
success

关注太博尔Tech-Bio官方旗舰店
success

开始抽奖

开始抽奖

8-浏览热卖爆品-已完成0-未完成6

佳曼 羽绒服清洁湿巾免水洗去油去污干洗剂家用清洗衣物神器 超值装12片x6包
任务领取成功
success

威莱娅(wereal)多用途消毒液家用杀菌率99.999%地板宠物衣物家居除菌液 500ml*1瓶
任务领取成功
success

薄荷健康轻卡零食大礼包女低零食小吃休闲食品脂网红解馋控卡 【18袋尝鲜装】轻卡零食323g
任务领取成功
success

羽绒服清洗剂干洗剂棉衣免水洗神器泡沫去污清洁剂白色羽绒服顽固污渍干洗剂免洗洗涤剂喷雾清洗液 羽绒服清洗剂150g
任务领取成功
success

太博尔TECH-BIO免洗手杀菌洗手液凝胶消毒液医通用75%酒精滋润护肤学生户外速干便携防疫家庭组合 【冀卫消证字】500ml
任务领取成功
success

茶守艺（Teaskill）湖南省茶业集团 湖南红茶办公室茶下午茶 袋泡茶包 茶叶 五彩湘茶 湖南红茶
任务领取成功
success

开始抽奖

9-浏览菲奥清洁用品专营店-已完成0-未完成7

浏览菲奥清洁用品专营店
任务领取成功
success

浏览丸丝旗舰店
任务领取成功
success

浏览茶守艺官方旗舰店
任务领取成功
京东抽奖机CDN缓存刷新成功
success

浏览欧诺家庭清洁专营店
任务领取成功
success

浏览太博尔Tech-Bio官方旗舰店
任务领取成功
success

浏览爆品会场
任务领取成功
success

浏览薄荷健康官方旗舰店
任务领取成功
success

开始抽奖

开始抽奖
京豆:1

14-邀请好友助力-已完成0-未完成3
助力已满员！谢谢你哦~

开始抽奖
快去完成任务获得抽奖资格吧

开始第4个抽奖活动

0-每日签到-已完成0-未完成1
success

1-关注并浏览瑞仕达店铺-已完成0-未完成3

关注并浏览瑞仕达店铺
success

关注并浏览稳纳店铺
success

关注并浏览乐歌店铺
success

开始抽奖
京豆:1

开始抽奖
京豆:1

21-开通雅兰床垫品牌会员-已完成0-未完成3

8-浏览指定商品-已完成0-未完成3

QM曲美家居 床 实木床北欧橡木双人床1.5米1.8米床现代简约卧室家具【60天发货】 1.8m*2.0m 原木色 架子床
任务领取成功
success

曲美家居 餐桌岩板轻奢一桌四椅 实木腿饭桌子餐桌椅组合餐厅家具 一桌四椅(2蓝+2粉)1.2米
任务领取成功
success

四季沐歌（MICOE）电动晾衣架 升降晾衣架 阳台遥控晒衣架 智能自动晾衣机 LED照明 【镇店爆卖-悦动系列照明款】大屏LED+高颜值设计
任务领取成功
success

开始抽奖
京豆:1

14-邀请好友助力-已完成0-未完成3
助力已满员！谢谢你哦~

9-浏览家具年货节会场-已完成0-未完成1

浏览家具年货节会场
任务领取成功
success
