
🔔京东抽奖机, 开始!
"connect ECONNREFUSED 151.101.108.133:443"

🔔京东抽奖机, 开始!
您的cookie选择的是用&隔开


====================共有2个京东账号Cookie=========

==================脚本执行- 北京时间(UTC+8)：2/3/2021, 1:15:23 AM=====================

共2个京东账号


🔔京东抽奖机, 结束! 🕛 6.296 秒


14-邀人助力任务-已完成0-未完成10
助力已满员！谢谢你哦~

2-【张一山代言】劳士顿（ROSDN）手表细带小巧简约气质星空手表女士小表盘时尚精致 玫金星空皮带-已完成0-未完成2

【张一山代言】劳士顿（ROSDN）手表细带小巧简约气质星空手表女士小表盘时尚精致 玫金星空皮带
success

韩国进口 自然共和国 清新绿茶化妆水 180ml（新包装）控油平衡 补水保湿 男女适用
success

开始抽奖

开始抽奖

1-大宇电器家电京东自营旗舰店-已完成0-未完成2

大宇电器家电京东自营旗舰店
success

浪凡（LANVIN）香氛京东自营专区
success

开始抽奖

开始抽奖
京豆:1

3-浏览锦鲤红包-已完成0-未完成2

浏览锦鲤红包
success

浏览今日必拼活动
success

开始抽奖

开始抽奖

3-逛京东秒杀频道-已完成0-未完成2

逛京东秒杀频道
success

浏览特价频道
success

开始抽奖
京豆:2

开始抽奖
京豆:1

开始抽奖
快去完成任务获得抽奖资格吧

开始第2个抽奖活动

13-连续签到任务（7天）-已完成0-未完成1
success

14-邀人助力任务-已完成0-未完成10
助力已满员！谢谢你哦~

2-日本Dr.Ci.Labo城野医生亲研毛孔收敛水收缩毛孔控油保湿改善角质爽肤水化妆水敏感肌护肤男女适用 100ml-已完成0-未完成3

日本Dr.Ci.Labo城野医生亲研毛孔收敛水收缩毛孔控油保湿改善角质爽肤水化妆水敏感肌护肤男女适用 100ml
success

柔妮 沐浴露男女士2大瓶套装 小苍兰香型500mL*2瓶
success

五羊FIVERAM婴儿游泳纸尿裤防水纸尿裤一次性尿不湿泳裤 M码 1片×3包 （独立包装）
success

开始抽奖

开始抽奖

开始抽奖

3-大牌爆款直降，手慢无！-已完成0-未完成2

大牌爆款直降，手慢无！
success

查看精选补贴好物
success

开始抽奖
快去完成任务获得抽奖资格吧

3-好物1元抢-已完成0-未完成3

好物1元抢
success

查看京品好物
success

宠汪汪-兑换iPhone
success

开始抽奖
京豆:2

1-汤臣倍健京东自营旗舰店-已完成0-未完成3

汤臣倍健京东自营旗舰店
success

闪魔旗舰店
success

鲜次方旗舰店
success

开始抽奖
京豆:2

21-图书会员-已完成0-未完成3

开始抽奖
快去完成任务获得抽奖资格吧

开始第3个抽奖活动

1-关注珍立方食品旗舰店-已完成0-未完成6

关注珍立方食品旗舰店
success

关注培林旗舰店
success

关注新亮旗舰店
success

关注王老吉食品饮料旗舰店
success

关注飞迅纸品专营店
success

关注杨国福旗舰店
success

开始抽奖
京豆:1

开始抽奖

8-浏览热卖爆品-已完成0-未完成6

本色卷纸实心竹浆本色家用面纸巾批发便携装5层加厚手纸厕纸 6斤50卷巨量装
任务领取成功
success

【活动】杨国福麻辣烫底料火锅麻辣烫调料 鲜爽麻辣调味品 牛油口味 牛油150g（1-2人） 份
任务领取成功
success

珍立方白藜麦米宝宝儿童辅食 孕妇月子粥 大米伴侣 五谷杂粮 低gi粗粮 黎麦500g 1盒
任务领取成功
success

王老吉 菊花决明子茶枸杞金银花熬夜养肝花草茶清肝护肝养生茶组合茶包 大容量促销袋装（5g*30包/盒）
任务领取成功
success

威露士兄弟品牌新亮洗碗机专用小苏打洗碗粉1kg 食用级洗涤剂去污除味 适用西门子方太美的 德国技术 瓶装
任务领取成功
success

培林洗发水试用装小样 桃花船长植物香氛无硅油洗发露体验装 艾芙洛旅行装洗护套装 3号绯闻桃花汁旅行装30mL*2
任务领取成功
success

开始抽奖
京豆:1

开始抽奖

9-浏览王老吉食品饮料旗舰店-已完成0-未完成7

浏览王老吉食品饮料旗舰店
任务领取成功
success

浏览珍立方食品旗舰店
任务领取成功
success

浏览新亮旗舰店
任务领取成功
success

浏览爆品会场
任务领取成功
success

浏览飞迅纸品专营店
任务领取成功
success

浏览杨国福旗舰店
任务领取成功
success

浏览培林旗舰店
任务领取成功
success

开始抽奖
京豆:1

14-邀请好友助力-已完成0-未完成3
助力已满员！谢谢你哦~

开始抽奖
快去完成任务获得抽奖资格吧

开始第4个抽奖活动

0-每日签到-已完成0-未完成1
success

1-关注并浏览林氏木业-已完成0-未完成3

关注并浏览林氏木业
success

关注并浏览乐歌店铺
success

关注并浏览黑白调店铺
success

开始抽奖
京豆:1

开始抽奖
京豆:1

21-开通雅兰床垫品牌会员-已完成0-未完成3

8-浏览指定商品-已完成0-未完成3

欧普（oupu）电动晾衣架 智能遥控四杆晾衣机 阳台自动升降集成吊顶晒衣架自然风干 太空银（经典款）四杆+LED照明
任务领取成功
success

【任意3件伴价】中派 北欧极简岩板餐桌组合可伸缩家用大理石餐桌椅套装 1.3米餐桌（金丝绒岩板）
任务领取成功
success

格杰 儿童床 实木交错式上下床双层床高低床带书桌1.5米子母床1.8米上下铺错位型 上铺+1.8米普通床+梯柜A 1200*1900mm
任务领取成功
success

开始抽奖
京豆:1

14-邀请好友助力-已完成0-未完成3
助力已满员！谢谢你哦~

9-浏览家具年货节会场-已完成0-未完成1

浏览家具年货节会场
任务领取成功
success

开始抽奖
京豆:1

开始抽奖
快去完成任务获得抽奖资格吧

开始第5个抽奖活动

8-浏览OPPO Reno5Pro+-已完成0-未完成1

浏览OPPO Reno5Pro+
任务领取成功
success

开始抽奖
京豆:1

1-浏览并关注OPPO店铺-已完成0-未完成1

浏览并关注OPPO店铺
success

开始抽奖
快去完成任务获得抽奖资格吧

21-开通OPPO品牌会员-已完成0-未完成1

8-浏览OPPO热卖爆品-已完成0-未完成6

浏览OPPO热卖爆品
任务领取成功
success

浏览OPPO热卖爆品
任务领取成功
success

浏览OPPO热卖爆品
任务领取成功
success

浏览OPPO热卖爆品
任务领取成功
success

浏览OPPO热卖爆品
任务领取成功
success

浏览OPPO热卖爆品
任务领取成功
success

开始抽奖

开始抽奖
京豆:1

14-邀请好友助力-已完成0-未完成3
助力已满员！谢谢你哦~

9-浏览当前活动-已完成0-未完成1

浏览当前活动
任务领取成功
success

开始抽奖
京豆:2

19-购买指定商品-已完成0-未完成1

开始抽奖
快去完成任务获得抽奖资格吧

开始第6个抽奖活动

9-浏览当前页面-已完成0-未完成1

浏览当前页面
任务领取成功
success

开始抽奖
京豆:1

3-浏览当前会场-已完成0-未完成1

浏览当前会场
success

开始抽奖
京豆:1

1-关注1664啤酒京东自营旗舰店-已完成0-未完成8

关注1664啤酒京东自营旗舰店
success

关注五羊京东自营旗舰店
success

关注塔牌京东自营旗舰店
success

关注天地壹号京东自营旗舰店
success

关注安儿乐京东自营旗舰店
success

关注八马茶业旗舰店
success

关注新见福食品旗舰店
success

关注古越龙山京东自营旗舰店
success

开始抽奖
京豆:1

9-浏览年货大集会场-已完成0-未完成5

浏览年货大集会场
任务领取成功
success

浏览全心全系新潮年会场
任务领取成功
success

浏览万店嘉年华会场
任务领取成功
success

关注新年囤好物会场
任务领取成功
success

浏览精挑细选过潮年会场
任务领取成功
success

开始抽奖
京豆:1

开始抽奖
京豆:1

26-关注生鲜馆-已完成0-未完成2

关注生鲜馆
success

关注拍拍二手频道
success

开始抽奖
京豆:1

8-浏览爆款商品-已完成0-未完成8

安儿乐ANERLE干爽超薄纸尿裤XL108片(12-17kg)婴儿干爽透气尿不湿
任务领取成功
success

塔牌 绍兴黄酒 正冬 特型八年  半甜型黄酒 冬酿花雕酒 500ml*6瓶 整箱装 礼盒装 （出口品牌）
任务领取成功
success

五羊FIVERAM拉拉裤薄薄芯成长裤XXL80片 (15kg以上)婴儿尿不湿超薄透气瞬吸干爽（新旧随机发货）
任务领取成功
success

Asahi朝日啤酒（超爽生）330ml*24听 整箱装
任务领取成功
success

古越龙山 江湖乖乖 青梅&荔枝&柚子冰沙果酒 85ml*3
任务领取成功
success

八马茶业 茶叶绿茶 特级安吉白茶 茶叶罐装60克
任务领取成功
success

1664啤酒 白啤酒500ml*12听 整箱装（新老包装随机发货）
任务领取成功
success

天地壹号 苹果醋饮料330ml*15罐 电商版 新旧版本随机发货
任务领取成功
success

开始抽奖
京豆:1

2-浏览爆款商品-已完成0-未完成8

安儿乐ANERLE干爽超薄纸尿裤XL108片(12-17kg)婴儿干爽透气尿不湿
success

塔牌 绍兴黄酒 正冬 特型八年  半甜型黄酒 冬酿花雕酒 500ml*6瓶 整箱装 礼盒装 （出口品牌）
success

五羊FIVERAM拉拉裤薄薄芯成长裤XXL80片 (15kg以上)婴儿尿不湿超薄透气瞬吸干爽（新旧随机发货）
success

Asahi朝日啤酒（超爽生）330ml*24听 整箱装
success

古越龙山 江湖乖乖 青梅&荔枝&柚子冰沙果酒 85ml*3
success

八马茶业 茶叶绿茶 特级安吉白茶 茶叶罐装60克
success

1664啤酒 白啤酒500ml*12听 整箱装（新老包装随机发货）
success

天地壹号 苹果醋饮料330ml*15罐 电商版 新旧版本随机发货
success

开始抽奖

21-开通五羊品牌会员-已完成0-未完成8

14-邀请好友助力-已完成0-未完成3
助力已满员！谢谢你哦~

开始抽奖
快去完成任务获得抽奖资格吧

开始第7个抽奖活动

9-浏览罗技会场-已完成0-未完成6

浏览罗技会场
任务领取成功
success

浏览山水耳机会场
任务领取成功
success

浏览科大讯飞会场
任务领取成功
success

浏览泡泡种草社
任务领取成功
success

浏览韶音会场
任务领取成功
success

浏览DIVO会场
任务领取成功
success

开始抽奖

1-漫步者雪马专卖店-已完成0-未完成5

漫步者雪马专卖店
success

科大讯飞旗舰店
success

创响数码专营店
success

弘祥智能旗舰店
success

ThinkPad京东官方自营旗舰店
success

开始抽奖

21-开通科族数码会员-已完成0-未完成5

8-AFTERSHOKZ 韶音AS800 Aeropex 骨传导蓝牙耳机运动无线耳骨传导耳机跑步骑行 曜夜黑-已完成0-未完成6

AFTERSHOKZ 韶音AS800 Aeropex 骨传导蓝牙耳机运动无线耳骨传导耳机跑步骑行 曜夜黑
任务领取成功
success

戴尔（DELL）PowerEdge R740/R730机架式服务器比特币矿机主机虚拟化电脑整机 R740【1*铜牌3204 6
任务领取成功
success

机械师T58-V 全面屏游戏本十代i7-10750H/GTX1650Ti独显游戏笔记本电脑 荣耀版8G/512G PCIE高速
任务领取成功
success

达尔优EH715 (LH712)头戴式耳机耳麦 电竞游戏 电脑笔记本 (有线耳机 家用办公学习采购) 黑色 单USB接口【电脑
任务领取成功
success

南孚聚能环3代 5/7号碱性电池16/30粒 适用于儿童玩具/血糖仪/挂钟/鼠标键盘/遥控器 大包装 5号30粒 3代新包装
任务领取成功
success

闪克（Sudotack） USB电脑麦克风游戏录课直播电容麦全向收音会议话筒手机电脑有线即插即用 AU-902电脑麦+即插即用
任务领取成功
success

开始抽奖
京豆:1

14-邀请好友助力-已完成0-未完成4
助力已满员！谢谢你哦~

9-浏览当前活动-已完成0-未完成1

浏览当前活动
任务领取成功
success

开始抽奖
快去完成任务获得抽奖资格吧

19-购买热门商品-已完成0-未完成6

开始抽奖
快去完成任务获得抽奖资格吧

开始第8个抽奖活动

25-完成并分享趣味评测-已完成0-未完成5

完成"新冠疫苗"趣味评测
活动太火爆啦
请稍后尝试~

完成"年货青年"趣味评测
活动太火爆啦
请稍后尝试~

完成“健康人设”趣味评测
活动太火爆啦
请稍后尝试~

完成“年终聚会”趣味评测
活动太火爆啦
请稍后尝试~

完成“健康返乡”趣味评测
活动太火爆啦
请稍后尝试~

开始抽奖
快去完成任务获得抽奖资格吧

25-中医体质评测-已完成0-未完成1

完成中医体质评测
活动太火爆啦
请稍后尝试~

开始抽奖
快去完成任务获得抽奖资格吧

25-西医亚健康评测-已完成0-未完成1

完成西医亚健康评测
活动太火爆啦
请稍后尝试~

开始抽奖
快去完成任务获得抽奖资格吧

14-邀请好友助力-已完成0-未完成4
助力已满员！谢谢你哦~

9-浏览当前会场-已完成0-未完成1

浏览当前会场
任务领取成功
success

开始抽奖
京豆:3

9-浏览新人会场-已完成0-未完成7

浏览新人会场
任务领取成功
success

浏览京东家医孝心版
任务领取成功
success

浏览医药会场
任务领取成功
success

浏览年货节会场
任务领取成功
success

浏览送礼会场
任务领取成功
success

浏览直播会场
任务领取成功
success

浏览服务会场
任务领取成功
success

开始抽奖
京豆:2

26-关注互联网医院频道-已完成0-未完成2

关注互联网医院频道
success

关注看病购药频道
success

开始抽奖
京豆:3

21-开通杰士邦品牌会员-已完成0-未完成8

开始抽奖
快去完成任务获得抽奖资格吧

开始第9个抽奖活动

0-每日签到-已完成0-未完成1
success

21-开通"雪花秀"品牌会员-已完成0-未完成1

1-关注并浏览雪花秀店铺-已完成0-未完成1

关注并浏览雪花秀店铺
success

开始抽奖
京豆:1

14-邀请好友助力-已完成0-未完成4
助力已满员！谢谢你哦~

15-加购指定商品-已完成0-未完成6

雪花秀与润修护睡眠面膜补水免洗男女士面膜120ml（保湿滋养 改善暗沉 提亮肤色）情人节礼物
success

雪花秀气垫bb霜致美养肤气垫粉底液15g(赠替换芯15g)21号自然粉色（化妆品遮瑕保湿）情人节礼物
success

雪花秀滋盈生人参焕颜高保湿修护滋养面霜60ml(补水滋养 提拉紧致 提亮肤色 淡化细纹）情人节礼物
success

雪花秀玉璨净柔撕拉面膜免水洗清洁面膜150ml（细腻毛孔 保湿滋润 深层清洁 提亮肤色）情人节礼物
success

雪花秀时光安瓶滋盈生人参密集修护精华液20g（舒缓泛红 修护微损伤 紧致肌肤）情人节礼物
success

雪花秀明星肌本水乳精华护肤品套装礼盒(水125ml+乳125ml+精华60ml+6件小样）情人节礼物
success

开始抽奖

8-浏览指定商品-已完成0-未完成6

雪花秀滋盈生人参焕颜高保湿修护滋养面霜60ml(补水滋养 提拉紧致 提亮肤色 淡化细纹）情人节礼物
任务领取成功
success

雪花秀玉璨净柔撕拉面膜免水洗清洁面膜150ml（细腻毛孔 保湿滋润 深层清洁 提亮肤色）情人节礼物
任务领取成功
success

雪花秀时光安瓶滋盈生人参密集修护精华液20g（舒缓泛红 修护微损伤 紧致肌肤）情人节礼物
任务领取成功
success

雪花秀明星肌本水乳精华护肤品套装礼盒(水125ml+乳125ml+精华60ml+6件小样）情人节礼物
任务领取成功
success

雪花秀滋盈肌本润颜水乳护肤品套装礼盒(润颜水125ml+润颜乳125ml)补水保湿 情人节礼物
任务领取成功
success

雪花秀滋盈生人参护肤品礼盒套装(水125ml+乳125ml+精华30ml+面霜30ml)情人节礼物
任务领取成功
success

开始抽奖

9-浏览当前页面-已完成0-未完成1

浏览当前页面
任务领取成功
浏览时长不足，任务未完成

开始抽奖
快去完成任务获得抽奖资格吧

开始抽奖
快去完成任务获得抽奖资格吧

开始第10个抽奖活动

9-浏览童装主会场-已完成0-未完成1

浏览童装主会场
任务领取成功
success

开始抽奖
快去完成任务获得抽奖资格吧

26-关注并浏览童装甄选馆-已完成0-未完成1

关注并浏览童装甄选馆
success

开始抽奖

21-开通MQD儿童会员-已完成0-未完成22

14-邀请好友助力-已完成0-未完成4
助力已满员！谢谢你哦~

1-关注并浏览店铺-已完成0-未完成8

MQD旗舰店
success

江博士旗舰店
success

bobdog巴布豆童鞋旗舰店
success

FILA童装旗舰店
success

基诺浦官方旗舰店
success

斯凯奇（SKECHERS）童鞋京东自营旗舰店
success

Disneybaby旗舰店
success

李宁儿童京东自营旗舰店
success

开始抽奖
快去完成任务获得抽奖资格吧

8-浏览指定商品-已完成0-未完成6

迪士尼童装男童套装新年装2021春装新款洋气儿童宝宝时尚卡通卫衣裤子两件套 大红 110cm
任务领取成功
success

李宁童鞋儿童运动鞋男女小童拼色设计轻便防滑一脚蹬国潮运动鞋YKNQ116-3晶蓝色/藏青蓝27
任务领取成功
success

MIKIHOUSE学步鞋男女童鞋日本制经典央视获奖学步鞋一、二段婴幼儿宝宝运动鞋耐磨防滑 红色 11.5CM
任务领取成功
success

马拉丁童装女童毛衣背心2021春季新款撞色艺术感满底提花针织马甲 大红 90cm
任务领取成功
success

Skechers斯凯奇 童鞋亲子熊猫鞋复古老爹鞋664094L 浅粉色 36
任务领取成功
success

【新年系列】MQD童装男女童卫衣21春新款宝宝卡通套头洋气拜年服 中国红 100cm
任务领取成功
success

开始抽奖

开始抽奖
快去完成任务获得抽奖资格吧

开始第11个抽奖活动

0-每日签到-已完成0-未完成1
success

9-去逛逛横店家电馆-已完成0-未完成1

去逛逛横店家电馆
任务领取成功
success

开始抽奖

9-浏览海尔店铺会场-已完成0-未完成8

浏览海尔店铺会场
任务领取成功
success

浏览家电大促主会场
任务领取成功
success

浏览家电品牌盛典会场
任务领取成功
success

浏览数码电器馆
任务领取成功
success

浏览旅游年货节会场
任务领取成功
success

浏览生活服务会场
任务领取成功
success

浏览家电馆
任务领取成功
success

浏览飞利浦会场
任务领取成功
success

开始抽奖

开始抽奖

1-浏览关注平遥文旅店铺-已完成0-未完成10

浏览关注平遥文旅店铺
success

浏览关注海尔旗舰店
success

浏览关注长虹旗舰店
success

浏览关注飞利浦旗舰店
success

浏览关注LG旗舰店
success

浏览关注横店旗舰店
success

浏览关注美菱旗舰店
success

浏览关注西门子旗舰店
success

浏览关注科沃斯旗舰店
success

浏览关注欧乐B旗舰店
success

开始抽奖
京豆:1

开始抽奖

8-浏览爆款商品-已完成0-未完成8

美菱(MELING)503升 M鲜生旗舰十字对开多门冰箱 水分子保鲜 变频风冷无霜 杀菌净味BCD-503WPU9CA
任务领取成功
success

欧乐B电动牙刷 充电式 iO云感刷卓越清洁版  iO微震科技非声波  成人情侣（黑色）
任务领取成功
success

LG 纤慧系列 10.5公斤滚筒洗衣机全自动 AI变频直驱 洗烘一体 95℃高温洗 6种智能手洗 白FLX10M4W
任务领取成功
success

美菱(MELING)629升 对开门冰箱双开门 一级能效风冷双变频 净味抗菌 -32度速冻 大容量电冰箱 BCD-629WPUCX
任务领取成功
success

科沃斯 Ecovacs 地宝T8 Power扫地机器人激光导航规划全自动扫拖擦拖地机智能家用吸尘器DLX11-22
任务领取成功
success

西门子(SIEMENS) 502升 变频风冷无霜冰箱双开门对开门冰箱 超薄  玻璃门 （灰色）BCD-502W(KA50SE43TI)
任务领取成功
success

【多景区组合套票丨提前预订享优惠】155元起，畅游横店影视城，快速出票！ 提前一天预订 2日游（3景区+梦幻谷） 成人票
任务领取成功
success

海尔（Haier）滚筒洗衣机全自动 BlingBling彩装机 智能配给 洗烘一体13kg直驱变频 XQG130-HBM14176LU1
任务领取成功
success

开始抽奖

21-开通美菱品牌会员-已完成0-未完成5

14-邀请好友助力-已完成0-未完成3
助力已满员！谢谢你哦~

开始抽奖
快去完成任务获得抽奖资格吧

开始第12个抽奖活动

1-关注极米自营旗舰店-已完成0-未完成7

关注极米自营旗舰店
success

关注泸州老窖店
success

浏览并关注店铺
success

关注京东安联
success

关注金沙店铺
success

关注朗迪自营店
success

9-浏览牛奶会场-已完成0-未完成5

浏览牛奶会场
任务领取成功
success

浏览零食会场
任务领取成功
success

浏览小米会场
任务领取成功
success

浏览箱包会场
任务领取成功
success

浏览会场
任务领取成功
success

开始抽奖
京豆:1

开始抽奖

9-浏览欧乐B会场-已完成0-未完成5

浏览欧乐B会场
任务领取成功
success

国密董酒会场
任务领取成功
success

浏览音频会场
任务领取成功
success

浏览水饮会场
任务领取成功
success

浏览海尔会场
任务领取成功
success

开始抽奖
京豆:1

8-浏览新春热卖商品-已完成0-未完成16

百事可乐 Pepsi  汽水 碳酸饮料 细长罐330ml*24听 百事出品
任务领取成功
success

极米（XGIMI）Play超悦版 投影仪家用 便携户外 音乐投影机（1080P 内置电池 哈曼卡顿音响 全自动梯形校正）
任务领取成功
success

海尔(Haier)545升星蕴旗舰系列风冷无霜双变频十字门四门冰箱干湿分储母婴食材T·ABT除菌纤薄箱体BCD-545WFPB
任务领取成功
success

朗迪  碳酸钙D3片(Ⅱ) 60片*3盒  钙+D高维D促吸收
任务领取成功
success

【京东安联】境内旅行险  国内旅游意外保险  户外短期出行
任务领取成功
success

荣耀30 Pro 50倍远摄 麒麟990 5G 4000万超感光摄影 3200W美颜自拍 游戏手机 全网通版8GB+128GB 绿野仙踪
任务领取成功
success

金沙回沙酒 摘要 53度 500ml*4瓶整箱装 珍品版 酱香型白酒 贵州金沙酱酒 商务宴请送礼 白酒礼盒装
任务领取成功
success

地平线8号（LEVEL8）行李箱旅行箱登机箱20英寸德国科思创PC箱体男女拉杆箱 黑色（锤科出品）
任务领取成功
success

9-浏览新春好物-已完成0-未完成1

浏览新春好物
任务领取成功
success

开始抽奖

14-邀请好友助力-已完成0-未完成3
助力已满员！谢谢你哦~

开始抽奖
快去完成任务获得抽奖资格吧

开始第13个抽奖活动

9-浏览当前活动-已完成0-未完成1

浏览当前活动
任务领取成功
success

开始抽奖

9-纵享食刻 味爱吃狂-已完成0-未完成9

纵享食刻 味爱吃狂
任务领取成功
success

送美味徐福记
任务领取成功
success

李子柒好戏登场
任务领取成功
success

百草味满300减225
任务领取成功
success

新年潮礼半价抢
任务领取成功
success

中国年 送三只松鼠坚果礼
任务领取成功
success

伊利新年奶味先到家
任务领取成功
success

认养一头牛爆款直降
任务领取成功
success

1-关注徐福记官方旗舰店-已完成0-未完成8

关注徐福记官方旗舰店
success

关注三只松鼠旗舰店
success

关注百草味官方旗舰店
success

关注认养一头牛官方旗舰店
success

关注广州酒家旗舰店
success

关注良品铺子官方旗舰店
success

关注李子柒旗舰店
success

8-浏览商品-已完成0-未完成15

进口Lindt瑞士莲LINDOR软心黑巧克力600克分享装内含3口味黑巧 年货节节日家庭装 软心黑巧600克分享装
任务领取成功
success

YOTIME 春节年货礼盒休闲食品大礼包 手工曲奇饼干牛轧糖蛋卷礼盒装 糕点心礼盒过年伴手礼企业团购 福满盈双层礼盒
任务领取成功
success

伊利 舒化 无乳糖牛奶 全脂型220ml*12盒/箱 零乳糖好吸收 缓解乳糖不耐
任务领取成功
success

Lindt瑞士莲软心巧克力200克三盒分享装礼盒 LINDOR巧克力 年货节进口礼品休闲零食 牛奶巧克力200克*3盒
任务领取成功
success

【2提装】认养一头牛 全脂纯牛奶 250ml*12盒*2箱儿童学生成人营养早餐纯奶年货精选整箱 两提装
任务领取成功
success

良品铺子 甄惜你纯坚果礼盒11袋装 新年礼盒送礼礼包  每日坚果零食大礼包年货大礼包送礼零食随机发货 【8款11袋纯坚果高端礼盒】甄惜你1898g 新老版本随机发货
任务领取成功
success

徐福记 百福锦礼礼盒 零食糕点礼盒 多种零食糖果组合装 国潮风气 精美圆形礼盒 走亲访友选百福锦礼
任务领取成功
success

伊利 舒化奶 无乳糖牛奶 低脂型220ml*12盒/箱 零乳糖好吸收 缓解乳糖不耐
任务领取成功
success

良品铺子 食食有爱坚果礼盒8袋装 零食年货礼盒送礼年货大礼包 每日坚果新年礼盒送家人福气礼零食大礼包 【经典坚果年货礼盒】食食有爱经典款8袋装 1箱
任务领取成功
success

徐福记 福到家年货零食糕点礼盒 820g 休闲儿童零食大礼包礼品办公室送礼员工团购福利
任务领取成功
success

广州酒家 金装手信礼盒424g/盒  利口福广式饼酥糕点下午茶点心手信年货送礼礼盒
任务领取成功
success

百草味 坚果大礼包1832g/11袋 混合装网红干果小吃零食整箱年货礼盒腰果碧根果巴旦木等
任务领取成功
success

认养一头牛A2β-酪蛋白牛奶250ml*10盒儿童牛奶纯牛奶营养早餐奶年货精选礼盒健康休闲食品乳品 10盒
任务领取成功
success

YOTIME 新年礼物 糕点礼盒休闲零食 蛋黄酥牛轧糖蛋卷下午茶糕点心伴手礼 年货礼盒送亲人定制团购 年味茶盘糕点礼盒
任务领取成功
success

广州酒家 秋之风 大四喜腊味礼盒 广式香肠腊肉特产组合大礼包中华老字号 500g年货送礼
任务领取成功
success

开始抽奖

开始抽奖

开始抽奖

开始抽奖

开始抽奖

15-精选商品加购-已完成0-未完成10

YOTIME 春节年货礼盒休闲食品大礼包 手工曲奇饼干牛轧糖蛋卷礼盒装 糕点心礼盒过年伴手礼企业团购 福满盈双层礼盒
success

良品铺子 甄惜你纯坚果礼盒11袋装 新年礼盒送礼礼包  每日坚果零食大礼包年货大礼包送礼零食随机发货 【8款11袋纯坚果高端礼盒】甄惜你1898g 新老版本随机发货
success

伊利 舒化奶 无乳糖牛奶 低脂型220ml*12盒/箱 零乳糖好吸收 缓解乳糖不耐
success

广州酒家利口福 天天向上饼酥糕点礼盒 广东手信饼干小吃年货送礼900g
success

良品铺子 食食有爱坚果礼盒8袋装 零食年货礼盒送礼年货大礼包 每日坚果新年礼盒送家人福气礼零食大礼包 【经典坚果年货礼盒】食食有爱经典款8袋装 1箱
success

【2提装】认养一头牛 全脂纯牛奶 250ml*12盒*2箱儿童学生成人营养早餐纯奶年货精选整箱 两提装
success

百草味 坚果大礼包1832g/11袋 混合装网红干果小吃零食整箱年货礼盒腰果碧根果巴旦木等
success

YOTIME 新年礼物 糕点礼盒休闲零食 蛋黄酥牛轧糖蛋卷下午茶糕点心伴手礼 年货礼盒送亲人定制团购 年味茶盘糕点礼盒
success

广州酒家 秋之风 大四喜腊味礼盒 广式香肠腊肉特产组合大礼包中华老字号 500g年货送礼
success

伊利 舒化 无乳糖牛奶 全脂型220ml*12盒/箱 零乳糖好吸收 缓解乳糖不耐
success

开始抽奖

14-邀请好友-已完成0-未完成3
助力已满员！谢谢你哦~

开始抽奖
快去完成任务获得抽奖资格吧

开始第14个抽奖活动
活动已结束

开始第15个抽奖活动

9-浏览当前会场-已完成0-未完成1

浏览当前会场
任务领取成功
success

开始抽奖

开始抽奖
京豆:2

8-浏览爆款商品-已完成0-未完成6

艺福堂 茶叶绿茶 新茶明前龙井茶 西湖春迹私房茶年货礼盒200g 送礼
任务领取成功
success

吴裕泰 中华老字号 茉莉花茶 茶叶 茉莉香盈大红罐 量贩200g/罐装
任务领取成功
success

小罐茶茶叶银罐特级大红袍 铁观音 滇红茶 四款茶茶叶拼装礼盒20罐装80g（金骏眉版&清铁版随机发货）
任务领取成功
success

卢正浩 茶叶绿茶 明前特级龙井茶叶年货礼盒装西湖春茶（国色天香礼盒 5011252）100g
任务领取成功
success

忆江南茶叶礼盒装客户送礼年货礼盒送长辈 天尊龙品特级铁观音乌龙茶礼盒500g
任务领取成功
success

碧螺牌2020年新茶苏州洞庭碧螺春特级雨前碧螺茶炒青茶叶绿茶东山茶厂200g
任务领取成功
success

开始抽奖
京豆:1

开始抽奖
京豆:1

1-八马茶业京东自营旗舰店-已完成0-未完成6

八马茶业京东自营旗舰店
success

关注店铺有礼物
success

年货好礼五折
success

京味特色茶礼
success

吴裕泰京东自营旗舰店
success

忆江南京东自营旗舰店
success

开始抽奖
京豆:2

9-浏览茗茶年货会场-已完成0-未完成1

浏览茗茶年货会场
任务领取成功
success

开始抽奖
京豆:1

14-邀请好友助力-已完成0-未完成3
助力已满员！谢谢你哦~

开始抽奖
快去完成任务获得抽奖资格吧

开始第16个抽奖活动

1-浏览并关注SELETTI 官方自营旗舰店-已完成0-未完成6

浏览并关注SELETTI 官方自营旗舰店
success

浏览并关注COACH京东自营店
success

浏览并关注MANU ATELIER京东自营官方旗舰店
success

浏览并关注Yohji Yamamoto 官方自营旗舰店
success

浏览并关注ARMANI EXCHANGE官方店
success

浏览并关注卡西欧手表海外旗舰店
success

开始抽奖
京豆:1

开始抽奖
京豆:1

开始抽奖
京豆:1

9-浏览年货节会场-已完成0-未完成1

浏览年货节会场页面
任务领取成功
success

开始抽奖
快去完成任务获得抽奖资格吧

9-浏览当前活动页面-已完成0-未完成1

浏览当前活动页面
任务领取成功
success

开始抽奖
快去完成任务获得抽奖资格吧

21-Yohji Yamamoto-已完成0-未完成10

15-加购年货节商品-已完成0-未完成6

Ralph Lauren/拉夫劳伦男装 2020年秋季学院风小熊图案毛衫12758 999-多色 L
success

法国亚历山大发箍ALEXANDRE DE PARIS经典系列发带发饰头饰TBDF-21004 B 红色
success

【新年】RIMOWA/日默瓦铝镁合金Original21寸金属登机旅行箱拉杆行李箱官方店 火星橙 21寸
success

「上下」霁月香茗系列 茶叶礼盒 送长辈送领导 商务伴手礼 中式礼盒 SHANGXIA 新年礼物 两茶两杯（松绿色 +丹红色）
success

Bonpoint 小樱桃儿童面霜保湿滋润bp婴儿面霜敏感肌肤补水温和润肤霜50ml
success

路易威登LV女包单肩包斜挎NANO SPEEDY老花帆布手袋女式斜挎包 奢侈品  M61252
success

开始抽奖
京豆:1

14-邀请好友助力-已完成0-未完成4
助力已满员！谢谢你哦~

0-新人福利-全部已完成

开始抽奖
快去完成任务获得抽奖资格吧

==============📣系统通知📣==============
京东抽奖机
京东账号：迷糊虫啊
抽得京豆：50个
请点击通知跳转至APP查看

***************开始京东账号2***************

14-邀人助力任务-已完成0-未完成10
success

2-【张一山代言】劳士顿（ROSDN）手表细带小巧简约气质星空手表女士小表盘时尚精致 玫金星空皮带-已完成0-未完成2

【张一山代言】劳士顿（ROSDN）手表细带小巧简约气质星空手表女士小表盘时尚精致 玫金星空皮带
success

韩国进口 自然共和国 清新绿茶化妆水 180ml（新包装）控油平衡 补水保湿 男女适用
success

开始抽奖

开始抽奖

1-大宇电器家电京东自营旗舰店-已完成0-未完成2

大宇电器家电京东自营旗舰店
success

浪凡（LANVIN）香氛京东自营专区
success

开始抽奖

开始抽奖

3-浏览今日必拼活动-已完成0-未完成2

浏览今日必拼活动
success

浏览锦鲤红包
success

开始抽奖
京豆:1

开始抽奖

3-逛京东秒杀频道-已完成0-未完成2

逛京东秒杀频道
success

浏览特价频道
success

开始抽奖

开始抽奖
京豆:1

开始抽奖
快去完成任务获得抽奖资格吧

开始第2个抽奖活动

13-连续签到任务（7天）-已完成0-未完成1
success

14-邀人助力任务-已完成0-未完成10
success

2-欧贝比（OH BABY）超薄透气新生儿透气尿不湿 男女宝宝通用纸尿裤 L码46片-已完成0-未完成3

欧贝比（OH BABY）超薄透气新生儿透气尿不湿 男女宝宝通用纸尿裤 L码46片
success

【新年礼物】法国Avene雅漾活泉水喷雾300ml大喷补水保湿定妆爽肤水化妆水舒缓敏感肌 300ml*1支 效期至2025.6.1
success

日本爱丽思成人儿童男童女童一次性三层口罩透气薄款白色独立包装 儿童S码-40枚装【14.5cm_9cm】
success

开始抽奖
京豆:2

开始抽奖
京豆:2

开始抽奖
京豆:2

3-大牌爆款直降，手慢无！-已完成0-未完成2

大牌爆款直降，手慢无！
success

查看精选补贴好物
success

开始抽奖
快去完成任务获得抽奖资格吧

3-好物1元抢-已完成0-未完成3

好物1元抢
success

查看京品好物
success

宠汪汪-兑换iPhone
success

开始抽奖

1-汤臣倍健京东自营旗舰店-已完成0-未完成3

汤臣倍健京东自营旗舰店
success

闪魔旗舰店
success

鲜次方旗舰店
success

开始抽奖
快去完成任务获得抽奖资格吧

21-图书会员-已完成0-未完成3

开始抽奖
快去完成任务获得抽奖资格吧

开始第3个抽奖活动

1-关注珍立方食品旗舰店-已完成0-未完成6

关注珍立方食品旗舰店
success

关注培林旗舰店
success

关注新亮旗舰店
success

关注王老吉食品饮料旗舰店
success

关注飞迅纸品专营店
success

关注杨国福旗舰店
success

开始抽奖

8-浏览热卖爆品-已完成0-未完成6

【活动】杨国福麻辣烫底料火锅麻辣烫调料 鲜爽麻辣调味品 牛油口味 牛油150g（1-2人） 份
任务领取成功
success

珍立方白藜麦米宝宝儿童辅食 孕妇月子粥 大米伴侣 五谷杂粮 低gi粗粮 黎麦500g 1盒
任务领取成功
success

王老吉 菊花决明子茶枸杞金银花熬夜养肝花草茶清肝护肝养生茶组合茶包 大容量促销袋装（5g*30包/盒）
任务领取成功
success

威露士兄弟品牌新亮洗碗机专用小苏打洗碗粉1kg 食用级洗涤剂去污除味 适用西门子方太美的 德国技术 瓶装
任务领取成功
success

培林洗发水试用装小样 桃花船长植物香氛无硅油洗发露体验装 艾芙洛旅行装洗护套装 3号绯闻桃花汁旅行装30mL*2
任务领取成功
success

本色卷纸实心竹浆本色家用面纸巾批发便携装5层加厚手纸厕纸 6斤50卷巨量装
任务领取成功
success

开始抽奖

9-浏览爆品会场-已完成0-未完成7

浏览爆品会场
任务领取成功
success

浏览飞迅纸品专营店
任务领取成功
success

浏览杨国福旗舰店
任务领取成功
success

浏览培林旗舰店
任务领取成功
success

浏览王老吉食品饮料旗舰店
任务领取成功
success

浏览珍立方食品旗舰店
任务领取成功
success

浏览新亮旗舰店
任务领取成功
success

开始抽奖

开始抽奖

14-邀请好友助力-已完成0-未完成3
success

开始抽奖
快去完成任务获得抽奖资格吧

开始第4个抽奖活动

0-每日签到-已完成0-未完成1
success

1-关注并浏览林氏木业-已完成0-未完成3

关注并浏览林氏木业
success

关注并浏览稳纳店铺
success

关注并浏览乐歌店铺
success

开始抽奖
京豆:1

21-开通雅兰床垫品牌会员-已完成0-未完成3

8-浏览指定商品-已完成0-未完成3

好太太电动晾衣架自动升降晾衣杆阳台智能晾衣架晒衣架 D-3117S 遥控器控制+2根母婴晒夹+上门安装
任务领取成功
success

高居明作 红木家具缅甸花梨（学名：大果紫檀）中式实木沙发 客厅沙发组合套装新中式仿古雕花明式家具 卷书113版(大平几多拼)
任务领取成功
success

喜临门 进口乳胶床垫 独立袋装弹簧床垫 席梦思床垫 美睡 1800*2000
任务领取成功
success

开始抽奖
京豆:1

14-邀请好友助力-已完成0-未完成3
success

9-浏览家具年货节会场-已完成0-未完成1

浏览家具年货节会场
任务领取成功
success

开始抽奖
京豆:1

开始抽奖
快去完成任务获得抽奖资格吧

开始第5个抽奖活动

8-浏览OPPO Reno5Pro+-已完成0-未完成1

浏览OPPO Reno5Pro+
任务领取成功
success

开始抽奖
京豆:1

1-浏览并关注OPPO店铺-已完成0-未完成1

浏览并关注OPPO店铺
success

开始抽奖
快去完成任务获得抽奖资格吧

21-开通OPPO品牌会员-已完成0-未完成1

8-浏览OPPO热卖爆品-已完成0-未完成6

浏览OPPO热卖爆品
任务领取成功
success

浏览OPPO热卖爆品
任务领取成功
success

浏览OPPO热卖爆品
任务领取成功
success

浏览OPPO热卖爆品
任务领取成功
success

浏览OPPO热卖爆品
任务领取成功
success

浏览OPPO热卖爆品
任务领取成功
success

开始抽奖

开始抽奖

14-邀请好友助力-已完成0-未完成3
success

9-浏览当前活动-已完成0-未完成1

浏览当前活动
任务领取成功
success

开始抽奖
快去完成任务获得抽奖资格吧

19-购买指定商品-已完成0-未完成1

开始抽奖
快去完成任务获得抽奖资格吧

开始第6个抽奖活动

9-浏览当前页面-已完成0-未完成1

浏览当前页面
任务领取成功
success

开始抽奖
京豆:1

3-浏览当前会场-已完成0-未完成1

浏览当前会场
success

开始抽奖
快去完成任务获得抽奖资格吧

1-关注塔牌京东自营旗舰店-已完成0-未完成8

关注塔牌京东自营旗舰店
success

关注天地壹号京东自营旗舰店
success

关注安儿乐京东自营旗舰店
success

关注八马茶业旗舰店
success

关注新见福食品旗舰店
success

关注古越龙山京东自营旗舰店
success

关注1664啤酒京东自营旗舰店
success

关注五羊京东自营旗舰店
success

开始抽奖
京豆:1

开始抽奖
京豆:1

9-浏览精挑细选过潮年会场-已完成0-未完成5

浏览精挑细选过潮年会场
任务领取成功
success

浏览万店嘉年华会场
任务领取成功
success

浏览全心全系新潮年会场
任务领取成功
success

浏览年货大集会场
任务领取成功
success

关注新年囤好物会场
任务领取成功
success

开始抽奖

开始抽奖
京豆:1

26-关注生鲜馆-已完成0-未完成2

关注生鲜馆
success

关注拍拍二手频道
success

开始抽奖
快去完成任务获得抽奖资格吧

8-浏览爆款商品-已完成0-未完成8

塔牌 绍兴黄酒 正冬 特型八年  半甜型黄酒 冬酿花雕酒 500ml*6瓶 整箱装 礼盒装 （出口品牌）
任务领取成功
success

五羊FIVERAM拉拉裤薄薄芯成长裤XXL80片 (15kg以上)婴儿尿不湿超薄透气瞬吸干爽（新旧随机发货）
任务领取成功
success

Asahi朝日啤酒（超爽生）330ml*24听 整箱装
任务领取成功
success

古越龙山 江湖乖乖 青梅&荔枝&柚子冰沙果酒 85ml*3
任务领取成功
success

八马茶业 茶叶绿茶 特级安吉白茶 茶叶罐装60克
任务领取成功
success

1664啤酒 白啤酒500ml*12听 整箱装（新老包装随机发货）
任务领取成功
success

天地壹号 苹果醋饮料330ml*15罐 电商版 新旧版本随机发货
任务领取成功
success

安儿乐ANERLE干爽超薄纸尿裤XL108片(12-17kg)婴儿干爽透气尿不湿
任务领取成功
success

开始抽奖
京豆:1

2-浏览爆款商品-已完成0-未完成8

塔牌 绍兴黄酒 正冬 特型八年  半甜型黄酒 冬酿花雕酒 500ml*6瓶 整箱装 礼盒装 （出口品牌）
success

五羊FIVERAM拉拉裤薄薄芯成长裤XXL80片 (15kg以上)婴儿尿不湿超薄透气瞬吸干爽（新旧随机发货）
success

Asahi朝日啤酒（超爽生）330ml*24听 整箱装
success

古越龙山 江湖乖乖 青梅&荔枝&柚子冰沙果酒 85ml*3
success

八马茶业 茶叶绿茶 特级安吉白茶 茶叶罐装60克
success

1664啤酒 白啤酒500ml*12听 整箱装（新老包装随机发货）
success

天地壹号 苹果醋饮料330ml*15罐 电商版 新旧版本随机发货
success

安儿乐ANERLE干爽超薄纸尿裤XL108片(12-17kg)婴儿干爽透气尿不湿
success

开始抽奖

21-开通天地壹号品牌会员-已完成0-未完成8

14-邀请好友助力-已完成0-未完成3
success

开始抽奖
快去完成任务获得抽奖资格吧

开始第7个抽奖活动

9-浏览山水耳机会场-已完成0-未完成6

浏览山水耳机会场
任务领取成功
success

浏览科大讯飞会场
任务领取成功
success

浏览泡泡种草社
任务领取成功
success

浏览韶音会场
任务领取成功
success

浏览DIVO会场
任务领取成功
success

浏览罗技会场
任务领取成功
success

开始抽奖
快去完成任务获得抽奖资格吧

1-ThinkPad京东官方自营旗舰店-已完成0-未完成5

ThinkPad京东官方自营旗舰店
success

漫步者雪马专卖店
success

科大讯飞旗舰店
success

创响数码专营店
success

弘祥智能旗舰店
success

开始抽奖

开始抽奖
京豆:1

21-开通志仕数码会员-已完成0-未完成5

8-机械师T58-V 全面屏游戏本十代i7-10750H/GTX1650Ti独显游戏笔记本电脑 荣耀版8G/512G PCIE高速-已完成0-未完成6

机械师T58-V 全面屏游戏本十代i7-10750H/GTX1650Ti独显游戏笔记本电脑 荣耀版8G/512G PCIE高速
任务领取成功
success

达尔优EH715 (LH712)头戴式耳机耳麦 电竞游戏 电脑笔记本 (有线耳机 家用办公学习采购) 黑色 单USB接口【电脑
任务领取成功
success

南孚聚能环3代 5/7号碱性电池16/30粒 适用于儿童玩具/血糖仪/挂钟/鼠标键盘/遥控器 大包装 5号30粒 3代新包装
任务领取成功
success

闪克（Sudotack） USB电脑麦克风游戏录课直播电容麦全向收音会议话筒手机电脑有线即插即用 AU-902电脑麦+即插即用
任务领取成功
success

AFTERSHOKZ 韶音AS800 Aeropex 骨传导蓝牙耳机运动无线耳骨传导耳机跑步骑行 曜夜黑
任务领取成功
success

戴尔（DELL）PowerEdge R740/R730机架式服务器比特币矿机主机虚拟化电脑整机 R740【1*铜牌3204 6
任务领取成功
success

开始抽奖
快去完成任务获得抽奖资格吧

14-邀请好友助力-已完成0-未完成4
success

9-浏览当前活动-已完成0-未完成1

浏览当前活动
任务领取成功
success

开始抽奖
京豆:1

19-购买热门商品-已完成0-未完成6

开始抽奖
快去完成任务获得抽奖资格吧

开始第8个抽奖活动

25-完成并分享趣味评测-已完成0-未完成5

完成"新冠疫苗"趣味评测
活动太火爆啦
请稍后尝试~

完成"年货青年"趣味评测
活动太火爆啦
请稍后尝试~

完成“健康人设”趣味评测
活动太火爆啦
请稍后尝试~

完成“年终聚会”趣味评测
活动太火爆啦
请稍后尝试~

完成“健康返乡”趣味评测
活动太火爆啦
请稍后尝试~

开始抽奖
快去完成任务获得抽奖资格吧

25-中医体质评测-已完成0-未完成1

完成中医体质评测
活动太火爆啦
请稍后尝试~

开始抽奖
快去完成任务获得抽奖资格吧

25-西医亚健康评测-已完成0-未完成1

完成西医亚健康评测
活动太火爆啦
请稍后尝试~

开始抽奖
快去完成任务获得抽奖资格吧

14-邀请好友助力-已完成0-未完成4
success

9-浏览当前会场-已完成0-未完成1

浏览当前会场
任务领取成功
success

开始抽奖
快去完成任务获得抽奖资格吧

9-浏览送礼会场-已完成0-未完成7

浏览送礼会场
任务领取成功
success

浏览新人会场
任务领取成功
success

浏览京东家医孝心版
任务领取成功
success

浏览年货节会场
任务领取成功
success

浏览服务会场
任务领取成功
success

浏览医药会场
任务领取成功
success

浏览直播会场
任务领取成功
success

开始抽奖
京豆:2

开始抽奖
京豆:2

26-关注看病购药频道-已完成0-未完成2

关注看病购药频道
success

关注互联网医院频道
success

开始抽奖
京豆:2

21-开通摩罗丹品牌会员-已完成0-未完成8

开始抽奖
快去完成任务获得抽奖资格吧

开始第9个抽奖活动

0-每日签到-已完成0-未完成1
success

21-开通"雪花秀"品牌会员-已完成0-未完成1

1-关注并浏览雪花秀店铺-已完成0-未完成1

关注并浏览雪花秀店铺
success

开始抽奖
京豆:1

14-邀请好友助力-已完成0-未完成4
success

15-加购指定商品-已完成0-未完成6

雪花秀滋盈生人参焕颜高保湿修护滋养面霜60ml(补水滋养 提拉紧致 提亮肤色 淡化细纹）情人节礼物
success

雪花秀玉璨净柔撕拉面膜免水洗清洁面膜150ml（细腻毛孔 保湿滋润 深层清洁 提亮肤色）情人节礼物
success

雪花秀时光安瓶滋盈生人参密集修护精华液20g（舒缓泛红 修护微损伤 紧致肌肤）情人节礼物
success

雪花秀明星肌本水乳精华护肤品套装礼盒(水125ml+乳125ml+精华60ml+6件小样）情人节礼物
success

雪花秀与润修护睡眠面膜补水免洗男女士面膜120ml（保湿滋养 改善暗沉 提亮肤色）情人节礼物
success

雪花秀气垫bb霜致美养肤气垫粉底液15g(赠替换芯15g)21号自然粉色（化妆品遮瑕保湿）情人节礼物
success

开始抽奖

8-浏览指定商品-已完成0-未完成6

雪花秀明星肌本水乳精华护肤品套装礼盒(水125ml+乳125ml+精华60ml+6件小样）情人节礼物
任务领取成功
success

雪花秀滋盈肌本润颜水乳护肤品套装礼盒(润颜水125ml+润颜乳125ml)补水保湿 情人节礼物
任务领取成功
success

雪花秀滋盈生人参护肤品礼盒套装(水125ml+乳125ml+精华30ml+面霜30ml)情人节礼物
任务领取成功
success

雪花秀滋盈生人参焕颜高保湿修护滋养面霜60ml(补水滋养 提拉紧致 提亮肤色 淡化细纹）情人节礼物
任务领取成功
success

雪花秀玉璨净柔撕拉面膜免水洗清洁面膜150ml（细腻毛孔 保湿滋润 深层清洁 提亮肤色）情人节礼物
任务领取成功
success

雪花秀时光安瓶滋盈生人参密集修护精华液20g（舒缓泛红 修护微损伤 紧致肌肤）情人节礼物
任务领取成功
success

开始抽奖

9-浏览当前页面-已完成0-未完成1

浏览当前页面
任务领取成功
浏览时长不足，任务未完成

开始抽奖
快去完成任务获得抽奖资格吧

开始抽奖
快去完成任务获得抽奖资格吧

开始第10个抽奖活动

9-浏览童装主会场-已完成0-未完成1

浏览童装主会场
任务领取成功
success

开始抽奖
快去完成任务获得抽奖资格吧

26-关注并浏览童装甄选馆-已完成0-未完成1

关注并浏览童装甄选馆
success

开始抽奖
快去完成任务获得抽奖资格吧

21-开通安踏儿童会员-已完成0-未完成22

14-邀请好友助力-已完成0-未完成4
success

1-关注并浏览店铺-已完成0-未完成8

卡特兔官方旗舰店
success

阿迪达斯（adidas）童装童鞋京东自营专区
success

戴维贝拉官方旗舰店
success

SKECHERS斯凯奇儿童旗舰店
success

MiniPeace官方旗舰店
success

江博士旗舰店
success

marcjanie旗舰店
success

英氏YeeHoO旗舰店
success

开始抽奖

8-浏览指定商品-已完成0-未完成6

马拉丁童装女童毛衣背心2021春季新款撞色艺术感满底提花针织马甲 大红 90cm
任务领取成功
success

Skechers斯凯奇 童鞋亲子熊猫鞋复古老爹鞋664094L 浅粉色 36
任务领取成功
success

【新年系列】MQD童装男女童卫衣21春新款宝宝卡通套头洋气拜年服 中国红 100cm
任务领取成功
success

迪士尼童装男童套装新年装2021春装新款洋气儿童宝宝时尚卡通卫衣裤子两件套 大红 110cm
任务领取成功
success

李宁童鞋儿童运动鞋男女小童拼色设计轻便防滑一脚蹬国潮运动鞋YKNQ116-3晶蓝色/藏青蓝27
任务领取成功
success

MIKIHOUSE学步鞋男女童鞋日本制经典央视获奖学步鞋一、二段婴幼儿宝宝运动鞋耐磨防滑 红色 11.5CM
任务领取成功
success

开始抽奖
快去完成任务获得抽奖资格吧

开始抽奖
快去完成任务获得抽奖资格吧

开始第11个抽奖活动

0-每日签到-已完成0-未完成1
success

9-去逛逛横店家电馆-已完成0-未完成1

去逛逛横店家电馆
任务领取成功
success

开始抽奖
快去完成任务获得抽奖资格吧

9-浏览家电品牌盛典会场-已完成0-未完成8

浏览家电品牌盛典会场
任务领取成功
success

浏览数码电器馆
任务领取成功
success

浏览旅游年货节会场
任务领取成功
success

浏览生活服务会场
任务领取成功
success

浏览家电馆
任务领取成功
success

浏览飞利浦会场
任务领取成功
success

浏览海尔店铺会场
任务领取成功
success

浏览家电大促主会场
任务领取成功
success

开始抽奖

开始抽奖

1-浏览关注西门子旗舰店-已完成0-未完成10

浏览关注西门子旗舰店
success

浏览关注飞利浦旗舰店
success

浏览关注欧乐B旗舰店
success

浏览关注LG旗舰店
success

浏览关注长虹旗舰店
success

浏览关注科沃斯旗舰店
success

浏览关注美菱旗舰店
success

浏览关注海尔旗舰店
success

浏览关注平遥文旅店铺
success

浏览关注横店旗舰店
success

开始抽奖
京豆:1

开始抽奖

开始抽奖

8-浏览爆款商品-已完成0-未完成8

科沃斯 Ecovacs 地宝T8 Power扫地机器人激光导航规划全自动扫拖擦拖地机智能家用吸尘器DLX11-22
任务领取成功
success

西门子(SIEMENS) 502升 变频风冷无霜冰箱双开门对开门冰箱 超薄  玻璃门 （灰色）BCD-502W(KA50SE43TI)
任务领取成功
success

【多景区组合套票丨提前预订享优惠】155元起，畅游横店影视城，快速出票！ 提前一天预订 2日游（3景区+梦幻谷） 成人票
任务领取成功
success

海尔（Haier）滚筒洗衣机全自动 BlingBling彩装机 智能配给 洗烘一体13kg直驱变频 XQG130-HBM14176LU1
任务领取成功
success

美菱(MELING)503升 M鲜生旗舰十字对开多门冰箱 水分子保鲜 变频风冷无霜 杀菌净味BCD-503WPU9CA
任务领取成功
success

欧乐B电动牙刷 充电式 iO云感刷卓越清洁版  iO微震科技非声波  成人情侣（黑色）
任务领取成功
success

LG 纤慧系列 10.5公斤滚筒洗衣机全自动 AI变频直驱 洗烘一体 95℃高温洗 6种智能手洗 白FLX10M4W
任务领取成功
success

美菱(MELING)629升 对开门冰箱双开门 一级能效风冷双变频 净味抗菌 -32度速冻 大容量电冰箱 BCD-629WPUCX
任务领取成功
success

开始抽奖

21-开通欧乐B品牌会员-已完成0-未完成5

14-邀请好友助力-已完成0-未完成3
success

开始抽奖
快去完成任务获得抽奖资格吧

开始第12个抽奖活动

1-浏览并关注店铺-已完成0-未完成7

浏览并关注店铺
success

关注京东安联
success

关注金沙店铺
success

关注朗迪自营店
success

关注极米自营旗舰店
success

关注泸州老窖店
success

9-浏览小米会场-已完成0-未完成5

浏览小米会场
任务领取成功
success

浏览箱包会场
任务领取成功
success

浏览会场
任务领取成功
success

浏览牛奶会场
任务领取成功
success

浏览零食会场
任务领取成功
success

开始抽奖
京豆:1

开始抽奖
京豆:2

9-国密董酒会场-已完成0-未完成5

国密董酒会场
任务领取成功
success

浏览音频会场
任务领取成功
success

浏览水饮会场
任务领取成功
success

浏览海尔会场
任务领取成功
success

浏览欧乐B会场
任务领取成功
success

开始抽奖

8-浏览新春热卖商品-已完成0-未完成16

朗迪  碳酸钙D3片(Ⅱ) 60片*3盒  钙+D高维D促吸收
任务领取成功
success

【京东安联】境内旅行险  国内旅游意外保险  户外短期出行
任务领取成功
success

荣耀30 Pro 50倍远摄 麒麟990 5G 4000万超感光摄影 3200W美颜自拍 游戏手机 全网通版8GB+128GB 绿野仙踪
任务领取成功
success

金沙回沙酒 摘要 53度 500ml*4瓶整箱装 珍品版 酱香型白酒 贵州金沙酱酒 商务宴请送礼 白酒礼盒装
任务领取成功
success

地平线8号（LEVEL8）行李箱旅行箱登机箱20英寸德国科思创PC箱体男女拉杆箱 黑色（锤科出品）
任务领取成功
success

百事可乐 Pepsi  汽水 碳酸饮料 细长罐330ml*24听 百事出品
任务领取成功
success

极米（XGIMI）Play超悦版 投影仪家用 便携户外 音乐投影机（1080P 内置电池 哈曼卡顿音响 全自动梯形校正）
任务领取成功
success

海尔(Haier)545升星蕴旗舰系列风冷无霜双变频十字门四门冰箱干湿分储母婴食材T·ABT除菌纤薄箱体BCD-545WFPB
任务领取成功
success

9-浏览新春好物-已完成0-未完成1

浏览新春好物
任务领取成功
success

开始抽奖
京豆:1

14-邀请好友助力-已完成0-未完成3
success

开始抽奖
快去完成任务获得抽奖资格吧

开始第13个抽奖活动

9-浏览当前活动-已完成0-未完成1

浏览当前活动
任务领取成功
success

开始抽奖

9-纵享食刻 味爱吃狂-已完成0-未完成9

纵享食刻 味爱吃狂
任务领取成功
success

送美味徐福记
任务领取成功
success

伊利新年奶味先到家
任务领取成功
success

李子柒好戏登场
任务领取成功
success

认养一头牛爆款直降
任务领取成功
success

新年潮礼半价抢
任务领取成功
success

百草味满300减225
任务领取成功
success

中国年 送三只松鼠坚果礼
任务领取成功
success

1-关注良品铺子官方旗舰店-已完成0-未完成8

关注良品铺子官方旗舰店
success

关注百草味官方旗舰店
success

关注徐福记官方旗舰店
success

关注广州酒家旗舰店
success

关注三只松鼠旗舰店
success

关注李子柒旗舰店
success

关注认养一头牛官方旗舰店
success

8-浏览商品-已完成0-未完成15

Lindt瑞士莲软心巧克力200克三盒分享装礼盒 LINDOR巧克力 年货节进口礼品休闲零食 牛奶巧克力200克*3盒
任务领取成功
success

【2提装】认养一头牛 全脂纯牛奶 250ml*12盒*2箱儿童学生成人营养早餐纯奶年货精选整箱 两提装
任务领取成功
success

良品铺子 甄惜你纯坚果礼盒11袋装 新年礼盒送礼礼包  每日坚果零食大礼包年货大礼包送礼零食随机发货 【8款11袋纯坚果高端礼盒】甄惜你1898g 新老版本随机发货
任务领取成功
success

徐福记 百福锦礼礼盒 零食糕点礼盒 多种零食糖果组合装 国潮风气 精美圆形礼盒 走亲访友选百福锦礼
任务领取成功
success

伊利 舒化奶 无乳糖牛奶 低脂型220ml*12盒/箱 零乳糖好吸收 缓解乳糖不耐
任务领取成功
success

良品铺子 食食有爱坚果礼盒8袋装 零食年货礼盒送礼年货大礼包 每日坚果新年礼盒送家人福气礼零食大礼包 【经典坚果年货礼盒】食食有爱经典款8袋装 1箱
任务领取成功
success

徐福记 福到家年货零食糕点礼盒 820g 休闲儿童零食大礼包礼品办公室送礼员工团购福利
任务领取成功
success

广州酒家 金装手信礼盒424g/盒  利口福广式饼酥糕点下午茶点心手信年货送礼礼盒
任务领取成功
success

百草味 坚果大礼包1832g/11袋 混合装网红干果小吃零食整箱年货礼盒腰果碧根果巴旦木等
任务领取成功
success

认养一头牛A2β-酪蛋白牛奶250ml*10盒儿童牛奶纯牛奶营养早餐奶年货精选礼盒健康休闲食品乳品 10盒
任务领取成功
success

YOTIME 新年礼物 糕点礼盒休闲零食 蛋黄酥牛轧糖蛋卷下午茶糕点心伴手礼 年货礼盒送亲人定制团购 年味茶盘糕点礼盒
任务领取成功
success

广州酒家 秋之风 大四喜腊味礼盒 广式香肠腊肉特产组合大礼包中华老字号 500g年货送礼
任务领取成功
success

进口Lindt瑞士莲LINDOR软心黑巧克力600克分享装内含3口味黑巧 年货节节日家庭装 软心黑巧600克分享装
任务领取成功
success

YOTIME 春节年货礼盒休闲食品大礼包 手工曲奇饼干牛轧糖蛋卷礼盒装 糕点心礼盒过年伴手礼企业团购 福满盈双层礼盒
任务领取成功
success

伊利 舒化 无乳糖牛奶 全脂型220ml*12盒/箱 零乳糖好吸收 缓解乳糖不耐
任务领取成功
success

开始抽奖

开始抽奖

开始抽奖

开始抽奖

15-精选商品加购-已完成0-未完成10

YOTIME 春节年货礼盒休闲食品大礼包 手工曲奇饼干牛轧糖蛋卷礼盒装 糕点心礼盒过年伴手礼企业团购 福满盈双层礼盒
success

良品铺子 甄惜你纯坚果礼盒11袋装 新年礼盒送礼礼包  每日坚果零食大礼包年货大礼包送礼零食随机发货 【8款11袋纯坚果高端礼盒】甄惜你1898g 新老版本随机发货
success

【2提装】认养一头牛 全脂纯牛奶 250ml*12盒*2箱儿童学生成人营养早餐纯奶年货精选整箱 两提装
success

广州酒家利口福 天天向上饼酥糕点礼盒 广东手信饼干小吃年货送礼900g
success

良品铺子 食食有爱坚果礼盒8袋装 零食年货礼盒送礼年货大礼包 每日坚果新年礼盒送家人福气礼零食大礼包 【经典坚果年货礼盒】食食有爱经典款8袋装 1箱
success

伊利 舒化奶 无乳糖牛奶 低脂型220ml*12盒/箱 零乳糖好吸收 缓解乳糖不耐
success

百草味 坚果大礼包1832g/11袋 混合装网红干果小吃零食整箱年货礼盒腰果碧根果巴旦木等
success

YOTIME 新年礼物 糕点礼盒休闲零食 蛋黄酥牛轧糖蛋卷下午茶糕点心伴手礼 年货礼盒送亲人定制团购 年味茶盘糕点礼盒
success

广州酒家 秋之风 大四喜腊味礼盒 广式香肠腊肉特产组合大礼包中华老字号 500g年货送礼
success

伊利 舒化 无乳糖牛奶 全脂型220ml*12盒/箱 零乳糖好吸收 缓解乳糖不耐
success

开始抽奖

14-邀请好友-已完成0-未完成3
success

开始抽奖
快去完成任务获得抽奖资格吧

开始第14个抽奖活动
活动已结束

开始第15个抽奖活动

9-浏览当前会场-已完成0-未完成1

浏览当前会场
任务领取成功
success

开始抽奖
京豆:2

8-浏览爆款商品-已完成0-未完成6

小罐茶茶叶银罐特级大红袍 铁观音 滇红茶 四款茶茶叶拼装礼盒20罐装80g（金骏眉版&清铁版随机发货）
任务领取成功
success

卢正浩 茶叶绿茶 明前特级龙井茶叶年货礼盒装西湖春茶（国色天香礼盒 5011252）100g
任务领取成功
success

忆江南茶叶礼盒装客户送礼年货礼盒送长辈 天尊龙品特级铁观音乌龙茶礼盒500g
任务领取成功
success

碧螺牌2020年新茶苏州洞庭碧螺春特级雨前碧螺茶炒青茶叶绿茶东山茶厂200g
任务领取成功
success

艺福堂 茶叶绿茶 新茶明前龙井茶 西湖春迹私房茶年货礼盒200g 送礼
任务领取成功
success

吴裕泰 中华老字号 茉莉花茶 茶叶 茉莉香盈大红罐 量贩200g/罐装
任务领取成功
success

开始抽奖
京豆:1

1-关注店铺有礼物-已完成0-未完成6

关注店铺有礼物
success

年货好礼五折
success

京味特色茶礼
success

吴裕泰京东自营旗舰店
success

忆江南京东自营旗舰店
success

八马茶业京东自营旗舰店
success

开始抽奖
京豆:2

开始抽奖
京豆:1

9-浏览茗茶年货会场-已完成0-未完成1

浏览茗茶年货会场
任务领取成功
success

开始抽奖
京豆:1

14-邀请好友助力-已完成0-未完成3
success

开始抽奖
快去完成任务获得抽奖资格吧

开始第16个抽奖活动

1-浏览并关注MANU ATELIER京东自营官方旗舰店-已完成0-未完成6

浏览并关注MANU ATELIER京东自营官方旗舰店
success

浏览并关注EMPORIO ARMANI官方店
success

浏览并关注Alexandre De Paris官方旗舰店
success

浏览并关注ARMANI EXCHANGE官方店
success

浏览并关注COACH京东自营店
success

浏览并关注卡西欧手表海外旗舰店
success

开始抽奖
京豆:1

开始抽奖
京豆:1

9-浏览年货节会场-已完成0-未完成1

浏览年货节会场页面
任务领取成功
success

开始抽奖
快去完成任务获得抽奖资格吧

9-浏览当前活动页面-已完成0-未完成1

浏览当前活动页面
任务领取成功
success

开始抽奖
京豆:1

21-开通SELETTI会员-已完成0-未完成10

15-加购年货节商品-已完成0-未完成6

DELVAUX包包奢侈品女包单肩斜挎手提包 Brillant Precious Rope特别限定手袋 正红色 迷你
success

Ralph Lauren/拉夫劳伦男装 2020年秋季学院风小熊图案毛衫12758 999-多色 L
success

法国亚历山大发箍ALEXANDRE DE PARIS经典系列发带发饰头饰TBDF-21004 B 红色
success

【新年】RIMOWA/日默瓦铝镁合金Original21寸金属登机旅行箱拉杆行李箱官方店 火星橙 21寸
success

「上下」霁月香茗系列 茶叶礼盒 送长辈送领导 商务伴手礼 中式礼盒 SHANGXIA 新年礼物 两茶两杯（松绿色 +丹红色）
success

Bonpoint 小樱桃儿童面霜保湿滋润bp婴儿面霜敏感肌肤补水温和润肤霜50ml
success

开始抽奖
京豆:1

14-邀请好友助力-已完成0-未完成4
success

0-新人福利-全部已完成

开始抽奖
快去完成任务获得抽奖资格吧

==============📣系统通知📣==============
京东抽奖机
京东账号：孤傲的小小瞒
抽得京豆：42个
请点击通知跳转至APP查看

🔔京东抽奖机, 结束! 🕛 1932.181 秒

