
🔔京东抽奖机, 开始!
"connect ECONNREFUSED 151.101.108.133:443"

🔔京东抽奖机, 开始!
您的cookie选择的是用&隔开


====================共有2个京东账号Cookie=========

==================脚本执行- 北京时间(UTC+8)：2/9/2021, 1:18:54 AM=====================

共2个京东账号


🔔京东抽奖机, 结束! 🕛 6.1 秒


14-邀人助力任务-已完成0-未完成10
助力已满员！谢谢你哦~

2-爱慕旗下爱美丽IMIS女士家居服保暖圆领加绒长袖上衣长裤套装IM46ANK2 灰色 165/90/L-已完成0-未完成2

爱慕旗下爱美丽IMIS女士家居服保暖圆领加绒长袖上衣长裤套装IM46ANK2 灰色 165/90/L
success

芬腾 睡衣男秋冬纯棉成熟绅士英文刺绣翻领长袖男士家居服套装 宝兰 XXL
success

开始抽奖

开始抽奖

1-大宇电器家电京东自营旗舰店-已完成0-未完成2

大宇电器家电京东自营旗舰店
success

浪凡（LANVIN）香氛京东自营专区
success

开始抽奖
京豆:2

开始抽奖
京豆:2

3-浏览锦鲤红包-已完成0-未完成2

浏览锦鲤红包
success

浏览今日必拼活动
success

开始抽奖
京豆:2

开始抽奖

3-逛京东秒杀频道-已完成0-未完成2

逛京东秒杀频道
success

浏览特价频道
success

开始抽奖

开始抽奖

开始抽奖
快去完成任务获得抽奖资格吧

开始第2个抽奖活动

13-连续签到任务（7天）-已完成0-未完成1
success

14-邀人助力任务-已完成0-未完成10
助力已满员！谢谢你哦~

2-南极人睡衣女秋冬季珊瑚绒加厚款加绒保暖冬款韩版休闲运动风可外穿甜美女士法兰绒家居服套装 U8202 女L(100-120斤)-已完成0-未完成3

南极人睡衣女秋冬季珊瑚绒加厚款加绒保暖冬款韩版休闲运动风可外穿甜美女士法兰绒家居服套装 U8202 女L(100-120斤)
success

【专柜】国色天香姿唯雅黛桃花精华液保湿提亮补水纯紧致护肤套装学生控油化妆品 娇颜仙肌乳120ml
success

积雪草纯露补充水分修护强韧肌底改善肌肤不良状态修护痘印大容量爽肤水急救水—清爽型  250ml 消闭口清毛孔 迷迭香
success

开始抽奖

开始抽奖

开始抽奖
京豆:2

3-9.9买到爽-已完成0-未完成2

9.9买到爽
success

查看精选补贴好物
success

开始抽奖
快去完成任务获得抽奖资格吧

3-好物1元抢-已完成0-未完成3

好物1元抢
success

查看京品好物
success

宠汪汪-兑换iPhone
success

开始抽奖

1-汤臣倍健京东自营旗舰店-已完成0-未完成3

汤臣倍健京东自营旗舰店
success

闪魔旗舰店
success

鲜次方旗舰店
success

开始抽奖

21-图书会员-已完成0-未完成3

开始抽奖
快去完成任务获得抽奖资格吧

开始第3个抽奖活动

1-关注茶守艺官方旗舰店-已完成0-未完成6

关注茶守艺官方旗舰店
success

关注太博尔Tech-Bio官方旗舰店
success

关注丸丝旗舰店
success

关注欧诺家庭清洁专营店
success

关注薄荷健康官方旗舰店
success

关注菲奥清洁用品专营店
success

开始抽奖

开始抽奖

8-浏览热卖爆品-已完成0-未完成6

太博尔TECH-BIO免洗手杀菌洗手液凝胶消毒液医通用75%酒精滋润护肤学生户外速干便携防疫家庭组合 【冀卫消证字】500ml
任务领取成功
success

茶守艺（Teaskill）湖南省茶业集团 湖南红茶办公室茶下午茶 袋泡茶包 茶叶 五彩湘茶 湖南红茶
任务领取成功
success

佳曼 羽绒服清洁湿巾免水洗去油去污干洗剂家用清洗衣物神器 超值装12片x6包
任务领取成功
success

威莱娅(wereal)多用途消毒液家用杀菌率99.999%地板宠物衣物家居除菌液 500ml*1瓶
任务领取成功
success

薄荷健康轻卡零食大礼包女低零食小吃休闲食品脂网红解馋控卡 【18袋尝鲜装】轻卡零食323g
任务领取成功
success

羽绒服清洗剂干洗剂棉衣免水洗神器泡沫去污清洁剂白色羽绒服顽固污渍干洗剂免洗洗涤剂喷雾清洗液 羽绒服清洗剂150g
任务领取成功
success

开始抽奖

9-浏览太博尔Tech-Bio官方旗舰店-已完成0-未完成7

浏览太博尔Tech-Bio官方旗舰店
任务领取成功
success

浏览爆品会场
任务领取成功
success

浏览薄荷健康官方旗舰店
任务领取成功
success

浏览菲奥清洁用品专营店
任务领取成功
success

浏览丸丝旗舰店
任务领取成功
success

浏览茶守艺官方旗舰店
任务领取成功
success

浏览欧诺家庭清洁专营店
任务领取成功
success

开始抽奖

14-邀请好友助力-已完成0-未完成3
助力已满员！谢谢你哦~

开始抽奖
快去完成任务获得抽奖资格吧

开始第4个抽奖活动

0-每日签到-已完成0-未完成1
success

1-关注并浏览黑白调店铺-已完成0-未完成3

关注并浏览黑白调店铺
success

关注并浏览林氏木业
success

关注并浏览溢彩年华
success

开始抽奖
京豆:1

开始抽奖
京豆:1

21-开通雅兰床垫品牌会员-已完成0-未完成3

8-浏览指定商品-已完成0-未完成3

亲友 布艺沙发组合套装简约客厅整装家具大小户型现代纳米科技布可拆洗实木乳胶功能布沙发 四人位+脚踏【配四个布凳】 旗舰海绵座包【颜色备注】
任务领取成功
success

飞利浦（PHILIPS）SDR701 电动智能晾衣架自动升降晾衣机无线遥控阳台四杆晒衣架APP智控 太空灰
任务领取成功
success

顾家家居 床 双人床真皮床现代简约轻奢床储物床1.8米卧室家具 B168【咨询抢春节后第一批发货】 DK.B168常规款花青蓝 1800mm*2000mm  其他
任务领取成功
success

开始抽奖
京豆:1

14-邀请好友助力-已完成0-未完成3
助力已满员！谢谢你哦~

9-浏览家具年货节会场-已完成0-未完成1

浏览家具年货节会场
任务领取成功
success

开始抽奖

开始抽奖
快去完成任务获得抽奖资格吧

开始第5个抽奖活动
活动已结束

开始第6个抽奖活动

9-浏览当前页面-已完成0-未完成1

浏览当前页面
任务领取成功
success

开始抽奖

开始抽奖
京豆:1

3-浏览当前会场-已完成0-未完成1

浏览当前会场
success

开始抽奖
快去完成任务获得抽奖资格吧

1-关注八马茶业旗舰店-已完成0-未完成8

关注八马茶业旗舰店
success

关注安儿乐京东自营旗舰店
success

关注新见福食品旗舰店
success

关注古越龙山京东自营旗舰店
success

关注1664啤酒京东自营旗舰店
success

关注五羊京东自营旗舰店
success

关注塔牌京东自营旗舰店
success

关注拍拍严选官方旗舰店
success

开始抽奖
京豆:1

开始抽奖
京豆:1

9-关注新年囤好物会场-已完成0-未完成5

关注新年囤好物会场
任务领取成功
success

浏览年货大集会场
任务领取成功
success

浏览精挑细选过潮年会场
任务领取成功
success

浏览万店嘉年华会场
任务领取成功
success

浏览全心全系新潮年会场
任务领取成功
success

开始抽奖

开始抽奖
京豆:1

26-关注生鲜馆-已完成0-未完成2

关注生鲜馆
success

关注拍拍二手频道
success

开始抽奖

8-浏览爆款商品-已完成0-未完成8

五羊FIVERAM拉拉裤薄薄芯成长裤XXL80片 (15kg以上)婴儿尿不湿超薄透气瞬吸干爽（新旧随机发货）
任务领取成功
success

1664啤酒 白啤酒500ml*12听 整箱装（新老包装随机发货）
任务领取成功
success

天地壹号 苹果醋饮料330ml*15罐 电商版 新旧版本随机发货
任务领取成功
success

塔牌 绍兴黄酒 正冬 特型八年  半甜型黄酒 冬酿花雕酒 500ml*6瓶 整箱装 礼盒装 （出口品牌）
任务领取成功
success

八马茶业 茶叶绿茶 特级安吉白茶 茶叶罐装60克
任务领取成功
success

Asahi朝日啤酒（超爽生）330ml*24听 整箱装
任务领取成功
success

古越龙山 江湖乖乖 青梅&荔枝&柚子冰沙果酒 85ml*3
任务领取成功
success

安儿乐ANERLE干爽超薄纸尿裤XL108片(12-17kg)婴儿干爽透气尿不湿
任务领取成功
success

开始抽奖
快去完成任务获得抽奖资格吧

2-浏览爆款商品-已完成0-未完成8

五羊FIVERAM拉拉裤薄薄芯成长裤XXL80片 (15kg以上)婴儿尿不湿超薄透气瞬吸干爽（新旧随机发货）
success

1664啤酒 白啤酒500ml*12听 整箱装（新老包装随机发货）
success

天地壹号 苹果醋饮料330ml*15罐 电商版 新旧版本随机发货
success

塔牌 绍兴黄酒 正冬 特型八年  半甜型黄酒 冬酿花雕酒 500ml*6瓶 整箱装 礼盒装 （出口品牌）
success

八马茶业 茶叶绿茶 特级安吉白茶 茶叶罐装60克
success

Asahi朝日啤酒（超爽生）330ml*24听 整箱装
success

古越龙山 江湖乖乖 青梅&荔枝&柚子冰沙果酒 85ml*3
success

安儿乐ANERLE干爽超薄纸尿裤XL108片(12-17kg)婴儿干爽透气尿不湿
success

开始抽奖

21-开通八马茶叶 品牌会员-已完成0-未完成8

14-邀请好友助力-已完成0-未完成3
助力已满员！谢谢你哦~

开始抽奖
快去完成任务获得抽奖资格吧

开始第7个抽奖活动

9-浏览泡泡种草社-已完成0-未完成6

浏览泡泡种草社
任务领取成功
success

浏览志仕数码会场
任务领取成功
success

浏览科大讯飞会场
任务领取成功
success

浏览工匠秘密会场
任务领取成功
success

浏览POP频道页
任务领取成功
success

浏览电脑整机会场
任务领取成功
success

开始抽奖

1-科大讯飞旗舰店-已完成0-未完成5

科大讯飞旗舰店
success

富士影像旗舰店
success

JBL蓝牙音箱旗舰店
success

AFTERSHOKZ京东自营官方旗舰店
success

DIVO旗舰店
success

开始抽奖
京豆:1

21-开通志仕数码会员-已完成0-未完成5

8-AFTERSHOKZ 韶音AS800 Aeropex 骨传导蓝牙耳机运动无线耳骨传导耳机跑步骑行 曜夜黑-已完成0-未完成6

AFTERSHOKZ 韶音AS800 Aeropex 骨传导蓝牙耳机运动无线耳骨传导耳机跑步骑行 曜夜黑
任务领取成功
success

西部数据（WD）蓝盘 1TB  7200转64MB  3.5英寸台式机械电脑硬盘 SATA3 6Gb
任务领取成功
success

海康威视录像机 监控主机NVR 带4路POE供电 企业安防设备存储  DS-7804N-F1/4P 无硬盘
任务领取成功
success

联想（Lenovo）小新Air14 2021款 14英寸全面屏超轻薄笔记本电脑 i5-1135G7 16G 512G MX45
任务领取成功
success

【七仓次日达】华为4g移动路由器2pro企业级全网通插卡WIFI转有线CPE家用宽带热点随身无线网卡 B311B-853【全网
任务领取成功
success

闪克（Sudotack） USB电脑麦克风游戏录课直播电容麦全向收音会议话筒手机电脑有线即插即用 AU-902电脑麦+即插即用
任务领取成功
success

开始抽奖

14-邀请好友助力-已完成0-未完成4
助力已满员！谢谢你哦~

9-浏览当前活动-已完成0-未完成1

浏览当前活动
任务领取成功
success

开始抽奖
快去完成任务获得抽奖资格吧

19-购买热门商品-已完成0-未完成6

开始抽奖
快去完成任务获得抽奖资格吧

开始第8个抽奖活动

25-完成并分享趣味评测-已完成0-未完成6

完成"新冠疫苗"趣味评测
活动太火爆啦
请稍后尝试~

完成"年货青年"趣味评测
活动太火爆啦
请稍后尝试~

完成“健康人设”趣味评测
活动太火爆啦
请稍后尝试~

完成“年终聚会”趣味评测
活动太火爆啦
请稍后尝试~

完成“健康返乡”趣味评测
活动太火爆啦
请稍后尝试~

14-邀请好友助力-已完成0-未完成4
助力已满员！谢谢你哦~

9-浏览当前会场-已完成0-未完成1

浏览当前会场
任务领取成功
success

开始抽奖
京豆:1

9-浏览京东家医孝心版-已完成0-未完成7

浏览京东家医孝心版
任务领取成功
success

浏览服务会场
任务领取成功
success

浏览医药会场
任务领取成功
success

浏览年货节会场
任务领取成功
success

浏览直播会场
任务领取成功
success

浏览新人会场
任务领取成功
success

浏览送礼会场
任务领取成功
success

开始抽奖

26-关注看病购药频道-已完成0-未完成2

关注看病购药频道
success

关注互联网医院频道
success

开始抽奖
京豆:1

21-开通欧姆龙品牌会员-已完成0-未完成8

开始抽奖
快去完成任务获得抽奖资格吧

开始第9个抽奖活动

0-每日签到-已完成0-未完成1
success

21-开通"雪花秀"品牌会员-已完成0-未完成1

1-关注并浏览雪花秀店铺-已完成0-未完成1

关注并浏览雪花秀店铺
success

开始抽奖
京豆:1

14-邀请好友助力-已完成0-未完成4
助力已满员！谢谢你哦~

15-加购指定商品-已完成0-未完成6

雪花秀雪御活颜菁萃面霜50ml（柔滑弹润 补水保湿 护肤品 韩国进口）情人节礼物
success

雪花秀润燥精华露90ml第五代润致焕活肌底精华液礼盒装（水前精华 补水保湿 细致毛孔）情人节礼物
success

雪花秀（Sulwhasoo）男士本润乳液90ml（化妆品 男士护肤 乳液 护肤品 ）
success

雪花秀气垫bb霜致美养肤气垫粉底液15g(赠替换芯15g)15号自然偏白（化妆品遮瑕保湿）情人节礼物
success

雪花秀生人参焕颜精华露30ml护肤品套装礼盒（时光宝盒 紧致肌肤 改善毛孔）情人节礼物
success

雪花秀（Sulwhasoo）滋盈肌本紧致面霜75ml（补水保湿 滋润 护肤品女 韩国进口）情人节礼物
success

开始抽奖
京豆:1

8-浏览指定商品-已完成0-未完成6

雪花秀滋盈肌本润颜水乳护肤品套装礼盒(润颜水125ml+润颜乳125ml)补水保湿 情人节礼物
任务领取成功
success

雪花秀滋盈生人参护肤品礼盒套装(水125ml+乳125ml+精华30ml+面霜30ml)情人节礼物
任务领取成功
success

雪花秀玉璨净柔撕拉面膜免水洗清洁面膜150ml（细腻毛孔 保湿滋润 深层清洁 提亮肤色）情人节礼物
任务领取成功
success

雪花秀时光安瓶滋盈生人参密集修护精华液20g（舒缓泛红 修护微损伤 紧致肌肤）情人节礼物
任务领取成功
success

雪花秀明星肌本水乳精华护肤品套装礼盒(水125ml+乳125ml+精华60ml+6件小样）情人节礼物
任务领取成功
success

雪花秀滋盈生人参焕颜高保湿修护滋养面霜60ml(补水滋养 提拉紧致 提亮肤色 淡化细纹）情人节礼物
任务领取成功
success

开始抽奖

9-浏览当前页面-已完成0-未完成1

浏览当前页面
任务领取成功
浏览时长不足，任务未完成

开始抽奖
快去完成任务获得抽奖资格吧

开始抽奖
快去完成任务获得抽奖资格吧

开始第10个抽奖活动

9-浏览童装主会场-已完成0-未完成1

浏览童装主会场
任务领取成功
success

开始抽奖
快去完成任务获得抽奖资格吧

26-关注并浏览童装甄选馆-已完成0-未完成1

关注并浏览童装甄选馆
success

开始抽奖
快去完成任务获得抽奖资格吧

21-开通安踏儿童会员-已完成0-未完成22

14-邀请好友助力-已完成0-未完成4
助力已满员！谢谢你哦~

1-关注并浏览店铺-已完成0-未完成8

Disneybaby旗舰店
success

阿迪达斯（adidas）童装童鞋京东自营专区
success

李宁儿童京东自营旗舰店
success

361度童装官方旗舰店
success

戴维贝拉官方旗舰店
success

SKECHERS斯凯奇儿童旗舰店
success

斯凯奇（SKECHERS）童鞋京东自营旗舰店
success

MQD旗舰店
success

开始抽奖

8-浏览指定商品-已完成0-未完成6

Skechers斯凯奇 童鞋亲子熊猫鞋复古老爹鞋664094L 浅粉色 36
任务领取成功
success

MIKIHOUSE学步鞋男女童鞋日本制经典央视获奖学步鞋一、二段婴幼儿宝宝运动鞋耐磨防滑 红色 11.5CM
任务领取成功
success

NIKE耐克童装男女童轻薄羽绒服冬季儿童保暖棉服外套6-7岁130/64荧光绿/黑小童
任务领取成功
success

马拉丁童装女童毛衣背心2021春季新款撞色艺术感满底提花针织马甲 大红 90cm
任务领取成功
success

【新年系列】MQD童装男女童卫衣21春新款宝宝卡通套头洋气拜年服 中国红 100cm
任务领取成功
success

迪士尼童装男童套装新年装2021春装新款洋气儿童宝宝时尚卡通卫衣裤子两件套 大红 110cm
任务领取成功
success

开始抽奖

开始抽奖
快去完成任务获得抽奖资格吧

开始第11个抽奖活动

0-每日签到-已完成0-未完成1
success

9-去逛逛横店家电馆-已完成0-未完成1

去逛逛横店家电馆
任务领取成功
success

开始抽奖

9-浏览家电品牌盛典会场-已完成0-未完成8

浏览家电品牌盛典会场
任务领取成功
success

浏览数码电器馆
任务领取成功
success

浏览旅游年货节会场
任务领取成功
success

浏览生活服务会场
任务领取成功
success

浏览家电馆
任务领取成功
success

浏览飞利浦会场
任务领取成功
success

浏览海尔店铺会场
任务领取成功
success

浏览家电大促主会场
任务领取成功
success

开始抽奖

开始抽奖

1-浏览关注海尔旗舰店-已完成0-未完成10

浏览关注海尔旗舰店
success

浏览关注欧乐B旗舰店
success

浏览关注飞利浦旗舰店
success

浏览关注西门子旗舰店
success

浏览关注LG旗舰店
success

浏览关注横店旗舰店
success

浏览关注科沃斯旗舰店
success

浏览关注美菱旗舰店
success

浏览关注平遥文旅店铺
success

浏览关注长虹旗舰店
success

开始抽奖

开始抽奖

8-浏览爆款商品-已完成0-未完成8

欧乐B电动牙刷 充电式 iO云感刷卓越清洁版 iO微震科技非声波 成人情侣（黑色） 情人节礼物
任务领取成功
success

美菱(MELING)503升 M鲜生旗舰十字对开多门冰箱 水分子保鲜 变频风冷无霜 杀菌净味BCD-503WPU9CA
任务领取成功
success

科沃斯 Ecovacs 地宝T8 Power扫地机器人激光导航规划全自动扫拖擦拖地机智能家用吸尘器DLX11-22
任务领取成功
success

LG 纤慧系列 10.5公斤滚筒洗衣机全自动 AI变频直驱 洗烘一体 95℃高温洗 6种智能手洗 白FLX10M4W
任务领取成功
success

美菱(MELING)629升 对开门冰箱双开门 一级能效风冷双变频 净味抗菌 -32度速冻 大容量电冰箱 BCD-629WPUCX
任务领取成功
success

飞利浦(PHILIPS) 电动牙刷 成人声波震动钻石系列(自带刷头*2+充电旅行盒+充电玻璃杯) 黑钻HX9352/04
任务领取成功
success

西门子(SIEMENS) 502升 变频风冷无霜冰箱双开门对开门冰箱 超薄  玻璃门 （灰色）BCD-502W(KA50SE43TI)
任务领取成功
success

【提前票丨组合套票】提前预订，各人群均有优惠 提前预订套票 2日游丨白天3景区+梦幻谷 成人票
任务领取成功
success

开始抽奖

21-开通海尔品牌会员-已完成0-未完成5

14-邀请好友助力-已完成0-未完成3
助力已满员！谢谢你哦~

开始抽奖
快去完成任务获得抽奖资格吧

开始第12个抽奖活动

1-关注京东安联-已完成0-未完成7

关注京东安联
success

关注金沙店铺
success

关注朗迪自营店
success

关注极米自营旗舰店
success

关注泸州老窖店
success

关注荣耀自营店
success

9-浏览牛奶会场-已完成0-未完成5

浏览牛奶会场
任务领取成功
success

浏览零食会场
任务领取成功
success

浏览小米会场
任务领取成功
success

浏览箱包会场
任务领取成功
success

浏览会场
任务领取成功
success

开始抽奖

开始抽奖

开始抽奖

9-浏览海尔会场-已完成0-未完成5

浏览海尔会场
任务领取成功
success

浏览欧乐B会场
任务领取成功
success

国密董酒会场
任务领取成功
success

浏览音频会场
任务领取成功
success

浏览水饮会场
任务领取成功
success

开始抽奖

8-浏览新春热卖商品-已完成0-未完成16

【京东安联】境内旅行险  国内旅游意外保险  户外短期出行
任务领取成功
success

地平线8号（LEVEL8）行李箱旅行箱登机箱密码箱20英寸德国科思创PC箱体男女拉杆箱 黑色（锤科出品）
任务领取成功
success

金沙回沙酒 摘要 53度 500ml*4瓶整箱装 珍品版 酱香型白酒 贵州金沙酱酒 商务宴请送礼 白酒礼盒装
任务领取成功
success

极米（XGIMI）Play超悦版 投影仪家用 便携户外 音乐投影机（1080P 内置电池 哈曼卡顿音响 全自动梯形校正）
任务领取成功
success

百事可乐 Pepsi  汽水 碳酸饮料 细长罐330ml*24听 百事出品
任务领取成功
success

新西兰原装进口牛奶 安佳（Anchor）低脂高钙牛奶 纯牛奶250ml*24 整箱装
任务领取成功
success

荣耀30 Pro 50倍远摄 麒麟990 5G 4000万超感光摄影 3200W美颜自拍 游戏手机 全网通版8GB+128GB 绿野仙踪
任务领取成功
success

朗迪  碳酸钙D3片(Ⅱ) 60片*3盒  钙+D高维D促吸收
任务领取成功
success

9-浏览新春好物-已完成0-未完成1

浏览新春好物
任务领取成功
success

开始抽奖

14-邀请好友助力-已完成0-未完成3
助力已满员！谢谢你哦~

开始抽奖
快去完成任务获得抽奖资格吧

开始第13个抽奖活动
活动已结束

开始第14个抽奖活动
活动已结束

开始第15个抽奖活动

0-每日签到-已完成0-未完成1
success

1-关注并浏览店铺-已完成0-未完成6

浏览并关注ARMANI EXCHANGE官方店
success

浏览并关注Yohji Yamamoto 官方自营旗舰店
success

浏览并关注MANU ATELIER京东自营官方旗舰店
success

浏览并关注Alexandre De Paris官方旗舰店
success

浏览并关注Sergio Rossi 官方自营旗舰店
success

浏览并关注SELETTI 官方自营旗舰店
success

开始抽奖

开始抽奖

开始抽奖

9-浏览年货节会场-已完成0-未完成1

浏览年货节会场页面
任务领取成功
success

开始抽奖
快去完成任务获得抽奖资格吧

9-浏览当前活动页面-已完成0-未完成1

浏览当前活动页面
任务领取成功
success

开始抽奖
快去完成任务获得抽奖资格吧

21-ARMANI EXCHANGE-已完成0-未完成10

15-加购年货节商品-已完成0-未完成6

【新年】RIMOWA/日默瓦铝镁合金Original21寸金属登机旅行箱拉杆行李箱官方店 火星橙 21寸
success

「上下」霁月香茗系列 茶叶礼盒 送长辈送领导 商务伴手礼 中式礼盒 SHANGXIA 新年礼物 两茶两杯（松绿色 +丹红色）
success

Ralph Lauren/拉夫劳伦女装 2021年早春新年系列Polo小熊T恤21946 620-红色 L
success

路易威登LV女包单肩包斜挎NANO SPEEDY老花帆布手袋女式斜挎包 奢侈品  M61252
success

Bonpoint 小樱桃儿童面霜保湿滋润bp婴儿面霜敏感肌肤补水温和润肤霜50ml
success

Hugo Boss雨果博斯男士商务休闲双面牛皮腰带皮带50235263 005-黑色 ONESI
success

开始抽奖

14-邀请好友助力-已完成0-未完成4
助力已满员！谢谢你哦~

26-关注并浏览奢品馆-已完成0-未完成1

关注并浏览奢品馆
success

开始抽奖

开始抽奖
快去完成任务获得抽奖资格吧

开始第16个抽奖活动
活动已结束

==============📣系统通知📣==============
京东抽奖机
京东账号：迷糊虫啊
抽得京豆：20个
请点击通知跳转至APP查看

***************开始京东账号2***************

14-邀人助力任务-已完成0-未完成10
success

2-都市锋尚2020秋冬男士法兰绒睡衣时尚撞色拼接刺绣连帽套头可外穿家居服套装4H02A8 深普蓝 L-已完成0-未完成2

都市锋尚2020秋冬男士法兰绒睡衣时尚撞色拼接刺绣连帽套头可外穿家居服套装4H02A8 深普蓝 L
success

红粉宣言2020春季卫衣女套装女时尚洋气秋装女士妈妈气质带帽运动休闲两件套 绿色套装-不加绒 L
success

开始抽奖

开始抽奖

1-大宇电器家电京东自营旗舰店-已完成0-未完成2

大宇电器家电京东自营旗舰店
success

浪凡（LANVIN）香氛京东自营专区
success

开始抽奖

开始抽奖

3-浏览今日必拼活动-已完成0-未完成2

浏览今日必拼活动
success

浏览锦鲤红包
success

开始抽奖
京豆:1

开始抽奖
京豆:5

3-逛京东秒杀频道-已完成0-未完成2

逛京东秒杀频道
success

浏览特价频道
success

开始抽奖

开始抽奖

开始抽奖
快去完成任务获得抽奖资格吧

开始第2个抽奖活动

13-连续签到任务（7天）-已完成0-未完成1
success

14-邀人助力任务-已完成0-未完成10
success

2-南极人睡衣男长袖春秋季男士100%纯棉冬季全棉长裤开衫衬衫领家居服套装 藏蓝方格【100%纯棉】 XL-已完成0-未完成3

南极人睡衣男长袖春秋季男士100%纯棉冬季全棉长裤开衫衬衫领家居服套装 藏蓝方格【100%纯棉】 XL
success

自然堂爽肤水冰肌水护肤品滋润补水保湿化妆水收缩毛孔化妆品官方旗舰 雪域精粹冰肌水（凝润型）160ml
success

【小棕瓶】抗皱眼霜淡化细纹眼部精华熬夜修护淡化黑眼圈眼袋补水提拉紧致抗蓝光男女学生通用 两瓶装（立省37）
success

开始抽奖
京豆:2

开始抽奖

3-9.9买到爽-已完成0-未完成2

9.9买到爽
success

查看精选补贴好物
success

开始抽奖
京豆:2

3-好物1元抢-已完成0-未完成3

好物1元抢
success

查看京品好物
success

宠汪汪-兑换iPhone
success

开始抽奖
快去完成任务获得抽奖资格吧

1-汤臣倍健京东自营旗舰店-已完成0-未完成3

汤臣倍健京东自营旗舰店
success

闪魔旗舰店
success

鲜次方旗舰店
success

开始抽奖
京豆:2

21-图书会员-已完成0-未完成3

开始抽奖
快去完成任务获得抽奖资格吧

开始第3个抽奖活动

1-关注欧诺家庭清洁专营店-已完成0-未完成6

关注欧诺家庭清洁专营店
success

关注薄荷健康官方旗舰店
success

关注菲奥清洁用品专营店
success

关注茶守艺官方旗舰店
success

关注太博尔Tech-Bio官方旗舰店
success

关注丸丝旗舰店
success

开始抽奖

8-浏览热卖爆品-已完成0-未完成6

薄荷健康轻卡零食大礼包女低零食小吃休闲食品脂网红解馋控卡 【18袋尝鲜装】轻卡零食323g
任务领取成功
success

羽绒服清洗剂干洗剂棉衣免水洗神器泡沫去污清洁剂白色羽绒服顽固污渍干洗剂免洗洗涤剂喷雾清洗液 羽绒服清洗剂150g
任务领取成功
success

太博尔TECH-BIO免洗手杀菌洗手液凝胶消毒液医通用75%酒精滋润护肤学生户外速干便携防疫家庭组合 【冀卫消证字】500ml
任务领取成功
success

茶守艺（Teaskill）湖南省茶业集团 湖南红茶办公室茶下午茶 袋泡茶包 茶叶 五彩湘茶 湖南红茶
任务领取成功
success

佳曼 羽绒服清洁湿巾免水洗去油去污干洗剂家用清洗衣物神器 超值装12片x6包
任务领取成功
success

威莱娅(wereal)多用途消毒液家用杀菌率99.999%地板宠物衣物家居除菌液 500ml*1瓶
任务领取成功
success

开始抽奖

开始抽奖

9-浏览茶守艺官方旗舰店-已完成0-未完成7

浏览茶守艺官方旗舰店
任务领取成功
success

浏览欧诺家庭清洁专营店
任务领取成功
success

浏览太博尔Tech-Bio官方旗舰店
任务领取成功
success

浏览爆品会场
任务领取成功
success

浏览薄荷健康官方旗舰店
任务领取成功
success

浏览菲奥清洁用品专营店
任务领取成功
success

浏览丸丝旗舰店
任务领取成功
success

开始抽奖

14-邀请好友助力-已完成0-未完成3
success

开始抽奖
快去完成任务获得抽奖资格吧

开始第4个抽奖活动

0-每日签到-已完成0-未完成1
success

1-关注并浏览林氏木业-已完成0-未完成3

关注并浏览林氏木业
success

关注并浏览黑白调店铺
success

关注并浏览瑞仕达店铺
success

开始抽奖
京豆:1

21-开通永艺品牌会员-已完成0-未完成3

8-浏览指定商品-已完成0-未完成3

A家 衣柜 储物1.6米1.8米衣橱木质卧室整体大衣柜卧室家具推拉门衣柜都市阳光卧室家具 推拉门衣柜（A款都市） 1.8米推拉门衣柜
任务领取成功
success

盼盼 晾衣架 阳台智能遥控电动升降晒衣架语音控制风干烘干智能晾衣机 D2 晾晒智能版-银（米家APP控制+照明+6横杆）
任务领取成功
success

金贵夫人电动晾衣架阳台升降自动晾衣机伸缩四杆晾衣杆风干杀菌智能遥控晒衣架凉衣架 X4-FS香槟金 升级9根横杆+加速风干杀菌+全国上门安装
任务领取成功
success

开始抽奖
京豆:1

14-邀请好友助力-已完成0-未完成3
success

9-浏览家具年货节会场-已完成0-未完成1

浏览家具年货节会场
任务领取成功
success

开始抽奖
京豆:1

开始抽奖
快去完成任务获得抽奖资格吧

开始第5个抽奖活动
活动已结束

开始第6个抽奖活动

9-浏览当前页面-已完成0-未完成1

浏览当前页面
任务领取成功
success

开始抽奖
京豆:1

3-浏览当前会场-已完成0-未完成1

浏览当前会场
success

开始抽奖
京豆:1

1-关注五羊京东自营旗舰店-已完成0-未完成8

关注五羊京东自营旗舰店
success

关注塔牌京东自营旗舰店
success

关注拍拍严选官方旗舰店
success

关注八马茶业旗舰店
success

关注安儿乐京东自营旗舰店
success

关注新见福食品旗舰店
success

关注古越龙山京东自营旗舰店
success

关注1664啤酒京东自营旗舰店
success

开始抽奖

9-浏览年货大集会场-已完成0-未完成5

浏览年货大集会场
任务领取成功
success

关注新年囤好物会场
任务领取成功
success

浏览全心全系新潮年会场
任务领取成功
success

浏览万店嘉年华会场
任务领取成功
success

浏览精挑细选过潮年会场
任务领取成功
success

开始抽奖
京豆:1

开始抽奖

26-关注生鲜馆-已完成0-未完成2

关注生鲜馆
success

关注拍拍二手频道
success

开始抽奖
京豆:1

8-浏览爆款商品-已完成0-未完成8

天地壹号 苹果醋饮料330ml*15罐 电商版 新旧版本随机发货
任务领取成功
success

塔牌 绍兴黄酒 正冬 特型八年  半甜型黄酒 冬酿花雕酒 500ml*6瓶 整箱装 礼盒装 （出口品牌）
任务领取成功
success

八马茶业 茶叶绿茶 特级安吉白茶 茶叶罐装60克
任务领取成功
success

Asahi朝日啤酒（超爽生）330ml*24听 整箱装
任务领取成功
success

古越龙山 江湖乖乖 青梅&荔枝&柚子冰沙果酒 85ml*3
任务领取成功
success

安儿乐ANERLE干爽超薄纸尿裤XL108片(12-17kg)婴儿干爽透气尿不湿
任务领取成功
success

五羊FIVERAM拉拉裤薄薄芯成长裤XXL80片 (15kg以上)婴儿尿不湿超薄透气瞬吸干爽（新旧随机发货）
任务领取成功
success

1664啤酒 白啤酒500ml*12听 整箱装（新老包装随机发货）
任务领取成功
success

开始抽奖
京豆:1

2-浏览爆款商品-已完成0-未完成8

天地壹号 苹果醋饮料330ml*15罐 电商版 新旧版本随机发货
success

塔牌 绍兴黄酒 正冬 特型八年  半甜型黄酒 冬酿花雕酒 500ml*6瓶 整箱装 礼盒装 （出口品牌）
success

八马茶业 茶叶绿茶 特级安吉白茶 茶叶罐装60克
success

Asahi朝日啤酒（超爽生）330ml*24听 整箱装
success

古越龙山 江湖乖乖 青梅&荔枝&柚子冰沙果酒 85ml*3
success

安儿乐ANERLE干爽超薄纸尿裤XL108片(12-17kg)婴儿干爽透气尿不湿
success

五羊FIVERAM拉拉裤薄薄芯成长裤XXL80片 (15kg以上)婴儿尿不湿超薄透气瞬吸干爽（新旧随机发货）
success

1664啤酒 白啤酒500ml*12听 整箱装（新老包装随机发货）
success

开始抽奖

21-开通1664啤酒品牌会员-已完成0-未完成8

14-邀请好友助力-已完成0-未完成3
success

开始抽奖
快去完成任务获得抽奖资格吧

开始第7个抽奖活动

9-浏览电脑整机会场-已完成0-未完成6

浏览电脑整机会场
任务领取成功
success

浏览泡泡种草社
任务领取成功
success

浏览志仕数码会场
任务领取成功
success

浏览科大讯飞会场
任务领取成功
success

浏览工匠秘密会场
任务领取成功
success

浏览POP频道页
任务领取成功
success

开始抽奖
快去完成任务获得抽奖资格吧

1-富士影像旗舰店-已完成0-未完成5

富士影像旗舰店
success

JBL蓝牙音箱旗舰店
success

AFTERSHOKZ京东自营官方旗舰店
success

DIVO旗舰店
success

科大讯飞旗舰店
success

开始抽奖
京豆:1

开始抽奖
京豆:1

21-开通科族数码会员-已完成0-未完成5

8-【七仓次日达】华为4g移动路由器2pro企业级全网通插卡WIFI转有线CPE家用宽带热点随身无线网卡 B311B-853【全网-已完成0-未完成6

【七仓次日达】华为4g移动路由器2pro企业级全网通插卡WIFI转有线CPE家用宽带热点随身无线网卡 B311B-853【全网
任务领取成功
success

闪克（Sudotack） USB电脑麦克风游戏录课直播电容麦全向收音会议话筒手机电脑有线即插即用 AU-902电脑麦+即插即用
任务领取成功
success

AFTERSHOKZ 韶音AS800 Aeropex 骨传导蓝牙耳机运动无线耳骨传导耳机跑步骑行 曜夜黑
任务领取成功
success

西部数据（WD）蓝盘 1TB  7200转64MB  3.5英寸台式机械电脑硬盘 SATA3 6Gb
任务领取成功
success

海康威视录像机 监控主机NVR 带4路POE供电 企业安防设备存储  DS-7804N-F1/4P 无硬盘
任务领取成功
success

联想（Lenovo）小新Air14 2021款 14英寸全面屏超轻薄笔记本电脑 i5-1135G7 16G 512G MX45
任务领取成功
success

开始抽奖
快去完成任务获得抽奖资格吧

14-邀请好友助力-已完成0-未完成4
success

9-浏览当前活动-已完成0-未完成1

浏览当前活动
任务领取成功
success

开始抽奖

19-购买热门商品-已完成0-未完成6

开始抽奖
快去完成任务获得抽奖资格吧

开始第8个抽奖活动

25-完成并分享趣味评测-已完成0-未完成6

完成"新冠疫苗"趣味评测
活动太火爆啦
请稍后尝试~

完成"年货青年"趣味评测
活动太火爆啦
请稍后尝试~

完成“健康人设”趣味评测
活动太火爆啦
请稍后尝试~

完成“年终聚会”趣味评测
活动太火爆啦
请稍后尝试~

完成“健康返乡”趣味评测
活动太火爆啦
请稍后尝试~

14-邀请好友助力-已完成0-未完成4
success

9-浏览当前会场-已完成0-未完成1

浏览当前会场
任务领取成功
success

开始抽奖
快去完成任务获得抽奖资格吧

9-浏览服务会场-已完成0-未完成7

浏览服务会场
任务领取成功
success

浏览京东家医孝心版
任务领取成功
success

浏览直播会场
任务领取成功
success

浏览新人会场
任务领取成功
success

浏览年货节会场
任务领取成功
success

浏览医药会场
任务领取成功
success

浏览送礼会场
任务领取成功
success

开始抽奖

开始抽奖
京豆:1

26-关注互联网医院频道-已完成0-未完成2

关注互联网医院频道
success

关注看病购药频道
success

开始抽奖
京豆:1

21-开通济民可信品牌会员-已完成0-未完成8

开始抽奖
快去完成任务获得抽奖资格吧

开始第9个抽奖活动

0-每日签到-已完成0-未完成1
success

21-开通"雪花秀"品牌会员-已完成0-未完成1

1-关注并浏览雪花秀店铺-已完成0-未完成1

关注并浏览雪花秀店铺
success

开始抽奖
京豆:1

14-邀请好友助力-已完成0-未完成4
success

15-加购指定商品-已完成0-未完成6

雪花秀气垫bb霜致美养肤气垫粉底液15g(赠替换芯15g)15号自然偏白（化妆品遮瑕保湿）情人节礼物
success

雪花秀生人参焕颜精华露30ml护肤品套装礼盒（时光宝盒 紧致肌肤 改善毛孔）情人节礼物
success

雪花秀（Sulwhasoo）滋盈肌本紧致面霜75ml（补水保湿 滋润 护肤品女 韩国进口）情人节礼物
success

雪花秀玉璨净柔撕拉面膜免水洗清洁面膜150ml（细腻毛孔 保湿滋润 深层清洁 提亮肤色）情人节礼物
success

雪花秀时光安瓶滋盈生人参密集修护精华液20g（舒缓泛红 修护微损伤 紧致肌肤）情人节礼物
success

雪花秀明星肌本水乳精华护肤品套装礼盒(水125ml+乳125ml+精华60ml+6件小样）情人节礼物
success

开始抽奖
京豆:1

8-浏览指定商品-已完成0-未完成6

雪花秀时光安瓶滋盈生人参密集修护精华液20g（舒缓泛红 修护微损伤 紧致肌肤）情人节礼物
任务领取成功
success

雪花秀明星肌本水乳精华护肤品套装礼盒(水125ml+乳125ml+精华60ml+6件小样）情人节礼物
任务领取成功
success

雪花秀滋盈生人参焕颜高保湿修护滋养面霜60ml(补水滋养 提拉紧致 提亮肤色 淡化细纹）情人节礼物
任务领取成功
success

雪花秀滋盈肌本润颜水乳护肤品套装礼盒(润颜水125ml+润颜乳125ml)补水保湿 情人节礼物
任务领取成功
success

雪花秀滋盈生人参护肤品礼盒套装(水125ml+乳125ml+精华30ml+面霜30ml)情人节礼物
任务领取成功
success

雪花秀玉璨净柔撕拉面膜免水洗清洁面膜150ml（细腻毛孔 保湿滋润 深层清洁 提亮肤色）情人节礼物
任务领取成功
success

开始抽奖

9-浏览当前页面-已完成0-未完成1

浏览当前页面
任务领取成功
浏览时长不足，任务未完成

开始抽奖
快去完成任务获得抽奖资格吧

开始抽奖
快去完成任务获得抽奖资格吧

开始第10个抽奖活动

9-浏览童装主会场-已完成0-未完成1

浏览童装主会场
任务领取成功
success

开始抽奖
快去完成任务获得抽奖资格吧

26-关注并浏览童装甄选馆-已完成0-未完成1

关注并浏览童装甄选馆
success

开始抽奖
快去完成任务获得抽奖资格吧

21-开通阿迪达斯儿童会员-已完成0-未完成22

14-邀请好友助力-已完成0-未完成4
success

1-关注并浏览店铺-已完成0-未完成8

戴维贝拉官方旗舰店
success

SKECHERS斯凯奇儿童旗舰店
success

bobdog巴布豆童鞋旗舰店
success

阿迪达斯（adidas）童装童鞋京东自营专区
success

Mini Balabala童装旗舰店
success

小猪班纳官方旗舰店
success

安奈儿童装官方旗舰店
success

巴拉巴拉官方旗舰店
success

开始抽奖

8-浏览指定商品-已完成0-未完成6

Skechers斯凯奇 童鞋亲子熊猫鞋复古老爹鞋664094L 浅粉色 36
任务领取成功
success

MIKIHOUSE学步鞋男女童鞋日本制经典央视获奖学步鞋一、二段婴幼儿宝宝运动鞋耐磨防滑 红色 11.5CM
任务领取成功
success

NIKE耐克童装男女童轻薄羽绒服冬季儿童保暖棉服外套6-7岁130/64荧光绿/黑小童
任务领取成功
success

马拉丁童装女童毛衣背心2021春季新款撞色艺术感满底提花针织马甲 大红 90cm
任务领取成功
success

【新年系列】MQD童装男女童卫衣21春新款宝宝卡通套头洋气拜年服 中国红 100cm
任务领取成功
success

迪士尼童装男童套装新年装2021春装新款洋气儿童宝宝时尚卡通卫衣裤子两件套 大红 110cm
任务领取成功
success

开始抽奖

开始抽奖
快去完成任务获得抽奖资格吧

开始第11个抽奖活动

0-每日签到-已完成0-未完成1
success

9-去逛逛横店家电馆-已完成0-未完成1

去逛逛横店家电馆
任务领取成功
success

开始抽奖
快去完成任务获得抽奖资格吧

9-浏览旅游年货节会场-已完成0-未完成8

浏览旅游年货节会场
任务领取成功
success

浏览生活服务会场
任务领取成功
success

浏览家电馆
任务领取成功
success

浏览飞利浦会场
任务领取成功
success

浏览海尔店铺会场
任务领取成功
success

浏览家电大促主会场
任务领取成功
success

浏览家电品牌盛典会场
任务领取成功
success

浏览数码电器馆
任务领取成功
success

开始抽奖

开始抽奖

1-浏览关注飞利浦旗舰店-已完成0-未完成10

浏览关注飞利浦旗舰店
success

浏览关注LG旗舰店
success

浏览关注平遥文旅店铺
success

浏览关注科沃斯旗舰店
success

浏览关注长虹旗舰店
success

浏览关注美菱旗舰店
success

浏览关注海尔旗舰店
success

浏览关注西门子旗舰店
success

浏览关注横店旗舰店
success

浏览关注欧乐B旗舰店
success

开始抽奖

开始抽奖

开始抽奖

8-浏览爆款商品-已完成0-未完成8

科沃斯 Ecovacs 地宝T8 Power扫地机器人激光导航规划全自动扫拖擦拖地机智能家用吸尘器DLX11-22
任务领取成功
success

LG 纤慧系列 10.5公斤滚筒洗衣机全自动 AI变频直驱 洗烘一体 95℃高温洗 6种智能手洗 白FLX10M4W
任务领取成功
success

美菱(MELING)629升 对开门冰箱双开门 一级能效风冷双变频 净味抗菌 -32度速冻 大容量电冰箱 BCD-629WPUCX
任务领取成功
success

飞利浦(PHILIPS) 电动牙刷 成人声波震动钻石系列(自带刷头*2+充电旅行盒+充电玻璃杯) 黑钻HX9352/04
任务领取成功
success

西门子(SIEMENS) 502升 变频风冷无霜冰箱双开门对开门冰箱 超薄  玻璃门 （灰色）BCD-502W(KA50SE43TI)
任务领取成功
success

【提前票丨组合套票】提前预订，各人群均有优惠 提前预订套票 2日游丨白天3景区+梦幻谷 成人票
任务领取成功
success

欧乐B电动牙刷 充电式 iO云感刷卓越清洁版 iO微震科技非声波 成人情侣（黑色） 情人节礼物
任务领取成功
success

美菱(MELING)503升 M鲜生旗舰十字对开多门冰箱 水分子保鲜 变频风冷无霜 杀菌净味BCD-503WPU9CA
任务领取成功
success

开始抽奖

21-开通美菱品牌会员-已完成0-未完成5

14-邀请好友助力-已完成0-未完成3
success

开始抽奖
快去完成任务获得抽奖资格吧

开始第12个抽奖活动

1-关注京东安联-已完成0-未完成7

关注京东安联
success

关注金沙店铺
success

关注朗迪自营店
success

关注极米自营旗舰店
success

关注荣耀自营店
success

关注泸州老窖店
success

9-浏览小米会场-已完成0-未完成5

浏览小米会场
任务领取成功
success

浏览箱包会场
任务领取成功
success

浏览会场
任务领取成功
success

浏览牛奶会场
任务领取成功
success

浏览零食会场
任务领取成功
success

开始抽奖

开始抽奖

开始抽奖

9-浏览水饮会场-已完成0-未完成5

浏览水饮会场
任务领取成功
success

浏览海尔会场
任务领取成功
success

浏览欧乐B会场
任务领取成功
success

国密董酒会场
任务领取成功
success

浏览音频会场
任务领取成功
success

开始抽奖

8-浏览新春热卖商品-已完成0-未完成16

【京东安联】境内旅行险  国内旅游意外保险  户外短期出行
任务领取成功
success

地平线8号（LEVEL8）行李箱旅行箱登机箱密码箱20英寸德国科思创PC箱体男女拉杆箱 黑色（锤科出品）
任务领取成功
success

金沙回沙酒 摘要 53度 500ml*4瓶整箱装 珍品版 酱香型白酒 贵州金沙酱酒 商务宴请送礼 白酒礼盒装
任务领取成功
success

极米（XGIMI）Play超悦版 投影仪家用 便携户外 音乐投影机（1080P 内置电池 哈曼卡顿音响 全自动梯形校正）
任务领取成功
success

百事可乐 Pepsi  汽水 碳酸饮料 细长罐330ml*24听 百事出品
任务领取成功
success

新西兰原装进口牛奶 安佳（Anchor）低脂高钙牛奶 纯牛奶250ml*24 整箱装
任务领取成功
success

荣耀30 Pro 50倍远摄 麒麟990 5G 4000万超感光摄影 3200W美颜自拍 游戏手机 全网通版8GB+128GB 绿野仙踪
任务领取成功
success

朗迪  碳酸钙D3片(Ⅱ) 60片*3盒  钙+D高维D促吸收
任务领取成功
success

9-浏览新春好物-已完成0-未完成1

浏览新春好物
任务领取成功
success

开始抽奖
快去完成任务获得抽奖资格吧

14-邀请好友助力-已完成0-未完成3
success

开始抽奖
快去完成任务获得抽奖资格吧

开始第13个抽奖活动
活动已结束

开始第14个抽奖活动
活动已结束

开始第15个抽奖活动

0-每日签到-已完成0-未完成1
success

1-关注并浏览店铺-已完成0-未完成6

浏览并关注Yohji Yamamoto 官方自营旗舰店
success

浏览并关注卡西欧手表海外旗舰店
success

浏览并关注Sergio Rossi 官方自营旗舰店
success

浏览并关注Alexandre De Paris官方旗舰店
success

浏览并关注COACH京东自营店
success

浏览并关注TOM DIXON京东自营官方旗舰店
success

开始抽奖

开始抽奖

9-浏览年货节会场-已完成0-未完成1

浏览年货节会场页面
任务领取成功
success

开始抽奖

9-浏览当前活动页面-已完成0-未完成1

浏览当前活动页面
任务领取成功
success

开始抽奖
快去完成任务获得抽奖资格吧

21-开通SELETTI会员-已完成0-未完成10

15-加购年货节商品-已完成0-未完成6

Ralph Lauren/拉夫劳伦女装 2021年早春新年系列Polo小熊T恤21946 620-红色 L
success

路易威登LV女包单肩包斜挎NANO SPEEDY老花帆布手袋女式斜挎包 奢侈品  M61252
success

Bonpoint 小樱桃儿童面霜保湿滋润bp婴儿面霜敏感肌肤补水温和润肤霜50ml
success

Hugo Boss雨果博斯男士商务休闲双面牛皮腰带皮带50235263 005-黑色 ONESI
success

菲利普普兰（PHILIPP PLEIN）20秋冬 TEDDY BEAR 泰迪熊男士T恤衫棉 红色F20C-MTK4583-PJY002N_13 M
success

Giuseppe Zanotti GZ 男士2020秋冬黑色皮革系带靴 002黑色 42
success

开始抽奖

14-邀请好友助力-已完成0-未完成4
success

26-关注并浏览奢品馆-已完成0-未完成1

关注并浏览奢品馆
success

开始抽奖
快去完成任务获得抽奖资格吧

开始抽奖
快去完成任务获得抽奖资格吧

开始第16个抽奖活动
活动已结束

==============📣系统通知📣==============
京东抽奖机
京东账号：孤傲的小小瞒
抽得京豆：26个
请点击通知跳转至APP查看

🔔京东抽奖机, 结束! 🕛 1444.259 秒

