
🔔京东炸年兽小程序🧨, 开始!
您的cookie选择的是用&隔开


====================共有2个京东账号Cookie=========

==================脚本执行- 北京时间(UTC+8)：2/4/2021, 1:50:24 AM=====================


******开始【京东账号1】迷糊虫啊*********

当前爆竹236784🧨，升级需要520000🧨
去玩趣味互动已做完
逛逛精彩会场已做完
当前爆竹236784🧨，升级需要520000🧨
任务已做完！
如有未完成的任务，请多执行几次。注：目前入会任务不会做
如出现taskVos错误的，请更新USER_AGENTS.js或使用自定义UA功能
京东账号1迷糊虫啊
当前爆竹236784🧨


******开始【京东账号2】孤傲的小小瞒*********

当前爆竹435511🧨，升级需要480000🧨
准备做此任务：去抢66.6元红包！
活动太火爆了
活动太火爆了
活动太火爆了
活动太火爆了
活动太火爆了
活动太火爆了
当前爆竹435511🧨，升级需要480000🧨
任务已做完！
如有未完成的任务，请多执行几次。注：目前入会任务不会做
如出现taskVos错误的，请更新USER_AGENTS.js或使用自定义UA功能
京东账号2孤傲的小小瞒
当前爆竹435511🧨


🔔京东炸年兽小程序🧨, 结束! 🕛 42.357 秒

