
🔔摇京豆, 开始!
您的cookie选择的是用&隔开


====================共有2个京东账号Cookie=========

==================脚本执行- 北京时间(UTC+8)：2/3/2021, 12:02:02 AM=====================


开始【京东账号1】迷糊虫啊

开始做浏览页面任务
开始做关注店铺任务
摇奖次数6
新版——摇奖次数5
开始新版-摇奖
新版-剩余摇奖次数：4
恭喜你，中奖了，获得2京豆

开始新版-摇奖
新版-剩余摇奖次数：3
未中奖

开始新版-摇奖
新版-剩余摇奖次数：2
未中奖

开始新版-摇奖
新版-剩余摇奖次数：1
未中奖

开始新版-摇奖
新版-剩余摇奖次数：0
未中奖

开始摇奖
摇奖结果:{"code":"-1","echo":"302"}
开始摇奖
摇奖结果:{"code":"-1","echo":"302"}
开始摇奖
摇奖结果:{"code":"-1","echo":"302"}
开始摇奖
摇奖结果:{"code":"-1","echo":"302"}
开始摇奖
摇奖结果:{"data":{"luckyBox":{"costBeanCount":2,"feeTimes":2,"freeTimes":5,"totalBeanCount":1942},"prizeCoupon":{"batchId":749042783,"beginTime":"2021-02-03 00:02:17","couponKind":3,"couponStyle":0,"couponType":1,"discount":10.0,"endTime":"2021-02-13 23:59:59","limitStr":"限购[宅一起旗舰店]店铺部分商品","quota":18.0,"shopId":184789,"venderId":192610}},"success":true}
剩余摇奖次数：5
开始摇奖
摇奖结果:{"data":{"luckyBox":{"costBeanCount":2,"feeTimes":2,"freeTimes":4,"totalBeanCount":1942},"prizeCoupon":{"batchId":749120627,"beginTime":"2021-02-03 00:02:19","couponKind":3,"couponStyle":0,"couponType":1,"discount":10.0,"endTime":"2021-02-13 23:59:59","limitStr":"限购[宅一起旗舰店]店铺部分商品","quota":18.0,"shopId":184789,"venderId":192610}},"success":true}
剩余摇奖次数：4

==============📣系统通知📣==============
摇京豆
京东账号1 迷糊虫啊
【获得】2京豆
【账号总计】0京豆

开始【京东账号2】孤傲的小小瞒

开始做浏览页面任务
开始做关注店铺任务
摇奖次数9
新版——摇奖次数5
开始新版-摇奖
新版-剩余摇奖次数：4
恭喜你，中奖了，获得3京豆

开始新版-摇奖
新版-剩余摇奖次数：3
未中奖

开始新版-摇奖
新版-剩余摇奖次数：2
未中奖

开始新版-摇奖
新版-剩余摇奖次数：1
未中奖

开始新版-摇奖
新版-剩余摇奖次数：0
未中奖

开始摇奖
摇奖结果:{"code":"-1","echo":"302"}
开始摇奖
摇奖结果:{"data":{"luckyBox":{"costBeanCount":2,"feeTimes":2,"freeTimes":8,"totalBeanCount":939},"prizeBean":{"count":2}},"success":true}
剩余摇奖次数：8
开始摇奖
摇奖结果:{"code":"-1","echo":"302"}
开始摇奖
摇奖结果:{"code":"-1","echo":"302"}
开始摇奖
摇奖结果:{"data":{"luckyBox":{"costBeanCount":2,"feeTimes":2,"freeTimes":7,"totalBeanCount":939},"prizeBean":{"count":2}},"success":true}
剩余摇奖次数：7
开始摇奖
摇奖结果:{"data":{"luckyBox":{"costBeanCount":2,"feeTimes":2,"freeTimes":6,"totalBeanCount":941},"prizeCoupon":{"batchId":749120627,"beginTime":"2021-02-03 00:02:35","couponKind":3,"couponStyle":0,"couponType":1,"discount":10.0,"endTime":"2021-02-13 23:59:59","limitStr":"限购[宅一起旗舰店]店铺部分商品","quota":18.0,"shopId":184789,"venderId":192610}},"success":true}
剩余摇奖次数：6
开始摇奖
摇奖结果:{"code":"-1","echo":"302"}
开始摇奖
摇奖结果:{"code":"-1","echo":"302"}
开始摇奖
摇奖结果:{"code":"-1","echo":"302"}

==============📣系统通知📣==============
摇京豆
京东账号2 孤傲的小小瞒
【获得】7京豆
【账号总计】939京豆

🔔摇京豆, 结束! 🕛 37.158 秒

