
🔔摇京豆, 开始!
您的cookie选择的是用&隔开


====================共有2个京东账号Cookie=========

==================脚本执行- 北京时间(UTC+8)：2/9/2021, 12:02:01 AM=====================


开始【京东账号1】迷糊虫啊

开始做浏览页面任务
开始做关注店铺任务
摇奖次数6
新版——摇奖次数6
开始新版-摇奖
新版-剩余摇奖次数：5
恭喜你，中奖了，获得3京豆

开始新版-摇奖
开始新版-摇奖
新版-剩余摇奖次数：4
未中奖

开始新版-摇奖
新版-剩余摇奖次数：3
未中奖

开始新版-摇奖
新版-剩余摇奖次数：2
未中奖

开始新版-摇奖
开始摇奖
摇奖结果:{"code":"-1","echo":"302"}
开始摇奖
摇奖结果:{"code":"-1","echo":"302"}
开始摇奖
摇奖结果:{"data":{"luckyBox":{"costBeanCount":2,"feeTimes":2,"freeTimes":5,"totalBeanCount":2827},"prizeBean":{"count":2}},"success":true}
剩余摇奖次数：5
开始摇奖
摇奖结果:{"code":"-1","echo":"302"}
开始摇奖
摇奖结果:{"code":"-1","echo":"302"}
开始摇奖
摇奖结果:{"code":"-1","echo":"302"}

==============📣系统通知📣==============
摇京豆
京东账号1 迷糊虫啊
【获得】5京豆
【账号总计】2827京豆

开始【京东账号2】孤傲的小小瞒

开始做浏览页面任务
开始做关注店铺任务
摇奖次数9
新版——摇奖次数5
开始新版-摇奖
新版-剩余摇奖次数：4
恭喜你，中奖了，获得3京豆

开始新版-摇奖
新版-剩余摇奖次数：3
未中奖

开始新版-摇奖
新版-剩余摇奖次数：2
未中奖

开始新版-摇奖
新版-剩余摇奖次数：1
未中奖

开始新版-摇奖
新版-剩余摇奖次数：0
未中奖

开始摇奖
摇奖结果:{"code":"-1","echo":"302"}
开始摇奖
摇奖结果:{"data":{"luckyBox":{"costBeanCount":2,"feeTimes":2,"freeTimes":8,"totalBeanCount":189},"prizeBean":{"count":2}},"success":true}
剩余摇奖次数：8
开始摇奖
摇奖结果:{"code":"-1","echo":"302"}
开始摇奖
摇奖结果:{"data":{"luckyBox":{"costBeanCount":2,"feeTimes":2,"freeTimes":7,"totalBeanCount":191},"prizeCoupon":{"batchId":769712062,"beginTime":"2021-02-09 00:02:32","couponKind":1,"couponStyle":0,"couponType":1,"discount":20.0,"endTime":"2021-02-11 23:59:59","limitStr":"仅可购买京东京造部分商品","quota":99.0,"shopId":0,"venderId":0}},"success":true}
剩余摇奖次数：7
开始摇奖
摇奖结果:{"data":{"luckyBox":{"costBeanCount":2,"feeTimes":2,"freeTimes":6,"totalBeanCount":191},"prizeCoupon":{"batchId":771230806,"beginTime":"2021-02-06 00:00:00","couponKind":1,"couponStyle":0,"couponType":1,"discount":30.0,"endTime":"2021-02-17 23:59:59","limitStr":"仅可购买安踏儿童自营商品","quota":130.0,"shopId":0,"venderId":0}},"success":true}
剩余摇奖次数：6
开始摇奖
摇奖结果:{"code":"-1","echo":"302"}
开始摇奖
摇奖结果:{"data":{"luckyBox":{"costBeanCount":2,"feeTimes":2,"freeTimes":5,"totalBeanCount":191},"prizeCoupon":{"batchId":771712794,"beginTime":"2021-02-06 00:00:00","couponKind":1,"couponStyle":0,"couponType":1,"discount":140.0,"endTime":"2021-02-19 23:59:59","limitStr":"仅可购买斯凯奇童鞋自营部分商品","quota":699.0,"shopId":0,"venderId":0}},"success":true}
剩余摇奖次数：5
开始摇奖
摇奖结果:{"code":"-1","echo":"302"}
开始摇奖
摇奖结果:{"code":"-1","echo":"302"}

==============📣系统通知📣==============
摇京豆
京东账号2 孤傲的小小瞒
【获得】5京豆
【账号总计】189京豆

🔔摇京豆, 结束! 🕛 37.209 秒

