
🔔摇京豆, 开始!
您的cookie选择的是用&隔开


====================共有2个京东账号Cookie=========

==================脚本执行- 北京时间(UTC+8)：2/5/2021, 12:02:02 AM=====================


开始【京东账号1】迷糊虫啊

开始做浏览页面任务
开始做关注店铺任务
摇奖次数7
新版——摇奖次数8
开始新版-摇奖
新版-剩余摇奖次数：7
恭喜你，中奖了，获得2京豆

开始新版-摇奖
新版-剩余摇奖次数：6
未中奖

开始新版-摇奖
新版-剩余摇奖次数：5
未中奖

开始新版-摇奖
新版-剩余摇奖次数：4
恭喜你，中奖了，获得2京豆

开始新版-摇奖
新版-剩余摇奖次数：3
未中奖

开始新版-摇奖
开始新版-摇奖
开始新版-摇奖
新版-剩余摇奖次数：2
未中奖

开始摇奖
摇奖结果:{"code":"-1","echo":"302"}
开始摇奖
摇奖结果:{"code":"-1","echo":"302"}
开始摇奖
摇奖结果:{"data":{"luckyBox":{"costBeanCount":2,"feeTimes":2,"freeTimes":6,"totalBeanCount":2276},"prizeBean":{"count":2}},"success":true}
剩余摇奖次数：6
开始摇奖
摇奖结果:{"code":"-1","echo":"302"}
开始摇奖
摇奖结果:{"code":"-1","echo":"302"}
开始摇奖
摇奖结果:{"data":{"luckyBox":{"costBeanCount":2,"feeTimes":2,"freeTimes":5,"totalBeanCount":2282},"prizeCoupon":{"batchId":770773962,"beginTime":"2021-02-01 00:00:00","couponKind":1,"couponStyle":0,"couponType":1,"discount":100.0,"endTime":"2021-02-05 23:59:59","limitStr":"仅可购买内衣品类部分商品","quota":499.0,"shopId":0,"venderId":0}},"success":true}
剩余摇奖次数：5
开始摇奖
摇奖结果:{"data":{"luckyBox":{"costBeanCount":2,"feeTimes":2,"freeTimes":4,"totalBeanCount":2282},"prizeCoupon":{"batchId":770908718,"beginTime":"2021-02-02 00:00:00","couponKind":1,"couponStyle":0,"couponType":1,"discount":50.0,"endTime":"2021-02-05 23:59:59","limitStr":"仅可购买京东京造部分商品","quota":99.0,"shopId":0,"venderId":0}},"success":true}
剩余摇奖次数：4

==============📣系统通知📣==============
摇京豆
京东账号1 迷糊虫啊
【获得】6京豆
【账号总计】2276京豆

开始【京东账号2】孤傲的小小瞒

开始做浏览页面任务
开始做关注店铺任务
摇奖次数9
新版——摇奖次数5
开始新版-摇奖
新版-剩余摇奖次数：4
恭喜你，中奖了，获得3京豆

开始新版-摇奖
新版-剩余摇奖次数：3
未中奖

开始新版-摇奖
新版-剩余摇奖次数：2
未中奖

开始新版-摇奖
新版-剩余摇奖次数：1
未中奖

开始新版-摇奖
新版-剩余摇奖次数：0
未中奖

开始摇奖
摇奖结果:{"data":{"luckyBox":{"costBeanCount":2,"feeTimes":2,"freeTimes":8,"totalBeanCount":1212},"prizeBean":{"count":2}},"success":true}
剩余摇奖次数：8
开始摇奖
摇奖结果:{"code":"-1","echo":"302"}
开始摇奖
摇奖结果:{"code":"-1","echo":"302"}
开始摇奖
摇奖结果:{"data":{"luckyBox":{"costBeanCount":2,"feeTimes":2,"freeTimes":7,"totalBeanCount":1212}},"success":true}
剩余摇奖次数：7
开始摇奖
摇奖结果:{"code":"-1","echo":"302"}
开始摇奖
摇奖结果:{"code":"-1","echo":"302"}
开始摇奖
摇奖结果:{"code":"-1","echo":"302"}
开始摇奖
摇奖结果:{"code":"-1","echo":"302"}
开始摇奖
摇奖结果:{"code":"-1","echo":"302"}

==============📣系统通知📣==============
摇京豆
京东账号2 孤傲的小小瞒
【获得】5京豆
【账号总计】1212京豆

🔔摇京豆, 结束! 🕛 38.161 秒

