
🔔摇京豆, 开始!
您的cookie选择的是用&隔开


====================共有2个京东账号Cookie=========

==================脚本执行- 北京时间(UTC+8)：2/4/2021, 12:02:02 AM=====================


开始【京东账号1】迷糊虫啊

开始做浏览页面任务
开始做关注店铺任务
摇奖次数4
新版——摇奖次数4
开始新版-摇奖
开始新版-摇奖
新版-剩余摇奖次数：3
恭喜你，中奖了，获得2京豆

开始新版-摇奖
开始新版-摇奖
开始摇奖
摇奖结果:{"code":"-1","echo":"302"}
开始摇奖
摇奖结果:{"data":{"luckyBox":{"costBeanCount":2,"feeTimes":2,"freeTimes":3,"totalBeanCount":2094},"prizeBean":{"count":2}},"success":true}
剩余摇奖次数：3
开始摇奖
摇奖结果:{"code":"-1","echo":"302"}
开始摇奖
摇奖结果:{"data":{"luckyBox":{"costBeanCount":2,"feeTimes":2,"freeTimes":2,"totalBeanCount":2096},"prizeCoupon":{"batchId":770905290,"beginTime":"2021-02-01 00:00:00","couponKind":1,"couponStyle":0,"couponType":1,"discount":40.0,"endTime":"2021-02-05 23:59:59","limitStr":"仅可购买京东超市部分商品","quota":199.0,"shopId":0,"venderId":0}},"success":true}
剩余摇奖次数：2

==============📣系统通知📣==============
摇京豆
京东账号1 迷糊虫啊
【获得】4京豆
【账号总计】2094京豆

开始【京东账号2】孤傲的小小瞒

开始做浏览页面任务
开始做关注店铺任务
摇奖次数9
新版——摇奖次数5
开始新版-摇奖
新版-剩余摇奖次数：4
恭喜你，中奖了，获得3京豆

开始新版-摇奖
新版-剩余摇奖次数：3
未中奖

开始新版-摇奖
新版-剩余摇奖次数：2
未中奖

开始新版-摇奖
新版-剩余摇奖次数：1
未中奖

开始新版-摇奖
新版-剩余摇奖次数：0
未中奖

开始摇奖
摇奖结果:{"code":"-1","echo":"302"}
开始摇奖
摇奖结果:{"data":{"luckyBox":{"costBeanCount":2,"feeTimes":2,"freeTimes":8,"totalBeanCount":1094},"prizeBean":{"count":2}},"success":true}
剩余摇奖次数：8
开始摇奖
摇奖结果:{"data":{"luckyBox":{"costBeanCount":2,"feeTimes":2,"freeTimes":7,"totalBeanCount":1094},"prizeCoupon":{"batchId":769733034,"beginTime":"2021-02-02 00:00:00","couponKind":1,"couponStyle":0,"couponType":1,"discount":200.0,"endTime":"2021-02-05 23:59:59","limitStr":"仅可购买京东国际家居部分商品","quota":999.0,"shopId":0,"venderId":0}},"success":true}
剩余摇奖次数：7
开始摇奖
摇奖结果:{"code":"-1","echo":"302"}
开始摇奖
摇奖结果:{"code":"-1","echo":"302"}
开始摇奖
摇奖结果:{"code":"-1","echo":"302"}
开始摇奖
摇奖结果:{"data":{"luckyBox":{"costBeanCount":2,"feeTimes":2,"freeTimes":6,"totalBeanCount":1094},"prizeCoupon":{"batchId":770140874,"beginTime":"2021-02-02 00:00:00","couponKind":1,"couponStyle":0,"couponType":1,"discount":80.0,"endTime":"2021-02-05 23:59:59","limitStr":"仅可购买京东国际家居部分商品","quota":359.0,"shopId":0,"venderId":0}},"success":true}
剩余摇奖次数：6
开始摇奖
摇奖结果:{"code":"-1","echo":"302"}
开始摇奖
摇奖结果:{"code":"-1","echo":"302"}

==============📣系统通知📣==============
摇京豆
京东账号2 孤傲的小小瞒
【获得】5京豆
【账号总计】1094京豆

🔔摇京豆, 结束! 🕛 33.842 秒

