
🔔摇京豆, 开始!
您的cookie选择的是用&隔开


====================共有2个京东账号Cookie=========

==================脚本执行- 北京时间(UTC+8)：2/7/2021, 12:02:01 AM=====================


开始【京东账号1】迷糊虫啊

开始做浏览页面任务
开始做关注店铺任务
摇奖次数3
新版——摇奖次数3
开始新版-摇奖
新版-剩余摇奖次数：2
未中奖

开始新版-摇奖
新版-剩余摇奖次数：1
未中奖

开始新版-摇奖
新版-剩余摇奖次数：0
未中奖

开始摇奖
摇奖结果:{"code":"-1","echo":"302"}
开始摇奖
摇奖结果:{"code":"-1","echo":"302"}
开始摇奖
摇奖结果:{"code":"-1","echo":"302"}

开始【京东账号2】孤傲的小小瞒

开始做浏览页面任务
开始做关注店铺任务
摇奖次数9
新版——摇奖次数6
开始新版-摇奖
新版-剩余摇奖次数：5
恭喜你，中奖了，获得3京豆

开始新版-摇奖
新版-剩余摇奖次数：4
未中奖

开始新版-摇奖
新版-剩余摇奖次数：3
未中奖

开始新版-摇奖
新版-剩余摇奖次数：2
未中奖

开始新版-摇奖
新版-剩余摇奖次数：1
恭喜你，中奖了，获得3京豆

开始新版-摇奖
新版-剩余摇奖次数：0
未中奖

开始摇奖
摇奖结果:{"data":{"luckyBox":{"costBeanCount":2,"feeTimes":2,"freeTimes":8,"totalBeanCount":494},"prizeBean":{"count":2}},"success":true}
剩余摇奖次数：8
开始摇奖
摇奖结果:{"code":"-1","echo":"302"}
开始摇奖
摇奖结果:{"code":"-1","echo":"302"}
开始摇奖
摇奖结果:{"code":"-1","echo":"302"}
开始摇奖
摇奖结果:{"code":"-1","echo":"302"}
开始摇奖
摇奖结果:{"data":{"luckyBox":{"costBeanCount":2,"feeTimes":2,"freeTimes":7,"totalBeanCount":494}},"success":true}
剩余摇奖次数：7
开始摇奖
摇奖结果:{"code":"-1","echo":"302"}
开始摇奖
摇奖结果:{"code":"-1","echo":"302"}
开始摇奖
摇奖结果:{"code":"-1","echo":"302"}

==============📣系统通知📣==============
摇京豆
京东账号2 孤傲的小小瞒
【获得】8京豆
【账号总计】494京豆

🔔摇京豆, 结束! 🕛 33.429 秒

