
🔔小鸽有礼, 开始!
您的cookie选择的是用&隔开


====================共有2个京东账号Cookie=========

==================脚本执行- 北京时间(UTC+8)：2/7/2021, 7:05:30 AM=====================


******开始【京东账号1】迷糊虫啊*********

当前幸运值：20
去做任务60003e0209fec446f7e50cfb
任务完成成功，当前幸运值30
去做任务60003e0209fec446f7e50cfa
任务完成成功，当前幸运值40

==============📣系统通知📣==============
小鸽有礼
京东账号1迷糊虫啊
本次运行获得0京豆

******开始【京东账号2】孤傲的小小瞒*********

当前幸运值：20
去做任务60003e0209fec446f7e50cfb
任务完成成功，当前幸运值30
去做任务60003e0209fec446f7e50cfa
任务完成成功，当前幸运值40

==============📣系统通知📣==============
小鸽有礼
京东账号2孤傲的小小瞒
本次运行获得0京豆

🔔小鸽有礼, 结束! 🕛 3.992 秒

