
🔔集鞭炮赢京豆, 开始!
您的cookie选择的是用&隔开


====================共有2个京东账号Cookie=========

==================脚本执行- 北京时间(UTC+8)：2/5/2021, 9:41:53 PM=====================


******开始【京东账号1】迷糊虫啊*********

去做任务600680b2986178004811b19e
任务完成失败，原因未知
去做任务600680b2986178004811b19d
任务完成失败，原因未知
去做任务6006ea6d986178004811b397
任务完成失败，原因未知
去做任务601154cec73fea004a4032e2
任务完成失败，原因未知
去做任务6006ea6d986178004811b395
任务完成失败，原因未知
去做任务6006ea6d986178004811b394
任务完成失败，原因未知
去做任务6006ea6d986178004811b393
任务完成失败，原因未知
去做任务6006ea6d986178004811b392
任务完成失败，原因未知
去做任务6006ea6d986178004811b391
任务完成失败，原因未知
去做任务6006ea6d986178004811b390
任务完成失败，原因未知
去做任务6006ea6d986178004811b38f
任务完成失败，原因未知
去做任务6006ea6d986178004811b38e
任务完成失败，原因未知
去做任务6006ea6d986178004811b38d
任务完成失败，原因未知
去做任务6006ea6d986178004811b38c
任务完成失败，原因未知
去做任务6006ea6d986178004811b38b
任务完成失败，原因未知
去做任务6006ea6d986178004811b38a
任务完成失败，原因未知
去做任务6006ea6d986178004811b389
任务完成失败，原因未知
去做任务6006ea6d986178004811b388
任务完成失败，原因未知
去做任务6006ea6d986178004811b387
任务完成失败，原因未知
去做任务6006ea6d986178004811b386
任务完成失败，原因未知
集鞭炮赢京豆

账号1 - 迷糊虫啊
【京东账号1】迷糊虫啊
【鞭炮🧨】本次获得 0，共计0


******开始【京东账号2】孤傲的小小瞒*********

去做任务600680b2986178004811b19e
任务完成失败，原因未知
去做任务600680b2986178004811b19d
任务完成失败，原因未知
去做任务6006ea6d986178004811b397
任务完成失败，原因未知
去做任务601154cec73fea004a4032e2
任务完成失败，原因未知
去做任务6006ea6d986178004811b395
任务完成失败，原因未知
去做任务6006ea6d986178004811b394
任务完成失败，原因未知
去做任务6006ea6d986178004811b393
任务完成失败，原因未知
去做任务6006ea6d986178004811b392
任务完成失败，原因未知
去做任务6006ea6d986178004811b391
任务完成失败，原因未知
去做任务6006ea6d986178004811b390
任务完成失败，原因未知
去做任务6006ea6d986178004811b38f
任务完成失败，原因未知
去做任务6006ea6d986178004811b38e
任务完成失败，原因未知
去做任务6006ea6d986178004811b38d
任务完成失败，原因未知
去做任务6006ea6d986178004811b38c
任务完成失败，原因未知
去做任务6006ea6d986178004811b38b
任务完成失败，原因未知
去做任务6006ea6d986178004811b38a
任务完成失败，原因未知
去做任务6006ea6d986178004811b389
任务完成失败，原因未知
去做任务6006ea6d986178004811b388
任务完成失败，原因未知
去做任务6006ea6d986178004811b387
任务完成失败，原因未知
去做任务6006ea6d986178004811b386
任务完成失败，原因未知
集鞭炮赢京豆

账号2 - 孤傲的小小瞒
【京东账号2】孤傲的小小瞒
【鞭炮🧨】本次获得 0，共计0


🔔集鞭炮赢京豆, 结束! 🕛 127.475 秒

