
🔔领京豆额外奖励, 开始!
您的cookie选择的是用&隔开


====================共有2个京东账号Cookie=========

==================脚本执行- 北京时间(UTC+8)：2/4/2021, 5:32:48 AM=====================


******开始【京东账号1】迷糊虫啊*********

任务完成进度：1 / 3
任务完成进度：2 / 3
任务完成进度：3 / 3
领奖成功，获得 1 个京豆
完成任务成功，进度1/5
完成任务成功，进度2/5
完成任务成功，进度3/5
完成任务成功，进度4/5
完成任务成功，进度5/5
领奖成功，获得 3 个京豆

==============📣系统通知📣==============
领京豆额外奖励
【京东账号1】迷糊虫啊
领奖成功，获得 1 个京豆
领奖成功，获得 3 个京豆


******开始【京东账号2】孤傲的小小瞒*********

任务完成进度：1 / 3
任务完成进度：2 / 3
任务完成进度：3 / 3
领奖成功，获得 1 个京豆
完成任务成功，进度1/5
完成任务成功，进度2/5
完成任务成功，进度3/5
完成任务成功，进度4/5
完成任务成功，进度5/5
领奖成功，获得 3 个京豆

==============📣系统通知📣==============
领京豆额外奖励
【京东账号2】孤傲的小小瞒
领奖成功，获得 1 个京豆
领奖成功，获得 3 个京豆


🔔领京豆额外奖励, 结束! 🕛 58.555 秒

