
🔔✈️天天加速, 开始!
您的cookie选择的是用&隔开


====================共有2个京东账号Cookie=========

==================脚本执行- 北京时间(UTC+8)：2/8/2021, 6:35:59 AM=====================


开始【京东账号1】迷糊虫啊


天天加速任务进行中

天天加速进行中-结束时间: 
2021-02-09 03:37:17

天天加速-暂无太空特殊事件

天天加速-检查燃料-暂无可用燃料

天天加速-查询无燃料ID

检查是否可领虫洞京豆奖励
暂无可领取的虫洞京豆奖励

【空间站】 JD-F7
【结束时间】 2021-02-09 03:37:17
【进度】 12.41%



开始【京东账号2】孤傲的小小瞒


天天加速任务进行中

天天加速-领取上次奖励成功

天天加速任务进行中

天天加速-开始本次任务 

天天加速进行中-结束时间: 
2021-02-09 06:36:00

天天加速-暂无太空特殊事件

天天加速-检查燃料-暂无可用燃料

天天加速-查询无燃料ID

检查是否可领虫洞京豆奖励
暂无可领取的虫洞京豆奖励

【空间站】 JD-F13
【结束时间】 2021-02-09 06:36:00
【进度】 0.00%



🔔✈️天天加速, 结束! 🕛 2.311 秒

