
🔔✈️天天加速, 开始!
您的cookie选择的是用&隔开


====================共有2个京东账号Cookie=========

==================脚本执行- 北京时间(UTC+8)：2/7/2021, 9:38:26 PM=====================


开始【京东账号1】迷糊虫啊


天天加速任务进行中

天天加速-开始本次任务 

天天加速进行中-结束时间: 
2021-02-08 21:38:26

天天加速-暂无太空特殊事件

天天加速-检查燃料-暂无可用燃料

天天加速-查询成功3个燃料ID

天天加速-尝试使用第3个燃料

天天加速-已成功使用0个燃料

天天加速-尝试使用第3个燃料

天天加速-已成功使用0个燃料

天天加速-尝试使用第3个燃料

天天加速-已成功使用1个燃料

检查是否可领虫洞京豆奖励
暂无可领取的虫洞京豆奖励

【空间站】 JD-F6
【结束时间】 2021-02-08 21:38:26
【进度】 0.00%



开始【京东账号2】孤傲的小小瞒


天天加速任务进行中

天天加速-开始本次任务 

天天加速进行中-结束时间: 
2021-02-08 21:38:27

天天加速-暂无太空特殊事件

天天加速-检查燃料-暂无可用燃料

天天加速-查询成功2个燃料ID

天天加速-尝试使用第2个燃料

天天加速-已成功使用0个燃料

天天加速-尝试使用第2个燃料

天天加速-已成功使用1个燃料

检查是否可领虫洞京豆奖励
暂无可领取的虫洞京豆奖励

【空间站】 JD-F12
【结束时间】 2021-02-08 21:38:27
【进度】 0.00%



🔔✈️天天加速, 结束! 🕛 2.58 秒

