
🔔✈️天天加速, 开始!
您的cookie选择的是用&隔开


====================共有2个京东账号Cookie=========

==================脚本执行- 北京时间(UTC+8)：2/5/2021, 3:36:57 PM=====================


开始【京东账号1】迷糊虫啊


天天加速任务进行中

天天加速进行中-结束时间: 
2021-02-05 17:52:28

天天加速-暂无太空特殊事件

天天加速-检查燃料-暂无可用燃料

天天加速-查询无燃料ID

检查是否可领虫洞京豆奖励
暂无可领取的虫洞京豆奖励

【空间站】 JD-F20
【结束时间】 2021-02-05 17:52:28
【进度】 90.59%



开始【京东账号2】孤傲的小小瞒


天天加速任务进行中

天天加速进行中-结束时间: 
2021-02-05 17:52:43

天天加速-暂无太空特殊事件

天天加速-检查燃料-暂无可用燃料

天天加速-查询无燃料ID

检查是否可领虫洞京豆奖励
暂无可领取的虫洞京豆奖励

【空间站】 JD-F7
【结束时间】 2021-02-05 17:52:43
【进度】 90.57%



🔔✈️天天加速, 结束! 🕛 1.991 秒

