
🔔✈️天天加速, 开始!
您的cookie选择的是用&隔开


====================共有2个京东账号Cookie=========

==================脚本执行- 北京时间(UTC+8)：2/3/2021, 3:36:20 AM=====================


开始【京东账号1】迷糊虫啊


天天加速任务进行中

天天加速进行中-结束时间: 
2021-02-04 00:09:10

天天加速-暂无太空特殊事件

天天加速-检查燃料-暂无可用燃料

天天加速-查询无燃料ID

检查是否可领虫洞京豆奖励
暂无可领取的虫洞京豆奖励

【空间站】 JD-F15
【结束时间】 2021-02-04 00:09:10
【进度】 14.39%



开始【京东账号2】孤傲的小小瞒


天天加速任务进行中

天天加速-领取上次奖励成功

天天加速任务进行中

天天加速-开始本次任务 

天天加速进行中-结束时间: 
2021-02-04 03:36:21

天天加速-暂无太空特殊事件

天天加速-检查燃料-暂无可用燃料

天天加速-查询成功5个燃料ID

天天加速-尝试使用第5个燃料

天天加速-已成功使用1个燃料

天天加速-尝试使用第5个燃料

天天加速-已成功使用1个燃料

天天加速-尝试使用第5个燃料

天天加速-已成功使用1个燃料

天天加速-尝试使用第5个燃料

天天加速-已成功使用1个燃料

天天加速-尝试使用第5个燃料

天天加速-已成功使用1个燃料

天天加速任务进行中

天天加速进行中-结束时间: 
2021-02-03 23:26:21

天天加速-暂无太空特殊事件

天天加速-检查燃料-暂无可用燃料

天天加速-查询成功4个燃料ID

天天加速-尝试使用第4个燃料

天天加速-已成功使用0个燃料

天天加速-尝试使用第4个燃料

天天加速-已成功使用0个燃料

天天加速-尝试使用第4个燃料

天天加速-已成功使用0个燃料

天天加速-尝试使用第4个燃料

天天加速-已成功使用0个燃料

检查是否可领虫洞京豆奖励
暂无可领取的虫洞京豆奖励

【空间站】 JD-F2
【结束时间】 2021-02-03 23:26:21
【进度】 17.36%



🔔✈️天天加速, 结束! 🕛 3.32 秒

