
🔔✈️天天加速, 开始!
您的cookie选择的是用&隔开


====================共有2个京东账号Cookie=========

==================脚本执行- 北京时间(UTC+8)：2/5/2021, 9:37:04 AM=====================


开始【京东账号1】迷糊虫啊


天天加速任务进行中

天天加速进行中-结束时间: 
2021-02-05 20:39:08

天天加速-暂无太空特殊事件

天天加速-检查燃料-暂无可用燃料

天天加速-查询成功1个燃料ID

天天加速-尝试使用第1个燃料

天天加速-已成功使用1个燃料

天天加速任务进行中

天天加速进行中-结束时间: 
2021-02-05 17:52:28

天天加速-暂无太空特殊事件

天天加速-检查燃料-暂无可用燃料

天天加速-查询无燃料ID

检查是否可领虫洞京豆奖励
暂无可领取的虫洞京豆奖励

【空间站】 JD-F20
【结束时间】 2021-02-05 17:52:28
【进度】 65.60%



开始【京东账号2】孤傲的小小瞒


天天加速任务进行中

天天加速进行中-结束时间: 
2021-02-05 22:02:43

天天加速-暂无太空特殊事件

天天加速-检查燃料-暂无可用燃料

天天加速-查询成功1个燃料ID

天天加速-尝试使用第1个燃料

天天加速-已成功使用1个燃料

天天加速任务进行中

天天加速进行中-结束时间: 
2021-02-05 17:52:43

天天加速-暂无太空特殊事件

天天加速-检查燃料-暂无可用燃料

天天加速-查询无燃料ID

检查是否可领虫洞京豆奖励
暂无可领取的虫洞京豆奖励

【空间站】 JD-F7
【结束时间】 2021-02-05 17:52:43
【进度】 65.58%



🔔✈️天天加速, 结束! 🕛 3.485 秒

