
🔔✈️天天加速, 开始!
您的cookie选择的是用&隔开


====================共有2个京东账号Cookie=========

==================脚本执行- 北京时间(UTC+8)：2/7/2021, 12:37:38 PM=====================


开始【京东账号1】迷糊虫啊


天天加速任务进行中

天天加速进行中-结束时间: 
2021-02-08 06:35:07

天天加速-暂无太空特殊事件

天天加速-查询到6个可用燃料

天天加速-尝试领取第6个可用燃料

天天加速-已成功领取1个可用燃料

天天加速-尝试领取第6个可用燃料

天天加速-已成功领取2个可用燃料

天天加速-尝试领取第6个可用燃料

天天加速-已成功领取3个可用燃料

天天加速-尝试领取第6个可用燃料

天天加速-已成功领取4个可用燃料

天天加速-尝试领取第6个可用燃料

天天加速-已成功领取5个可用燃料

天天加速-尝试领取第6个可用燃料

天天加速-已成功领取6个可用燃料

天天加速-查询成功6个燃料ID

天天加速-尝试使用第6个燃料

天天加速-已成功使用0个燃料

天天加速-尝试使用第6个燃料

天天加速-已成功使用0个燃料

天天加速-尝试使用第6个燃料

天天加速-已成功使用0个燃料

天天加速-尝试使用第6个燃料

天天加速-已成功使用0个燃料

天天加速-尝试使用第6个燃料

天天加速-已成功使用1个燃料

天天加速-尝试使用第6个燃料

天天加速-已成功使用1个燃料

检查是否可领虫洞京豆奖励
暂无可领取的虫洞京豆奖励

【空间站】 JD-F5
【结束时间】 2021-02-08 06:35:07
【进度】 25.18%



开始【京东账号2】孤傲的小小瞒


天天加速任务进行中

天天加速进行中-结束时间: 
2021-02-08 05:25:12

天天加速-暂无太空特殊事件

天天加速-检查燃料-暂无可用燃料

天天加速-查询成功5个燃料ID

天天加速-尝试使用第5个燃料

天天加速-已成功使用0个燃料

天天加速-尝试使用第5个燃料

天天加速-已成功使用0个燃料

天天加速-尝试使用第5个燃料

天天加速-已成功使用0个燃料

天天加速-尝试使用第5个燃料

天天加速-已成功使用0个燃料

天天加速-尝试使用第5个燃料

天天加速-已成功使用1个燃料

检查是否可领虫洞京豆奖励
暂无可领取的虫洞京豆奖励

【空间站】 JD-F11
【结束时间】 2021-02-08 05:25:12
【进度】 30.03%



🔔✈️天天加速, 结束! 🕛 2.512 秒

