
🔔✈️天天加速, 开始!
您的cookie选择的是用&隔开


====================共有2个京东账号Cookie=========

==================脚本执行- 北京时间(UTC+8)：2/6/2021, 6:37:23 AM=====================


开始【京东账号1】迷糊虫啊


天天加速任务进行中

天天加速进行中-结束时间: 
2021-02-06 09:22:48

天天加速-暂无太空特殊事件

天天加速-检查燃料-暂无可用燃料

天天加速-查询无燃料ID

检查是否可领虫洞京豆奖励
暂无可领取的虫洞京豆奖励

【空间站】 JD-F2
【结束时间】 2021-02-06 09:22:48
【进度】 88.51%



开始【京东账号2】孤傲的小小瞒


天天加速任务进行中

天天加速进行中-结束时间: 
2021-02-06 09:22:50

天天加速-暂无太空特殊事件

天天加速-查询到6个可用燃料

天天加速-尝试领取第6个可用燃料

天天加速-已成功领取1个可用燃料

天天加速-尝试领取第6个可用燃料

天天加速-已成功领取2个可用燃料

天天加速-尝试领取第6个可用燃料

天天加速-已成功领取3个可用燃料

天天加速-尝试领取第6个可用燃料

天天加速-已成功领取4个可用燃料

天天加速-尝试领取第6个可用燃料

天天加速-已成功领取5个可用燃料

天天加速-尝试领取第6个可用燃料

天天加速-已成功领取6个可用燃料

天天加速-查询成功6个燃料ID

天天加速-尝试使用第6个燃料

天天加速-已成功使用0个燃料

天天加速-尝试使用第6个燃料

天天加速-已成功使用0个燃料

天天加速-尝试使用第6个燃料

天天加速-已成功使用0个燃料

天天加速-尝试使用第6个燃料

天天加速-已成功使用0个燃料

天天加速-尝试使用第6个燃料

天天加速-已成功使用0个燃料

天天加速-尝试使用第6个燃料

天天加速-已成功使用1个燃料

检查是否可领虫洞京豆奖励
暂无可领取的虫洞京豆奖励

【空间站】 JD-F8
【结束时间】 2021-02-06 09:22:50
【进度】 88.51%



🔔✈️天天加速, 结束! 🕛 2.36 秒

