
🔔✈️天天加速, 开始!
您的cookie选择的是用&隔开


====================共有2个京东账号Cookie=========

==================脚本执行- 北京时间(UTC+8)：2/9/2021, 6:38:52 AM=====================


开始【京东账号1】迷糊虫啊


天天加速任务进行中

天天加速进行中-结束时间: 
2021-02-10 00:07:36

天天加速-暂无太空特殊事件

天天加速-检查燃料-暂无可用燃料

天天加速-查询无燃料ID

检查是否可领虫洞京豆奖励
暂无可领取的虫洞京豆奖励

【空间站】 JD-F9
【结束时间】 2021-02-10 00:07:36
【进度】 27.17%



开始【京东账号2】孤傲的小小瞒


天天加速任务进行中

天天加速进行中-结束时间: 
2021-02-09 21:21:08

天天加速-暂无太空特殊事件

天天加速-检查燃料-暂无可用燃料

天天加速-查询无燃料ID

检查是否可领虫洞京豆奖励
暂无可领取的虫洞京豆奖励

【空间站】 JD-F15
【结束时间】 2021-02-09 21:21:08
【进度】 38.73%



🔔✈️天天加速, 结束! 🕛 2.005 秒

