
🔔点点券, 开始!
您的cookie选择的是用&隔开


====================共有2个京东账号Cookie=========

==================脚本执行- 北京时间(UTC+8)：2/4/2021, 8:23:59 PM=====================


开始【京东账号1】迷糊虫啊

点击“券后9.9”任务未完成

玩锦鲤红包奖励已领取
玩拼券活动奖励已领取
逛券后9.9活动奖励已领取
去玩炸年兽活动奖励已领取
去买省钱券包奖励已领取
逛京东超市奖励已领取
浏览东东农场奖励已领取
玩种豆得豆奖励已领取
签到领现金奖励已领取
限时抢0元VIP奖励已领取
签到成功，时间：2/4/2021, 8:24:00 PM

==============📣系统通知📣==============
点点券
京东账号1 迷糊虫啊
当前点点券：10660个
可兑换无门槛红包：10.66元
点击弹窗即可去兑换(注：此红包具有时效性)
您未提供server酱的SCKEY，取消微信推送消息通知

您未提供push+推送所需的PUSH_PLUS_TOKEN，取消push+推送消息通知

您未提供Bark的APP推送BARK_PUSH，取消Bark推送消息通知

您未提供telegram机器人推送所需的TG_BOT_TOKEN和TG_USER_ID，取消telegram推送消息通知

您未提供钉钉机器人推送所需的DD_BOT_TOKEN或者DD_BOT_SECRET，取消钉钉推送消息通知

您未提供企业微信机器人推送所需的QYWX_KEY，取消企业微信推送消息通知

您未提供企业微信应用消息推送所需的QYWX_AM，取消企业微信应用消息推送消息通知

您未提供iGot的推送IGOT_PUSH_KEY，取消iGot推送消息通知

您未提供酷推的SKEY，取消QQ推送消息通知


开始【京东账号2】孤傲的小小瞒

点击首页“领券”图标任务未完成

玩锦鲤红包奖励已领取
玩拼券活动奖励已领取
逛券后9.9活动奖励已领取
去玩炸年兽活动奖励已领取
去买省钱券包奖励已领取
逛京东超市奖励已领取
浏览东东农场奖励已领取
玩种豆得豆奖励已领取
签到领现金奖励已领取
限时抢0元VIP奖励已领取
签到成功，时间：2/4/2021, 8:24:01 PM

==============📣系统通知📣==============
点点券
京东账号2 孤傲的小小瞒
当前点点券：10545个
可兑换无门槛红包：10.545元
点击弹窗即可去兑换(注：此红包具有时效性)
您未提供server酱的SCKEY，取消微信推送消息通知

您未提供push+推送所需的PUSH_PLUS_TOKEN，取消push+推送消息通知

您未提供Bark的APP推送BARK_PUSH，取消Bark推送消息通知

您未提供telegram机器人推送所需的TG_BOT_TOKEN和TG_USER_ID，取消telegram推送消息通知

您未提供钉钉机器人推送所需的DD_BOT_TOKEN或者DD_BOT_SECRET，取消钉钉推送消息通知

您未提供企业微信机器人推送所需的QYWX_KEY，取消企业微信推送消息通知

您未提供企业微信应用消息推送所需的QYWX_AM，取消企业微信应用消息推送消息通知

您未提供iGot的推送IGOT_PUSH_KEY，取消iGot推送消息通知

您未提供酷推的SKEY，取消QQ推送消息通知


🔔点点券, 结束! 🕛 1.884 秒

