
🔔点点券, 开始!
您的cookie选择的是用&隔开


====================共有2个京东账号Cookie=========

==================脚本执行- 北京时间(UTC+8)：2/8/2021, 12:24:19 AM=====================


开始【京东账号1】迷糊虫啊

点击首页“领券”图标未完成
玩锦鲤红包未完成
玩拼券活动未完成
逛券后9.9活动未完成
去玩炸年兽活动未完成
去买省钱券包未完成
浏览东东农场未完成
玩种豆得豆未完成
签到领现金未完成
抢8元至30元大红包未完成
抢8元至30元大红包未完成
开始领取点点券

开始领取点点券

开始领取点点券

开始领取点点券

开始领取点点券

开始领取点点券

开始领取点点券

开始领取点点券

开始领取点点券

开始领取点点券

签到成功，时间：2/8/2021, 12:24:46 AM

开始【京东账号2】孤傲的小小瞒

点击首页“领券”图标未完成
玩锦鲤红包未完成
玩拼券活动未完成
逛券后9.9活动未完成
去玩炸年兽活动未完成
去买省钱券包未完成
浏览东东农场未完成
玩种豆得豆未完成
签到领现金未完成
抢8元至30元大红包未完成
抢8元至30元大红包未完成
开始领取点点券

开始领取点点券

开始领取点点券

开始领取点点券

开始领取点点券

开始领取点点券

开始领取点点券

开始领取点点券

开始领取点点券

开始领取点点券

签到成功，时间：2/8/2021, 12:25:14 AM

🔔点点券, 结束! 🕛 55.151 秒

