
🔔东东萌宠, 开始!
开始获取东东萌宠配置文件

您的cookie选择的是用&隔开


====================共有2个京东账号Cookie=========

==================脚本执行- 北京时间(UTC+8)：2/5/2021, 6:13:55 PM=====================

您的东东萌宠互助码选择的是用&隔开

共2个京东账号

您提供了0个账号的东东萌宠助力码


开始【京东账号1】迷糊虫啊

由于您第1个京东账号未提供shareCode,将采纳本脚本自带的助力码

随机取个20码放到您固定的互助码后面(不影响已有固定互助)
第1个京东账号将要助力的好友["MTAxODc2NTEzNTAwMDAwMDAwMjg3MDg2MA==","MTAxODc2NTEzMzAwMDAwMDAyNzUwMDA4MQ==","MTAxODc2NTEzMjAwMDAwMDAzMDI3MTMyOQ==","MTAxODc2NTEzNDAwMDAwMDAzMDI2MDI4MQ==","MTAxODcxOTI2NTAwMDAwMDAxOTQ3MjkzMw==","MTEzMzI0OTE0NTAwMDAwMDAzNzA3MTA5NQ==","MTE1NDQ5MzYwMDAwMDAwMzcyMTI3MjU=","MTAxODEyOTI4MDAwMDAwMDM5NzQyMzE3","MTE1NDQ5OTIwMDAwMDAwNDE5MDk5ODM=","MTEzMzI0OTE0NTAwMDAwMDA0MzExNTU4NQ==","MTAxODc2NTEzNDAwMDAwMDAzMTY1ODA3Nw==","MTAxODc2NTE0NzAwMDAwMDAyMDA2MDc2OQ==","MTE1NDQ5OTIwMDAwMDAwNDA0OTkxNzE=","MTAxODc2NTEzMTAwMDAwMDAwMDQ3NjM4OQ==","MTE1NDAxNzYwMDAwMDAwMzUwNjYyMzE=","MTAxODc2NTEzMzAwMDAwMDAyOTE3MzU1OQ==","MTAxODc2NTEzNDAwMDAwMDAyMjU0NTU0Mw==","MTE1NDUwMTI0MDAwMDAwMDQzNzc4Mjcz","MTAxODc2NTEzMDAwMDAwMDAwMDQwMTA2NQ==","MTAxODc2NTEzMzAwMDAwMDAzMzU0ODAzMw==","MTAxODc2NTEzNTAwMDAwMDAyNzc4MjYwNw==","MTEzMzI0OTE0NTAwMDAwMDA0Mzk1NDgyMQ==","MTAxODc2NTEzNDAwMDAwMDAyNTYwMDAzOQ==","MTE1NDQ5OTIwMDAwMDAwNDM5NzY1NTc=","MTE1NDUwMTI0MDAwMDAwMDQyMDc2MDM3"]

【京东账号1（迷糊虫啊）的东东萌宠好友互助码】MTE1NDUwMTI0MDAwMDAwMDQwMTQwMjEz

开始任务初始化
开始遛弯
第1次遛狗完成: {"code":"0","resultCode":"1013","message":"有未领取奖励"}
开始助力京东账号1 - 迷糊虫啊的好友: MTAxODc2NTEzNTAwMDAwMDAwMjg3MDg2MA==
该好友未来可期。已满5人助力，无需您再次助力
开始助力京东账号1 - 迷糊虫啊的好友: MTAxODc2NTEzMzAwMDAwMDAyNzUwMDA4MQ==
该好友如期而至。已满5人助力，无需您再次助力
开始助力京东账号1 - 迷糊虫啊的好友: MTAxODc2NTEzMjAwMDAwMDAzMDI3MTMyOQ==
该好友ㅤㅤ已满5人助力，无需您再次助力
开始助力京东账号1 - 迷糊虫啊的好友: MTAxODc2NTEzNDAwMDAwMDAzMDI2MDI4MQ==
该好友可爱的🐢 🐢已满5人助力，无需您再次助力
开始助力京东账号1 - 迷糊虫啊的好友: MTAxODcxOTI2NTAwMDAwMDAxOTQ3MjkzMw==
该好友borrring已满5人助力，无需您再次助力
开始助力京东账号1 - 迷糊虫啊的好友: MTEzMzI0OTE0NTAwMDAwMDAzNzA3MTA5NQ==
该好友米虫已满5人助力，无需您再次助力
开始助力京东账号1 - 迷糊虫啊的好友: MTE1NDQ5MzYwMDAwMDAwMzcyMTI3MjU=
该好友jd_MroDuJLXSoKm已满5人助力，无需您再次助力
开始助力京东账号1 - 迷糊虫啊的好友: MTAxODEyOTI4MDAwMDAwMDM5NzQyMzE3
该好友阿菜不剁手已满5人助力，无需您再次助力
开始助力京东账号1 - 迷糊虫啊的好友: MTE1NDQ5OTIwMDAwMDAwNDE5MDk5ODM=
该好友mist_leung已满5人助力，无需您再次助力
开始助力京东账号1 - 迷糊虫啊的好友: MTEzMzI0OTE0NTAwMDAwMDA0MzExNTU4NQ==
该好友自以为是公主的巫婆已满5人助力，无需您再次助力
开始助力京东账号1 - 迷糊虫啊的好友: MTAxODc2NTEzNDAwMDAwMDAzMTY1ODA3Nw==
该好友GeneTakavic已满5人助力，无需您再次助力
开始助力京东账号1 - 迷糊虫啊的好友: MTAxODc2NTE0NzAwMDAwMDAyMDA2MDc2OQ==
该好友荼荼已满5人助力，无需您再次助力
开始助力京东账号1 - 迷糊虫啊的好友: MTE1NDQ5OTIwMDAwMDAwNDA0OTkxNzE=
该好友乘风破浪会有时XU已满5人助力，无需您再次助力
开始助力京东账号1 - 迷糊虫啊的好友: MTAxODc2NTEzMTAwMDAwMDAwMDQ3NjM4OQ==
该好友MagiCClowN已满5人助力，无需您再次助力
开始助力京东账号1 - 迷糊虫啊的好友: MTE1NDAxNzYwMDAwMDAwMzUwNjYyMzE=
该好友jd_429ae7d7b1c03已满5人助力，无需您再次助力
开始助力京东账号1 - 迷糊虫啊的好友: MTAxODc2NTEzMzAwMDAwMDAyOTE3MzU1OQ==
该好友Thresh已满5人助力，无需您再次助力
开始助力京东账号1 - 迷糊虫啊的好友: MTAxODc2NTEzNDAwMDAwMDAyMjU0NTU0Mw==
该好友杜成亮已满5人助力，无需您再次助力
开始助力京东账号1 - 迷糊虫啊的好友: MTE1NDUwMTI0MDAwMDAwMDQzNzc4Mjcz
该好友找个像样的昵称很难已满5人助力，无需您再次助力
开始助力京东账号1 - 迷糊虫啊的好友: MTAxODc2NTEzMDAwMDAwMDAwMDQwMTA2NQ==
该好友李勇已满5人助力，无需您再次助力
开始助力京东账号1 - 迷糊虫啊的好友: MTAxODc2NTEzMzAwMDAwMDAzMzU0ODAzMw==
该好友立白立白立已满5人助力，无需您再次助力
开始助力京东账号1 - 迷糊虫啊的好友: MTAxODc2NTEzNTAwMDAwMDAyNzc4MjYwNw==
该好友jd_186086njj已满5人助力，无需您再次助力
开始助力京东账号1 - 迷糊虫啊的好友: MTEzMzI0OTE0NTAwMDAwMDA0Mzk1NDgyMQ==
该好友jd_QhxqrWDlPGVX已满5人助力，无需您再次助力
开始助力京东账号1 - 迷糊虫啊的好友: MTAxODc2NTEzNDAwMDAwMDAyNTYwMDAzOQ==
该好友聂钰晏已满5人助力，无需您再次助力
开始助力京东账号1 - 迷糊虫啊的好友: MTE1NDQ5OTIwMDAwMDAwNDM5NzY1NTc=
该好友小瓜🐱 猫居家纺（招代理）已满5人助力，无需您再次助力
开始助力京东账号1 - 迷糊虫啊的好友: MTE1NDUwMTI0MDAwMDAwMDQyMDc2MDM3
该好友zr已满5人助力，无需您再次助力
助力好友未达到5个
任务 signInit 已完成
任务 firstFeedInit 已完成
任务 browseSingleShopInit 已完成
任务 browseSingleShopInit1 已完成
任务 browseSingleShopInit2 已完成
任务 browseSingleShopInit3 已完成
任务 browseSingleShopInit4 已完成
准备三餐签到
三餐签到结果: {"code":"0","resultCode":"0","message":"success","result":{"couponImage":"","foodAmount":12,"threeMealReward":6}}
【定时领狗粮】获得6g

投食任务开始...
还需要投食4次
本次投食结果: {"code":"0","resultCode":"0","message":"success","result":{"petSportStatus":2,"feedAmount":10,"petPlaceInfoList":[{"place":1,"updateSign":true,"energy":6},{"place":2,"energy":0},{"place":3,"energy":0},{"place":4,"energy":0},{"place":5,"energy":0}],"updatePlace":1,"foodAmount":2,"firstFeedReward":0,"feedReachReward":0,"showNeedCollectPop":false,"energyReward":6,"firstFeedFinishedPop":false,"feedReachFinishedPop":false,"showForceCollectPop":false}}
还需要投食3次
本次投食结果: {"code":"0","resultCode":"3003","message":"狗粮剩余不足~"}
剩余狗粮不足, 投食结束
投食任务结束...

目前剩余狗粮：【2】g,不再继续投食,保留部分狗粮用于完成第二天任务
开始收取任务奖励好感度

【京东账号1】迷糊虫啊
【额外奖励】领取失败，原因：给您助力的人未达5个
【第4块勋章完成进度】7.7%，还需收集3458好感
【已获得勋章】3块，还需收集1块即可兑换奖品“10粒装 四川黄心猕猴桃”


全部任务完成, 如果帮助到您可以点下🌟STAR鼓励我一下, 明天见~

开始【京东账号2】孤傲的小小瞒

由于您第2个京东账号未提供shareCode,将采纳本脚本自带的助力码

第2个京东账号将要助力的好友["MTAxODc2NTEzMjAwMDAwMDAzMDI3MTMyOQ==","MTAxODcxOTI2NTAwMDAwMDAyNjA4ODQyMQ==","MTAxODc2NTEzOTAwMDAwMDAyNzE2MDY2NQ==","MTE1NDUyMjEwMDAwMDAwNDI0MDM2MDc=","MTAxODc2NTEzMjAwMDAwMDAwNDA5MzAzMw=="]

【京东账号2（孤傲的小小瞒）的东东萌宠好友互助码】MTAxODc2NTEzMjAwMDAwMDAyODMwNDAyMQ==

开始任务初始化
开始遛弯
第1次遛狗完成: {"code":"0","resultCode":"3001","message":"达到宠物运动次数上限"}
开始助力京东账号2 - 孤傲的小小瞒的好友: MTAxODc2NTEzMjAwMDAwMDAzMDI3MTMyOQ==
"Response code 520 (Origin Error)"
东东萌宠 API请求失败，请检查网路重试
该好友ㅤㅤ已满5人助力，无需您再次助力
开始助力京东账号2 - 孤傲的小小瞒的好友: MTAxODcxOTI2NTAwMDAwMDAyNjA4ODQyMQ==
该好友大腹便便已满5人助力，无需您再次助力
开始助力京东账号2 - 孤傲的小小瞒的好友: MTAxODc2NTEzOTAwMDAwMDAyNzE2MDY2NQ==
该好友W已满5人助力，无需您再次助力
开始助力京东账号2 - 孤傲的小小瞒的好友: MTE1NDUyMjEwMDAwMDAwNDI0MDM2MDc=
该好友柒仟万已满5人助力，无需您再次助力
开始助力京东账号2 - 孤傲的小小瞒的好友: MTAxODc2NTEzMjAwMDAwMDAwNDA5MzAzMw==
该好友Sliver Bullet已满5人助力，无需您再次助力
助力好友未达到5个
任务 signInit 已完成
任务 firstFeedInit 已完成
任务 feedReachInit 已完成
任务 browseSingleShopInit 已完成
任务 browseSingleShopInit1 已完成
任务 browseSingleShopInit2 已完成
任务 browseSingleShopInit3 已完成
任务 browseSingleShopInit4 已完成
准备三餐签到
三餐签到结果: {"code":"0","resultCode":"0","message":"success","result":{"couponImage":"","foodAmount":28,"threeMealReward":4}}
【定时领狗粮】获得4g

目前剩余狗粮：【28】g,不再继续投食,保留部分狗粮用于完成第二天任务
开始收取任务奖励好感度

【京东账号2】孤傲的小小瞒
【额外奖励】领取失败，原因：给您助力的人未达5个
【第4块勋章完成进度】16.8%，还需收集3118好感
【已获得勋章】3块，还需收集1块即可兑换奖品“10粒装 四川黄心猕猴桃”


全部任务完成, 如果帮助到您可以点下🌟STAR鼓励我一下, 明天见~

🔔东东萌宠, 结束! 🕛 156.419 秒

