
🔔东东萌宠, 开始!
开始获取东东萌宠配置文件

您的cookie选择的是用&隔开


====================共有2个京东账号Cookie=========

==================脚本执行- 北京时间(UTC+8)：2/7/2021, 7:14:58 AM=====================

您的东东萌宠互助码选择的是用&隔开

共2个京东账号

您提供了0个账号的东东萌宠助力码


开始【京东账号1】迷糊虫啊

由于您第1个京东账号未提供shareCode,将采纳本脚本自带的助力码

随机取个20码放到您固定的互助码后面(不影响已有固定互助)
第1个京东账号将要助力的好友["MTAxODc2NTEzNTAwMDAwMDAwMjg3MDg2MA==","MTAxODc2NTEzMzAwMDAwMDAyNzUwMDA4MQ==","MTAxODc2NTEzMjAwMDAwMDAzMDI3MTMyOQ==","MTAxODc2NTEzNDAwMDAwMDAzMDI2MDI4MQ==","MTAxODcxOTI2NTAwMDAwMDAxOTQ3MjkzMw==","MTE1NDQ5OTIwMDAwMDAwNDMyNzU4NzM=","MTAxODc2NTEzMzAwMDAwMDAzMDY5NzMxNQ==","MTE1NDQ5OTIwMDAwMDAwMzc3MTE2Mjc=","MTAxODc2NTEzMzAwMDAwMDAyNTEwMjU1Nw==","MTAxODc2NTEzNDAwMDAwMDAzMTMwODQ0Mw==","MTE1NDQ5MzYwMDAwMDAwNDA4OTM5NzM=","MTE1NDUwMTI0MDAwMDAwMDQyNDg2NjAz","MTE1NDUwMTI0MDAwMDAwMDQyODcxOTQ5","MTE1NDUwMTI0MDAwMDAwMDQzNDkyNzUz","MTAxODc2NTEzNDAwMDAwMDAyNjU0MzQ5Mw==","MTAxODc2NTEzNTAwMDAwMDAzMDc5OTU2Nw==","MTE1NDUwMTI0MDAwMDAwMDQzMzAxMDcx","MTE1NDQ5OTUwMDAwMDAwNDM1OTAyNzU=","MTAxODc2NTEzMTAwMDAwMDAwMDI5NDQ0NQ==","MTAxODc2NTEzNTAwMDAwMDAzMTY1MzkwMQ==","MTAxODc2NTEzMjAwMDAwMDAwNDA5MzAzMw==","MTAxODc2NTEzMDAwMDAwMDAyNzE2NTgyNQ==","MTAxODc2NTEzMzAwMDAwMDAzMTE4ODI1Mw==","MTE1NDQ5MzYwMDAwMDAwNDMzODc1MjE=","MTE1NDUyMjEwMDAwMDAwMzg2MjcxNDE="]

【京东账号1（迷糊虫啊）的东东萌宠好友互助码】MTE1NDUwMTI0MDAwMDAwMDQwMTQwMjEz

开始任务初始化
开始遛弯
第1次遛狗完成: {"code":"0","resultCode":"1013","message":"有未领取奖励"}
开始助力京东账号1 - 迷糊虫啊的好友: MTAxODc2NTEzNTAwMDAwMDAwMjg3MDg2MA==
该好友未来可期。已满5人助力，无需您再次助力
开始助力京东账号1 - 迷糊虫啊的好友: MTAxODc2NTEzMzAwMDAwMDAyNzUwMDA4MQ==
该好友如期而至。已满5人助力，无需您再次助力
开始助力京东账号1 - 迷糊虫啊的好友: MTAxODc2NTEzMjAwMDAwMDAzMDI3MTMyOQ==
该好友ㅤㅤ已满5人助力，无需您再次助力
开始助力京东账号1 - 迷糊虫啊的好友: MTAxODc2NTEzNDAwMDAwMDAzMDI2MDI4MQ==
该好友可爱的🐢 🐢已满5人助力，无需您再次助力
开始助力京东账号1 - 迷糊虫啊的好友: MTAxODcxOTI2NTAwMDAwMDAxOTQ3MjkzMw==
该好友borrring已满5人助力，无需您再次助力
开始助力京东账号1 - 迷糊虫啊的好友: MTE1NDQ5OTIwMDAwMDAwNDMyNzU4NzM=
已给好友: 【萌马三文鱼】助力成功
开始助力京东账号1 - 迷糊虫啊的好友: MTAxODc2NTEzMzAwMDAwMDAzMDY5NzMxNQ==
该好友宁波快乐已满5人助力，无需您再次助力
开始助力京东账号1 - 迷糊虫啊的好友: MTE1NDQ5OTIwMDAwMDAwMzc3MTE2Mjc=
该好友阿芬已满5人助力，无需您再次助力
开始助力京东账号1 - 迷糊虫啊的好友: MTAxODc2NTEzMzAwMDAwMDAyNTEwMjU1Nw==
已给好友: 【买买提Oo】助力成功
开始助力京东账号1 - 迷糊虫啊的好友: MTAxODc2NTEzNDAwMDAwMDAzMTMwODQ0Mw==
该好友一-亮-一已满5人助力，无需您再次助力
开始助力京东账号1 - 迷糊虫啊的好友: MTE1NDQ5MzYwMDAwMDAwNDA4OTM5NzM=
已给好友: 【jd_6632785e3eee8】助力成功
开始助力京东账号1 - 迷糊虫啊的好友: MTE1NDUwMTI0MDAwMDAwMDQyNDg2NjAz
该好友阿拉贡的爷爷已满5人助力，无需您再次助力
开始助力京东账号1 - 迷糊虫啊的好友: MTE1NDUwMTI0MDAwMDAwMDQyODcxOTQ5
该好友门前大桥下走过一只猪已满5人助力，无需您再次助力
开始助力京东账号1 - 迷糊虫啊的好友: MTE1NDUwMTI0MDAwMDAwMDQzNDkyNzUz
已给好友: 【叫我干啥啊啊啊啊啊啊】助力成功
开始助力京东账号1 - 迷糊虫啊的好友: MTAxODc2NTEzNDAwMDAwMDAyNjU0MzQ5Mw==
已给好友: 【🎶 凉笙🎶 】助力成功
开始助力京东账号1 - 迷糊虫啊的好友: MTAxODc2NTEzNTAwMDAwMDAzMDc5OTU2Nw==
该好友柱已满5人助力，无需您再次助力
开始助力京东账号1 - 迷糊虫啊的好友: MTE1NDUwMTI0MDAwMDAwMDQzMzAxMDcx
该好友风停雨2已满5人助力，无需您再次助力
开始助力京东账号1 - 迷糊虫啊的好友: MTE1NDQ5OTUwMDAwMDAwNDM1OTAyNzU=
助力好友Mr-dai戴失败，您今日已无助力机会
助力好友未达到5个
准备每日签到
每日签到结果: {"code":"0","resultCode":"0","message":"success","result":{"couponImage":"","signReward":15,"foodAmount":17,"signDay":4}}
【每日签到成功】奖励15g狗粮

首次投食任务合并到10次喂食任务中

准备三餐签到
三餐签到结果: {"code":"0","resultCode":"0","message":"success","result":{"couponImage":"","foodAmount":25,"threeMealReward":8}}
【定时领狗粮】获得8g

开始做 去逛逛好货会场 任务， 奖励5g狗粮，每天1次
【浏览指定店铺】获取5g

开始做 领点点券兑0元 任务， 奖励5g狗粮，每天1次
【浏览指定店铺】获取5g

开始做 领100元压岁钱 任务， 奖励5g狗粮，每天1次
【浏览指定店铺】获取5g

投食任务开始...
还需要投食10次
本次投食结果: {"code":"0","resultCode":"0","message":"success","result":{"petSportStatus":2,"feedAmount":10,"petPlaceInfoList":[{"place":1,"updateSign":true,"energy":4},{"place":2,"energy":0},{"place":3,"energy":0},{"place":4,"energy":0},{"place":5,"energy":0}],"updatePlace":1,"foodAmount":38,"firstFeedReward":8,"feedReachReward":0,"showNeedCollectPop":false,"energyReward":4,"firstFeedFinishedPop":true,"feedReachFinishedPop":false,"showForceCollectPop":false}}
还需要投食9次
本次投食结果: {"code":"0","resultCode":"0","message":"success","result":{"petSportStatus":2,"feedAmount":10,"petPlaceInfoList":[{"place":1,"energy":4},{"place":2,"updateSign":true,"energy":8},{"place":3,"energy":0},{"place":4,"energy":0},{"place":5,"energy":0}],"updatePlace":2,"foodAmount":28,"firstFeedReward":0,"feedReachReward":0,"showNeedCollectPop":false,"energyReward":8,"firstFeedFinishedPop":false,"feedReachFinishedPop":false,"showForceCollectPop":false}}
还需要投食8次
本次投食结果: {"code":"0","resultCode":"0","message":"success","result":{"petSportStatus":2,"feedAmount":10,"petPlaceInfoList":[{"place":1,"energy":4},{"place":2,"energy":8},{"place":3,"updateSign":true,"energy":5},{"place":4,"energy":0},{"place":5,"energy":0}],"updatePlace":3,"foodAmount":18,"firstFeedReward":0,"feedReachReward":0,"showNeedCollectPop":false,"energyReward":5,"firstFeedFinishedPop":false,"feedReachFinishedPop":false,"showForceCollectPop":false}}
还需要投食7次
本次投食结果: {"code":"0","resultCode":"0","message":"success","result":{"petSportStatus":2,"feedAmount":10,"petPlaceInfoList":[{"place":1,"energy":4},{"place":2,"energy":8},{"place":3,"energy":5},{"place":4,"updateSign":true,"energy":4},{"place":5,"energy":0}],"updatePlace":4,"foodAmount":8,"firstFeedReward":0,"feedReachReward":0,"showNeedCollectPop":false,"energyReward":4,"firstFeedFinishedPop":false,"feedReachFinishedPop":false,"showForceCollectPop":false}}
还需要投食6次
本次投食结果: {"code":"0","resultCode":"3003","message":"狗粮剩余不足~"}
剩余狗粮不足, 投食结束
投食任务结束...

目前剩余狗粮：【8】g,不再继续投食,保留部分狗粮用于完成第二天任务
开始收取任务奖励好感度

【京东账号1】迷糊虫啊
【您助力的好友】萌马三文鱼，买买提Oo，jd_6632785e3eee8，叫我干啥啊啊啊啊啊啊，🎶 凉笙🎶 
【额外奖励】领取失败，原因：给您助力的人未达5个
【第4块勋章完成进度】9.3%，还需收集3399好感
【已获得勋章】3块，还需收集1块即可兑换奖品“10粒装 四川黄心猕猴桃”


全部任务完成, 如果帮助到您可以点下🌟STAR鼓励我一下, 明天见~

开始【京东账号2】孤傲的小小瞒

由于您第2个京东账号未提供shareCode,将采纳本脚本自带的助力码

随机取个20码放到您固定的互助码后面(不影响已有固定互助)
第2个京东账号将要助力的好友["MTAxODc2NTEzMjAwMDAwMDAzMDI3MTMyOQ==","MTAxODcxOTI2NTAwMDAwMDAyNjA4ODQyMQ==","MTAxODc2NTEzOTAwMDAwMDAyNzE2MDY2NQ==","MTE1NDUyMjEwMDAwMDAwNDI0MDM2MDc=","MTAxODc2NTEzMjAwMDAwMDAwNDA5MzAzMw==","MTEzMzI0OTE0NTAwMDAwMDA0MjA3NjU3OQ==","MTAxODc2NTEzOTAwMDAwMDAxMDQ1OTk4MQ==","MTAxODc2NTEzMjAwMDAwMDAxOTIwNTk0MQ==","MTE1NDUyMjEwMDAwMDAwMzk1MTM1MzE=","MTE1NDAxNzYwMDAwMDAwNDE2NDIyNTc=","MTAxODc2NTEzNDAwMDAwMDAxMzE2NTkyMQ==","MTE1NDAxNzYwMDAwMDAwMzYyMTk1ODU=","MTEzMzI0OTE0NTAwMDAwMDA0MzA3NjQ0NQ==","MTAxODc2NTEzNTAwMDAwMDAyNzQxODAxOQ==","MTE1NDQ5OTUwMDAwMDAwNDM0Mjg2NTU=","MTE1NDQ5OTIwMDAwMDAwNDMwNjA2NjE=","MTE1NDUwMTI0MDAwMDAwMDM1NTU1OTk1","MTE1NDQ5OTIwMDAwMDAwMzY0MzYzMzk=","MTE1NDQ5OTIwMDAwMDAwMzkwMDM1Mjc=","MTE1NDQ5MzYwMDAwMDAwMzQ4MTA1Mzk=","MTE1NDAxNzgwMDAwMDAwNDE5OTQ2NzE=","MTAxODc2NTEzMDAwMDAwMDAwOTE3OTYwMQ==","MTE1NDAxNzcwMDAwMDAwMzk2MDc5OTE=","MTAxODcxOTI2NTAwMDAwMDAwNjYyNzU2NQ==","MTE1NDQ5MzYwMDAwMDAwMzk3NDEzNDM="]

【京东账号2（孤傲的小小瞒）的东东萌宠好友互助码】MTAxODc2NTEzMjAwMDAwMDAyODMwNDAyMQ==

开始任务初始化
开始遛弯
第1次遛狗完成: {"code":"0","resultCode":"0","message":"success","result":{"petSportStatus":2,"rewardName":"10g狗粮","foodReward":10,"rewardImage":"https://m.360buyimg.com/babel/jfs/t1/93013/7/15949/8468/5e7db3e6E7736d837/2e3a5bda881dce0b.png","energyReward":0}}
领取遛狗奖励完成: {"code":"0","resultCode":"0","message":"success","result":{"petSportStatus":3,"foodAmount":18}}
第2次遛狗完成: {"code":"0","resultCode":"0","message":"success","result":{"petSportStatus":2,"rewardName":"10g狗粮","foodReward":10,"rewardImage":"https://m.360buyimg.com/babel/jfs/t1/93013/7/15949/8468/5e7db3e6E7736d837/2e3a5bda881dce0b.png","energyReward":0}}
领取遛狗奖励完成: {"code":"0","resultCode":"0","message":"success","result":{"petSportStatus":3,"foodAmount":28}}
第3次遛狗完成: {"code":"0","resultCode":"0","message":"success","result":{"petSportStatus":2,"rewardName":"一只小熊","foodReward":0,"rewardImage":"https://m.360buyimg.com/babel/jfs/t1/118114/32/68/20561/5e86e020E4459ccd0/05df645f93ac4f9d.png","energyReward":0}}
领取遛狗奖励完成: {"code":"0","resultCode":"0","message":"success","result":{"petSportStatus":3,"foodAmount":28}}
第4次遛狗完成: {"code":"0","resultCode":"0","message":"success","result":{"petSportStatus":2,"rewardName":"一支向日葵","foodReward":0,"rewardImage":"https://m.360buyimg.com/babel/jfs/t1/93222/15/17406/20266/5e86df9fE990a8436/75973ad3c8c154b0.png","energyReward":0}}
领取遛狗奖励完成: {"code":"0","resultCode":"0","message":"success","result":{"petSportStatus":3,"foodAmount":28}}
第5次遛狗完成: {"code":"0","resultCode":"0","message":"success","result":{"petSportStatus":2,"rewardName":"一坨奇怪的东西","foodReward":0,"rewardImage":"https://m.360buyimg.com/babel/jfs/t1/103590/22/16630/14548/5e7db3feE5a57385e/9253e7b39c2d7a0d.png","energyReward":0}}
领取遛狗奖励完成: {"code":"0","resultCode":"0","message":"success","result":{"petSportStatus":3,"foodAmount":28}}
第6次遛狗完成: {"code":"0","resultCode":"0","message":"success","result":{"petSportStatus":2,"rewardName":"一只被遗忘的球","foodReward":0,"rewardImage":"https://m.360buyimg.com/babel/jfs/t1/113654/22/86/12226/5e86dfd0E5fee8100/d2d637b67e3aba6c.png","energyReward":0}}
领取遛狗奖励完成: {"code":"0","resultCode":"0","message":"success","result":{"petSportStatus":3,"foodAmount":28}}
第7次遛狗完成: {"code":"0","resultCode":"0","message":"success","result":{"petSportStatus":2,"rewardName":"一个有味道的东西","foodReward":0,"rewardImage":"https://m.360buyimg.com/babel/jfs/t1/111138/29/83/16957/5e86dffcE36c35d62/447f461cef5acaa9.png","energyReward":0}}
领取遛狗奖励完成: {"code":"0","resultCode":"0","message":"success","result":{"petSportStatus":3,"foodAmount":28}}
第8次遛狗完成: {"code":"0","resultCode":"0","message":"success","result":{"petSportStatus":2,"rewardName":"一双可爱拖鞋","foodReward":0,"rewardImage":"https://m.360buyimg.com/babel/jfs/t1/110796/9/2715/20773/5e86dfe7E65833d91/fe3a24dc594591c0.png","energyReward":0}}
领取遛狗奖励完成: {"code":"0","resultCode":"0","message":"success","result":{"petSportStatus":3,"foodAmount":28}}
第9次遛狗完成: {"code":"0","resultCode":"0","message":"success","result":{"petSportStatus":2,"rewardName":"一只小熊","foodReward":0,"rewardImage":"https://m.360buyimg.com/babel/jfs/t1/118114/32/68/20561/5e86e020E4459ccd0/05df645f93ac4f9d.png","energyReward":0}}
领取遛狗奖励完成: {"code":"0","resultCode":"0","message":"success","result":{"petSportStatus":3,"foodAmount":28}}
第10次遛狗完成: {"code":"0","resultCode":"0","message":"success","result":{"petSportStatus":2,"rewardName":"两块骨头","foodReward":0,"rewardImage":"https://m.360buyimg.com/babel/jfs/t1/92236/37/16497/15518/5e7db3f6E15c243f9/56fb583bdb0280c9.png","energyReward":0}}
领取遛狗奖励完成: {"code":"0","resultCode":"0","message":"success","result":{"petSportStatus":3,"foodAmount":28}}
第11次遛狗完成: {"code":"0","resultCode":"3001","message":"达到宠物运动次数上限"}
开始助力京东账号2 - 孤傲的小小瞒的好友: MTAxODc2NTEzMjAwMDAwMDAzMDI3MTMyOQ==
该好友ㅤㅤ已满5人助力，无需您再次助力
开始助力京东账号2 - 孤傲的小小瞒的好友: MTAxODcxOTI2NTAwMDAwMDAyNjA4ODQyMQ==
该好友大腹便便已满5人助力，无需您再次助力
开始助力京东账号2 - 孤傲的小小瞒的好友: MTAxODc2NTEzOTAwMDAwMDAyNzE2MDY2NQ==
该好友W已满5人助力，无需您再次助力
开始助力京东账号2 - 孤傲的小小瞒的好友: MTE1NDUyMjEwMDAwMDAwNDI0MDM2MDc=
该好友柒仟万已满5人助力，无需您再次助力
开始助力京东账号2 - 孤傲的小小瞒的好友: MTAxODc2NTEzMjAwMDAwMDAwNDA5MzAzMw==
该好友Sliver Bullet已满5人助力，无需您再次助力
开始助力京东账号2 - 孤傲的小小瞒的好友: MTEzMzI0OTE0NTAwMDAwMDA0MjA3NjU3OQ==
该好友Waxgourd已满5人助力，无需您再次助力
开始助力京东账号2 - 孤傲的小小瞒的好友: MTAxODc2NTEzOTAwMDAwMDAxMDQ1OTk4MQ==
该好友王顺平已满5人助力，无需您再次助力
开始助力京东账号2 - 孤傲的小小瞒的好友: MTAxODc2NTEzMjAwMDAwMDAxOTIwNTk0MQ==
该好友JK已满5人助力，无需您再次助力
开始助力京东账号2 - 孤傲的小小瞒的好友: MTE1NDUyMjEwMDAwMDAwMzk1MTM1MzE=
该好友京东用户已满5人助力，无需您再次助力
开始助力京东账号2 - 孤傲的小小瞒的好友: MTE1NDAxNzYwMDAwMDAwNDE2NDIyNTc=
已给好友: 【杜兵兵】助力成功
开始助力京东账号2 - 孤傲的小小瞒的好友: MTAxODc2NTEzNDAwMDAwMDAxMzE2NTkyMQ==
该好友李飞已满5人助力，无需您再次助力
开始助力京东账号2 - 孤傲的小小瞒的好友: MTE1NDAxNzYwMDAwMDAwMzYyMTk1ODU=
该好友JD_156阿已满5人助力，无需您再次助力
开始助力京东账号2 - 孤傲的小小瞒的好友: MTEzMzI0OTE0NTAwMDAwMDA0MzA3NjQ0NQ==
该好友挽歌远去已满5人助力，无需您再次助力
开始助力京东账号2 - 孤傲的小小瞒的好友: MTAxODc2NTEzNTAwMDAwMDAyNzQxODAxOQ==
该好友🛹已满5人助力，无需您再次助力
开始助力京东账号2 - 孤傲的小小瞒的好友: MTE1NDQ5OTUwMDAwMDAwNDM0Mjg2NTU=
该好友东哥是大兄弟已满5人助力，无需您再次助力
开始助力京东账号2 - 孤傲的小小瞒的好友: MTE1NDQ5OTIwMDAwMDAwNDMwNjA2NjE=
该好友33已满5人助力，无需您再次助力
开始助力京东账号2 - 孤傲的小小瞒的好友: MTE1NDUwMTI0MDAwMDAwMDM1NTU1OTk1
该好友忘忧草_车已满5人助力，无需您再次助力
开始助力京东账号2 - 孤傲的小小瞒的好友: MTE1NDQ5OTIwMDAwMDAwMzY0MzYzMzk=
该好友Viko已满5人助力，无需您再次助力
开始助力京东账号2 - 孤傲的小小瞒的好友: MTE1NDQ5OTIwMDAwMDAwMzkwMDM1Mjc=
该好友🙂🙃🙄已满5人助力，无需您再次助力
开始助力京东账号2 - 孤傲的小小瞒的好友: MTE1NDQ5MzYwMDAwMDAwMzQ4MTA1Mzk=
该好友hiboniu已满5人助力，无需您再次助力
开始助力京东账号2 - 孤傲的小小瞒的好友: MTE1NDAxNzgwMDAwMDAwNDE5OTQ2NzE=
该好友美腻O_o已满5人助力，无需您再次助力
开始助力京东账号2 - 孤傲的小小瞒的好友: MTAxODc2NTEzMDAwMDAwMDAwOTE3OTYwMQ==
该好友厉锦福已满5人助力，无需您再次助力
开始助力京东账号2 - 孤傲的小小瞒的好友: MTE1NDAxNzcwMDAwMDAwMzk2MDc5OTE=
该好友JD-520-已满5人助力，无需您再次助力
开始助力京东账号2 - 孤傲的小小瞒的好友: MTAxODcxOTI2NTAwMDAwMDAwNjYyNzU2NQ==
该好友村民缘起已满5人助力，无需您再次助力
开始助力京东账号2 - 孤傲的小小瞒的好友: MTE1NDQ5MzYwMDAwMDAwMzk3NDEzNDM=
该好友jackdave3158已满5人助力，无需您再次助力
助力好友未达到5个
准备每日签到
每日签到结果: {"code":"0","resultCode":"0","message":"success","result":{"couponImage":"","signReward":10,"foodAmount":38,"signDay":2}}
【每日签到成功】奖励10g狗粮

首次投食任务合并到10次喂食任务中

准备三餐签到
三餐签到结果: {"code":"0","resultCode":"0","message":"success","result":{"couponImage":"","foodAmount":42,"threeMealReward":4}}
【定时领狗粮】获得4g

开始做 去逛逛好货会场 任务， 奖励5g狗粮，每天1次
【浏览指定店铺】获取5g

开始做 领点点券兑0元 任务， 奖励5g狗粮，每天1次
【浏览指定店铺】获取5g

开始做 领100元压岁钱 任务， 奖励5g狗粮，每天1次
【浏览指定店铺】获取5g

投食任务开始...
还需要投食10次
本次投食结果: {"code":"0","resultCode":"0","message":"success","result":{"petSportStatus":3,"feedAmount":10,"petPlaceInfoList":[{"place":1,"updateSign":true,"energy":5},{"place":2,"energy":0},{"place":3,"energy":0},{"place":4,"energy":0},{"place":5,"energy":0}],"updatePlace":1,"foodAmount":55,"firstFeedReward":8,"feedReachReward":0,"showNeedCollectPop":false,"energyReward":5,"firstFeedFinishedPop":true,"feedReachFinishedPop":false,"showForceCollectPop":false}}
还需要投食9次
本次投食结果: {"code":"0","resultCode":"0","message":"success","result":{"petSportStatus":3,"feedAmount":10,"petPlaceInfoList":[{"place":1,"energy":5},{"place":2,"updateSign":true,"energy":7},{"place":3,"energy":0},{"place":4,"energy":0},{"place":5,"energy":0}],"updatePlace":2,"foodAmount":45,"firstFeedReward":0,"feedReachReward":0,"showNeedCollectPop":false,"energyReward":7,"firstFeedFinishedPop":false,"feedReachFinishedPop":false,"showForceCollectPop":false}}
还需要投食8次
本次投食结果: {"code":"0","resultCode":"0","message":"success","result":{"petSportStatus":3,"feedAmount":10,"petPlaceInfoList":[{"place":1,"energy":5},{"place":2,"energy":7},{"place":3,"updateSign":true,"energy":7},{"place":4,"energy":0},{"place":5,"energy":0}],"updatePlace":3,"foodAmount":35,"firstFeedReward":0,"feedReachReward":0,"showNeedCollectPop":false,"energyReward":7,"firstFeedFinishedPop":false,"feedReachFinishedPop":false,"showForceCollectPop":false}}
还需要投食7次
本次投食结果: {"code":"0","resultCode":"0","message":"success","result":{"petSportStatus":3,"feedAmount":10,"petPlaceInfoList":[{"place":1,"energy":5},{"place":2,"energy":7},{"place":3,"energy":7},{"place":4,"updateSign":true,"energy":7},{"place":5,"energy":0}],"updatePlace":4,"foodAmount":25,"firstFeedReward":0,"feedReachReward":0,"showNeedCollectPop":false,"energyReward":7,"firstFeedFinishedPop":false,"feedReachFinishedPop":false,"showForceCollectPop":false}}
还需要投食6次
本次投食结果: {"code":"0","resultCode":"0","message":"success","result":{"petSportStatus":3,"feedAmount":10,"petPlaceInfoList":[{"place":1,"energy":5},{"place":2,"energy":7},{"place":3,"energy":7},{"place":4,"energy":7},{"place":5,"updateSign":true,"energy":6}],"updatePlace":5,"foodAmount":15,"firstFeedReward":0,"feedReachReward":0,"showNeedCollectPop":false,"energyReward":6,"firstFeedFinishedPop":false,"feedReachFinishedPop":false,"showForceCollectPop":false}}
还需要投食5次
本次投食结果: {"code":"0","resultCode":"0","message":"success","result":{"petSportStatus":3,"feedAmount":10,"petPlaceInfoList":[{"place":1,"updateSign":true,"energy":9},{"place":2,"energy":7},{"place":3,"energy":7},{"place":4,"energy":7},{"place":5,"energy":6}],"updatePlace":1,"foodAmount":5,"firstFeedReward":0,"feedReachReward":0,"showNeedCollectPop":false,"energyReward":4,"firstFeedFinishedPop":false,"feedReachFinishedPop":false,"showForceCollectPop":false}}
还需要投食4次
本次投食结果: {"code":"0","resultCode":"3003","message":"狗粮剩余不足~"}
剩余狗粮不足, 投食结束
投食任务结束...

目前剩余狗粮：【5】g,不再继续投食,保留部分狗粮用于完成第二天任务
开始收取任务奖励好感度

【京东账号2】孤傲的小小瞒
【您助力的好友】杜兵兵
【额外奖励】领取失败，原因：给您助力的人未达5个
【第4块勋章完成进度】19.3%，还需收集3026好感
【已获得勋章】3块，还需收集1块即可兑换奖品“10粒装 四川黄心猕猴桃”


全部任务完成, 如果帮助到您可以点下🌟STAR鼓励我一下, 明天见~

🔔东东萌宠, 结束! 🕛 326.664 秒

