
🔔东东萌宠, 开始!
开始获取东东萌宠配置文件

您的cookie选择的是用&隔开


====================共有2个京东账号Cookie=========

==================脚本执行- 北京时间(UTC+8)：2/6/2021, 6:12:12 PM=====================

您的东东萌宠互助码选择的是用&隔开

共2个京东账号

您提供了0个账号的东东萌宠助力码


开始【京东账号1】迷糊虫啊

由于您第1个京东账号未提供shareCode,将采纳本脚本自带的助力码

随机取个20码放到您固定的互助码后面(不影响已有固定互助)
第1个京东账号将要助力的好友["MTAxODc2NTEzNTAwMDAwMDAwMjg3MDg2MA==","MTAxODc2NTEzMzAwMDAwMDAyNzUwMDA4MQ==","MTAxODc2NTEzMjAwMDAwMDAzMDI3MTMyOQ==","MTAxODc2NTEzNDAwMDAwMDAzMDI2MDI4MQ==","MTAxODcxOTI2NTAwMDAwMDAxOTQ3MjkzMw==","MTAxODc2NTEzMzAwMDAwMDAzMzU0ODAzMw==","MTAxODc2NTEzNDAwMDAwMDAwOTM3MjM4NQ==","MTE1NDUyMjEwMDAwMDAwNDM0NTcyMzM=","MTE1NDUwMTI0MDAwMDAwMDQzNzUyMDY1","MTE1NDAxNzgwMDAwMDAwNDM4OTIyMDE=","MTAxODExNDYxMTAwMDAwMDAwNDAxMTk1NDM=","MTE1NDQ5OTUwMDAwMDAwMzcxMTY5MDk=","MTAxODc2NTEzNDAwMDAwMDAxOTk2NTM3NQ==","MTAxODEyMjkxMDAwMDAwMDM5NTkyNjcx","MTE1NDQ5OTUwMDAwMDAwMzQwNjY1MjE=","MTE1NDQ5OTIwMDAwMDAwNDI1Nzg4Njk=","MTE1NDUwMTI0MDAwMDAwMDQxOTIwNTMz","MTE1NDUwMTI0MDAwMDAwMDM2NjkwMjM1","MTEzMzI0OTE0NTAwMDAwMDA0MjUwNTQ5Mw==","MTE1NDAxNzYwMDAwMDAwMzQ4NzY0NDU=","7b72c42a6bdb4d52addb1d8be2f21e3d","MTAxODc2NTEzMDAwMDAwMDAyMDExNTQxMQ==","MTAxODc2NTE0NzAwMDAwMDAyOTQ3MTgzMw==","MTAxODcxOTI2NTAwMDAwMDAxMTAzMDg3Nw==","MTEzMzI0OTE0NTAwMDAwMDA0MjgyMzU2Mw=="]

【京东账号1（迷糊虫啊）的东东萌宠好友互助码】MTE1NDUwMTI0MDAwMDAwMDQwMTQwMjEz

开始任务初始化
开始遛弯
第1次遛狗完成: {"code":"0","resultCode":"1013","message":"有未领取奖励"}
开始助力京东账号1 - 迷糊虫啊的好友: MTAxODc2NTEzNTAwMDAwMDAwMjg3MDg2MA==
该好友未来可期。已满5人助力，无需您再次助力
开始助力京东账号1 - 迷糊虫啊的好友: MTAxODc2NTEzMzAwMDAwMDAyNzUwMDA4MQ==
该好友如期而至。已满5人助力，无需您再次助力
开始助力京东账号1 - 迷糊虫啊的好友: MTAxODc2NTEzMjAwMDAwMDAzMDI3MTMyOQ==
该好友ㅤㅤ已满5人助力，无需您再次助力
开始助力京东账号1 - 迷糊虫啊的好友: MTAxODc2NTEzNDAwMDAwMDAzMDI2MDI4MQ==
该好友可爱的🐢 🐢已满5人助力，无需您再次助力
开始助力京东账号1 - 迷糊虫啊的好友: MTAxODcxOTI2NTAwMDAwMDAxOTQ3MjkzMw==
该好友borrring已满5人助力，无需您再次助力
开始助力京东账号1 - 迷糊虫啊的好友: MTAxODc2NTEzMzAwMDAwMDAzMzU0ODAzMw==
该好友立白立白立已满5人助力，无需您再次助力
开始助力京东账号1 - 迷糊虫啊的好友: MTAxODc2NTEzNDAwMDAwMDAwOTM3MjM4NQ==
该好友hao已满5人助力，无需您再次助力
开始助力京东账号1 - 迷糊虫啊的好友: MTE1NDUyMjEwMDAwMDAwNDM0NTcyMzM=
该好友飞儿叶羽已满5人助力，无需您再次助力
开始助力京东账号1 - 迷糊虫啊的好友: MTE1NDUwMTI0MDAwMDAwMDQzNzUyMDY1
该好友京东用户已满5人助力，无需您再次助力
开始助力京东账号1 - 迷糊虫啊的好友: MTE1NDAxNzgwMDAwMDAwNDM4OTIyMDE=
该好友jd_xvqedzSOOXJT已满5人助力，无需您再次助力
开始助力京东账号1 - 迷糊虫啊的好友: MTAxODExNDYxMTAwMDAwMDAwNDAxMTk1NDM=
该好友w.dy已满5人助力，无需您再次助力
开始助力京东账号1 - 迷糊虫啊的好友: MTE1NDQ5OTUwMDAwMDAwMzcxMTY5MDk=
该好友堕落天使UZI已满5人助力，无需您再次助力
开始助力京东账号1 - 迷糊虫啊的好友: MTAxODc2NTEzNDAwMDAwMDAxOTk2NTM3NQ==
该好友Jankin Su已满5人助力，无需您再次助力
开始助力京东账号1 - 迷糊虫啊的好友: MTAxODEyMjkxMDAwMDAwMDM5NTkyNjcx
该好友jd_PK3534已满5人助力，无需您再次助力
开始助力京东账号1 - 迷糊虫啊的好友: MTE1NDQ5OTUwMDAwMDAwMzQwNjY1MjE=
该好友ToNg👻已满5人助力，无需您再次助力
开始助力京东账号1 - 迷糊虫啊的好友: MTE1NDQ5OTIwMDAwMDAwNDI1Nzg4Njk=
该好友苍白了感慨22已满5人助力，无需您再次助力
开始助力京东账号1 - 迷糊虫啊的好友: MTE1NDUwMTI0MDAwMDAwMDQxOTIwNTMz
该好友喜喜月子宋硕18001129701已满5人助力，无需您再次助力
开始助力京东账号1 - 迷糊虫啊的好友: MTE1NDUwMTI0MDAwMDAwMDM2NjkwMjM1
该好友Guogh_jd已满5人助力，无需您再次助力
开始助力京东账号1 - 迷糊虫啊的好友: MTEzMzI0OTE0NTAwMDAwMDA0MjUwNTQ5Mw==
该好友慈已满5人助力，无需您再次助力
开始助力京东账号1 - 迷糊虫啊的好友: MTE1NDAxNzYwMDAwMDAwMzQ4NzY0NDU=
该好友123已满5人助力，无需您再次助力
开始助力京东账号1 - 迷糊虫啊的好友: 7b72c42a6bdb4d52addb1d8be2f21e3d
助力好友结果: 错误助力码
开始助力京东账号1 - 迷糊虫啊的好友: MTAxODc2NTEzMDAwMDAwMDAyMDExNTQxMQ==
该好友unreal已满5人助力，无需您再次助力
开始助力京东账号1 - 迷糊虫啊的好友: MTAxODc2NTE0NzAwMDAwMDAyOTQ3MTgzMw==
该好友京东用户已满5人助力，无需您再次助力
开始助力京东账号1 - 迷糊虫啊的好友: MTAxODcxOTI2NTAwMDAwMDAxMTAzMDg3Nw==
该好友北已满5人助力，无需您再次助力
开始助力京东账号1 - 迷糊虫啊的好友: MTEzMzI0OTE0NTAwMDAwMDA0MjgyMzU2Mw==
该好友ruojiruoliliu已满5人助力，无需您再次助力
助力好友未达到5个
任务 signInit 已完成
任务 firstFeedInit 已完成
任务 browseSingleShopInit 已完成
任务 browseSingleShopInit1 已完成
任务 browseSingleShopInit2 已完成
任务 browseSingleShopInit3 已完成
准备三餐签到
三餐签到结果: {"code":"0","resultCode":"0","message":"success","result":{"couponImage":"","foodAmount":12,"threeMealReward":6}}
【定时领狗粮】获得6g

投食任务开始...
还需要投食5次
本次投食结果: {"code":"0","resultCode":"0","message":"success","result":{"petSportStatus":2,"feedAmount":10,"petPlaceInfoList":[{"place":1,"updateSign":true,"energy":8},{"place":2,"energy":0},{"place":3,"energy":0},{"place":4,"energy":0},{"place":5,"energy":0}],"updatePlace":1,"foodAmount":2,"firstFeedReward":0,"feedReachReward":0,"showNeedCollectPop":false,"energyReward":8,"firstFeedFinishedPop":false,"feedReachFinishedPop":false,"showForceCollectPop":false}}
还需要投食4次
本次投食结果: {"code":"0","resultCode":"3003","message":"狗粮剩余不足~"}
剩余狗粮不足, 投食结束
投食任务结束...

目前剩余狗粮：【2】g,不再继续投食,保留部分狗粮用于完成第二天任务
开始收取任务奖励好感度

【京东账号1】迷糊虫啊
【额外奖励】领取失败，原因：给您助力的人未达5个
【第4块勋章完成进度】8.8%，还需收集3420好感
【已获得勋章】3块，还需收集1块即可兑换奖品“10粒装 四川黄心猕猴桃”


全部任务完成, 如果帮助到您可以点下🌟STAR鼓励我一下, 明天见~

开始【京东账号2】孤傲的小小瞒

由于您第2个京东账号未提供shareCode,将采纳本脚本自带的助力码

第2个京东账号将要助力的好友["MTAxODc2NTEzMjAwMDAwMDAzMDI3MTMyOQ==","MTAxODcxOTI2NTAwMDAwMDAyNjA4ODQyMQ==","MTAxODc2NTEzOTAwMDAwMDAyNzE2MDY2NQ==","MTE1NDUyMjEwMDAwMDAwNDI0MDM2MDc=","MTAxODc2NTEzMjAwMDAwMDAwNDA5MzAzMw=="]

【京东账号2（孤傲的小小瞒）的东东萌宠好友互助码】MTAxODc2NTEzMjAwMDAwMDAyODMwNDAyMQ==

开始任务初始化
开始遛弯
第1次遛狗完成: {"code":"0","resultCode":"3001","message":"达到宠物运动次数上限"}
开始助力京东账号2 - 孤傲的小小瞒的好友: MTAxODc2NTEzMjAwMDAwMDAzMDI3MTMyOQ==
该好友ㅤㅤ已满5人助力，无需您再次助力
开始助力京东账号2 - 孤傲的小小瞒的好友: MTAxODcxOTI2NTAwMDAwMDAyNjA4ODQyMQ==
"Timeout awaiting 'request' for 10000ms"
东东萌宠 API请求失败，请检查网路重试
该好友大腹便便已满5人助力，无需您再次助力
开始助力京东账号2 - 孤傲的小小瞒的好友: MTAxODc2NTEzOTAwMDAwMDAyNzE2MDY2NQ==
该好友W已满5人助力，无需您再次助力
开始助力京东账号2 - 孤傲的小小瞒的好友: MTE1NDUyMjEwMDAwMDAwNDI0MDM2MDc=
该好友柒仟万已满5人助力，无需您再次助力
开始助力京东账号2 - 孤傲的小小瞒的好友: MTAxODc2NTEzMjAwMDAwMDAwNDA5MzAzMw==
该好友Sliver Bullet已满5人助力，无需您再次助力
助力好友未达到5个
任务 signInit 已完成
任务 firstFeedInit 已完成
任务 browseSingleShopInit 已完成
任务 browseSingleShopInit1 已完成
任务 browseSingleShopInit2 已完成
任务 browseSingleShopInit3 已完成
准备三餐签到
三餐签到结果: {"code":"0","resultCode":"0","message":"success","result":{"couponImage":"","foodAmount":10,"threeMealReward":7}}
【定时领狗粮】获得7g

投食任务开始...
还需要投食1次
本次投食结果: {"code":"0","resultCode":"0","message":"success","result":{"petSportStatus":3,"feedAmount":10,"petPlaceInfoList":[{"place":1,"updateSign":true,"energy":5},{"place":2,"energy":0},{"place":3,"energy":0},{"place":4,"energy":0},{"place":5,"energy":0}],"updatePlace":1,"foodAmount":8,"firstFeedReward":0,"feedReachReward":8,"showNeedCollectPop":false,"energyReward":5,"firstFeedFinishedPop":false,"feedReachFinishedPop":true,"showForceCollectPop":false}}
投食任务结束...

目前剩余狗粮：【8】g,不再继续投食,保留部分狗粮用于完成第二天任务
开始收取任务奖励好感度

【京东账号2】孤傲的小小瞒
【额外奖励】领取失败，原因：给您助力的人未达5个
【第4块勋章完成进度】18.3%，还需收集3062好感
【已获得勋章】3块，还需收集1块即可兑换奖品“10粒装 四川黄心猕猴桃”


全部任务完成, 如果帮助到您可以点下🌟STAR鼓励我一下, 明天见~

🔔东东萌宠, 结束! 🕛 159.295 秒

