
🔔东东萌宠, 开始!
开始获取东东萌宠配置文件

您的cookie选择的是用&隔开


====================共有2个京东账号Cookie=========

==================脚本执行- 北京时间(UTC+8)：2/3/2021, 12:14:34 PM=====================

您的东东萌宠互助码选择的是用&隔开

共2个京东账号

您提供了0个账号的东东萌宠助力码


开始【京东账号1】迷糊虫啊

由于您第1个京东账号未提供shareCode,将采纳本脚本自带的助力码

第1个京东账号将要助力的好友["MTAxODc2NTEzNTAwMDAwMDAwMjg3MDg2MA==","MTAxODc2NTEzMzAwMDAwMDAyNzUwMDA4MQ==","MTAxODc2NTEzMjAwMDAwMDAzMDI3MTMyOQ==","MTAxODc2NTEzNDAwMDAwMDAzMDI2MDI4MQ==","MTAxODcxOTI2NTAwMDAwMDAxOTQ3MjkzMw=="]

【京东账号1（迷糊虫啊）的东东萌宠好友互助码】MTE1NDUwMTI0MDAwMDAwMDQwMTQwMjEz

开始任务初始化
随机取个20码放到您固定的互助码后面(不影响已有固定互助)
开始遛弯
第1次遛狗完成: {"code":"0","resultCode":"1013","message":"有未领取奖励"}
开始助力京东账号1 - 迷糊虫啊的好友: MTAxODc2NTEzNTAwMDAwMDAwMjg3MDg2MA==
该好友未来可期。已满5人助力，无需您再次助力
开始助力京东账号1 - 迷糊虫啊的好友: MTAxODc2NTEzMzAwMDAwMDAyNzUwMDA4MQ==
该好友如期而至。已满5人助力，无需您再次助力
开始助力京东账号1 - 迷糊虫啊的好友: MTAxODc2NTEzMjAwMDAwMDAzMDI3MTMyOQ==
该好友ㅤㅤ已满5人助力，无需您再次助力
开始助力京东账号1 - 迷糊虫啊的好友: MTAxODc2NTEzNDAwMDAwMDAzMDI2MDI4MQ==
该好友可爱的🐢 🐢已满5人助力，无需您再次助力
开始助力京东账号1 - 迷糊虫啊的好友: MTAxODcxOTI2NTAwMDAwMDAxOTQ3MjkzMw==
该好友borrring已满5人助力，无需您再次助力
助力好友未达到5个
任务 signInit 已完成
任务 firstFeedInit 已完成
任务 browseSingleShopInit 已完成
任务 browseSingleShopInit1 已完成
任务 browseSingleShopInit2 已完成
任务 browseSingleShopInit3 已完成
任务 browseSingleShopInit4 已完成
准备三餐签到
三餐签到结果: {"code":"0","resultCode":"0","message":"success","result":{"couponImage":"","foodAmount":9,"threeMealReward":4}}
【定时领狗粮】获得4g

投食任务开始...
还需要投食2次
本次投食结果: {"code":"0","resultCode":"3003","message":"狗粮剩余不足~"}
剩余狗粮不足, 投食结束
投食任务结束...

目前剩余狗粮：【9】g,不再继续投食,保留部分狗粮用于完成第二天任务
开始收取任务奖励好感度

==============📣系统通知📣==============
东东萌宠
10粒装 四川黄心猕猴桃
【京东账号1】迷糊虫啊
【额外奖励】领取失败，原因：给您助力的人未达5个
【第4块勋章完成进度】5.3%，还需收集3551好感
【已获得勋章】3块，还需收集1块即可兑换奖品“10粒装 四川黄心猕猴桃”

您未提供server酱的SCKEY，取消微信推送消息通知

您未提供push+推送所需的PUSH_PLUS_TOKEN，取消push+推送消息通知

您未提供Bark的APP推送BARK_PUSH，取消Bark推送消息通知

您未提供telegram机器人推送所需的TG_BOT_TOKEN和TG_USER_ID，取消telegram推送消息通知

您未提供钉钉机器人推送所需的DD_BOT_TOKEN或者DD_BOT_SECRET，取消钉钉推送消息通知

您未提供企业微信机器人推送所需的QYWX_KEY，取消企业微信推送消息通知

您未提供企业微信应用消息推送所需的QYWX_AM，取消企业微信应用消息推送消息通知

您未提供iGot的推送IGOT_PUSH_KEY，取消iGot推送消息通知

您未提供酷推的SKEY，取消QQ推送消息通知

全部任务完成, 如果帮助到您可以点下🌟STAR鼓励我一下, 明天见~

开始【京东账号2】孤傲的小小瞒

由于您第2个京东账号未提供shareCode,将采纳本脚本自带的助力码

第2个京东账号将要助力的好友["MTAxODc2NTEzMjAwMDAwMDAzMDI3MTMyOQ==","MTAxODcxOTI2NTAwMDAwMDAyNjA4ODQyMQ==","MTAxODc2NTEzOTAwMDAwMDAyNzE2MDY2NQ==","MTE1NDUyMjEwMDAwMDAwNDI0MDM2MDc=","MTAxODc2NTEzMjAwMDAwMDAwNDA5MzAzMw=="]
随机取个20码放到您固定的互助码后面(不影响已有固定互助)

【京东账号2（孤傲的小小瞒）的东东萌宠好友互助码】MTAxODc2NTEzMjAwMDAwMDAyODMwNDAyMQ==

开始任务初始化
开始遛弯
第1次遛狗完成: {"code":"0","resultCode":"3001","message":"达到宠物运动次数上限"}
开始助力京东账号2 - 孤傲的小小瞒的好友: MTAxODc2NTEzMjAwMDAwMDAzMDI3MTMyOQ==
该好友ㅤㅤ已满5人助力，无需您再次助力
开始助力京东账号2 - 孤傲的小小瞒的好友: MTAxODcxOTI2NTAwMDAwMDAyNjA4ODQyMQ==
该好友大腹便便已满5人助力，无需您再次助力
开始助力京东账号2 - 孤傲的小小瞒的好友: MTAxODc2NTEzOTAwMDAwMDAyNzE2MDY2NQ==
该好友W已满5人助力，无需您再次助力
开始助力京东账号2 - 孤傲的小小瞒的好友: MTE1NDUyMjEwMDAwMDAwNDI0MDM2MDc=
该好友柒仟万已满5人助力，无需您再次助力
开始助力京东账号2 - 孤傲的小小瞒的好友: MTAxODc2NTEzMjAwMDAwMDAwNDA5MzAzMw==
该好友Sliver Bullet已满5人助力，无需您再次助力
助力好友未达到5个
任务 signInit 已完成
任务 firstFeedInit 已完成
任务 browseSingleShopInit 已完成
任务 browseSingleShopInit1 已完成
任务 browseSingleShopInit2 已完成
任务 browseSingleShopInit3 已完成
任务 browseSingleShopInit4 已完成
准备三餐签到
三餐签到结果: {"code":"0","resultCode":"0","message":"success","result":{"couponImage":"","foodAmount":11,"threeMealReward":4}}
【定时领狗粮】获得4g

投食任务开始...
还需要投食2次
本次投食结果: {"code":"0","resultCode":"0","message":"success","result":{"petSportStatus":3,"feedAmount":10,"petPlaceInfoList":[{"place":1,"updateSign":true,"energy":5},{"place":2,"energy":0},{"place":3,"energy":0},{"place":4,"energy":0},{"place":5,"energy":0}],"updatePlace":1,"foodAmount":1,"firstFeedReward":0,"feedReachReward":0,"showNeedCollectPop":false,"energyReward":5,"firstFeedFinishedPop":false,"feedReachFinishedPop":false,"showForceCollectPop":false}}
还需要投食1次
本次投食结果: {"code":"0","resultCode":"3003","message":"狗粮剩余不足~"}
剩余狗粮不足, 投食结束
投食任务结束...

目前剩余狗粮：【1】g,不再继续投食,保留部分狗粮用于完成第二天任务
开始收取任务奖励好感度

==============📣系统通知📣==============
东东萌宠
10粒装 四川黄心猕猴桃
【京东账号2】孤傲的小小瞒
【额外奖励】领取失败，原因：给您助力的人未达5个
【第4块勋章完成进度】13.8%，还需收集3229好感
【已获得勋章】3块，还需收集1块即可兑换奖品“10粒装 四川黄心猕猴桃”

您未提供server酱的SCKEY，取消微信推送消息通知

您未提供push+推送所需的PUSH_PLUS_TOKEN，取消push+推送消息通知

您未提供Bark的APP推送BARK_PUSH，取消Bark推送消息通知

您未提供telegram机器人推送所需的TG_BOT_TOKEN和TG_USER_ID，取消telegram推送消息通知

您未提供钉钉机器人推送所需的DD_BOT_TOKEN或者DD_BOT_SECRET，取消钉钉推送消息通知

您未提供企业微信机器人推送所需的QYWX_KEY，取消企业微信推送消息通知

您未提供企业微信应用消息推送所需的QYWX_AM，取消企业微信应用消息推送消息通知

您未提供iGot的推送IGOT_PUSH_KEY，取消iGot推送消息通知

您未提供酷推的SKEY，取消QQ推送消息通知

全部任务完成, 如果帮助到您可以点下🌟STAR鼓励我一下, 明天见~

🔔东东萌宠, 结束! 🕛 105.637 秒

