
🔔东东萌宠, 开始!
开始获取东东萌宠配置文件

您的cookie选择的是用&隔开


====================共有2个京东账号Cookie=========

==================脚本执行- 北京时间(UTC+8)：2/3/2021, 6:14:25 PM=====================

您的东东萌宠互助码选择的是用&隔开

共2个京东账号

您提供了0个账号的东东萌宠助力码


开始【京东账号1】迷糊虫啊

由于您第1个京东账号未提供shareCode,将采纳本脚本自带的助力码

随机取个20码放到您固定的互助码后面(不影响已有固定互助)
第1个京东账号将要助力的好友["MTAxODc2NTEzNTAwMDAwMDAwMjg3MDg2MA==","MTAxODc2NTEzMzAwMDAwMDAyNzUwMDA4MQ==","MTAxODc2NTEzMjAwMDAwMDAzMDI3MTMyOQ==","MTAxODc2NTEzNDAwMDAwMDAzMDI2MDI4MQ==","MTAxODcxOTI2NTAwMDAwMDAxOTQ3MjkzMw==","MTE1NDQ5OTUwMDAwMDAwNDE2ODY5OTc=","MTE1NDQ5OTIwMDAwMDAwNDI5NTcxNjc=","MTAxODEyMjkyMDAwMDAwMDQwMjUwNzA3","MTE1NDUyMjEwMDAwMDAwNDMzNjMxMzE=","MTAxODc2NTEzMzAwMDAwMDAzMjcyNTMwMQ==","MTAxODEyMjkxMDAwMDAwMDQwMzQzMzk1","MTEzMzI0OTE0NTAwMDAwMDA0MjM0NDUwMw==","MTE1NDUwMTI0MDAwMDAwMDQzMzE0MjM3","MTAxODExNDYxMTAwMDAwMDAwNDA5NjQxODk=","MTAxODc2NTEzNDAwMDAwMDAxNzE0NDI2MQ==","MTAxODc2NTEzNDAwMDAwMDAyMjY4ODExNw==","MTAxODc2NTE0NzAwMDAwMDAzMTE0MDAyOQ==","MTAxODc2NTEzMTAwMDAwMDAxNDg4NTUwMw==","MTAxODc2NTEzMzAwMDAwMDAwNjY1NTcwMw==","MTE1NDAxNzcwMDAwMDAwMzgyMzg5ODE=","MTAxODc2NTEzMzAwMDAwMDAxODQyOTc4Nw==","MTE1NDQ5MzYwMDAwMDAwMzcwNjg2NDc=","MTE1NDAxNzcwMDAwMDAwMzkxMTM2Mjc=","MTAxODc2NTEzOTAwMDAwMDAyMDM1NjM2OQ==","MTE1NDAxNzgwMDAwMDAwNDE0NjY3NTU="]

【京东账号1（迷糊虫啊）的东东萌宠好友互助码】MTE1NDUwMTI0MDAwMDAwMDQwMTQwMjEz

开始任务初始化
开始遛弯
第1次遛狗完成: {"code":"0","resultCode":"1013","message":"有未领取奖励"}
开始助力京东账号1 - 迷糊虫啊的好友: MTAxODc2NTEzNTAwMDAwMDAwMjg3MDg2MA==
该好友未来可期。已满5人助力，无需您再次助力
开始助力京东账号1 - 迷糊虫啊的好友: MTAxODc2NTEzMzAwMDAwMDAyNzUwMDA4MQ==
该好友如期而至。已满5人助力，无需您再次助力
开始助力京东账号1 - 迷糊虫啊的好友: MTAxODc2NTEzMjAwMDAwMDAzMDI3MTMyOQ==
该好友ㅤㅤ已满5人助力，无需您再次助力
开始助力京东账号1 - 迷糊虫啊的好友: MTAxODc2NTEzNDAwMDAwMDAzMDI2MDI4MQ==
该好友可爱的🐢 🐢已满5人助力，无需您再次助力
开始助力京东账号1 - 迷糊虫啊的好友: MTAxODcxOTI2NTAwMDAwMDAxOTQ3MjkzMw==
该好友borrring已满5人助力，无需您再次助力
开始助力京东账号1 - 迷糊虫啊的好友: MTE1NDQ5OTUwMDAwMDAwNDE2ODY5OTc=
该好友jd_156038nrq已满5人助力，无需您再次助力
开始助力京东账号1 - 迷糊虫啊的好友: MTE1NDQ5OTIwMDAwMDAwNDI5NTcxNjc=
该好友jd_WoEdTGaEgaFt已满5人助力，无需您再次助力
开始助力京东账号1 - 迷糊虫啊的好友: MTAxODEyMjkyMDAwMDAwMDQwMjUwNzA3
该好友adon已满5人助力，无需您再次助力
开始助力京东账号1 - 迷糊虫啊的好友: MTE1NDUyMjEwMDAwMDAwNDMzNjMxMzE=
该好友开门红w已满5人助力，无需您再次助力
开始助力京东账号1 - 迷糊虫啊的好友: MTAxODc2NTEzMzAwMDAwMDAzMjcyNTMwMQ==
该好友JunAnh已满5人助力，无需您再次助力
开始助力京东账号1 - 迷糊虫啊的好友: MTAxODEyMjkxMDAwMDAwMDQwMzQzMzk1
该好友聚散流沙__已满5人助力，无需您再次助力
开始助力京东账号1 - 迷糊虫啊的好友: MTEzMzI0OTE0NTAwMDAwMDA0MjM0NDUwMw==
该好友A0金乡文具(胸卡套挂绳)已满5人助力，无需您再次助力
开始助力京东账号1 - 迷糊虫啊的好友: MTE1NDUwMTI0MDAwMDAwMDQzMzE0MjM3
该好友AK快递员已满5人助力，无需您再次助力
开始助力京东账号1 - 迷糊虫啊的好友: MTAxODExNDYxMTAwMDAwMDAwNDA5NjQxODk=
该好友疯人君V已满5人助力，无需您再次助力
开始助力京东账号1 - 迷糊虫啊的好友: MTAxODc2NTEzNDAwMDAwMDAxNzE0NDI2MQ==
该好友🍞已满5人助力，无需您再次助力
开始助力京东账号1 - 迷糊虫啊的好友: MTAxODc2NTEzNDAwMDAwMDAyMjY4ODExNw==
该好友反作用力已满5人助力，无需您再次助力
开始助力京东账号1 - 迷糊虫啊的好友: MTAxODc2NTE0NzAwMDAwMDAzMTE0MDAyOQ==
该好友瓶子已满5人助力，无需您再次助力
开始助力京东账号1 - 迷糊虫啊的好友: MTAxODc2NTEzMTAwMDAwMDAxNDg4NTUwMw==
该好友葡萄已满5人助力，无需您再次助力
开始助力京东账号1 - 迷糊虫啊的好友: MTAxODc2NTEzMzAwMDAwMDAwNjY1NTcwMw==
该好友龍少已满5人助力，无需您再次助力
开始助力京东账号1 - 迷糊虫啊的好友: MTE1NDAxNzcwMDAwMDAwMzgyMzg5ODE=
该好友养鸭小王子已满5人助力，无需您再次助力
开始助力京东账号1 - 迷糊虫啊的好友: MTAxODc2NTEzMzAwMDAwMDAxODQyOTc4Nw==
该好友雨下天明已满5人助力，无需您再次助力
开始助力京东账号1 - 迷糊虫啊的好友: MTE1NDQ5MzYwMDAwMDAwMzcwNjg2NDc=
该好友stonfr已满5人助力，无需您再次助力
开始助力京东账号1 - 迷糊虫啊的好友: MTE1NDAxNzcwMDAwMDAwMzkxMTM2Mjc=
该好友长安归故里已满5人助力，无需您再次助力
开始助力京东账号1 - 迷糊虫啊的好友: MTAxODc2NTEzOTAwMDAwMDAyMDM1NjM2OQ==
该好友cocktail已满5人助力，无需您再次助力
开始助力京东账号1 - 迷糊虫啊的好友: MTE1NDAxNzgwMDAwMDAwNDE0NjY3NTU=
该好友小软本软已满5人助力，无需您再次助力
助力好友未达到5个
任务 signInit 已完成
任务 firstFeedInit 已完成
任务 browseSingleShopInit 已完成
任务 browseSingleShopInit1 已完成
任务 browseSingleShopInit2 已完成
任务 browseSingleShopInit3 已完成
任务 browseSingleShopInit4 已完成
准备三餐签到
三餐签到结果: {"code":"0","resultCode":"0","message":"success","result":{"couponImage":"","foodAmount":17,"threeMealReward":8}}
【定时领狗粮】获得8g

投食任务开始...
还需要投食2次
本次投食结果: {"code":"0","resultCode":"0","message":"success","result":{"petSportStatus":2,"feedAmount":10,"petPlaceInfoList":[{"place":1,"updateSign":true,"energy":6},{"place":2,"energy":0},{"place":3,"energy":0},{"place":4,"energy":0},{"place":5,"energy":0}],"updatePlace":1,"foodAmount":7,"firstFeedReward":0,"feedReachReward":0,"showNeedCollectPop":false,"energyReward":6,"firstFeedFinishedPop":false,"feedReachFinishedPop":false,"showForceCollectPop":false}}
还需要投食1次
本次投食结果: {"code":"0","resultCode":"3003","message":"狗粮剩余不足~"}
剩余狗粮不足, 投食结束
投食任务结束...

目前剩余狗粮：【7】g,不再继续投食,保留部分狗粮用于完成第二天任务
开始收取任务奖励好感度

【京东账号1】迷糊虫啊
【额外奖励】领取失败，原因：给您助力的人未达5个
【第4块勋章完成进度】5.4%，还需收集3545好感
【已获得勋章】3块，还需收集1块即可兑换奖品“10粒装 四川黄心猕猴桃”


全部任务完成, 如果帮助到您可以点下🌟STAR鼓励我一下, 明天见~

开始【京东账号2】孤傲的小小瞒

由于您第2个京东账号未提供shareCode,将采纳本脚本自带的助力码

第2个京东账号将要助力的好友["MTAxODc2NTEzMjAwMDAwMDAzMDI3MTMyOQ==","MTAxODcxOTI2NTAwMDAwMDAyNjA4ODQyMQ==","MTAxODc2NTEzOTAwMDAwMDAyNzE2MDY2NQ==","MTE1NDUyMjEwMDAwMDAwNDI0MDM2MDc=","MTAxODc2NTEzMjAwMDAwMDAwNDA5MzAzMw=="]
随机取个20码放到您固定的互助码后面(不影响已有固定互助)

【京东账号2（孤傲的小小瞒）的东东萌宠好友互助码】MTAxODc2NTEzMjAwMDAwMDAyODMwNDAyMQ==

开始任务初始化
开始遛弯
第1次遛狗完成: {"code":"0","resultCode":"3001","message":"达到宠物运动次数上限"}
开始助力京东账号2 - 孤傲的小小瞒的好友: MTAxODc2NTEzMjAwMDAwMDAzMDI3MTMyOQ==
该好友ㅤㅤ已满5人助力，无需您再次助力
开始助力京东账号2 - 孤傲的小小瞒的好友: MTAxODcxOTI2NTAwMDAwMDAyNjA4ODQyMQ==
该好友大腹便便已满5人助力，无需您再次助力
开始助力京东账号2 - 孤傲的小小瞒的好友: MTAxODc2NTEzOTAwMDAwMDAyNzE2MDY2NQ==
该好友W已满5人助力，无需您再次助力
开始助力京东账号2 - 孤傲的小小瞒的好友: MTE1NDUyMjEwMDAwMDAwNDI0MDM2MDc=
该好友柒仟万已满5人助力，无需您再次助力
开始助力京东账号2 - 孤傲的小小瞒的好友: MTAxODc2NTEzMjAwMDAwMDAwNDA5MzAzMw==
该好友Sliver Bullet已满5人助力，无需您再次助力
助力好友未达到5个
任务 signInit 已完成
任务 firstFeedInit 已完成
任务 browseSingleShopInit 已完成
任务 browseSingleShopInit1 已完成
任务 browseSingleShopInit2 已完成
任务 browseSingleShopInit3 已完成
任务 browseSingleShopInit4 已完成
准备三餐签到
三餐签到结果: {"code":"0","resultCode":"0","message":"success","result":{"couponImage":"","foodAmount":6,"threeMealReward":5}}
【定时领狗粮】获得5g

投食任务开始...
还需要投食1次
本次投食结果: {"code":"0","resultCode":"3003","message":"狗粮剩余不足~"}
剩余狗粮不足, 投食结束
投食任务结束...

目前剩余狗粮：【6】g,不再继续投食,保留部分狗粮用于完成第二天任务
开始收取任务奖励好感度

【京东账号2】孤傲的小小瞒
【额外奖励】领取失败，原因：给您助力的人未达5个
【第4块勋章完成进度】13.8%，还需收集3229好感
【已获得勋章】3块，还需收集1块即可兑换奖品“10粒装 四川黄心猕猴桃”


全部任务完成, 如果帮助到您可以点下🌟STAR鼓励我一下, 明天见~

🔔东东萌宠, 结束! 🕛 159.31 秒

