
🔔京东秒秒币, 开始!
您的cookie选择的是用&隔开


====================共有2个京东账号Cookie=========

==================脚本执行- 北京时间(UTC+8)：2/9/2021, 7:10:19 AM=====================


******开始【京东账号1】迷糊虫啊*********

活动名称：秒杀红包二期正式
当前秒秒币2900
去做浏览秒杀优选店铺任务：1/2
任务领取成功
任务完成
去做浏览秒杀优选店铺任务：2/2
任务领取成功
任务完成
去做浏览秒杀超值好物任务：1/2
任务完成
你已经做过这个任务了
去做浏览秒杀超值好物任务：2/2
任务完成
任务已完成
去做关注秒杀优选店铺任务：1/3
任务完成
去做关注秒杀优选店铺任务：2/3
任务完成
去做关注秒杀优选店铺任务：3/3
任务完成
去做浏览今日必拼活动任务：1/1
任务领取成功
任务完成
去做浏览京品好物会场任务：1/1
任务领取成功
任务完成
去做分享秒杀领红包活动任务：1/6
success
去做分享秒杀领红包活动任务：2/6
success
去做分享秒杀领红包活动任务：3/6
success
去做分享秒杀领红包活动任务：4/6
success
去做分享秒杀领红包活动任务：5/6
success
去做分享秒杀领红包活动任务：6/6
success

==============📣系统通知📣==============
京东秒秒币
京东账号1迷糊虫啊
本次运行获得秒秒币160枚，共3060枚

******开始【京东账号2】孤傲的小小瞒*********

活动名称：秒杀红包二期正式
当前秒秒币2900
去做浏览秒杀优选店铺任务：1/2
任务领取成功
任务完成
去做浏览秒杀优选店铺任务：2/2
任务领取成功
任务完成
去做浏览秒杀超值好物任务：1/2
任务完成
你已经做过这个任务了
去做浏览秒杀超值好物任务：2/2
任务完成
任务已完成
去做关注秒杀优选店铺任务：1/3
任务完成
去做关注秒杀优选店铺任务：2/3
任务完成
去做关注秒杀优选店铺任务：3/3
任务完成
去做浏览今日必拼活动任务：1/1
任务领取成功
任务完成
去做浏览京品好物会场任务：1/1
任务领取成功
任务完成
去做分享秒杀领红包活动任务：1/6
success
去做分享秒杀领红包活动任务：2/6
success
去做分享秒杀领红包活动任务：3/6
success
去做分享秒杀领红包活动任务：4/6
success
去做分享秒杀领红包活动任务：5/6
success
去做分享秒杀领红包活动任务：6/6
success

==============📣系统通知📣==============
京东秒秒币
京东账号2孤傲的小小瞒
本次运行获得秒秒币160枚，共3060枚

🔔京东秒秒币, 结束! 🕛 154 秒

